Configured CUDA from: /cvmfs/sft.cern.ch/lcg/releases/cuda/12.4-4899e/x86_64-el9-gcc11-opt
[PhysicalDevice(name='/physical_device:GPU:0', device_type='GPU')]
POWHEG hvq x0_nrm.shape:     (9543943, 3, 9)
POWHEG hvq x0_plt.shape:     (9543943, 3, 9)
POWHEG hvq x0_plt_nrm.shape: (9543943, 3, 9)
MiNNLO all particles x1_nrm.shape: (9543943, 3, 9)
MiNNLO all particles x1_plt.shape: (9543943, 3, 9)
Epoch 1/250

Epoch 1: val_loss improved from inf to 0.21761, saving model to ./saved_models/20240903_DCTR_training_mse_2.tf
110/110 - 12s - loss: 0.2254 - acc: 0.5195 - val_loss: 0.2176 - val_acc: 0.5242 - lr: 0.0010 - 12s/epoch - 110ms/step
Epoch 2/250

Epoch 2: val_loss improved from 0.21761 to 0.21657, saving model to ./saved_models/20240903_DCTR_training_mse_2.tf
110/110 - 10s - loss: 0.2170 - acc: 0.5299 - val_loss: 0.2166 - val_acc: 0.5334 - lr: 0.0010 - 10s/epoch - 94ms/step
Epoch 3/250

Epoch 3: val_loss improved from 0.21657 to 0.21589, saving model to ./saved_models/20240903_DCTR_training_mse_2.tf
110/110 - 10s - loss: 0.2161 - acc: 0.5351 - val_loss: 0.2159 - val_acc: 0.5469 - lr: 0.0010 - 10s/epoch - 95ms/step
Epoch 4/250

Epoch 4: val_loss improved from 0.21589 to 0.21519, saving model to ./saved_models/20240903_DCTR_training_mse_2.tf
110/110 - 11s - loss: 0.2154 - acc: 0.5402 - val_loss: 0.2152 - val_acc: 0.5390 - lr: 0.0010 - 11s/epoch - 97ms/step
Epoch 5/250

Epoch 5: val_loss improved from 0.21519 to 0.21483, saving model to ./saved_models/20240903_DCTR_training_mse_2.tf
110/110 - 10s - loss: 0.2150 - acc: 0.5436 - val_loss: 0.2148 - val_acc: 0.5467 - lr: 0.0010 - 10s/epoch - 95ms/step
Epoch 6/250

Epoch 6: val_loss improved from 0.21483 to 0.21461, saving model to ./saved_models/20240903_DCTR_training_mse_2.tf
110/110 - 11s - loss: 0.2147 - acc: 0.5452 - val_loss: 0.2146 - val_acc: 0.5479 - lr: 0.0010 - 11s/epoch - 98ms/step
Epoch 7/250

Epoch 7: val_loss improved from 0.21461 to 0.21443, saving model to ./saved_models/20240903_DCTR_training_mse_2.tf
110/110 - 10s - loss: 0.2144 - acc: 0.5465 - val_loss: 0.2144 - val_acc: 0.5464 - lr: 0.0010 - 10s/epoch - 95ms/step
Epoch 8/250

Epoch 8: val_loss did not improve from 0.21443
110/110 - 9s - loss: 0.2143 - acc: 0.5470 - val_loss: 0.2144 - val_acc: 0.5396 - lr: 0.0010 - 9s/epoch - 82ms/step
Epoch 9/250

Epoch 9: val_loss improved from 0.21443 to 0.21424, saving model to ./saved_models/20240903_DCTR_training_mse_2.tf
110/110 - 11s - loss: 0.2142 - acc: 0.5471 - val_loss: 0.2142 - val_acc: 0.5424 - lr: 0.0010 - 11s/epoch - 98ms/step
Epoch 10/250

Epoch 10: val_loss improved from 0.21424 to 0.21408, saving model to ./saved_models/20240903_DCTR_training_mse_2.tf
110/110 - 11s - loss: 0.2140 - acc: 0.5476 - val_loss: 0.2141 - val_acc: 0.5436 - lr: 0.0010 - 11s/epoch - 96ms/step
Epoch 11/250

Epoch 11: val_loss improved from 0.21408 to 0.21401, saving model to ./saved_models/20240903_DCTR_training_mse_2.tf
110/110 - 11s - loss: 0.2139 - acc: 0.5479 - val_loss: 0.2140 - val_acc: 0.5434 - lr: 0.0010 - 11s/epoch - 96ms/step
Epoch 12/250

Epoch 12: val_loss improved from 0.21401 to 0.21393, saving model to ./saved_models/20240903_DCTR_training_mse_2.tf
110/110 - 11s - loss: 0.2139 - acc: 0.5481 - val_loss: 0.2139 - val_acc: 0.5485 - lr: 0.0010 - 11s/epoch - 98ms/step
Epoch 13/250

Epoch 13: val_loss improved from 0.21393 to 0.21391, saving model to ./saved_models/20240903_DCTR_training_mse_2.tf
110/110 - 11s - loss: 0.2138 - acc: 0.5481 - val_loss: 0.2139 - val_acc: 0.5512 - lr: 0.0010 - 11s/epoch - 96ms/step
Epoch 14/250

Epoch 14: val_loss did not improve from 0.21391
110/110 - 9s - loss: 0.2138 - acc: 0.5485 - val_loss: 0.2140 - val_acc: 0.5390 - lr: 0.0010 - 9s/epoch - 83ms/step
Epoch 15/250

Epoch 15: val_loss did not improve from 0.21391
110/110 - 9s - loss: 0.2137 - acc: 0.5484 - val_loss: 0.2139 - val_acc: 0.5532 - lr: 0.0010 - 9s/epoch - 82ms/step
Epoch 16/250

Epoch 16: val_loss improved from 0.21391 to 0.21385, saving model to ./saved_models/20240903_DCTR_training_mse_2.tf
110/110 - 11s - loss: 0.2137 - acc: 0.5490 - val_loss: 0.2139 - val_acc: 0.5436 - lr: 0.0010 - 11s/epoch - 98ms/step
Epoch 17/250

Epoch 17: val_loss improved from 0.21385 to 0.21380, saving model to ./saved_models/20240903_DCTR_training_mse_2.tf
110/110 - 11s - loss: 0.2137 - acc: 0.5489 - val_loss: 0.2138 - val_acc: 0.5465 - lr: 0.0010 - 11s/epoch - 96ms/step
Epoch 18/250

Epoch 18: val_loss did not improve from 0.21380
110/110 - 9s - loss: 0.2136 - acc: 0.5490 - val_loss: 0.2138 - val_acc: 0.5440 - lr: 0.0010 - 9s/epoch - 83ms/step
Epoch 19/250

Epoch 19: val_loss did not improve from 0.21380
110/110 - 9s - loss: 0.2136 - acc: 0.5492 - val_loss: 0.2138 - val_acc: 0.5409 - lr: 0.0010 - 9s/epoch - 83ms/step
Epoch 20/250

Epoch 20: val_loss improved from 0.21380 to 0.21372, saving model to ./saved_models/20240903_DCTR_training_mse_2.tf
110/110 - 11s - loss: 0.2136 - acc: 0.5492 - val_loss: 0.2137 - val_acc: 0.5492 - lr: 0.0010 - 11s/epoch - 98ms/step
Epoch 21/250

Epoch 21: val_loss improved from 0.21372 to 0.21371, saving model to ./saved_models/20240903_DCTR_training_mse_2.tf
110/110 - 11s - loss: 0.2136 - acc: 0.5490 - val_loss: 0.2137 - val_acc: 0.5512 - lr: 0.0010 - 11s/epoch - 96ms/step
Epoch 22/250

Epoch 22: val_loss did not improve from 0.21371
110/110 - 9s - loss: 0.2136 - acc: 0.5492 - val_loss: 0.2138 - val_acc: 0.5537 - lr: 0.0010 - 9s/epoch - 83ms/step
Epoch 23/250

Epoch 23: val_loss improved from 0.21371 to 0.21369, saving model to ./saved_models/20240903_DCTR_training_mse_2.tf
110/110 - 11s - loss: 0.2136 - acc: 0.5492 - val_loss: 0.2137 - val_acc: 0.5448 - lr: 0.0010 - 11s/epoch - 96ms/step
Epoch 24/250

Epoch 24: val_loss did not improve from 0.21369
110/110 - 9s - loss: 0.2135 - acc: 0.5493 - val_loss: 0.2137 - val_acc: 0.5508 - lr: 0.0010 - 9s/epoch - 83ms/step
Epoch 25/250

Epoch 25: val_loss did not improve from 0.21369
110/110 - 9s - loss: 0.2135 - acc: 0.5495 - val_loss: 0.2137 - val_acc: 0.5537 - lr: 0.0010 - 9s/epoch - 83ms/step
Epoch 26/250

Epoch 26: val_loss did not improve from 0.21369
110/110 - 9s - loss: 0.2135 - acc: 0.5496 - val_loss: 0.2139 - val_acc: 0.5537 - lr: 0.0010 - 9s/epoch - 83ms/step
Epoch 27/250

Epoch 27: val_loss improved from 0.21369 to 0.21366, saving model to ./saved_models/20240903_DCTR_training_mse_2.tf
110/110 - 11s - loss: 0.2135 - acc: 0.5497 - val_loss: 0.2137 - val_acc: 0.5479 - lr: 0.0010 - 11s/epoch - 98ms/step
Epoch 28/250

Epoch 28: val_loss improved from 0.21366 to 0.21365, saving model to ./saved_models/20240903_DCTR_training_mse_2.tf
110/110 - 11s - loss: 0.2135 - acc: 0.5497 - val_loss: 0.2136 - val_acc: 0.5448 - lr: 0.0010 - 11s/epoch - 96ms/step
Epoch 29/250

Epoch 29: val_loss did not improve from 0.21365
110/110 - 9s - loss: 0.2135 - acc: 0.5496 - val_loss: 0.2136 - val_acc: 0.5515 - lr: 0.0010 - 9s/epoch - 83ms/step
Epoch 30/250

Epoch 30: val_loss did not improve from 0.21365
110/110 - 9s - loss: 0.2135 - acc: 0.5498 - val_loss: 0.2137 - val_acc: 0.5509 - lr: 0.0010 - 9s/epoch - 83ms/step
Epoch 31/250

Epoch 31: val_loss did not improve from 0.21365
110/110 - 9s - loss: 0.2135 - acc: 0.5498 - val_loss: 0.2137 - val_acc: 0.5452 - lr: 0.0010 - 9s/epoch - 83ms/step
Epoch 32/250

Epoch 32: val_loss did not improve from 0.21365
110/110 - 9s - loss: 0.2135 - acc: 0.5498 - val_loss: 0.2137 - val_acc: 0.5547 - lr: 0.0010 - 9s/epoch - 83ms/step
Epoch 33/250

Epoch 33: val_loss improved from 0.21365 to 0.21363, saving model to ./saved_models/20240903_DCTR_training_mse_2.tf
110/110 - 11s - loss: 0.2135 - acc: 0.5498 - val_loss: 0.2136 - val_acc: 0.5506 - lr: 0.0010 - 11s/epoch - 99ms/step
Epoch 34/250

Epoch 34: val_loss improved from 0.21363 to 0.21362, saving model to ./saved_models/20240903_DCTR_training_mse_2.tf
110/110 - 11s - loss: 0.2134 - acc: 0.5499 - val_loss: 0.2136 - val_acc: 0.5500 - lr: 0.0010 - 11s/epoch - 97ms/step
Epoch 35/250

Epoch 35: val_loss did not improve from 0.21362

Epoch 35: ReduceLROnPlateau reducing learning rate to 0.0006000000284984708.
110/110 - 9s - loss: 0.2135 - acc: 0.5498 - val_loss: 0.2136 - val_acc: 0.5490 - lr: 0.0010 - 9s/epoch - 83ms/step
Epoch 36/250

Epoch 36: val_loss did not improve from 0.21362
110/110 - 9s - loss: 0.2134 - acc: 0.5503 - val_loss: 0.2137 - val_acc: 0.5522 - lr: 6.0000e-04 - 9s/epoch - 83ms/step
Epoch 37/250

Epoch 37: val_loss did not improve from 0.21362
110/110 - 9s - loss: 0.2134 - acc: 0.5503 - val_loss: 0.2139 - val_acc: 0.5510 - lr: 6.0000e-04 - 9s/epoch - 83ms/step
Epoch 38/250

Epoch 38: val_loss improved from 0.21362 to 0.21358, saving model to ./saved_models/20240903_DCTR_training_mse_2.tf
110/110 - 11s - loss: 0.2134 - acc: 0.5501 - val_loss: 0.2136 - val_acc: 0.5488 - lr: 6.0000e-04 - 11s/epoch - 99ms/step
Epoch 39/250

Epoch 39: val_loss improved from 0.21358 to 0.21357, saving model to ./saved_models/20240903_DCTR_training_mse_2.tf
110/110 - 11s - loss: 0.2134 - acc: 0.5503 - val_loss: 0.2136 - val_acc: 0.5497 - lr: 6.0000e-04 - 11s/epoch - 96ms/step
Epoch 40/250

Epoch 40: val_loss did not improve from 0.21357
110/110 - 9s - loss: 0.2134 - acc: 0.5502 - val_loss: 0.2136 - val_acc: 0.5522 - lr: 6.0000e-04 - 9s/epoch - 83ms/step
Epoch 41/250

Epoch 41: val_loss did not improve from 0.21357
110/110 - 9s - loss: 0.2134 - acc: 0.5502 - val_loss: 0.2136 - val_acc: 0.5502 - lr: 6.0000e-04 - 9s/epoch - 83ms/step
Epoch 42/250

Epoch 42: val_loss did not improve from 0.21357
110/110 - 9s - loss: 0.2133 - acc: 0.5504 - val_loss: 0.2136 - val_acc: 0.5460 - lr: 6.0000e-04 - 9s/epoch - 83ms/step
Epoch 43/250

Epoch 43: val_loss did not improve from 0.21357
110/110 - 9s - loss: 0.2134 - acc: 0.5502 - val_loss: 0.2136 - val_acc: 0.5496 - lr: 6.0000e-04 - 9s/epoch - 83ms/step
Epoch 44/250

Epoch 44: val_loss did not improve from 0.21357
110/110 - 9s - loss: 0.2133 - acc: 0.5504 - val_loss: 0.2136 - val_acc: 0.5485 - lr: 6.0000e-04 - 9s/epoch - 83ms/step
Epoch 45/250

Epoch 45: val_loss did not improve from 0.21357
110/110 - 9s - loss: 0.2133 - acc: 0.5502 - val_loss: 0.2136 - val_acc: 0.5466 - lr: 6.0000e-04 - 9s/epoch - 83ms/step
Epoch 46/250

Epoch 46: val_loss did not improve from 0.21357
110/110 - 9s - loss: 0.2133 - acc: 0.5504 - val_loss: 0.2136 - val_acc: 0.5476 - lr: 6.0000e-04 - 9s/epoch - 83ms/step
Epoch 47/250

Epoch 47: val_loss did not improve from 0.21357
110/110 - 9s - loss: 0.2133 - acc: 0.5503 - val_loss: 0.2136 - val_acc: 0.5525 - lr: 6.0000e-04 - 9s/epoch - 83ms/step
Epoch 48/250

Epoch 48: val_loss did not improve from 0.21357
110/110 - 9s - loss: 0.2133 - acc: 0.5503 - val_loss: 0.2136 - val_acc: 0.5482 - lr: 6.0000e-04 - 9s/epoch - 83ms/step
Epoch 49/250

Epoch 49: val_loss did not improve from 0.21357
110/110 - 9s - loss: 0.2133 - acc: 0.5502 - val_loss: 0.2136 - val_acc: 0.5453 - lr: 6.0000e-04 - 9s/epoch - 83ms/step
Epoch 50/250

Epoch 50: val_loss did not improve from 0.21357

Epoch 50: ReduceLROnPlateau reducing learning rate to 0.0003600000170990825.
110/110 - 9s - loss: 0.2133 - acc: 0.5502 - val_loss: 0.2136 - val_acc: 0.5457 - lr: 6.0000e-04 - 9s/epoch - 83ms/step
Epoch 51/250

Epoch 51: val_loss did not improve from 0.21357
110/110 - 9s - loss: 0.2133 - acc: 0.5506 - val_loss: 0.2136 - val_acc: 0.5493 - lr: 3.6000e-04 - 9s/epoch - 83ms/step
Epoch 52/250

Epoch 52: val_loss did not improve from 0.21357
110/110 - 9s - loss: 0.2133 - acc: 0.5507 - val_loss: 0.2136 - val_acc: 0.5497 - lr: 3.6000e-04 - 9s/epoch - 83ms/step
Epoch 53/250

Epoch 53: val_loss did not improve from 0.21357
110/110 - 9s - loss: 0.2133 - acc: 0.5506 - val_loss: 0.2136 - val_acc: 0.5488 - lr: 3.6000e-04 - 9s/epoch - 83ms/step
Epoch 54/250

Epoch 54: val_loss did not improve from 0.21357
110/110 - 9s - loss: 0.2133 - acc: 0.5505 - val_loss: 0.2137 - val_acc: 0.5450 - lr: 3.6000e-04 - 9s/epoch - 83ms/step
Epoch 55/250

Epoch 55: val_loss did not improve from 0.21357
110/110 - 9s - loss: 0.2133 - acc: 0.5506 - val_loss: 0.2136 - val_acc: 0.5486 - lr: 3.6000e-04 - 9s/epoch - 83ms/step
Epoch 56/250

Epoch 56: val_loss did not improve from 0.21357
110/110 - 9s - loss: 0.2133 - acc: 0.5507 - val_loss: 0.2136 - val_acc: 0.5473 - lr: 3.6000e-04 - 9s/epoch - 83ms/step
Epoch 57/250

Epoch 57: val_loss did not improve from 0.21357
110/110 - 9s - loss: 0.2132 - acc: 0.5506 - val_loss: 0.2136 - val_acc: 0.5475 - lr: 3.6000e-04 - 9s/epoch - 83ms/step
Epoch 58/250

Epoch 58: val_loss did not improve from 0.21357
110/110 - 9s - loss: 0.2132 - acc: 0.5508 - val_loss: 0.2136 - val_acc: 0.5503 - lr: 3.6000e-04 - 9s/epoch - 83ms/step
Epoch 59/250

Epoch 59: val_loss did not improve from 0.21357
110/110 - 9s - loss: 0.2132 - acc: 0.5508 - val_loss: 0.2136 - val_acc: 0.5502 - lr: 3.6000e-04 - 9s/epoch - 83ms/step
Epoch 60/250

Epoch 60: val_loss did not improve from 0.21357
110/110 - 9s - loss: 0.2132 - acc: 0.5506 - val_loss: 0.2136 - val_acc: 0.5470 - lr: 3.6000e-04 - 9s/epoch - 83ms/step
Epoch 61/250

Epoch 61: val_loss did not improve from 0.21357
110/110 - 9s - loss: 0.2132 - acc: 0.5508 - val_loss: 0.2136 - val_acc: 0.5477 - lr: 3.6000e-04 - 9s/epoch - 83ms/step
Epoch 62/250

Epoch 62: val_loss did not improve from 0.21357

Epoch 62: ReduceLROnPlateau reducing learning rate to 0.00021600000327453016.
110/110 - 9s - loss: 0.2132 - acc: 0.5506 - val_loss: 0.2136 - val_acc: 0.5506 - lr: 3.6000e-04 - 9s/epoch - 83ms/step
Epoch 63/250

Epoch 63: val_loss did not improve from 0.21357
110/110 - 9s - loss: 0.2132 - acc: 0.5510 - val_loss: 0.2136 - val_acc: 0.5511 - lr: 2.1600e-04 - 9s/epoch - 83ms/step
Epoch 64/250

Epoch 64: val_loss did not improve from 0.21357
110/110 - 9s - loss: 0.2132 - acc: 0.5510 - val_loss: 0.2136 - val_acc: 0.5537 - lr: 2.1600e-04 - 9s/epoch - 83ms/step
Epoch 65/250

Epoch 65: val_loss did not improve from 0.21357
110/110 - 9s - loss: 0.2132 - acc: 0.5510 - val_loss: 0.2136 - val_acc: 0.5506 - lr: 2.1600e-04 - 9s/epoch - 83ms/step
Epoch 66/250

Epoch 66: val_loss did not improve from 0.21357
110/110 - 9s - loss: 0.2132 - acc: 0.5509 - val_loss: 0.2136 - val_acc: 0.5499 - lr: 2.1600e-04 - 9s/epoch - 83ms/step
Epoch 67/250

Epoch 67: val_loss did not improve from 0.21357
110/110 - 9s - loss: 0.2132 - acc: 0.5510 - val_loss: 0.2136 - val_acc: 0.5480 - lr: 2.1600e-04 - 9s/epoch - 83ms/step
Epoch 68/250

Epoch 68: val_loss did not improve from 0.21357
110/110 - 9s - loss: 0.2132 - acc: 0.5510 - val_loss: 0.2136 - val_acc: 0.5496 - lr: 2.1600e-04 - 9s/epoch - 83ms/step
Epoch 69/250

Epoch 69: val_loss did not improve from 0.21357
Restoring model weights from the end of the best epoch: 39.
110/110 - 9s - loss: 0.2132 - acc: 0.5509 - val_loss: 0.2136 - val_acc: 0.5468 - lr: 2.1600e-04 - 9s/epoch - 83ms/step
Epoch 69: early stopping
clearing keras session and collecting garbage
Epoch 1/250

Epoch 1: val_loss improved from inf to 0.60726, saving model to ./saved_models/20240903_DCTR_training_cce_2.tf
110/110 - 12s - loss: 0.6497 - acc: 0.5149 - val_loss: 0.6073 - val_acc: 0.5170 - lr: 0.0010 - 12s/epoch - 107ms/step
Epoch 2/250

Epoch 2: val_loss improved from 0.60726 to 0.60403, saving model to ./saved_models/20240903_DCTR_training_cce_2.tf
110/110 - 11s - loss: 0.6055 - acc: 0.5212 - val_loss: 0.6040 - val_acc: 0.5232 - lr: 0.0010 - 11s/epoch - 98ms/step
Epoch 3/250

Epoch 3: val_loss improved from 0.60403 to 0.60163, saving model to ./saved_models/20240903_DCTR_training_cce_2.tf
110/110 - 11s - loss: 0.6026 - acc: 0.5267 - val_loss: 0.6016 - val_acc: 0.5227 - lr: 0.0010 - 11s/epoch - 96ms/step
Epoch 4/250

Epoch 4: val_loss improved from 0.60163 to 0.59986, saving model to ./saved_models/20240903_DCTR_training_cce_2.tf
110/110 - 11s - loss: 0.6005 - acc: 0.5321 - val_loss: 0.5999 - val_acc: 0.5361 - lr: 0.0010 - 11s/epoch - 96ms/step
Epoch 5/250

Epoch 5: val_loss improved from 0.59986 to 0.59873, saving model to ./saved_models/20240903_DCTR_training_cce_2.tf
110/110 - 11s - loss: 0.5991 - acc: 0.5373 - val_loss: 0.5987 - val_acc: 0.5409 - lr: 0.0010 - 11s/epoch - 100ms/step
Epoch 6/250

Epoch 6: val_loss improved from 0.59873 to 0.59810, saving model to ./saved_models/20240903_DCTR_training_cce_2.tf
110/110 - 11s - loss: 0.5982 - acc: 0.5409 - val_loss: 0.5981 - val_acc: 0.5378 - lr: 0.0010 - 11s/epoch - 97ms/step
Epoch 7/250

Epoch 7: val_loss improved from 0.59810 to 0.59754, saving model to ./saved_models/20240903_DCTR_training_cce_2.tf
110/110 - 11s - loss: 0.5976 - acc: 0.5431 - val_loss: 0.5975 - val_acc: 0.5445 - lr: 0.0010 - 11s/epoch - 98ms/step
Epoch 8/250

Epoch 8: val_loss improved from 0.59754 to 0.59711, saving model to ./saved_models/20240903_DCTR_training_cce_2.tf
110/110 - 11s - loss: 0.5971 - acc: 0.5445 - val_loss: 0.5971 - val_acc: 0.5466 - lr: 0.0010 - 11s/epoch - 97ms/step
Epoch 9/250

Epoch 9: val_loss improved from 0.59711 to 0.59684, saving model to ./saved_models/20240903_DCTR_training_cce_2.tf
110/110 - 11s - loss: 0.5967 - acc: 0.5454 - val_loss: 0.5968 - val_acc: 0.5495 - lr: 0.0010 - 11s/epoch - 98ms/step
Epoch 10/250

Epoch 10: val_loss improved from 0.59684 to 0.59641, saving model to ./saved_models/20240903_DCTR_training_cce_2.tf
110/110 - 11s - loss: 0.5964 - acc: 0.5464 - val_loss: 0.5964 - val_acc: 0.5446 - lr: 0.0010 - 11s/epoch - 96ms/step
Epoch 11/250

Epoch 11: val_loss improved from 0.59641 to 0.59619, saving model to ./saved_models/20240903_DCTR_training_cce_2.tf
110/110 - 11s - loss: 0.5961 - acc: 0.5465 - val_loss: 0.5962 - val_acc: 0.5470 - lr: 0.0010 - 11s/epoch - 97ms/step
Epoch 12/250

Epoch 12: val_loss improved from 0.59619 to 0.59602, saving model to ./saved_models/20240903_DCTR_training_cce_2.tf
110/110 - 11s - loss: 0.5959 - acc: 0.5472 - val_loss: 0.5960 - val_acc: 0.5462 - lr: 0.0010 - 11s/epoch - 99ms/step
Epoch 13/250

Epoch 13: val_loss improved from 0.59602 to 0.59572, saving model to ./saved_models/20240903_DCTR_training_cce_2.tf
110/110 - 11s - loss: 0.5956 - acc: 0.5473 - val_loss: 0.5957 - val_acc: 0.5432 - lr: 0.0010 - 11s/epoch - 97ms/step
Epoch 14/250

Epoch 14: val_loss improved from 0.59572 to 0.59551, saving model to ./saved_models/20240903_DCTR_training_cce_2.tf
110/110 - 11s - loss: 0.5954 - acc: 0.5477 - val_loss: 0.5955 - val_acc: 0.5485 - lr: 0.0010 - 11s/epoch - 98ms/step
Epoch 15/250

Epoch 15: val_loss improved from 0.59551 to 0.59545, saving model to ./saved_models/20240903_DCTR_training_cce_2.tf
110/110 - 11s - loss: 0.5952 - acc: 0.5479 - val_loss: 0.5955 - val_acc: 0.5531 - lr: 0.0010 - 11s/epoch - 96ms/step
Epoch 16/250

Epoch 16: val_loss improved from 0.59545 to 0.59524, saving model to ./saved_models/20240903_DCTR_training_cce_2.tf
110/110 - 11s - loss: 0.5951 - acc: 0.5480 - val_loss: 0.5952 - val_acc: 0.5430 - lr: 0.0010 - 11s/epoch - 96ms/step
Epoch 17/250

Epoch 17: val_loss did not improve from 0.59524
110/110 - 9s - loss: 0.5949 - acc: 0.5483 - val_loss: 0.5953 - val_acc: 0.5429 - lr: 0.0010 - 9s/epoch - 83ms/step
Epoch 18/250

Epoch 18: val_loss improved from 0.59524 to 0.59510, saving model to ./saved_models/20240903_DCTR_training_cce_2.tf
110/110 - 11s - loss: 0.5948 - acc: 0.5483 - val_loss: 0.5951 - val_acc: 0.5523 - lr: 0.0010 - 11s/epoch - 99ms/step
Epoch 19/250

Epoch 19: val_loss did not improve from 0.59510
110/110 - 9s - loss: 0.5947 - acc: 0.5484 - val_loss: 0.5952 - val_acc: 0.5573 - lr: 0.0010 - 9s/epoch - 83ms/step
Epoch 20/250

Epoch 20: val_loss improved from 0.59510 to 0.59503, saving model to ./saved_models/20240903_DCTR_training_cce_2.tf
110/110 - 11s - loss: 0.5946 - acc: 0.5486 - val_loss: 0.5950 - val_acc: 0.5495 - lr: 0.0010 - 11s/epoch - 96ms/step
Epoch 21/250

Epoch 21: val_loss improved from 0.59503 to 0.59475, saving model to ./saved_models/20240903_DCTR_training_cce_2.tf
110/110 - 11s - loss: 0.5946 - acc: 0.5485 - val_loss: 0.5947 - val_acc: 0.5509 - lr: 0.0010 - 11s/epoch - 98ms/step
Epoch 22/250

Epoch 22: val_loss improved from 0.59475 to 0.59468, saving model to ./saved_models/20240903_DCTR_training_cce_2.tf
110/110 - 11s - loss: 0.5945 - acc: 0.5487 - val_loss: 0.5947 - val_acc: 0.5508 - lr: 0.0010 - 11s/epoch - 96ms/step
Epoch 23/250

Epoch 23: val_loss did not improve from 0.59468
110/110 - 9s - loss: 0.5944 - acc: 0.5489 - val_loss: 0.5947 - val_acc: 0.5446 - lr: 0.0010 - 9s/epoch - 83ms/step
Epoch 24/250

Epoch 24: val_loss did not improve from 0.59468
110/110 - 9s - loss: 0.5944 - acc: 0.5489 - val_loss: 0.5949 - val_acc: 0.5529 - lr: 0.0010 - 9s/epoch - 83ms/step
Epoch 25/250

Epoch 25: val_loss did not improve from 0.59468
110/110 - 9s - loss: 0.5944 - acc: 0.5488 - val_loss: 0.5947 - val_acc: 0.5515 - lr: 0.0010 - 9s/epoch - 83ms/step
Epoch 26/250

Epoch 26: val_loss improved from 0.59468 to 0.59450, saving model to ./saved_models/20240903_DCTR_training_cce_2.tf
110/110 - 11s - loss: 0.5943 - acc: 0.5492 - val_loss: 0.5945 - val_acc: 0.5474 - lr: 0.0010 - 11s/epoch - 99ms/step
Epoch 27/250

Epoch 27: val_loss did not improve from 0.59450
110/110 - 9s - loss: 0.5942 - acc: 0.5490 - val_loss: 0.5947 - val_acc: 0.5505 - lr: 0.0010 - 9s/epoch - 83ms/step
Epoch 28/250

Epoch 28: val_loss improved from 0.59450 to 0.59447, saving model to ./saved_models/20240903_DCTR_training_cce_2.tf
110/110 - 11s - loss: 0.5942 - acc: 0.5492 - val_loss: 0.5945 - val_acc: 0.5505 - lr: 0.0010 - 11s/epoch - 96ms/step
Epoch 29/250

Epoch 29: val_loss did not improve from 0.59447
110/110 - 9s - loss: 0.5942 - acc: 0.5492 - val_loss: 0.5946 - val_acc: 0.5522 - lr: 0.0010 - 9s/epoch - 83ms/step
Epoch 30/250

Epoch 30: val_loss did not improve from 0.59447
110/110 - 9s - loss: 0.5941 - acc: 0.5492 - val_loss: 0.5948 - val_acc: 0.5445 - lr: 0.0010 - 9s/epoch - 83ms/step
Epoch 31/250

Epoch 31: val_loss improved from 0.59447 to 0.59434, saving model to ./saved_models/20240903_DCTR_training_cce_2.tf
110/110 - 11s - loss: 0.5941 - acc: 0.5493 - val_loss: 0.5943 - val_acc: 0.5472 - lr: 0.0010 - 11s/epoch - 96ms/step
Epoch 32/250

Epoch 32: val_loss did not improve from 0.59434
110/110 - 9s - loss: 0.5941 - acc: 0.5493 - val_loss: 0.5944 - val_acc: 0.5491 - lr: 0.0010 - 9s/epoch - 83ms/step
Epoch 33/250

Epoch 33: val_loss did not improve from 0.59434
110/110 - 9s - loss: 0.5940 - acc: 0.5494 - val_loss: 0.5949 - val_acc: 0.5525 - lr: 0.0010 - 9s/epoch - 83ms/step
Epoch 34/250

Epoch 34: val_loss did not improve from 0.59434
110/110 - 9s - loss: 0.5941 - acc: 0.5491 - val_loss: 0.5944 - val_acc: 0.5500 - lr: 0.0010 - 9s/epoch - 83ms/step
Epoch 35/250

Epoch 35: val_loss improved from 0.59434 to 0.59429, saving model to ./saved_models/20240903_DCTR_training_cce_2.tf
110/110 - 11s - loss: 0.5940 - acc: 0.5493 - val_loss: 0.5943 - val_acc: 0.5521 - lr: 0.0010 - 11s/epoch - 100ms/step
Epoch 36/250

Epoch 36: val_loss did not improve from 0.59429
110/110 - 9s - loss: 0.5940 - acc: 0.5496 - val_loss: 0.5943 - val_acc: 0.5468 - lr: 0.0010 - 9s/epoch - 83ms/step
Epoch 37/250

Epoch 37: val_loss improved from 0.59429 to 0.59429, saving model to ./saved_models/20240903_DCTR_training_cce_2.tf
110/110 - 11s - loss: 0.5939 - acc: 0.5495 - val_loss: 0.5943 - val_acc: 0.5445 - lr: 0.0010 - 11s/epoch - 96ms/step
Epoch 38/250

Epoch 38: val_loss did not improve from 0.59429
110/110 - 9s - loss: 0.5940 - acc: 0.5493 - val_loss: 0.5943 - val_acc: 0.5510 - lr: 0.0010 - 9s/epoch - 83ms/step
Epoch 39/250

Epoch 39: val_loss did not improve from 0.59429
110/110 - 9s - loss: 0.5940 - acc: 0.5494 - val_loss: 0.5944 - val_acc: 0.5455 - lr: 0.0010 - 9s/epoch - 83ms/step
Epoch 40/250

Epoch 40: val_loss did not improve from 0.59429
110/110 - 9s - loss: 0.5939 - acc: 0.5496 - val_loss: 0.5948 - val_acc: 0.5487 - lr: 0.0010 - 9s/epoch - 83ms/step
Epoch 41/250

Epoch 41: val_loss improved from 0.59429 to 0.59426, saving model to ./saved_models/20240903_DCTR_training_cce_2.tf
110/110 - 11s - loss: 0.5939 - acc: 0.5494 - val_loss: 0.5943 - val_acc: 0.5508 - lr: 0.0010 - 11s/epoch - 99ms/step
Epoch 42/250

Epoch 42: val_loss did not improve from 0.59426
110/110 - 9s - loss: 0.5939 - acc: 0.5497 - val_loss: 0.5944 - val_acc: 0.5463 - lr: 0.0010 - 9s/epoch - 83ms/step
Epoch 43/250

Epoch 43: val_loss improved from 0.59426 to 0.59424, saving model to ./saved_models/20240903_DCTR_training_cce_2.tf
110/110 - 11s - loss: 0.5939 - acc: 0.5493 - val_loss: 0.5942 - val_acc: 0.5497 - lr: 0.0010 - 11s/epoch - 97ms/step
Epoch 44/250

Epoch 44: val_loss improved from 0.59424 to 0.59421, saving model to ./saved_models/20240903_DCTR_training_cce_2.tf
110/110 - 11s - loss: 0.5939 - acc: 0.5496 - val_loss: 0.5942 - val_acc: 0.5459 - lr: 0.0010 - 11s/epoch - 98ms/step
Epoch 45/250

Epoch 45: val_loss improved from 0.59421 to 0.59418, saving model to ./saved_models/20240903_DCTR_training_cce_2.tf
110/110 - 11s - loss: 0.5938 - acc: 0.5497 - val_loss: 0.5942 - val_acc: 0.5510 - lr: 0.0010 - 11s/epoch - 96ms/step
Epoch 46/250

Epoch 46: val_loss did not improve from 0.59418
110/110 - 9s - loss: 0.5938 - acc: 0.5497 - val_loss: 0.5943 - val_acc: 0.5501 - lr: 0.0010 - 9s/epoch - 83ms/step
Epoch 47/250

Epoch 47: val_loss did not improve from 0.59418
110/110 - 9s - loss: 0.5938 - acc: 0.5498 - val_loss: 0.5945 - val_acc: 0.5419 - lr: 0.0010 - 9s/epoch - 83ms/step
Epoch 48/250

Epoch 48: val_loss did not improve from 0.59418
110/110 - 9s - loss: 0.5938 - acc: 0.5495 - val_loss: 0.5945 - val_acc: 0.5589 - lr: 0.0010 - 9s/epoch - 83ms/step
Epoch 49/250

Epoch 49: val_loss improved from 0.59418 to 0.59417, saving model to ./saved_models/20240903_DCTR_training_cce_2.tf
110/110 - 11s - loss: 0.5938 - acc: 0.5498 - val_loss: 0.5942 - val_acc: 0.5459 - lr: 0.0010 - 11s/epoch - 96ms/step
Epoch 50/250

Epoch 50: val_loss did not improve from 0.59417
110/110 - 9s - loss: 0.5937 - acc: 0.5498 - val_loss: 0.5942 - val_acc: 0.5459 - lr: 0.0010 - 9s/epoch - 83ms/step
Epoch 51/250

Epoch 51: val_loss did not improve from 0.59417
110/110 - 9s - loss: 0.5938 - acc: 0.5495 - val_loss: 0.5943 - val_acc: 0.5459 - lr: 0.0010 - 9s/epoch - 83ms/step
Epoch 52/250

Epoch 52: val_loss did not improve from 0.59417
110/110 - 9s - loss: 0.5937 - acc: 0.5497 - val_loss: 0.5944 - val_acc: 0.5454 - lr: 0.0010 - 9s/epoch - 83ms/step
Epoch 53/250

Epoch 53: val_loss did not improve from 0.59417
110/110 - 9s - loss: 0.5938 - acc: 0.5496 - val_loss: 0.5943 - val_acc: 0.5468 - lr: 0.0010 - 9s/epoch - 83ms/step
Epoch 54/250

Epoch 54: val_loss improved from 0.59417 to 0.59415, saving model to ./saved_models/20240903_DCTR_training_cce_2.tf
110/110 - 11s - loss: 0.5937 - acc: 0.5497 - val_loss: 0.5942 - val_acc: 0.5469 - lr: 0.0010 - 11s/epoch - 100ms/step
Epoch 55/250

Epoch 55: val_loss did not improve from 0.59415

Epoch 55: ReduceLROnPlateau reducing learning rate to 0.0006000000284984708.
110/110 - 9s - loss: 0.5937 - acc: 0.5498 - val_loss: 0.5945 - val_acc: 0.5521 - lr: 0.0010 - 9s/epoch - 83ms/step
Epoch 56/250

Epoch 56: val_loss improved from 0.59415 to 0.59409, saving model to ./saved_models/20240903_DCTR_training_cce_2.tf
110/110 - 11s - loss: 0.5935 - acc: 0.5503 - val_loss: 0.5941 - val_acc: 0.5491 - lr: 6.0000e-04 - 11s/epoch - 96ms/step
Epoch 57/250

Epoch 57: val_loss did not improve from 0.59409
110/110 - 9s - loss: 0.5935 - acc: 0.5502 - val_loss: 0.5941 - val_acc: 0.5486 - lr: 6.0000e-04 - 9s/epoch - 83ms/step
Epoch 58/250

Epoch 58: val_loss improved from 0.59409 to 0.59402, saving model to ./saved_models/20240903_DCTR_training_cce_2.tf
110/110 - 11s - loss: 0.5935 - acc: 0.5501 - val_loss: 0.5940 - val_acc: 0.5491 - lr: 6.0000e-04 - 11s/epoch - 98ms/step
Epoch 59/250

Epoch 59: val_loss did not improve from 0.59402
110/110 - 9s - loss: 0.5935 - acc: 0.5503 - val_loss: 0.5941 - val_acc: 0.5532 - lr: 6.0000e-04 - 9s/epoch - 83ms/step
Epoch 60/250

Epoch 60: val_loss did not improve from 0.59402
110/110 - 9s - loss: 0.5935 - acc: 0.5501 - val_loss: 0.5941 - val_acc: 0.5528 - lr: 6.0000e-04 - 9s/epoch - 83ms/step
Epoch 61/250

Epoch 61: val_loss did not improve from 0.59402
110/110 - 9s - loss: 0.5935 - acc: 0.5501 - val_loss: 0.5941 - val_acc: 0.5519 - lr: 6.0000e-04 - 9s/epoch - 83ms/step
Epoch 62/250

Epoch 62: val_loss did not improve from 0.59402
110/110 - 9s - loss: 0.5935 - acc: 0.5503 - val_loss: 0.5940 - val_acc: 0.5473 - lr: 6.0000e-04 - 9s/epoch - 83ms/step
Epoch 63/250

Epoch 63: val_loss did not improve from 0.59402
110/110 - 9s - loss: 0.5935 - acc: 0.5503 - val_loss: 0.5942 - val_acc: 0.5480 - lr: 6.0000e-04 - 9s/epoch - 83ms/step
Epoch 64/250

Epoch 64: val_loss did not improve from 0.59402
110/110 - 9s - loss: 0.5935 - acc: 0.5501 - val_loss: 0.5941 - val_acc: 0.5519 - lr: 6.0000e-04 - 9s/epoch - 83ms/step
Epoch 65/250

Epoch 65: val_loss did not improve from 0.59402
110/110 - 9s - loss: 0.5935 - acc: 0.5502 - val_loss: 0.5942 - val_acc: 0.5535 - lr: 6.0000e-04 - 9s/epoch - 83ms/step
Epoch 66/250

Epoch 66: val_loss did not improve from 0.59402
110/110 - 9s - loss: 0.5935 - acc: 0.5503 - val_loss: 0.5941 - val_acc: 0.5457 - lr: 6.0000e-04 - 9s/epoch - 83ms/step
Epoch 67/250

Epoch 67: val_loss did not improve from 0.59402
110/110 - 9s - loss: 0.5935 - acc: 0.5500 - val_loss: 0.5942 - val_acc: 0.5538 - lr: 6.0000e-04 - 9s/epoch - 83ms/step
Epoch 68/250

Epoch 68: val_loss did not improve from 0.59402

Epoch 68: ReduceLROnPlateau reducing learning rate to 0.0003600000170990825.
110/110 - 9s - loss: 0.5935 - acc: 0.5501 - val_loss: 0.5942 - val_acc: 0.5551 - lr: 6.0000e-04 - 9s/epoch - 83ms/step
Epoch 69/250

Epoch 69: val_loss did not improve from 0.59402
110/110 - 9s - loss: 0.5933 - acc: 0.5504 - val_loss: 0.5941 - val_acc: 0.5525 - lr: 3.6000e-04 - 9s/epoch - 83ms/step
Epoch 70/250

Epoch 70: val_loss did not improve from 0.59402
110/110 - 9s - loss: 0.5933 - acc: 0.5506 - val_loss: 0.5944 - val_acc: 0.5445 - lr: 3.6000e-04 - 9s/epoch - 83ms/step
Epoch 71/250

Epoch 71: val_loss did not improve from 0.59402
110/110 - 9s - loss: 0.5933 - acc: 0.5503 - val_loss: 0.5941 - val_acc: 0.5529 - lr: 3.6000e-04 - 9s/epoch - 83ms/step
Epoch 72/250

Epoch 72: val_loss did not improve from 0.59402
110/110 - 9s - loss: 0.5933 - acc: 0.5504 - val_loss: 0.5944 - val_acc: 0.5472 - lr: 3.6000e-04 - 9s/epoch - 83ms/step
Epoch 73/250

Epoch 73: val_loss did not improve from 0.59402
110/110 - 9s - loss: 0.5933 - acc: 0.5505 - val_loss: 0.5944 - val_acc: 0.5460 - lr: 3.6000e-04 - 9s/epoch - 83ms/step
Epoch 74/250

Epoch 74: val_loss did not improve from 0.59402
110/110 - 9s - loss: 0.5933 - acc: 0.5504 - val_loss: 0.5942 - val_acc: 0.5513 - lr: 3.6000e-04 - 9s/epoch - 83ms/step
Epoch 75/250

Epoch 75: val_loss did not improve from 0.59402
110/110 - 9s - loss: 0.5933 - acc: 0.5504 - val_loss: 0.5943 - val_acc: 0.5532 - lr: 3.6000e-04 - 9s/epoch - 83ms/step
Epoch 76/250

Epoch 76: val_loss did not improve from 0.59402
110/110 - 9s - loss: 0.5933 - acc: 0.5506 - val_loss: 0.5941 - val_acc: 0.5504 - lr: 3.6000e-04 - 9s/epoch - 83ms/step
Epoch 77/250

Epoch 77: val_loss did not improve from 0.59402
110/110 - 9s - loss: 0.5933 - acc: 0.5505 - val_loss: 0.5942 - val_acc: 0.5513 - lr: 3.6000e-04 - 9s/epoch - 83ms/step
Epoch 78/250

Epoch 78: val_loss did not improve from 0.59402
110/110 - 9s - loss: 0.5932 - acc: 0.5504 - val_loss: 0.5943 - val_acc: 0.5488 - lr: 3.6000e-04 - 9s/epoch - 83ms/step
Epoch 79/250

Epoch 79: val_loss did not improve from 0.59402
110/110 - 9s - loss: 0.5932 - acc: 0.5505 - val_loss: 0.5942 - val_acc: 0.5480 - lr: 3.6000e-04 - 9s/epoch - 83ms/step
Epoch 80/250

Epoch 80: val_loss did not improve from 0.59402

Epoch 80: ReduceLROnPlateau reducing learning rate to 0.00021600000327453016.
110/110 - 9s - loss: 0.5932 - acc: 0.5506 - val_loss: 0.5946 - val_acc: 0.5444 - lr: 3.6000e-04 - 9s/epoch - 83ms/step
Epoch 81/250

Epoch 81: val_loss did not improve from 0.59402
110/110 - 9s - loss: 0.5932 - acc: 0.5504 - val_loss: 0.5942 - val_acc: 0.5517 - lr: 2.1600e-04 - 9s/epoch - 83ms/step
Epoch 82/250

Epoch 82: val_loss did not improve from 0.59402
110/110 - 9s - loss: 0.5931 - acc: 0.5507 - val_loss: 0.5942 - val_acc: 0.5528 - lr: 2.1600e-04 - 9s/epoch - 83ms/step
Epoch 83/250

Epoch 83: val_loss did not improve from 0.59402
110/110 - 9s - loss: 0.5931 - acc: 0.5507 - val_loss: 0.5944 - val_acc: 0.5548 - lr: 2.1600e-04 - 9s/epoch - 83ms/step
Epoch 84/250

Epoch 84: val_loss did not improve from 0.59402
110/110 - 9s - loss: 0.5931 - acc: 0.5507 - val_loss: 0.5942 - val_acc: 0.5500 - lr: 2.1600e-04 - 9s/epoch - 83ms/step
Epoch 85/250

Epoch 85: val_loss did not improve from 0.59402
110/110 - 9s - loss: 0.5931 - acc: 0.5507 - val_loss: 0.5942 - val_acc: 0.5483 - lr: 2.1600e-04 - 9s/epoch - 83ms/step
Epoch 86/250

Epoch 86: val_loss did not improve from 0.59402
110/110 - 9s - loss: 0.5930 - acc: 0.5507 - val_loss: 0.5943 - val_acc: 0.5482 - lr: 2.1600e-04 - 9s/epoch - 83ms/step
Epoch 87/250

Epoch 87: val_loss did not improve from 0.59402
110/110 - 9s - loss: 0.5930 - acc: 0.5507 - val_loss: 0.5944 - val_acc: 0.5507 - lr: 2.1600e-04 - 9s/epoch - 83ms/step
Epoch 88/250

Epoch 88: val_loss did not improve from 0.59402
Restoring model weights from the end of the best epoch: 58.
110/110 - 9s - loss: 0.5930 - acc: 0.5508 - val_loss: 0.5942 - val_acc: 0.5509 - lr: 2.1600e-04 - 9s/epoch - 83ms/step
Epoch 88: early stopping
clearing keras session and collecting garbage
