Configured CUDA from: /cvmfs/sft.cern.ch/lcg/releases/cuda/12.4-4899e/x86_64-el9-gcc11-opt
GPUs available for tensorflow:
[PhysicalDevice(name='/physical_device:GPU:0', device_type='GPU')]
loading data
preparing data
setting up neural network and starting training
Epoch 1/100

Epoch 1: val_loss improved from inf to 0.62345, saving model to ./saved_models/DCTR_NNLO_cce_pos_rwgt_2_batchsize_524288.tf
31/31 - 13s - loss: 0.6939 - acc: 0.5000 - val_loss: 0.6235 - val_acc: 0.4995 - lr: 0.0010 - 13s/epoch - 424ms/step
Epoch 2/100

Epoch 2: val_loss improved from 0.62345 to 0.61950, saving model to ./saved_models/DCTR_NNLO_cce_pos_rwgt_2_batchsize_524288.tf
31/31 - 11s - loss: 0.6215 - acc: 0.5000 - val_loss: 0.6195 - val_acc: 0.4996 - lr: 0.0010 - 11s/epoch - 358ms/step
Epoch 3/100

Epoch 3: val_loss improved from 0.61950 to 0.61851, saving model to ./saved_models/DCTR_NNLO_cce_pos_rwgt_2_batchsize_524288.tf
31/31 - 11s - loss: 0.6194 - acc: 0.5001 - val_loss: 0.6185 - val_acc: 0.4997 - lr: 0.0010 - 11s/epoch - 355ms/step
Epoch 4/100

Epoch 4: val_loss improved from 0.61851 to 0.61800, saving model to ./saved_models/DCTR_NNLO_cce_pos_rwgt_2_batchsize_524288.tf
31/31 - 11s - loss: 0.6187 - acc: 0.5000 - val_loss: 0.6180 - val_acc: 0.4997 - lr: 0.0010 - 11s/epoch - 364ms/step
Epoch 5/100

Epoch 5: val_loss improved from 0.61800 to 0.61760, saving model to ./saved_models/DCTR_NNLO_cce_pos_rwgt_2_batchsize_524288.tf
31/31 - 11s - loss: 0.6183 - acc: 0.5000 - val_loss: 0.6176 - val_acc: 0.4997 - lr: 0.0010 - 11s/epoch - 355ms/step
Epoch 6/100

Epoch 6: val_loss improved from 0.61760 to 0.61734, saving model to ./saved_models/DCTR_NNLO_cce_pos_rwgt_2_batchsize_524288.tf
31/31 - 11s - loss: 0.6179 - acc: 0.5001 - val_loss: 0.6173 - val_acc: 0.4996 - lr: 0.0010 - 11s/epoch - 361ms/step
Epoch 7/100

Epoch 7: val_loss improved from 0.61734 to 0.61715, saving model to ./saved_models/DCTR_NNLO_cce_pos_rwgt_2_batchsize_524288.tf
31/31 - 11s - loss: 0.6177 - acc: 0.5001 - val_loss: 0.6171 - val_acc: 0.4996 - lr: 0.0010 - 11s/epoch - 358ms/step
Epoch 8/100

Epoch 8: val_loss improved from 0.61715 to 0.61700, saving model to ./saved_models/DCTR_NNLO_cce_pos_rwgt_2_batchsize_524288.tf
31/31 - 11s - loss: 0.6175 - acc: 0.5000 - val_loss: 0.6170 - val_acc: 0.4996 - lr: 0.0010 - 11s/epoch - 364ms/step
Epoch 9/100

Epoch 9: val_loss improved from 0.61700 to 0.61688, saving model to ./saved_models/DCTR_NNLO_cce_pos_rwgt_2_batchsize_524288.tf
31/31 - 11s - loss: 0.6174 - acc: 0.5001 - val_loss: 0.6169 - val_acc: 0.4996 - lr: 0.0010 - 11s/epoch - 357ms/step
Epoch 10/100

Epoch 10: val_loss improved from 0.61688 to 0.61681, saving model to ./saved_models/DCTR_NNLO_cce_pos_rwgt_2_batchsize_524288.tf
31/31 - 11s - loss: 0.6173 - acc: 0.5000 - val_loss: 0.6168 - val_acc: 0.4996 - lr: 0.0010 - 11s/epoch - 357ms/step
Epoch 11/100

Epoch 11: val_loss improved from 0.61681 to 0.61670, saving model to ./saved_models/DCTR_NNLO_cce_pos_rwgt_2_batchsize_524288.tf
31/31 - 11s - loss: 0.6172 - acc: 0.5000 - val_loss: 0.6167 - val_acc: 0.4996 - lr: 0.0010 - 11s/epoch - 364ms/step
Epoch 12/100

Epoch 12: val_loss improved from 0.61670 to 0.61663, saving model to ./saved_models/DCTR_NNLO_cce_pos_rwgt_2_batchsize_524288.tf
31/31 - 11s - loss: 0.6171 - acc: 0.5001 - val_loss: 0.6166 - val_acc: 0.4996 - lr: 0.0010 - 11s/epoch - 356ms/step
Epoch 13/100

Epoch 13: val_loss improved from 0.61663 to 0.61659, saving model to ./saved_models/DCTR_NNLO_cce_pos_rwgt_2_batchsize_524288.tf
31/31 - 11s - loss: 0.6170 - acc: 0.5001 - val_loss: 0.6166 - val_acc: 0.4996 - lr: 0.0010 - 11s/epoch - 364ms/step
Epoch 14/100

Epoch 14: val_loss improved from 0.61659 to 0.61652, saving model to ./saved_models/DCTR_NNLO_cce_pos_rwgt_2_batchsize_524288.tf
31/31 - 11s - loss: 0.6170 - acc: 0.5001 - val_loss: 0.6165 - val_acc: 0.4996 - lr: 0.0010 - 11s/epoch - 358ms/step
Epoch 15/100

Epoch 15: val_loss improved from 0.61652 to 0.61646, saving model to ./saved_models/DCTR_NNLO_cce_pos_rwgt_2_batchsize_524288.tf
31/31 - 11s - loss: 0.6169 - acc: 0.5000 - val_loss: 0.6165 - val_acc: 0.4995 - lr: 0.0010 - 11s/epoch - 364ms/step
Epoch 16/100

Epoch 16: val_loss improved from 0.61646 to 0.61641, saving model to ./saved_models/DCTR_NNLO_cce_pos_rwgt_2_batchsize_524288.tf
31/31 - 11s - loss: 0.6168 - acc: 0.5000 - val_loss: 0.6164 - val_acc: 0.4996 - lr: 0.0010 - 11s/epoch - 359ms/step
Epoch 17/100

Epoch 17: val_loss improved from 0.61641 to 0.61637, saving model to ./saved_models/DCTR_NNLO_cce_pos_rwgt_2_batchsize_524288.tf
31/31 - 11s - loss: 0.6168 - acc: 0.5000 - val_loss: 0.6164 - val_acc: 0.4996 - lr: 0.0010 - 11s/epoch - 355ms/step
Epoch 18/100

Epoch 18: val_loss improved from 0.61637 to 0.61636, saving model to ./saved_models/DCTR_NNLO_cce_pos_rwgt_2_batchsize_524288.tf
31/31 - 11s - loss: 0.6167 - acc: 0.5000 - val_loss: 0.6164 - val_acc: 0.4996 - lr: 0.0010 - 11s/epoch - 366ms/step
Epoch 19/100

Epoch 19: val_loss improved from 0.61636 to 0.61631, saving model to ./saved_models/DCTR_NNLO_cce_pos_rwgt_2_batchsize_524288.tf
31/31 - 11s - loss: 0.6167 - acc: 0.5000 - val_loss: 0.6163 - val_acc: 0.4996 - lr: 0.0010 - 11s/epoch - 358ms/step
Epoch 20/100

Epoch 20: val_loss improved from 0.61631 to 0.61626, saving model to ./saved_models/DCTR_NNLO_cce_pos_rwgt_2_batchsize_524288.tf
31/31 - 11s - loss: 0.6166 - acc: 0.5000 - val_loss: 0.6163 - val_acc: 0.4996 - lr: 0.0010 - 11s/epoch - 368ms/step
Epoch 21/100

Epoch 21: val_loss improved from 0.61626 to 0.61623, saving model to ./saved_models/DCTR_NNLO_cce_pos_rwgt_2_batchsize_524288.tf
31/31 - 11s - loss: 0.6166 - acc: 0.5000 - val_loss: 0.6162 - val_acc: 0.4995 - lr: 0.0010 - 11s/epoch - 357ms/step
Epoch 22/100

Epoch 22: val_loss improved from 0.61623 to 0.61623, saving model to ./saved_models/DCTR_NNLO_cce_pos_rwgt_2_batchsize_524288.tf
31/31 - 11s - loss: 0.6166 - acc: 0.5000 - val_loss: 0.6162 - val_acc: 0.4996 - lr: 0.0010 - 11s/epoch - 366ms/step
Epoch 23/100

Epoch 23: val_loss improved from 0.61623 to 0.61618, saving model to ./saved_models/DCTR_NNLO_cce_pos_rwgt_2_batchsize_524288.tf
31/31 - 11s - loss: 0.6165 - acc: 0.5000 - val_loss: 0.6162 - val_acc: 0.4995 - lr: 0.0010 - 11s/epoch - 356ms/step
Epoch 24/100

Epoch 24: val_loss improved from 0.61618 to 0.61618, saving model to ./saved_models/DCTR_NNLO_cce_pos_rwgt_2_batchsize_524288.tf
31/31 - 11s - loss: 0.6165 - acc: 0.5000 - val_loss: 0.6162 - val_acc: 0.4995 - lr: 0.0010 - 11s/epoch - 355ms/step
Epoch 25/100

Epoch 25: val_loss improved from 0.61618 to 0.61615, saving model to ./saved_models/DCTR_NNLO_cce_pos_rwgt_2_batchsize_524288.tf
31/31 - 11s - loss: 0.6165 - acc: 0.5001 - val_loss: 0.6161 - val_acc: 0.4995 - lr: 0.0010 - 11s/epoch - 365ms/step
Epoch 26/100

Epoch 26: val_loss improved from 0.61615 to 0.61613, saving model to ./saved_models/DCTR_NNLO_cce_pos_rwgt_2_batchsize_524288.tf
31/31 - 11s - loss: 0.6165 - acc: 0.5000 - val_loss: 0.6161 - val_acc: 0.4995 - lr: 0.0010 - 11s/epoch - 354ms/step
Epoch 27/100

Epoch 27: val_loss did not improve from 0.61613
31/31 - 10s - loss: 0.6165 - acc: 0.5001 - val_loss: 0.6161 - val_acc: 0.4992 - lr: 0.0010 - 10s/epoch - 308ms/step
Epoch 28/100

Epoch 28: val_loss improved from 0.61613 to 0.61609, saving model to ./saved_models/DCTR_NNLO_cce_pos_rwgt_2_batchsize_524288.tf
31/31 - 11s - loss: 0.6164 - acc: 0.5001 - val_loss: 0.6161 - val_acc: 0.4993 - lr: 0.0010 - 11s/epoch - 363ms/step
Epoch 29/100

Epoch 29: val_loss improved from 0.61609 to 0.61607, saving model to ./saved_models/DCTR_NNLO_cce_pos_rwgt_2_batchsize_524288.tf
31/31 - 11s - loss: 0.6164 - acc: 0.5000 - val_loss: 0.6161 - val_acc: 0.4993 - lr: 0.0010 - 11s/epoch - 356ms/step
Epoch 30/100

Epoch 30: val_loss did not improve from 0.61607
31/31 - 10s - loss: 0.6164 - acc: 0.5001 - val_loss: 0.6161 - val_acc: 0.4992 - lr: 0.0010 - 10s/epoch - 308ms/step
Epoch 31/100

Epoch 31: val_loss improved from 0.61607 to 0.61604, saving model to ./saved_models/DCTR_NNLO_cce_pos_rwgt_2_batchsize_524288.tf
31/31 - 11s - loss: 0.6164 - acc: 0.5001 - val_loss: 0.6160 - val_acc: 0.4993 - lr: 0.0010 - 11s/epoch - 362ms/step
Epoch 32/100

Epoch 32: val_loss improved from 0.61604 to 0.61602, saving model to ./saved_models/DCTR_NNLO_cce_pos_rwgt_2_batchsize_524288.tf
31/31 - 11s - loss: 0.6163 - acc: 0.5001 - val_loss: 0.6160 - val_acc: 0.4994 - lr: 0.0010 - 11s/epoch - 355ms/step
Epoch 33/100

Epoch 33: val_loss did not improve from 0.61602
31/31 - 10s - loss: 0.6164 - acc: 0.5001 - val_loss: 0.6161 - val_acc: 0.4991 - lr: 0.0010 - 10s/epoch - 308ms/step
Epoch 34/100

Epoch 34: val_loss improved from 0.61602 to 0.61600, saving model to ./saved_models/DCTR_NNLO_cce_pos_rwgt_2_batchsize_524288.tf
31/31 - 11s - loss: 0.6163 - acc: 0.5001 - val_loss: 0.6160 - val_acc: 0.4994 - lr: 0.0010 - 11s/epoch - 354ms/step
Epoch 35/100

Epoch 35: val_loss improved from 0.61600 to 0.61598, saving model to ./saved_models/DCTR_NNLO_cce_pos_rwgt_2_batchsize_524288.tf

Epoch 35: ReduceLROnPlateau reducing learning rate to 0.0006000000284984708.
31/31 - 11s - loss: 0.6163 - acc: 0.5001 - val_loss: 0.6160 - val_acc: 0.4992 - lr: 0.0010 - 11s/epoch - 368ms/step
Epoch 36/100

Epoch 36: val_loss improved from 0.61598 to 0.61597, saving model to ./saved_models/DCTR_NNLO_cce_pos_rwgt_2_batchsize_524288.tf
31/31 - 11s - loss: 0.6163 - acc: 0.5001 - val_loss: 0.6160 - val_acc: 0.4993 - lr: 6.0000e-04 - 11s/epoch - 355ms/step
Epoch 37/100

Epoch 37: val_loss did not improve from 0.61597
31/31 - 10s - loss: 0.6163 - acc: 0.5001 - val_loss: 0.6160 - val_acc: 0.4990 - lr: 6.0000e-04 - 10s/epoch - 308ms/step
Epoch 38/100

Epoch 38: val_loss did not improve from 0.61597
31/31 - 10s - loss: 0.6163 - acc: 0.5001 - val_loss: 0.6160 - val_acc: 0.4992 - lr: 6.0000e-04 - 10s/epoch - 308ms/step
Epoch 39/100

Epoch 39: val_loss improved from 0.61597 to 0.61596, saving model to ./saved_models/DCTR_NNLO_cce_pos_rwgt_2_batchsize_524288.tf
31/31 - 12s - loss: 0.6162 - acc: 0.5001 - val_loss: 0.6160 - val_acc: 0.4992 - lr: 6.0000e-04 - 12s/epoch - 385ms/step
Epoch 40/100

Epoch 40: val_loss improved from 0.61596 to 0.61596, saving model to ./saved_models/DCTR_NNLO_cce_pos_rwgt_2_batchsize_524288.tf
31/31 - 11s - loss: 0.6162 - acc: 0.5001 - val_loss: 0.6160 - val_acc: 0.4994 - lr: 6.0000e-04 - 11s/epoch - 356ms/step
Epoch 41/100

Epoch 41: val_loss did not improve from 0.61596
31/31 - 10s - loss: 0.6162 - acc: 0.5002 - val_loss: 0.6160 - val_acc: 0.4990 - lr: 6.0000e-04 - 10s/epoch - 308ms/step
Epoch 42/100

Epoch 42: val_loss improved from 0.61596 to 0.61594, saving model to ./saved_models/DCTR_NNLO_cce_pos_rwgt_2_batchsize_524288.tf

Epoch 42: ReduceLROnPlateau reducing learning rate to 0.0003600000170990825.
31/31 - 14s - loss: 0.6162 - acc: 0.5001 - val_loss: 0.6159 - val_acc: 0.4993 - lr: 6.0000e-04 - 14s/epoch - 457ms/step
Epoch 43/100

Epoch 43: val_loss improved from 0.61594 to 0.61594, saving model to ./saved_models/DCTR_NNLO_cce_pos_rwgt_2_batchsize_524288.tf
31/31 - 11s - loss: 0.6162 - acc: 0.5001 - val_loss: 0.6159 - val_acc: 0.4993 - lr: 3.6000e-04 - 11s/epoch - 357ms/step
Epoch 44/100

Epoch 44: val_loss improved from 0.61594 to 0.61593, saving model to ./saved_models/DCTR_NNLO_cce_pos_rwgt_2_batchsize_524288.tf
31/31 - 11s - loss: 0.6162 - acc: 0.5001 - val_loss: 0.6159 - val_acc: 0.4992 - lr: 3.6000e-04 - 11s/epoch - 355ms/step
Epoch 45/100

Epoch 45: val_loss improved from 0.61593 to 0.61593, saving model to ./saved_models/DCTR_NNLO_cce_pos_rwgt_2_batchsize_524288.tf
31/31 - 11s - loss: 0.6162 - acc: 0.5001 - val_loss: 0.6159 - val_acc: 0.4992 - lr: 3.6000e-04 - 11s/epoch - 366ms/step
Epoch 46/100

Epoch 46: val_loss improved from 0.61593 to 0.61593, saving model to ./saved_models/DCTR_NNLO_cce_pos_rwgt_2_batchsize_524288.tf
31/31 - 11s - loss: 0.6162 - acc: 0.5001 - val_loss: 0.6159 - val_acc: 0.4991 - lr: 3.6000e-04 - 11s/epoch - 357ms/step
Epoch 47/100

Epoch 47: val_loss did not improve from 0.61593
31/31 - 10s - loss: 0.6162 - acc: 0.5001 - val_loss: 0.6159 - val_acc: 0.4993 - lr: 3.6000e-04 - 10s/epoch - 308ms/step
Epoch 48/100

Epoch 48: val_loss improved from 0.61593 to 0.61592, saving model to ./saved_models/DCTR_NNLO_cce_pos_rwgt_2_batchsize_524288.tf

Epoch 48: ReduceLROnPlateau reducing learning rate to 0.00021600000327453016.
31/31 - 11s - loss: 0.6162 - acc: 0.5002 - val_loss: 0.6159 - val_acc: 0.4993 - lr: 3.6000e-04 - 11s/epoch - 365ms/step
Epoch 49/100

Epoch 49: val_loss improved from 0.61592 to 0.61592, saving model to ./saved_models/DCTR_NNLO_cce_pos_rwgt_2_batchsize_524288.tf
31/31 - 11s - loss: 0.6162 - acc: 0.5001 - val_loss: 0.6159 - val_acc: 0.4993 - lr: 2.1600e-04 - 11s/epoch - 358ms/step
Epoch 50/100

Epoch 50: val_loss did not improve from 0.61592
31/31 - 10s - loss: 0.6162 - acc: 0.5001 - val_loss: 0.6159 - val_acc: 0.4991 - lr: 2.1600e-04 - 10s/epoch - 308ms/step
Epoch 51/100

Epoch 51: val_loss did not improve from 0.61592
31/31 - 10s - loss: 0.6162 - acc: 0.5001 - val_loss: 0.6159 - val_acc: 0.4992 - lr: 2.1600e-04 - 10s/epoch - 309ms/step
Epoch 52/100

Epoch 52: val_loss improved from 0.61592 to 0.61592, saving model to ./saved_models/DCTR_NNLO_cce_pos_rwgt_2_batchsize_524288.tf
31/31 - 11s - loss: 0.6162 - acc: 0.5002 - val_loss: 0.6159 - val_acc: 0.4992 - lr: 2.1600e-04 - 11s/epoch - 363ms/step
Epoch 53/100

Epoch 53: val_loss did not improve from 0.61592
31/31 - 10s - loss: 0.6162 - acc: 0.5001 - val_loss: 0.6159 - val_acc: 0.4993 - lr: 2.1600e-04 - 10s/epoch - 308ms/step
Epoch 54/100

Epoch 54: val_loss improved from 0.61592 to 0.61591, saving model to ./saved_models/DCTR_NNLO_cce_pos_rwgt_2_batchsize_524288.tf

Epoch 54: ReduceLROnPlateau reducing learning rate to 0.00012960000021848827.
31/31 - 11s - loss: 0.6162 - acc: 0.5001 - val_loss: 0.6159 - val_acc: 0.4992 - lr: 2.1600e-04 - 11s/epoch - 358ms/step
Epoch 55/100

Epoch 55: val_loss did not improve from 0.61591
31/31 - 10s - loss: 0.6162 - acc: 0.5001 - val_loss: 0.6159 - val_acc: 0.4992 - lr: 1.2960e-04 - 10s/epoch - 309ms/step
Epoch 56/100

Epoch 56: val_loss improved from 0.61591 to 0.61591, saving model to ./saved_models/DCTR_NNLO_cce_pos_rwgt_2_batchsize_524288.tf
31/31 - 11s - loss: 0.6162 - acc: 0.5001 - val_loss: 0.6159 - val_acc: 0.4991 - lr: 1.2960e-04 - 11s/epoch - 356ms/step
Epoch 57/100

Epoch 57: val_loss improved from 0.61591 to 0.61591, saving model to ./saved_models/DCTR_NNLO_cce_pos_rwgt_2_batchsize_524288.tf
31/31 - 11s - loss: 0.6162 - acc: 0.5001 - val_loss: 0.6159 - val_acc: 0.4992 - lr: 1.2960e-04 - 11s/epoch - 364ms/step
Epoch 58/100

Epoch 58: val_loss improved from 0.61591 to 0.61591, saving model to ./saved_models/DCTR_NNLO_cce_pos_rwgt_2_batchsize_524288.tf
31/31 - 11s - loss: 0.6162 - acc: 0.5001 - val_loss: 0.6159 - val_acc: 0.4991 - lr: 1.2960e-04 - 11s/epoch - 353ms/step
Epoch 59/100

Epoch 59: val_loss improved from 0.61591 to 0.61591, saving model to ./saved_models/DCTR_NNLO_cce_pos_rwgt_2_batchsize_524288.tf
31/31 - 11s - loss: 0.6162 - acc: 0.5001 - val_loss: 0.6159 - val_acc: 0.4992 - lr: 1.2960e-04 - 11s/epoch - 364ms/step
Epoch 60/100

Epoch 60: val_loss improved from 0.61591 to 0.61591, saving model to ./saved_models/DCTR_NNLO_cce_pos_rwgt_2_batchsize_524288.tf

Epoch 60: ReduceLROnPlateau reducing learning rate to 7.775999838486313e-05.
31/31 - 11s - loss: 0.6162 - acc: 0.5001 - val_loss: 0.6159 - val_acc: 0.4992 - lr: 1.2960e-04 - 11s/epoch - 356ms/step
Epoch 61/100

Epoch 61: val_loss improved from 0.61591 to 0.61590, saving model to ./saved_models/DCTR_NNLO_cce_pos_rwgt_2_batchsize_524288.tf
31/31 - 11s - loss: 0.6162 - acc: 0.5001 - val_loss: 0.6159 - val_acc: 0.4991 - lr: 7.7760e-05 - 11s/epoch - 359ms/step
Epoch 62/100

Epoch 62: val_loss did not improve from 0.61590
31/31 - 10s - loss: 0.6162 - acc: 0.5001 - val_loss: 0.6159 - val_acc: 0.4992 - lr: 7.7760e-05 - 10s/epoch - 308ms/step
Epoch 63/100

Epoch 63: val_loss did not improve from 0.61590
31/31 - 10s - loss: 0.6162 - acc: 0.5001 - val_loss: 0.6159 - val_acc: 0.4992 - lr: 7.7760e-05 - 10s/epoch - 309ms/step
Epoch 64/100

Epoch 64: val_loss improved from 0.61590 to 0.61590, saving model to ./saved_models/DCTR_NNLO_cce_pos_rwgt_2_batchsize_524288.tf
31/31 - 11s - loss: 0.6162 - acc: 0.5001 - val_loss: 0.6159 - val_acc: 0.4991 - lr: 7.7760e-05 - 11s/epoch - 353ms/step
Epoch 65/100

Epoch 65: val_loss did not improve from 0.61590
31/31 - 10s - loss: 0.6162 - acc: 0.5002 - val_loss: 0.6159 - val_acc: 0.4992 - lr: 7.7760e-05 - 10s/epoch - 309ms/step
Epoch 66/100

Epoch 66: val_loss did not improve from 0.61590

Epoch 66: ReduceLROnPlateau reducing learning rate to 4.6655999904032795e-05.
31/31 - 10s - loss: 0.6162 - acc: 0.5002 - val_loss: 0.6159 - val_acc: 0.4990 - lr: 7.7760e-05 - 10s/epoch - 309ms/step
Epoch 67/100

Epoch 67: val_loss did not improve from 0.61590
31/31 - 10s - loss: 0.6162 - acc: 0.5001 - val_loss: 0.6159 - val_acc: 0.4992 - lr: 4.6656e-05 - 10s/epoch - 310ms/step
Epoch 68/100

Epoch 68: val_loss did not improve from 0.61590
31/31 - 10s - loss: 0.6162 - acc: 0.5001 - val_loss: 0.6159 - val_acc: 0.4991 - lr: 4.6656e-05 - 10s/epoch - 309ms/step
Epoch 69/100

Epoch 69: val_loss improved from 0.61590 to 0.61590, saving model to ./saved_models/DCTR_NNLO_cce_pos_rwgt_2_batchsize_524288.tf
31/31 - 11s - loss: 0.6162 - acc: 0.5001 - val_loss: 0.6159 - val_acc: 0.4992 - lr: 4.6656e-05 - 11s/epoch - 363ms/step
Epoch 70/100

Epoch 70: val_loss did not improve from 0.61590
31/31 - 10s - loss: 0.6162 - acc: 0.5001 - val_loss: 0.6159 - val_acc: 0.4992 - lr: 4.6656e-05 - 10s/epoch - 308ms/step
Epoch 71/100

Epoch 71: val_loss did not improve from 0.61590
31/31 - 10s - loss: 0.6162 - acc: 0.5001 - val_loss: 0.6159 - val_acc: 0.4991 - lr: 4.6656e-05 - 10s/epoch - 309ms/step
Epoch 72/100

Epoch 72: val_loss improved from 0.61590 to 0.61590, saving model to ./saved_models/DCTR_NNLO_cce_pos_rwgt_2_batchsize_524288.tf

Epoch 72: ReduceLROnPlateau reducing learning rate to 2.799360081553459e-05.
31/31 - 11s - loss: 0.6162 - acc: 0.5002 - val_loss: 0.6159 - val_acc: 0.4991 - lr: 4.6656e-05 - 11s/epoch - 354ms/step
Epoch 73/100

Epoch 73: val_loss improved from 0.61590 to 0.61590, saving model to ./saved_models/DCTR_NNLO_cce_pos_rwgt_2_batchsize_524288.tf
31/31 - 11s - loss: 0.6162 - acc: 0.5002 - val_loss: 0.6159 - val_acc: 0.4991 - lr: 2.7994e-05 - 11s/epoch - 354ms/step
Epoch 74/100

Epoch 74: val_loss improved from 0.61590 to 0.61590, saving model to ./saved_models/DCTR_NNLO_cce_pos_rwgt_2_batchsize_524288.tf
31/31 - 11s - loss: 0.6162 - acc: 0.5001 - val_loss: 0.6159 - val_acc: 0.4991 - lr: 2.7994e-05 - 11s/epoch - 364ms/step
Epoch 75/100

Epoch 75: val_loss improved from 0.61590 to 0.61590, saving model to ./saved_models/DCTR_NNLO_cce_pos_rwgt_2_batchsize_524288.tf
31/31 - 11s - loss: 0.6162 - acc: 0.5001 - val_loss: 0.6159 - val_acc: 0.4992 - lr: 2.7994e-05 - 11s/epoch - 358ms/step
Epoch 76/100

Epoch 76: val_loss did not improve from 0.61590
31/31 - 10s - loss: 0.6162 - acc: 0.5002 - val_loss: 0.6159 - val_acc: 0.4991 - lr: 2.7994e-05 - 10s/epoch - 308ms/step
Epoch 77/100

Epoch 77: val_loss did not improve from 0.61590
31/31 - 10s - loss: 0.6162 - acc: 0.5002 - val_loss: 0.6159 - val_acc: 0.4993 - lr: 2.7994e-05 - 10s/epoch - 308ms/step
Epoch 78/100

Epoch 78: val_loss improved from 0.61590 to 0.61590, saving model to ./saved_models/DCTR_NNLO_cce_pos_rwgt_2_batchsize_524288.tf

Epoch 78: ReduceLROnPlateau reducing learning rate to 1.6796160707599483e-05.
31/31 - 11s - loss: 0.6162 - acc: 0.5002 - val_loss: 0.6159 - val_acc: 0.4991 - lr: 2.7994e-05 - 11s/epoch - 362ms/step
Epoch 79/100

Epoch 79: val_loss did not improve from 0.61590
31/31 - 10s - loss: 0.6162 - acc: 0.5002 - val_loss: 0.6159 - val_acc: 0.4992 - lr: 1.6796e-05 - 10s/epoch - 308ms/step
Epoch 80/100

Epoch 80: val_loss did not improve from 0.61590
31/31 - 10s - loss: 0.6162 - acc: 0.5001 - val_loss: 0.6159 - val_acc: 0.4991 - lr: 1.6796e-05 - 10s/epoch - 308ms/step
Epoch 81/100

Epoch 81: val_loss improved from 0.61590 to 0.61590, saving model to ./saved_models/DCTR_NNLO_cce_pos_rwgt_2_batchsize_524288.tf
31/31 - 11s - loss: 0.6162 - acc: 0.5002 - val_loss: 0.6159 - val_acc: 0.4992 - lr: 1.6796e-05 - 11s/epoch - 357ms/step
Epoch 82/100

Epoch 82: val_loss improved from 0.61590 to 0.61590, saving model to ./saved_models/DCTR_NNLO_cce_pos_rwgt_2_batchsize_524288.tf
31/31 - 11s - loss: 0.6162 - acc: 0.5002 - val_loss: 0.6159 - val_acc: 0.4992 - lr: 1.6796e-05 - 11s/epoch - 363ms/step
Epoch 83/100

Epoch 83: val_loss improved from 0.61590 to 0.61590, saving model to ./saved_models/DCTR_NNLO_cce_pos_rwgt_2_batchsize_524288.tf
31/31 - 11s - loss: 0.6162 - acc: 0.5001 - val_loss: 0.6159 - val_acc: 0.4991 - lr: 1.6796e-05 - 11s/epoch - 360ms/step
Epoch 84/100

Epoch 84: val_loss did not improve from 0.61590

Epoch 84: ReduceLROnPlateau reducing learning rate to 1.007769642455969e-05.
31/31 - 10s - loss: 0.6162 - acc: 0.5001 - val_loss: 0.6159 - val_acc: 0.4991 - lr: 1.6796e-05 - 10s/epoch - 308ms/step
Epoch 85/100

Epoch 85: val_loss did not improve from 0.61590
31/31 - 10s - loss: 0.6162 - acc: 0.5002 - val_loss: 0.6159 - val_acc: 0.4991 - lr: 1.0078e-05 - 10s/epoch - 308ms/step
Epoch 86/100

Epoch 86: val_loss did not improve from 0.61590
31/31 - 10s - loss: 0.6162 - acc: 0.5001 - val_loss: 0.6159 - val_acc: 0.4991 - lr: 1.0078e-05 - 10s/epoch - 309ms/step
Epoch 87/100

Epoch 87: val_loss did not improve from 0.61590
31/31 - 10s - loss: 0.6162 - acc: 0.5002 - val_loss: 0.6159 - val_acc: 0.4991 - lr: 1.0078e-05 - 10s/epoch - 309ms/step
Epoch 88/100

Epoch 88: val_loss did not improve from 0.61590
31/31 - 10s - loss: 0.6162 - acc: 0.5001 - val_loss: 0.6159 - val_acc: 0.4992 - lr: 1.0078e-05 - 10s/epoch - 310ms/step
Epoch 89/100

Epoch 89: val_loss improved from 0.61590 to 0.61590, saving model to ./saved_models/DCTR_NNLO_cce_pos_rwgt_2_batchsize_524288.tf
31/31 - 11s - loss: 0.6162 - acc: 0.5001 - val_loss: 0.6159 - val_acc: 0.4991 - lr: 1.0078e-05 - 11s/epoch - 360ms/step
Epoch 90/100

Epoch 90: val_loss did not improve from 0.61590

Epoch 90: ReduceLROnPlateau reducing learning rate to 6.046617636457085e-06.
31/31 - 10s - loss: 0.6162 - acc: 0.5001 - val_loss: 0.6159 - val_acc: 0.4991 - lr: 1.0078e-05 - 10s/epoch - 308ms/step
Epoch 91/100

Epoch 91: val_loss improved from 0.61590 to 0.61590, saving model to ./saved_models/DCTR_NNLO_cce_pos_rwgt_2_batchsize_524288.tf
31/31 - 12s - loss: 0.6162 - acc: 0.5001 - val_loss: 0.6159 - val_acc: 0.4991 - lr: 6.0466e-06 - 12s/epoch - 372ms/step
Epoch 92/100

Epoch 92: val_loss improved from 0.61590 to 0.61590, saving model to ./saved_models/DCTR_NNLO_cce_pos_rwgt_2_batchsize_524288.tf
31/31 - 11s - loss: 0.6162 - acc: 0.5001 - val_loss: 0.6159 - val_acc: 0.4992 - lr: 6.0466e-06 - 11s/epoch - 354ms/step
Epoch 93/100

Epoch 93: val_loss did not improve from 0.61590
31/31 - 10s - loss: 0.6162 - acc: 0.5002 - val_loss: 0.6159 - val_acc: 0.4991 - lr: 6.0466e-06 - 10s/epoch - 309ms/step
Epoch 94/100

Epoch 94: val_loss did not improve from 0.61590
31/31 - 10s - loss: 0.6162 - acc: 0.5001 - val_loss: 0.6159 - val_acc: 0.4991 - lr: 6.0466e-06 - 10s/epoch - 308ms/step
Epoch 95/100

Epoch 95: val_loss did not improve from 0.61590
31/31 - 10s - loss: 0.6162 - acc: 0.5001 - val_loss: 0.6159 - val_acc: 0.4991 - lr: 6.0466e-06 - 10s/epoch - 308ms/step
Epoch 96/100

Epoch 96: val_loss did not improve from 0.61590

Epoch 96: ReduceLROnPlateau reducing learning rate to 3.6279706364439334e-06.
31/31 - 10s - loss: 0.6162 - acc: 0.5001 - val_loss: 0.6159 - val_acc: 0.4991 - lr: 6.0466e-06 - 10s/epoch - 310ms/step
Epoch 97/100

Epoch 97: val_loss did not improve from 0.61590
31/31 - 10s - loss: 0.6161 - acc: 0.5002 - val_loss: 0.6159 - val_acc: 0.4992 - lr: 3.6280e-06 - 10s/epoch - 310ms/step
Epoch 98/100

Epoch 98: val_loss improved from 0.61590 to 0.61590, saving model to ./saved_models/DCTR_NNLO_cce_pos_rwgt_2_batchsize_524288.tf
31/31 - 11s - loss: 0.6161 - acc: 0.5001 - val_loss: 0.6159 - val_acc: 0.4991 - lr: 3.6280e-06 - 11s/epoch - 363ms/step
Epoch 99/100

Epoch 99: val_loss improved from 0.61590 to 0.61590, saving model to ./saved_models/DCTR_NNLO_cce_pos_rwgt_2_batchsize_524288.tf
31/31 - 11s - loss: 0.6161 - acc: 0.5001 - val_loss: 0.6159 - val_acc: 0.4991 - lr: 3.6280e-06 - 11s/epoch - 357ms/step
Epoch 100/100

Epoch 100: val_loss did not improve from 0.61590
31/31 - 10s - loss: 0.6161 - acc: 0.5002 - val_loss: 0.6159 - val_acc: 0.4992 - lr: 3.6280e-06 - 10s/epoch - 308ms/step
clearing keras session and collecting garbage
finished training: loss = 'cce', run = 2, batch_size = 524288
