Configured CUDA from: /cvmfs/sft.cern.ch/lcg/releases/cuda/12.4-4899e/x86_64-el9-gcc11-opt
GPUs available for tensorflow:
[PhysicalDevice(name='/physical_device:GPU:0', device_type='GPU')]
loading data
preparing data
setting up neural network and starting training
Epoch 1/100

Epoch 1: val_loss improved from inf to 0.61857, saving model to ./saved_models/DCTR_NNLO_cce_pos_rwgt_5_batchsize_65536.tf
248/248 - 6s - loss: 0.6331 - acc: 0.5000 - val_loss: 0.6186 - val_acc: 0.4999 - lr: 0.0010 - 6s/epoch - 26ms/step
Epoch 2/100

Epoch 2: val_loss improved from 0.61857 to 0.61742, saving model to ./saved_models/DCTR_NNLO_cce_pos_rwgt_5_batchsize_65536.tf
248/248 - 9s - loss: 0.6177 - acc: 0.5000 - val_loss: 0.6174 - val_acc: 0.4998 - lr: 0.0010 - 9s/epoch - 35ms/step
Epoch 3/100

Epoch 3: val_loss improved from 0.61742 to 0.61717, saving model to ./saved_models/DCTR_NNLO_cce_pos_rwgt_5_batchsize_65536.tf
248/248 - 6s - loss: 0.6171 - acc: 0.5000 - val_loss: 0.6172 - val_acc: 0.4999 - lr: 0.0010 - 6s/epoch - 26ms/step
Epoch 4/100

Epoch 4: val_loss improved from 0.61717 to 0.61707, saving model to ./saved_models/DCTR_NNLO_cce_pos_rwgt_5_batchsize_65536.tf
248/248 - 5s - loss: 0.6168 - acc: 0.4998 - val_loss: 0.6171 - val_acc: 0.4998 - lr: 0.0010 - 5s/epoch - 19ms/step
Epoch 5/100

Epoch 5: val_loss improved from 0.61707 to 0.61672, saving model to ./saved_models/DCTR_NNLO_cce_pos_rwgt_5_batchsize_65536.tf
248/248 - 5s - loss: 0.6166 - acc: 0.4999 - val_loss: 0.6167 - val_acc: 0.4996 - lr: 0.0010 - 5s/epoch - 19ms/step
Epoch 6/100

Epoch 6: val_loss improved from 0.61672 to 0.61664, saving model to ./saved_models/DCTR_NNLO_cce_pos_rwgt_5_batchsize_65536.tf
248/248 - 6s - loss: 0.6165 - acc: 0.5000 - val_loss: 0.6166 - val_acc: 0.4995 - lr: 0.0010 - 6s/epoch - 22ms/step
Epoch 7/100

Epoch 7: val_loss did not improve from 0.61664
248/248 - 3s - loss: 0.6164 - acc: 0.4999 - val_loss: 0.6175 - val_acc: 0.4993 - lr: 0.0010 - 3s/epoch - 13ms/step
Epoch 8/100

Epoch 8: val_loss improved from 0.61664 to 0.61651, saving model to ./saved_models/DCTR_NNLO_cce_pos_rwgt_5_batchsize_65536.tf
248/248 - 4s - loss: 0.6163 - acc: 0.5000 - val_loss: 0.6165 - val_acc: 0.4994 - lr: 0.0010 - 4s/epoch - 18ms/step
Epoch 9/100

Epoch 9: val_loss did not improve from 0.61651
248/248 - 3s - loss: 0.6163 - acc: 0.5000 - val_loss: 0.6166 - val_acc: 0.4993 - lr: 0.0010 - 3s/epoch - 13ms/step
Epoch 10/100

Epoch 10: val_loss improved from 0.61651 to 0.61646, saving model to ./saved_models/DCTR_NNLO_cce_pos_rwgt_5_batchsize_65536.tf
248/248 - 11s - loss: 0.6162 - acc: 0.5001 - val_loss: 0.6165 - val_acc: 0.4993 - lr: 0.0010 - 11s/epoch - 44ms/step
Epoch 11/100

Epoch 11: val_loss did not improve from 0.61646
248/248 - 3s - loss: 0.6162 - acc: 0.5001 - val_loss: 0.6168 - val_acc: 0.4993 - lr: 0.0010 - 3s/epoch - 13ms/step
Epoch 12/100

Epoch 12: val_loss did not improve from 0.61646
248/248 - 3s - loss: 0.6162 - acc: 0.5000 - val_loss: 0.6165 - val_acc: 0.4999 - lr: 0.0010 - 3s/epoch - 13ms/step
Epoch 13/100

Epoch 13: val_loss improved from 0.61646 to 0.61640, saving model to ./saved_models/DCTR_NNLO_cce_pos_rwgt_5_batchsize_65536.tf
248/248 - 5s - loss: 0.6161 - acc: 0.5000 - val_loss: 0.6164 - val_acc: 0.4994 - lr: 0.0010 - 5s/epoch - 19ms/step
Epoch 14/100

Epoch 14: val_loss improved from 0.61640 to 0.61639, saving model to ./saved_models/DCTR_NNLO_cce_pos_rwgt_5_batchsize_65536.tf
248/248 - 4s - loss: 0.6161 - acc: 0.5000 - val_loss: 0.6164 - val_acc: 0.4998 - lr: 0.0010 - 4s/epoch - 18ms/step
Epoch 15/100

Epoch 15: val_loss improved from 0.61639 to 0.61627, saving model to ./saved_models/DCTR_NNLO_cce_pos_rwgt_5_batchsize_65536.tf
248/248 - 5s - loss: 0.6161 - acc: 0.4999 - val_loss: 0.6163 - val_acc: 0.4998 - lr: 0.0010 - 5s/epoch - 19ms/step
Epoch 16/100

Epoch 16: val_loss did not improve from 0.61627
248/248 - 3s - loss: 0.6161 - acc: 0.5000 - val_loss: 0.6163 - val_acc: 0.4997 - lr: 0.0010 - 3s/epoch - 13ms/step
Epoch 17/100

Epoch 17: val_loss improved from 0.61627 to 0.61623, saving model to ./saved_models/DCTR_NNLO_cce_pos_rwgt_5_batchsize_65536.tf
248/248 - 4s - loss: 0.6161 - acc: 0.5000 - val_loss: 0.6162 - val_acc: 0.4996 - lr: 0.0010 - 4s/epoch - 18ms/step
Epoch 18/100

Epoch 18: val_loss improved from 0.61623 to 0.61621, saving model to ./saved_models/DCTR_NNLO_cce_pos_rwgt_5_batchsize_65536.tf
248/248 - 5s - loss: 0.6161 - acc: 0.5000 - val_loss: 0.6162 - val_acc: 0.4998 - lr: 0.0010 - 5s/epoch - 19ms/step
Epoch 19/100

Epoch 19: val_loss did not improve from 0.61621
248/248 - 3s - loss: 0.6160 - acc: 0.5000 - val_loss: 0.6162 - val_acc: 0.4995 - lr: 0.0010 - 3s/epoch - 13ms/step
Epoch 20/100

Epoch 20: val_loss improved from 0.61621 to 0.61621, saving model to ./saved_models/DCTR_NNLO_cce_pos_rwgt_5_batchsize_65536.tf
248/248 - 5s - loss: 0.6160 - acc: 0.4999 - val_loss: 0.6162 - val_acc: 0.4996 - lr: 0.0010 - 5s/epoch - 18ms/step
Epoch 21/100

Epoch 21: val_loss did not improve from 0.61621

Epoch 21: ReduceLROnPlateau reducing learning rate to 0.0006000000284984708.
248/248 - 3s - loss: 0.6160 - acc: 0.5000 - val_loss: 0.6162 - val_acc: 0.4997 - lr: 0.0010 - 3s/epoch - 13ms/step
Epoch 22/100

Epoch 22: val_loss did not improve from 0.61621
248/248 - 3s - loss: 0.6160 - acc: 0.5000 - val_loss: 0.6162 - val_acc: 0.4999 - lr: 6.0000e-04 - 3s/epoch - 13ms/step
Epoch 23/100

Epoch 23: val_loss improved from 0.61621 to 0.61621, saving model to ./saved_models/DCTR_NNLO_cce_pos_rwgt_5_batchsize_65536.tf
248/248 - 5s - loss: 0.6159 - acc: 0.5000 - val_loss: 0.6162 - val_acc: 0.4999 - lr: 6.0000e-04 - 5s/epoch - 20ms/step
Epoch 24/100

Epoch 24: val_loss did not improve from 0.61621
248/248 - 3s - loss: 0.6160 - acc: 0.5000 - val_loss: 0.6162 - val_acc: 0.4997 - lr: 6.0000e-04 - 3s/epoch - 13ms/step
Epoch 25/100

Epoch 25: val_loss did not improve from 0.61621
248/248 - 3s - loss: 0.6160 - acc: 0.4999 - val_loss: 0.6162 - val_acc: 0.4998 - lr: 6.0000e-04 - 3s/epoch - 13ms/step
Epoch 26/100

Epoch 26: val_loss improved from 0.61621 to 0.61620, saving model to ./saved_models/DCTR_NNLO_cce_pos_rwgt_5_batchsize_65536.tf
248/248 - 4s - loss: 0.6159 - acc: 0.5000 - val_loss: 0.6162 - val_acc: 0.4997 - lr: 6.0000e-04 - 4s/epoch - 18ms/step
Epoch 27/100

Epoch 27: val_loss did not improve from 0.61620

Epoch 27: ReduceLROnPlateau reducing learning rate to 0.0003600000170990825.
248/248 - 3s - loss: 0.6159 - acc: 0.5000 - val_loss: 0.6162 - val_acc: 0.4999 - lr: 6.0000e-04 - 3s/epoch - 13ms/step
Epoch 28/100

Epoch 28: val_loss did not improve from 0.61620
248/248 - 3s - loss: 0.6159 - acc: 0.5000 - val_loss: 0.6162 - val_acc: 0.4999 - lr: 3.6000e-04 - 3s/epoch - 13ms/step
Epoch 29/100

Epoch 29: val_loss did not improve from 0.61620
248/248 - 3s - loss: 0.6159 - acc: 0.5000 - val_loss: 0.6162 - val_acc: 0.5000 - lr: 3.6000e-04 - 3s/epoch - 13ms/step
Epoch 30/100

Epoch 30: val_loss did not improve from 0.61620
248/248 - 3s - loss: 0.6159 - acc: 0.5000 - val_loss: 0.6163 - val_acc: 0.4999 - lr: 3.6000e-04 - 3s/epoch - 13ms/step
Epoch 31/100

Epoch 31: val_loss did not improve from 0.61620
248/248 - 3s - loss: 0.6159 - acc: 0.5001 - val_loss: 0.6162 - val_acc: 0.4997 - lr: 3.6000e-04 - 3s/epoch - 13ms/step
Epoch 32/100

Epoch 32: val_loss improved from 0.61620 to 0.61620, saving model to ./saved_models/DCTR_NNLO_cce_pos_rwgt_5_batchsize_65536.tf
248/248 - 5s - loss: 0.6159 - acc: 0.5000 - val_loss: 0.6162 - val_acc: 0.4996 - lr: 3.6000e-04 - 5s/epoch - 18ms/step
Epoch 33/100

Epoch 33: val_loss improved from 0.61620 to 0.61619, saving model to ./saved_models/DCTR_NNLO_cce_pos_rwgt_5_batchsize_65536.tf

Epoch 33: ReduceLROnPlateau reducing learning rate to 0.00021600000327453016.
248/248 - 5s - loss: 0.6159 - acc: 0.5000 - val_loss: 0.6162 - val_acc: 0.4997 - lr: 3.6000e-04 - 5s/epoch - 21ms/step
Epoch 34/100

Epoch 34: val_loss did not improve from 0.61619
248/248 - 3s - loss: 0.6159 - acc: 0.5000 - val_loss: 0.6162 - val_acc: 0.4995 - lr: 2.1600e-04 - 3s/epoch - 13ms/step
Epoch 35/100

Epoch 35: val_loss did not improve from 0.61619
248/248 - 3s - loss: 0.6159 - acc: 0.5000 - val_loss: 0.6162 - val_acc: 0.4997 - lr: 2.1600e-04 - 3s/epoch - 13ms/step
Epoch 36/100

Epoch 36: val_loss did not improve from 0.61619
248/248 - 3s - loss: 0.6159 - acc: 0.5000 - val_loss: 0.6162 - val_acc: 0.4997 - lr: 2.1600e-04 - 3s/epoch - 13ms/step
Epoch 37/100

Epoch 37: val_loss did not improve from 0.61619
248/248 - 3s - loss: 0.6159 - acc: 0.5000 - val_loss: 0.6162 - val_acc: 0.4997 - lr: 2.1600e-04 - 3s/epoch - 13ms/step
Epoch 38/100

Epoch 38: val_loss did not improve from 0.61619
248/248 - 3s - loss: 0.6159 - acc: 0.5001 - val_loss: 0.6162 - val_acc: 0.4996 - lr: 2.1600e-04 - 3s/epoch - 13ms/step
Epoch 39/100

Epoch 39: val_loss did not improve from 0.61619

Epoch 39: ReduceLROnPlateau reducing learning rate to 0.00012960000021848827.
248/248 - 3s - loss: 0.6159 - acc: 0.5000 - val_loss: 0.6162 - val_acc: 0.4994 - lr: 2.1600e-04 - 3s/epoch - 13ms/step
Epoch 40/100

Epoch 40: val_loss did not improve from 0.61619
248/248 - 3s - loss: 0.6158 - acc: 0.5000 - val_loss: 0.6163 - val_acc: 0.4994 - lr: 1.2960e-04 - 3s/epoch - 13ms/step
Epoch 41/100

Epoch 41: val_loss did not improve from 0.61619
248/248 - 3s - loss: 0.6158 - acc: 0.5000 - val_loss: 0.6162 - val_acc: 0.4997 - lr: 1.2960e-04 - 3s/epoch - 13ms/step
Epoch 42/100

Epoch 42: val_loss did not improve from 0.61619
248/248 - 3s - loss: 0.6158 - acc: 0.5000 - val_loss: 0.6162 - val_acc: 0.4995 - lr: 1.2960e-04 - 3s/epoch - 13ms/step
Epoch 43/100

Epoch 43: val_loss did not improve from 0.61619
248/248 - 3s - loss: 0.6158 - acc: 0.5001 - val_loss: 0.6162 - val_acc: 0.4995 - lr: 1.2960e-04 - 3s/epoch - 13ms/step
Epoch 44/100

Epoch 44: val_loss did not improve from 0.61619
248/248 - 3s - loss: 0.6158 - acc: 0.5000 - val_loss: 0.6162 - val_acc: 0.4991 - lr: 1.2960e-04 - 3s/epoch - 13ms/step
Epoch 45/100

Epoch 45: val_loss did not improve from 0.61619

Epoch 45: ReduceLROnPlateau reducing learning rate to 7.775999838486313e-05.
248/248 - 3s - loss: 0.6158 - acc: 0.5000 - val_loss: 0.6162 - val_acc: 0.4996 - lr: 1.2960e-04 - 3s/epoch - 13ms/step
Epoch 46/100

Epoch 46: val_loss did not improve from 0.61619
248/248 - 3s - loss: 0.6158 - acc: 0.5001 - val_loss: 0.6162 - val_acc: 0.4994 - lr: 7.7760e-05 - 3s/epoch - 13ms/step
Epoch 47/100

Epoch 47: val_loss did not improve from 0.61619
248/248 - 3s - loss: 0.6158 - acc: 0.5000 - val_loss: 0.6162 - val_acc: 0.4996 - lr: 7.7760e-05 - 3s/epoch - 13ms/step
Epoch 48/100

Epoch 48: val_loss did not improve from 0.61619
Restoring model weights from the end of the best epoch: 33.
248/248 - 3s - loss: 0.6158 - acc: 0.5000 - val_loss: 0.6162 - val_acc: 0.4997 - lr: 7.7760e-05 - 3s/epoch - 13ms/step
Epoch 48: early stopping
clearing keras session and collecting garbage
finished training: loss = 'cce', run = 5, batch_size = 65536
