Configured CUDA from: /cvmfs/sft.cern.ch/lcg/releases/cuda/12.4-4899e/x86_64-el9-gcc11-opt
GPUs available for tensorflow:
[PhysicalDevice(name='/physical_device:GPU:0', device_type='GPU')]
loading data
preparing data
setting up neural network and starting training
Epoch 1/100

Epoch 1: val_loss improved from inf to 0.62040, saving model to ./saved_models/DCTR_NNLO_cce_pos_rwgt_3_batchsize_262144.tf
62/62 - 13s - loss: 0.6625 - acc: 0.5000 - val_loss: 0.6204 - val_acc: 0.5001 - lr: 0.0010 - 13s/epoch - 209ms/step
Epoch 2/100

Epoch 2: val_loss improved from 0.62040 to 0.61874, saving model to ./saved_models/DCTR_NNLO_cce_pos_rwgt_3_batchsize_262144.tf
62/62 - 11s - loss: 0.6192 - acc: 0.5000 - val_loss: 0.6187 - val_acc: 0.5000 - lr: 0.0010 - 11s/epoch - 178ms/step
Epoch 3/100

Epoch 3: val_loss improved from 0.61874 to 0.61814, saving model to ./saved_models/DCTR_NNLO_cce_pos_rwgt_3_batchsize_262144.tf
62/62 - 14s - loss: 0.6182 - acc: 0.5000 - val_loss: 0.6181 - val_acc: 0.4999 - lr: 0.0010 - 14s/epoch - 227ms/step
Epoch 4/100

Epoch 4: val_loss improved from 0.61814 to 0.61777, saving model to ./saved_models/DCTR_NNLO_cce_pos_rwgt_3_batchsize_262144.tf
62/62 - 19s - loss: 0.6177 - acc: 0.5000 - val_loss: 0.6178 - val_acc: 0.4998 - lr: 0.0010 - 19s/epoch - 305ms/step
Epoch 5/100

Epoch 5: val_loss improved from 0.61777 to 0.61752, saving model to ./saved_models/DCTR_NNLO_cce_pos_rwgt_3_batchsize_262144.tf
62/62 - 11s - loss: 0.6174 - acc: 0.5000 - val_loss: 0.6175 - val_acc: 0.4999 - lr: 0.0010 - 11s/epoch - 179ms/step
Epoch 6/100

Epoch 6: val_loss improved from 0.61752 to 0.61733, saving model to ./saved_models/DCTR_NNLO_cce_pos_rwgt_3_batchsize_262144.tf
62/62 - 12s - loss: 0.6171 - acc: 0.5000 - val_loss: 0.6173 - val_acc: 0.4998 - lr: 0.0010 - 12s/epoch - 189ms/step
Epoch 7/100

Epoch 7: val_loss improved from 0.61733 to 0.61718, saving model to ./saved_models/DCTR_NNLO_cce_pos_rwgt_3_batchsize_262144.tf
62/62 - 12s - loss: 0.6170 - acc: 0.5000 - val_loss: 0.6172 - val_acc: 0.4998 - lr: 0.0010 - 12s/epoch - 196ms/step
Epoch 8/100

Epoch 8: val_loss improved from 0.61718 to 0.61706, saving model to ./saved_models/DCTR_NNLO_cce_pos_rwgt_3_batchsize_262144.tf
62/62 - 12s - loss: 0.6168 - acc: 0.4999 - val_loss: 0.6171 - val_acc: 0.4997 - lr: 0.0010 - 12s/epoch - 187ms/step
Epoch 9/100

Epoch 9: val_loss improved from 0.61706 to 0.61699, saving model to ./saved_models/DCTR_NNLO_cce_pos_rwgt_3_batchsize_262144.tf
62/62 - 14s - loss: 0.6167 - acc: 0.5000 - val_loss: 0.6170 - val_acc: 0.4998 - lr: 0.0010 - 14s/epoch - 220ms/step
Epoch 10/100

Epoch 10: val_loss improved from 0.61699 to 0.61690, saving model to ./saved_models/DCTR_NNLO_cce_pos_rwgt_3_batchsize_262144.tf
62/62 - 12s - loss: 0.6166 - acc: 0.5000 - val_loss: 0.6169 - val_acc: 0.4996 - lr: 0.0010 - 12s/epoch - 187ms/step
Epoch 11/100

Epoch 11: val_loss improved from 0.61690 to 0.61682, saving model to ./saved_models/DCTR_NNLO_cce_pos_rwgt_3_batchsize_262144.tf
62/62 - 11s - loss: 0.6166 - acc: 0.5000 - val_loss: 0.6168 - val_acc: 0.4997 - lr: 0.0010 - 11s/epoch - 184ms/step
Epoch 12/100

Epoch 12: val_loss improved from 0.61682 to 0.61679, saving model to ./saved_models/DCTR_NNLO_cce_pos_rwgt_3_batchsize_262144.tf
62/62 - 12s - loss: 0.6165 - acc: 0.5000 - val_loss: 0.6168 - val_acc: 0.4996 - lr: 0.0010 - 12s/epoch - 200ms/step
Epoch 13/100

Epoch 13: val_loss improved from 0.61679 to 0.61674, saving model to ./saved_models/DCTR_NNLO_cce_pos_rwgt_3_batchsize_262144.tf
62/62 - 11s - loss: 0.6164 - acc: 0.5000 - val_loss: 0.6167 - val_acc: 0.4997 - lr: 0.0010 - 11s/epoch - 183ms/step
Epoch 14/100

Epoch 14: val_loss did not improve from 0.61674
62/62 - 10s - loss: 0.6164 - acc: 0.5000 - val_loss: 0.6168 - val_acc: 0.4995 - lr: 0.0010 - 10s/epoch - 155ms/step
Epoch 15/100

Epoch 15: val_loss improved from 0.61674 to 0.61668, saving model to ./saved_models/DCTR_NNLO_cce_pos_rwgt_3_batchsize_262144.tf
62/62 - 11s - loss: 0.6165 - acc: 0.5000 - val_loss: 0.6167 - val_acc: 0.4997 - lr: 0.0010 - 11s/epoch - 181ms/step
Epoch 16/100

Epoch 16: val_loss did not improve from 0.61668
62/62 - 10s - loss: 0.6163 - acc: 0.5000 - val_loss: 0.6167 - val_acc: 0.4998 - lr: 0.0010 - 10s/epoch - 156ms/step
Epoch 17/100

Epoch 17: val_loss improved from 0.61668 to 0.61663, saving model to ./saved_models/DCTR_NNLO_cce_pos_rwgt_3_batchsize_262144.tf
62/62 - 11s - loss: 0.6163 - acc: 0.5001 - val_loss: 0.6166 - val_acc: 0.4997 - lr: 0.0010 - 11s/epoch - 183ms/step
Epoch 18/100

Epoch 18: val_loss improved from 0.61663 to 0.61662, saving model to ./saved_models/DCTR_NNLO_cce_pos_rwgt_3_batchsize_262144.tf
62/62 - 11s - loss: 0.6163 - acc: 0.5000 - val_loss: 0.6166 - val_acc: 0.4994 - lr: 0.0010 - 11s/epoch - 180ms/step
Epoch 19/100

Epoch 19: val_loss improved from 0.61662 to 0.61659, saving model to ./saved_models/DCTR_NNLO_cce_pos_rwgt_3_batchsize_262144.tf
62/62 - 11s - loss: 0.6162 - acc: 0.5000 - val_loss: 0.6166 - val_acc: 0.4994 - lr: 0.0010 - 11s/epoch - 179ms/step
Epoch 20/100

Epoch 20: val_loss improved from 0.61659 to 0.61658, saving model to ./saved_models/DCTR_NNLO_cce_pos_rwgt_3_batchsize_262144.tf
62/62 - 12s - loss: 0.6162 - acc: 0.5000 - val_loss: 0.6166 - val_acc: 0.4996 - lr: 0.0010 - 12s/epoch - 186ms/step
Epoch 21/100

Epoch 21: val_loss did not improve from 0.61658
62/62 - 10s - loss: 0.6162 - acc: 0.5000 - val_loss: 0.6166 - val_acc: 0.4996 - lr: 0.0010 - 10s/epoch - 156ms/step
Epoch 22/100

Epoch 22: val_loss improved from 0.61658 to 0.61655, saving model to ./saved_models/DCTR_NNLO_cce_pos_rwgt_3_batchsize_262144.tf
62/62 - 11s - loss: 0.6162 - acc: 0.5001 - val_loss: 0.6165 - val_acc: 0.4997 - lr: 0.0010 - 11s/epoch - 179ms/step
Epoch 23/100

Epoch 23: val_loss did not improve from 0.61655
62/62 - 10s - loss: 0.6162 - acc: 0.5000 - val_loss: 0.6168 - val_acc: 0.5000 - lr: 0.0010 - 10s/epoch - 156ms/step
Epoch 24/100

Epoch 24: val_loss improved from 0.61655 to 0.61652, saving model to ./saved_models/DCTR_NNLO_cce_pos_rwgt_3_batchsize_262144.tf
62/62 - 12s - loss: 0.6162 - acc: 0.5000 - val_loss: 0.6165 - val_acc: 0.4994 - lr: 0.0010 - 12s/epoch - 186ms/step
Epoch 25/100

Epoch 25: val_loss improved from 0.61652 to 0.61650, saving model to ./saved_models/DCTR_NNLO_cce_pos_rwgt_3_batchsize_262144.tf
62/62 - 11s - loss: 0.6162 - acc: 0.5000 - val_loss: 0.6165 - val_acc: 0.4995 - lr: 0.0010 - 11s/epoch - 179ms/step
Epoch 26/100

Epoch 26: val_loss did not improve from 0.61650

Epoch 26: ReduceLROnPlateau reducing learning rate to 0.0006000000284984708.
62/62 - 10s - loss: 0.6161 - acc: 0.5000 - val_loss: 0.6165 - val_acc: 0.4995 - lr: 0.0010 - 10s/epoch - 158ms/step
Epoch 27/100

Epoch 27: val_loss did not improve from 0.61650
62/62 - 10s - loss: 0.6161 - acc: 0.5001 - val_loss: 0.6166 - val_acc: 0.4992 - lr: 6.0000e-04 - 10s/epoch - 155ms/step
Epoch 28/100

Epoch 28: val_loss improved from 0.61650 to 0.61649, saving model to ./saved_models/DCTR_NNLO_cce_pos_rwgt_3_batchsize_262144.tf
62/62 - 11s - loss: 0.6161 - acc: 0.5001 - val_loss: 0.6165 - val_acc: 0.4995 - lr: 6.0000e-04 - 11s/epoch - 184ms/step
Epoch 29/100

Epoch 29: val_loss improved from 0.61649 to 0.61649, saving model to ./saved_models/DCTR_NNLO_cce_pos_rwgt_3_batchsize_262144.tf
62/62 - 11s - loss: 0.6161 - acc: 0.5000 - val_loss: 0.6165 - val_acc: 0.4994 - lr: 6.0000e-04 - 11s/epoch - 181ms/step
Epoch 30/100

Epoch 30: val_loss did not improve from 0.61649
62/62 - 10s - loss: 0.6161 - acc: 0.5000 - val_loss: 0.6166 - val_acc: 0.4998 - lr: 6.0000e-04 - 10s/epoch - 156ms/step
Epoch 31/100

Epoch 31: val_loss improved from 0.61649 to 0.61647, saving model to ./saved_models/DCTR_NNLO_cce_pos_rwgt_3_batchsize_262144.tf
62/62 - 11s - loss: 0.6161 - acc: 0.5001 - val_loss: 0.6165 - val_acc: 0.4995 - lr: 6.0000e-04 - 11s/epoch - 178ms/step
Epoch 32/100

Epoch 32: val_loss did not improve from 0.61647
62/62 - 10s - loss: 0.6161 - acc: 0.5000 - val_loss: 0.6165 - val_acc: 0.4995 - lr: 6.0000e-04 - 10s/epoch - 156ms/step
Epoch 33/100

Epoch 33: val_loss did not improve from 0.61647
62/62 - 10s - loss: 0.6161 - acc: 0.5001 - val_loss: 0.6165 - val_acc: 0.4997 - lr: 6.0000e-04 - 10s/epoch - 155ms/step
Epoch 34/100

Epoch 34: val_loss did not improve from 0.61647
62/62 - 10s - loss: 0.6161 - acc: 0.5000 - val_loss: 0.6165 - val_acc: 0.4993 - lr: 6.0000e-04 - 10s/epoch - 156ms/step
Epoch 35/100

Epoch 35: val_loss did not improve from 0.61647
62/62 - 10s - loss: 0.6161 - acc: 0.5000 - val_loss: 0.6165 - val_acc: 0.4991 - lr: 6.0000e-04 - 10s/epoch - 156ms/step
Epoch 36/100

Epoch 36: val_loss did not improve from 0.61647
62/62 - 10s - loss: 0.6160 - acc: 0.5000 - val_loss: 0.6165 - val_acc: 0.4998 - lr: 6.0000e-04 - 10s/epoch - 157ms/step
Epoch 37/100

Epoch 37: val_loss improved from 0.61647 to 0.61646, saving model to ./saved_models/DCTR_NNLO_cce_pos_rwgt_3_batchsize_262144.tf

Epoch 37: ReduceLROnPlateau reducing learning rate to 0.0003600000170990825.
62/62 - 11s - loss: 0.6160 - acc: 0.5001 - val_loss: 0.6165 - val_acc: 0.4996 - lr: 6.0000e-04 - 11s/epoch - 182ms/step
Epoch 38/100

Epoch 38: val_loss did not improve from 0.61646
62/62 - 10s - loss: 0.6160 - acc: 0.5001 - val_loss: 0.6165 - val_acc: 0.4996 - lr: 3.6000e-04 - 10s/epoch - 157ms/step
Epoch 39/100

Epoch 39: val_loss improved from 0.61646 to 0.61646, saving model to ./saved_models/DCTR_NNLO_cce_pos_rwgt_3_batchsize_262144.tf
62/62 - 11s - loss: 0.6160 - acc: 0.5000 - val_loss: 0.6165 - val_acc: 0.4997 - lr: 3.6000e-04 - 11s/epoch - 181ms/step
Epoch 40/100

Epoch 40: val_loss improved from 0.61646 to 0.61645, saving model to ./saved_models/DCTR_NNLO_cce_pos_rwgt_3_batchsize_262144.tf
62/62 - 11s - loss: 0.6160 - acc: 0.5001 - val_loss: 0.6164 - val_acc: 0.4995 - lr: 3.6000e-04 - 11s/epoch - 182ms/step
Epoch 41/100

Epoch 41: val_loss did not improve from 0.61645
62/62 - 10s - loss: 0.6160 - acc: 0.5001 - val_loss: 0.6165 - val_acc: 0.4996 - lr: 3.6000e-04 - 10s/epoch - 156ms/step
Epoch 42/100

Epoch 42: val_loss did not improve from 0.61645
62/62 - 10s - loss: 0.6160 - acc: 0.5001 - val_loss: 0.6165 - val_acc: 0.4991 - lr: 3.6000e-04 - 10s/epoch - 155ms/step
Epoch 43/100

Epoch 43: val_loss did not improve from 0.61645

Epoch 43: ReduceLROnPlateau reducing learning rate to 0.00021600000327453016.
62/62 - 10s - loss: 0.6160 - acc: 0.5000 - val_loss: 0.6165 - val_acc: 0.4996 - lr: 3.6000e-04 - 10s/epoch - 156ms/step
Epoch 44/100

Epoch 44: val_loss did not improve from 0.61645
62/62 - 10s - loss: 0.6160 - acc: 0.5001 - val_loss: 0.6165 - val_acc: 0.4993 - lr: 2.1600e-04 - 10s/epoch - 154ms/step
Epoch 45/100

Epoch 45: val_loss did not improve from 0.61645
62/62 - 10s - loss: 0.6160 - acc: 0.5001 - val_loss: 0.6164 - val_acc: 0.4995 - lr: 2.1600e-04 - 10s/epoch - 156ms/step
Epoch 46/100

Epoch 46: val_loss improved from 0.61645 to 0.61644, saving model to ./saved_models/DCTR_NNLO_cce_pos_rwgt_3_batchsize_262144.tf
62/62 - 11s - loss: 0.6160 - acc: 0.5000 - val_loss: 0.6164 - val_acc: 0.4995 - lr: 2.1600e-04 - 11s/epoch - 178ms/step
Epoch 47/100

Epoch 47: val_loss did not improve from 0.61644
62/62 - 10s - loss: 0.6160 - acc: 0.5001 - val_loss: 0.6165 - val_acc: 0.4996 - lr: 2.1600e-04 - 10s/epoch - 156ms/step
Epoch 48/100

Epoch 48: val_loss did not improve from 0.61644
62/62 - 10s - loss: 0.6160 - acc: 0.5001 - val_loss: 0.6165 - val_acc: 0.4997 - lr: 2.1600e-04 - 10s/epoch - 157ms/step
Epoch 49/100

Epoch 49: val_loss did not improve from 0.61644

Epoch 49: ReduceLROnPlateau reducing learning rate to 0.00012960000021848827.
62/62 - 10s - loss: 0.6160 - acc: 0.5000 - val_loss: 0.6164 - val_acc: 0.4997 - lr: 2.1600e-04 - 10s/epoch - 154ms/step
Epoch 50/100

Epoch 50: val_loss improved from 0.61644 to 0.61643, saving model to ./saved_models/DCTR_NNLO_cce_pos_rwgt_3_batchsize_262144.tf
62/62 - 11s - loss: 0.6160 - acc: 0.5001 - val_loss: 0.6164 - val_acc: 0.4994 - lr: 1.2960e-04 - 11s/epoch - 185ms/step
Epoch 51/100

Epoch 51: val_loss did not improve from 0.61643
62/62 - 10s - loss: 0.6160 - acc: 0.5001 - val_loss: 0.6164 - val_acc: 0.4995 - lr: 1.2960e-04 - 10s/epoch - 155ms/step
Epoch 52/100

Epoch 52: val_loss did not improve from 0.61643
62/62 - 10s - loss: 0.6160 - acc: 0.5001 - val_loss: 0.6164 - val_acc: 0.4994 - lr: 1.2960e-04 - 10s/epoch - 158ms/step
Epoch 53/100

Epoch 53: val_loss did not improve from 0.61643
62/62 - 10s - loss: 0.6160 - acc: 0.5000 - val_loss: 0.6164 - val_acc: 0.4994 - lr: 1.2960e-04 - 10s/epoch - 155ms/step
Epoch 54/100

Epoch 54: val_loss did not improve from 0.61643
62/62 - 10s - loss: 0.6160 - acc: 0.5001 - val_loss: 0.6164 - val_acc: 0.4995 - lr: 1.2960e-04 - 10s/epoch - 155ms/step
Epoch 55/100

Epoch 55: val_loss did not improve from 0.61643

Epoch 55: ReduceLROnPlateau reducing learning rate to 7.775999838486313e-05.
62/62 - 10s - loss: 0.6160 - acc: 0.5001 - val_loss: 0.6164 - val_acc: 0.4993 - lr: 1.2960e-04 - 10s/epoch - 159ms/step
Epoch 56/100

Epoch 56: val_loss did not improve from 0.61643
62/62 - 10s - loss: 0.6160 - acc: 0.5001 - val_loss: 0.6164 - val_acc: 0.4994 - lr: 7.7760e-05 - 10s/epoch - 157ms/step
Epoch 57/100

Epoch 57: val_loss did not improve from 0.61643
62/62 - 10s - loss: 0.6160 - acc: 0.5001 - val_loss: 0.6164 - val_acc: 0.4993 - lr: 7.7760e-05 - 10s/epoch - 154ms/step
Epoch 58/100

Epoch 58: val_loss did not improve from 0.61643
62/62 - 10s - loss: 0.6160 - acc: 0.5001 - val_loss: 0.6164 - val_acc: 0.4995 - lr: 7.7760e-05 - 10s/epoch - 156ms/step
Epoch 59/100

Epoch 59: val_loss did not improve from 0.61643
62/62 - 10s - loss: 0.6160 - acc: 0.5001 - val_loss: 0.6164 - val_acc: 0.4994 - lr: 7.7760e-05 - 10s/epoch - 160ms/step
Epoch 60/100

Epoch 60: val_loss did not improve from 0.61643
62/62 - 10s - loss: 0.6160 - acc: 0.5001 - val_loss: 0.6165 - val_acc: 0.4992 - lr: 7.7760e-05 - 10s/epoch - 156ms/step
Epoch 61/100

Epoch 61: val_loss improved from 0.61643 to 0.61643, saving model to ./saved_models/DCTR_NNLO_cce_pos_rwgt_3_batchsize_262144.tf

Epoch 61: ReduceLROnPlateau reducing learning rate to 4.6655999904032795e-05.
62/62 - 11s - loss: 0.6160 - acc: 0.5001 - val_loss: 0.6164 - val_acc: 0.4993 - lr: 7.7760e-05 - 11s/epoch - 181ms/step
Epoch 62/100

Epoch 62: val_loss did not improve from 0.61643
62/62 - 10s - loss: 0.6160 - acc: 0.5001 - val_loss: 0.6164 - val_acc: 0.4995 - lr: 4.6656e-05 - 10s/epoch - 158ms/step
Epoch 63/100

Epoch 63: val_loss did not improve from 0.61643
62/62 - 10s - loss: 0.6159 - acc: 0.5001 - val_loss: 0.6164 - val_acc: 0.4994 - lr: 4.6656e-05 - 10s/epoch - 155ms/step
Epoch 64/100

Epoch 64: val_loss did not improve from 0.61643
62/62 - 10s - loss: 0.6159 - acc: 0.5001 - val_loss: 0.6164 - val_acc: 0.4994 - lr: 4.6656e-05 - 10s/epoch - 155ms/step
Epoch 65/100

Epoch 65: val_loss did not improve from 0.61643
62/62 - 10s - loss: 0.6160 - acc: 0.5001 - val_loss: 0.6164 - val_acc: 0.4995 - lr: 4.6656e-05 - 10s/epoch - 154ms/step
Epoch 66/100

Epoch 66: val_loss did not improve from 0.61643
62/62 - 10s - loss: 0.6160 - acc: 0.5001 - val_loss: 0.6164 - val_acc: 0.4993 - lr: 4.6656e-05 - 10s/epoch - 156ms/step
Epoch 67/100

Epoch 67: val_loss did not improve from 0.61643

Epoch 67: ReduceLROnPlateau reducing learning rate to 2.799360081553459e-05.
62/62 - 10s - loss: 0.6159 - acc: 0.5001 - val_loss: 0.6164 - val_acc: 0.4994 - lr: 4.6656e-05 - 10s/epoch - 155ms/step
Epoch 68/100

Epoch 68: val_loss did not improve from 0.61643
62/62 - 10s - loss: 0.6159 - acc: 0.5001 - val_loss: 0.6164 - val_acc: 0.4993 - lr: 2.7994e-05 - 10s/epoch - 155ms/step
Epoch 69/100

Epoch 69: val_loss did not improve from 0.61643
62/62 - 10s - loss: 0.6159 - acc: 0.5001 - val_loss: 0.6164 - val_acc: 0.4994 - lr: 2.7994e-05 - 10s/epoch - 159ms/step
Epoch 70/100

Epoch 70: val_loss did not improve from 0.61643
62/62 - 10s - loss: 0.6159 - acc: 0.5001 - val_loss: 0.6164 - val_acc: 0.4994 - lr: 2.7994e-05 - 10s/epoch - 156ms/step
Epoch 71/100

Epoch 71: val_loss did not improve from 0.61643
62/62 - 10s - loss: 0.6159 - acc: 0.5001 - val_loss: 0.6164 - val_acc: 0.4994 - lr: 2.7994e-05 - 10s/epoch - 154ms/step
Epoch 72/100

Epoch 72: val_loss did not improve from 0.61643
62/62 - 10s - loss: 0.6159 - acc: 0.5001 - val_loss: 0.6164 - val_acc: 0.4993 - lr: 2.7994e-05 - 10s/epoch - 157ms/step
Epoch 73/100

Epoch 73: val_loss did not improve from 0.61643

Epoch 73: ReduceLROnPlateau reducing learning rate to 1.6796160707599483e-05.
62/62 - 10s - loss: 0.6159 - acc: 0.5001 - val_loss: 0.6164 - val_acc: 0.4994 - lr: 2.7994e-05 - 10s/epoch - 159ms/step
Epoch 74/100

Epoch 74: val_loss did not improve from 0.61643
62/62 - 10s - loss: 0.6159 - acc: 0.5001 - val_loss: 0.6164 - val_acc: 0.4993 - lr: 1.6796e-05 - 10s/epoch - 156ms/step
Epoch 75/100

Epoch 75: val_loss did not improve from 0.61643
62/62 - 10s - loss: 0.6159 - acc: 0.5001 - val_loss: 0.6164 - val_acc: 0.4994 - lr: 1.6796e-05 - 10s/epoch - 159ms/step
Epoch 76/100

Epoch 76: val_loss did not improve from 0.61643
Restoring model weights from the end of the best epoch: 61.
62/62 - 10s - loss: 0.6159 - acc: 0.5001 - val_loss: 0.6164 - val_acc: 0.4994 - lr: 1.6796e-05 - 10s/epoch - 155ms/step
Epoch 76: early stopping
clearing keras session and collecting garbage
finished training: loss = 'cce', run = 3, batch_size = 262144
