Configured CUDA from: /cvmfs/sft.cern.ch/lcg/releases/cuda/12.4-4899e/x86_64-el9-gcc11-opt
GPUs available for tensorflow:
[PhysicalDevice(name='/physical_device:GPU:0', device_type='GPU')]
loading data
preparing data
setting up neural network and starting training
Epoch 1/100

Epoch 1: val_loss improved from inf to 0.61727, saving model to ./saved_models/DCTR_NNLO_cce_pos_rwgt_5_batchsize_32768.tf
496/496 - 15s - loss: 0.6269 - acc: 0.4999 - val_loss: 0.6173 - val_acc: 0.5002 - lr: 0.0010 - 15s/epoch - 30ms/step
Epoch 2/100

Epoch 2: val_loss improved from 0.61727 to 0.61670, saving model to ./saved_models/DCTR_NNLO_cce_pos_rwgt_5_batchsize_32768.tf
496/496 - 12s - loss: 0.6167 - acc: 0.4998 - val_loss: 0.6167 - val_acc: 0.5002 - lr: 0.0010 - 12s/epoch - 24ms/step
Epoch 3/100

Epoch 3: val_loss improved from 0.61670 to 0.61660, saving model to ./saved_models/DCTR_NNLO_cce_pos_rwgt_5_batchsize_32768.tf
496/496 - 12s - loss: 0.6164 - acc: 0.4998 - val_loss: 0.6166 - val_acc: 0.5001 - lr: 0.0010 - 12s/epoch - 25ms/step
Epoch 4/100

Epoch 4: val_loss improved from 0.61660 to 0.61644, saving model to ./saved_models/DCTR_NNLO_cce_pos_rwgt_5_batchsize_32768.tf
496/496 - 12s - loss: 0.6163 - acc: 0.4999 - val_loss: 0.6164 - val_acc: 0.5002 - lr: 0.0010 - 12s/epoch - 24ms/step
Epoch 5/100

Epoch 5: val_loss improved from 0.61644 to 0.61639, saving model to ./saved_models/DCTR_NNLO_cce_pos_rwgt_5_batchsize_32768.tf
496/496 - 12s - loss: 0.6162 - acc: 0.4999 - val_loss: 0.6164 - val_acc: 0.5001 - lr: 0.0010 - 12s/epoch - 24ms/step
Epoch 6/100

Epoch 6: val_loss did not improve from 0.61639
496/496 - 11s - loss: 0.6161 - acc: 0.4999 - val_loss: 0.6172 - val_acc: 0.5004 - lr: 0.0010 - 11s/epoch - 22ms/step
Epoch 7/100

Epoch 7: val_loss improved from 0.61639 to 0.61634, saving model to ./saved_models/DCTR_NNLO_cce_pos_rwgt_5_batchsize_32768.tf
496/496 - 13s - loss: 0.6161 - acc: 0.4999 - val_loss: 0.6163 - val_acc: 0.5002 - lr: 0.0010 - 13s/epoch - 25ms/step
Epoch 8/100

Epoch 8: val_loss improved from 0.61634 to 0.61631, saving model to ./saved_models/DCTR_NNLO_cce_pos_rwgt_5_batchsize_32768.tf
496/496 - 13s - loss: 0.6161 - acc: 0.5000 - val_loss: 0.6163 - val_acc: 0.5001 - lr: 0.0010 - 13s/epoch - 25ms/step
Epoch 9/100

Epoch 9: val_loss did not improve from 0.61631
496/496 - 11s - loss: 0.6160 - acc: 0.4999 - val_loss: 0.6164 - val_acc: 0.5004 - lr: 0.0010 - 11s/epoch - 22ms/step
Epoch 10/100

Epoch 10: val_loss did not improve from 0.61631
496/496 - 11s - loss: 0.6160 - acc: 0.5000 - val_loss: 0.6164 - val_acc: 0.5003 - lr: 0.0010 - 11s/epoch - 22ms/step
Epoch 11/100

Epoch 11: val_loss improved from 0.61631 to 0.61628, saving model to ./saved_models/DCTR_NNLO_cce_pos_rwgt_5_batchsize_32768.tf
496/496 - 13s - loss: 0.6160 - acc: 0.4999 - val_loss: 0.6163 - val_acc: 0.5004 - lr: 0.0010 - 13s/epoch - 26ms/step
Epoch 12/100

Epoch 12: val_loss improved from 0.61628 to 0.61627, saving model to ./saved_models/DCTR_NNLO_cce_pos_rwgt_5_batchsize_32768.tf
496/496 - 12s - loss: 0.6160 - acc: 0.4999 - val_loss: 0.6163 - val_acc: 0.5002 - lr: 0.0010 - 12s/epoch - 25ms/step
Epoch 13/100

Epoch 13: val_loss improved from 0.61627 to 0.61626, saving model to ./saved_models/DCTR_NNLO_cce_pos_rwgt_5_batchsize_32768.tf

Epoch 13: ReduceLROnPlateau reducing learning rate to 0.0006000000284984708.
496/496 - 14s - loss: 0.6160 - acc: 0.4999 - val_loss: 0.6163 - val_acc: 0.5004 - lr: 0.0010 - 14s/epoch - 28ms/step
Epoch 14/100

Epoch 14: val_loss improved from 0.61626 to 0.61622, saving model to ./saved_models/DCTR_NNLO_cce_pos_rwgt_5_batchsize_32768.tf
496/496 - 12s - loss: 0.6159 - acc: 0.4999 - val_loss: 0.6162 - val_acc: 0.5003 - lr: 6.0000e-04 - 12s/epoch - 25ms/step
Epoch 15/100

Epoch 15: val_loss did not improve from 0.61622
496/496 - 11s - loss: 0.6159 - acc: 0.4999 - val_loss: 0.6162 - val_acc: 0.5004 - lr: 6.0000e-04 - 11s/epoch - 22ms/step
Epoch 16/100

Epoch 16: val_loss did not improve from 0.61622
496/496 - 11s - loss: 0.6159 - acc: 0.5000 - val_loss: 0.6162 - val_acc: 0.5003 - lr: 6.0000e-04 - 11s/epoch - 22ms/step
Epoch 17/100

Epoch 17: val_loss did not improve from 0.61622
496/496 - 11s - loss: 0.6159 - acc: 0.4999 - val_loss: 0.6163 - val_acc: 0.5004 - lr: 6.0000e-04 - 11s/epoch - 22ms/step
Epoch 18/100

Epoch 18: val_loss did not improve from 0.61622
496/496 - 11s - loss: 0.6159 - acc: 0.4999 - val_loss: 0.6162 - val_acc: 0.5004 - lr: 6.0000e-04 - 11s/epoch - 22ms/step
Epoch 19/100

Epoch 19: val_loss did not improve from 0.61622
496/496 - 11s - loss: 0.6159 - acc: 0.5000 - val_loss: 0.6162 - val_acc: 0.5001 - lr: 6.0000e-04 - 11s/epoch - 22ms/step
Epoch 20/100

Epoch 20: val_loss did not improve from 0.61622

Epoch 20: ReduceLROnPlateau reducing learning rate to 0.0003600000170990825.
496/496 - 11s - loss: 0.6159 - acc: 0.4999 - val_loss: 0.6162 - val_acc: 0.5004 - lr: 6.0000e-04 - 11s/epoch - 22ms/step
Epoch 21/100

Epoch 21: val_loss did not improve from 0.61622
496/496 - 11s - loss: 0.6159 - acc: 0.4999 - val_loss: 0.6162 - val_acc: 0.5004 - lr: 3.6000e-04 - 11s/epoch - 22ms/step
Epoch 22/100

Epoch 22: val_loss did not improve from 0.61622
496/496 - 11s - loss: 0.6159 - acc: 0.4999 - val_loss: 0.6163 - val_acc: 0.5004 - lr: 3.6000e-04 - 11s/epoch - 22ms/step
Epoch 23/100

Epoch 23: val_loss improved from 0.61622 to 0.61622, saving model to ./saved_models/DCTR_NNLO_cce_pos_rwgt_5_batchsize_32768.tf
496/496 - 12s - loss: 0.6159 - acc: 0.5000 - val_loss: 0.6162 - val_acc: 0.5004 - lr: 3.6000e-04 - 12s/epoch - 25ms/step
Epoch 24/100

Epoch 24: val_loss did not improve from 0.61622
496/496 - 11s - loss: 0.6159 - acc: 0.5000 - val_loss: 0.6164 - val_acc: 0.5001 - lr: 3.6000e-04 - 11s/epoch - 22ms/step
Epoch 25/100

Epoch 25: val_loss improved from 0.61622 to 0.61621, saving model to ./saved_models/DCTR_NNLO_cce_pos_rwgt_5_batchsize_32768.tf
496/496 - 12s - loss: 0.6159 - acc: 0.5000 - val_loss: 0.6162 - val_acc: 0.5002 - lr: 3.6000e-04 - 12s/epoch - 25ms/step
Epoch 26/100

Epoch 26: val_loss did not improve from 0.61621

Epoch 26: ReduceLROnPlateau reducing learning rate to 0.00021600000327453016.
496/496 - 11s - loss: 0.6159 - acc: 0.4999 - val_loss: 0.6162 - val_acc: 0.5004 - lr: 3.6000e-04 - 11s/epoch - 22ms/step
Epoch 27/100

Epoch 27: val_loss improved from 0.61621 to 0.61620, saving model to ./saved_models/DCTR_NNLO_cce_pos_rwgt_5_batchsize_32768.tf
496/496 - 12s - loss: 0.6158 - acc: 0.4999 - val_loss: 0.6162 - val_acc: 0.5003 - lr: 2.1600e-04 - 12s/epoch - 25ms/step
Epoch 28/100

Epoch 28: val_loss did not improve from 0.61620
496/496 - 11s - loss: 0.6158 - acc: 0.4999 - val_loss: 0.6162 - val_acc: 0.5004 - lr: 2.1600e-04 - 11s/epoch - 22ms/step
Epoch 29/100

Epoch 29: val_loss improved from 0.61620 to 0.61619, saving model to ./saved_models/DCTR_NNLO_cce_pos_rwgt_5_batchsize_32768.tf
496/496 - 13s - loss: 0.6158 - acc: 0.4999 - val_loss: 0.6162 - val_acc: 0.5004 - lr: 2.1600e-04 - 13s/epoch - 27ms/step
Epoch 30/100

Epoch 30: val_loss did not improve from 0.61619
496/496 - 11s - loss: 0.6158 - acc: 0.4999 - val_loss: 0.6162 - val_acc: 0.5004 - lr: 2.1600e-04 - 11s/epoch - 21ms/step
Epoch 31/100

Epoch 31: val_loss did not improve from 0.61619
496/496 - 11s - loss: 0.6158 - acc: 0.4999 - val_loss: 0.6162 - val_acc: 0.5003 - lr: 2.1600e-04 - 11s/epoch - 22ms/step
Epoch 32/100

Epoch 32: val_loss did not improve from 0.61619

Epoch 32: ReduceLROnPlateau reducing learning rate to 0.00012960000021848827.
496/496 - 11s - loss: 0.6158 - acc: 0.5000 - val_loss: 0.6162 - val_acc: 0.5004 - lr: 2.1600e-04 - 11s/epoch - 22ms/step
Epoch 33/100

Epoch 33: val_loss did not improve from 0.61619
496/496 - 11s - loss: 0.6158 - acc: 0.4999 - val_loss: 0.6162 - val_acc: 0.5002 - lr: 1.2960e-04 - 11s/epoch - 22ms/step
Epoch 34/100

Epoch 34: val_loss improved from 0.61619 to 0.61618, saving model to ./saved_models/DCTR_NNLO_cce_pos_rwgt_5_batchsize_32768.tf
496/496 - 12s - loss: 0.6158 - acc: 0.5000 - val_loss: 0.6162 - val_acc: 0.5003 - lr: 1.2960e-04 - 12s/epoch - 25ms/step
Epoch 35/100

Epoch 35: val_loss improved from 0.61618 to 0.61617, saving model to ./saved_models/DCTR_NNLO_cce_pos_rwgt_5_batchsize_32768.tf
496/496 - 20s - loss: 0.6157 - acc: 0.4999 - val_loss: 0.6162 - val_acc: 0.5003 - lr: 1.2960e-04 - 20s/epoch - 40ms/step
Epoch 36/100

Epoch 36: val_loss did not improve from 0.61617
496/496 - 10s - loss: 0.6157 - acc: 0.4999 - val_loss: 0.6162 - val_acc: 0.5003 - lr: 1.2960e-04 - 10s/epoch - 21ms/step
Epoch 37/100

Epoch 37: val_loss improved from 0.61617 to 0.61615, saving model to ./saved_models/DCTR_NNLO_cce_pos_rwgt_5_batchsize_32768.tf
496/496 - 12s - loss: 0.6157 - acc: 0.4999 - val_loss: 0.6162 - val_acc: 0.5004 - lr: 1.2960e-04 - 12s/epoch - 25ms/step
Epoch 38/100

Epoch 38: val_loss did not improve from 0.61615

Epoch 38: ReduceLROnPlateau reducing learning rate to 7.775999838486313e-05.
496/496 - 11s - loss: 0.6157 - acc: 0.5000 - val_loss: 0.6162 - val_acc: 0.5004 - lr: 1.2960e-04 - 11s/epoch - 21ms/step
Epoch 39/100

Epoch 39: val_loss improved from 0.61615 to 0.61614, saving model to ./saved_models/DCTR_NNLO_cce_pos_rwgt_5_batchsize_32768.tf
496/496 - 12s - loss: 0.6157 - acc: 0.4999 - val_loss: 0.6161 - val_acc: 0.5003 - lr: 7.7760e-05 - 12s/epoch - 25ms/step
Epoch 40/100

Epoch 40: val_loss did not improve from 0.61614
496/496 - 11s - loss: 0.6157 - acc: 0.5000 - val_loss: 0.6162 - val_acc: 0.5002 - lr: 7.7760e-05 - 11s/epoch - 21ms/step
Epoch 41/100

Epoch 41: val_loss did not improve from 0.61614
496/496 - 11s - loss: 0.6156 - acc: 0.4999 - val_loss: 0.6161 - val_acc: 0.5003 - lr: 7.7760e-05 - 11s/epoch - 22ms/step
Epoch 42/100

Epoch 42: val_loss did not improve from 0.61614
496/496 - 11s - loss: 0.6156 - acc: 0.4999 - val_loss: 0.6161 - val_acc: 0.5002 - lr: 7.7760e-05 - 11s/epoch - 22ms/step
Epoch 43/100

Epoch 43: val_loss did not improve from 0.61614
496/496 - 11s - loss: 0.6156 - acc: 0.4999 - val_loss: 0.6161 - val_acc: 0.5003 - lr: 7.7760e-05 - 11s/epoch - 22ms/step
Epoch 44/100

Epoch 44: val_loss improved from 0.61614 to 0.61614, saving model to ./saved_models/DCTR_NNLO_cce_pos_rwgt_5_batchsize_32768.tf

Epoch 44: ReduceLROnPlateau reducing learning rate to 4.6655999904032795e-05.
496/496 - 12s - loss: 0.6156 - acc: 0.4999 - val_loss: 0.6161 - val_acc: 0.5004 - lr: 7.7760e-05 - 12s/epoch - 25ms/step
Epoch 45/100

Epoch 45: val_loss improved from 0.61614 to 0.61612, saving model to ./saved_models/DCTR_NNLO_cce_pos_rwgt_5_batchsize_32768.tf
496/496 - 13s - loss: 0.6155 - acc: 0.5000 - val_loss: 0.6161 - val_acc: 0.5002 - lr: 4.6656e-05 - 13s/epoch - 26ms/step
Epoch 46/100

Epoch 46: val_loss did not improve from 0.61612
496/496 - 11s - loss: 0.6155 - acc: 0.5000 - val_loss: 0.6162 - val_acc: 0.5002 - lr: 4.6656e-05 - 11s/epoch - 21ms/step
Epoch 47/100

Epoch 47: val_loss improved from 0.61612 to 0.61611, saving model to ./saved_models/DCTR_NNLO_cce_pos_rwgt_5_batchsize_32768.tf
496/496 - 14s - loss: 0.6154 - acc: 0.5000 - val_loss: 0.6161 - val_acc: 0.5002 - lr: 4.6656e-05 - 14s/epoch - 28ms/step
Epoch 48/100

Epoch 48: val_loss did not improve from 0.61611
496/496 - 11s - loss: 0.6154 - acc: 0.5000 - val_loss: 0.6161 - val_acc: 0.5000 - lr: 4.6656e-05 - 11s/epoch - 21ms/step
Epoch 49/100

Epoch 49: val_loss did not improve from 0.61611
496/496 - 11s - loss: 0.6154 - acc: 0.5000 - val_loss: 0.6162 - val_acc: 0.5001 - lr: 4.6656e-05 - 11s/epoch - 22ms/step
Epoch 50/100

Epoch 50: val_loss improved from 0.61611 to 0.61608, saving model to ./saved_models/DCTR_NNLO_cce_pos_rwgt_5_batchsize_32768.tf
496/496 - 12s - loss: 0.6153 - acc: 0.5000 - val_loss: 0.6161 - val_acc: 0.5003 - lr: 4.6656e-05 - 12s/epoch - 25ms/step
Epoch 51/100

Epoch 51: val_loss did not improve from 0.61608

Epoch 51: ReduceLROnPlateau reducing learning rate to 2.799360081553459e-05.
496/496 - 11s - loss: 0.6153 - acc: 0.5000 - val_loss: 0.6161 - val_acc: 0.5002 - lr: 4.6656e-05 - 11s/epoch - 22ms/step
Epoch 52/100

Epoch 52: val_loss improved from 0.61608 to 0.61608, saving model to ./saved_models/DCTR_NNLO_cce_pos_rwgt_5_batchsize_32768.tf
496/496 - 12s - loss: 0.6152 - acc: 0.4999 - val_loss: 0.6161 - val_acc: 0.5002 - lr: 2.7994e-05 - 12s/epoch - 25ms/step
Epoch 53/100

Epoch 53: val_loss did not improve from 0.61608
496/496 - 11s - loss: 0.6152 - acc: 0.4999 - val_loss: 0.6161 - val_acc: 0.5003 - lr: 2.7994e-05 - 11s/epoch - 22ms/step
Epoch 54/100

Epoch 54: val_loss improved from 0.61608 to 0.61605, saving model to ./saved_models/DCTR_NNLO_cce_pos_rwgt_5_batchsize_32768.tf
496/496 - 12s - loss: 0.6151 - acc: 0.4999 - val_loss: 0.6160 - val_acc: 0.5002 - lr: 2.7994e-05 - 12s/epoch - 25ms/step
Epoch 55/100

Epoch 55: val_loss did not improve from 0.61605
496/496 - 11s - loss: 0.6151 - acc: 0.5000 - val_loss: 0.6161 - val_acc: 0.5003 - lr: 2.7994e-05 - 11s/epoch - 22ms/step
Epoch 56/100

Epoch 56: val_loss did not improve from 0.61605
496/496 - 11s - loss: 0.6151 - acc: 0.4999 - val_loss: 0.6162 - val_acc: 0.5003 - lr: 2.7994e-05 - 11s/epoch - 22ms/step
Epoch 57/100

Epoch 57: val_loss did not improve from 0.61605

Epoch 57: ReduceLROnPlateau reducing learning rate to 1.6796160707599483e-05.
496/496 - 11s - loss: 0.6150 - acc: 0.5000 - val_loss: 0.6161 - val_acc: 0.5003 - lr: 2.7994e-05 - 11s/epoch - 22ms/step
Epoch 58/100

Epoch 58: val_loss did not improve from 0.61605
496/496 - 11s - loss: 0.6150 - acc: 0.4999 - val_loss: 0.6161 - val_acc: 0.5002 - lr: 1.6796e-05 - 11s/epoch - 22ms/step
Epoch 59/100

Epoch 59: val_loss did not improve from 0.61605
496/496 - 11s - loss: 0.6149 - acc: 0.5000 - val_loss: 0.6161 - val_acc: 0.5002 - lr: 1.6796e-05 - 11s/epoch - 22ms/step
Epoch 60/100

Epoch 60: val_loss did not improve from 0.61605
496/496 - 11s - loss: 0.6149 - acc: 0.4999 - val_loss: 0.6161 - val_acc: 0.5003 - lr: 1.6796e-05 - 11s/epoch - 22ms/step
Epoch 61/100

Epoch 61: val_loss did not improve from 0.61605
496/496 - 11s - loss: 0.6148 - acc: 0.4999 - val_loss: 0.6161 - val_acc: 0.5002 - lr: 1.6796e-05 - 11s/epoch - 22ms/step
Epoch 62/100

Epoch 62: val_loss improved from 0.61605 to 0.61599, saving model to ./saved_models/DCTR_NNLO_cce_pos_rwgt_5_batchsize_32768.tf
496/496 - 17s - loss: 0.6148 - acc: 0.5000 - val_loss: 0.6160 - val_acc: 0.5003 - lr: 1.6796e-05 - 17s/epoch - 33ms/step
Epoch 63/100

Epoch 63: val_loss did not improve from 0.61599
496/496 - 11s - loss: 0.6148 - acc: 0.4999 - val_loss: 0.6160 - val_acc: 0.5002 - lr: 1.6796e-05 - 11s/epoch - 21ms/step
Epoch 64/100

Epoch 64: val_loss improved from 0.61599 to 0.61599, saving model to ./saved_models/DCTR_NNLO_cce_pos_rwgt_5_batchsize_32768.tf
496/496 - 12s - loss: 0.6147 - acc: 0.4999 - val_loss: 0.6160 - val_acc: 0.5002 - lr: 1.6796e-05 - 12s/epoch - 25ms/step
Epoch 65/100

Epoch 65: val_loss did not improve from 0.61599
496/496 - 11s - loss: 0.6147 - acc: 0.5000 - val_loss: 0.6161 - val_acc: 0.5002 - lr: 1.6796e-05 - 11s/epoch - 22ms/step
Epoch 66/100

Epoch 66: val_loss did not improve from 0.61599
496/496 - 11s - loss: 0.6147 - acc: 0.5000 - val_loss: 0.6160 - val_acc: 0.5002 - lr: 1.6796e-05 - 11s/epoch - 22ms/step
Epoch 67/100

Epoch 67: val_loss did not improve from 0.61599
496/496 - 11s - loss: 0.6146 - acc: 0.5000 - val_loss: 0.6161 - val_acc: 0.5002 - lr: 1.6796e-05 - 11s/epoch - 22ms/step
Epoch 68/100

Epoch 68: val_loss did not improve from 0.61599

Epoch 68: ReduceLROnPlateau reducing learning rate to 1.007769642455969e-05.
496/496 - 11s - loss: 0.6146 - acc: 0.5000 - val_loss: 0.6161 - val_acc: 0.5003 - lr: 1.6796e-05 - 11s/epoch - 22ms/step
Epoch 69/100

Epoch 69: val_loss did not improve from 0.61599
496/496 - 11s - loss: 0.6145 - acc: 0.4999 - val_loss: 0.6160 - val_acc: 0.5003 - lr: 1.0078e-05 - 11s/epoch - 22ms/step
Epoch 70/100

Epoch 70: val_loss improved from 0.61599 to 0.61596, saving model to ./saved_models/DCTR_NNLO_cce_pos_rwgt_5_batchsize_32768.tf
496/496 - 13s - loss: 0.6145 - acc: 0.5000 - val_loss: 0.6160 - val_acc: 0.5002 - lr: 1.0078e-05 - 13s/epoch - 27ms/step
Epoch 71/100

Epoch 71: val_loss did not improve from 0.61596
496/496 - 11s - loss: 0.6144 - acc: 0.5000 - val_loss: 0.6160 - val_acc: 0.5003 - lr: 1.0078e-05 - 11s/epoch - 21ms/step
Epoch 72/100

Epoch 72: val_loss did not improve from 0.61596
496/496 - 11s - loss: 0.6144 - acc: 0.5000 - val_loss: 0.6160 - val_acc: 0.5002 - lr: 1.0078e-05 - 11s/epoch - 22ms/step
Epoch 73/100

Epoch 73: val_loss did not improve from 0.61596
496/496 - 11s - loss: 0.6144 - acc: 0.5000 - val_loss: 0.6160 - val_acc: 0.5002 - lr: 1.0078e-05 - 11s/epoch - 22ms/step
Epoch 74/100

Epoch 74: val_loss improved from 0.61596 to 0.61595, saving model to ./saved_models/DCTR_NNLO_cce_pos_rwgt_5_batchsize_32768.tf

Epoch 74: ReduceLROnPlateau reducing learning rate to 6.046617636457085e-06.
496/496 - 13s - loss: 0.6143 - acc: 0.5000 - val_loss: 0.6159 - val_acc: 0.5002 - lr: 1.0078e-05 - 13s/epoch - 26ms/step
Epoch 75/100

Epoch 75: val_loss did not improve from 0.61595
496/496 - 11s - loss: 0.6143 - acc: 0.5000 - val_loss: 0.6160 - val_acc: 0.5002 - lr: 6.0466e-06 - 11s/epoch - 22ms/step
Epoch 76/100

Epoch 76: val_loss did not improve from 0.61595
496/496 - 11s - loss: 0.6143 - acc: 0.5000 - val_loss: 0.6160 - val_acc: 0.5002 - lr: 6.0466e-06 - 11s/epoch - 22ms/step
Epoch 77/100

Epoch 77: val_loss did not improve from 0.61595
496/496 - 11s - loss: 0.6143 - acc: 0.5000 - val_loss: 0.6161 - val_acc: 0.5002 - lr: 6.0466e-06 - 11s/epoch - 22ms/step
Epoch 78/100

Epoch 78: val_loss did not improve from 0.61595
496/496 - 11s - loss: 0.6142 - acc: 0.5000 - val_loss: 0.6160 - val_acc: 0.5002 - lr: 6.0466e-06 - 11s/epoch - 22ms/step
Epoch 79/100

Epoch 79: val_loss did not improve from 0.61595
496/496 - 11s - loss: 0.6142 - acc: 0.4999 - val_loss: 0.6160 - val_acc: 0.5002 - lr: 6.0466e-06 - 11s/epoch - 22ms/step
Epoch 80/100

Epoch 80: val_loss did not improve from 0.61595

Epoch 80: ReduceLROnPlateau reducing learning rate to 3.6279706364439334e-06.
496/496 - 11s - loss: 0.6142 - acc: 0.5000 - val_loss: 0.6160 - val_acc: 0.5002 - lr: 6.0466e-06 - 11s/epoch - 22ms/step
Epoch 81/100

Epoch 81: val_loss did not improve from 0.61595
496/496 - 11s - loss: 0.6142 - acc: 0.5000 - val_loss: 0.6160 - val_acc: 0.5003 - lr: 3.6280e-06 - 11s/epoch - 22ms/step
Epoch 82/100

Epoch 82: val_loss did not improve from 0.61595
496/496 - 11s - loss: 0.6141 - acc: 0.4999 - val_loss: 0.6160 - val_acc: 0.5003 - lr: 3.6280e-06 - 11s/epoch - 22ms/step
Epoch 83/100

Epoch 83: val_loss did not improve from 0.61595
496/496 - 11s - loss: 0.6141 - acc: 0.5000 - val_loss: 0.6160 - val_acc: 0.5003 - lr: 3.6280e-06 - 11s/epoch - 22ms/step
Epoch 84/100

Epoch 84: val_loss did not improve from 0.61595
496/496 - 11s - loss: 0.6141 - acc: 0.5000 - val_loss: 0.6160 - val_acc: 0.5003 - lr: 3.6280e-06 - 11s/epoch - 22ms/step
Epoch 85/100

Epoch 85: val_loss did not improve from 0.61595
496/496 - 11s - loss: 0.6141 - acc: 0.4999 - val_loss: 0.6160 - val_acc: 0.5002 - lr: 3.6280e-06 - 11s/epoch - 22ms/step
Epoch 86/100

Epoch 86: val_loss did not improve from 0.61595

Epoch 86: ReduceLROnPlateau reducing learning rate to 2.1767824364360423e-06.
496/496 - 11s - loss: 0.6141 - acc: 0.5000 - val_loss: 0.6159 - val_acc: 0.5002 - lr: 3.6280e-06 - 11s/epoch - 22ms/step
Epoch 87/100

Epoch 87: val_loss did not improve from 0.61595
496/496 - 11s - loss: 0.6141 - acc: 0.5000 - val_loss: 0.6160 - val_acc: 0.5003 - lr: 2.1768e-06 - 11s/epoch - 22ms/step
Epoch 88/100

Epoch 88: val_loss did not improve from 0.61595
496/496 - 11s - loss: 0.6141 - acc: 0.5000 - val_loss: 0.6160 - val_acc: 0.5002 - lr: 2.1768e-06 - 11s/epoch - 22ms/step
Epoch 89/100

Epoch 89: val_loss did not improve from 0.61595
Restoring model weights from the end of the best epoch: 74.
496/496 - 11s - loss: 0.6141 - acc: 0.5000 - val_loss: 0.6160 - val_acc: 0.5002 - lr: 2.1768e-06 - 11s/epoch - 22ms/step
Epoch 89: early stopping
clearing keras session and collecting garbage
finished training: loss = 'cce', run = 5, batch_size = 32768
