Configured CUDA from: /cvmfs/sft.cern.ch/lcg/releases/cuda/12.4-4899e/x86_64-el9-gcc11-opt

 *------------------------------------------------------------------------------------* 
 |                                                                                    | 
 |  *------------------------------------------------------------------------------*  | 
 |  |                                                                              |  | 
 |  |                                                                              |  | 
 |  |   PPP   Y   Y  TTTTT  H   H  III    A      Welcome to the Lund Monte Carlo!  |  | 
 |  |   P  P   Y Y     T    H   H   I    A A     This is PYTHIA version 8.309      |  | 
 |  |   PPP     Y      T    HHHHH   I   AAAAA    Last date of change: 16 Feb 2023  |  | 
 |  |   P       Y      T    H   H   I   A   A                                      |  | 
 |  |   P       Y      T    H   H  III  A   A    Now is 03 Sep 2024 at 15:24:09    |  | 
 |  |                                                                              |  | 
 |  |   Program documentation and an archive of historic versions is found on:     |  | 
 |  |                                                                              |  | 
 |  |                               https://pythia.org/                            |  | 
 |  |                                                                              |  | 
 |  |   PYTHIA is authored by a collaboration consisting of:                       |  | 
 |  |                                                                              |  | 
 |  |   Christian Bierlich, Nishita Desai, Leif Gellersen, Ilkka Helenius, Philip  |  | 
 |  |   Ilten, Leif Lonnblad, Stephen Mrenna, Stefan Prestel, Christian Preuss,    |  | 
 |  |   Torbjorn Sjostrand, Peter Skands, Marius Utheim and Rob Verheyen.          |  | 
 |  |                                                                              |  | 
 |  |   The complete list of authors, including contact information and            |  | 
 |  |   affiliations, can be found on https://pythia.org/.                         |  | 
 |  |   Problems or bugs should be reported on email at authors@pythia.org.        |  | 
 |  |                                                                              |  | 
 |  |   The main program reference is C. Bierlich et al,                           |  | 
 |  |   'A comprehensive guide to the physics and usage of Pythia 8.3',            |  | 
 |  |   SciPost Phys. Codebases 8-r8.3 (2022) [arXiv:2203.11601 [hep-ph]]          |  | 
 |  |                                                                              |  | 
 |  |   PYTHIA is released under the GNU General Public Licence version 2 or later.|  | 
 |  |   Please respect the MCnet Guidelines for Event Generator Authors and Users. |  | 
 |  |                                                                              |  | 
 |  |   Disclaimer: this program comes without any guarantees.                     |  | 
 |  |   Beware of errors and use common sense when interpreting results.           |  | 
 |  |                                                                              |  | 
 |  |   Copyright (C) 2023 Torbjorn Sjostrand                                      |  | 
 |  |                                                                              |  | 
 |  |                                                                              |  | 
 |  *------------------------------------------------------------------------------*  | 
 |                                                                                    | 
 *------------------------------------------------------------------------------------* 


 *-------  PYTHIA Process Initialization  --------------------------*
 |                                                                  |
 | We collide p+ with p+ at a CM energy of 1.300e+04 GeV            |
 |                                                                  |
 |------------------------------------------------------------------|
 |                                                    |             |
 | Subprocess                                    Code |   Estimated |
 |                                                    |    max (mb) |
 |                                                    |             |
 |------------------------------------------------------------------|
 |                                                    |             |
 | Les Houches User Process(es)                  9999 |   1.000e-09 |
 |                                                                  |
 *-------  End PYTHIA Process Initialization -----------------------*
 PYTHIA Warning in TimeShower::init: pTmin too low , raised to 0.611

 *-------  PYTHIA Multiparton Interactions Initialization  ---------* 
 |                                                                  | 
 |                   sigmaNonDiffractive =    55.51 mb              | 
 |                                                                  | 
 |    pT0 =  1.44 gives sigmaInteraction =   397.44 mb: accepted    | 
 |                                                                  | 
 *-------  End PYTHIA Multiparton Interactions Initialization  -----* 

 *-------  PYTHIA Flag + Mode + Parm + Word + FVec + MVec + PVec + WVec Settings (changes only)  ------------------* 
 |                                                                                                                 | 
 | Name                                          |                      Now |      Default         Min         Max | 
 |                                               |                          |                                      | 
 | Beams:frameType                               |                        4 |            1           1           5 | 
 | Beams:LHEF                                    | /nfs/dust/cms/user/amoroso/powheg/POWHEG-BOX-V2/ttJ_MiNNLOPS_v1.0_beta1/decay-ll/pwgevents-0499.lhe |         void | 
 | ColourReconnection:range                      |                  5.17600 |      1.80000         0.0    10.00000 | 
 | Main:timesAllowErrors                         |                      500 |           10           0             | 
 | MultipartonInteractions:alphaSorder           |                        2 |            1           0           3 | 
 | MultipartonInteractions:alphaSvalue           |                  0.11800 |      0.13000   0.0600000     0.25000 | 
 | MultipartonInteractions:bProfile              |                        2 |            3           0           4 | 
 | MultipartonInteractions:coreFraction          |                  0.63000 |      0.50000         0.0     1.00000 | 
 | MultipartonInteractions:coreRadius            |                  0.76340 |      0.40000     0.10000     1.00000 | 
 | MultipartonInteractions:ecmPow                |                0.0334400 |      0.21500         0.0     0.50000 | 
 | MultipartonInteractions:pT0Ref                |                  1.41000 |      2.28000     0.50000    10.00000 | 
 | ParticleDecays:limitTau                       |                       on |          off                         | 
 | PDF:pSet                                      |                       20 |           13                         | 
 | Random:seed                                   |                      499 |           -1               900000000 | 
 | Random:setSeed                                |                       on |          off                         | 
 | SigmaProcess:alphaSorder                      |                        2 |            1           0           3 | 
 | SigmaProcess:alphaSvalue                      |                  0.11800 |      0.13000   0.0600000     0.25000 | 
 | SigmaTotal:mode                               |                        0 |            1           0           4 | 
 | SigmaTotal:sigmaEl                            |                 21.89000 |     25.00000         0.0             | 
 | SigmaTotal:sigmaTot                           |                100.30900 |    100.00000         0.0             | 
 | SigmaTotal:zeroAXB                            |                      off |           on                         | 
 | SpaceShower:alphaSorder                       |                        2 |            1           0           3 | 
 | SpaceShower:alphaSvalue                       |                  0.11800 |      0.13650   0.0600000     0.25000 | 
 | SpaceShower:dipoleRecoil                      |                       on |          off                         | 
 | SpaceShower:pTmaxMatch                        |                        1 |            0           0           2 | 
 | TimeShower:alphaSorder                        |                        2 |            1           0           3 | 
 | TimeShower:alphaSvalue                        |                  0.11800 |      0.13650   0.0600000     0.25000 | 
 |                                                                                                                 | 
 *-------  End PYTHIA Flag + Mode + Parm + Word + FVec + MVec + PVec + WVec Settings  -----------------------------* 

 --------  PYTHIA Particle Data Table (changed only)  ------------------------------------------------------------------------------
 
      id   name            antiName         spn chg col      m0        mWidth      mMin       mMax       tau0    res dec ext vis wid
             no onMode   bRatio   meMode     products 

       6  t                tbar               2   2   1  173.00000    1.36916   86.00000    0.00000  1.44122e-13   1   1   0   1   0
              0     1   0.0000664    0       24        1 
              1     1   0.0017361    0       24        3 
              2     1   0.9981975    0       24        5 
              3     1   0.0000000    0       37        5 

 --------  End PYTHIA Particle Data Table  -----------------------------------------------------------------------------------------


 --------  LHA event information and listing  ---------------------------------------------------------------------- 

    process =   322200    weight =   1.0325e+02     scale =   3.7582e+00 (GeV) 
                        alpha_em =  -1.0000e+00    alpha_strong =   2.6920e-01

    Participating Particles 
    no        id stat     mothers     colours      p_x        p_y        p_z         e          m        tau    spin 
     1        21   -1     0     0   511   512      0.000      0.000    265.936    265.936      0.000   0.000   9.000
     2        21   -1     0     0   513   514      0.000      0.000   -177.409    177.409      0.000   0.000   9.000
     3         6    2     1     2   511     0    -51.417     87.259    124.757    235.620    172.322   0.000   9.000
     4        -6    2     1     2     0   514     49.135    -88.358    -37.079    203.396    172.551   0.000   9.000
     5        21    1     1     2   513   515      1.542     -1.083      0.729      2.021      0.000   0.000   9.000
     6        21    1     1     2   515   512      0.740      2.182      0.120      2.308      0.000   0.000   9.000
     7         5    1     3     3   511     0    -60.587     99.214     96.958    151.457      4.920   0.000  -1.000
     8        24    2     3     3     0     0      9.170    -11.955     27.799     84.163     77.998   0.000   9.000
     9        -5    1     4     4     0   514    -45.021      3.834    -13.635     47.452      4.920   0.000   1.000
    10       -24    2     4     4     0     0     94.155    -92.192    -23.444    155.945     80.028   0.000   9.000
    11       -13    1     8     8     0     0    -12.701     10.090    -20.869     26.432      0.106   0.000   1.000
    12        14    1     8     8     0     0     21.871    -22.045     48.668     57.731      0.000   0.000  -1.000
    13        11    1    10    10     0     0     42.309    -88.150    -32.748    103.116      0.001   0.000  -1.000
    14       -12    1    10    10     0     0     51.846     -4.042      9.303     52.829      0.000   0.000   1.000

 --------  End LHA event information and listing  ------------------------------------------------------------------ 

 --------  PYTHIA Info Listing  ---------------------------------------- 
 
 Beam A: id =   2212, pz =  6.500e+03, e =  6.500e+03, m =  9.383e-01.
 Beam B: id =   2212, pz = -6.500e+03, e =  6.500e+03, m =  9.383e-01.

 In 1: id =   21, x =  4.091e-02, pdf =  0.000e+00 at Q2 =  1.412e+01.
 In 2: id =   21, x =  2.729e-02, pdf =  0.000e+00 at same Q2.

 Process Les Houches User Process(es) with code 9999 is 2 -> 4.
 Subprocess user process 322200 with code 322200 is 2 -> 4.
     alphaEM =  7.547e-03,  alphaS =  2.692e-01    at Q2 =  1.412e+01.

 Impact parameter b =  8.517e-01 gives enhancement factor =  9.892e-01.
 Max pT scale for MPI =  1.300e+04, ISR =  3.758e+00, FSR =  3.758e+00.
 Number of MPI =     2, ISR =     4, FSRproc =     6, FSRreson =     9.

 --------  End PYTHIA Info Listing  ------------------------------------

 --------  PYTHIA Event Listing  (hard process)  -----------------------------------------------------------------------------------
 
    no         id  name            status     mothers   daughters     colours      p_x        p_y        p_z         e          m 
     0         90  (system)           -11     0     0     0     0     0     0      0.000      0.000      0.000  13000.000  13000.000
     1       2212  (p+)               -12     0     0     3     0     0     0      0.000      0.000   6500.000   6500.000      0.938
     2       2212  (p+)               -12     0     0     4     0     0     0      0.000      0.000  -6500.000   6500.000      0.938
     3         21  (g)                -21     1     0     5     8   511   512      0.000      0.000    265.936    265.936      0.000
     4         21  (g)                -21     2     0     5     8   513   514      0.000      0.000   -177.409    177.409      0.000
     5          6  (t)                -22     3     4     9    10   511     0    -51.417     87.259    124.757    235.620    172.322
     6         -6  (tbar)             -22     3     4    11    12     0   514     49.135    -88.358    -37.079    203.396    172.551
     7         21  g                   23     3     4     0     0   513   515      1.542     -1.083      0.729      2.021      0.000
     8         21  g                   23     3     4     0     0   515   512      0.740      2.182      0.120      2.308      0.000
     9          5  b                   23     5     0     0     0   511     0    -60.587     99.214     96.958    151.457      4.920
    10         24  (W+)               -22     5     0    13    14     0     0      9.170    -11.955     27.799     84.163     77.998
    11         -5  bbar                23     6     0     0     0     0   514    -45.021      3.834    -13.635     47.452      4.920
    12        -24  (W-)               -22     6     0    15    16     0     0     94.155    -92.192    -23.444    155.945     80.028
    13        -13  mu+                 23    10     0     0     0     0     0    -12.701     10.090    -20.869     26.432      0.106
    14         14  nu_mu               23    10     0     0     0     0     0     21.871    -22.045     48.668     57.731      0.000
    15         11  e-                  23    12     0     0     0     0     0     42.309    -88.150    -32.748    103.116      0.001
    16        -12  nu_ebar             23    12     0     0     0     0     0     51.846     -4.042      9.303     52.829      0.000
                                   Charge sum:  0.000           Momentum sum:     -0.000     -0.000     88.526    443.345    434.417

 --------  End PYTHIA Event Listing  -----------------------------------------------------------------------------------------------

 --------  PYTHIA Event Listing  (complete event)  ---------------------------------------------------------------------------------
 
    no         id  name            status     mothers   daughters     colours      p_x        p_y        p_z         e          m 
     0         90  (system)           -11     0     0     0     0     0     0      0.000      0.000      0.000  13000.000  13000.000
     1       2212  (p+)               -12     0     0    68     0     0     0      0.000      0.000   6500.000   6500.000      0.938
     2       2212  (p+)               -12     0     0    69     0     0     0      0.000      0.000  -6500.000   6500.000      0.938
     3         21  (g)                -21     9     0     5     8   511   512      0.000      0.000    265.936    265.936      0.000
     4         21  (g)                -21    10    10     5     8   513   514      0.000      0.000   -177.409    177.409      0.000
     5          6  (t)                -22     3     4    11    11   511     0    -51.417     87.259    124.757    235.620    172.322
     6         -6  (tbar)             -22     3     4    12    12     0   514     49.135    -88.358    -37.079    203.396    172.551
     7         21  (g)                -23     3     4    13    13   513   515      1.542     -1.083      0.729      2.021      0.000
     8         21  (g)                -23     3     4    14    14   515   512      0.740      2.182      0.120      2.308      0.000
     9         21  (g)                -41    16     0    15     3   511   516      0.000      0.000    294.718    294.718      0.000
    10         21  (g)                -42    17    17     4     4   513   514      0.000      0.000   -177.409    177.409      0.000
    11          6  (t)                -44     5     5    18    18   511     0    -51.417     87.259    124.757    235.620    172.322
    12         -6  (tbar)             -44     6     6    19    19     0   514     49.135    -88.358    -37.079    203.396    172.551
    13         21  (g)                -44     7     7    20    20   513   515      1.542     -1.083      0.729      2.021      0.000
    14         21  (g)                -44     8     8    21    21   515   512     -0.593      4.667      4.450      6.476      0.000
    15         21  (g)                -43     9     0    22    22   512   516      1.333     -2.485     24.452     24.614      0.000
    16         21  (g)                -41    24     0    23     9   517   516      0.000     -0.000    329.249    329.249      0.000
    17         21  (g)                -42    25    25    10    10   513   514      0.000      0.000   -177.409    177.409      0.000
    18          6  (t)                -44    11    11    26    26   511     0    -50.391     84.576    122.442    233.194    172.322
    19         -6  (tbar)             -44    12    12    27    27     0   514     49.135    -88.358    -37.079    203.396    172.551
    20         21  (g)                -44    13    13    28    28   513   515      1.542     -1.083      0.729      2.021      0.000
    21         21  (g)                -44    14    14    29    29   515   512     -0.593      4.667      4.450      6.476      0.000
    22         21  (g)                -44    15    15    30    30   512   516      1.333     -2.485     24.452     24.614      0.000
    23         21  (g)                -43    16     0    31    31   517   511     -1.026      2.683     36.846     36.958      0.000
    24         21  (g)                -41    42    42    32    16   518   516     -0.000      0.000    381.052    381.052      0.000
    25         21  (g)                -42    43     0    17    17   513   514      0.000      0.000   -177.409    177.409      0.000
    26          6  (t)                -44    18    18    38    38   511     0    -50.391     84.576    122.442    233.194    172.322
    27         -6  (tbar)             -44    19    19    45    45     0   514     49.135    -88.358    -37.079    203.396    172.551
    28         21  (g)                -44    20    20    46    46   513   515      1.542     -1.083      0.729      2.021      0.000
    29         21  (g)                -44    21    21    35    35   515   512     -0.593      4.667      4.450      6.476      0.000
    30         21  (g)                -44    22    22    33    34   512   516      1.323     -3.502     67.384     67.488      0.000
    31         21  (g)                -44    23    23    36    37   517   511     -1.026      2.683     36.846     36.958      0.000
    32         21  (g)                -43    24     0    50    50   518   517      0.011      1.017      8.870      8.929      0.000
    33         21  (g)                -51    30     0    48    48   519   516      0.119     -0.575     50.040     50.044      0.000
    34         21  (g)                -51    30     0    39    40   512   519      1.165     -2.624     17.633     17.865      0.000
    35         21  (g)                -52    29    29    41    41   515   512     -0.555      4.364      4.161      6.055      0.000
    36         21  (g)                -51    31     0    49    49   517   520     -2.345      3.180     34.084     34.312      0.000
    37         21  (g)                -51    31     0    52    52   520   511      1.156     -0.252      2.132      2.438      0.000
    38          6  (t)                -52    26    26    44    44   511     0    -50.227     84.331    123.072    233.401    172.322
    39         -1  (dbar)             -51    34     0    51    51     0   519      1.758     -2.170     17.497     17.722      0.330
    40          1  (d)                -51    34     0    53    53   512     0     -0.687      0.288      0.843      1.172      0.330
    41         21  (g)                -52    35    35    47    47   515   512     -0.460      3.622      3.454      5.027      0.000
    42         21  (g)                -42    68    68    24    24   518   516     -0.000      0.000    381.052    381.052      0.000
    43         21  (g)                -41    69    69    54    25   513   521      0.000     -0.000   -183.572    183.572      0.000
    44          6  (t)                -44    38    38    70    70   511     0    -50.227     84.331    123.072    233.401    172.322
    45         -6  (tbar)             -44    27    27    60    60     0   514     49.135    -88.358    -37.079    203.396    172.551
    46         21  (g)                -44    28    28    55    56   513   515      0.734      0.184      1.180      1.401      0.000
    47         21  (g)                -44    41    41    57    57   515   512     -0.460      3.622      3.454      5.027      0.000
    48         21  (g)                -44    33    33    74    74   519   516      0.119     -0.575     50.040     50.044      0.000
    49         21  (g)                -44    36    36    75    75   517   520     -2.345      3.180     34.084     34.312      0.000
    50         21  (g)                -44    32    32    76    76   518   517      0.011      1.017      8.870      8.929      0.000
    51         -1  (dbar)             -44    39    39    77    77     0   519      1.758     -2.170     17.497     17.722      0.330
    52         21  (g)                -44    37    37    78    78   520   511      1.156     -0.252      2.132      2.438      0.000
    53          1  (d)                -44    40    40    79    79   512     0     -0.687      0.288      0.843      1.172      0.330
    54         21  (g)                -43    43     0    58    59   514   521      0.808     -1.268     -6.613      6.782      0.000
    55         21  (g)                -51    46     0    72    72   513   522      0.271      0.640      0.049      0.697      0.000
    56         21  (g)                -51    46     0    81    81   522   515      0.278      0.996      2.515      2.719      0.000
    57         21  (g)                -52    47    47    73    73   515   512     -0.276      2.170      2.070      3.012      0.000
    58         21  (g)                -51    54     0    63    63   523   521      1.117     -1.638     -6.141      6.453      0.000
    59         21  (g)                -51    54     0    61    62   514   523     -0.234      0.219      0.027      0.321      0.000
    60         -6  (tbar)             -52    45    45    71    71     0   514     49.060    -88.206    -37.578    203.404    172.551
    61         21  (g)                -51    59     0    82    82   514   524     -0.222     -0.409     -0.040      0.467      0.000
    62         21  (g)                -51    59     0    83    83   524   523      0.400      0.023     -2.202      2.238      0.000
    63         21  (g)                -52    58    58    80    80   523   521      0.704     -1.033     -3.872      4.069      0.000
    64         21  (g)                -31    84    84    66    67   526   525      0.000      0.000      0.031      0.031      0.000
    65         21  (g)                -31    85    85    66    67   528   527      0.000      0.000    -21.587     21.587      0.000
    66         21  (g)                -33    64    65    86    86   528   525      0.336     -0.058    -20.591     20.594      0.000
    67         21  (g)                -33    64    65    87    87   526   527     -0.336      0.058     -0.965      1.024      0.000
    68         21  (g)                -61     1     0    42    42   518   516     -0.013     -0.642    381.051    381.052      0.000
    69         21  (g)                -61     2     0    43    43   526   521     -1.105     -0.291   -183.571    183.574      0.000
    70          6  (t)                -62    44    44    92    93   511     0    -50.566     83.943    123.227    233.416    172.322
    71         -6  (tbar)             -62    60    60   100   101     0   514     48.332    -88.536    -37.729    203.401    172.551
    72         21  (g)                -62    55    55   188   188   513   522      0.269      0.639      0.048      0.695      0.000
    73         21  (g)                -62    57    57   186   186   515   512     -0.279      2.165      2.071      3.009      0.000
    74         21  (g)                -62    48    48   135   135   519   516      0.117     -0.659     50.040     50.044      0.000
    75         21  (g)                -62    49    49   166   166   517   520     -2.347      3.122     34.091     34.314      0.000
    76         21  (g)                -62    50    50   167   167   518   517      0.010      1.002      8.870      8.927      0.000
    77         -1  (dbar)             -62    51    51   136   136     0   519      1.756     -2.200     17.492     17.720      0.330
    78         21  (g)                -62    52    52   165   165   520   511      1.155     -0.256      2.128      2.435      0.000
    79          1  (d)                -62    53    53   185   185   512     0     -0.688      0.286      0.845      1.174      0.330
    80         21  (g)                -62    63    63   145   145   523   528      0.681     -1.040     -3.875      4.069      0.000
    81         21  (g)                -62    56    56   187   187   522   515      0.278      0.992      2.514      2.717      0.000
    82         21  (g)                -62    61    61   127     0   514   524     -0.223     -0.410     -0.040      0.469      0.000
    83         21  (g)                -62    62    62   146   146   524   523      0.387      0.019     -2.203      2.237      0.000
    84         21  (g)                -61     1     0    64    64   527   527      0.226      0.292     -1.068      1.130      0.000
    85         21  (g)                -61     2     0    65    65   525   525      0.662      0.092    -24.009     24.018      0.000
    86         21  (g)                -62    66    66   128     0   528   521      1.003      0.048    -23.846     23.867      0.000
    87         21  (g)                -62    67    67   189   189   526   513     -0.115      0.336     -1.231      1.281      0.000
    88       2203  (uu_1)             -63     1     0   168   168     0   518     -0.184      0.719   5777.597   5777.597      0.771
    89          1  (d)                -63     1     0   134   134   516     0     -0.029     -0.368    341.307    341.308      0.330
    90       2203  (uu_1)             -63     2     0   190   190     0   526      0.283      0.234  -6285.937   6285.938      0.771
    91          1  (d)                -63     2     0   128     0   521     0      0.160     -0.035     -5.370      5.383      0.330
    92          5  (b)                -23    70     0    94    95   511     0    -60.041     97.088     95.978    149.221      4.920
    93         24  (W+)               -22    70     0    96    96     0     0      9.476    -13.145     27.249     84.195     77.998
    94          5  (b)                -51    92     0    99    99   533     0    -43.923     69.529     61.243    102.657      4.920
    95         21  (g)                -51    92     0    97    98   511   533    -15.782     27.034     34.548     46.621      0.000
    96         24  (W+)               -52    93    93   114   115     0     0      9.140    -12.620     27.435     84.138     77.998
    97         -2  (ubar)             -51    95     0   130   130     0   533    -14.186     22.755     28.244     38.947      0.330
    98          2  (u)                -51    95     0   164   164   511     0     -2.669      5.963      7.715     10.115      0.330
    99          5  (b)                -52    94    94   129   129   533     0    -42.851     67.845     59.833    100.217      4.920
   100         -5  (bbar)             -23    71     0   102   103     0   514    -45.208      3.792    -13.787     47.670      4.920
   101        -24  (W-)               -22    71     0   104   104     0     0     93.540    -92.329    -23.942    155.731     80.028
   102         -5  (bbar)             -51   100     0   107   107     0   540    -38.812      7.866    -14.116     42.328      4.920
   103         21  (g)                -51   100     0   105   106   540   514     -4.713     -5.415      0.097      7.180      0.000
   104        -24  (W-)               -52   101   101   119   120     0     0     91.856    -90.987    -23.710    153.893     80.028
   105         21  (g)                -51   103     0   108   109   540   541     -4.190     -3.854      0.908      5.765      0.000
   106         21  (g)                -51   103     0   127     0   541   514     -1.169     -1.415     -1.050      2.115      0.000
   107         -5  (bbar)             -52   102   102   110   110     0   540    -38.166      7.719    -13.876     41.629      4.920
   108         21  (g)                -51   105     0   148   148   542   541     -4.156     -2.707      0.389      4.976      0.000
   109         21  (g)                -51   105     0   111   112   540   542     -0.411     -1.061      0.377      1.198      0.000
   110         -5  (bbar)             -52   107   107   113   113     0   540    -37.788      7.634    -13.734     41.220      4.920
   111         21  (g)                -51   109     0   149   149   543   542     -0.382      0.543     -0.446      0.800      0.000
   112         21  (g)                -51   109     0   150   150   540   543     -1.509     -1.281      0.274      1.998      0.000
   113         -5  (bbar)             -52   110   110   151   151     0   540    -36.308      7.311    -13.185     39.620      4.920
   114        -13  (mu+)              -23    96     0   116   117     0     0    -12.711      9.881    -20.983     26.448      0.106
   115         14  (nu_mu)            -23    96     0   118   118     0     0     21.851    -22.501     48.418     57.690      0.000
   116        -13  mu+                 51   114     0     0     0     0     0    -12.671      9.851    -20.919     26.367      0.106
   117         22  gamma               51   114     0     0     0     0     0     -0.039      0.030     -0.064      0.081      0.000
   118         14  nu_mu               52   115   115     0     0     0     0     21.851    -22.501     48.418     57.690      0.000
   119         11  (e-)               -23   104     0   121   122     0     0     40.788    -87.353    -32.923    101.873      0.001
   120        -12  (nu_ebar)          -23   104     0   123   123     0     0     51.068     -3.635      9.213     52.020      0.000
   121         11  (e-)               -51   119     0   124   125     0     0     39.298    -84.758    -32.574     98.941      0.001
   122         22  (gamma)            -51   119     0   126   126     0     0      1.664     -2.607     -0.318      3.109      0.000
   123        -12  nu_ebar             52   120   120     0     0     0     0     50.894     -3.622      9.182     51.843      0.000
   124         11  e-                  51   121     0     0     0     0     0     39.234    -84.621    -32.521     98.781      0.001
   125         22  gamma               51   121     0     0     0     0     0      0.064     -0.137     -0.053      0.160      0.000
   126         22  gamma               52   122   122     0     0     0     0      1.664     -2.607     -0.318      3.109      0.000
   127         21  (g)                -73    82   106   147   147   541   524     -1.392     -1.825     -1.090      2.583      0.465
   128          1  (d)                -73    91    86   144   144   528     0      1.163      0.013    -29.216     29.250      0.788
   129          5  (b)                -71    99    99   131   133   533     0    -42.851     67.845     59.833    100.217      4.920
   130         -2  (ubar)             -71    97    97   131   133     0   533    -14.186     22.755     28.244     38.947      0.330
   131       -521  (B-)               -83   129   130   257   259     0     0    -39.205     62.075     54.687     91.700      5.279
   132        111  (pi0)              -84   129   130   260   261     0     0     -6.124     10.592     10.653     16.224      0.135
   133        221  (eta)              -84   129   130   262   263     0     0    -11.707     17.933     22.737     31.240      0.548
   134          1  (d)                -71    89    89   137   143   516     0     -0.029     -0.368    341.307    341.308      0.330
   135         21  (g)                -71    74    74   137   143   519   516      0.117     -0.659     50.040     50.044      0.000
   136         -1  (dbar)             -71    77    77   137   143     0   519      1.756     -2.200     17.492     17.720      0.330
   137        221  (eta)              -83   134   136   264   265     0     0      0.028     -1.122    182.820    182.824      0.548
   138       -213  (rho-)             -83   134   136   208   209     0     0     -0.047      0.083    146.372    146.378      1.342
   139        213  (rho+)             -83   134   136   210   211     0     0      0.328      0.338     21.106     21.123      0.704
   140       -211  pi-                 84   134   136     0     0     0     0     -0.068     -0.054     27.108     27.109      0.140
   141        213  (rho+)             -84   134   136   212   213     0     0      0.423     -1.323     14.646     14.735      0.840
   142       -211  pi-                 84   134   136     0     0     0     0      1.167     -0.769     15.188     15.253      0.140
   143        211  pi+                 84   134   136     0     0     0     0      0.013     -0.380      1.599      1.650      0.140
   144          1  (d)                -71   128   128   152   163   528     0      1.163      0.013    -29.216     29.250      0.788
   145         21  (g)                -71    80    80   152   163   523   528      0.681     -1.040     -3.875      4.069      0.000
   146         21  (g)                -71    83    83   152   163   524   523      0.387      0.019     -2.203      2.237      0.000
   147         21  (g)                -71   127   127   152   163   541   524     -1.392     -1.825     -1.090      2.583      0.465
   148         21  (g)                -71   108   108   152   163   542   541     -4.156     -2.707      0.389      4.976      0.000
   149         21  (g)                -71   111   111   152   163   543   542     -0.382      0.543     -0.446      0.800      0.000
   150         21  (g)                -71   112   112   152   163   540   543     -1.509     -1.281      0.274      1.998      0.000
   151         -5  (bbar)             -71   113   113   152   163     0   540    -36.308      7.311    -13.185     39.620      4.920
   152       -213  (rho-)             -83   144   151   214   215     0     0      0.317     -0.249    -11.307     11.337      0.716
   153        211  pi+                 83   144   151     0     0     0     0      1.179     -0.120    -12.870     12.925      0.140
   154        113  (rho0)             -83   144   151   216   217     0     0      0.239      0.106     -4.006      4.095      0.806
   155       -211  pi-                 83   144   151     0     0     0     0     -0.187     -0.020     -3.879      3.886      0.140
   156        213  (rho+)             -83   144   151   218   219     0     0      0.103     -1.497     -1.843      2.472      0.679
   157       3314  (Xi*-)             -83   144   151   266   267     0     0     -0.941     -0.805     -1.004      2.246      1.582
   158        321  K+                  83   144   151     0     0     0     0     -0.443      0.099     -0.249      0.716      0.494
   159      -3224  (Sigma*bar-)       -84   144   151   220   221     0     0     -0.882     -0.644     -1.369      2.248      1.411
   160        223  (omega)            -84   144   151   268   270     0     0     -3.569     -2.743      0.457      4.592      0.786
   161        213  (rho+)             -84   144   151   222   223     0     0     -1.717      0.343     -0.683      2.018      0.735
   162       -211  pi-                 84   144   151     0     0     0     0     -2.123     -0.619     -0.434      2.258      0.140
   163        523  (B*+)              -84   144   151   271   272     0     0    -33.494      7.182    -12.164     36.739      5.325
   164          2  (u)                -71    98    98   169   184   511     0     -2.669      5.963      7.715     10.115      0.330
   165         21  (g)                -71    78    78   169   184   520   511      1.155     -0.256      2.128      2.435      0.000
   166         21  (g)                -71    75    75   169   184   517   520     -2.347      3.122     34.091     34.314      0.000
   167         21  (g)                -71    76    76   169   184   518   517      0.010      1.002      8.870      8.927      0.000
   168       2203  (uu_1)             -71    88    88   169   184     0   518     -0.184      0.719   5777.597   5777.597      0.771
   169        211  pi+                 83   164   168     0     0     0     0     -0.071      0.067      0.208      0.269      0.140
   170       -213  (rho-)             -83   164   168   224   225     0     0     -1.422      3.802      4.368      6.033      0.916
   171        211  pi+                 83   164   168     0     0     0     0     -0.733      0.977      1.859      2.229      0.140
   172       -213  (rho-)             -83   164   168   226   227     0     0      0.705      0.538      3.505      3.731      0.921
   173        113  (rho0)             -83   164   168   228   229     0     0     -0.806      1.172      5.204      5.460      0.841
   174        211  pi+                 83   164   168     0     0     0     0      0.362     -0.037      0.978      1.052      0.140
   175        113  (rho0)             -83   164   168   230   231     0     0     -0.689      0.378      4.833      4.942      0.667
   176        111  (pi0)              -83   164   168   273   274     0     0     -0.856      1.289      7.917      8.068      0.135
   177        221  (eta)              -84   164   168   275   277     0     0     -0.329      1.260     29.499     29.533      0.548
   178        313  (K*0)              -84   164   168   232   233     0     0     -0.178      0.395     21.776     21.799      0.903
   179       -313  (K*bar0)           -84   164   168   234   235     0     0     -0.158     -0.279     81.098     81.103      0.895
   180        223  (omega)            -84   164   168   278   280     0     0      0.262      0.509     84.861     84.866      0.782
   181       -211  pi-                 84   164   168     0     0     0     0     -0.202     -0.688     89.518     89.521      0.140
   182        223  (omega)            -84   164   168   281   283     0     0      0.262      0.738    295.100    295.102      0.785
   183        211  pi+                 84   164   168     0     0     0     0     -0.405      0.470   2208.558   2208.558      0.140
   184       2214  (Delta+)           -84   164   168   236   237     0     0      0.227     -0.042   2991.121   2991.121      1.249
   185          1  (d)                -71    79    79   191   207   512     0     -0.688      0.286      0.845      1.174      0.330
   186         21  (g)                -71    73    73   191   207   515   512     -0.279      2.165      2.071      3.009      0.000
   187         21  (g)                -71    81    81   191   207   522   515      0.278      0.992      2.514      2.717      0.000
   188         21  (g)                -71    72    72   191   207   513   522      0.269      0.639      0.048      0.695      0.000
   189         21  (g)                -71    87    87   191   207   526   513     -0.115      0.336     -1.231      1.281      0.000
   190       2203  (uu_1)             -71    90    90   191   207     0   526      0.283      0.234  -6285.937   6285.938      0.771
   191       -213  (rho-)             -83   185   190   238   239     0     0      0.272      1.654      2.298      3.005      0.967
   192        211  pi+                 83   185   190     0     0     0     0     -0.116      0.303      0.684      0.770      0.140
   193       -211  pi-                 83   185   190     0     0     0     0     -0.912      0.751      0.331      1.235      0.140
   194        113  (rho0)             -83   185   190   240   241     0     0     -0.049      0.774      1.306      1.699      0.761
   195        213  (rho+)             -83   185   190   242   243     0     0     -0.379      0.090      0.205      1.043      0.946
   196        113  (rho0)             -83   185   190   244   245     0     0      0.729      0.473     -2.017      2.353      0.845
   197        111  (pi0)              -83   185   190   284   285     0     0     -0.334     -0.015     -1.151      1.206      0.135
   198       -211  pi-                 83   185   190     0     0     0     0      0.441     -0.134     -1.779      1.843      0.140
   199        211  pi+                 83   185   190     0     0     0     0     -0.274      0.395     -2.445      2.496      0.140
   200       -213  (rho-)             -84   185   190   246   247     0     0     -0.307     -0.272    -46.848     46.857      0.773
   201       2212  p+                  84   185   190     0     0     0     0      0.404      0.003    -25.345     25.365      0.938
   202      -2112  nbar0               84   185   190     0     0     0     0      0.178      0.028    -86.641     86.647      0.940
   203       3214  (Sigma*0)          -84   185   190   248   249     0     0     -0.632      0.461   -323.021    323.025      1.379
   204        323  (K*+)              -84   185   190   250   251     0     0      0.119     -0.182   -385.637    385.638      0.921
   205      -2212  pbar-               84   185   190     0     0     0     0      0.370      0.305   -238.748    238.750      0.938
   206       2214  (Delta+)           -84   185   190   252   253     0     0     -0.237      0.087  -2596.298   2596.299      1.428
   207        113  (rho0)             -84   185   190   254   255     0     0      0.473     -0.070  -2576.584   2576.584      0.859
   208       -211  pi-                 91   138     0     0     0     0     0      0.285     -0.535     59.926     59.929      0.140
   209        111  (pi0)              -91   138     0   286   287     0     0     -0.332      0.618     86.446     86.449      0.135
   210        211  pi+                 91   139     0     0     0     0     0      0.000     -0.100      1.668      1.677      0.140
   211        111  (pi0)              -91   139     0   288   289     0     0      0.328      0.438     19.438     19.446      0.135
   212        211  pi+                 91   141     0     0     0     0     0      0.345     -1.350     14.029     14.099      0.140
   213        111  (pi0)              -91   141     0   290   291     0     0      0.078      0.027      0.616      0.636      0.135
   214       -211  pi-                 91   152     0     0     0     0     0     -0.156      0.087     -3.074      3.082      0.140
   215        111  (pi0)              -91   152     0   292   293     0     0      0.473     -0.336     -8.233      8.254      0.135
   216        211  pi+                 91   154     0     0     0     0     0      0.459      0.127     -1.618      1.693      0.140
   217       -211  pi-                 91   154     0     0     0     0     0     -0.220     -0.021     -2.388      2.402      0.140
   218        211  pi+                 91   156     0     0     0     0     0      0.085     -1.448     -1.463      2.065      0.140
   219        111  (pi0)              -91   156     0   294   295     0     0      0.019     -0.048     -0.380      0.407      0.135
   220      -3122  Lambdabar0          91   159     0     0     0     0     0     -0.923     -0.439     -1.046      1.840      1.116
   221       -211  pi-                 91   159     0     0     0     0     0      0.041     -0.205     -0.322      0.409      0.140
   222        211  pi+                 91   161     0     0     0     0     0     -0.644     -0.191     -0.330      0.761      0.140
   223        111  (pi0)              -91   161     0   296   297     0     0     -1.073      0.534     -0.353      1.257      0.135
   224       -211  pi-                 91   170     0     0     0     0     0     -0.969      3.259      3.265      4.716      0.140
   225        111  (pi0)              -91   170     0   298   299     0     0     -0.453      0.543      1.103      1.317      0.135
   226       -211  pi-                 91   172     0     0     0     0     0      0.492      0.746      2.962      3.097      0.140
   227        111  (pi0)              -91   172     0   300   301     0     0      0.213     -0.208      0.542      0.633      0.135
   228        211  pi+                 91   173     0     0     0     0     0     -0.678      1.220      3.967      4.207      0.140
   229       -211  pi-                 91   173     0     0     0     0     0     -0.129     -0.048      1.238      1.253      0.140
   230        211  pi+                 91   175     0     0     0     0     0     -0.283     -0.150      1.726      1.761      0.140
   231       -211  pi-                 91   175     0     0     0     0     0     -0.406      0.528      3.107      3.180      0.140
   232        321  K+                  91   178     0     0     0     0     0     -0.328      0.128     17.197     17.208      0.494
   233       -211  pi-                 91   178     0     0     0     0     0      0.150      0.266      4.579      4.591      0.140
   234       -321  K-                  91   179     0     0     0     0     0     -0.321     -0.364     51.021     51.026      0.494
   235        211  pi+                 91   179     0     0     0     0     0      0.163      0.085     30.077     30.078      0.140
   236       2212  p+                  91   184     0     0     0     0     0      0.363     -0.133   2707.975   2707.975      0.938
   237        111  (pi0)              -91   184     0   302   303     0     0     -0.136      0.091    283.146    283.146      0.135
   238       -211  pi-                 91   191     0     0     0     0     0      0.196     -0.030      0.256      0.353      0.140
   239        111  (pi0)              -91   191     0   304   305     0     0      0.075      1.684      2.042      2.652      0.135
   240        211  pi+                 91   194     0     0     0     0     0     -0.210      0.652      1.271      1.451      0.140
   241       -211  pi-                 91   194     0     0     0     0     0      0.161      0.122      0.035      0.248      0.140
   242        211  pi+                 91   195     0     0     0     0     0      0.132      0.286      0.318      0.469      0.140
   243        111  (pi0)              -91   195     0   306   307     0     0     -0.511     -0.196     -0.113      0.575      0.135
   244        211  pi+                 91   196     0     0     0     0     0      0.558      0.407     -2.002      2.122      0.140
   245       -211  pi-                 91   196     0     0     0     0     0      0.171      0.066     -0.015      0.231      0.140
   246       -211  pi-                 91   200     0     0     0     0     0     -0.248     -0.246     -8.971      8.979      0.140
   247        111  (pi0)              -91   200     0   308   309     0     0     -0.059     -0.026    -37.878     37.878      0.135
   248       3122  Lambda0             91   203     0     0     0     0     0     -0.465      0.552   -251.768    251.772      1.116
   249        111  (pi0)              -91   203     0   310   311     0     0     -0.166     -0.091    -71.253     71.253      0.135
   250        311  (K0)               -91   204     0   256   256     0     0     -0.229     -0.136   -213.548    213.549      0.498
   251        211  pi+                 91   204     0     0     0     0     0      0.348     -0.046   -172.089    172.089      0.140
   252       2112  n0                  91   206     0     0     0     0     0     -0.434      0.168  -2412.780   2412.781      0.940
   253        211  pi+                 91   206     0     0     0     0     0      0.197     -0.081   -183.518    183.518      0.140
   254        211  pi+                 91   207     0     0     0     0     0      0.282     -0.348   -725.667    725.667      0.140
   255       -211  pi-                 91   207     0     0     0     0     0      0.192      0.278  -1850.917   1850.917      0.140
   256        130  K_L0                91   250   250     0     0     0     0     -0.229     -0.136   -213.548    213.549      0.498
   257       -311  (Kbar0)            -91   131     0   312   312     0     0     -4.603      7.166      6.514     10.734      0.498
   258       4214  (Sigma*_c+)        -91   131     0   313   314     0     0    -13.710     21.783     17.913     31.459      2.514
   259      -2224  (Deltabar--)       -91   131     0   315   316     0     0    -20.893     33.126     30.260     49.507      1.214
   260         22  gamma               91   132     0     0     0     0     0     -1.045      1.880      1.824      2.820      0.000
   261         22  gamma               91   132     0     0     0     0     0     -5.079      8.713      8.829     13.404      0.000
   262         22  gamma               91   133     0     0     0     0     0     -5.664      8.668     11.392     15.395      0.000
   263         22  gamma               91   133     0     0     0     0     0     -6.043      9.266     11.345     15.845      0.000
   264         22  gamma               91   137     0     0     0     0     0      0.190     -0.139     48.364     48.364      0.000
   265         22  gamma               91   137     0     0     0     0     0     -0.162     -0.983    134.456    134.460      0.000
   266       3322  Xi0                 91   157     0     0     0     0     0     -1.026     -0.745     -0.971      2.069      1.315
   267       -211  pi-                 91   157     0     0     0     0     0      0.085     -0.060     -0.033      0.177      0.140
   268        211  pi+                 91   160     0     0     0     0     0     -1.758     -1.499      0.233      2.327      0.140
   269       -211  pi-                 91   160     0     0     0     0     0     -0.279     -0.206     -0.089      0.385      0.140
   270        111  (pi0)              -91   160     0   317   318     0     0     -1.532     -1.038      0.313      1.881      0.135
   271        521  (B+)               -91   163     0   319   320     0     0    -33.488      7.182    -12.172     36.729      5.279
   272         22  gamma               91   163     0     0     0     0     0     -0.006      0.001      0.008      0.010      0.000
   273         22  gamma               91   176     0     0     0     0     0     -0.223      0.368      1.914      1.962      0.000
   274         22  gamma               91   176     0     0     0     0     0     -0.633      0.920      6.003      6.106      0.000
   275        211  pi+                 91   177     0     0     0     0     0     -0.035      0.327      6.039      6.050      0.140
   276       -211  pi-                 91   177     0     0     0     0     0     -0.088      0.442      8.402      8.415      0.140
   277        111  (pi0)              -91   177     0   321   322     0     0     -0.205      0.491     15.058     15.068      0.135
   278        211  pi+                 91   180     0     0     0     0     0      0.208      0.099     14.051     14.054      0.140
   279       -211  pi-                 91   180     0     0     0     0     0     -0.024      0.396     33.618     33.621      0.140
   280        111  (pi0)              -91   180     0   323   324     0     0      0.078      0.014     37.191     37.192      0.135
   281        211  pi+                 91   182     0     0     0     0     0      0.268      0.658    192.066    192.067      0.140
   282       -211  pi-                 91   182     0     0     0     0     0     -0.102      0.019     72.487     72.488      0.140
   283        111  (pi0)              -91   182     0   325   326     0     0      0.096      0.060     30.547     30.548      0.135
   284         22  gamma               91   197     0     0     0     0     0     -0.133     -0.068     -0.401      0.428      0.000
   285         22  gamma               91   197     0     0     0     0     0     -0.201      0.053     -0.750      0.778      0.000
   286         22  gamma               91   209     0     0     0     0     0     -0.257      0.408     65.183     65.185      0.000
   287         22  gamma               91   209     0     0     0     0     0     -0.074      0.210     21.263     21.264      0.000
   288         22  gamma               91   211     0     0     0     0     0      0.148      0.307     12.059     12.064      0.000
   289         22  gamma               91   211     0     0     0     0     0      0.180      0.131      7.379      7.382      0.000
   290         22  gamma               91   213     0     0     0     0     0      0.067      0.013      0.109      0.128      0.000
   291         22  gamma               91   213     0     0     0     0     0      0.011      0.014      0.507      0.508      0.000
   292         22  gamma               91   215     0     0     0     0     0      0.458     -0.334     -7.515      7.536      0.000
   293         22  gamma               91   215     0     0     0     0     0      0.014     -0.002     -0.718      0.718      0.000
   294         22  gamma               91   219     0     0     0     0     0      0.022      0.005      0.000      0.023      0.000
   295         22  gamma               91   219     0     0     0     0     0     -0.003     -0.054     -0.380      0.384      0.000
   296         22  gamma               91   223     0     0     0     0     0     -0.444      0.180     -0.084      0.486      0.000
   297         22  gamma               91   223     0     0     0     0     0     -0.629      0.354     -0.269      0.771      0.000
   298         22  gamma               91   225     0     0     0     0     0     -0.454      0.494      1.028      1.228      0.000
   299         22  gamma               91   225     0     0     0     0     0      0.001      0.049      0.075      0.089      0.000
   300         22  gamma               91   227     0     0     0     0     0      0.020     -0.087      0.231      0.248      0.000
   301         22  gamma               91   227     0     0     0     0     0      0.192     -0.121      0.312      0.386      0.000
   302         22  gamma               91   237     0     0     0     0     0     -0.156      0.104    259.846    259.846      0.000
   303         22  gamma               91   237     0     0     0     0     0      0.020     -0.013     23.300     23.300      0.000
   304         22  gamma               91   239     0     0     0     0     0      0.066      0.901      1.191      1.495      0.000
   305         22  gamma               91   239     0     0     0     0     0      0.009      0.783      0.852      1.157      0.000
   306         22  gamma               91   243     0     0     0     0     0     -0.200     -0.009     -0.027      0.202      0.000
   307         22  gamma               91   243     0     0     0     0     0     -0.311     -0.187     -0.086      0.373      0.000
   308         22  gamma               91   247     0     0     0     0     0     -0.029     -0.068    -31.567     31.568      0.000
   309         22  gamma               91   247     0     0     0     0     0     -0.030      0.042     -6.310      6.310      0.000
   310         22  gamma               91   249     0     0     0     0     0     -0.081     -0.110    -33.029     33.029      0.000
   311         22  gamma               91   249     0     0     0     0     0     -0.085      0.018    -38.224     38.224      0.000
   312        130  K_L0                91   257   257     0     0     0     0     -4.603      7.166      6.514     10.734      0.498
   313       4122  (Lambda_c+)        -91   258     0   327   328     0     0    -12.647     19.799     16.444     28.768      2.286
   314        111  (pi0)              -91   258     0   329   330     0     0     -1.063      1.984      1.469      2.691      0.135
   315      -2212  pbar-               91   259     0     0     0     0     0    -15.524     24.576     22.714     36.902      0.938
   316       -211  pi-                 91   259     0     0     0     0     0     -5.369      8.550      7.546     12.605      0.140
   317         22  gamma               91   270     0     0     0     0     0     -1.428     -0.965      0.325      1.754      0.000
   318         22  gamma               91   270     0     0     0     0     0     -0.103     -0.073     -0.013      0.127      0.000
   319     -10423  (D_1bar0)          -91   271     0   331   332     0     0    -15.060      2.839     -6.867     16.969      2.436
   320        431  (D_s+)             -91   271     0   333   334     0     0    -18.428      4.343     -5.305     19.760      1.968
   321         22  gamma               91   277     0     0     0     0     0     -0.091      0.293      6.921      6.928      0.000
   322         22  gamma               91   277     0     0     0     0     0     -0.115      0.198      8.137      8.140      0.000
   323         22  gamma               91   280     0     0     0     0     0      0.058      0.002      5.261      5.262      0.000
   324         22  gamma               91   280     0     0     0     0     0      0.020      0.012     31.930     31.930      0.000
   325         22  gamma               91   283     0     0     0     0     0      0.019      0.001      0.512      0.513      0.000
   326         22  gamma               91   283     0     0     0     0     0      0.077      0.059     30.035     30.035      0.000
   327       2224  (Delta++)          -91   313     0   335   336     0     0     -9.093     14.043     11.717     20.464      1.264
   328       -323  (K*-)              -91   313     0   337   338     0     0     -3.554      5.757      4.727      8.304      0.919
   329         22  gamma               91   314     0     0     0     0     0     -0.183      0.424      0.347      0.578      0.000
   330         22  gamma               91   314     0     0     0     0     0     -0.880      1.560      1.122      2.113      0.000
   331       -413  (D*-)              -91   319     0   339   340     0     0    -14.851      2.701     -6.782     16.670      2.010
   332        211  pi+                 91   319     0     0     0     0     0     -0.209      0.138     -0.084      0.299      0.140
   333        333  (phi)              -91   320     0   341   342     0     0     -9.241      2.449     -2.293      9.884      1.017
   334        213  (rho+)             -91   320     0   343   344     0     0     -9.187      1.893     -3.011      9.877      0.699
   335       2212  p+                  91   327     0     0     0     0     0     -5.987      9.435      8.072     13.817      0.938
   336        211  pi+                 91   327     0     0     0     0     0     -3.106      4.608      3.646      6.647      0.140
   337       -311  (Kbar0)            -91   328     0   345   345     0     0     -2.012      2.729      2.346      4.153      0.498
   338       -211  pi-                 91   328     0     0     0     0     0     -1.542      3.028      2.381      4.151      0.140
   339       -421  (Dbar0)            -91   331     0   346   348     0     0    -13.823      2.547     -6.292     15.513      1.865
   340       -211  pi-                 91   331     0     0     0     0     0     -1.027      0.154     -0.490      1.157      0.140
   341        130  K_L0                91   333     0     0     0     0     0     -5.493      1.408     -1.354      5.852      0.498
   342        310  (K_S0)             -91   333     0   349   350     0     0     -3.747      1.041     -0.939      4.032      0.498
   343        211  pi+                 91   334     0     0     0     0     0     -5.555      0.919     -2.038      5.989      0.140
   344        111  (pi0)              -91   334     0   351   352     0     0     -3.633      0.975     -0.973      3.887      0.135
   345        130  K_L0                91   337   337     0     0     0     0     -2.012      2.729      2.346      4.153      0.498
   346        321  K+                  91   339     0     0     0     0     0    -12.472      2.243     -5.975     14.019      0.494
   347       -211  pi-                 91   339     0     0     0     0     0     -0.833      0.330     -0.089      0.911      0.140
   348        111  (pi0)              -91   339     0   353   354     0     0     -0.519     -0.026     -0.229      0.583      0.135
   349        211  pi+                 91   342     0     0     0     0     0     -0.896      0.334     -0.089      0.970      0.140
   350       -211  pi-                 91   342     0     0     0     0     0     -2.852      0.707     -0.850      3.062      0.140
   351         22  gamma               91   344     0     0     0     0     0     -2.581      0.630     -0.673      2.740      0.000
   352         22  gamma               91   344     0     0     0     0     0     -1.052      0.344     -0.300      1.147      0.000
   353         22  gamma               91   348     0     0     0     0     0     -0.080      0.045     -0.034      0.098      0.000
   354         22  gamma               91   348     0     0     0     0     0     -0.439     -0.071     -0.194      0.485      0.000
                                   Charge sum:  2.000           Momentum sum:     -0.000     -0.000      0.000  13000.000  13000.000

 --------  End PYTHIA Event Listing  -----------------------------------------------------------------------------------------------
#--------------------------------------------------------------------------
#                     FastJet release 3.4.0 [fjcore]
#                 M. Cacciari, G.P. Salam and G. Soyez                  
#     A software package for jet finding and analysis at colliders      
#                           http://fastjet.fr                           
#	                                                                      
# Please cite EPJC72(2012)1896 [arXiv:1111.6097] if you use this package
# for scientific work and optionally PLB641(2006)57 [hep-ph/0512210].   
#                                                                       
# FastJet is provided without warranty under the GNU GPL v2 or higher.  
# It uses T. Chan's closest pair algorithm, S. Fortune's Voronoi code
# and 3rd party plugin jet algorithms. See COPYING file for details.
#--------------------------------------------------------------------------
 PYTHIA Warning in SimpleSpaceShower::pT2nextQCD: weight above unity  
 PYTHIA Warning in SimpleTimeShower::findMEcorr: ME weight above PS one  
 PYTHIA Warning in SimpleTimeShower::pTnext: negative dipole mass.  
 PYTHIA Warning in SimpleSpaceShower::pT2nextQCD: small daughter PDF  
 PYTHIA Warning in StringFragmentation::fragmentToJunction: bad convergence junction rest frame  
 PYTHIA Error in BeamRemnants::setKinematics: kinematics construction failed  

 Pythia::next(): 1000 events have been generated 
 PYTHIA Warning in Pythia::check: not quite matched particle energy/momentum/mass  
 PYTHIA Warning in ColConfig::collect: negative-energy parton encountered  

 Pythia::next(): 2000 events have been generated 
 PYTHIA Warning in Pythia::check: energy-momentum not quite conserved  
 PYTHIA Warning in MultipartonInteractions::pTnext: weight above unity  

 Pythia::next(): 3000 events have been generated 
 PYTHIA Warning in TauDecays::decay: maximum decay weight exceeded in tau decay  

 Pythia::next(): 4000 events have been generated 
 PYTHIA Error in Pythia::check: unmatched particle energy/momentum/mass  
 PYTHIA Error in Pythia::next: check of event revealed problems  

 Pythia::next(): 5000 events have been generated 
 PYTHIA Error in StringFragmentation::fragment: stuck in joining  
 PYTHIA Error in Pythia::next: hadronLevel failed; try again  
 PYTHIA Error in SimpleSpaceShower::pT2nearThreshold: stuck in loop  

 Pythia::next(): 6000 events have been generated 

 Pythia::next(): 7000 events have been generated 
 PYTHIA Error in SimpleSpaceShower::pT2nearThreshold: xPDF = 0  
 PYTHIA Warning in TauDecays::decay: unknown correlated tau production, assuming from unpolarized photon  

 Pythia::next(): 8000 events have been generated 

 Pythia::next(): 9000 events have been generated 
 PYTHIA Error in StringFragmentation::fragmentToJunction: caught in junction flavour loop  

 *-------  PYTHIA Event and Cross Section Statistics  -------------------------------------------------------------*
 |                                                                                                                 |
 | Subprocess                                    Code |            Number of events       |      sigma +- delta    |
 |                                                    |       Tried   Selected   Accepted |     (estimated) (mb)   |
 |                                                    |                                   |                        |
 |-----------------------------------------------------------------------------------------------------------------|
 |                                                    |                                   |                        |
 | Les Houches User Process(es)                  9999 |       10000      10000      10000 |   8.369e-08  0.000e+00 |
 |    ... whereof user classification code     322200 |       10000      10000      10000 |                        | 
 |                                                    |                                   |                        |
 | sum                                                |       10000      10000      10000 |   8.369e-08  0.000e+00 |
 |                                                                                                                 |
 *-------  End PYTHIA Event and Cross Section Statistics ----------------------------------------------------------*

 *-------  PYTHIA Error and Warning Messages Statistics  ----------------------------------------------------------* 
 |                                                                                                                 | 
 |  times   message                                                                                                | 
 |                                                                                                                 | 
 |      6   Error in BeamRemnants::setKinematics: kinematics construction failed                                   | 
 |     15   Error in Pythia::check: unmatched particle energy/momentum/mass                                        | 
 |      3   Error in Pythia::next: check of event revealed problems                                                | 
 |      2   Error in Pythia::next: hadronLevel failed; try again                                                   | 
 |      5   Error in SimpleSpaceShower::pT2nearThreshold: stuck in loop                                            | 
 |     23   Error in SimpleSpaceShower::pT2nearThreshold: xPDF = 0                                                 | 
 |      1   Error in StringFragmentation::fragment: stuck in joining                                               | 
 |      1   Error in StringFragmentation::fragmentToJunction: caught in junction flavour loop                      | 
 |      5   Warning in ColConfig::collect: negative-energy parton encountered                                      | 
 |      2   Warning in MultipartonInteractions::pTnext: weight above unity                                         | 
 |      2   Warning in Pythia::check: energy-momentum not quite conserved                                          | 
 |      4   Warning in Pythia::check: not quite matched particle energy/momentum/mass                              | 
 |   5862   Warning in SimpleSpaceShower::pT2nextQCD: small daughter PDF                                           | 
 |   3576   Warning in SimpleSpaceShower::pT2nextQCD: weight above unity                                           | 
 |     81   Warning in SimpleTimeShower::findMEcorr: ME weight above PS one                                        | 
 |     39   Warning in SimpleTimeShower::pTnext: negative dipole mass.                                             | 
 |     20   Warning in StringFragmentation::fragmentToJunction: bad convergence junction rest frame                | 
 |      1   Warning in TauDecays::decay: maximum decay weight exceeded in tau decay                                | 
 |      1   Warning in TauDecays::decay: unknown correlated tau production, assuming from unpolarized photon       | 
 |      2   Warning in TimeShower::init: pTmin too low                                                             | 
 |                                                                                                                 | 
 *-------  End PYTHIA Error and Warning Messages Statistics  ------------------------------------------------------* 
Using LHE File: /nfs/dust/cms/user/amoroso/powheg/POWHEG-BOX-V2/ttJ_MiNNLOPS_v1.0_beta1/decay-ll/pwgevents-0499.lhe
less then 10000 events in LHE, using all LHE events
np.shape(P0) = (10000, 3, 9)
np.shape(nJets) = (10000, 2)
np.shape(jets_4vectors) = (10000, 20, 6)
