Configured CUDA from: /cvmfs/sft.cern.ch/lcg/releases/cuda/12.4-4899e/x86_64-el9-gcc11-opt

 *------------------------------------------------------------------------------------* 
 |                                                                                    | 
 |  *------------------------------------------------------------------------------*  | 
 |  |                                                                              |  | 
 |  |                                                                              |  | 
 |  |   PPP   Y   Y  TTTTT  H   H  III    A      Welcome to the Lund Monte Carlo!  |  | 
 |  |   P  P   Y Y     T    H   H   I    A A     This is PYTHIA version 8.309      |  | 
 |  |   PPP     Y      T    HHHHH   I   AAAAA    Last date of change: 16 Feb 2023  |  | 
 |  |   P       Y      T    H   H   I   A   A                                      |  | 
 |  |   P       Y      T    H   H  III  A   A    Now is 03 Sep 2024 at 19:04:33    |  | 
 |  |                                                                              |  | 
 |  |   Program documentation and an archive of historic versions is found on:     |  | 
 |  |                                                                              |  | 
 |  |                               https://pythia.org/                            |  | 
 |  |                                                                              |  | 
 |  |   PYTHIA is authored by a collaboration consisting of:                       |  | 
 |  |                                                                              |  | 
 |  |   Christian Bierlich, Nishita Desai, Leif Gellersen, Ilkka Helenius, Philip  |  | 
 |  |   Ilten, Leif Lonnblad, Stephen Mrenna, Stefan Prestel, Christian Preuss,    |  | 
 |  |   Torbjorn Sjostrand, Peter Skands, Marius Utheim and Rob Verheyen.          |  | 
 |  |                                                                              |  | 
 |  |   The complete list of authors, including contact information and            |  | 
 |  |   affiliations, can be found on https://pythia.org/.                         |  | 
 |  |   Problems or bugs should be reported on email at authors@pythia.org.        |  | 
 |  |                                                                              |  | 
 |  |   The main program reference is C. Bierlich et al,                           |  | 
 |  |   'A comprehensive guide to the physics and usage of Pythia 8.3',            |  | 
 |  |   SciPost Phys. Codebases 8-r8.3 (2022) [arXiv:2203.11601 [hep-ph]]          |  | 
 |  |                                                                              |  | 
 |  |   PYTHIA is released under the GNU General Public Licence version 2 or later.|  | 
 |  |   Please respect the MCnet Guidelines for Event Generator Authors and Users. |  | 
 |  |                                                                              |  | 
 |  |   Disclaimer: this program comes without any guarantees.                     |  | 
 |  |   Beware of errors and use common sense when interpreting results.           |  | 
 |  |                                                                              |  | 
 |  |   Copyright (C) 2023 Torbjorn Sjostrand                                      |  | 
 |  |                                                                              |  | 
 |  |                                                                              |  | 
 |  *------------------------------------------------------------------------------*  | 
 |                                                                                    | 
 *------------------------------------------------------------------------------------* 


 *-------  PYTHIA Process Initialization  --------------------------*
 |                                                                  |
 | We collide p+ with p+ at a CM energy of 1.300e+04 GeV            |
 |                                                                  |
 |------------------------------------------------------------------|
 |                                                    |             |
 | Subprocess                                    Code |   Estimated |
 |                                                    |    max (mb) |
 |                                                    |             |
 |------------------------------------------------------------------|
 |                                                    |             |
 | Les Houches User Process(es)                  9999 |   1.000e-09 |
 |                                                                  |
 *-------  End PYTHIA Process Initialization -----------------------*
 PYTHIA Warning in TimeShower::init: pTmin too low , raised to 0.611

 *-------  PYTHIA Multiparton Interactions Initialization  ---------* 
 |                                                                  | 
 |                   sigmaNonDiffractive =    55.51 mb              | 
 |                                                                  | 
 |    pT0 =  1.44 gives sigmaInteraction =   398.29 mb: accepted    | 
 |                                                                  | 
 *-------  End PYTHIA Multiparton Interactions Initialization  -----* 

 *-------  PYTHIA Flag + Mode + Parm + Word + FVec + MVec + PVec + WVec Settings (changes only)  ------------------* 
 |                                                                                                                 | 
 | Name                                          |                      Now |      Default         Min         Max | 
 |                                               |                          |                                      | 
 | Beams:frameType                               |                        4 |            1           1           5 | 
 | Beams:LHEF                                    | /nfs/dust/cms/user/amoroso/powheg/POWHEG-BOX-V2/ttJ_MiNNLOPS_v1.0_beta1/decay-ll/pwgevents-0208.lhe |         void | 
 | ColourReconnection:range                      |                  5.17600 |      1.80000         0.0    10.00000 | 
 | Main:timesAllowErrors                         |                      500 |           10           0             | 
 | MultipartonInteractions:alphaSorder           |                        2 |            1           0           3 | 
 | MultipartonInteractions:alphaSvalue           |                  0.11800 |      0.13000   0.0600000     0.25000 | 
 | MultipartonInteractions:bProfile              |                        2 |            3           0           4 | 
 | MultipartonInteractions:coreFraction          |                  0.63000 |      0.50000         0.0     1.00000 | 
 | MultipartonInteractions:coreRadius            |                  0.76340 |      0.40000     0.10000     1.00000 | 
 | MultipartonInteractions:ecmPow                |                0.0334400 |      0.21500         0.0     0.50000 | 
 | MultipartonInteractions:pT0Ref                |                  1.41000 |      2.28000     0.50000    10.00000 | 
 | ParticleDecays:limitTau                       |                       on |          off                         | 
 | PartonLevel:FSR                               |                      off |           on                         | 
 | PDF:pSet                                      |                       20 |           13                         | 
 | Random:seed                                   |                      208 |           -1               900000000 | 
 | Random:setSeed                                |                       on |          off                         | 
 | SigmaProcess:alphaSorder                      |                        2 |            1           0           3 | 
 | SigmaProcess:alphaSvalue                      |                  0.11800 |      0.13000   0.0600000     0.25000 | 
 | SigmaTotal:mode                               |                        0 |            1           0           4 | 
 | SigmaTotal:sigmaEl                            |                 21.89000 |     25.00000         0.0             | 
 | SigmaTotal:sigmaTot                           |                100.30900 |    100.00000         0.0             | 
 | SigmaTotal:zeroAXB                            |                      off |           on                         | 
 | SpaceShower:alphaSorder                       |                        2 |            1           0           3 | 
 | SpaceShower:alphaSvalue                       |                  0.11800 |      0.13650   0.0600000     0.25000 | 
 | SpaceShower:dipoleRecoil                      |                       on |          off                         | 
 | SpaceShower:pTmaxMatch                        |                        1 |            0           0           2 | 
 | TimeShower:alphaSorder                        |                        2 |            1           0           3 | 
 | TimeShower:alphaSvalue                        |                  0.11800 |      0.13650   0.0600000     0.25000 | 
 |                                                                                                                 | 
 *-------  End PYTHIA Flag + Mode + Parm + Word + FVec + MVec + PVec + WVec Settings  -----------------------------* 

 --------  PYTHIA Particle Data Table (changed only)  ------------------------------------------------------------------------------
 
      id   name            antiName         spn chg col      m0        mWidth      mMin       mMax       tau0    res dec ext vis wid
             no onMode   bRatio   meMode     products 

       6  t                tbar               2   2   1  173.00000    1.36916   86.00000    0.00000  1.44122e-13   1   1   0   1   0
              0     1   0.0000664    0       24        1 
              1     1   0.0017361    0       24        3 
              2     1   0.9981975    0       24        5 
              3     1   0.0000000    0       37        5 

 --------  End PYTHIA Particle Data Table  -----------------------------------------------------------------------------------------


 --------  LHA event information and listing  ---------------------------------------------------------------------- 

    process =   322200    weight =   1.0325e+02     scale =   6.8919e+00 (GeV) 
                        alpha_em =  -1.0000e+00    alpha_strong =   2.1616e-01

    Participating Particles 
    no        id stat     mothers     colours      p_x        p_y        p_z         e          m        tau    spin 
     1         2   -1     0     0   512     0      0.000      0.000    968.572    968.572      0.000   0.000   9.000
     2        21   -1     0     0   514   512      0.000      0.000   -153.455    153.455      0.000   0.000   9.000
     3         6    2     1     2   511     0      8.922   -101.671    439.000    485.072    179.325   0.000   9.000
     4        -6    2     1     2     0   513     -3.914     87.740    484.477    521.364    171.432   0.000   9.000
     5         2    1     1     2   513     0     -0.199      8.994   -108.327    108.699      0.000   0.000   9.000
     6        21    1     1     2   514   511     -4.809      4.937     -0.033      6.892      0.000   0.000   9.000
     7         5    1     3     3   511     0    -48.467    -64.781    303.742    314.371      4.920   0.000  -1.000
     8        24    2     3     3     0     0     57.389    -36.890    135.258    170.701     78.675   0.000   9.000
     9        -5    1     4     4     0   513     -0.287    -23.119    245.140    246.277      4.920   0.000   1.000
    10       -24    2     4     4     0     0     -3.627    110.859    239.337    275.087     78.025   0.000   9.000
    11       -15    1     8     8     0     0     -1.669    -36.575     87.090     94.490      1.777   0.000   1.000
    12        16    1     8     8     0     0     59.058     -0.315     48.167     76.211      0.000   0.000  -1.000
    13        11    1    10    10     0     0     -1.827     85.718    234.150    249.353      0.001   0.000  -1.000
    14       -12    1    10    10     0     0     -1.799     25.141      5.187     25.734      0.000   0.000   1.000

 --------  End LHA event information and listing  ------------------------------------------------------------------ 

 --------  PYTHIA Info Listing  ---------------------------------------- 
 
 Beam A: id =   2212, pz =  6.500e+03, e =  6.500e+03, m =  9.383e-01.
 Beam B: id =   2212, pz = -6.500e+03, e =  6.500e+03, m =  9.383e-01.

 In 1: id =    2, x =  1.490e-01, pdf =  0.000e+00 at Q2 =  4.750e+01.
 In 2: id =   21, x =  2.361e-02, pdf =  0.000e+00 at same Q2.

 Process Les Houches User Process(es) with code 9999 is 2 -> 4.
 Subprocess user process 322200 with code 322200 is 2 -> 4.
     alphaEM =  7.596e-03,  alphaS =  2.162e-01    at Q2 =  4.750e+01.

 Impact parameter b =  1.286e+00 gives enhancement factor =  1.672e-01.
 Max pT scale for MPI =  1.300e+04, ISR =  6.892e+00, FSR =  6.892e+00.
 Number of MPI =     1, ISR =     4, FSRproc =     0, FSRreson =     0.

 --------  End PYTHIA Info Listing  ------------------------------------

 --------  PYTHIA Event Listing  (hard process)  -----------------------------------------------------------------------------------
 
    no         id  name            status     mothers   daughters     colours      p_x        p_y        p_z         e          m 
     0         90  (system)           -11     0     0     0     0     0     0      0.000      0.000      0.000  13000.000  13000.000
     1       2212  (p+)               -12     0     0     3     0     0     0      0.000      0.000   6500.000   6500.000      0.938
     2       2212  (p+)               -12     0     0     4     0     0     0      0.000      0.000  -6500.000   6500.000      0.938
     3          2  (u)                -21     1     0     5     8   512     0      0.000      0.000    968.572    968.572      0.000
     4         21  (g)                -21     2     0     5     8   514   512      0.000      0.000   -153.455    153.455      0.000
     5          6  (t)                -22     3     4     9    10   511     0      8.922   -101.671    439.000    485.072    179.325
     6         -6  (tbar)             -22     3     4    11    12     0   513     -3.914     87.740    484.477    521.364    171.432
     7          2  u                   23     3     4     0     0   513     0     -0.199      8.994   -108.327    108.699      0.000
     8         21  g                   23     3     4     0     0   514   511     -4.809      4.937     -0.033      6.892      0.000
     9          5  b                   23     5     0     0     0   511     0    -48.467    -64.781    303.742    314.371      4.920
    10         24  (W+)               -22     5     0    13    14     0     0     57.389    -36.890    135.258    170.701     78.675
    11         -5  bbar                23     6     0     0     0     0   513     -0.287    -23.119    245.140    246.277      4.920
    12        -24  (W-)               -22     6     0    15    16     0     0     -3.627    110.859    239.337    275.087     78.025
    13        -15  tau+                23    10     0     0     0     0     0     -1.669    -36.575     87.090     94.490      1.777
    14         16  nu_tau              23    10     0     0     0     0     0     59.058     -0.315     48.167     76.211      0.000
    15         11  e-                  23    12     0     0     0     0     0     -1.827     85.718    234.150    249.353      0.001
    16        -12  nu_ebar             23    12     0     0     0     0     0     -1.799     25.141      5.187     25.734      0.000
                                   Charge sum:  0.667           Momentum sum:     -0.000      0.000    815.117   1122.028    771.058

 --------  End PYTHIA Event Listing  -----------------------------------------------------------------------------------------------

 --------  PYTHIA Event Listing  (complete event)  ---------------------------------------------------------------------------------
 
    no         id  name            status     mothers   daughters     colours      p_x        p_y        p_z         e          m 
     0         90  (system)           -11     0     0     0     0     0     0      0.000      0.000      0.000  13000.000  13000.000
     1       2212  (p+)               -12     0     0    43     0     0     0      0.000      0.000   6500.000   6500.000      0.938
     2       2212  (p+)               -12     0     0    44     0     0     0      0.000      0.000  -6500.000   6500.000      0.938
     3          2  (u)                -21     9     9     5     8   512     0      0.000      0.000    968.572    968.572      0.000
     4         21  (g)                -21    10     0     5     8   514   512      0.000      0.000   -153.455    153.455      0.000
     5          6  (t)                -22     3     4    11    11   511     0      8.922   -101.671    439.000    485.072    179.325
     6         -6  (tbar)             -22     3     4    12    12     0   513     -3.914     87.740    484.477    521.364    171.432
     7          2  (u)                -23     3     4    13    13   513     0     -0.199      8.994   -108.327    108.699      0.000
     8         21  (g)                -23     3     4    14    14   514   511     -4.809      4.937     -0.033      6.892      0.000
     9          2  (u)                -42    16     0     3     3   512     0      0.000      0.000    968.572    968.572      0.000
    10         21  (g)                -41    17    17    15     4   514   515      0.000     -0.000   -180.758    180.758      0.000
    11          6  (t)                -44     5     5    18    18   511     0      8.922   -101.671    439.000    485.072    179.325
    12         -6  (tbar)             -44     6     6    19    19     0   513     -3.914     87.740    484.477    521.364    171.432
    13          2  (u)                -44     7     7    20    20   513     0     -0.199      8.994   -108.327    108.699      0.000
    14         21  (g)                -44     8     8    21    21   514   511     -6.809      8.186     -5.418     11.947      0.000
    15         21  (g)                -43    10     0    22    22   512   515      2.000     -3.249    -21.918     22.248      0.000
    16          2  (u)                -41    24    24    23     9   516     0      0.000     -0.000    968.742    968.742      0.000
    17         21  (g)                -42    25     0    10    10   514   515      0.000     -0.000   -180.758    180.758      0.000
    18          6  (t)                -44    11    11    26    26   511     0      8.922   -101.671    439.000    485.072    179.325
    19         -6  (tbar)             -44    12    12    27    27     0   513     -3.914     87.740    484.477    521.364    171.432
    20          2  (u)                -44    13    13    28    28   513     0     -0.199      8.994   -108.327    108.699      0.000
    21         21  (g)                -44    14    14    29    29   514   511     -6.809      8.186     -5.418     11.947      0.000
    22         21  (g)                -44    15    15    30    30   512   515     -0.506     -1.812     -3.834      4.271      0.000
    23         21  (g)                -43    16     0    31    31   516   512      2.505     -1.438    -17.915     18.146      0.000
    24          2  (u)                -42    33     0    16    16   516     0      0.000     -0.000    968.742    968.742      0.000
    25         21  (g)                -41    34    34    32    17   517   515      0.000     -0.000   -198.700    198.700      0.000
    26          6  (t)                -44    18    18    35    35   511     0      8.922   -101.671    439.000    485.072    179.325
    27         -6  (tbar)             -44    19    19    36    36     0   513     -3.914     87.740    484.477    521.364    171.432
    28          2  (u)                -44    20    20    37    37   513     0     -0.199      8.994   -108.327    108.699      0.000
    29         21  (g)                -44    21    21    38    38   514   511     -5.274      7.119     -2.868      9.312      0.000
    30         21  (g)                -44    22    22    39    39   512   515     -0.506     -1.812     -3.834      4.271      0.000
    31         21  (g)                -44    23    23    40    40   516   512      2.505     -1.438    -17.915     18.146      0.000
    32         21  (g)                -43    25     0    41    41   517   514     -1.535      1.067    -20.492     20.577      0.000
    33          2  (u)                -41    43    43    42    24   518     0      0.000     -0.000    973.009    973.009      0.000
    34         21  (g)                -42    44    44    25    25   517   515      0.000     -0.000   -198.700    198.700      0.000
    35          6  (t)                -44    26    26    45    45   511     0      8.922   -101.671    439.000    485.072    179.325
    36         -6  (tbar)             -44    27    27    46    46     0   513     -3.914     87.740    484.477    521.364    171.432
    37          2  (u)                -44    28    28    47    47   513     0     -0.199      8.994   -108.327    108.699      0.000
    38         21  (g)                -44    29    29    48    48   514   511     -5.274      7.119     -2.868      9.312      0.000
    39         21  (g)                -44    30    30    49    49   512   515     -0.506     -1.812     -3.834      4.271      0.000
    40         21  (g)                -44    31    31    50    50   516   512      2.672     -0.856    -17.900     18.119      0.000
    41         21  (g)                -44    32    32    51    51   517   514     -1.535      1.067    -20.492     20.577      0.000
    42         21  (g)                -43    33     0    52    52   518   516     -0.167     -0.582      4.252      4.295      0.000
    43          2  (u)                -61     1     0    33    33   518     0     -0.351     -0.707    973.009    973.009      0.000
    44         21  (g)                -61     2     0    34    34   517   515     -0.881     -1.841   -198.696    198.707      0.000
    45          6  (t)                -62    35    35    56    57   511     0      8.654   -102.220    439.416    485.559    179.325
    46         -6  (tbar)             -62    36    36    58    59     0   513     -4.177     87.204    484.111    520.936    171.432
    47          2  (u)                -62    37    37    64    64   513     0     -0.680      7.988   -108.362    108.658      0.000
    48         21  (g)                -62    38    38   103   103   514   511     -5.302      7.060     -2.888      9.289      0.000
    49         21  (g)                -62    39    39    77    77   512   515     -0.524     -1.850     -3.825      4.281      0.000
    50         21  (g)                -62    40    40    78    78   516   512      2.593     -1.023    -17.901     18.117      0.000
    51         21  (g)                -62    41    41   104   104   517   514     -1.626      0.877    -20.493     20.576      0.000
    52         21  (g)                -62    42    42    79    79   518   516     -0.169     -0.585      4.255      4.299      0.000
    53       2103  (ud_1)             -63     1     0    80    80     0   518      0.351      0.707   5526.983   5526.983      0.771
    54       2103  (ud_1)             -63     2     0   105   105     0   517      0.295      0.908  -6170.450   6170.450      0.771
    55          2  (u)                -63     2     0    76    76   515     0      0.585      0.934   -130.846    130.851      0.330
    56          5  (b)                -23    45     0   102   102   511     0    -48.641    -65.137    304.012    314.732      4.920
    57         24  (W+)               -22    45     0    60    61     0     0     57.294    -37.083    135.404    170.827     78.675
    58         -5  (bbar)             -23    46     0    65    65     0   513     -0.411    -23.372    244.967    246.129      4.920
    59        -24  (W-)               -22    46     0    62    63     0     0     -3.765    110.576    239.143    274.807     78.025
    60        -15  (tau+)             -23    57     0   166   168     0     0     -1.721    -36.682     87.172     94.608      1.777
    61         16  nu_tau              23    57     0     0     0     0     0     59.016     -0.401     48.233     76.220      0.000
    62         11  e-                  23    59     0     0     0     0     0     -1.953     85.461    233.975    249.101      0.001
    63        -12  nu_ebar             23    59     0     0     0     0     0     -1.812     25.115      5.169     25.705      0.000
    64          2  (u)                -71    47    47    66    75   513     0     -0.680      7.988   -108.362    108.658      0.000
    65         -5  (bbar)             -71    58    58    66    75     0   513     -0.411    -23.372    244.967    246.129      4.920
    66        111  (pi0)              -83    64    65   169   170     0     0     -0.669      2.365    -34.317     34.406      0.135
    67        321  K+                  83    64    65     0     0     0     0      0.272      3.799    -50.410     50.556      0.494
    68       -321  K-                  83    64    65     0     0     0     0     -0.149      1.107    -13.616     13.671      0.494
    69        211  pi+                 83    64    65     0     0     0     0     -0.398      0.512     -6.269      6.304      0.140
    70       -213  (rho-)             -83    64    65   129   130     0     0      0.339      0.236     -0.791      1.144      0.715
    71        213  (rho+)             -84    64    65   131   132     0     0     -0.308     -0.520     -2.593      2.768      0.759
    72       -211  pi-                 84    64    65     0     0     0     0      0.280      0.341      0.789      0.915      0.140
    73        211  pi+                 84    64    65     0     0     0     0     -0.041     -0.061      0.465      0.491      0.140
    74        111  (pi0)              -84    64    65   171   172     0     0      0.029     -0.027      0.337      0.365      0.135
    75        513  (B*0)              -84    64    65   173   174     0     0     -0.447    -23.136    243.011    244.168      5.325
    76          2  (u)                -71    55    55    81   101   515     0      0.585      0.934   -130.846    130.851      0.330
    77         21  (g)                -71    49    49    81   101   512   515     -0.524     -1.850     -3.825      4.281      0.000
    78         21  (g)                -71    50    50    81   101   516   512      2.593     -1.023    -17.901     18.117      0.000
    79         21  (g)                -71    52    52    81   101   518   516     -0.169     -0.585      4.255      4.299      0.000
    80       2103  (ud_1)             -71    53    53    81   101     0   518      0.351      0.707   5526.983   5526.983      0.771
    81        111  (pi0)              -83    76    80   175   176     0     0     -0.189      1.207    -69.024     69.035      0.135
    82        111  (pi0)              -83    76    80   177   178     0     0      0.974     -0.371    -37.529     37.544      0.135
    83        323  (K*+)              -83    76    80   133   134     0     0     -0.151      0.112     -9.894      9.938      0.915
    84        221  (eta)              -83    76    80   179   180     0     0      0.074     -0.622    -13.040     13.066      0.548
    85       -313  (K*bar0)           -83    76    80   135   136     0     0     -0.159     -0.173     -3.120      3.254      0.893
    86       -211  pi-                 83    76    80     0     0     0     0     -0.122     -0.716     -3.939      4.008      0.140
    87        211  pi+                 83    76    80     0     0     0     0      0.599      0.209     -2.106      2.204      0.140
    88       -211  pi-                 83    76    80     0     0     0     0      0.769     -1.545     -9.067      9.231      0.140
    89        223  (omega)            -84    76    80   181   183     0     0      0.519      0.216     -1.816      2.056      0.783
    90        213  (rho+)             -84    76    80   137   138     0     0      0.164     -0.459     -1.132      1.439      0.744
    91        113  (rho0)             -84    76    80   139   140     0     0      0.127     -0.363     -0.554      1.021      0.766
    92        313  (K*0)              -84    76    80   141   142     0     0     -0.451      0.415      0.474      1.219      0.942
    93       -321  K-                  84    76    80     0     0     0     0      0.088      0.241     -0.054      0.559      0.494
    94        223  (omega)            -84    76    80   184   186     0     0      0.601     -0.180      1.126      1.509      0.785
    95        213  (rho+)             -84    76    80   143   144     0     0     -0.427     -0.168      3.853      3.936      0.661
    96       -211  pi-                 84    76    80     0     0     0     0      0.161      0.456     13.958     13.968      0.140
    97        213  (rho+)             -84    76    80   145   146     0     0     -0.160     -0.442     26.105     26.120      0.721
    98        113  (rho0)             -84    76    80   147   148     0     0      0.112     -0.206    310.274    310.275      0.794
    99        311  (K0)               -84    76    80   149   149     0     0     -0.037     -0.159    167.993    167.994      0.498
   100       3122  Lambda0             84    76    80     0     0     0     0      0.737      0.185   2204.123   2204.124      1.116
   101        223  (omega)            -84    76    80   187   189     0     0     -0.390      0.545   2802.034   2802.034      0.784
   102          5  (b)                -71    56    56   106   128   511     0    -48.641    -65.137    304.012    314.732      4.920
   103         21  (g)                -71    48    48   106   128   514   511     -5.302      7.060     -2.888      9.289      0.000
   104         21  (g)                -71    51    51   106   128   517   514     -1.626      0.877    -20.493     20.576      0.000
   105       2103  (ud_1)             -71    54    54   106   128     0   517      0.295      0.908  -6170.450   6170.450      0.771
   106       -521  (B-)               -83   102   105   190   192     0     0    -45.088    -60.190    281.771    291.682      5.279
   107        111  (pi0)              -83   102   105   193   194     0     0     -0.779     -1.596      5.342      5.631      0.135
   108        113  (rho0)             -83   102   105   150   151     0     0     -1.457     -1.778      8.350      8.732      1.109
   109        211  pi+                 83   102   105     0     0     0     0     -1.265     -0.034      5.189      5.343      0.140
   110        221  (eta)              -83   102   105   195   196     0     0     -0.272     -1.176      2.568      2.890      0.548
   111       -211  pi-                 83   102   105     0     0     0     0      0.025      0.176      0.285      0.363      0.140
   112       2212  p+                  83   102   105     0     0     0     0     -0.210      0.228     -0.018      0.988      0.938
   113        113  (rho0)             -83   102   105   152   153     0     0     -2.147      2.945     -1.253      4.018      1.137
   114      -2112  nbar0               83   102   105     0     0     0     0     -1.119      1.394     -0.574      2.099      0.940
   115       -211  pi-                 83   102   105     0     0     0     0     -0.233      0.359     -0.323      0.554      0.140
   116        321  K+                  83   102   105     0     0     0     0     -0.371      0.467     -0.521      0.933      0.494
   117       -321  K-                  83   102   105     0     0     0     0     -0.853      0.299     -0.903      1.370      0.494
   118        113  (rho0)             -83   102   105   154   155     0     0      0.203      0.467     -3.162      3.314      0.849
   119        321  K+                  84   102   105     0     0     0     0     -0.662      0.649     -1.973      2.235      0.494
   120       -311  (Kbar0)            -84   102   105   156   156     0     0     -0.789      0.235     -4.519      4.620      0.498
   121       -213  (rho-)             -84   102   105   157   158     0     0      0.481     -0.059     -2.009      2.160      0.631
   122        213  (rho+)             -84   102   105   159   160     0     0     -0.634      0.762    -26.752     26.780      0.723
   123       -213  (rho-)             -84   102   105   161   162     0     0     -0.638     -0.362    -39.941     39.957      0.852
   124        213  (rho+)             -84   102   105   163   164     0     0      0.288      0.624   -330.898    330.900      0.815
   125        223  (omega)            -84   102   105   197   199     0     0     -0.203     -0.593   -406.621    406.622      0.786
   126       -211  pi-                 84   102   105     0     0     0     0     -0.012      0.004   -237.505    237.505      0.140
   127       2212  p+                  84   102   105     0     0     0     0      0.230      0.478  -2729.749   2729.750      0.938
   128        223  (omega)            -84   102   105   200   201     0     0      0.229      0.408  -2406.599   2406.600      0.778
   129       -211  pi-                 91    70     0     0     0     0     0      0.502      0.025     -0.565      0.769      0.140
   130        111  (pi0)              -91    70     0   202   203     0     0     -0.163      0.211     -0.226      0.375      0.135
   131        211  pi+                 91    71     0     0     0     0     0     -0.346     -0.618     -2.419      2.525      0.140
   132        111  (pi0)              -91    71     0   204   205     0     0      0.038      0.098     -0.174      0.244      0.135
   133        311  (K0)               -91    83     0   165   165     0     0     -0.253      0.269     -8.652      8.674      0.498
   134        211  pi+                 91    83     0     0     0     0     0      0.101     -0.158     -1.242      1.263      0.140
   135       -321  K-                  91    85     0     0     0     0     0      0.114     -0.292     -1.762      1.856      0.494
   136        211  pi+                 91    85     0     0     0     0     0     -0.273      0.119     -1.358      1.397      0.140
   137        211  pi+                 91    90     0     0     0     0     0      0.292      0.062     -0.513      0.610      0.140
   138        111  (pi0)              -91    90     0   206   207     0     0     -0.128     -0.521     -0.619      0.830      0.135
   139        211  pi+                 91    91     0     0     0     0     0     -0.191     -0.074      0.063      0.256      0.140
   140       -211  pi-                 91    91     0     0     0     0     0      0.318     -0.289     -0.618      0.765      0.140
   141        321  K+                  91    92     0     0     0     0     0     -0.261      0.570      0.492      0.937      0.494
   142       -211  pi-                 91    92     0     0     0     0     0     -0.189     -0.155     -0.018      0.282      0.140
   143        211  pi+                 91    95     0     0     0     0     0     -0.170      0.136      2.632      2.645      0.140
   144        111  (pi0)              -91    95     0   208   209     0     0     -0.258     -0.304      1.220      1.291      0.135
   145        211  pi+                 91    97     0     0     0     0     0     -0.106     -0.132     21.644     21.645      0.140
   146        111  (pi0)              -91    97     0   210   211     0     0     -0.054     -0.309      4.462      4.475      0.135
   147        211  pi+                 91    98     0     0     0     0     0      0.018      0.084     14.645     14.646      0.140
   148       -211  pi-                 91    98     0     0     0     0     0      0.094     -0.290    295.628    295.629      0.140
   149        310  (K_S0)             -91    99    99   212   213     0     0     -0.037     -0.159    167.993    167.994      0.498
   150        211  pi+                 91   108     0     0     0     0     0     -1.274     -1.836      6.696      7.061      0.140
   151       -211  pi-                 91   108     0     0     0     0     0     -0.183      0.058      1.654      1.671      0.140
   152        211  pi+                 91   113     0     0     0     0     0     -1.433      1.466     -1.178      2.368      0.140
   153       -211  pi-                 91   113     0     0     0     0     0     -0.715      1.479     -0.076      1.650      0.140
   154        211  pi+                 91   118     0     0     0     0     0      0.082      0.049     -2.518      2.523      0.140
   155       -211  pi-                 91   118     0     0     0     0     0      0.122      0.418     -0.644      0.790      0.140
   156        310  K_S0                91   120   120     0     0     0     0     -0.789      0.235     -4.519      4.620      0.498
   157       -211  pi-                 91   121     0     0     0     0     0     -0.006     -0.198     -0.933      0.964      0.140
   158        111  (pi0)              -91   121     0   214   215     0     0      0.487      0.139     -1.076      1.196      0.135
   159        211  pi+                 91   122     0     0     0     0     0     -0.272      0.739    -14.502     14.524      0.140
   160        111  (pi0)              -91   122     0   216   217     0     0     -0.362      0.024    -12.250     12.256      0.135
   161       -211  pi-                 91   123     0     0     0     0     0     -0.295     -0.534    -31.317     31.324      0.140
   162        111  (pi0)              -91   123     0   218   219     0     0     -0.343      0.172     -8.624      8.633      0.135
   163        211  pi+                 91   124     0     0     0     0     0      0.422      0.036   -146.725    146.726      0.140
   164        111  (pi0)              -91   124     0   220   221     0     0     -0.135      0.588   -184.173    184.175      0.135
   165        130  K_L0                91   133   133     0     0     0     0     -0.253      0.269     -8.652      8.674      0.498
   166        -16  nu_taubar           91    60     0     0     0     0     0     -0.611    -16.928     41.918     45.212      0.000
   167        111  (pi0)              -91    60     0   222   223     0     0     -0.945    -18.061     40.921     44.740      0.135
   168        211  pi+                 91    60     0     0     0     0     0     -0.166     -1.693      4.332      4.656      0.140
   169         22  gamma               91    66     0     0     0     0     0     -0.430      1.275    -18.824     18.872      0.000
   170         22  gamma               91    66     0     0     0     0     0     -0.239      1.090    -15.493     15.533      0.000
   171         22  gamma               91    74     0     0     0     0     0     -0.025     -0.068      0.194      0.207      0.000
   172         22  gamma               91    74     0     0     0     0     0      0.053      0.041      0.143      0.158      0.000
   173        511  (B0)               -91    75     0   224   226     0     0     -0.434    -23.023    241.368    242.522      5.280
   174         22  gamma               91    75     0     0     0     0     0     -0.013     -0.113      1.643      1.647      0.000
   175         22  gamma               91    81     0     0     0     0     0     -0.209      1.034    -59.429     59.438      0.000
   176         22  gamma               91    81     0     0     0     0     0      0.020      0.173     -9.595      9.596      0.000
   177         22  gamma               91    82     0     0     0     0     0      0.014     -0.005     -1.493      1.493      0.000
   178         22  gamma               91    82     0     0     0     0     0      0.960     -0.366    -36.036     36.050      0.000
   179         22  gamma               91    84     0     0     0     0     0      0.071     -0.011     -5.903      5.904      0.000
   180         22  gamma               91    84     0     0     0     0     0      0.004     -0.611     -7.137      7.163      0.000
   181        211  pi+                 91    89     0     0     0     0     0      0.452      0.104     -1.199      1.293      0.140
   182       -211  pi-                 91    89     0     0     0     0     0      0.098      0.041     -0.576      0.602      0.140
   183        111  (pi0)              -91    89     0   227   228     0     0     -0.032      0.071     -0.042      0.161      0.135
   184        211  pi+                 91    94     0     0     0     0     0      0.244     -0.293      0.366      0.547      0.140
   185       -211  pi-                 91    94     0     0     0     0     0      0.286      0.103      0.735      0.807      0.140
   186        111  (pi0)              -91    94     0   229   230     0     0      0.071      0.011      0.025      0.155      0.135
   187        211  pi+                 91   101     0     0     0     0     0     -0.089     -0.074    930.659    930.659      0.140
   188       -211  pi-                 91   101     0     0     0     0     0     -0.054      0.224   1005.998   1005.998      0.140
   189        111  (pi0)              -91   101     0   231   232     0     0     -0.248      0.395    865.376    865.377      0.135
   190        -14  nu_mubar            91   106     0     0     0     0     0    -11.458    -15.898     68.072     70.836      0.000
   191         13  mu-                 91   106     0     0     0     0     0    -14.455    -19.465     95.882     98.900      0.106
   192      10423  (D_10)             -91   106     0   233   234     0     0    -19.174    -24.827    117.817    121.945      2.415
   193         22  gamma               91   107     0     0     0     0     0     -0.204     -0.528      1.576      1.675      0.000
   194         22  gamma               91   107     0     0     0     0     0     -0.575     -1.067      3.766      3.957      0.000
   195         22  gamma               91   110     0     0     0     0     0     -0.048     -0.668      1.937      2.050      0.000
   196         22  gamma               91   110     0     0     0     0     0     -0.224     -0.508      0.630      0.840      0.000
   197        211  pi+                 91   125     0     0     0     0     0      0.123     -0.272   -227.315    227.315      0.140
   198       -211  pi-                 91   125     0     0     0     0     0     -0.016     -0.101    -33.804     33.804      0.140
   199        111  (pi0)              -91   125     0   235   236     0     0     -0.310     -0.220   -145.503    145.503      0.135
   200        111  (pi0)              -91   128     0   237   238     0     0     -0.023      0.516  -2038.232   2038.232      0.135
   201         22  gamma               91   128     0     0     0     0     0      0.251     -0.108   -368.367    368.367      0.000
   202         22  gamma               91   130     0     0     0     0     0     -0.006     -0.008     -0.055      0.056      0.000
   203         22  gamma               91   130     0     0     0     0     0     -0.157      0.219     -0.171      0.319      0.000
   204         22  gamma               91   132     0     0     0     0     0     -0.012      0.081     -0.172      0.190      0.000
   205         22  gamma               91   132     0     0     0     0     0      0.051      0.017     -0.002      0.053      0.000
   206         22  gamma               91   138     0     0     0     0     0      0.012     -0.076     -0.040      0.087      0.000
   207         22  gamma               91   138     0     0     0     0     0     -0.140     -0.445     -0.579      0.743      0.000
   208         22  gamma               91   144     0     0     0     0     0     -0.161     -0.121      0.446      0.490      0.000
   209         22  gamma               91   144     0     0     0     0     0     -0.097     -0.184      0.774      0.801      0.000
   210         22  gamma               91   146     0     0     0     0     0     -0.083     -0.162      2.960      2.966      0.000
   211         22  gamma               91   146     0     0     0     0     0      0.029     -0.147      1.501      1.509      0.000
   212        211  pi+                 91   149     0     0     0     0     0     -0.212     -0.150     84.425     84.425      0.140
   213       -211  pi-                 91   149     0     0     0     0     0      0.175     -0.008     83.568     83.569      0.140
   214         22  gamma               91   158     0     0     0     0     0      0.281      0.120     -0.515      0.599      0.000
   215         22  gamma               91   158     0     0     0     0     0      0.205      0.019     -0.561      0.598      0.000
   216         22  gamma               91   160     0     0     0     0     0     -0.363      0.043    -11.213     11.219      0.000
   217         22  gamma               91   160     0     0     0     0     0      0.001     -0.019     -1.037      1.037      0.000
   218         22  gamma               91   162     0     0     0     0     0     -0.034      0.030     -2.304      2.305      0.000
   219         22  gamma               91   162     0     0     0     0     0     -0.309      0.142     -6.319      6.328      0.000
   220         22  gamma               91   164     0     0     0     0     0      0.008      0.126    -52.040     52.040      0.000
   221         22  gamma               91   164     0     0     0     0     0     -0.143      0.462   -132.134    132.135      0.000
   222         22  gamma               91   167     0     0     0     0     0     -0.417     -9.061     20.435     22.357      0.000
   223         22  gamma               91   167     0     0     0     0     0     -0.528     -9.000     20.487     22.383      0.000
   224        421  (D0)               -91   173     0   239   240     0     0      0.729     -8.666    100.470    100.863      1.865
   225       -411  (D-)               -91   173     0   241   244     0     0     -0.723     -9.442     98.294     98.767      1.870
   226        321  K+                  91   173     0     0     0     0     0     -0.440     -4.916     42.605     42.892      0.494
   227         22  gamma               91   183     0     0     0     0     0     -0.007      0.108     -0.045      0.117      0.000
   228         22  gamma               91   183     0     0     0     0     0     -0.025     -0.037      0.003      0.045      0.000
   229         22  gamma               91   186     0     0     0     0     0      0.025      0.072      0.012      0.077      0.000
   230         22  gamma               91   186     0     0     0     0     0      0.046     -0.061      0.014      0.078      0.000
   231         22  gamma               91   189     0     0     0     0     0     -0.026      0.074    251.083    251.083      0.000
   232         22  gamma               91   189     0     0     0     0     0     -0.221      0.321    614.293    614.293      0.000
   233        413  (D*+)              -91   192     0   245   246     0     0    -17.135    -22.700    106.812    110.552      2.010
   234       -211  pi-                 91   192     0     0     0     0     0     -2.039     -2.127     11.005     11.394      0.140
   235         22  gamma               91   199     0     0     0     0     0     -0.268     -0.136   -122.208    122.209      0.000
   236         22  gamma               91   199     0     0     0     0     0     -0.042     -0.084    -23.295     23.295      0.000
   237         22  gamma               91   200     0     0     0     0     0      0.055      0.166   -625.837    625.837      0.000
   238         22  gamma               91   200     0     0     0     0     0     -0.078      0.351  -1412.395   1412.395      0.000
   239      20213  (a_1(1260)+)       -91   224     0   247   248     0     0      0.686     -5.882     71.008     71.265      1.254
   240       -321  K-                  91   224     0     0     0     0     0      0.043     -2.784     29.462     29.597      0.494
   241        321  K+                  91   225     0     0     0     0     0      0.031     -6.211     68.856     69.138      0.494
   242       -211  pi-                 91   225     0     0     0     0     0     -0.125     -0.456      3.775      3.807      0.140
   243       -211  pi-                 91   225     0     0     0     0     0     -0.183     -1.222     11.196     11.265      0.140
   244        111  (pi0)              -91   225     0   249   250     0     0     -0.446     -1.553     14.467     14.557      0.135
   245        421  (D0)               -91   233     0   251   252     0     0    -15.669    -20.802     97.875    101.298      1.865
   246        211  pi+                 91   233     0     0     0     0     0     -1.466     -1.898      8.936      9.253      0.140
   247        321  K+                  91   239     0     0     0     0     0      0.266     -3.005     37.017     37.143      0.494
   248       -313  (K*bar0)           -91   239     0   253   254     0     0      0.419     -2.877     33.991     34.123      0.711
   249         22  gamma               91   244     0     0     0     0     0     -0.326     -1.124     10.996     11.058      0.000
   250         22  gamma               91   244     0     0     0     0     0     -0.120     -0.429      3.470      3.499      0.000
   251      20213  (a_1(1260)+)       -91   245     0   255   256     0     0     -7.658    -10.414     49.410     51.086      1.170
   252       -321  K-                  91   245     0     0     0     0     0     -8.011    -10.389     48.466     50.212      0.494
   253       -311  (Kbar0)            -91   248     0   257   257     0     0      0.458     -2.271     26.499     26.604      0.498
   254        111  (pi0)              -91   248     0   258   259     0     0     -0.039     -0.606      7.493      7.518      0.135
   255        213  (rho+)             -91   251     0   260   261     0     0     -4.962     -6.280     31.825     32.821      0.593
   256        111  (pi0)              -91   251     0   262   263     0     0     -2.696     -4.134     17.585     18.264      0.135
   257        310  K_S0                91   253   253     0     0     0     0      0.458     -2.271     26.499     26.604      0.498
   258         22  gamma               91   254     0     0     0     0     0      0.040     -0.106      1.115      1.120      0.000
   259         22  gamma               91   254     0     0     0     0     0     -0.079     -0.500      6.378      6.398      0.000
   260        211  pi+                 91   255     0     0     0     0     0     -2.789     -3.892     19.507     20.086      0.140
   261        111  (pi0)              -91   255     0   264   265     0     0     -2.173     -2.388     12.318     12.735      0.135
   262         22  gamma               91   256     0     0     0     0     0     -0.187     -0.240      1.009      1.054      0.000
   263         22  gamma               91   256     0     0     0     0     0     -2.509     -3.894     16.575     17.210      0.000
   264         22  gamma               91   261     0     0     0     0     0     -2.106     -2.285     11.913     12.311      0.000
   265         22  gamma               91   261     0     0     0     0     0     -0.068     -0.103      0.406      0.424      0.000
                                   Charge sum:  2.000           Momentum sum:     -0.000      0.000     -0.000  13000.000  13000.000

 --------  End PYTHIA Event Listing  -----------------------------------------------------------------------------------------------
#--------------------------------------------------------------------------
#                     FastJet release 3.4.0 [fjcore]
#                 M. Cacciari, G.P. Salam and G. Soyez                  
#     A software package for jet finding and analysis at colliders      
#                           http://fastjet.fr                           
#	                                                                      
# Please cite EPJC72(2012)1896 [arXiv:1111.6097] if you use this package
# for scientific work and optionally PLB641(2006)57 [hep-ph/0512210].   
#                                                                       
# FastJet is provided without warranty under the GNU GPL v2 or higher.  
# It uses T. Chan's closest pair algorithm, S. Fortune's Voronoi code
# and 3rd party plugin jet algorithms. See COPYING file for details.
#--------------------------------------------------------------------------
 PYTHIA Warning in SimpleSpaceShower::pT2nextQCD: weight above unity  
 PYTHIA Warning in SimpleSpaceShower::pT2nextQCD: small daughter PDF  
 PYTHIA Warning in MultipartonInteractions::pTnext: weight above unity  
 PYTHIA Error in SimpleSpaceShower::pT2nearThreshold: stuck in loop  
 PYTHIA Warning in StringFragmentation::fragmentToJunction: bad convergence junction rest frame  
 PYTHIA Error in StringFragmentation::fragment: stuck in joining  
 PYTHIA Error in Pythia::next: hadronLevel failed; try again  

 Pythia::next(): 1000 events have been generated 
 PYTHIA Error in BeamRemnants::setKinematics: kinematics construction failed  
 PYTHIA Warning in ColConfig::collect: negative-energy parton encountered  
 PYTHIA Error in Pythia::check: unmatched particle energy/momentum/mass  
 PYTHIA Error in Pythia::next: check of event revealed problems  

 Pythia::next(): 2000 events have been generated 

 Pythia::next(): 3000 events have been generated 
 PYTHIA Warning in Pythia::check: not quite matched particle energy/momentum/mass  

 Pythia::next(): 4000 events have been generated 

 Pythia::next(): 5000 events have been generated 

 Pythia::next(): 6000 events have been generated 

 Pythia::next(): 7000 events have been generated 

 Pythia::next(): 8000 events have been generated 

 Pythia::next(): 9000 events have been generated 

 *-------  PYTHIA Event and Cross Section Statistics  -------------------------------------------------------------*
 |                                                                                                                 |
 | Subprocess                                    Code |            Number of events       |      sigma +- delta    |
 |                                                    |       Tried   Selected   Accepted |     (estimated) (mb)   |
 |                                                    |                                   |                        |
 |-----------------------------------------------------------------------------------------------------------------|
 |                                                    |                                   |                        |
 | Les Houches User Process(es)                  9999 |       10000      10000      10000 |   8.291e-08  0.000e+00 |
 |    ... whereof user classification code     322200 |       10000      10000      10000 |                        | 
 |                                                    |                                   |                        |
 | sum                                                |       10000      10000      10000 |   8.291e-08  0.000e+00 |
 |                                                                                                                 |
 *-------  End PYTHIA Event and Cross Section Statistics ----------------------------------------------------------*

 *-------  PYTHIA Error and Warning Messages Statistics  ----------------------------------------------------------* 
 |                                                                                                                 | 
 |  times   message                                                                                                | 
 |                                                                                                                 | 
 |      6   Error in BeamRemnants::setKinematics: kinematics construction failed                                   | 
 |      1   Error in Pythia::check: unmatched particle energy/momentum/mass                                        | 
 |      1   Error in Pythia::next: check of event revealed problems                                                | 
 |      9   Error in Pythia::next: hadronLevel failed; try again                                                   | 
 |      5   Error in SimpleSpaceShower::pT2nearThreshold: stuck in loop                                            | 
 |      9   Error in StringFragmentation::fragment: stuck in joining                                               | 
 |      5   Warning in ColConfig::collect: negative-energy parton encountered                                      | 
 |      4   Warning in MultipartonInteractions::pTnext: weight above unity                                         | 
 |      4   Warning in Pythia::check: not quite matched particle energy/momentum/mass                              | 
 |   1667   Warning in SimpleSpaceShower::pT2nextQCD: small daughter PDF                                           | 
 |   4492   Warning in SimpleSpaceShower::pT2nextQCD: weight above unity                                           | 
 |     41   Warning in StringFragmentation::fragmentToJunction: bad convergence junction rest frame                | 
 |      2   Warning in TimeShower::init: pTmin too low                                                             | 
 |                                                                                                                 | 
 *-------  End PYTHIA Error and Warning Messages Statistics  ------------------------------------------------------* 
Using LHE File: /nfs/dust/cms/user/amoroso/powheg/POWHEG-BOX-V2/ttJ_MiNNLOPS_v1.0_beta1/decay-ll/pwgevents-0208.lhe
less then 10000 events in LHE, using all LHE events
np.shape(P0) = (10000, 3, 9)
np.shape(nJets) = (10000, 2)
np.shape(jets_4vectors) = (10000, 20, 6)
