Configured CUDA from: /cvmfs/sft.cern.ch/lcg/releases/cuda/12.4-4899e/x86_64-el9-gcc11-opt

 *------------------------------------------------------------------------------------* 
 |                                                                                    | 
 |  *------------------------------------------------------------------------------*  | 
 |  |                                                                              |  | 
 |  |                                                                              |  | 
 |  |   PPP   Y   Y  TTTTT  H   H  III    A      Welcome to the Lund Monte Carlo!  |  | 
 |  |   P  P   Y Y     T    H   H   I    A A     This is PYTHIA version 8.309      |  | 
 |  |   PPP     Y      T    HHHHH   I   AAAAA    Last date of change: 16 Feb 2023  |  | 
 |  |   P       Y      T    H   H   I   A   A                                      |  | 
 |  |   P       Y      T    H   H  III  A   A    Now is 03 Sep 2024 at 19:04:31    |  | 
 |  |                                                                              |  | 
 |  |   Program documentation and an archive of historic versions is found on:     |  | 
 |  |                                                                              |  | 
 |  |                               https://pythia.org/                            |  | 
 |  |                                                                              |  | 
 |  |   PYTHIA is authored by a collaboration consisting of:                       |  | 
 |  |                                                                              |  | 
 |  |   Christian Bierlich, Nishita Desai, Leif Gellersen, Ilkka Helenius, Philip  |  | 
 |  |   Ilten, Leif Lonnblad, Stephen Mrenna, Stefan Prestel, Christian Preuss,    |  | 
 |  |   Torbjorn Sjostrand, Peter Skands, Marius Utheim and Rob Verheyen.          |  | 
 |  |                                                                              |  | 
 |  |   The complete list of authors, including contact information and            |  | 
 |  |   affiliations, can be found on https://pythia.org/.                         |  | 
 |  |   Problems or bugs should be reported on email at authors@pythia.org.        |  | 
 |  |                                                                              |  | 
 |  |   The main program reference is C. Bierlich et al,                           |  | 
 |  |   'A comprehensive guide to the physics and usage of Pythia 8.3',            |  | 
 |  |   SciPost Phys. Codebases 8-r8.3 (2022) [arXiv:2203.11601 [hep-ph]]          |  | 
 |  |                                                                              |  | 
 |  |   PYTHIA is released under the GNU General Public Licence version 2 or later.|  | 
 |  |   Please respect the MCnet Guidelines for Event Generator Authors and Users. |  | 
 |  |                                                                              |  | 
 |  |   Disclaimer: this program comes without any guarantees.                     |  | 
 |  |   Beware of errors and use common sense when interpreting results.           |  | 
 |  |                                                                              |  | 
 |  |   Copyright (C) 2023 Torbjorn Sjostrand                                      |  | 
 |  |                                                                              |  | 
 |  |                                                                              |  | 
 |  *------------------------------------------------------------------------------*  | 
 |                                                                                    | 
 *------------------------------------------------------------------------------------* 


 *-------  PYTHIA Process Initialization  --------------------------*
 |                                                                  |
 | We collide p+ with p+ at a CM energy of 1.300e+04 GeV            |
 |                                                                  |
 |------------------------------------------------------------------|
 |                                                    |             |
 | Subprocess                                    Code |   Estimated |
 |                                                    |    max (mb) |
 |                                                    |             |
 |------------------------------------------------------------------|
 |                                                    |             |
 | Les Houches User Process(es)                  9999 |   1.000e-09 |
 |                                                                  |
 *-------  End PYTHIA Process Initialization -----------------------*
 PYTHIA Warning in TimeShower::init: pTmin too low , raised to 0.611

 *-------  PYTHIA Multiparton Interactions Initialization  ---------* 
 |                                                                  | 
 |                   sigmaNonDiffractive =    55.51 mb              | 
 |                                                                  | 
 |    pT0 =  1.44 gives sigmaInteraction =   401.75 mb: accepted    | 
 |                                                                  | 
 *-------  End PYTHIA Multiparton Interactions Initialization  -----* 

 *-------  PYTHIA Flag + Mode + Parm + Word + FVec + MVec + PVec + WVec Settings (changes only)  ------------------* 
 |                                                                                                                 | 
 | Name                                          |                      Now |      Default         Min         Max | 
 |                                               |                          |                                      | 
 | Beams:frameType                               |                        4 |            1           1           5 | 
 | Beams:LHEF                                    | /nfs/dust/cms/user/amoroso/powheg/POWHEG-BOX-V2/ttJ_MiNNLOPS_v1.0_beta1/decay-ll/pwgevents-0166.lhe |         void | 
 | ColourReconnection:range                      |                  5.17600 |      1.80000         0.0    10.00000 | 
 | Main:timesAllowErrors                         |                      500 |           10           0             | 
 | MultipartonInteractions:alphaSorder           |                        2 |            1           0           3 | 
 | MultipartonInteractions:alphaSvalue           |                  0.11800 |      0.13000   0.0600000     0.25000 | 
 | MultipartonInteractions:bProfile              |                        2 |            3           0           4 | 
 | MultipartonInteractions:coreFraction          |                  0.63000 |      0.50000         0.0     1.00000 | 
 | MultipartonInteractions:coreRadius            |                  0.76340 |      0.40000     0.10000     1.00000 | 
 | MultipartonInteractions:ecmPow                |                0.0334400 |      0.21500         0.0     0.50000 | 
 | MultipartonInteractions:pT0Ref                |                  1.41000 |      2.28000     0.50000    10.00000 | 
 | ParticleDecays:limitTau                       |                       on |          off                         | 
 | PartonLevel:FSR                               |                      off |           on                         | 
 | PDF:pSet                                      |                       20 |           13                         | 
 | Random:seed                                   |                      166 |           -1               900000000 | 
 | Random:setSeed                                |                       on |          off                         | 
 | SigmaProcess:alphaSorder                      |                        2 |            1           0           3 | 
 | SigmaProcess:alphaSvalue                      |                  0.11800 |      0.13000   0.0600000     0.25000 | 
 | SigmaTotal:mode                               |                        0 |            1           0           4 | 
 | SigmaTotal:sigmaEl                            |                 21.89000 |     25.00000         0.0             | 
 | SigmaTotal:sigmaTot                           |                100.30900 |    100.00000         0.0             | 
 | SigmaTotal:zeroAXB                            |                      off |           on                         | 
 | SpaceShower:alphaSorder                       |                        2 |            1           0           3 | 
 | SpaceShower:alphaSvalue                       |                  0.11800 |      0.13650   0.0600000     0.25000 | 
 | SpaceShower:dipoleRecoil                      |                       on |          off                         | 
 | SpaceShower:pTmaxMatch                        |                        1 |            0           0           2 | 
 | TimeShower:alphaSorder                        |                        2 |            1           0           3 | 
 | TimeShower:alphaSvalue                        |                  0.11800 |      0.13650   0.0600000     0.25000 | 
 |                                                                                                                 | 
 *-------  End PYTHIA Flag + Mode + Parm + Word + FVec + MVec + PVec + WVec Settings  -----------------------------* 

 --------  PYTHIA Particle Data Table (changed only)  ------------------------------------------------------------------------------
 
      id   name            antiName         spn chg col      m0        mWidth      mMin       mMax       tau0    res dec ext vis wid
             no onMode   bRatio   meMode     products 

       6  t                tbar               2   2   1  173.00000    1.36916   86.00000    0.00000  1.44122e-13   1   1   0   1   0
              0     1   0.0000664    0       24        1 
              1     1   0.0017361    0       24        3 
              2     1   0.9981975    0       24        5 
              3     1   0.0000000    0       37        5 

 --------  End PYTHIA Particle Data Table  -----------------------------------------------------------------------------------------


 --------  LHA event information and listing  ---------------------------------------------------------------------- 

    process =   322200    weight =  -1.0325e+02     scale =   1.2185e+01 (GeV) 
                        alpha_em =  -1.0000e+00    alpha_strong =   1.8623e-01

    Participating Particles 
    no        id stat     mothers     colours      p_x        p_y        p_z         e          m        tau    spin 
     1        21   -1     0     0   511   512      0.000      0.000    297.595    297.595      0.000   0.000   9.000
     2        21   -1     0     0   512   513      0.000      0.000   -865.203    865.203      0.000   0.000   9.000
     3         6    2     1     2   511     0     -1.522    172.427    -83.968    257.636    172.025   0.000   9.000
     4        -6    2     1     2     0   514      0.923   -124.160    155.194    264.228    174.111   0.000   9.000
     5        21    1     1     2   515   513      1.068    -25.624   -453.004    453.729      0.000   0.000   9.000
     6        21    1     1     2   514   515     -0.469    -22.642   -185.830    187.204      0.000   0.000   9.000
     7         5    1     3     3   511     0    -62.213     94.343    -21.569    115.154      4.920   0.000  -1.000
     8        24    2     3     3     0     0     60.691     78.084    -62.399    142.482     81.406   0.000   9.000
     9        -5    1     4     4     0   514     61.561    -18.616     69.894     95.109      4.920   0.000   1.000
    10       -24    2     4     4     0     0    -60.638   -105.544     85.300    169.119     80.677   0.000   9.000
    11       -11    1     8     8     0     0     44.695     94.590    -55.797    118.568      0.001   0.000   1.000
    12        12    1     8     8     0     0     15.996    -16.506     -6.602     23.915      0.000   0.000  -1.000
    13        11    1    10    10     0     0    -23.624    -81.447     91.228    124.556      0.001   0.000  -1.000
    14       -12    1    10    10     0     0    -37.014    -24.097     -5.928     44.563      0.000   0.000   1.000

 --------  End LHA event information and listing  ------------------------------------------------------------------ 

 --------  PYTHIA Info Listing  ---------------------------------------- 
 
 Beam A: id =   2212, pz =  6.500e+03, e =  6.500e+03, m =  9.383e-01.
 Beam B: id =   2212, pz = -6.500e+03, e =  6.500e+03, m =  9.383e-01.

 In 1: id =   21, x =  4.578e-02, pdf =  0.000e+00 at Q2 =  1.485e+02.
 In 2: id =   21, x =  1.331e-01, pdf =  0.000e+00 at same Q2.

 Process Les Houches User Process(es) with code 9999 is 2 -> 4.
 Subprocess user process 322200 with code 322200 is 2 -> 4.
     alphaEM =  7.643e-03,  alphaS =  1.862e-01    at Q2 =  1.485e+02.

 Impact parameter b =  1.161e+00 gives enhancement factor =  2.958e-01.
 Max pT scale for MPI =  1.300e+04, ISR =  1.218e+01, FSR =  1.218e+01.
 Number of MPI =     3, ISR =     6, FSRproc =     0, FSRreson =     0.

 --------  End PYTHIA Info Listing  ------------------------------------

 --------  PYTHIA Event Listing  (hard process)  -----------------------------------------------------------------------------------
 
    no         id  name            status     mothers   daughters     colours      p_x        p_y        p_z         e          m 
     0         90  (system)           -11     0     0     0     0     0     0      0.000      0.000      0.000  13000.000  13000.000
     1       2212  (p+)               -12     0     0     3     0     0     0      0.000      0.000   6500.000   6500.000      0.938
     2       2212  (p+)               -12     0     0     4     0     0     0      0.000      0.000  -6500.000   6500.000      0.938
     3         21  (g)                -21     1     0     5     8   511   512      0.000      0.000    297.595    297.595      0.000
     4         21  (g)                -21     2     0     5     8   512   513      0.000      0.000   -865.203    865.203      0.000
     5          6  (t)                -22     3     4     9    10   511     0     -1.522    172.427    -83.968    257.636    172.025
     6         -6  (tbar)             -22     3     4    11    12     0   514      0.923   -124.160    155.194    264.228    174.111
     7         21  g                   23     3     4     0     0   515   513      1.068    -25.624   -453.004    453.729      0.000
     8         21  g                   23     3     4     0     0   514   515     -0.469    -22.642   -185.830    187.204      0.000
     9          5  b                   23     5     0     0     0   511     0    -62.213     94.343    -21.569    115.154      4.920
    10         24  (W+)               -22     5     0    13    14     0     0     60.691     78.084    -62.399    142.482     81.406
    11         -5  bbar                23     6     0     0     0     0   514     61.561    -18.616     69.894     95.109      4.920
    12        -24  (W-)               -22     6     0    15    16     0     0    -60.638   -105.544     85.300    169.119     80.677
    13        -11  e+                  23    10     0     0     0     0     0     44.695     94.590    -55.797    118.568      0.001
    14         12  nu_e                23    10     0     0     0     0     0     15.996    -16.506     -6.602     23.915      0.000
    15         11  e-                  23    12     0     0     0     0     0    -23.624    -81.447     91.228    124.556      0.001
    16        -12  nu_ebar             23    12     0     0     0     0     0    -37.014    -24.097     -5.928     44.563      0.000
                                   Charge sum:  0.000           Momentum sum:     -0.000      0.000   -567.608   1162.798   1014.849

 --------  End PYTHIA Event Listing  -----------------------------------------------------------------------------------------------

 --------  PYTHIA Event Listing  (complete event)  ---------------------------------------------------------------------------------
 
    no         id  name            status     mothers   daughters     colours      p_x        p_y        p_z         e          m 
     0         90  (system)           -11     0     0     0     0     0     0      0.000      0.000      0.000  13000.000  13000.000
     1       2212  (p+)               -12     0     0    59     0     0     0      0.000      0.000   6500.000   6500.000      0.938
     2       2212  (p+)               -12     0     0    60     0     0     0      0.000      0.000  -6500.000   6500.000      0.938
     3         21  (g)                -21     9     9     5     8   511   512      0.000      0.000    297.595    297.595      0.000
     4         21  (g)                -21    10     0     5     8   512   513      0.000      0.000   -865.203    865.203      0.000
     5          6  (t)                -22     3     4    11    11   511     0     -1.522    172.427    -83.968    257.636    172.025
     6         -6  (tbar)             -22     3     4    12    12     0   514      0.923   -124.160    155.194    264.228    174.111
     7         21  (g)                -23     3     4    13    13   515   513      1.068    -25.624   -453.004    453.729      0.000
     8         21  (g)                -23     3     4    14    14   514   515     -0.469    -22.642   -185.830    187.204      0.000
     9         21  (g)                -42    16     0     3     3   511   512      0.000      0.000    297.595    297.595      0.000
    10         21  (g)                -41    17    17    15     4   516   513     -0.000      0.000  -1550.194   1550.194      0.000
    11          6  (t)                -44     5     5    18    18   511     0     -1.522    172.427    -83.968    257.636    172.025
    12         -6  (tbar)             -44     6     6    19    19     0   514      0.923   -124.160    155.194    264.228    174.111
    13         21  (g)                -44     7     7    20    20   515   513     11.307    -19.683   -409.127    409.756      0.000
    14         21  (g)                -44     8     8    21    21   514   515     -0.469    -22.642   -185.830    187.204      0.000
    15         21  (g)                -43    10     0    22    22   516   512    -10.239     -5.941   -728.868    728.964      0.000
    16          2  (u)                -41    46     0    23     9   511     0      0.000      0.000    717.926    717.926      0.000
    17         21  (g)                -42    47    47    10    10   516   513     -0.000      0.000  -1550.194   1550.194      0.000
    18          6  (t)                -44    11    11    48    48   511     0     -6.266    169.145    -85.525    256.040    172.025
    19         -6  (tbar)             -44    12    12    49    49     0   514      0.923   -124.160    155.194    264.228    174.111
    20         21  (g)                -44    13    13    50    50   515   513     11.307    -19.683   -409.127    409.756      0.000
    21         21  (g)                -44    14    14    51    51   514   515     -0.469    -22.642   -185.830    187.204      0.000
    22         21  (g)                -44    15    15    52    52   516   512    -10.239     -5.941   -728.868    728.964      0.000
    23          2  (u)                -43    16     0    53    53   512     0      4.744      3.282    421.889    421.928      0.330
    24         21  (g)                -31    28    28    26    27   518   517      0.000      0.000   2306.141   2306.141      0.000
    25         21  (g)                -31    29     0    26    27   520   519      0.000      0.000     -0.051      0.051      0.000
    26         21  (g)                -33    24    25    30    30   520   517      2.861      0.063     40.693     40.794      0.000
    27         21  (g)                -33    24    25    31    31   518   519     -2.861     -0.063   2265.396   2265.398      0.000
    28         21  (g)                -42    33     0    24    24   518   517      0.000      0.000   2306.141   2306.141      0.000
    29         -1  (dbar)             -41    34    34    32    25     0   519     -0.000     -0.000    -64.995     64.995      0.000
    30         21  (g)                -44    26    26    35    35   520   517      5.044     -1.542     40.544     40.886      0.000
    31         21  (g)                -44    27    27    36    36   518   519     -2.861     -0.063   2265.396   2265.398      0.000
    32         -1  (dbar)             -43    29     0    37    37     0   520     -2.183      1.604    -64.794     64.852      0.330
    33         21  (g)                -41    39     0    38    28   521   517      0.000     -0.000   2382.072   2382.072      0.000
    34         -1  (dbar)             -42    40    40    29    29     0   519     -0.000     -0.000    -64.995     64.995      0.000
    35         21  (g)                -44    30    30    41    41   520   517      2.412     -0.139      9.575      9.875      0.000
    36         21  (g)                -44    31    31    42    42   518   519     -2.861     -0.063   2265.396   2265.398      0.000
    37         -1  (dbar)             -44    32    32    43    43     0   520     -2.183      1.604    -64.794     64.852      0.330
    38         21  (g)                -43    33     0    44    44   521   518      2.632     -1.402    106.900    106.942      0.000
    39         21  (g)                -41    68    68    45    33   522   517      0.000     -0.000   2632.380   2632.380      0.000
    40         -1  (dbar)             -42    69    69    34    34     0   519     -0.000     -0.000    -64.995     64.995      0.000
    41         21  (g)                -44    35    35    70    70   520   517      2.412     -0.139      9.575      9.875      0.000
    42         21  (g)                -44    36    36    71    71   518   519     -2.861     -0.063   2265.396   2265.398      0.000
    43         -1  (dbar)             -44    37    37    72    72     0   520     -2.183      1.604    -64.794     64.852      0.330
    44         21  (g)                -44    38    38    73    73   521   518      1.537     -1.530     59.444     59.483      0.000
    45         21  (g)                -43    39     0    74    74   522   521      1.095      0.128    297.764    297.766      0.000
    46          2  (u)                -41    59    59    54    16   523     0      0.000      0.000    864.911    864.911      0.000
    47         21  (g)                -42    60    60    17    17   516   513     -0.000      0.000  -1550.194   1550.194      0.000
    48          6  (t)                -44    18    18    61    61   511     0     -5.835    168.628    -85.788    255.776    172.025
    49         -6  (tbar)             -44    19    19    62    62     0   514      0.923   -124.160    155.194    264.228    174.111
    50         21  (g)                -44    20    20    63    63   515   513     11.307    -19.683   -409.127    409.756      0.000
    51         21  (g)                -44    21    21    64    64   514   515     -0.469    -22.642   -185.830    187.204      0.000
    52         21  (g)                -44    22    22    65    65   516   512    -10.239     -5.941   -728.868    728.964      0.000
    53          2  (u)                -44    23    23    66    66   512     0      4.744      3.282    421.889    421.928      0.330
    54         21  (g)                -43    46     0    67    67   523   511     -0.431      0.517    147.246    147.248      0.000
    55         21  (g)                -31    75    75    57    58   524   525      0.000      0.000     18.290     18.290      0.000
    56         21  (g)                -31    76    76    57    58   526   524      0.000      0.000     -0.041      0.041      0.000
    57         21  (g)                -33    55    56    77    77   526   527     -0.379     -0.129      0.989      1.067      0.000
    58         21  (g)                -33    55    56    78    78   527   525      0.379      0.129     17.259     17.264      0.000
    59          2  (u)                -61     1     0    46    46   517     0     -0.176      1.703    864.909    864.911      0.000
    60         21  (g)                -61     2     0    47    47   516   513      0.982     -1.023  -1550.193   1550.194      0.000
    61          6  (t)                -62    48    48    83    84   511     0     -5.744    168.682    -86.012    255.885    172.025
    62         -6  (tbar)             -62    49    49    85    86     0   514      0.915   -123.783    155.357    264.147    174.111
    63         21  (g)                -62    50    50    92    92   515   513     11.567    -19.953   -409.096    409.746      0.000
    64         21  (g)                -62    51    51    93    93   514   515     -0.351    -22.764   -185.800    187.190      0.000
    65         21  (g)                -62    52    52   184   184   516   520     -9.778     -6.422   -728.864    728.958      0.000
    66          2  (u)                -62    53    53   181   181   512     0      4.658      4.113    421.886    421.932      0.330
    67         21  (g)                -62    54    54   132   132   523   527     -0.461      0.807    147.245    147.248      0.000
    68         21  (g)                -61     1     0    39    39   519   517     -0.544     -4.277   2632.420   2632.424      0.000
    69         -1  (dbar)             -61     2     0    40    40     0   519      0.218     -0.455    -64.993     64.995      0.000
    70         21  (g)                -62    41    41   183   183   520   521      2.410     -0.156      9.580      9.880      0.000
    71         21  (g)                -62    42    42   133   133   518   523     -3.329     -3.743   2265.426   2265.432      0.000
    72         -1  (dbar)             -62    43    43   135   135     0   517     -1.966      1.150    -64.801     64.842      0.330
    73         21  (g)                -62    44    44   182   182   521   512      1.525     -1.627     59.451     59.493      0.000
    74         21  (g)                -62    45    45   134   134   517   518      1.034     -0.356    297.770    297.772      0.000
    75         21  (g)                -61     1     0    55    55   524   524      0.412      0.895     22.291     22.313      0.000
    76         21  (g)                -61     2     0    56    56   525   525     -0.032      0.478      1.308      1.393      0.000
    77         21  (g)                -62    57    57   130   130   526   511     -0.394      0.350      1.987      2.056      0.000
    78         21  (g)                -62    58    58   131   131   527   526      0.774      1.024     21.612     21.650      0.000
    79       2101  (ud_0)             -63     1     0   164   164     0   519      0.309      1.679   2979.013   2979.013      0.579
    80          2  (u)                -63     2     0   163   163   519     0      0.244      0.486   -500.088    500.088      0.330
    81       2103  (ud_1)             -63     2     0   185   185     0   516     -0.982      0.810  -3738.521   3738.521      0.771
    82          1  (d)                -63     2     0    91    91   513     0     -0.430     -0.295   -646.147    646.147      0.330
    83          5  (b)                -23    61     0   129   129   511     0    -64.106     92.665    -22.485    115.004      4.920
    84         24  (W+)               -22    61     0    87    88     0     0     58.361     76.018    -63.527    140.881     81.406
    85         -5  (bbar)             -23    62     0    94    94     0   514     61.558    -18.480     69.953     95.124      4.920
    86        -24  (W-)               -22    62     0    89    90     0     0    -60.643   -105.303     85.404    169.023     80.677
    87        -11  e+                  23    84     0     0     0     0     0     42.759     92.873    -56.734    116.929      0.001
    88         12  nu_e                23    84     0     0     0     0     0     15.602    -16.855     -6.792     23.951      0.000
    89         11  e-                  23    86     0     0     0     0     0    -23.628    -81.270     91.305    124.497      0.001
    90        -12  nu_ebar             23    86     0     0     0     0     0    -37.015    -24.034     -5.901     44.526      0.000
    91          1  (d)                -71    82    82    95   128   513     0     -0.430     -0.295   -646.147    646.147      0.330
    92         21  (g)                -71    63    63    95   128   515   513     11.567    -19.953   -409.096    409.746      0.000
    93         21  (g)                -71    64    64    95   128   514   515     -0.351    -22.764   -185.800    187.190      0.000
    94         -5  (bbar)             -71    85    85    95   128     0   514     61.558    -18.480     69.953     95.124      4.920
    95        223  (omega)            -83    91    94   300   302     0     0     -0.160     -0.528   -360.859    360.860      0.783
    96       -211  pi-                 83    91    94     0     0     0     0     -0.199      0.059    -72.980     72.981      0.140
    97        211  pi+                 83    91    94     0     0     0     0     -0.079     -0.152    -74.294     74.295      0.140
    98       -211  pi-                 83    91    94     0     0     0     0      0.176      0.502    -27.446     27.452      0.140
    99        111  (pi0)              -83    91    94   303   304     0     0      0.227     -0.419    -39.380     39.383      0.135
   100        211  pi+                 83    91    94     0     0     0     0      0.189      0.166    -10.899     10.902      0.140
   101       -211  pi-                 83    91    94     0     0     0     0     -0.108     -0.504    -16.120     16.129      0.140
   102        213  (rho+)             -83    91    94   219   220     0     0      0.142      0.057    -36.356     36.364      0.744
   103        113  (rho0)             -83    91    94   221   222     0     0      0.950     -1.565    -43.780     43.827      0.901
   104        223  (omega)            -83    91    94   305   307     0     0      2.839     -6.177   -128.433    128.615      0.790
   105        311  (K0)               -83    91    94   223   223     0     0      1.298     -1.591    -35.551     35.614      0.498
   106       -313  (K*bar0)           -83    91    94   224   225     0     0      3.031     -4.696   -101.741    101.898      0.850
   107        331  (eta')             -83    91    94   308   309     0     0      0.601     -2.564    -38.090     38.193      0.959
   108       -211  pi-                 83    91    94     0     0     0     0      0.556     -0.870    -21.839     21.864      0.140
   109        113  (rho0)             -83    91    94   226   227     0     0      1.075     -3.420    -47.762     47.903      0.774
   110        211  pi+                 83    91    94     0     0     0     0      0.553     -1.253    -11.426     11.509      0.140
   111        111  (pi0)              -83    91    94   310   311     0     0     -0.006     -0.005     -4.050      4.052      0.135
   112       -213  (rho-)             -84    91    94   228   229     0     0     -0.792     -6.049    -51.267     51.634      0.759
   113        321  K+                  84    91    94     0     0     0     0      1.160     -3.802    -37.202     37.417      0.494
   114       -311  (Kbar0)            -84    91    94   230   230     0     0     -0.519     -8.284    -65.819     66.342      0.498
   115       -213  (rho-)             -84    91    94   231   232     0     0     -0.131     -1.417    -10.884     11.005      0.794
   116        211  pi+                 84    91    94     0     0     0     0      0.053      0.235     -1.323      1.352      0.140
   117       -211  pi-                 84    91    94     0     0     0     0     -0.043     -0.107     -0.010      0.181      0.140
   118        211  pi+                 84    91    94     0     0     0     0      0.064     -0.216      0.134      0.297      0.140
   119        111  (pi0)              -84    91    94   312   313     0     0      0.004     -0.317     -0.915      0.978      0.135
   120       -211  pi-                 84    91    94     0     0     0     0      0.339      0.119     -0.166      0.420      0.140
   121        111  (pi0)              -84    91    94   314   315     0     0      0.175      0.081     -0.301      0.382      0.135
   122        211  pi+                 84    91    94     0     0     0     0     -0.121     -0.159     -0.333      0.413      0.140
   123       -211  pi-                 84    91    94     0     0     0     0      0.168     -0.055     -0.993      1.019      0.140
   124        113  (rho0)             -84    91    94   233   234     0     0      1.384     -0.571      1.501      2.264      0.796
   125        211  pi+                 84    91    94     0     0     0     0      0.042     -0.362      0.022      0.391      0.140
   126       -211  pi-                 84    91    94     0     0     0     0     -0.057      0.368      0.527      0.660      0.140
   127        211  pi+                 84    91    94     0     0     0     0      2.528     -0.855      1.913      3.286      0.140
   128        513  (B*0)              -84    91    94   316   317     0     0     57.005    -17.141     65.034     88.324      5.325
   129          5  (b)                -71    83    83   136   162   511     0    -64.106     92.665    -22.485    115.004      4.920
   130         21  (g)                -71    77    77   136   162   526   511     -0.394      0.350      1.987      2.056      0.000
   131         21  (g)                -71    78    78   136   162   527   526      0.774      1.024     21.612     21.650      0.000
   132         21  (g)                -71    67    67   136   162   523   527     -0.461      0.807    147.245    147.248      0.000
   133         21  (g)                -71    71    71   136   162   518   523     -3.329     -3.743   2265.426   2265.432      0.000
   134         21  (g)                -71    74    74   136   162   517   518      1.034     -0.356    297.770    297.772      0.000
   135         -1  (dbar)             -71    72    72   136   162     0   517     -1.966      1.150    -64.801     64.842      0.330
   136       -521  (B-)               -83   129   135   318   321     0     0    -61.904     89.652    -21.939    111.260      5.279
   137        111  (pi0)              -83   129   135   322   323     0     0     -1.477      2.603     -0.026      2.996      0.135
   138        213  (rho+)             -83   129   135   235   236     0     0     -0.917      0.238      0.900      1.541      0.817
   139        113  (rho0)             -83   129   135   237   238     0     0      0.627      0.081      2.114      2.393      0.927
   140       2112  n0                  83   129   135     0     0     0     0     -0.423      0.125      2.081      2.325      0.940
   141      -2212  pbar-               83   129   135     0     0     0     0     -0.248      0.181      5.986      6.067      0.938
   142        113  (rho0)             -83   129   135   239   240     0     0      0.049      0.486      3.002      3.127      0.725
   143        211  pi+                 83   129   135     0     0     0     0      0.254      0.665    110.628    110.630      0.140
   144        111  (pi0)              -83   129   135   324   325     0     0      0.138      0.459     44.507     44.510      0.135
   145        311  (K0)               -83   129   135   241   241     0     0     -0.466     -0.167     96.110     96.113      0.498
   146       -323  (K*-)              -83   129   135   242   243     0     0     -0.441     -0.239    430.709    430.710      0.865
   147        211  pi+                 83   129   135     0     0     0     0     -1.485     -0.224    400.567    400.570      0.140
   148        313  (K*0)              -84   129   135   244   245     0     0      0.246     -1.859    784.258    784.261      0.918
   149       -321  K-                  84   129   135     0     0     0     0     -0.243     -0.537    255.803    255.804      0.494
   150        111  (pi0)              -84   129   135   326   327     0     0     -0.481     -0.575    302.847    302.848      0.135
   151        211  pi+                 84   129   135     0     0     0     0     -0.281      0.141     24.172     24.174      0.140
   152       -211  pi-                 84   129   135     0     0     0     0      0.041      0.015     22.138     22.139      0.140
   153        213  (rho+)             -84   129   135   246   247     0     0      0.693     -0.359    196.334    196.337      0.921
   154        313  (K*0)              -84   129   135   248   249     0     0     -0.567     -0.194     40.926     40.941      0.919
   155        333  (phi)              -84   129   135   328   329     0     0      0.247      0.179      5.288      5.394      1.016
   156        333  (phi)              -84   129   135   330   331     0     0      0.204      0.211      1.855      2.139      1.024
   157       -313  (K*bar0)           -84   129   135   250   251     0     0     -0.222      0.217      2.117      2.299      0.840
   158       -211  pi-                 84   129   135     0     0     0     0      0.102     -0.492      0.076      0.527      0.140
   159        211  pi+                 84   129   135     0     0     0     0      0.079      0.395     -0.541      0.689      0.140
   160        313  (K*0)              -84   129   135   252   253     0     0     -0.023     -0.041      0.111      0.888      0.880
   161       -323  (K*-)              -84   129   135   254   255     0     0     -0.715      0.434    -40.570     40.589      0.884
   162        211  pi+                 84   129   135     0     0     0     0     -1.238      0.504    -22.696     22.736      0.140
   163          2  (u)                -71    80    80   165   180   519     0      0.244      0.486   -500.088    500.088      0.330
   164       2101  (ud_0)             -71    79    79   165   180     0   519      0.309      1.679   2979.013   2979.013      0.579
   165        221  (eta)              -83   163   164   332   333     0     0      0.131      0.160   -470.192    470.192      0.548
   166        221  (eta)              -83   163   164   334   336     0     0     -0.245      0.643    -19.789     19.809      0.548
   167        331  (eta')             -83   163   164   337   338     0     0      0.369     -0.909     -8.520      8.630      0.958
   168        213  (rho+)             -83   163   164   256   257     0     0      0.170      0.313     -0.633      1.059      0.770
   169       -211  pi-                 84   163   164     0     0     0     0     -0.507      0.153      0.520      0.755      0.140
   170        213  (rho+)             -84   163   164   258   259     0     0      0.483     -0.131      0.758      1.224      0.821
   171        311  (K0)               -84   163   164   260   260     0     0     -0.337      0.418      0.622      0.961      0.498
   172       -311  (Kbar0)            -84   163   164   261   261     0     0      0.169     -0.253      0.454      0.739      0.498
   173       -211  pi-                 84   163   164     0     0     0     0      0.114      0.113      1.885      1.897      0.140
   174        321  K+                  84   163   164     0     0     0     0     -0.092      0.120     83.718     83.720      0.494
   175       -313  (K*bar0)           -84   163   164   262   263     0     0      0.181     -0.250     85.162     85.168      0.961
   176        223  (omega)            -84   163   164   339   341     0     0     -0.200      0.257     71.759     71.764      0.773
   177        311  (K0)               -84   163   164   264   264     0     0     -0.201      0.464    213.561    213.562      0.498
   178       -321  K-                  84   163   164     0     0     0     0      0.094     -0.380    200.185    200.186      0.494
   179       2112  n0                  84   163   164     0     0     0     0      0.055      0.635   1442.661   1442.661      0.940
   180        213  (rho+)             -84   163   164   265   266     0     0      0.369      0.810    876.775    876.776      0.746
   181          2  (u)                -71    66    66   186   218   512     0      4.658      4.113    421.886    421.932      0.330
   182         21  (g)                -71    73    73   186   218   521   512      1.525     -1.627     59.451     59.493      0.000
   183         21  (g)                -71    70    70   186   218   520   521      2.410     -0.156      9.580      9.880      0.000
   184         21  (g)                -71    65    65   186   218   516   520     -9.778     -6.422   -728.864    728.958      0.000
   185       2103  (ud_1)             -71    81    81   186   218     0   516     -0.982      0.810  -3738.521   3738.521      0.771
   186        213  (rho+)             -83   181   185   267   268     0     0      2.898      2.449    222.793    222.827      0.690
   187        113  (rho0)             -83   181   185   269   270     0     0      0.999      0.646    159.290    159.296      0.780
   188       -213  (rho-)             -83   181   185   271   272     0     0      0.655      0.119     38.570     38.584      0.794
   189        113  (rho0)             -83   181   185   273   274     0     0      0.747     -0.117     21.841     21.864      0.646
   190        321  K+                  83   181   185     0     0     0     0      0.057      0.416     12.018     12.035      0.494
   191       -321  K-                  83   181   185     0     0     0     0      0.985     -1.074     17.391     17.459      0.494
   192        213  (rho+)             -83   181   185   275   276     0     0      0.934      0.010      8.063      8.157      0.810
   193        313  (K*0)              -83   181   185   277   278     0     0      0.033      0.157      3.495      3.591      0.812
   194       -323  (K*-)              -83   181   185   279   280     0     0      0.626     -0.026      3.596      3.770      0.941
   195        221  (eta)              -83   181   185   342   344     0     0      0.035     -0.507      2.231      2.353      0.548
   196        111  (pi0)              -83   181   185   345   346     0     0      0.618      0.383      0.400      0.841      0.135
   197        211  pi+                 83   181   185     0     0     0     0     -0.019     -0.050     -0.367      0.396      0.140
   198        221  (eta)              -83   181   185   347   349     0     0     -0.288     -0.243     -0.308      0.733      0.548
   199        311  (K0)               -83   181   185   281   281     0     0      0.059      0.167     -0.542      0.757      0.498
   200       -321  K-                  83   181   185     0     0     0     0      0.233     -0.216      0.166      0.610      0.494
   201        223  (omega)            -84   181   185   350   352     0     0      0.021      0.409     -2.522      2.668      0.769
   202        211  pi+                 84   181   185     0     0     0     0      0.001     -0.220     -0.523      0.584      0.140
   203        223  (omega)            -84   181   185   353   355     0     0     -0.219     -0.206    -15.370     15.393      0.784
   204       -211  pi-                 84   181   185     0     0     0     0     -0.193     -0.147     -1.223      1.255      0.140
   205        213  (rho+)             -84   181   185   282   283     0     0     -0.166     -0.203    -20.768     20.791      0.944
   206       -213  (rho-)             -84   181   185   284   285     0     0     -0.306     -0.155    -20.699     20.719      0.833
   207        213  (rho+)             -84   181   185   286   287     0     0     -1.026      0.003    -53.361     53.377      0.840
   208       -213  (rho-)             -84   181   185   288   289     0     0     -0.980     -0.919    -95.137     95.149      0.654
   209        223  (omega)            -84   181   185   356   357     0     0     -1.850     -1.690   -158.400    158.422      0.781
   210       2212  p+                  84   181   185     0     0     0     0     -0.921     -0.096    -85.007     85.017      0.938
   211      -2112  nbar0               84   181   185     0     0     0     0     -1.862     -1.332   -166.928    166.946      0.940
   212       -213  (rho-)             -84   181   185   290   291     0     0     -0.626      0.188    -68.983     68.990      0.700
   213        321  K+                  84   181   185     0     0     0     0     -1.263     -1.480   -231.561    231.570      0.494
   214       -323  (K*-)              -84   181   185   292   293     0     0     -0.549     -0.001   -145.319    145.323      0.928
   215        223  (omega)            -84   181   185   358   360     0     0     -0.034     -0.594   -458.219    458.220      0.787
   216        111  (pi0)              -84   181   185   361   362     0     0      0.306      0.324    -68.284     68.286      0.135
   217        111  (pi0)              -84   181   185   363   364     0     0     -0.003      0.753   -624.826    624.826      0.135
   218       2214  (Delta+)           -84   181   185   294   295     0     0     -1.067     -0.031  -2247.974   2247.975      1.331
   219        211  pi+                 91   102     0     0     0     0     0      0.373      0.040    -12.468     12.474      0.140
   220        111  (pi0)              -91   102     0   365   366     0     0     -0.231      0.018    -23.888     23.890      0.135
   221        211  pi+                 91   103     0     0     0     0     0      0.241     -0.133    -14.763     14.766      0.140
   222       -211  pi-                 91   103     0     0     0     0     0      0.709     -1.432    -29.017     29.061      0.140
   223        310  K_S0                91   105   105     0     0     0     0      1.298     -1.591    -35.551     35.614      0.498
   224       -321  K-                  91   106     0     0     0     0     0      1.626     -2.676    -53.056     53.151      0.494
   225        211  pi+                 91   106     0     0     0     0     0      1.405     -2.021    -48.685     48.748      0.140
   226        211  pi+                 91   109     0     0     0     0     0      0.464     -2.493    -34.637     34.730      0.140
   227       -211  pi-                 91   109     0     0     0     0     0      0.612     -0.927    -13.126     13.173      0.140
   228       -211  pi-                 91   112     0     0     0     0     0     -0.233     -1.908    -19.024     19.122      0.140
   229        111  (pi0)              -91   112     0   367   368     0     0     -0.558     -4.141    -32.242     32.512      0.135
   230        310  K_S0                91   114   114     0     0     0     0     -0.519     -8.284    -65.819     66.342      0.498
   231       -211  pi-                 91   115     0     0     0     0     0     -0.380     -1.214     -8.371      8.468      0.140
   232        111  (pi0)              -91   115     0   369   370     0     0      0.249     -0.204     -2.513      2.537      0.135
   233        211  pi+                 91   124     0     0     0     0     0      0.072     -0.201      0.035      0.257      0.140
   234       -211  pi-                 91   124     0     0     0     0     0      1.312     -0.370      1.466      2.007      0.140
   235        211  pi+                 91   138     0     0     0     0     0      0.042     -0.060     -0.036      0.162      0.140
   236        111  (pi0)              -91   138     0   371   372     0     0     -0.959      0.298      0.936      1.379      0.135
   237        211  pi+                 91   139     0     0     0     0     0     -0.046      0.113      0.017      0.186      0.140
   238       -211  pi-                 91   139     0     0     0     0     0      0.672     -0.032      2.097      2.207      0.140
   239        211  pi+                 91   142     0     0     0     0     0     -0.096      0.519      1.265      1.378      0.140
   240       -211  pi-                 91   142     0     0     0     0     0      0.145     -0.033      1.737      1.749      0.140
   241        130  K_L0                91   145   145     0     0     0     0     -0.466     -0.167     96.110     96.113      0.498
   242       -311  (Kbar0)            -91   146     0   296   296     0     0     -0.330      0.107    242.834    242.835      0.498
   243       -211  pi-                 91   146     0     0     0     0     0     -0.111     -0.346    187.875    187.876      0.140
   244        321  K+                  91   148     0     0     0     0     0     -0.133     -0.756    352.029    352.031      0.494
   245       -211  pi-                 91   148     0     0     0     0     0      0.379     -1.103    432.229    432.230      0.140
   246        211  pi+                 91   153     0     0     0     0     0      0.722     -0.518    181.305    181.307      0.140
   247        111  (pi0)              -91   153     0   373   374     0     0     -0.029      0.159     15.029     15.030      0.135
   248        311  (K0)               -91   154     0   297   297     0     0     -0.460     -0.348     37.060     37.068      0.498
   249        111  (pi0)              -91   154     0   375   376     0     0     -0.107      0.153      3.866      3.873      0.135
   250       -321  K-                  91   157     0     0     0     0     0      0.044      0.220      0.952      1.096      0.494
   251        211  pi+                 91   157     0     0     0     0     0     -0.266     -0.003      1.165      1.203      0.140
   252        321  K+                  91   160     0     0     0     0     0      0.072      0.178      0.242      0.582      0.494
   253       -211  pi-                 91   160     0     0     0     0     0     -0.095     -0.219     -0.131      0.306      0.140
   254       -311  (Kbar0)            -91   161     0   298   298     0     0     -0.528      0.327    -37.188     37.197      0.498
   255       -211  pi-                 91   161     0     0     0     0     0     -0.187      0.107     -3.382      3.392      0.140
   256        211  pi+                 91   168     0     0     0     0     0     -0.240      0.308     -0.268      0.494      0.140
   257        111  (pi0)              -91   168     0   377   378     0     0      0.409      0.005     -0.364      0.565      0.135
   258        211  pi+                 91   170     0     0     0     0     0      0.174      0.137     -0.087      0.276      0.140
   259        111  (pi0)              -91   170     0   379   380     0     0      0.310     -0.268      0.845      0.949      0.135
   260        130  K_L0                91   171   171     0     0     0     0     -0.337      0.418      0.622      0.961      0.498
   261        310  (K_S0)             -91   172   172   381   382     0     0      0.169     -0.253      0.454      0.739      0.498
   262       -311  (Kbar0)            -91   175     0   299   299     0     0      0.440     -0.256     56.206     56.210      0.498
   263        111  (pi0)              -91   175     0   383   384     0     0     -0.259      0.006     28.956     28.957      0.135
   264        130  K_L0                91   177   177     0     0     0     0     -0.201      0.464    213.561    213.562      0.498
   265        211  pi+                 91   180     0     0     0     0     0      0.060      0.334    618.699    618.699      0.140
   266        111  (pi0)              -91   180     0   385   386     0     0      0.310      0.477    258.076    258.077      0.135
   267        211  pi+                 91   186     0     0     0     0     0      0.202      0.119     11.161     11.164      0.140
   268        111  (pi0)              -91   186     0   387   388     0     0      2.696      2.330    211.633    211.663      0.135
   269        211  pi+                 91   187     0     0     0     0     0      0.778      0.154    115.596    115.599      0.140
   270       -211  pi-                 91   187     0     0     0     0     0      0.221      0.492     43.694     43.697      0.140
   271       -211  pi-                 91   188     0     0     0     0     0      0.551      0.402     23.561     23.571      0.140
   272        111  (pi0)              -91   188     0   389   390     0     0      0.104     -0.283     15.010     15.013      0.135
   273        211  pi+                 91   189     0     0     0     0     0      0.124     -0.253      4.906      4.916      0.140
   274       -211  pi-                 91   189     0     0     0     0     0      0.623      0.135     16.936     16.948      0.140
   275        211  pi+                 91   192     0     0     0     0     0      0.931      0.193      7.241      7.304      0.140
   276        111  (pi0)              -91   192     0   391   392     0     0      0.004     -0.183      0.822      0.853      0.135
   277        321  K+                  91   193     0     0     0     0     0      0.141      0.288      2.847      2.907      0.494
   278       -211  pi-                 91   193     0     0     0     0     0     -0.109     -0.131      0.648      0.684      0.140
   279       -321  K-                  91   194     0     0     0     0     0      0.284      0.196      1.289      1.423      0.494
   280        111  (pi0)              -91   194     0   393   394     0     0      0.342     -0.222      2.307      2.347      0.135
   281        310  (K_S0)             -91   199   199   395   396     0     0      0.059      0.167     -0.542      0.757      0.498
   282        211  pi+                 91   205     0     0     0     0     0     -0.101      0.357     -9.354      9.362      0.140
   283        111  (pi0)              -91   205     0   397   398     0     0     -0.064     -0.560    -11.414     11.429      0.135
   284       -211  pi-                 91   206     0     0     0     0     0     -0.551     -0.121    -10.842     10.857      0.140
   285        111  (pi0)              -91   206     0   399   400     0     0      0.245     -0.034     -9.858      9.862      0.135
   286        211  pi+                 91   207     0     0     0     0     0     -0.936     -0.290    -38.898     38.910      0.140
   287        111  (pi0)              -91   207     0   401   402     0     0     -0.090      0.293    -14.463     14.467      0.135
   288       -211  pi-                 91   208     0     0     0     0     0     -0.674     -0.864    -60.556     60.566      0.140
   289        111  (pi0)              -91   208     0   403   404     0     0     -0.306     -0.055    -34.581     34.583      0.135
   290       -211  pi-                 91   212     0     0     0     0     0     -0.397      0.031    -59.747     59.748      0.140
   291        111  (pi0)              -91   212     0   405   406     0     0     -0.229      0.157     -9.237      9.242      0.135
   292       -321  K-                  91   214     0     0     0     0     0     -0.479     -0.118   -137.048    137.050      0.494
   293        111  (pi0)              -91   214     0   407   408     0     0     -0.070      0.117     -8.270      8.272      0.135
   294       2212  p+                  91   218     0     0     0     0     0     -0.894      0.219  -1988.874   1988.874      0.938
   295        111  (pi0)              -91   218     0   409   410     0     0     -0.173     -0.250   -259.100    259.101      0.135
   296        310  K_S0                91   242   242     0     0     0     0     -0.330      0.107    242.834    242.835      0.498
   297        310  K_S0                91   248   248     0     0     0     0     -0.460     -0.348     37.060     37.068      0.498
   298        310  K_S0                91   254   254     0     0     0     0     -0.528      0.327    -37.188     37.197      0.498
   299        130  K_L0                91   262   262     0     0     0     0      0.440     -0.256     56.206     56.210      0.498
   300        211  pi+                 91    95     0     0     0     0     0     -0.047      0.041    -20.915     20.916      0.140
   301       -211  pi-                 91    95     0     0     0     0     0     -0.017     -0.288   -231.151    231.151      0.140
   302        111  (pi0)              -91    95     0   411   412     0     0     -0.096     -0.281   -108.793    108.794      0.135
   303         22  gamma               91    99     0     0     0     0     0      0.170     -0.223    -26.721     26.723      0.000
   304         22  gamma               91    99     0     0     0     0     0      0.057     -0.196    -12.659     12.660      0.000
   305        211  pi+                 91   104     0     0     0     0     0      1.173     -2.873    -60.560     60.640      0.140
   306       -211  pi-                 91   104     0     0     0     0     0      0.588     -0.990    -24.319     24.347      0.140
   307        111  (pi0)              -91   104     0   413   414     0     0      1.078     -2.314    -43.554     43.629      0.135
   308        113  (rho0)             -91   107     0   415   416     0     0      0.485     -2.098    -32.215     32.298      0.862
   309         22  gamma               91   107     0     0     0     0     0      0.117     -0.466     -5.876      5.895      0.000
   310         22  gamma               91   111     0     0     0     0     0      0.025     -0.024     -3.749      3.750      0.000
   311         22  gamma               91   111     0     0     0     0     0     -0.030      0.019     -0.300      0.302      0.000
   312         22  gamma               91   119     0     0     0     0     0      0.061     -0.107     -0.408      0.426      0.000
   313         22  gamma               91   119     0     0     0     0     0     -0.057     -0.210     -0.507      0.552      0.000
   314         22  gamma               91   121     0     0     0     0     0      0.194      0.071     -0.238      0.315      0.000
   315         22  gamma               91   121     0     0     0     0     0     -0.019      0.009     -0.063      0.066      0.000
   316        511  (B0)               -91   128     0   417   418     0     0     56.342    -16.958     64.225     87.262      5.280
   317         22  gamma               91   128     0     0     0     0     0      0.663     -0.183      0.808      1.062      0.000
   318       -433  (D*_s-)            -91   136     0   419   420     0     0    -25.035     37.860     -8.526     46.231      2.112
   319        411  (D+)               -91   136     0   421   423     0     0    -21.896     30.489     -8.395     38.510      1.870
   320       -211  pi-                 91   136     0     0     0     0     0     -9.164     12.969     -2.997     16.161      0.140
   321        111  (pi0)              -91   136     0   424   425     0     0     -5.808      8.333     -2.022     10.358      0.135
   322         22  gamma               91   137     0     0     0     0     0     -0.502      0.961     -0.062      1.086      0.000
   323         22  gamma               91   137     0     0     0     0     0     -0.975      1.641      0.036      1.909      0.000
   324         22  gamma               91   144     0     0     0     0     0      0.086      0.110      9.848      9.849      0.000
   325         22  gamma               91   144     0     0     0     0     0      0.052      0.349     34.660     34.661      0.000
   326         22  gamma               91   150     0     0     0     0     0     -0.359     -0.463    213.399    213.400      0.000
   327         22  gamma               91   150     0     0     0     0     0     -0.122     -0.112     89.447     89.448      0.000
   328        130  K_L0                91   155     0     0     0     0     0      0.150      0.190      2.798      2.852      0.498
   329        310  K_S0                91   155     0     0     0     0     0      0.097     -0.011      2.491      2.542      0.498
   330        321  K+                  91   156     0     0     0     0     0      0.010      0.113      0.696      0.860      0.494
   331       -321  K-                  91   156     0     0     0     0     0      0.194      0.097      1.159      1.278      0.494
   332         22  gamma               91   165     0     0     0     0     0      0.005     -0.124    -30.129     30.130      0.000
   333         22  gamma               91   165     0     0     0     0     0      0.126      0.284   -440.063    440.063      0.000
   334        211  pi+                 91   166     0     0     0     0     0     -0.258      0.275    -10.065     10.073      0.140
   335       -211  pi-                 91   166     0     0     0     0     0     -0.023      0.251     -5.390      5.398      0.140
   336        111  (pi0)              -91   166     0   426   427     0     0      0.035      0.117     -4.334      4.338      0.135
   337        113  (rho0)             -91   167     0   428   429     0     0      0.223     -0.616     -6.698      6.778      0.809
   338         22  gamma               91   167     0     0     0     0     0      0.146     -0.293     -1.822      1.851      0.000
   339        211  pi+                 91   176     0     0     0     0     0      0.018     -0.179     16.117     16.118      0.140
   340       -211  pi-                 91   176     0     0     0     0     0     -0.100      0.374     35.139     35.141      0.140
   341        111  (pi0)              -91   176     0   430   431     0     0     -0.118      0.063     20.503     20.504      0.135
   342        211  pi+                 91   195     0     0     0     0     0     -0.065     -0.093      0.399      0.438      0.140
   343       -211  pi-                 91   195     0     0     0     0     0      0.072     -0.197      1.303      1.327      0.140
   344        111  (pi0)              -91   195     0   432   433     0     0      0.028     -0.217      0.528      0.587      0.135
   345         22  gamma               91   196     0     0     0     0     0      0.562      0.388      0.363      0.773      0.000
   346         22  gamma               91   196     0     0     0     0     0      0.056     -0.005      0.037      0.068      0.000
   347        111  (pi0)              -91   198     0   434   435     0     0     -0.221     -0.145     -0.268      0.400      0.135
   348        111  (pi0)              -91   198     0   436   437     0     0      0.043     -0.047     -0.014      0.150      0.135
   349        111  (pi0)              -91   198     0   438   439     0     0     -0.110     -0.050     -0.026      0.183      0.135
   350        211  pi+                 91   201     0     0     0     0     0      0.062      0.067     -1.162      1.174      0.140
   351       -211  pi-                 91   201     0     0     0     0     0     -0.063      0.356     -1.275      1.332      0.140
   352        111  (pi0)              -91   201     0   440   441     0     0      0.021     -0.014     -0.085      0.161      0.135
   353        211  pi+                 91   203     0     0     0     0     0     -0.240     -0.219     -7.509      7.517      0.140
   354       -211  pi-                 91   203     0     0     0     0     0      0.099     -0.055     -1.292      1.304      0.140
   355        111  (pi0)              -91   203     0   442   443     0     0     -0.078      0.067     -6.569      6.571      0.135
   356        111  (pi0)              -91   209     0   444   445     0     0     -0.724     -0.996    -59.443     59.456      0.135
   357         22  gamma               91   209     0     0     0     0     0     -1.126     -0.694    -98.957     98.965      0.000
   358        211  pi+                 91   215     0     0     0     0     0      0.034      0.067    -53.577     53.577      0.140
   359       -211  pi-                 91   215     0     0     0     0     0      0.010     -0.321   -291.531    291.531      0.140
   360        111  (pi0)              -91   215     0   446   447     0     0     -0.078     -0.340   -113.111    113.112      0.135
   361         22  gamma               91   216     0     0     0     0     0      0.073      0.019     -7.551      7.551      0.000
   362         22  gamma               91   216     0     0     0     0     0      0.233      0.305    -60.734     60.735      0.000
   363         22  gamma               91   217     0     0     0     0     0      0.056      0.233   -218.852    218.853      0.000
   364         22  gamma               91   217     0     0     0     0     0     -0.059      0.520   -405.973    405.974      0.000
   365         22  gamma               91   220     0     0     0     0     0     -0.112      0.073    -13.794     13.794      0.000
   366         22  gamma               91   220     0     0     0     0     0     -0.119     -0.056    -10.095     10.095      0.000
   367         22  gamma               91   229     0     0     0     0     0     -0.472     -3.268    -25.820     26.030      0.000
   368         22  gamma               91   229     0     0     0     0     0     -0.086     -0.873     -6.422      6.482      0.000
   369         22  gamma               91   232     0     0     0     0     0      0.056     -0.122     -1.191      1.199      0.000
   370         22  gamma               91   232     0     0     0     0     0      0.194     -0.082     -1.322      1.338      0.000
   371         22  gamma               91   236     0     0     0     0     0     -0.922      0.307      0.919      1.337      0.000
   372         22  gamma               91   236     0     0     0     0     0     -0.038     -0.009      0.016      0.042      0.000
   373         22  gamma               91   247     0     0     0     0     0      0.046      0.065      3.884      3.885      0.000
   374         22  gamma               91   247     0     0     0     0     0     -0.076      0.094     11.145     11.145      0.000
   375         22  gamma               91   249     0     0     0     0     0      0.025      0.030      1.276      1.277      0.000
   376         22  gamma               91   249     0     0     0     0     0     -0.132      0.123      2.589      2.596      0.000
   377         22  gamma               91   257     0     0     0     0     0      0.350      0.042     -0.341      0.491      0.000
   378         22  gamma               91   257     0     0     0     0     0      0.059     -0.037     -0.023      0.074      0.000
   379         22  gamma               91   259     0     0     0     0     0      0.309     -0.239      0.825      0.913      0.000
   380         22  gamma               91   259     0     0     0     0     0      0.001     -0.030      0.019      0.036      0.000
   381        211  pi+                 91   261     0     0     0     0     0     -0.128     -0.100      0.113      0.242      0.140
   382       -211  pi-                 91   261     0     0     0     0     0      0.297     -0.153      0.341      0.497      0.140
   383         22  gamma               91   263     0     0     0     0     0     -0.038      0.046      9.126      9.126      0.000
   384         22  gamma               91   263     0     0     0     0     0     -0.222     -0.040     19.830     19.831      0.000
   385         22  gamma               91   266     0     0     0     0     0      0.307      0.457    231.561    231.561      0.000
   386         22  gamma               91   266     0     0     0     0     0      0.003      0.020     26.515     26.515      0.000
   387         22  gamma               91   268     0     0     0     0     0      0.753      0.724     60.456     60.465      0.000
   388         22  gamma               91   268     0     0     0     0     0      1.943      1.606    151.176    151.197      0.000
   389         22  gamma               91   272     0     0     0     0     0      0.050     -0.177     11.814     11.816      0.000
   390         22  gamma               91   272     0     0     0     0     0      0.054     -0.105      3.195      3.198      0.000
   391         22  gamma               91   276     0     0     0     0     0      0.044     -0.181      0.686      0.711      0.000
   392         22  gamma               91   276     0     0     0     0     0     -0.041     -0.002      0.137      0.142      0.000
   393         22  gamma               91   280     0     0     0     0     0      0.093     -0.136      0.983      0.997      0.000
   394         22  gamma               91   280     0     0     0     0     0      0.249     -0.086      1.324      1.350      0.000
   395        211  pi+                 91   281     0     0     0     0     0      0.193      0.011     -0.120      0.267      0.140
   396       -211  pi-                 91   281     0     0     0     0     0     -0.134      0.156     -0.423      0.490      0.140
   397         22  gamma               91   283     0     0     0     0     0     -0.024     -0.482     -8.792      8.805      0.000
   398         22  gamma               91   283     0     0     0     0     0     -0.041     -0.078     -2.622      2.624      0.000
   399         22  gamma               91   285     0     0     0     0     0      0.175      0.039     -6.757      6.760      0.000
   400         22  gamma               91   285     0     0     0     0     0      0.070     -0.073     -3.100      3.102      0.000
   401         22  gamma               91   287     0     0     0     0     0     -0.118      0.218     -9.509      9.512      0.000
   402         22  gamma               91   287     0     0     0     0     0      0.028      0.075     -4.954      4.955      0.000
   403         22  gamma               91   289     0     0     0     0     0     -0.293     -0.016    -28.219     28.220      0.000
   404         22  gamma               91   289     0     0     0     0     0     -0.013     -0.039     -6.362      6.363      0.000
   405         22  gamma               91   291     0     0     0     0     0     -0.138      0.141     -4.588      4.593      0.000
   406         22  gamma               91   291     0     0     0     0     0     -0.091      0.016     -4.648      4.649      0.000
   407         22  gamma               91   293     0     0     0     0     0     -0.041      0.101     -2.802      2.804      0.000
   408         22  gamma               91   293     0     0     0     0     0     -0.029      0.016     -5.469      5.469      0.000
   409         22  gamma               91   295     0     0     0     0     0     -0.038     -0.050    -21.623     21.623      0.000
   410         22  gamma               91   295     0     0     0     0     0     -0.135     -0.200   -237.477    237.478      0.000
   411         22  gamma               91   302     0     0     0     0     0     -0.119     -0.261   -103.776    103.777      0.000
   412         22  gamma               91   302     0     0     0     0     0      0.023     -0.021     -5.017      5.017      0.000
   413         22  gamma               91   307     0     0     0     0     0      0.363     -0.852    -14.833     14.862      0.000
   414         22  gamma               91   307     0     0     0     0     0      0.715     -1.462    -28.721     28.767      0.000
   415        211  pi+                 91   308     0     0     0     0     0      0.119     -0.570     -4.671      4.709      0.140
   416       -211  pi-                 91   308     0     0     0     0     0      0.365     -1.527    -27.544     27.589      0.140
   417      20213  (a_1(1260)+)       -91   316     0   448   449     0     0     17.884     -6.326     18.267     26.372      1.386
   418       -411  (D-)               -91   316     0   450   452     0     0     38.458    -10.632     45.958     60.891      1.870
   419       -431  (D_s-)             -91   318     0   453   454     0     0    -23.270     35.277     -7.805     43.020      1.968
   420         22  gamma               91   318     0     0     0     0     0     -1.765      2.584     -0.720      3.211      0.000
   421        -13  mu+                 91   319     0     0     0     0     0     -5.849      8.178     -1.980     10.248      0.106
   422         14  nu_mu               91   319     0     0     0     0     0     -7.592     10.060     -3.298     13.028      0.000
   423       -313  (K*bar0)           -91   319     0   455   456     0     0     -8.454     12.252     -3.118     15.234      0.884
   424         22  gamma               91   321     0     0     0     0     0     -3.268      4.639     -1.191      5.799      0.000
   425         22  gamma               91   321     0     0     0     0     0     -2.540      3.694     -0.831      4.559      0.000
   426         22  gamma               91   336     0     0     0     0     0      0.076      0.082     -1.943      1.946      0.000
   427         22  gamma               91   336     0     0     0     0     0     -0.041      0.034     -2.391      2.391      0.000
   428        211  pi+                 91   337     0     0     0     0     0     -0.129     -0.598     -3.273      3.332      0.140
   429       -211  pi-                 91   337     0     0     0     0     0      0.352     -0.018     -3.425      3.446      0.140
   430         22  gamma               91   341     0     0     0     0     0     -0.133      0.010     15.545     15.545      0.000
   431         22  gamma               91   341     0     0     0     0     0      0.015      0.053      4.959      4.959      0.000
   432         22  gamma               91   344     0     0     0     0     0      0.059     -0.037      0.100      0.122      0.000
   433         22  gamma               91   344     0     0     0     0     0     -0.031     -0.180      0.428      0.466      0.000
   434         22  gamma               91   347     0     0     0     0     0     -0.006     -0.057     -0.092      0.108      0.000
   435         22  gamma               91   347     0     0     0     0     0     -0.215     -0.088     -0.176      0.292      0.000
   436         22  gamma               91   348     0     0     0     0     0     -0.025      0.035     -0.009      0.044      0.000
   437         22  gamma               91   348     0     0     0     0     0      0.067     -0.082     -0.005      0.106      0.000
   438         22  gamma               91   349     0     0     0     0     0     -0.137     -0.057     -0.008      0.149      0.000
   439         22  gamma               91   349     0     0     0     0     0      0.028      0.007     -0.018      0.034      0.000
   440         22  gamma               91   352     0     0     0     0     0     -0.046      0.001     -0.080      0.093      0.000
   441         22  gamma               91   352     0     0     0     0     0      0.067     -0.015     -0.005      0.069      0.000
   442         22  gamma               91   355     0     0     0     0     0     -0.035      0.087     -5.793      5.794      0.000
   443         22  gamma               91   355     0     0     0     0     0     -0.043     -0.019     -0.776      0.777      0.000
   444         22  gamma               91   356     0     0     0     0     0     -0.016     -0.074     -3.250      3.251      0.000
   445         22  gamma               91   356     0     0     0     0     0     -0.709     -0.922    -56.193     56.205      0.000
   446         22  gamma               91   360     0     0     0     0     0      0.031     -0.164    -51.574     51.574      0.000
   447         22  gamma               91   360     0     0     0     0     0     -0.109     -0.175    -61.537     61.537      0.000
   448        213  (rho+)             -91   417     0   457   458     0     0      9.205     -3.740      9.558     13.806      0.741
   449        111  (pi0)              -91   417     0   459   460     0     0      8.679     -2.586      8.710     12.565      0.135
   450         13  mu-                 91   418     0     0     0     0     0      2.966     -1.093      3.711      4.876      0.106
   451        -14  nu_mubar            91   418     0     0     0     0     0     23.798     -6.963     28.305     37.630      0.000
   452       -311  (Kbar0)            -91   418     0   461   461     0     0     11.694     -2.576     13.941     18.385      0.498
   453       -323  (K*-)              -91   419     0   462   463     0     0    -13.970     21.478     -4.958     26.113      0.913
   454        313  (K*0)              -91   419     0   464   465     0     0     -9.300     13.798     -2.847     16.907      0.925
   455       -321  K-                  91   423     0     0     0     0     0     -3.034      4.264     -1.190      5.389      0.494
   456        211  pi+                 91   423     0     0     0     0     0     -5.420      7.988     -1.928      9.845      0.140
   457        211  pi+                 91   448     0     0     0     0     0      3.338     -1.023      3.212      4.745      0.140
   458        111  (pi0)              -91   448     0   466   467     0     0      5.867     -2.717      6.346      9.061      0.135
   459         22  gamma               91   449     0     0     0     0     0      4.257     -1.329      4.242      6.155      0.000
   460         22  gamma               91   449     0     0     0     0     0      4.421     -1.257      4.468      6.410      0.000
   461        310  K_S0                91   452   452     0     0     0     0     11.694     -2.576     13.941     18.385      0.498
   462       -311  (Kbar0)            -91   453     0   468   468     0     0     -6.959     11.212     -2.558     13.451      0.498
   463       -211  pi-                 91   453     0     0     0     0     0     -7.011     10.266     -2.401     12.662      0.140
   464        311  (K0)               -91   454     0   469   469     0     0     -4.864      7.683     -1.706      9.265      0.498
   465        111  (pi0)              -91   454     0   470   471     0     0     -4.436      6.116     -1.140      7.642      0.135
   466         22  gamma               91   458     0     0     0     0     0      1.806     -0.889      1.919      2.781      0.000
   467         22  gamma               91   458     0     0     0     0     0      4.061     -1.829      4.427      6.280      0.000
   468        310  K_S0                91   462   462     0     0     0     0     -6.959     11.212     -2.558     13.451      0.498
   469        310  (K_S0)             -91   464   464   472   473     0     0     -4.864      7.683     -1.706      9.265      0.498
   470         22  gamma               91   465     0     0     0     0     0     -2.332      3.184     -0.661      4.001      0.000
   471         22  gamma               91   465     0     0     0     0     0     -2.105      2.932     -0.479      3.640      0.000
   472        211  pi+                 91   469     0     0     0     0     0     -2.173      3.810     -0.863      4.473      0.140
   473       -211  pi-                 91   469     0     0     0     0     0     -2.691      3.873     -0.844      4.793      0.140
                                   Charge sum:  2.000           Momentum sum:     -0.000      0.000      0.000  13000.000  13000.000

 --------  End PYTHIA Event Listing  -----------------------------------------------------------------------------------------------
#--------------------------------------------------------------------------
#                     FastJet release 3.4.0 [fjcore]
#                 M. Cacciari, G.P. Salam and G. Soyez                  
#     A software package for jet finding and analysis at colliders      
#                           http://fastjet.fr                           
#	                                                                      
# Please cite EPJC72(2012)1896 [arXiv:1111.6097] if you use this package
# for scientific work and optionally PLB641(2006)57 [hep-ph/0512210].   
#                                                                       
# FastJet is provided without warranty under the GNU GPL v2 or higher.  
# It uses T. Chan's closest pair algorithm, S. Fortune's Voronoi code
# and 3rd party plugin jet algorithms. See COPYING file for details.
#--------------------------------------------------------------------------
 PYTHIA Warning in SimpleSpaceShower::pT2nextQCD: weight above unity  
 PYTHIA Warning in SimpleSpaceShower::pT2nextQCD: small daughter PDF  
 PYTHIA Warning in ColConfig::collect: negative-energy parton encountered  
 PYTHIA Error in StringFragmentation::fragment: stuck in joining  
 PYTHIA Error in Pythia::next: hadronLevel failed; try again  
 PYTHIA Error in BeamRemnants::setKinematics: kinematics construction failed  
 PYTHIA Warning in StringFragmentation::fragmentToJunction: bad convergence junction rest frame  

 Pythia::next(): 1000 events have been generated 

 Pythia::next(): 2000 events have been generated 
 PYTHIA Warning in Pythia::check: not quite matched particle energy/momentum/mass  
 PYTHIA Warning in MultipartonInteractions::pTnext: weight above unity  

 Pythia::next(): 3000 events have been generated 

 Pythia::next(): 4000 events have been generated 

 Pythia::next(): 5000 events have been generated 
 PYTHIA Error in SimpleSpaceShower::pT2nearThreshold: stuck in loop  

 Pythia::next(): 6000 events have been generated 

 Pythia::next(): 7000 events have been generated 

 Pythia::next(): 8000 events have been generated 
 PYTHIA Error in SimpleSpaceShower::pT2nearThreshold: xPDF = 0  

 Pythia::next(): 9000 events have been generated 

 *-------  PYTHIA Event and Cross Section Statistics  -------------------------------------------------------------*
 |                                                                                                                 |
 | Subprocess                                    Code |            Number of events       |      sigma +- delta    |
 |                                                    |       Tried   Selected   Accepted |     (estimated) (mb)   |
 |                                                    |                                   |                        |
 |-----------------------------------------------------------------------------------------------------------------|
 |                                                    |                                   |                        |
 | Les Houches User Process(es)                  9999 |       10000      10000      10000 |   8.369e-08  0.000e+00 |
 |    ... whereof user classification code     322200 |       10000      10000      10000 |                        | 
 |                                                    |                                   |                        |
 | sum                                                |       10000      10000      10000 |   8.369e-08  0.000e+00 |
 |                                                                                                                 |
 *-------  End PYTHIA Event and Cross Section Statistics ----------------------------------------------------------*

 *-------  PYTHIA Error and Warning Messages Statistics  ----------------------------------------------------------* 
 |                                                                                                                 | 
 |  times   message                                                                                                | 
 |                                                                                                                 | 
 |      7   Error in BeamRemnants::setKinematics: kinematics construction failed                                   | 
 |      4   Error in Pythia::next: hadronLevel failed; try again                                                   | 
 |      4   Error in SimpleSpaceShower::pT2nearThreshold: stuck in loop                                            | 
 |      3   Error in SimpleSpaceShower::pT2nearThreshold: xPDF = 0                                                 | 
 |      4   Error in StringFragmentation::fragment: stuck in joining                                               | 
 |      2   Warning in ColConfig::collect: negative-energy parton encountered                                      | 
 |      4   Warning in MultipartonInteractions::pTnext: weight above unity                                         | 
 |      1   Warning in Pythia::check: not quite matched particle energy/momentum/mass                              | 
 |   1817   Warning in SimpleSpaceShower::pT2nextQCD: small daughter PDF                                           | 
 |   4443   Warning in SimpleSpaceShower::pT2nextQCD: weight above unity                                           | 
 |     38   Warning in StringFragmentation::fragmentToJunction: bad convergence junction rest frame                | 
 |      2   Warning in TimeShower::init: pTmin too low                                                             | 
 |                                                                                                                 | 
 *-------  End PYTHIA Error and Warning Messages Statistics  ------------------------------------------------------* 
Using LHE File: /nfs/dust/cms/user/amoroso/powheg/POWHEG-BOX-V2/ttJ_MiNNLOPS_v1.0_beta1/decay-ll/pwgevents-0166.lhe
less then 10000 events in LHE, using all LHE events
np.shape(P0) = (10000, 3, 9)
np.shape(nJets) = (10000, 2)
np.shape(jets_4vectors) = (10000, 20, 6)
