Configured CUDA from: /cvmfs/sft.cern.ch/lcg/releases/cuda/12.4-4899e/x86_64-el9-gcc11-opt

 *------------------------------------------------------------------------------------* 
 |                                                                                    | 
 |  *------------------------------------------------------------------------------*  | 
 |  |                                                                              |  | 
 |  |                                                                              |  | 
 |  |   PPP   Y   Y  TTTTT  H   H  III    A      Welcome to the Lund Monte Carlo!  |  | 
 |  |   P  P   Y Y     T    H   H   I    A A     This is PYTHIA version 8.309      |  | 
 |  |   PPP     Y      T    HHHHH   I   AAAAA    Last date of change: 16 Feb 2023  |  | 
 |  |   P       Y      T    H   H   I   A   A                                      |  | 
 |  |   P       Y      T    H   H  III  A   A    Now is 03 Sep 2024 at 19:04:27    |  | 
 |  |                                                                              |  | 
 |  |   Program documentation and an archive of historic versions is found on:     |  | 
 |  |                                                                              |  | 
 |  |                               https://pythia.org/                            |  | 
 |  |                                                                              |  | 
 |  |   PYTHIA is authored by a collaboration consisting of:                       |  | 
 |  |                                                                              |  | 
 |  |   Christian Bierlich, Nishita Desai, Leif Gellersen, Ilkka Helenius, Philip  |  | 
 |  |   Ilten, Leif Lonnblad, Stephen Mrenna, Stefan Prestel, Christian Preuss,    |  | 
 |  |   Torbjorn Sjostrand, Peter Skands, Marius Utheim and Rob Verheyen.          |  | 
 |  |                                                                              |  | 
 |  |   The complete list of authors, including contact information and            |  | 
 |  |   affiliations, can be found on https://pythia.org/.                         |  | 
 |  |   Problems or bugs should be reported on email at authors@pythia.org.        |  | 
 |  |                                                                              |  | 
 |  |   The main program reference is C. Bierlich et al,                           |  | 
 |  |   'A comprehensive guide to the physics and usage of Pythia 8.3',            |  | 
 |  |   SciPost Phys. Codebases 8-r8.3 (2022) [arXiv:2203.11601 [hep-ph]]          |  | 
 |  |                                                                              |  | 
 |  |   PYTHIA is released under the GNU General Public Licence version 2 or later.|  | 
 |  |   Please respect the MCnet Guidelines for Event Generator Authors and Users. |  | 
 |  |                                                                              |  | 
 |  |   Disclaimer: this program comes without any guarantees.                     |  | 
 |  |   Beware of errors and use common sense when interpreting results.           |  | 
 |  |                                                                              |  | 
 |  |   Copyright (C) 2023 Torbjorn Sjostrand                                      |  | 
 |  |                                                                              |  | 
 |  |                                                                              |  | 
 |  *------------------------------------------------------------------------------*  | 
 |                                                                                    | 
 *------------------------------------------------------------------------------------* 


 *-------  PYTHIA Process Initialization  --------------------------*
 |                                                                  |
 | We collide p+ with p+ at a CM energy of 1.300e+04 GeV            |
 |                                                                  |
 |------------------------------------------------------------------|
 |                                                    |             |
 | Subprocess                                    Code |   Estimated |
 |                                                    |    max (mb) |
 |                                                    |             |
 |------------------------------------------------------------------|
 |                                                    |             |
 | Les Houches User Process(es)                  9999 |   1.000e-09 |
 |                                                                  |
 *-------  End PYTHIA Process Initialization -----------------------*
 PYTHIA Warning in TimeShower::init: pTmin too low , raised to 0.611

 *-------  PYTHIA Multiparton Interactions Initialization  ---------* 
 |                                                                  | 
 |                   sigmaNonDiffractive =    55.51 mb              | 
 |                                                                  | 
 |    pT0 =  1.44 gives sigmaInteraction =   396.75 mb: accepted    | 
 |                                                                  | 
 *-------  End PYTHIA Multiparton Interactions Initialization  -----* 

 *-------  PYTHIA Flag + Mode + Parm + Word + FVec + MVec + PVec + WVec Settings (changes only)  ------------------* 
 |                                                                                                                 | 
 | Name                                          |                      Now |      Default         Min         Max | 
 |                                               |                          |                                      | 
 | Beams:frameType                               |                        4 |            1           1           5 | 
 | Beams:LHEF                                    | /nfs/dust/cms/user/amoroso/powheg/POWHEG-BOX-V2/ttJ_MiNNLOPS_v1.0_beta1/decay-ll/pwgevents-0233.lhe |         void | 
 | ColourReconnection:range                      |                  5.17600 |      1.80000         0.0    10.00000 | 
 | Main:timesAllowErrors                         |                      500 |           10           0             | 
 | MultipartonInteractions:alphaSorder           |                        2 |            1           0           3 | 
 | MultipartonInteractions:alphaSvalue           |                  0.11800 |      0.13000   0.0600000     0.25000 | 
 | MultipartonInteractions:bProfile              |                        2 |            3           0           4 | 
 | MultipartonInteractions:coreFraction          |                  0.63000 |      0.50000         0.0     1.00000 | 
 | MultipartonInteractions:coreRadius            |                  0.76340 |      0.40000     0.10000     1.00000 | 
 | MultipartonInteractions:ecmPow                |                0.0334400 |      0.21500         0.0     0.50000 | 
 | MultipartonInteractions:pT0Ref                |                  1.41000 |      2.28000     0.50000    10.00000 | 
 | ParticleDecays:limitTau                       |                       on |          off                         | 
 | PartonLevel:FSR                               |                      off |           on                         | 
 | PDF:pSet                                      |                       20 |           13                         | 
 | Random:seed                                   |                      233 |           -1               900000000 | 
 | Random:setSeed                                |                       on |          off                         | 
 | SigmaProcess:alphaSorder                      |                        2 |            1           0           3 | 
 | SigmaProcess:alphaSvalue                      |                  0.11800 |      0.13000   0.0600000     0.25000 | 
 | SigmaTotal:mode                               |                        0 |            1           0           4 | 
 | SigmaTotal:sigmaEl                            |                 21.89000 |     25.00000         0.0             | 
 | SigmaTotal:sigmaTot                           |                100.30900 |    100.00000         0.0             | 
 | SigmaTotal:zeroAXB                            |                      off |           on                         | 
 | SpaceShower:alphaSorder                       |                        2 |            1           0           3 | 
 | SpaceShower:alphaSvalue                       |                  0.11800 |      0.13650   0.0600000     0.25000 | 
 | SpaceShower:dipoleRecoil                      |                       on |          off                         | 
 | SpaceShower:pTmaxMatch                        |                        1 |            0           0           2 | 
 | TimeShower:alphaSorder                        |                        2 |            1           0           3 | 
 | TimeShower:alphaSvalue                        |                  0.11800 |      0.13650   0.0600000     0.25000 | 
 |                                                                                                                 | 
 *-------  End PYTHIA Flag + Mode + Parm + Word + FVec + MVec + PVec + WVec Settings  -----------------------------* 

 --------  PYTHIA Particle Data Table (changed only)  ------------------------------------------------------------------------------
 
      id   name            antiName         spn chg col      m0        mWidth      mMin       mMax       tau0    res dec ext vis wid
             no onMode   bRatio   meMode     products 

       6  t                tbar               2   2   1  173.00000    1.36916   86.00000    0.00000  1.44122e-13   1   1   0   1   0
              0     1   0.0000664    0       24        1 
              1     1   0.0017361    0       24        3 
              2     1   0.9981975    0       24        5 
              3     1   0.0000000    0       37        5 

 --------  End PYTHIA Particle Data Table  -----------------------------------------------------------------------------------------


 --------  LHA event information and listing  ---------------------------------------------------------------------- 

    process =   322200    weight =   1.0325e+02     scale =   1.4684e+02 (GeV) 
                        alpha_em =  -1.0000e+00    alpha_strong =   1.1675e-01

    Participating Particles 
    no        id stat     mothers     colours      p_x        p_y        p_z         e          m        tau    spin 
     1        21   -1     0     0   513   515      0.000      0.000    607.228    607.228      0.000   0.000   9.000
     2        21   -1     0     0   511   512      0.000      0.000   -758.134    758.134      0.000   0.000   9.000
     3         6    2     1     2   511     0   -154.484    147.497   -398.149    483.335    171.666   0.000   9.000
     4        -6    2     1     2     0   514     63.632    -60.348    -28.171    196.481    173.551   0.000   9.000
     5        21    1     1     2   513   512     51.706     54.378   -186.407    200.943      0.000   0.000   9.000
     6        21    1     1     2   514   515     39.145   -141.527    461.821    484.604      0.000   0.000   9.000
     7         5    1     3     3   511     0    -70.363    141.259   -243.909    290.553      4.920   0.000  -1.000
     8        24    2     3     3     0     0    -84.121      6.238   -154.240    192.782     79.118   0.000   9.000
     9        -5    1     4     4     0   514     47.118    -70.016     37.806     92.605      4.920   0.000   1.000
    10       -24    2     4     4     0     0     16.515      9.668    -65.977    103.875     77.916   0.000   9.000
    11       -13    1     8     8     0     0    -48.248      5.626   -148.757    156.487      0.106   0.000   1.000
    12        14    1     8     8     0     0    -35.874      0.612     -5.483     36.295      0.000   0.000  -1.000
    13        11    1    10    10     0     0     38.824     17.001    -10.547     43.676      0.001   0.000  -1.000
    14       -12    1    10    10     0     0    -22.310     -7.334    -55.429     60.199      0.000   0.000   1.000

 --------  End LHA event information and listing  ------------------------------------------------------------------ 

 --------  PYTHIA Info Listing  ---------------------------------------- 
 
 Beam A: id =   2212, pz =  6.500e+03, e =  6.500e+03, m =  9.383e-01.
 Beam B: id =   2212, pz = -6.500e+03, e =  6.500e+03, m =  9.383e-01.

 In 1: id =   21, x =  9.342e-02, pdf =  0.000e+00 at Q2 =  2.156e+04.
 In 2: id =   21, x =  1.166e-01, pdf =  0.000e+00 at same Q2.

 Process Les Houches User Process(es) with code 9999 is 2 -> 4.
 Subprocess user process 322200 with code 322200 is 2 -> 4.
     alphaEM =  7.860e-03,  alphaS =  1.168e-01    at Q2 =  2.156e+04.

 Impact parameter b =  1.220e+00 gives enhancement factor =  2.280e-01.
 Max pT scale for MPI =  1.300e+04, ISR =  1.468e+02, FSR =  1.468e+02.
 Number of MPI =     2, ISR =     5, FSRproc =     0, FSRreson =     0.

 --------  End PYTHIA Info Listing  ------------------------------------

 --------  PYTHIA Event Listing  (hard process)  -----------------------------------------------------------------------------------
 
    no         id  name            status     mothers   daughters     colours      p_x        p_y        p_z         e          m 
     0         90  (system)           -11     0     0     0     0     0     0      0.000      0.000      0.000  13000.000  13000.000
     1       2212  (p+)               -12     0     0     3     0     0     0      0.000      0.000   6500.000   6500.000      0.938
     2       2212  (p+)               -12     0     0     4     0     0     0      0.000      0.000  -6500.000   6500.000      0.938
     3         21  (g)                -21     1     0     5     8   513   515      0.000      0.000    607.228    607.228      0.000
     4         21  (g)                -21     2     0     5     8   511   512      0.000      0.000   -758.134    758.134      0.000
     5          6  (t)                -22     3     4     9    10   511     0   -154.484    147.497   -398.149    483.335    171.666
     6         -6  (tbar)             -22     3     4    11    12     0   514     63.632    -60.348    -28.171    196.481    173.551
     7         21  g                   23     3     4     0     0   513   512     51.706     54.378   -186.407    200.943      0.000
     8         21  g                   23     3     4     0     0   514   515     39.145   -141.527    461.821    484.604      0.000
     9          5  b                   23     5     0     0     0   511     0    -70.363    141.259   -243.909    290.553      4.920
    10         24  (W+)               -22     5     0    13    14     0     0    -84.121      6.238   -154.240    192.782     79.118
    11         -5  bbar                23     6     0     0     0     0   514     47.118    -70.016     37.806     92.605      4.920
    12        -24  (W-)               -22     6     0    15    16     0     0     16.515      9.668    -65.977    103.875     77.916
    13        -13  mu+                 23    10     0     0     0     0     0    -48.248      5.626   -148.757    156.487      0.106
    14         14  nu_mu               23    10     0     0     0     0     0    -35.874      0.612     -5.483     36.295      0.000
    15         11  e-                  23    12     0     0     0     0     0     38.824     17.001    -10.547     43.676      0.001
    16        -12  nu_ebar             23    12     0     0     0     0     0    -22.310     -7.334    -55.429     60.199      0.000
                                   Charge sum:  0.000           Momentum sum:      0.000     -0.000   -150.906   1365.362   1356.997

 --------  End PYTHIA Event Listing  -----------------------------------------------------------------------------------------------

 --------  PYTHIA Event Listing  (complete event)  ---------------------------------------------------------------------------------
 
    no         id  name            status     mothers   daughters     colours      p_x        p_y        p_z         e          m 
     0         90  (system)           -11     0     0     0     0     0     0      0.000      0.000      0.000  13000.000  13000.000
     1       2212  (p+)               -12     0     0    58     0     0     0      0.000      0.000   6500.000   6500.000      0.938
     2       2212  (p+)               -12     0     0    59     0     0     0      0.000      0.000  -6500.000   6500.000      0.938
     3         21  (g)                -21     9     0     5     8   513   515      0.000      0.000    607.228    607.228      0.000
     4         21  (g)                -21    10    10     5     8   511   512      0.000      0.000   -758.134    758.134      0.000
     5          6  (t)                -22     3     4    11    11   511     0   -154.484    147.497   -398.149    483.335    171.666
     6         -6  (tbar)             -22     3     4    12    12     0   514     63.632    -60.348    -28.171    196.481    173.551
     7         21  (g)                -23     3     4    13    13   513   512     51.706     54.378   -186.407    200.943      0.000
     8         21  (g)                -23     3     4    14    14   514   515     39.145   -141.527    461.821    484.604      0.000
     9         21  (g)                -41    16    16    15     3   513   516     -0.000      0.000    636.788    636.788      0.000
    10         21  (g)                -42    17     0     4     4   511   512      0.000      0.000   -758.134    758.134      0.000
    11          6  (t)                -44     5     5    18    18   511     0   -154.484    147.497   -398.149    483.335    171.666
    12         -6  (tbar)             -44     6     6    19    19     0   514     63.632    -60.348    -28.171    196.481    173.551
    13         21  (g)                -44     7     7    20    20   513   512     51.706     54.378   -186.407    200.943      0.000
    14         21  (g)                -44     8     8    21    21   514   515      9.030    -96.604    301.137    316.382      0.000
    15         21  (g)                -43     9     0    22    22   515   516     30.115    -44.923    190.244    197.782      0.000
    16         21  (g)                -42    24     0     9     9   513   516     -0.000      0.000    636.788    636.788      0.000
    17         21  (g)                -41    25    25    23    10   517   512      0.000     -0.000   -812.227    812.227      0.000
    18          6  (t)                -44    11    11    26    26   511     0   -145.788    131.876   -367.037    450.368    171.666
    19         -6  (tbar)             -44    12    12    27    27     0   514     63.632    -60.348    -28.171    196.481    173.551
    20         21  (g)                -44    13    13    28    28   513   512     51.706     54.378   -186.407    200.943      0.000
    21         21  (g)                -44    14    14    29    29   514   515      9.030    -96.604    301.137    316.382      0.000
    22         21  (g)                -44    15    15    30    30   515   516     30.115    -44.923    190.244    197.782      0.000
    23         21  (g)                -43    17     0    31    31   517   511     -8.696     15.622    -85.205     87.060      0.000
    24         21  (g)                -41    37     0    32    16   513   518      0.000     -0.000    752.110    752.110      0.000
    25         21  (g)                -42    38    38    17    17   517   512      0.000     -0.000   -812.227    812.227      0.000
    26          6  (t)                -44    18    18    39    39   511     0   -145.788    131.876   -367.037    450.368    171.666
    27         -6  (tbar)             -44    19    19    40    40     0   514     63.632    -60.348    -28.171    196.481    173.551
    28         21  (g)                -44    20    20    41    41   513   512     51.706     54.378   -186.407    200.943      0.000
    29         21  (g)                -44    21    21    42    42   514   515      9.030    -96.604    301.137    316.382      0.000
    30         21  (g)                -44    22    22    43    43   515   516     36.432    -41.131    203.961    211.232      0.000
    31         21  (g)                -44    23    23    44    44   517   511     -8.696     15.622    -85.205     87.060      0.000
    32         21  (g)                -43    24     0    45    45   516   518     -6.316     -3.792    101.606    101.872      0.000
    33         -1  (dbar)             -31    69    69    35    36     0   519      0.000      0.000      6.446      6.446      0.000
    34         -2  (ubar)             -31    70    70    35    36     0   520      0.000      0.000     -2.275      2.275      0.000
    35         -1  (dbar)             -33    33    34    71    71     0   520     -2.855     -2.526      1.918      4.281      0.330
    36         -2  (ubar)             -33    33    34    72    72     0   519      2.855      2.526      2.252      4.440      0.330
    37         21  (g)                -41    47     0    46    24   513   521      0.000     -0.000    925.284    925.284      0.000
    38         21  (g)                -42    48    48    25    25   517   512      0.000     -0.000   -812.227    812.227      0.000
    39          6  (t)                -44    26    26    49    49   511     0   -145.788    131.876   -367.037    450.368    171.666
    40         -6  (tbar)             -44    27    27    50    50     0   514     63.632    -60.348    -28.171    196.481    173.551
    41         21  (g)                -44    28    28    51    51   513   512     54.299     53.338   -186.185    201.142      0.000
    42         21  (g)                -44    29    29    52    52   514   515      9.030    -96.604    301.137    316.382      0.000
    43         21  (g)                -44    30    30    53    53   515   516     36.432    -41.131    203.961    211.232      0.000
    44         21  (g)                -44    31    31    54    54   517   511     -8.696     15.622    -85.205     87.060      0.000
    45         21  (g)                -44    32    32    55    55   516   518     -6.316     -3.792    101.606    101.872      0.000
    46         21  (g)                -43    37     0    56    56   518   521     -2.592      1.040    172.952    172.975      0.000
    47          2  (u)                -41    58    58    57    37   513     0      0.000     -0.000   4186.663   4186.663      0.000
    48         21  (g)                -42    59    59    38    38   517   512      0.000     -0.000   -812.227    812.227      0.000
    49          6  (t)                -44    39    39    60    60   511     0   -145.788    131.876   -367.037    450.368    171.666
    50         -6  (tbar)             -44    40    40    61    61     0   514     63.632    -60.348    -28.171    196.481    173.551
    51         21  (g)                -44    41    41    62    62   513   512     56.427     54.280   -185.749    201.577      0.000
    52         21  (g)                -44    42    42    63    63   514   515      9.030    -96.604    301.137    316.382      0.000
    53         21  (g)                -44    43    43    64    64   515   516     36.432    -41.131    203.961    211.232      0.000
    54         21  (g)                -44    44    44    65    65   517   511     -8.696     15.622    -85.205     87.060      0.000
    55         21  (g)                -44    45    45    66    66   516   518     -6.316     -3.792    101.606    101.872      0.000
    56         21  (g)                -44    46    46    67    67   518   521     -2.592      1.040    172.952    172.975      0.000
    57          2  (u)                -43    47     0    68    68   521     0     -2.129     -0.942   3260.943   3260.944      0.330
    58          2  (u)                -61     1     0    47    47   513     0      0.085     -1.423   4186.662   4186.663      0.000
    59         21  (g)                -61     2     0    48    48   517   512      1.863      0.458   -812.226    812.228      0.000
    60          6  (t)                -62    49    49    78    79   511     0   -144.850    132.092   -367.143    450.214    171.666
    61         -6  (tbar)             -62    50    50    80    81     0   514     63.892    -60.313    -28.126    196.548    173.551
    62         21  (g)                -62    51    51   113   113   513   512     56.872     54.386   -185.661    201.648      0.000
    63         21  (g)                -62    52    52   140   140   514   515      9.054    -96.705    301.104    316.381      0.000
    64         21  (g)                -62    53    53   139   139   515   516     36.444    -41.200    203.984    211.270      0.000
    65         21  (g)                -62    54    54    96    96   517   511     -8.498     15.670    -85.208     87.052      0.000
    66         21  (g)                -62    55    55   138   138   516   518     -6.314     -3.826    101.597    101.865      0.000
    67         21  (g)                -62    56    56   137   137   518   521     -2.589      0.982    172.950    172.972      0.000
    68          2  (u)                -62    57    57   136   136   521     0     -2.063     -2.051   3260.940   3260.941      0.330
    69         -1  (dbar)             -61     1     0    33    33     0   513     -0.965      1.731      6.269      6.575      0.000
    70         -2  (ubar)             -61     2     0    34    34     0   517     -0.060     -0.981     -2.041      2.265      0.000
    71         -1  (dbar)             -62    35    35    97    97     0   517     -3.406     -2.081      2.669      4.813      0.330
    72         -2  (ubar)             -62    36    36   114   114     0   513      2.380      2.832      1.559      4.028      0.330
    73       2103  (ud_1)             -63     1     0    87    87     0   522      0.080      0.045   1166.496   1166.496      0.771
    74          1  (d)                -63     1     0    86    86   522     0      0.801     -0.353   1140.305   1140.305      0.330
    75       2203  (uu_1)             -63     2     0    91    91     0   524     -0.175      0.151  -4805.352   4805.352      0.771
    76          1  (d)                -63     2     0   112   112   512     0     -1.143     -0.145   -703.668    703.669      0.330
    77          2  (u)                -63     2     0    90    90   524     0     -0.484      0.517   -176.445    176.447      0.330
    78          5  (b)                -23    60     0    95    95   511     0    -64.588    132.024   -225.322    269.066      4.920
    79         24  (W+)               -22    60     0    82    83     0     0    -80.262      0.067   -141.820    181.148     79.118
    80         -5  (bbar)             -23    61     0   141   141     0   514     47.240    -69.999     37.827     92.664      4.920
    81        -24  (W-)               -22    61     0    84    85     0     0     16.652      9.686    -65.953    103.884     77.916
    82        -13  mu+                 23    79     0     0     0     0     0    -45.127      0.636   -138.714    145.872      0.106
    83         14  nu_mu               23    79     0     0     0     0     0    -35.135     -0.569     -3.106     35.277      0.000
    84         11  e-                  23    81     0     0     0     0     0     38.882     17.009    -10.537     43.728      0.001
    85        -12  nu_ebar             23    81     0     0     0     0     0    -22.230     -7.323    -55.415     60.155      0.000
    86          1  (d)                -71    74    74    88    89   522     0      0.801     -0.353   1140.305   1140.305      0.330
    87       2103  (ud_1)             -71    73    73    88    89     0   522      0.080      0.045   1166.496   1166.496      0.771
    88       -211  pi-                 82    86    87     0     0     0     0      0.091     -0.014    115.748    115.748      0.140
    89       2214  (Delta+)           -82    86    87   185   186     0     0      0.789     -0.293   2191.052   2191.053      1.255
    90          2  (u)                -71    77    77    92    94   524     0     -0.484      0.517   -176.445    176.447      0.330
    91       2203  (uu_1)             -71    75    75    92    94     0   524     -0.175      0.151  -4805.352   4805.352      0.771
    92        213  (rho+)             -83    90    91   187   188     0     0     -1.109      0.532   -808.967    808.969      0.810
    93       -211  pi-                 83    90    91     0     0     0     0      0.481      0.149   -559.781    559.781      0.140
    94       2224  (Delta++)          -84    90    91   189   190     0     0     -0.030     -0.012  -3613.049   3613.049      1.242
    95          5  (b)                -71    78    78    98   111   511     0    -64.588    132.024   -225.322    269.066      4.920
    96         21  (g)                -71    65    65    98   111   517   511     -8.498     15.670    -85.208     87.052      0.000
    97         -1  (dbar)             -71    71    71    98   111     0   517     -3.406     -2.081      2.669      4.813      0.330
    98       -511  (Bbar0)            -83    95    97   221   223     0     0    -62.876    129.145   -220.694    263.373      5.280
    99       -211  pi-                 83    95    97     0     0     0     0     -0.822      1.571     -2.607      3.156      0.140
   100        323  (K*+)              -83    95    97   191   192     0     0     -1.291      0.870     -4.687      5.025      0.927
   101       -311  (Kbar0)            -83    95    97   193   193     0     0     -0.112      1.673     -6.452      6.685      0.498
   102        311  (K0)               -84    95    97   194   194     0     0     -1.241      2.099    -11.220     11.493      0.498
   103       -321  K-                  84    95    97     0     0     0     0     -2.800      5.224    -24.679     25.386      0.494
   104        213  (rho+)             -84    95    97   195   196     0     0     -2.504      4.273    -23.225     23.761      0.828
   105        113  (rho0)             -84    95    97   197   198     0     0     -1.621      2.342    -15.586     15.869      0.889
   106       -211  pi-                 84    95    97     0     0     0     0      0.178     -0.203     -0.393      0.497      0.140
   107        213  (rho+)             -84    95    97   199   200     0     0     -0.485      0.125     -0.027      0.878      0.721
   108       -211  pi-                 84    95    97     0     0     0     0      0.387      0.049     -0.008      0.415      0.140
   109        211  pi+                 84    95    97     0     0     0     0     -0.462      0.030     -0.201      0.524      0.140
   110        111  (pi0)              -84    95    97   224   225     0     0     -0.872     -0.127      0.359      0.961      0.135
   111        111  (pi0)              -84    95    97   226   227     0     0     -1.970     -1.458      1.560      2.908      0.135
   112          1  (d)                -71    76    76   115   135   512     0     -1.143     -0.145   -703.668    703.669      0.330
   113         21  (g)                -71    62    62   115   135   513   512     56.872     54.386   -185.661    201.648      0.000
   114         -2  (ubar)             -71    72    72   115   135     0   513      2.380      2.832      1.559      4.028      0.330
   115        111  (pi0)              -83   112   114   228   229     0     0     -0.328      0.125   -155.779    155.779      0.135
   116        223  (omega)            -83   112   114   230   232     0     0     -0.575      0.272   -416.471    416.472      0.799
   117       -211  pi-                 83   112   114     0     0     0     0     -0.463     -0.376    -44.963     44.967      0.140
   118        111  (pi0)              -83   112   114   233   234     0     0      0.556     -0.128    -77.038     77.040      0.135
   119        111  (pi0)              -83   112   114   235   236     0     0     -0.435      0.148     -3.441      3.474      0.135
   120       2212  p+                  83   112   114     0     0     0     0      1.243      1.103     -8.102      8.324      0.938
   121      -2212  pbar-               83   112   114     0     0     0     0      0.985      0.315     -2.725      3.061      0.938
   122        111  (pi0)              -83   112   114   237   238     0     0      0.806      0.516     -3.307      3.445      0.135
   123        221  (eta)              -83   112   114   239   241     0     0     20.125     19.886    -66.586     72.349      0.548
   124        211  pi+                 83   112   114     0     0     0     0      0.863      1.008     -3.060      3.339      0.140
   125        221  (eta)              -83   112   114   242   244     0     0      5.566      5.598    -17.742     19.427      0.548
   126       -211  pi-                 83   112   114     0     0     0     0     22.202     20.252    -72.072     78.086      0.140
   127        211  pi+                 83   112   114     0     0     0     0      4.301      4.821    -14.449     15.828      0.140
   128        111  (pi0)              -84   112   114   245   246     0     0      0.081      0.103     -1.171      1.186      0.135
   129        221  (eta)              -84   112   114   247   249     0     0      0.663      0.147     -0.124      0.881      0.548
   130        313  (K*0)              -84   112   114   201   202     0     0      0.469      1.002     -0.275      1.451      0.897
   131       -321  K-                  84   112   114     0     0     0     0      0.826      0.587     -0.309      1.168      0.494
   132        211  pi+                 84   112   114     0     0     0     0      0.437     -0.043     -0.291      0.545      0.140
   133        113  (rho0)             -84   112   114   203   204     0     0      0.140      0.533     -0.151      0.951      0.760
   134        111  (pi0)              -84   112   114   250   251     0     0      0.712      0.825      0.361      1.156      0.135
   135       -211  pi-                 84   112   114     0     0     0     0     -0.066      0.377     -0.076      0.414      0.140
   136          2  (u)                -71    68    68   142   184   521     0     -2.063     -2.051   3260.940   3260.941      0.330
   137         21  (g)                -71    67    67   142   184   518   521     -2.589      0.982    172.950    172.972      0.000
   138         21  (g)                -71    66    66   142   184   516   518     -6.314     -3.826    101.597    101.865      0.000
   139         21  (g)                -71    64    64   142   184   515   516     36.444    -41.200    203.984    211.270      0.000
   140         21  (g)                -71    63    63   142   184   514   515      9.054    -96.705    301.104    316.381      0.000
   141         -5  (bbar)             -71    80    80   142   184     0   514     47.240    -69.999     37.827     92.664      4.920
   142        213  (rho+)             -83   136   141   205   206     0     0     -1.704     -1.250   1697.505   1697.507      1.352
   143       -211  pi-                 83   136   141     0     0     0     0      0.337      0.054    431.951    431.951      0.140
   144        321  K+                  83   136   141     0     0     0     0     -0.477     -0.458    629.049    629.050      0.494
   145       3122  Lambda0             83   136   141     0     0     0     0     -0.782      0.319    260.050    260.054      1.116
   146       -211  pi-                 83   136   141     0     0     0     0     -0.272     -0.126     40.836     40.837      0.140
   147      -1114  (Deltabar+)        -83   136   141   207   208     0     0     -0.330     -0.196    227.492    227.496      1.306
   148       2112  n0                  83   136   141     0     0     0     0     -0.802     -0.270     23.410     23.444      0.940
   149        223  (omega)            -83   136   141   252   254     0     0     -0.553     -0.097     51.913     51.922      0.781
   150      -3122  Lambdabar0          83   136   141     0     0     0     0     -1.333      0.370     44.098     44.134      1.116
   151        221  (eta)              -83   136   141   255   257     0     0     -0.690     -1.163     35.963     35.993      0.548
   152       -323  (K*-)              -83   136   141   209   210     0     0     -1.111      0.033     30.823     30.857      0.936
   153        223  (omega)            -83   136   141   258   260     0     0     -0.082     -0.742     16.959     16.993      0.791
   154        211  pi+                 83   136   141     0     0     0     0     -1.971     -0.809     24.682     24.774      0.140
   155        311  (K0)               -83   136   141   211   211     0     0     -0.589     -0.356     11.554     11.585      0.498
   156       -321  K-                  83   136   141     0     0     0     0      0.114     -1.148      9.774      9.854      0.494
   157        211  pi+                 83   136   141     0     0     0     0      0.348      0.093      0.953      1.028      0.140
   158        111  (pi0)              -83   136   141   261   262     0     0      1.165     -1.266      8.919      9.084      0.135
   159        111  (pi0)              -83   136   141   263   264     0     0      0.153     -0.554      0.980      1.144      0.135
   160       -211  pi-                 83   136   141     0     0     0     0      1.790     -1.858     12.453     12.719      0.140
   161        213  (rho+)             -83   136   141   212   213     0     0      6.609     -7.124     36.415     37.702      0.959
   162        111  (pi0)              -84   136   141   265   267     0     0     16.585    -19.700     93.405     96.890      0.135
   163        111  (pi0)              -84   136   141   268   269     0     0      1.815     -2.358      9.276      9.743      0.135
   164       3122  Lambda0             84   136   141     0     0     0     0      4.153     -4.805     26.112     26.896      1.116
   165      -3212  (Sigmabar0)        -84   136   141   270   271     0     0      2.732     -4.019     16.916     17.640      1.193
   166       -211  pi-                 84   136   141     0     0     0     0      0.438     -5.220     17.879     18.631      0.140
   167        111  (pi0)              -84   136   141   272   273     0     0      0.852     -2.469      7.743      8.173      0.135
   168        111  (pi0)              -84   136   141   274   275     0     0     -0.014     -2.296      8.476      8.782      0.135
   169        211  pi+                 84   136   141     0     0     0     0      0.744     -6.548     19.698     20.771      0.140
   170        111  (pi0)              -84   136   141   276   277     0     0      2.221    -28.029     87.657     92.057      0.135
   171        221  (eta)              -84   136   141   278   280     0     0      0.458     -2.472      7.599      8.023      0.548
   172       -211  pi-                 84   136   141     0     0     0     0      2.813    -25.621     78.868     82.973      0.140
   173        211  pi+                 84   136   141     0     0     0     0      0.173     -5.064     16.584     17.341      0.140
   174       -211  pi-                 84   136   141     0     0     0     0      0.337     -1.895      5.495      5.824      0.140
   175        111  (pi0)              -84   136   141   281   282     0     0      0.693     -7.008     23.193     24.239      0.135
   176        113  (rho0)             -84   136   141   214   215     0     0      0.445     -3.811     10.135     10.873      0.887
   177        221  (eta)              -84   136   141   283   285     0     0      0.261     -3.836     11.244     11.896      0.548
   178        211  pi+                 84   136   141     0     0     0     0      0.188     -0.358      1.568      1.625      0.140
   179       -211  pi-                 84   136   141     0     0     0     0      0.021      0.080      0.265      0.311      0.140
   180        111  (pi0)              -84   136   141   286   287     0     0      0.317     -0.559      1.144      1.319      0.135
   181        213  (rho+)             -84   136   141   216   217     0     0      0.221     -1.507      1.757      2.534      1.007
   182        113  (rho0)             -84   136   141   218   219     0     0      4.094     -5.966      4.088      8.358      0.885
   183        111  (pi0)              -84   136   141   288   289     0     0      5.495     -7.920      3.672     10.316      0.135
   184        513  (B*0)              -84   136   141   290   291     0     0     36.912    -54.870     29.848     72.749      5.325
   185       2212  p+                  91    89     0     0     0     0     0      0.522     -0.440   1826.559   1826.560      0.938
   186        111  (pi0)              -91    89     0   292   293     0     0      0.268      0.147    364.493    364.493      0.135
   187        211  pi+                 91    92     0     0     0     0     0     -0.482      0.339   -590.937    590.937      0.140
   188        111  (pi0)              -91    92     0   294   295     0     0     -0.628      0.194   -218.031    218.032      0.135
   189       2212  p+                  91    94     0     0     0     0     0      0.043     -0.083  -2188.029   2188.029      0.938
   190        211  pi+                 91    94     0     0     0     0     0     -0.074      0.071  -1425.020   1425.020      0.140
   191        311  (K0)               -91   100     0   220   220     0     0     -1.322      0.663     -4.037      4.328      0.498
   192        211  pi+                 91   100     0     0     0     0     0      0.031      0.207     -0.650      0.697      0.140
   193        310  K_S0                91   101   101     0     0     0     0     -0.112      1.673     -6.452      6.685      0.498
   194        310  K_S0                91   102   102     0     0     0     0     -1.241      2.099    -11.220     11.493      0.498
   195        211  pi+                 91   104     0     0     0     0     0     -1.142      2.629    -14.124     14.413      0.140
   196        111  (pi0)              -91   104     0   296   297     0     0     -1.362      1.643     -9.100      9.348      0.135
   197        211  pi+                 91   105     0     0     0     0     0     -1.319      2.184    -14.465     14.689      0.140
   198       -211  pi-                 91   105     0     0     0     0     0     -0.303      0.158     -1.121      1.181      0.140
   199        211  pi+                 91   107     0     0     0     0     0     -0.128      0.374     -0.049      0.422      0.140
   200        111  (pi0)              -91   107     0   298   299     0     0     -0.357     -0.249      0.021      0.456      0.135
   201        321  K+                  91   130     0     0     0     0     0      0.348      0.256     -0.110      0.665      0.494
   202       -211  pi-                 91   130     0     0     0     0     0      0.121      0.745     -0.165      0.785      0.140
   203        211  pi+                 91   133     0     0     0     0     0      0.208      0.668     -0.035      0.715      0.140
   204       -211  pi-                 91   133     0     0     0     0     0     -0.068     -0.135     -0.116      0.237      0.140
   205        211  pi+                 91   142     0     0     0     0     0     -1.700     -0.848   1059.123   1059.125      0.140
   206        111  (pi0)              -91   142     0   300   301     0     0     -0.004     -0.401    638.382    638.382      0.135
   207      -2112  nbar0               91   147     0     0     0     0     0     -0.144     -0.104    121.053    121.056      0.940
   208        211  pi+                 91   147     0     0     0     0     0     -0.186     -0.092    106.440    106.440      0.140
   209       -321  K-                  91   152     0     0     0     0     0     -0.813     -0.262     23.794     23.815      0.494
   210        111  (pi0)              -91   152     0   302   303     0     0     -0.298      0.295      7.029      7.043      0.135
   211        310  K_S0                91   155   155     0     0     0     0     -0.589     -0.356     11.554     11.585      0.498
   212        211  pi+                 91   161     0     0     0     0     0      2.778     -3.640     17.608     18.194      0.140
   213        111  (pi0)              -91   161     0   304   305     0     0      3.831     -3.484     18.808     19.508      0.135
   214        211  pi+                 91   176     0     0     0     0     0     -0.051     -0.094      0.639      0.663      0.140
   215       -211  pi-                 91   176     0     0     0     0     0      0.496     -3.717      9.496     10.210      0.140
   216        211  pi+                 91   181     0     0     0     0     0     -0.054      0.075      0.026      0.169      0.140
   217        111  (pi0)              -91   181     0   306   307     0     0      0.275     -1.582      1.731      2.365      0.135
   218        211  pi+                 91   182     0     0     0     0     0      1.063     -2.236      1.473      2.884      0.140
   219       -211  pi-                 91   182     0     0     0     0     0      3.031     -3.730      2.615      5.474      0.140
   220        130  K_L0                91   191   191     0     0     0     0     -1.322      0.663     -4.037      4.328      0.498
   221        -12  nu_ebar             91    98     0     0     0     0     0     -7.457     15.278    -26.245     31.270      0.000
   222         11  e-                  91    98     0     0     0     0     0    -39.708     78.014   -134.279    160.292      0.001
   223        413  (D*+)              -91    98     0   308   309     0     0    -15.711     35.853    -60.170     71.811      2.010
   224         22  gamma               91   110     0     0     0     0     0     -0.490     -0.011      0.232      0.543      0.000
   225         22  gamma               91   110     0     0     0     0     0     -0.381     -0.115      0.127      0.418      0.000
   226         22  gamma               91   111     0     0     0     0     0     -1.427     -0.984      1.078      2.041      0.000
   227         22  gamma               91   111     0     0     0     0     0     -0.543     -0.474      0.482      0.867      0.000
   228         22  gamma               91   115     0     0     0     0     0     -0.140      0.091    -97.166     97.166      0.000
   229         22  gamma               91   115     0     0     0     0     0     -0.187      0.034    -58.613     58.613      0.000
   230        211  pi+                 91   116     0     0     0     0     0     -0.126      0.357   -203.738    203.739      0.140
   231       -211  pi-                 91   116     0     0     0     0     0     -0.092     -0.032    -32.741     32.742      0.140
   232        111  (pi0)              -91   116     0   310   311     0     0     -0.356     -0.053   -179.991    179.991      0.135
   233         22  gamma               91   118     0     0     0     0     0      0.455     -0.140    -67.827     67.829      0.000
   234         22  gamma               91   118     0     0     0     0     0      0.101      0.012     -9.210      9.211      0.000
   235         22  gamma               91   119     0     0     0     0     0     -0.426      0.126     -3.372      3.401      0.000
   236         22  gamma               91   119     0     0     0     0     0     -0.009      0.022     -0.069      0.073      0.000
   237         22  gamma               91   122     0     0     0     0     0      0.313      0.167     -1.440      1.483      0.000
   238         22  gamma               91   122     0     0     0     0     0      0.492      0.349     -1.867      1.962      0.000
   239        111  (pi0)              -91   123     0   312   313     0     0     11.919     11.886    -39.586     43.017      0.135
   240        111  (pi0)              -91   123     0   314   315     0     0      5.155      4.931    -16.746     18.202      0.135
   241        111  (pi0)              -91   123     0   316   317     0     0      3.051      3.069    -10.253     11.130      0.135
   242        211  pi+                 91   125     0     0     0     0     0      2.805      2.904     -8.878      9.754      0.140
   243       -211  pi-                 91   125     0     0     0     0     0      0.775      0.846     -2.650      2.891      0.140
   244        111  (pi0)              -91   125     0   318   319     0     0      1.986      1.849     -6.214      6.782      0.135
   245         22  gamma               91   128     0     0     0     0     0      0.005      0.111     -0.670      0.679      0.000
   246         22  gamma               91   128     0     0     0     0     0      0.077     -0.008     -0.501      0.507      0.000
   247        211  pi+                 91   129     0     0     0     0     0      0.331      0.088     -0.175      0.409      0.140
   248       -211  pi-                 91   129     0     0     0     0     0      0.197      0.119      0.023      0.271      0.140
   249        111  (pi0)              -91   129     0   320   321     0     0      0.135     -0.059      0.028      0.202      0.135
   250         22  gamma               91   134     0     0     0     0     0      0.615      0.706      0.358      1.002      0.000
   251         22  gamma               91   134     0     0     0     0     0      0.097      0.119      0.003      0.154      0.000
   252        211  pi+                 91   149     0     0     0     0     0     -0.244     -0.151     19.436     19.438      0.140
   253       -211  pi-                 91   149     0     0     0     0     0     -0.373     -0.114     20.395     20.400      0.140
   254        111  (pi0)              -91   149     0   322   323     0     0      0.064      0.168     12.082     12.084      0.135
   255        211  pi+                 91   151     0     0     0     0     0     -0.235     -0.304      7.241      7.253      0.140
   256       -211  pi-                 91   151     0     0     0     0     0     -0.479     -0.727     24.183     24.199      0.140
   257         22  gamma               91   151     0     0     0     0     0      0.024     -0.131      4.539      4.541      0.000
   258        211  pi+                 91   153     0     0     0     0     0      0.013      0.017      1.094      1.103      0.140
   259       -211  pi-                 91   153     0     0     0     0     0      0.083     -0.329      9.641      9.648      0.140
   260        111  (pi0)              -91   153     0   324   325     0     0     -0.177     -0.430      6.223      6.242      0.135
   261         22  gamma               91   158     0     0     0     0     0      0.847     -0.913      6.757      6.871      0.000
   262         22  gamma               91   158     0     0     0     0     0      0.319     -0.353      2.161      2.213      0.000
   263         22  gamma               91   159     0     0     0     0     0      0.051     -0.409      0.652      0.771      0.000
   264         22  gamma               91   159     0     0     0     0     0      0.101     -0.145      0.328      0.373      0.000
   265         22  gamma               91   162     0     0     0     0     0     12.951    -15.322     72.845     75.557      0.000
   266         11  e-                  91   162     0     0     0     0     0      0.153     -0.172      0.831      0.863      0.001
   267        -11  e+                  91   162     0     0     0     0     0      3.482     -4.206     19.729     20.470      0.001
   268         22  gamma               91   163     0     0     0     0     0      1.337     -1.721      6.982      7.314      0.000
   269         22  gamma               91   163     0     0     0     0     0      0.478     -0.637      2.294      2.428      0.000
   270      -3122  Lambdabar0          91   165     0     0     0     0     0      2.545     -3.638     15.599     16.257      1.116
   271         22  gamma               91   165     0     0     0     0     0      0.187     -0.381      1.317      1.383      0.000
   272         22  gamma               91   167     0     0     0     0     0      0.241     -0.766      2.566      2.688      0.000
   273         22  gamma               91   167     0     0     0     0     0      0.611     -1.703      5.177      5.485      0.000
   274         22  gamma               91   168     0     0     0     0     0     -0.054     -1.593      5.708      5.926      0.000
   275         22  gamma               91   168     0     0     0     0     0      0.040     -0.703      2.768      2.856      0.000
   276         22  gamma               91   170     0     0     0     0     0      0.492     -5.535     17.306     18.176      0.000
   277         22  gamma               91   170     0     0     0     0     0      1.729    -22.495     70.351     73.881      0.000
   278        211  pi+                 91   171     0     0     0     0     0      0.073     -0.563      2.061      2.142      0.140
   279       -211  pi-                 91   171     0     0     0     0     0      0.131     -0.694      2.303      2.413      0.140
   280        111  (pi0)              -91   171     0   326   327     0     0      0.253     -1.216      3.235      3.468      0.135
   281         22  gamma               91   175     0     0     0     0     0      0.323     -3.314     11.198     11.683      0.000
   282         22  gamma               91   175     0     0     0     0     0      0.369     -3.694     11.995     12.556      0.000
   283        111  (pi0)              -91   177     0   328   329     0     0      0.162     -1.664      4.773      5.059      0.135
   284        111  (pi0)              -91   177     0   330   331     0     0     -0.003     -0.470      1.670      1.740      0.135
   285        111  (pi0)              -91   177     0   332   333     0     0      0.102     -1.703      4.801      5.096      0.135
   286         22  gamma               91   180     0     0     0     0     0      0.146     -0.191      0.545      0.596      0.000
   287         22  gamma               91   180     0     0     0     0     0      0.171     -0.367      0.599      0.723      0.000
   288         22  gamma               91   183     0     0     0     0     0      0.854     -1.294      0.628      1.673      0.000
   289         22  gamma               91   183     0     0     0     0     0      4.641     -6.626      3.045      8.643      0.000
   290        511  (B0)               -91   184     0   334   338     0     0     36.722    -54.634     29.678     72.402      5.280
   291         22  gamma               91   184     0     0     0     0     0      0.190     -0.235      0.170      0.347      0.000
   292         22  gamma               91   186     0     0     0     0     0      0.220      0.103    331.401    331.401      0.000
   293         22  gamma               91   186     0     0     0     0     0      0.048      0.044     33.092     33.092      0.000
   294         22  gamma               91   188     0     0     0     0     0     -0.445      0.071   -147.275    147.275      0.000
   295         22  gamma               91   188     0     0     0     0     0     -0.183      0.122    -70.756     70.756      0.000
   296         22  gamma               91   196     0     0     0     0     0     -0.044      0.090     -0.360      0.373      0.000
   297         22  gamma               91   196     0     0     0     0     0     -1.318      1.554     -8.741      8.975      0.000
   298         22  gamma               91   200     0     0     0     0     0     -0.350     -0.261      0.032      0.438      0.000
   299         22  gamma               91   200     0     0     0     0     0     -0.007      0.013     -0.011      0.018      0.000
   300         22  gamma               91   206     0     0     0     0     0     -0.028     -0.396    582.819    582.819      0.000
   301         22  gamma               91   206     0     0     0     0     0      0.023     -0.005     55.563     55.563      0.000
   302         22  gamma               91   210     0     0     0     0     0     -0.242      0.174      5.457      5.465      0.000
   303         22  gamma               91   210     0     0     0     0     0     -0.057      0.121      1.572      1.578      0.000
   304         22  gamma               91   213     0     0     0     0     0      1.891     -1.641      9.219      9.553      0.000
   305         22  gamma               91   213     0     0     0     0     0      1.939     -1.843      9.588      9.954      0.000
   306         22  gamma               91   217     0     0     0     0     0      0.084     -0.822      0.940      1.251      0.000
   307         22  gamma               91   217     0     0     0     0     0      0.191     -0.760      0.791      1.114      0.000
   308        421  (D0)               -91   223     0   339   340     0     0    -14.496     33.091    -55.463     66.218      1.865
   309        211  pi+                 91   223     0     0     0     0     0     -1.214      2.762     -4.707      5.593      0.140
   310         22  gamma               91   232     0     0     0     0     0     -0.252     -0.015    -93.830     93.830      0.000
   311         22  gamma               91   232     0     0     0     0     0     -0.104     -0.038    -86.161     86.162      0.000
   312         22  gamma               91   239     0     0     0     0     0      2.335      2.272     -7.752      8.409      0.000
   313         22  gamma               91   239     0     0     0     0     0      9.585      9.614    -31.834     34.608      0.000
   314         22  gamma               91   240     0     0     0     0     0      2.352      2.173     -7.615      8.261      0.000
   315         22  gamma               91   240     0     0     0     0     0      2.803      2.757     -9.131      9.941      0.000
   316         22  gamma               91   241     0     0     0     0     0      3.008      3.012    -10.043     10.908      0.000
   317         22  gamma               91   241     0     0     0     0     0      0.044      0.057     -0.211      0.222      0.000
   318         22  gamma               91   244     0     0     0     0     0      0.012      0.030     -0.085      0.091      0.000
   319         22  gamma               91   244     0     0     0     0     0      1.974      1.819     -6.130      6.692      0.000
   320         22  gamma               91   249     0     0     0     0     0      0.130     -0.036      0.072      0.152      0.000
   321         22  gamma               91   249     0     0     0     0     0      0.005     -0.023     -0.043      0.049      0.000
   322         22  gamma               91   254     0     0     0     0     0     -0.032      0.081      3.317      3.318      0.000
   323         22  gamma               91   254     0     0     0     0     0      0.095      0.087      8.765      8.766      0.000
   324         22  gamma               91   260     0     0     0     0     0     -0.147     -0.188      2.814      2.824      0.000
   325         22  gamma               91   260     0     0     0     0     0     -0.030     -0.242      3.409      3.418      0.000
   326         22  gamma               91   280     0     0     0     0     0     -0.004     -0.134      0.431      0.451      0.000
   327         22  gamma               91   280     0     0     0     0     0      0.257     -1.082      2.804      3.017      0.000
   328         22  gamma               91   283     0     0     0     0     0      0.107     -1.393      3.853      4.099      0.000
   329         22  gamma               91   283     0     0     0     0     0      0.055     -0.271      0.920      0.961      0.000
   330         22  gamma               91   284     0     0     0     0     0     -0.038     -0.405      1.280      1.344      0.000
   331         22  gamma               91   284     0     0     0     0     0      0.036     -0.065      0.390      0.397      0.000
   332         22  gamma               91   285     0     0     0     0     0      0.010     -1.153      3.307      3.502      0.000
   333         22  gamma               91   285     0     0     0     0     0      0.092     -0.549      1.494      1.594      0.000
   334       -411  (D-)               -91   290     0   341   343     0     0     17.646    -28.886     14.529     36.883      1.870
   335        111  (pi0)              -91   290     0   344   345     0     0      3.606     -5.444      2.654      7.050      0.135
   336        211  pi+                 91   290     0     0     0     0     0      1.238     -1.561      1.152      2.306      0.140
   337       -211  pi-                 91   290     0     0     0     0     0     12.619    -16.153     10.258     22.922      0.140
   338        211  pi+                 91   290     0     0     0     0     0      1.612     -2.589      1.084      3.240      0.140
   339      20213  (a_1(1260)+)       -91   308     0   346   347     0     0     -7.901     17.806    -29.349     35.245      1.165
   340       -321  K-                  91   308     0     0     0     0     0     -6.596     15.285    -26.114     30.973      0.494
   341         13  mu-                 91   334     0     0     0     0     0      0.435     -0.699      0.376      0.911      0.106
   342        -14  nu_mubar            91   334     0     0     0     0     0     12.585    -21.591     10.360     27.053      0.000
   343       -311  (Kbar0)            -91   334     0   348   348     0     0      4.626     -6.596      3.794      8.919      0.498
   344         22  gamma               91   335     0     0     0     0     0      3.416     -5.137      2.476      6.647      0.000
   345         22  gamma               91   335     0     0     0     0     0      0.190     -0.307      0.178      0.403      0.000
   346        213  (rho+)             -91   339     0   349   350     0     0     -4.157      9.508    -15.318     18.518      0.789
   347        111  (pi0)              -91   339     0   351   352     0     0     -3.744      8.298    -14.032     16.727      0.135
   348        310  K_S0                91   343   343     0     0     0     0      4.626     -6.596      3.794      8.919      0.498
   349        211  pi+                 91   346     0     0     0     0     0     -3.518      8.072    -12.525     15.311      0.140
   350        111  (pi0)              -91   346     0   353   354     0     0     -0.639      1.436     -2.793      3.208      0.135
   351         22  gamma               91   347     0     0     0     0     0     -0.048      0.109     -0.157      0.197      0.000
   352         22  gamma               91   347     0     0     0     0     0     -3.696      8.189    -13.875     16.529      0.000
   353         22  gamma               91   350     0     0     0     0     0     -0.442      0.866     -1.639      1.906      0.000
   354         22  gamma               91   350     0     0     0     0     0     -0.198      0.570     -1.154      1.302      0.000
                                   Charge sum:  2.000           Momentum sum:      0.000     -0.000      0.000  13000.000  13000.000

 --------  End PYTHIA Event Listing  -----------------------------------------------------------------------------------------------
#--------------------------------------------------------------------------
#                     FastJet release 3.4.0 [fjcore]
#                 M. Cacciari, G.P. Salam and G. Soyez                  
#     A software package for jet finding and analysis at colliders      
#                           http://fastjet.fr                           
#	                                                                      
# Please cite EPJC72(2012)1896 [arXiv:1111.6097] if you use this package
# for scientific work and optionally PLB641(2006)57 [hep-ph/0512210].   
#                                                                       
# FastJet is provided without warranty under the GNU GPL v2 or higher.  
# It uses T. Chan's closest pair algorithm, S. Fortune's Voronoi code
# and 3rd party plugin jet algorithms. See COPYING file for details.
#--------------------------------------------------------------------------
 PYTHIA Warning in SimpleSpaceShower::pT2nextQCD: weight above unity  
 PYTHIA Warning in SimpleSpaceShower::pT2nextQCD: small daughter PDF  
 PYTHIA Warning in StringFragmentation::fragmentToJunction: bad convergence junction rest frame  
 PYTHIA Error in BeamRemnants::setKinematics: kinematics construction failed  
 PYTHIA Warning in Pythia::check: not quite matched particle energy/momentum/mass  
 PYTHIA Warning in ColConfig::collect: negative-energy parton encountered  
 PYTHIA Error in Pythia::check: unmatched particle energy/momentum/mass  
 PYTHIA Error in Pythia::next: check of event revealed problems  

 Pythia::next(): 1000 events have been generated 
 PYTHIA Error in StringFragmentation::fragment: stuck in joining  
 PYTHIA Error in Pythia::next: hadronLevel failed; try again  
 PYTHIA Error in SimpleSpaceShower::pT2nearThreshold: stuck in loop  
 PYTHIA Warning in TauDecays::decay: maximum decay weight exceeded in tau decay  

 Pythia::next(): 2000 events have been generated 
 PYTHIA Warning in HadronWidths::pickMasses: angular momentum and running widths not used  
 PYTHIA Error in SimpleSpaceShower::pT2nearThreshold: xPDF = 0  
 PYTHIA Warning in MultipartonInteractions::pTnext: weight above unity  

 Pythia::next(): 3000 events have been generated 

 Pythia::next(): 4000 events have been generated 

 Pythia::next(): 5000 events have been generated 

 Pythia::next(): 6000 events have been generated 

 Pythia::next(): 7000 events have been generated 

 Pythia::next(): 8000 events have been generated 

 Pythia::next(): 9000 events have been generated 

 *-------  PYTHIA Event and Cross Section Statistics  -------------------------------------------------------------*
 |                                                                                                                 |
 | Subprocess                                    Code |            Number of events       |      sigma +- delta    |
 |                                                    |       Tried   Selected   Accepted |     (estimated) (mb)   |
 |                                                    |                                   |                        |
 |-----------------------------------------------------------------------------------------------------------------|
 |                                                    |                                   |                        |
 | Les Houches User Process(es)                  9999 |       10000      10000      10000 |   8.369e-08  0.000e+00 |
 |    ... whereof user classification code     322200 |       10000      10000      10000 |                        | 
 |                                                    |                                   |                        |
 | sum                                                |       10000      10000      10000 |   8.369e-08  0.000e+00 |
 |                                                                                                                 |
 *-------  End PYTHIA Event and Cross Section Statistics ----------------------------------------------------------*

 *-------  PYTHIA Error and Warning Messages Statistics  ----------------------------------------------------------* 
 |                                                                                                                 | 
 |  times   message                                                                                                | 
 |                                                                                                                 | 
 |      5   Error in BeamRemnants::setKinematics: kinematics construction failed                                   | 
 |      8   Error in Pythia::check: unmatched particle energy/momentum/mass                                        | 
 |      2   Error in Pythia::next: check of event revealed problems                                                | 
 |      6   Error in Pythia::next: hadronLevel failed; try again                                                   | 
 |     12   Error in SimpleSpaceShower::pT2nearThreshold: stuck in loop                                            | 
 |     14   Error in SimpleSpaceShower::pT2nearThreshold: xPDF = 0                                                 | 
 |      6   Error in StringFragmentation::fragment: stuck in joining                                               | 
 |      4   Warning in ColConfig::collect: negative-energy parton encountered                                      | 
 |      2   Warning in HadronWidths::pickMasses: angular momentum and running widths not used                      | 
 |      2   Warning in MultipartonInteractions::pTnext: weight above unity                                         | 
 |      8   Warning in Pythia::check: not quite matched particle energy/momentum/mass                              | 
 |   1683   Warning in SimpleSpaceShower::pT2nextQCD: small daughter PDF                                           | 
 |   4377   Warning in SimpleSpaceShower::pT2nextQCD: weight above unity                                           | 
 |     41   Warning in StringFragmentation::fragmentToJunction: bad convergence junction rest frame                | 
 |      2   Warning in TauDecays::decay: maximum decay weight exceeded in tau decay                                | 
 |      2   Warning in TimeShower::init: pTmin too low                                                             | 
 |                                                                                                                 | 
 *-------  End PYTHIA Error and Warning Messages Statistics  ------------------------------------------------------* 
Using LHE File: /nfs/dust/cms/user/amoroso/powheg/POWHEG-BOX-V2/ttJ_MiNNLOPS_v1.0_beta1/decay-ll/pwgevents-0233.lhe
less then 10000 events in LHE, using all LHE events
np.shape(P0) = (10000, 3, 9)
np.shape(nJets) = (10000, 2)
np.shape(jets_4vectors) = (10000, 20, 6)
