Configured CUDA from: /cvmfs/sft.cern.ch/lcg/releases/cuda/12.4-4899e/x86_64-el9-gcc11-opt

 *------------------------------------------------------------------------------------* 
 |                                                                                    | 
 |  *------------------------------------------------------------------------------*  | 
 |  |                                                                              |  | 
 |  |                                                                              |  | 
 |  |   PPP   Y   Y  TTTTT  H   H  III    A      Welcome to the Lund Monte Carlo!  |  | 
 |  |   P  P   Y Y     T    H   H   I    A A     This is PYTHIA version 8.309      |  | 
 |  |   PPP     Y      T    HHHHH   I   AAAAA    Last date of change: 16 Feb 2023  |  | 
 |  |   P       Y      T    H   H   I   A   A                                      |  | 
 |  |   P       Y      T    H   H  III  A   A    Now is 03 Sep 2024 at 15:23:04    |  | 
 |  |                                                                              |  | 
 |  |   Program documentation and an archive of historic versions is found on:     |  | 
 |  |                                                                              |  | 
 |  |                               https://pythia.org/                            |  | 
 |  |                                                                              |  | 
 |  |   PYTHIA is authored by a collaboration consisting of:                       |  | 
 |  |                                                                              |  | 
 |  |   Christian Bierlich, Nishita Desai, Leif Gellersen, Ilkka Helenius, Philip  |  | 
 |  |   Ilten, Leif Lonnblad, Stephen Mrenna, Stefan Prestel, Christian Preuss,    |  | 
 |  |   Torbjorn Sjostrand, Peter Skands, Marius Utheim and Rob Verheyen.          |  | 
 |  |                                                                              |  | 
 |  |   The complete list of authors, including contact information and            |  | 
 |  |   affiliations, can be found on https://pythia.org/.                         |  | 
 |  |   Problems or bugs should be reported on email at authors@pythia.org.        |  | 
 |  |                                                                              |  | 
 |  |   The main program reference is C. Bierlich et al,                           |  | 
 |  |   'A comprehensive guide to the physics and usage of Pythia 8.3',            |  | 
 |  |   SciPost Phys. Codebases 8-r8.3 (2022) [arXiv:2203.11601 [hep-ph]]          |  | 
 |  |                                                                              |  | 
 |  |   PYTHIA is released under the GNU General Public Licence version 2 or later.|  | 
 |  |   Please respect the MCnet Guidelines for Event Generator Authors and Users. |  | 
 |  |                                                                              |  | 
 |  |   Disclaimer: this program comes without any guarantees.                     |  | 
 |  |   Beware of errors and use common sense when interpreting results.           |  | 
 |  |                                                                              |  | 
 |  |   Copyright (C) 2023 Torbjorn Sjostrand                                      |  | 
 |  |                                                                              |  | 
 |  |                                                                              |  | 
 |  *------------------------------------------------------------------------------*  | 
 |                                                                                    | 
 *------------------------------------------------------------------------------------* 


 *-------  PYTHIA Process Initialization  --------------------------*
 |                                                                  |
 | We collide p+ with p+ at a CM energy of 1.300e+04 GeV            |
 |                                                                  |
 |------------------------------------------------------------------|
 |                                                    |             |
 | Subprocess                                    Code |   Estimated |
 |                                                    |    max (mb) |
 |                                                    |             |
 |------------------------------------------------------------------|
 |                                                    |             |
 | Les Houches User Process(es)                  9999 |   1.000e-09 |
 |                                                                  |
 *-------  End PYTHIA Process Initialization -----------------------*
 PYTHIA Warning in TimeShower::init: pTmin too low , raised to 0.611

 *-------  PYTHIA Multiparton Interactions Initialization  ---------* 
 |                                                                  | 
 |                   sigmaNonDiffractive =    55.51 mb              | 
 |                                                                  | 
 |    pT0 =  1.44 gives sigmaInteraction =   400.22 mb: accepted    | 
 |                                                                  | 
 *-------  End PYTHIA Multiparton Interactions Initialization  -----* 

 *-------  PYTHIA Flag + Mode + Parm + Word + FVec + MVec + PVec + WVec Settings (changes only)  ------------------* 
 |                                                                                                                 | 
 | Name                                          |                      Now |      Default         Min         Max | 
 |                                               |                          |                                      | 
 | Beams:frameType                               |                        4 |            1           1           5 | 
 | Beams:LHEF                                    | /nfs/dust/cms/user/amoroso/powheg/POWHEG-BOX-V2/ttJ_MiNNLOPS_v1.0_beta1/decay-ll/pwgevents-0391.lhe |         void | 
 | ColourReconnection:range                      |                  5.17600 |      1.80000         0.0    10.00000 | 
 | Main:timesAllowErrors                         |                      500 |           10           0             | 
 | MultipartonInteractions:alphaSorder           |                        2 |            1           0           3 | 
 | MultipartonInteractions:alphaSvalue           |                  0.11800 |      0.13000   0.0600000     0.25000 | 
 | MultipartonInteractions:bProfile              |                        2 |            3           0           4 | 
 | MultipartonInteractions:coreFraction          |                  0.63000 |      0.50000         0.0     1.00000 | 
 | MultipartonInteractions:coreRadius            |                  0.76340 |      0.40000     0.10000     1.00000 | 
 | MultipartonInteractions:ecmPow                |                0.0334400 |      0.21500         0.0     0.50000 | 
 | MultipartonInteractions:pT0Ref                |                  1.41000 |      2.28000     0.50000    10.00000 | 
 | ParticleDecays:limitTau                       |                       on |          off                         | 
 | PDF:pSet                                      |                       20 |           13                         | 
 | Random:seed                                   |                      391 |           -1               900000000 | 
 | Random:setSeed                                |                       on |          off                         | 
 | SigmaProcess:alphaSorder                      |                        2 |            1           0           3 | 
 | SigmaProcess:alphaSvalue                      |                  0.11800 |      0.13000   0.0600000     0.25000 | 
 | SigmaTotal:mode                               |                        0 |            1           0           4 | 
 | SigmaTotal:sigmaEl                            |                 21.89000 |     25.00000         0.0             | 
 | SigmaTotal:sigmaTot                           |                100.30900 |    100.00000         0.0             | 
 | SigmaTotal:zeroAXB                            |                      off |           on                         | 
 | SpaceShower:alphaSorder                       |                        2 |            1           0           3 | 
 | SpaceShower:alphaSvalue                       |                  0.11800 |      0.13650   0.0600000     0.25000 | 
 | SpaceShower:dipoleRecoil                      |                       on |          off                         | 
 | SpaceShower:pTmaxMatch                        |                        1 |            0           0           2 | 
 | TimeShower:alphaSorder                        |                        2 |            1           0           3 | 
 | TimeShower:alphaSvalue                        |                  0.11800 |      0.13650   0.0600000     0.25000 | 
 |                                                                                                                 | 
 *-------  End PYTHIA Flag + Mode + Parm + Word + FVec + MVec + PVec + WVec Settings  -----------------------------* 

 --------  PYTHIA Particle Data Table (changed only)  ------------------------------------------------------------------------------
 
      id   name            antiName         spn chg col      m0        mWidth      mMin       mMax       tau0    res dec ext vis wid
             no onMode   bRatio   meMode     products 

       6  t                tbar               2   2   1  173.00000    1.36916   86.00000    0.00000  1.44122e-13   1   1   0   1   0
              0     1   0.0000664    0       24        1 
              1     1   0.0017361    0       24        3 
              2     1   0.9981975    0       24        5 
              3     1   0.0000000    0       37        5 

 --------  End PYTHIA Particle Data Table  -----------------------------------------------------------------------------------------


 --------  LHA event information and listing  ---------------------------------------------------------------------- 

    process =   322200    weight =   1.0325e+02     scale =   1.8137e+01 (GeV) 
                        alpha_em =  -1.0000e+00    alpha_strong =   1.6992e-01

    Participating Particles 
    no        id stat     mothers     colours      p_x        p_y        p_z         e          m        tau    spin 
     1        21   -1     0     0   511   515      0.000      0.000    341.016    341.016      0.000   0.000   9.000
     2        21   -1     0     0   513   514      0.000      0.000   -801.146    801.146      0.000   0.000   9.000
     3         6    2     1     2   511     0   -136.087   -189.300     95.267    305.383    172.711   0.000   9.000
     4        -6    2     1     2     0   514    127.150    195.736   -290.216    410.123    171.743   0.000   9.000
     5        21    1     1     2   513   512     -5.673    -17.184   -344.659    345.134      0.000   0.000   9.000
     6        21    1     1     2   512   515     14.609     10.748     79.479     81.522      0.000   0.000   9.000
     7         5    1     3     3   511     0     -6.263     25.159      3.531     26.625      4.920   0.000  -1.000
     8        24    2     3     3     0     0   -129.824   -214.459     91.736    278.758     80.274   0.000   9.000
     9        -5    1     4     4     0   514     33.530     99.685    -34.343    110.747      4.920   0.000   1.000
    10       -24    2     4     4     0     0     93.620     96.051   -255.874    299.375     78.511   0.000   9.000
    11       -11    1     8     8     0     0    -29.712    -51.910    -12.714     61.148      0.001   0.000   1.000
    12        12    1     8     8     0     0   -100.112   -162.549    104.450    217.610      0.000   0.000  -1.000
    13        11    1    10    10     0     0     34.922     71.225   -197.955    213.258      0.001   0.000  -1.000
    14       -12    1    10    10     0     0     58.698     24.826    -57.919     86.118      0.000   0.000   1.000

 --------  End LHA event information and listing  ------------------------------------------------------------------ 

 --------  PYTHIA Info Listing  ---------------------------------------- 
 
 Beam A: id =   2212, pz =  6.500e+03, e =  6.500e+03, m =  9.383e-01.
 Beam B: id =   2212, pz = -6.500e+03, e =  6.500e+03, m =  9.383e-01.

 In 1: id =   21, x =  5.246e-02, pdf =  0.000e+00 at Q2 =  3.290e+02.
 In 2: id =   21, x =  1.233e-01, pdf =  0.000e+00 at same Q2.

 Process Les Houches User Process(es) with code 9999 is 2 -> 4.
 Subprocess user process 322200 with code 322200 is 2 -> 4.
     alphaEM =  7.677e-03,  alphaS =  1.699e-01    at Q2 =  3.290e+02.

 Impact parameter b =  1.389e+00 gives enhancement factor =  1.008e-01.
 Max pT scale for MPI =  1.300e+04, ISR =  1.814e+01, FSR =  1.814e+01.
 Number of MPI =     3, ISR =     4, FSRproc =    13, FSRreson =    10.

 --------  End PYTHIA Info Listing  ------------------------------------

 --------  PYTHIA Event Listing  (hard process)  -----------------------------------------------------------------------------------
 
    no         id  name            status     mothers   daughters     colours      p_x        p_y        p_z         e          m 
     0         90  (system)           -11     0     0     0     0     0     0      0.000      0.000      0.000  13000.000  13000.000
     1       2212  (p+)               -12     0     0     3     0     0     0      0.000      0.000   6500.000   6500.000      0.938
     2       2212  (p+)               -12     0     0     4     0     0     0      0.000      0.000  -6500.000   6500.000      0.938
     3         21  (g)                -21     1     0     5     8   511   515      0.000      0.000    341.016    341.016      0.000
     4         21  (g)                -21     2     0     5     8   513   514      0.000      0.000   -801.146    801.146      0.000
     5          6  (t)                -22     3     4     9    10   511     0   -136.087   -189.300     95.267    305.383    172.711
     6         -6  (tbar)             -22     3     4    11    12     0   514    127.150    195.736   -290.216    410.123    171.743
     7         21  g                   23     3     4     0     0   513   512     -5.673    -17.184   -344.659    345.134      0.000
     8         21  g                   23     3     4     0     0   512   515     14.609     10.748     79.479     81.522      0.000
     9          5  b                   23     5     0     0     0   511     0     -6.263     25.159      3.531     26.625      4.920
    10         24  (W+)               -22     5     0    13    14     0     0   -129.824   -214.459     91.736    278.758     80.274
    11         -5  bbar                23     6     0     0     0     0   514     33.530     99.685    -34.343    110.747      4.920
    12        -24  (W-)               -22     6     0    15    16     0     0     93.620     96.051   -255.874    299.375     78.511
    13        -11  e+                  23    10     0     0     0     0     0    -29.712    -51.910    -12.714     61.148      0.001
    14         12  nu_e                23    10     0     0     0     0     0   -100.112   -162.549    104.450    217.610      0.000
    15         11  e-                  23    12     0     0     0     0     0     34.922     71.225   -197.955    213.258      0.001
    16        -12  nu_ebar             23    12     0     0     0     0     0     58.698     24.826    -57.919     86.118      0.000
                                   Charge sum:  0.000           Momentum sum:      0.000      0.000   -460.130   1142.161   1045.377

 --------  End PYTHIA Event Listing  -----------------------------------------------------------------------------------------------

 --------  PYTHIA Event Listing  (complete event)  ---------------------------------------------------------------------------------
 
    no         id  name            status     mothers   daughters     colours      p_x        p_y        p_z         e          m 
     0         90  (system)           -11     0     0     0     0     0     0      0.000      0.000      0.000  13000.000  13000.000
     1       2212  (p+)               -12     0     0   103     0     0     0      0.000      0.000   6500.000   6500.000      0.938
     2       2212  (p+)               -12     0     0   104     0     0     0      0.000      0.000  -6500.000   6500.000      0.938
     3         21  (g)                -21    12    12     5     8   511   515      0.000      0.000    341.016    341.016      0.000
     4         21  (g)                -21    13     0     5     8   513   514      0.000      0.000   -801.146    801.146      0.000
     5          6  (t)                -22     3     4    14    14   511     0   -136.087   -189.300     95.267    305.383    172.711
     6         -6  (tbar)             -22     3     4    15    15     0   514    127.150    195.736   -290.216    410.123    171.743
     7         21  (g)                -23     3     4     9    10   513   512     -5.673    -17.184   -344.659    345.134      0.000
     8         21  (g)                -23     3     4    11    11   512   515     14.609     10.748     79.479     81.522      0.000
     9         21  (g)                -51     7     0    16    16   513   516    -11.530    -19.325   -338.680    339.427      0.000
    10         21  (g)                -51     7     0    18    18   516   512      6.226      2.412     -3.969      7.768      0.000
    11         21  (g)                -52     8     8    17    17   512   515     14.240     10.477     77.469     79.461      0.000
    12         21  (g)                -42    20     0     3     3   511   515      0.000      0.000    341.016    341.016      0.000
    13          1  (d)                -41    21    21    19     4   513     0      0.000      0.000   -984.566    984.566      0.000
    14          6  (t)                -44     5     5    22    22   511     0   -136.087   -189.300     95.267    305.383    172.711
    15         -6  (tbar)             -44     6     6    23    23     0   514    120.612    200.721   -292.344    412.064    171.743
    16         21  (g)                -44     9     9    24    24   513   516    -11.530    -19.325   -338.680    339.427      0.000
    17         21  (g)                -44    11    11    25    25   512   515     14.240     10.477     77.469     79.461      0.000
    18         21  (g)                -44    10    10    26    26   516   512      6.226      2.412     -3.969      7.768      0.000
    19          1  (d)                -43    13     0    27    27   514     0      6.538     -4.985   -181.292    181.479      0.330
    20         21  (g)                -41    32     0    28    12   511   517      0.000      0.000    345.701    345.701      0.000
    21          1  (d)                -42    33    33    13    13   513     0      0.000      0.000   -984.566    984.566      0.000
    22          6  (t)                -44    14    14    34    34   511     0   -138.577   -187.890     97.610    306.371    172.711
    23         -6  (tbar)             -44    15    15    35    35     0   514    120.612    200.721   -292.344    412.064    171.743
    24         21  (g)                -44    16    16    29    30   513   516    -11.530    -19.325   -338.680    339.427      0.000
    25         21  (g)                -44    17    17    37    37   512   515     14.240     10.477     77.469     79.461      0.000
    26         21  (g)                -44    18    18    31    31   516   512      6.226      2.412     -3.969      7.768      0.000
    27          1  (d)                -44    19    19    39    39   514     0      6.538     -4.985   -181.292    181.479      0.330
    28         21  (g)                -43    20     0    40    40   515   517      2.490     -1.410      2.342      3.698      0.000
    29         21  (g)                -51    24     0    36    36   513   518    -12.951    -18.788   -304.996    305.849      0.000
    30         21  (g)                -51    24     0    41    41   518   516      1.667     -0.442    -33.840     33.884      0.000
    31         21  (g)                -52    26    26    38    38   516   512      5.981      2.317     -3.813      7.462      0.000
    32         21  (g)                -41    68     0    42    20   511   519      0.000     -0.000    376.499    376.499      0.000
    33          1  (d)                -42    69    69    21    21   513     0      0.000      0.000   -984.566    984.566      0.000
    34          6  (t)                -44    22    22    70    70   511     0   -138.577   -187.890     97.610    306.371    172.711
    35         -6  (tbar)             -44    23    23    71    71     0   514    120.612    200.721   -292.344    412.064    171.743
    36         21  (g)                -44    29    29    45    45   513   518    -12.951    -18.788   -304.996    305.849      0.000
    37         21  (g)                -44    25    25    48    48   512   515     14.240     10.477     77.469     79.461      0.000
    38         21  (g)                -44    31    31    57    57   516   512      5.981      2.317     -3.813      7.462      0.000
    39          1  (d)                -44    27    27    75    75   514     0      6.538     -4.985   -181.292    181.479      0.330
    40         21  (g)                -44    28    28    46    47   515   517      2.786      0.037      2.281      3.601      0.000
    41         21  (g)                -44    30    30    43    44   518   516      1.667     -0.442    -33.840     33.884      0.000
    42         21  (g)                -43    32     0    52    53   517   519     -0.296     -1.446     30.859     30.895      0.000
    43         21  (g)                -51    41     0    55    56   520   516      1.590     -1.875    -35.006     35.092      0.000
    44         21  (g)                -51    41     0    51    51   518   520     -0.830      0.118    -20.186     20.203      0.000
    45         21  (g)                -52    36    36    49    50   513   518    -12.045    -17.473   -283.644    284.437      0.000
    46         21  (g)                -51    40     0    54    54   521   517      3.210      0.968      3.188      4.627      0.000
    47         21  (g)                -51    40     0    64    64   515   521      0.850      0.006      6.024      6.083      0.000
    48         21  (g)                -52    37    37    73    73   512   515     12.966      9.539     70.538     72.352      0.000
    49          3  (s)                -51    45     0    72    72   513     0     -5.085     -7.305   -108.741    109.106      0.500
    50         -3  (sbar)             -51    45     0    81    81     0   518     -7.087    -10.149   -177.986    178.416      0.500
    51         21  (g)                -52    44    44    79    79   518   520     -0.703      0.100    -17.104     17.118      0.000
    52         21  (g)                -51    42     0    78    78   522   519      0.557     -1.508     18.699     18.768      0.000
    53         21  (g)                -51    42     0    82    82   517   522     -0.729      0.099     12.284     12.306      0.000
    54         21  (g)                -52    46    46    62    63   521   517      3.086      0.930      3.064      4.447      0.000
    55         21  (g)                -51    43     0    65    66   520   523      1.593     -1.777    -35.061     35.142      0.000
    56         21  (g)                -51    43     0    67    67   523   516      0.357      0.041     -0.175      0.399      0.000
    57         21  (g)                -52    38    38    74    74   516   512      5.621      2.178     -3.584      7.013      0.000
    58         21  (g)                -31   125   125    60    61   524   525      0.000      0.000     10.087     10.087      0.000
    59         21  (g)                -31   126   126    60    61   525   526      0.000      0.000     -7.188      7.188      0.000
    60         21  (g)                -33    58    59    87    88   524   527     -0.729      0.367     10.048     10.081      0.000
    61         21  (g)                -33    58    59    89    89   527   526      0.729     -0.367     -7.148      7.194      0.000
    62         21  (g)                -51    54     0    76    76   528   517      3.245      0.646      4.403      5.507      0.000
    63         21  (g)                -51    54     0    84    84   521   528      0.030      0.286     -0.005      0.287      0.000
    64         21  (g)                -52    47    47    80    80   515   521      0.662      0.005      4.690      4.736      0.000
    65         21  (g)                -51    55     0    77    77   520   529      0.460     -0.797     -4.775      4.863      0.000
    66         21  (g)                -51    55     0    85    85   529   523      1.206     -0.971    -30.322     30.361      0.000
    67         21  (g)                -52    56    56    83    83   523   516      0.283      0.033     -0.139      0.317      0.000
    68         21  (g)                -41   103   103    86    32   530   519      0.000     -0.000    392.212    392.212      0.000
    69          1  (d)                -42   104   104    33    33   513     0      0.000      0.000   -984.566    984.566      0.000
    70          6  (t)                -44    34    34    95    95   511     0   -138.577   -187.890     97.610    306.371    172.711
    71         -6  (tbar)             -44    35    35    98    98     0   514    120.612    200.721   -292.344    412.064    171.743
    72          3  (s)                -44    49    49   107   107   513     0     -5.085     -7.305   -108.741    109.106      0.500
    73         21  (g)                -44    48    48    90    91   512   515     12.966      9.539     70.538     72.352      0.000
    74         21  (g)                -44    57    57    92    92   516   512      5.621      2.178     -3.584      7.013      0.000
    75          1  (d)                -44    39    39    96    97   514     0      6.538     -4.985   -181.292    181.479      0.330
    76         21  (g)                -44    62    62   111   111   528   517      3.245      0.646      4.403      5.507      0.000
    77         21  (g)                -44    65    65   112   112   520   529      0.460     -0.797     -4.775      4.863      0.000
    78         21  (g)                -44    52    52   113   113   522   519     -0.116     -1.446     19.625     19.679      0.000
    79         21  (g)                -44    51    51   114   114   518   520     -0.703      0.100    -17.104     17.118      0.000
    80         21  (g)                -44    64    64   115   115   515   521      0.662      0.005      4.690      4.736      0.000
    81         -3  (sbar)             -44    50    50   116   116     0   518     -7.087    -10.149   -177.986    178.416      0.500
    82         21  (g)                -44    53    53   117   117   517   522     -0.729      0.099     12.284     12.306      0.000
    83         21  (g)                -44    67    67   118   118   523   516      0.283      0.033     -0.139      0.317      0.000
    84         21  (g)                -44    63    63   119   119   521   528      0.030      0.286     -0.005      0.287      0.000
    85         21  (g)                -44    66    66   120   120   529   523      1.206     -0.971    -30.322     30.361      0.000
    86         21  (g)                -43    68     0    93    94   530   511      0.673     -0.062     14.786     14.802      0.000
    87         21  (g)                -51    60     0   127   127   524   531     -0.163      0.851      6.165      6.226      0.000
    88         21  (g)                -51    60     0   129   129   531   527     -0.562     -0.487      3.833      3.905      0.000
    89         21  (g)                -52    61    61   128   128   527   526      0.724     -0.364     -7.099      7.145      0.000
    90         21  (g)                -51    73     0   108   108   532   515     11.809      7.848     62.060     63.659      0.000
    91         21  (g)                -51    73     0   122   122   512   532      1.175      1.698      8.466      8.715      0.000
    92         21  (g)                -52    74    74   109   109   516   512      5.603      2.171     -3.572      6.991      0.000
    93          1  (d)                -51    86     0   121   121   530     0      0.352      0.476      4.515      4.566      0.330
    94         -1  (dbar)             -51    86     0   123   123     0   511      0.279     -0.593     10.259     10.285      0.330
    95          6  (t)                -52    70    70   105   105   511     0   -138.534   -187.835     97.622    306.321    172.711
    96          1  (d)                -51    75     0   110   110   533     0      6.750     -5.408   -179.438    179.646      0.330
    97         21  (g)                -51    75     0   124   124   514   533     -0.088      0.653     -1.909      2.019      0.000
    98         -6  (tbar)             -52    71    71   106   106     0   514    120.488    200.491   -292.290    411.877    171.743
    99         21  (g)                -31   130   130   101   102   534   535      0.000      0.000      0.001      0.001      0.000
   100         21  (g)                -31   131   131   101   102   536   537      0.000      0.000   -164.752    164.752      0.000
   101         21  (g)                -33    99   100   132   132   534   537     -0.414      0.008    -48.706     48.708      0.000
   102         21  (g)                -33    99   100   133   133   536   535      0.414     -0.008   -116.045    116.045      0.000
   103         21  (g)                -61     1     0    68    68   530   519     -0.951      2.375    392.206    392.215      0.000
   104          1  (d)                -61     2     0    69    69   536     0     -1.806     -2.556   -984.561    984.566      0.000
   105          6  (t)                -62    95    95   137   138   511     0   -139.215   -186.881     98.391    306.293    172.711
   106         -6  (tbar)             -62    98    98   169   170     0   514    119.697    199.937   -293.121    411.968    171.743
   107          3  (s)                -62    72    72   222   222   513     0     -5.285     -7.587   -108.711    109.104      0.500
   108         21  (g)                -62    90    90   256   256   532   515     11.655      8.226     62.029     63.648      0.000
   109         21  (g)                -62    92    92   176     0   516   512      5.589      2.168     -3.580      6.982      0.000
   110          1  (d)                -62    96    96   235   235   533     0      6.420     -5.873   -179.411    179.623      0.330
   111         21  (g)                -62    76    76   253   253   528   517      3.232      0.675      4.401      5.502      0.000
   112         21  (g)                -62    77    77   260   260   520   529      0.451     -0.809     -4.771      4.861      0.000
   113         21  (g)                -62    78    78   251   251   522   519     -0.163     -1.327     19.631     19.677      0.000
   114         21  (g)                -62    79    79   261   261   518   520     -0.734      0.055    -17.104     17.120      0.000
   115         21  (g)                -62    80    80   255   255   515   521      0.650      0.033      4.690      4.735      0.000
   116         -3  (sbar)             -62    81    81   262   262     0   518     -7.414    -10.611   -177.943    178.414      0.500
   117         21  (g)                -62    82    82   252   252   517   522     -0.759      0.174     12.283     12.308      0.000
   118         21  (g)                -62    83    83   176     0   523   516      0.283      0.033     -0.139      0.317      0.000
   119         21  (g)                -62    84    84   254   254   521   528      0.029      0.286     -0.006      0.288      0.000
   120         21  (g)                -62    85    85   259   259   529   523      1.151     -1.050    -30.317     30.357      0.000
   121          1  (d)                -62    93    93   180   180   530     0      0.340      0.504      4.513      4.566      0.330
   122         21  (g)                -62    91    91   257   257   512   532      1.154      1.750      8.459      8.715      0.000
   123         -1  (dbar)             -62    94    94   175     0     0   524      0.254     -0.531     10.261     10.283      0.330
   124         21  (g)                -62    97    97   237   237   514   527     -0.092      0.648     -1.912      2.021      0.000
   125         21  (g)                -61     1     0    58    58   526   526      0.888     -2.134      9.841     10.109      0.000
   126         21  (g)                -61     2     0    59    59   525   525      0.098      1.914     -6.937      7.197      0.000
   127         21  (g)                -62    87    87   175     0   524   531      0.388     -0.477      6.225      6.255      0.000
   128         21  (g)                -62    89    89   236   236   527   533      0.822      1.542     -6.964      7.180      0.000
   129         21  (g)                -62    88    88   200   200   531   511     -0.224     -1.284      3.645      3.871      0.000
   130         21  (g)                -61     1     0    99    99   537   537      0.077      0.152     -5.660      5.662      0.000
   131         21  (g)                -61     2     0   100   100   535   535      0.193      0.115   -172.926    172.926      0.000
   132         21  (g)                -62   101   101   223   223   534   513     -0.316      0.141    -43.254     43.256      0.000
   133         21  (g)                -62   102   102   224   224   536   534      0.586      0.126   -135.331    135.333      0.000
   134       2203  (uu_1)             -63     1     0   181   181     0   530      0.371     -0.296   5426.304   5426.304      0.771
   135          1  (d)                -63     1     0   250   250   519     0     -0.385     -0.097    671.376    671.376      0.330
   136       2203  (uu_1)             -63     2     0   225   225     0   536      1.516      0.527  -5329.644   5329.644      0.771
   137          5  (b)                -23   105     0   139   140   511     0     -6.537     25.371      3.804     26.927      4.920
   138         24  (W+)               -22   105     0   141   141     0     0   -132.679   -212.252     94.587    279.366     80.274
   139          5  (b)                -51   137     0   144   144   541     0    -41.334      7.751     20.051     46.849      4.920
   140         21  (g)                -51   137     0   142   143   511   541     12.967    -20.996     -0.597     24.685      0.000
   141         24  (W+)               -52   138   138   171   172     0     0   -110.849   -173.636     78.937    234.760     80.274
   142         21  (g)                -51   140     0   147   147   511   544     11.304    -22.353     -0.043     25.048      0.000
   143         21  (g)                -51   140     0   145   146   544   541     -0.254      1.728      0.373      1.786      0.000
   144          5  (b)                -52   139   139   150   150   541     0    -39.416      7.380     19.124     44.699      4.920
   145         21  (g)                -51   143     0   154   155   545   541      1.037     -3.941     -1.445      4.324      0.000
   146         21  (g)                -51   143     0   156   156   544   545      0.936      1.264      1.810      2.398      0.000
   147         21  (g)                -52   142   142   148   149   511   544      9.077    -17.947     -0.034     20.112      0.000
   148         21  (g)                -51   147     0   159   159   546   544      3.876     -7.432     -1.875      8.589      0.000
   149         21  (g)                -51   147     0   151   152   511   546      4.987    -10.474      1.944     11.762      0.000
   150          5  (b)                -52   144   144   153   153   541     0    -39.202      7.338     19.021     44.460      4.920
   151         21  (g)                -51   149     0   160   161   547   546      5.280     -9.428      1.222     10.875      0.000
   152         21  (g)                -51   149     0   199   199   511   547     -1.122     -0.884      1.121      1.816      0.000
   153          5  (b)                -52   150   150   177   179   541     0    -38.373      7.177     18.622     43.532      4.920
   154         -1  (dbar)             -51   145     0   177   179     0   541     -0.220     -1.514      0.302      1.594      0.330
   155          1  (d)                -51   145     0   191   191   545     0      1.386     -2.254     -1.500      3.059      0.330
   156         21  (g)                -52   146   146   157   158   544   545      0.807      1.091      1.562      2.069      0.000
   157         21  (g)                -51   156     0   165   165   548   545      1.691      0.577      1.276      2.196      0.000
   158         21  (g)                -51   156     0   163   164   544   548     -0.562     -0.104      0.130      0.586      0.000
   159         21  (g)                -52   148   148   162   162   546   544      3.554     -6.815     -1.720      7.876      0.000
   160         21  (g)                -51   151     0   198   198   547   550      3.702     -6.271      1.199      7.381      0.000
   161         21  (g)                -51   151     0   197   197   550   546      2.578     -5.074     -0.461      5.710      0.000
   162         21  (g)                -52   159   159   166   167   546   544      2.554     -4.898     -1.236      5.661      0.000
   163         21  (g)                -51   158     0   168   168   544   552     -0.508      0.229      0.613      0.829      0.000
   164         21  (g)                -51   158     0   193   193   552   548      0.612     -0.106      0.019      0.621      0.000
   165         21  (g)                -52   157   157   192   192   548   545      1.026      0.350      0.774      1.332      0.000
   166         21  (g)                -51   162     0   196   196   546   553      0.357     -0.472      0.353      0.689      0.000
   167         21  (g)                -51   162     0   195   195   553   544      2.119     -4.391     -1.495      5.099      0.000
   168         21  (g)                -52   163   163   194   194   544   552     -0.430      0.194      0.519      0.701      0.000
   169         -5  (bbar)             -23   106     0   238   238     0   514     31.516    100.820    -35.128    111.428      4.920
   170        -24  (W-)               -22   106     0   173   174     0     0     88.181     99.117   -257.993    300.540     78.511
   171        -11  e+                  23   141     0     0     0     0     0    -25.521    -42.893    -15.541     52.275      0.001
   172         12  nu_e                23   141     0     0     0     0     0    -85.328   -130.743     94.477    182.484      0.000
   173         11  e-                  23   170     0     0     0     0     0     31.041     73.413   -199.468    214.803      0.001
   174        -12  nu_ebar             23   170     0     0     0     0     0     57.140     25.704    -58.526     85.737      0.000
   175         -1  (dbar)             -73   123   127   201   201     0   531      0.642     -1.008     16.486     16.538      0.551
   176         21  (g)                -73   109   118   258   258   523   512      5.872      2.200     -3.719      7.299      0.355
   177       -513  (B*bar0)           -83   153   154   361   362     0     0    -37.561      6.663     18.533     42.744      5.325
   178       -211  pi-                 83   153   154     0     0     0     0     -0.931      0.337      0.159      1.012      0.140
   179        211  pi+                 84   153   154     0     0     0     0     -0.102     -1.338      0.232      1.369      0.140
   180          1  (d)                -71   121   121   182   190   530     0      0.340      0.504      4.513      4.566      0.330
   181       2203  (uu_1)             -71   134   134   182   190     0   530      0.371     -0.296   5426.304   5426.304      0.771
   182        311  (K0)               -83   180   181   303   303     0     0      0.171      0.047     11.491     11.504      0.498
   183       -321  K-                  83   180   181     0     0     0     0      0.419      0.334     19.585     19.598      0.494
   184        211  pi+                 83   180   181     0     0     0     0     -0.562     -0.155     13.888     13.901      0.140
   185       -211  pi-                 83   180   181     0     0     0     0      0.177     -0.137      8.981      8.985      0.140
   186        211  pi+                 83   180   181     0     0     0     0     -0.104      0.062      5.479      5.482      0.140
   187        223  (omega)            -83   180   181   363   365     0     0      0.120      0.110     49.238     49.244      0.762
   188        111  (pi0)              -84   180   181   366   367     0     0     -0.166      0.297    166.015    166.016      0.135
   189       -213  (rho-)             -84   180   181   304   305     0     0      0.716     -0.240   2445.161   2445.162      1.066
   190       2224  (Delta++)          -84   180   181   306   307     0     0     -0.058     -0.110   2710.979   2710.979      1.149
   191          1  (d)                -71   155   155   202   221   545     0      1.386     -2.254     -1.500      3.059      0.330
   192         21  (g)                -71   165   165   202   221   548   545      1.026      0.350      0.774      1.332      0.000
   193         21  (g)                -71   164   164   202   221   552   548      0.612     -0.106      0.019      0.621      0.000
   194         21  (g)                -71   168   168   202   221   544   552     -0.430      0.194      0.519      0.701      0.000
   195         21  (g)                -71   167   167   202   221   553   544      2.119     -4.391     -1.495      5.099      0.000
   196         21  (g)                -71   166   166   202   221   546   553      0.357     -0.472      0.353      0.689      0.000
   197         21  (g)                -71   161   161   202   221   550   546      2.578     -5.074     -0.461      5.710      0.000
   198         21  (g)                -71   160   160   202   221   547   550      3.702     -6.271      1.199      7.381      0.000
   199         21  (g)                -71   152   152   202   221   511   547     -1.122     -0.884      1.121      1.816      0.000
   200         21  (g)                -71   129   129   202   221   531   511     -0.224     -1.284      3.645      3.871      0.000
   201         -1  (dbar)             -71   175   175   202   221     0   531      0.642     -1.008     16.486     16.538      0.551
   202       -211  pi-                 83   191   201     0     0     0     0      0.471     -0.130     -0.619      0.801      0.140
   203        321  K+                  83   191   201     0     0     0     0      0.619     -1.741     -0.347      1.944      0.494
   204       -311  (Kbar0)            -83   191   201   308   308     0     0      0.928     -0.530      0.176      1.192      0.498
   205       -213  (rho-)             -83   191   201   309   310     0     0     -0.167     -0.161     -0.338      0.875      0.773
   206        323  (K*+)              -83   191   201   311   312     0     0      0.666     -0.142     -0.397      1.160      0.850
   207       -311  (Kbar0)            -83   191   201   313   313     0     0      1.033     -1.142      0.313      1.648      0.498
   208       -211  pi-                 83   191   201     0     0     0     0      0.788     -0.359      0.336      0.939      0.140
   209        211  pi+                 83   191   201     0     0     0     0     -0.195     -0.810      0.032      0.845      0.140
   210        111  (pi0)              -83   191   201   368   369     0     0      0.366     -0.868     -0.074      0.954      0.135
   211        113  (rho0)             -83   191   201   314   315     0     0      1.292     -2.348     -0.719      2.867      0.721
   212        111  (pi0)              -84   191   201   370   371     0     0      3.010     -4.819      0.657      5.722      0.135
   213        221  (eta)              -84   191   201   372   374     0     0      0.756     -2.202      0.190      2.399      0.548
   214       -211  pi-                 84   191   201     0     0     0     0      0.131     -0.215     -0.210      0.356      0.140
   215        111  (pi0)              -84   191   201   375   376     0     0      0.135     -0.662      0.294      0.749      0.135
   216        111  (pi0)              -84   191   201   377   378     0     0      0.259     -0.033     -0.215      0.364      0.135
   217        113  (rho0)             -84   191   201   316   317     0     0      0.898     -1.777      1.067      2.413      0.849
   218        113  (rho0)             -84   191   201   318   319     0     0     -0.617     -1.073      1.505      2.093      0.765
   219        211  pi+                 84   191   201     0     0     0     0      0.580     -0.239      1.061      1.241      0.140
   220       -213  (rho-)             -84   191   201   320   321     0     0     -0.636     -1.364      6.901      7.151      1.118
   221        213  (rho+)             -84   191   201   322   323     0     0      0.327     -0.584     11.048     11.102      0.860
   222          3  (s)                -71   107   107   226   234   513     0     -5.285     -7.587   -108.711    109.104      0.500
   223         21  (g)                -71   132   132   226   234   534   513     -0.316      0.141    -43.254     43.256      0.000
   224         21  (g)                -71   133   133   226   234   536   534      0.586      0.126   -135.331    135.333      0.000
   225       2203  (uu_1)             -71   136   136   226   234     0   536      1.516      0.527  -5329.644   5329.644      0.771
   226        333  (phi)              -83   222   225   379   380     0     0     -3.809     -5.589    -81.112     81.400      1.025
   227       -321  K-                  83   222   225     0     0     0     0     -1.460     -1.818    -31.576     31.666      0.494
   228        111  (pi0)              -83   222   225   381   382     0     0      0.337      0.014     -8.693      8.701      0.135
   229        211  pi+                 84   222   225     0     0     0     0     -0.359      0.175   -158.048    158.048      0.140
   230        223  (omega)            -84   222   225   383   385     0     0      0.135     -0.254   -110.542    110.545      0.757
   231        111  (pi0)              -84   222   225   386   387     0     0      0.360      0.195    -16.579     16.584      0.135
   232       2112  n0                  84   222   225     0     0     0     0     -0.197     -0.186  -1018.160   1018.161      0.940
   233      -2212  pbar-               84   222   225     0     0     0     0      0.592      0.179   -465.231    465.232      0.938
   234       2224  (Delta++)          -84   222   225   324   325     0     0      0.901      0.491  -3727.000   3727.000      1.225
   235          1  (d)                -71   110   110   239   249   533     0      6.420     -5.873   -179.411    179.623      0.330
   236         21  (g)                -71   128   128   239   249   527   533      0.822      1.542     -6.964      7.180      0.000
   237         21  (g)                -71   124   124   239   249   514   527     -0.092      0.648     -1.912      2.021      0.000
   238         -5  (bbar)             -71   169   169   239   249     0   514     31.516    100.820    -35.128    111.428      4.920
   239       -211  pi-                 83   235   238     0     0     0     0      1.299     -1.402    -39.148     39.195      0.140
   240        211  pi+                 83   235   238     0     0     0     0      1.630     -1.510    -45.948     46.002      0.140
   241        221  (eta)              -83   235   238   388   390     0     0      2.914     -2.177    -77.545     77.633      0.548
   242       -213  (rho-)             -83   235   238   326   327     0     0      0.370      0.077    -10.058     10.095      0.777
   243        111  (pi0)              -83   235   238   391   392     0     0      0.135     -0.604     -5.389      5.427      0.135
   244        111  (pi0)              -84   235   238   393   394     0     0      0.217      1.214     -3.201      3.433      0.135
   245        213  (rho+)             -84   235   238   328   329     0     0      0.898      0.055     -5.086      5.218      0.745
   246       -211  pi-                 84   235   238     0     0     0     0     -0.172      1.501     -0.946      1.788      0.140
   247        321  K+                  84   235   238     0     0     0     0      0.282      0.325     -0.688      0.950      0.494
   248       -313  (K*bar0)           -84   235   238   330   331     0     0      0.703      3.783     -1.637      4.285      0.937
   249        511  (B0)               -84   235   238   395   396     0     0     30.390     95.875    -33.767    106.225      5.280
   250          1  (d)                -71   135   135   263   302   519     0     -0.385     -0.097    671.376    671.376      0.330
   251         21  (g)                -71   113   113   263   302   522   519     -0.163     -1.327     19.631     19.677      0.000
   252         21  (g)                -71   117   117   263   302   517   522     -0.759      0.174     12.283     12.308      0.000
   253         21  (g)                -71   111   111   263   302   528   517      3.232      0.675      4.401      5.502      0.000
   254         21  (g)                -71   119   119   263   302   521   528      0.029      0.286     -0.006      0.288      0.000
   255         21  (g)                -71   115   115   263   302   515   521      0.650      0.033      4.690      4.735      0.000
   256         21  (g)                -71   108   108   263   302   532   515     11.655      8.226     62.029     63.648      0.000
   257         21  (g)                -71   122   122   263   302   512   532      1.154      1.750      8.459      8.715      0.000
   258         21  (g)                -71   176   176   263   302   523   512      5.872      2.200     -3.719      7.299      0.355
   259         21  (g)                -71   120   120   263   302   529   523      1.151     -1.050    -30.317     30.357      0.000
   260         21  (g)                -71   112   112   263   302   520   529      0.451     -0.809     -4.771      4.861      0.000
   261         21  (g)                -71   114   114   263   302   518   520     -0.734      0.055    -17.104     17.120      0.000
   262         -3  (sbar)             -71   116   116   263   302     0   518     -7.414    -10.611   -177.943    178.414      0.500
   263       -211  pi-                 83   250   262     0     0     0     0      0.289     -0.172     68.206     68.207      0.140
   264        113  (rho0)             -83   250   262   332   333     0     0     -0.753     -0.063    491.384    491.385      0.744
   265        213  (rho+)             -83   250   262   334   335     0     0      0.065      0.164     40.585     40.593      0.785
   266        223  (omega)            -83   250   262   397   399     0     0     -0.536     -0.850     41.435     41.455      0.755
   267       -211  pi-                 83   250   262     0     0     0     0      0.152      0.414     22.004     22.009      0.140
   268        211  pi+                 83   250   262     0     0     0     0      0.207     -0.113      5.768      5.775      0.140
   269        221  (eta)              -83   250   262   400   402     0     0     -0.188     -0.467     11.903     11.927      0.548
   270       -211  pi-                 83   250   262     0     0     0     0      0.148     -0.147      4.135      4.142      0.140
   271        221  (eta)              -83   250   262   403   404     0     0      0.435      0.141      3.952      4.016      0.548
   272        111  (pi0)              -83   250   262   405   406     0     0     -0.285      0.064      3.011      3.028      0.135
   273        213  (rho+)             -83   250   262   336   337     0     0      0.356      0.019      6.374      6.435      0.812
   274        111  (pi0)              -83   250   262   407   408     0     0      0.243     -0.307      0.851      0.947      0.135
   275       -211  pi-                 83   250   262     0     0     0     0      0.087     -0.105      0.105      0.221      0.140
   276        111  (pi0)              -83   250   262   409   410     0     0      0.281      0.543      2.168      2.256      0.135
   277        213  (rho+)             -83   250   262   338   339     0     0      0.016     -0.051      1.346      1.591      0.847
   278        311  (K0)               -83   250   262   340   340     0     0      0.505      0.278      3.051      3.145      0.498
   279       -313  (K*bar0)           -84   250   262   341   342     0     0      0.761      0.458      2.425      2.752      0.950
   280       -213  (rho-)             -84   250   262   343   344     0     0      0.960      0.242      3.289      3.581      1.013
   281        211  pi+                 84   250   262     0     0     0     0      1.484      1.209      8.369      8.586      0.140
   282       -211  pi-                 84   250   262     0     0     0     0      0.456     -0.101      1.344      1.429      0.140
   283        223  (omega)            -84   250   262   411   413     0     0      3.077      2.679     17.979     18.452      0.767
   284        223  (omega)            -84   250   262   414   416     0     0      1.229      0.845      6.760      6.967      0.788
   285        323  (K*+)              -84   250   262   345   346     0     0      3.450      1.884     16.524     17.012      0.951
   286        333  (phi)              -84   250   262   417   418     0     0      2.375      2.661     16.524     16.936      1.021
   287       -311  (Kbar0)            -84   250   262   347   347     0     0      0.052     -0.078      1.778      1.849      0.498
   288        111  (pi0)              -84   250   262   419   420     0     0      0.888      0.708      0.124      1.151      0.135
   289        113  (rho0)             -84   250   262   348   349     0     0      0.293      0.018      0.395      0.906      0.761
   290        111  (pi0)              -84   250   262   421   422     0     0      1.612      0.612     -0.742      1.882      0.135
   291        221  (eta)              -84   250   262   423   425     0     0      0.343      0.356      0.006      0.738      0.548
   292        111  (pi0)              -84   250   262   426   427     0     0      0.234     -0.519     -0.480      0.757      0.135
   293       -211  pi-                 84   250   262     0     0     0     0      2.292      1.364     -1.991      3.331      0.140
   294       2224  (Delta++)          -84   250   262   350   351     0     0      0.451      0.103     -1.994      2.372      1.198
   295       -211  pi-                 84   250   262     0     0     0     0      0.411      0.054     -1.645      1.702      0.140
   296      -2114  (Deltabar0)        -84   250   262   352   353     0     0      0.400     -0.493     -5.092      5.260      1.156
   297       -211  pi-                 84   250   262     0     0     0     0     -0.002      0.175     -0.911      0.938      0.140
   298        213  (rho+)             -84   250   262   354   355     0     0      0.221     -0.413     -6.602      6.665      0.786
   299       2112  n0                  84   250   262     0     0     0     0      0.941     -0.859    -25.284     25.334      0.940
   300      -3122  Lambdabar0          84   250   262     0     0     0     0     -1.670     -1.916    -29.025     29.158      1.116
   301       -321  K-                  84   250   262     0     0     0     0     -3.460     -4.292    -81.411     81.599      0.494
   302        323  (K*+)              -84   250   262   356   357     0     0     -3.081     -4.540    -77.609     77.809      0.966
   303        130  K_L0                91   182   182     0     0     0     0      0.171      0.047     11.491     11.504      0.498
   304       -211  pi-                 91   189     0     0     0     0     0     -0.007     -0.504    918.731    918.731      0.140
   305        111  (pi0)              -91   189     0   428   429     0     0      0.723      0.264   1526.430   1526.430      0.135
   306       2212  p+                  91   190     0     0     0     0     0     -0.054     -0.229   2185.467   2185.468      0.938
   307        211  pi+                 91   190     0     0     0     0     0     -0.004      0.119    525.512    525.512      0.140
   308        310  K_S0                91   204   204     0     0     0     0      0.928     -0.530      0.176      1.192      0.498
   309       -211  pi-                 91   205     0     0     0     0     0     -0.087     -0.106     -0.563      0.596      0.140
   310        111  (pi0)              -91   205     0   430   431     0     0     -0.080     -0.055      0.225      0.280      0.135
   311        311  (K0)               -91   206     0   358   358     0     0      0.231      0.118     -0.245      0.612      0.498
   312        211  pi+                 91   206     0     0     0     0     0      0.435     -0.260     -0.153      0.547      0.140
   313        130  K_L0                91   207   207     0     0     0     0      1.033     -1.142      0.313      1.648      0.498
   314        211  pi+                 91   211     0     0     0     0     0      1.088     -1.394     -0.609      1.876      0.140
   315       -211  pi-                 91   211     0     0     0     0     0      0.204     -0.954     -0.111      0.992      0.140
   316        211  pi+                 91   217     0     0     0     0     0      0.431     -0.602      0.001      0.754      0.140
   317       -211  pi-                 91   217     0     0     0     0     0      0.467     -1.174      1.066      1.659      0.140
   318        211  pi+                 91   218     0     0     0     0     0     -0.209     -0.829      1.288      1.552      0.140
   319       -211  pi-                 91   218     0     0     0     0     0     -0.408     -0.244      0.217      0.541      0.140
   320       -211  pi-                 91   220     0     0     0     0     0     -0.001     -0.345      0.430      0.569      0.140
   321        111  (pi0)              -91   220     0   432   433     0     0     -0.634     -1.020      6.470      6.582      0.135
   322        211  pi+                 91   221     0     0     0     0     0      0.103     -0.755      7.539      7.579      0.140
   323        111  (pi0)              -91   221     0   434   435     0     0      0.224      0.171      3.509      3.523      0.135
   324       2212  p+                  91   234     0     0     0     0     0      0.913      0.564  -3482.662   3482.662      0.938
   325        211  pi+                 91   234     0     0     0     0     0     -0.011     -0.073   -244.338    244.338      0.140
   326       -211  pi-                 91   242     0     0     0     0     0      0.343      0.205     -9.429      9.439      0.140
   327        111  (pi0)              -91   242     0   436   437     0     0      0.027     -0.128     -0.628      0.656      0.135
   328        211  pi+                 91   245     0     0     0     0     0      0.420     -0.235     -1.381      1.469      0.140
   329        111  (pi0)              -91   245     0   438   439     0     0      0.478      0.290     -3.705      3.749      0.135
   330       -311  (Kbar0)            -91   248     0   359   359     0     0      0.298      2.404     -0.723      2.577      0.498
   331        111  (pi0)              -91   248     0   440   441     0     0      0.405      1.378     -0.914      1.708      0.135
   332        211  pi+                 91   264     0     0     0     0     0     -0.334      0.314    220.621    220.621      0.140
   333       -211  pi-                 91   264     0     0     0     0     0     -0.419     -0.377    270.764    270.764      0.140
   334        211  pi+                 91   265     0     0     0     0     0      0.048      0.379     12.097     12.104      0.140
   335        111  (pi0)              -91   265     0   442   444     0     0      0.017     -0.215     28.489     28.490      0.135
   336        211  pi+                 91   273     0     0     0     0     0      0.035      0.084      5.339      5.342      0.140
   337        111  (pi0)              -91   273     0   445   446     0     0      0.320     -0.065      1.035      1.094      0.135
   338        211  pi+                 91   277     0     0     0     0     0      0.354      0.069      1.009      1.081      0.140
   339        111  (pi0)              -91   277     0   447   448     0     0     -0.338     -0.119      0.337      0.510      0.135
   340        310  K_S0                91   278   278     0     0     0     0      0.505      0.278      3.051      3.145      0.498
   341       -321  K-                  91   279     0     0     0     0     0      0.116      0.383      1.215      1.371      0.494
   342        211  pi+                 91   279     0     0     0     0     0      0.646      0.075      1.210      1.381      0.140
   343       -211  pi-                 91   280     0     0     0     0     0      0.988      0.143      1.651      1.934      0.140
   344        111  (pi0)              -91   280     0   449   450     0     0     -0.028      0.099      1.638      1.647      0.135
   345        321  K+                  91   285     0     0     0     0     0      3.328      1.872     15.463     15.935      0.494
   346        111  (pi0)              -91   285     0   451   452     0     0      0.122      0.012      1.062      1.077      0.135
   347        310  (K_S0)             -91   287   287   453   454     0     0      0.052     -0.078      1.778      1.849      0.498
   348        211  pi+                 91   289     0     0     0     0     0     -0.175     -0.075      0.327      0.404      0.140
   349       -211  pi-                 91   289     0     0     0     0     0      0.469      0.094      0.068      0.502      0.140
   350       2212  p+                  91   294     0     0     0     0     0      0.430      0.260     -1.551      1.881      0.938
   351        211  pi+                 91   294     0     0     0     0     0      0.021     -0.157     -0.443      0.491      0.140
   352      -2212  pbar-               91   296     0     0     0     0     0      0.355     -0.466     -3.751      3.910      0.938
   353        211  pi+                 91   296     0     0     0     0     0      0.044     -0.027     -1.342      1.350      0.140
   354        211  pi+                 91   298     0     0     0     0     0      0.309     -0.018     -4.851      4.863      0.140
   355        111  (pi0)              -91   298     0   455   456     0     0     -0.088     -0.395     -1.751      1.802      0.135
   356        311  (K0)               -91   302     0   360   360     0     0     -2.493     -3.949    -68.376     68.537      0.498
   357        211  pi+                 91   302     0     0     0     0     0     -0.588     -0.591     -9.233      9.272      0.140
   358        130  K_L0                91   311   311     0     0     0     0      0.231      0.118     -0.245      0.612      0.498
   359        310  K_S0                91   330   330     0     0     0     0      0.298      2.404     -0.723      2.577      0.498
   360        130  K_L0                91   356   356     0     0     0     0     -2.493     -3.949    -68.376     68.537      0.498
   361       -511  (Bbar0)            -91   177     0   457   463     0     0    -37.437      6.676     18.483     42.610      5.280
   362         22  gamma               91   177     0     0     0     0     0     -0.124     -0.013      0.051      0.134      0.000
   363        211  pi+                 91   187     0     0     0     0     0     -0.151     -0.094     11.673     11.675      0.140
   364       -211  pi-                 91   187     0     0     0     0     0      0.034     -0.011     20.127     20.128      0.140
   365        111  (pi0)              -91   187     0   464   465     0     0      0.237      0.215     17.438     17.441      0.135
   366         22  gamma               91   188     0     0     0     0     0     -0.017      0.029     45.762     45.762      0.000
   367         22  gamma               91   188     0     0     0     0     0     -0.150      0.268    120.253    120.253      0.000
   368         22  gamma               91   210     0     0     0     0     0      0.204     -0.390      0.023      0.441      0.000
   369         22  gamma               91   210     0     0     0     0     0      0.163     -0.478     -0.097      0.514      0.000
   370         22  gamma               91   212     0     0     0     0     0      2.009     -3.166      0.375      3.768      0.000
   371         22  gamma               91   212     0     0     0     0     0      1.001     -1.653      0.282      1.953      0.000
   372        111  (pi0)              -91   213     0   466   467     0     0      0.320     -1.098      0.160      1.163      0.135
   373        111  (pi0)              -91   213     0   468   469     0     0      0.277     -0.850      0.064      0.907      0.135
   374        111  (pi0)              -91   213     0   470   471     0     0      0.159     -0.254     -0.033      0.330      0.135
   375         22  gamma               91   215     0     0     0     0     0      0.080     -0.597      0.240      0.648      0.000
   376         22  gamma               91   215     0     0     0     0     0      0.055     -0.066      0.054      0.101      0.000
   377         22  gamma               91   216     0     0     0     0     0      0.188     -0.023     -0.069      0.202      0.000
   378         22  gamma               91   216     0     0     0     0     0      0.071     -0.011     -0.146      0.162      0.000
   379        130  K_L0                91   226     0     0     0     0     0     -1.588     -2.502    -36.091     36.215      0.498
   380        310  (K_S0)             -91   226     0   472   473     0     0     -2.222     -3.087    -45.022     45.185      0.498
   381         22  gamma               91   228     0     0     0     0     0      0.312     -0.009     -6.688      6.696      0.000
   382         22  gamma               91   228     0     0     0     0     0      0.024      0.023     -2.005      2.005      0.000
   383        211  pi+                 91   230     0     0     0     0     0     -0.102      0.048    -32.379     32.379      0.140
   384       -211  pi-                 91   230     0     0     0     0     0      0.085     -0.353    -59.932     59.933      0.140
   385        111  (pi0)              -91   230     0   474   475     0     0      0.153      0.051    -18.231     18.232      0.135
   386         22  gamma               91   231     0     0     0     0     0      0.318      0.182    -12.490     12.495      0.000
   387         22  gamma               91   231     0     0     0     0     0      0.042      0.013     -4.089      4.089      0.000
   388        211  pi+                 91   241     0     0     0     0     0      0.518     -0.462    -13.553     13.572      0.140
   389       -211  pi-                 91   241     0     0     0     0     0      1.303     -1.054    -36.784     36.822      0.140
   390        111  (pi0)              -91   241     0   476   477     0     0      1.093     -0.662    -27.208     27.238      0.135
   391         22  gamma               91   243     0     0     0     0     0      0.131     -0.606     -5.383      5.419      0.000
   392         22  gamma               91   243     0     0     0     0     0      0.004      0.002     -0.006      0.008      0.000
   393         22  gamma               91   244     0     0     0     0     0      0.231      1.062     -2.853      3.053      0.000
   394         22  gamma               91   244     0     0     0     0     0     -0.014      0.152     -0.348      0.380      0.000
   395     -20213  (a_1(1260)-)       -92   249     0   478   479     0     0      3.324     14.405     -4.761     15.587      1.307
   396        413  (D*+)              -92   249     0   480   481     0     0     27.066     81.470    -29.006     90.638      2.010
   397        211  pi+                 91   266     0     0     0     0     0     -0.300     -0.201     18.696     18.700      0.140
   398       -211  pi-                 91   266     0     0     0     0     0     -0.013     -0.037      2.580      2.584      0.140
   399        111  (pi0)              -91   266     0   482   483     0     0     -0.223     -0.613     20.159     20.170      0.135
   400        211  pi+                 91   269     0     0     0     0     0      0.035     -0.028      3.226      3.229      0.140
   401       -211  pi-                 91   269     0     0     0     0     0     -0.104     -0.191      2.797      2.809      0.140
   402        111  (pi0)              -91   269     0   484   485     0     0     -0.120     -0.249      5.881      5.889      0.135
   403         22  gamma               91   271     0     0     0     0     0      0.131      0.055      0.172      0.223      0.000
   404         22  gamma               91   271     0     0     0     0     0      0.304      0.087      3.780      3.793      0.000
   405         22  gamma               91   272     0     0     0     0     0     -0.077      0.079      1.233      1.238      0.000
   406         22  gamma               91   272     0     0     0     0     0     -0.208     -0.015      1.778      1.790      0.000
   407         22  gamma               91   274     0     0     0     0     0      0.126     -0.205      0.373      0.444      0.000
   408         22  gamma               91   274     0     0     0     0     0      0.118     -0.102      0.478      0.503      0.000
   409         22  gamma               91   276     0     0     0     0     0      0.032      0.031      0.074      0.086      0.000
   410         22  gamma               91   276     0     0     0     0     0      0.248      0.511      2.094      2.170      0.000
   411        211  pi+                 91   283     0     0     0     0     0      1.155      0.783      6.943      7.083      0.140
   412       -211  pi-                 91   283     0     0     0     0     0      1.232      1.389      7.726      7.948      0.140
   413        111  (pi0)              -91   283     0   486   487     0     0      0.691      0.507      3.309      3.421      0.135
   414        211  pi+                 91   284     0     0     0     0     0      0.309      0.091      2.086      2.115      0.140
   415       -211  pi-                 91   284     0     0     0     0     0      0.174      0.005      0.578      0.620      0.140
   416        111  (pi0)              -91   284     0   488   489     0     0      0.746      0.749      4.096      4.232      0.135
   417        130  K_L0                91   286     0     0     0     0     0      1.443      1.512      9.697      9.932      0.498
   418        310  K_S0                91   286     0     0     0     0     0      0.931      1.149      6.827      7.004      0.498
   419         22  gamma               91   288     0     0     0     0     0      0.157      0.191      0.006      0.247      0.000
   420         22  gamma               91   288     0     0     0     0     0      0.731      0.517      0.117      0.903      0.000
   421         22  gamma               91   290     0     0     0     0     0      0.942      0.326     -0.493      1.112      0.000
   422         22  gamma               91   290     0     0     0     0     0      0.670      0.286     -0.248      0.770      0.000
   423        211  pi+                 91   291     0     0     0     0     0      0.053      0.214      0.083      0.274      0.140
   424       -211  pi-                 91   291     0     0     0     0     0      0.133     -0.060     -0.026      0.204      0.140
   425         22  gamma               91   291     0     0     0     0     0      0.157      0.202     -0.051      0.261      0.000
   426         22  gamma               91   292     0     0     0     0     0      0.246     -0.470     -0.461      0.703      0.000
   427         22  gamma               91   292     0     0     0     0     0     -0.012     -0.049     -0.019      0.054      0.000
   428         22  gamma               91   305     0     0     0     0     0      0.258      0.050    618.623    618.623      0.000
   429         22  gamma               91   305     0     0     0     0     0      0.464      0.214    907.807    907.807      0.000
   430         22  gamma               91   310     0     0     0     0     0     -0.100     -0.055      0.095      0.148      0.000
   431         22  gamma               91   310     0     0     0     0     0      0.020     -0.001      0.130      0.131      0.000
   432         22  gamma               91   321     0     0     0     0     0     -0.548     -0.817      5.053      5.148      0.000
   433         22  gamma               91   321     0     0     0     0     0     -0.086     -0.203      1.417      1.434      0.000
   434         22  gamma               91   323     0     0     0     0     0     -0.011      0.039      0.317      0.319      0.000
   435         22  gamma               91   323     0     0     0     0     0      0.234      0.133      3.193      3.204      0.000
   436         22  gamma               91   327     0     0     0     0     0      0.061     -0.096     -0.252      0.277      0.000
   437         22  gamma               91   327     0     0     0     0     0     -0.034     -0.032     -0.376      0.379      0.000
   438         22  gamma               91   329     0     0     0     0     0      0.261      0.231     -2.380      2.405      0.000
   439         22  gamma               91   329     0     0     0     0     0      0.218      0.059     -1.325      1.344      0.000
   440         22  gamma               91   331     0     0     0     0     0      0.168      0.362     -0.268      0.481      0.000
   441         22  gamma               91   331     0     0     0     0     0      0.237      1.016     -0.647      1.227      0.000
   442         22  gamma               91   335     0     0     0     0     0      0.064     -0.121     11.543     11.544      0.000
   443         11  e-                  91   335     0     0     0     0     0     -0.025     -0.052      9.384      9.384      0.001
   444        -11  e+                  91   335     0     0     0     0     0     -0.022     -0.042      7.561      7.562      0.001
   445         22  gamma               91   337     0     0     0     0     0      0.238     -0.021      0.546      0.596      0.000
   446         22  gamma               91   337     0     0     0     0     0      0.083     -0.045      0.489      0.497      0.000
   447         22  gamma               91   339     0     0     0     0     0     -0.024      0.001      0.089      0.092      0.000
   448         22  gamma               91   339     0     0     0     0     0     -0.315     -0.120      0.248      0.418      0.000
   449         22  gamma               91   344     0     0     0     0     0      0.012      0.093      1.502      1.505      0.000
   450         22  gamma               91   344     0     0     0     0     0     -0.040      0.006      0.137      0.143      0.000
   451         22  gamma               91   346     0     0     0     0     0     -0.017     -0.007      0.023      0.029      0.000
   452         22  gamma               91   346     0     0     0     0     0      0.138      0.019      1.038      1.048      0.000
   453        111  (pi0)              -91   347     0   490   491     0     0      0.209     -0.076      1.329      1.354      0.135
   454        111  (pi0)              -91   347     0   492   493     0     0     -0.157     -0.001      0.450      0.495      0.135
   455         22  gamma               91   355     0     0     0     0     0     -0.065     -0.357     -1.678      1.717      0.000
   456         22  gamma               91   355     0     0     0     0     0     -0.023     -0.038     -0.073      0.085      0.000
   457        333  (phi)              -91   361     0   494   495     0     0    -12.191      2.717      6.471     14.104      1.017
   458       -313  (K*bar0)           -91   361     0   496   497     0     0     -7.222      1.572      2.714      7.924      0.895
   459       -213  (rho-)             -91   361     0   498   499     0     0     -8.533      0.301      4.758      9.794      0.612
   460        111  (pi0)              -91   361     0   500   501     0     0     -0.809      0.252      0.308      0.911      0.135
   461        211  pi+                 91   361     0     0     0     0     0     -2.867      0.512      1.513      3.285      0.140
   462       -211  pi-                 91   361     0     0     0     0     0     -4.261      0.688      2.035      4.774      0.140
   463        211  pi+                 91   361     0     0     0     0     0     -1.554      0.634      0.683      1.818      0.140
   464         22  gamma               91   365     0     0     0     0     0      0.212      0.157     11.071     11.075      0.000
   465         22  gamma               91   365     0     0     0     0     0      0.025      0.058      6.366      6.366      0.000
   466         22  gamma               91   372     0     0     0     0     0      0.058     -0.182     -0.024      0.193      0.000
   467         22  gamma               91   372     0     0     0     0     0      0.262     -0.916      0.183      0.970      0.000
   468         22  gamma               91   373     0     0     0     0     0      0.234     -0.737      0.101      0.779      0.000
   469         22  gamma               91   373     0     0     0     0     0      0.043     -0.114     -0.037      0.127      0.000
   470         22  gamma               91   374     0     0     0     0     0      0.061     -0.083     -0.077      0.128      0.000
   471         22  gamma               91   374     0     0     0     0     0      0.098     -0.171      0.044      0.202      0.000
   472        111  (pi0)              -91   380     0   502   503     0     0     -1.881     -2.393    -36.620     36.747      0.135
   473        111  (pi0)              -91   380     0   504   505     0     0     -0.340     -0.694     -8.401      8.438      0.135
   474         22  gamma               91   385     0     0     0     0     0      0.104      0.041     -5.632      5.634      0.000
   475         22  gamma               91   385     0     0     0     0     0      0.049      0.010    -12.598     12.598      0.000
   476         22  gamma               91   390     0     0     0     0     0      0.560     -0.365    -12.865     12.882      0.000
   477         22  gamma               91   390     0     0     0     0     0      0.533     -0.297    -14.343     14.356      0.000
   478       -213  (rho-)             -91   395     0   506   507     0     0      1.804      9.254     -2.953      9.918      0.867
   479        111  (pi0)              -91   395     0   508   509     0     0      1.520      5.151     -1.808      5.669      0.135
   480        421  (D0)               -91   396     0   510   512     0     0     25.106     75.592    -26.872     84.083      1.865
   481        211  pi+                 91   396     0     0     0     0     0      1.960      5.878     -2.134      6.555      0.140
   482         22  gamma               91   399     0     0     0     0     0     -0.067     -0.335     11.747     11.752      0.000
   483         22  gamma               91   399     0     0     0     0     0     -0.156     -0.278      8.412      8.418      0.000
   484         22  gamma               91   402     0     0     0     0     0      0.014     -0.123      2.326      2.330      0.000
   485         22  gamma               91   402     0     0     0     0     0     -0.134     -0.126      3.554      3.559      0.000
   486         22  gamma               91   413     0     0     0     0     0      0.353      0.176      1.529      1.579      0.000
   487         22  gamma               91   413     0     0     0     0     0      0.337      0.330      1.781      1.842      0.000
   488         22  gamma               91   416     0     0     0     0     0      0.003     -0.006      0.028      0.029      0.000
   489         22  gamma               91   416     0     0     0     0     0      0.743      0.754      4.068      4.203      0.000
   490         22  gamma               91   453     0     0     0     0     0      0.161      0.010      0.857      0.872      0.000
   491         22  gamma               91   453     0     0     0     0     0      0.047     -0.086      0.472      0.482      0.000
   492         22  gamma               91   454     0     0     0     0     0     -0.022      0.016      0.002      0.027      0.000
   493         22  gamma               91   454     0     0     0     0     0     -0.136     -0.017      0.448      0.468      0.000
   494        213  (rho+)             -91   457     0   513   514     0     0    -10.316      2.369      5.441     11.932      0.853
   495       -211  pi-                 91   457     0     0     0     0     0     -1.875      0.348      1.030      2.172      0.140
   496       -311  (Kbar0)            -91   458     0   515   515     0     0     -4.409      1.236      1.790      4.942      0.498
   497        111  (pi0)              -91   458     0   516   517     0     0     -2.813      0.337      0.924      2.983      0.135
   498       -211  pi-                 91   459     0     0     0     0     0     -3.132     -0.117      1.892      3.663      0.140
   499        111  (pi0)              -91   459     0   518   519     0     0     -5.401      0.418      2.867      6.130      0.135
   500         22  gamma               91   460     0     0     0     0     0     -0.350      0.058      0.080      0.364      0.000
   501         22  gamma               91   460     0     0     0     0     0     -0.458      0.193      0.228      0.547      0.000
   502         22  gamma               91   472     0     0     0     0     0     -0.939     -1.247    -19.480     19.542      0.000
   503         22  gamma               91   472     0     0     0     0     0     -0.943     -1.147    -17.140     17.205      0.000
   504         22  gamma               91   473     0     0     0     0     0     -0.313     -0.532     -6.318      6.348      0.000
   505         22  gamma               91   473     0     0     0     0     0     -0.027     -0.162     -2.084      2.090      0.000
   506       -211  pi-                 91   478     0     0     0     0     0      0.672      1.827     -0.697      2.072      0.140
   507        111  (pi0)              -91   478     0   520   521     0     0      1.132      7.427     -2.256      7.846      0.135
   508         22  gamma               91   479     0     0     0     0     0      1.277      4.410     -1.588      4.858      0.000
   509         22  gamma               91   479     0     0     0     0     0      0.243      0.741     -0.219      0.810      0.000
   510        -11  e+                  91   480     0     0     0     0     0      3.779     10.242     -3.738     11.539      0.001
   511         12  nu_e                91   480     0     0     0     0     0      9.287     29.858    -10.829     33.091      0.000
   512       -213  (rho-)             -91   480     0   522   523     0     0     12.040     35.492    -12.305     39.454      0.716
   513        211  pi+                 91   494     0     0     0     0     0     -5.612      1.652      3.213      6.676      0.140
   514        111  (pi0)              -91   494     0   524   525     0     0     -4.704      0.717      2.228      5.256      0.135
   515        310  K_S0                91   496   496     0     0     0     0     -4.409      1.236      1.790      4.942      0.498
   516         22  gamma               91   497     0     0     0     0     0     -0.983      0.134      0.390      1.066      0.000
   517         22  gamma               91   497     0     0     0     0     0     -1.829      0.203      0.535      1.917      0.000
   518         22  gamma               91   499     0     0     0     0     0     -5.197      0.423      2.741      5.890      0.000
   519         22  gamma               91   499     0     0     0     0     0     -0.204     -0.005      0.126      0.240      0.000
   520         22  gamma               91   507     0     0     0     0     0      0.129      0.992     -0.259      1.033      0.000
   521         22  gamma               91   507     0     0     0     0     0      1.003      6.435     -1.997      6.812      0.000
   522       -211  pi-                 91   512     0     0     0     0     0      3.621     10.949     -4.088     12.236      0.140
   523        111  (pi0)              -91   512     0   526   527     0     0      8.419     24.544     -8.216     27.218      0.135
   524         22  gamma               91   514     0     0     0     0     0     -2.408      0.397      1.076      2.667      0.000
   525         22  gamma               91   514     0     0     0     0     0     -2.296      0.320      1.152      2.589      0.000
   526         22  gamma               91   523     0     0     0     0     0      1.743      5.029     -1.631      5.567      0.000
   527         22  gamma               91   523     0     0     0     0     0      6.676     19.515     -6.585     21.651      0.000
                                   Charge sum:  2.000           Momentum sum:      0.000      0.000     -0.000  13000.000  13000.000

 --------  End PYTHIA Event Listing  -----------------------------------------------------------------------------------------------
#--------------------------------------------------------------------------
#                     FastJet release 3.4.0 [fjcore]
#                 M. Cacciari, G.P. Salam and G. Soyez                  
#     A software package for jet finding and analysis at colliders      
#                           http://fastjet.fr                           
#	                                                                      
# Please cite EPJC72(2012)1896 [arXiv:1111.6097] if you use this package
# for scientific work and optionally PLB641(2006)57 [hep-ph/0512210].   
#                                                                       
# FastJet is provided without warranty under the GNU GPL v2 or higher.  
# It uses T. Chan's closest pair algorithm, S. Fortune's Voronoi code
# and 3rd party plugin jet algorithms. See COPYING file for details.
#--------------------------------------------------------------------------
 PYTHIA Warning in SimpleSpaceShower::pT2nextQCD: weight above unity  
 PYTHIA Warning in Pythia::check: energy-momentum not quite conserved  
 PYTHIA Warning in SimpleSpaceShower::pT2nextQCD: small daughter PDF  
 PYTHIA Warning in ColConfig::collect: negative-energy parton encountered  
 PYTHIA Warning in SimpleTimeShower::findMEcorr: ME weight above PS one  

 Pythia::next(): 1000 events have been generated 
 PYTHIA Warning in StringFragmentation::fragmentToJunction: bad convergence junction rest frame  
 PYTHIA Error in BeamRemnants::setKinematics: kinematics construction failed  
 PYTHIA Error in Pythia::check: unmatched particle energy/momentum/mass  
 PYTHIA Error in Pythia::next: check of event revealed problems  
 PYTHIA Warning in SimpleTimeShower::pTnext: negative dipole mass.  

 Pythia::next(): 2000 events have been generated 
 PYTHIA Error in SimpleSpaceShower::pT2nearThreshold: stuck in loop  

 Pythia::next(): 3000 events have been generated 
 PYTHIA Error in StringFragmentation::fragment: stuck in joining  
 PYTHIA Error in Pythia::next: hadronLevel failed; try again  

 Pythia::next(): 4000 events have been generated 
 PYTHIA Warning in MultipartonInteractions::pTnext: weight above unity  
 PYTHIA Warning in TauDecays::decay: maximum decay weight exceeded in tau decay  

 Pythia::next(): 5000 events have been generated 

 Pythia::next(): 6000 events have been generated 
 PYTHIA Warning in Pythia::check: not quite matched particle energy/momentum/mass  
 PYTHIA Error in SimpleSpaceShower::pT2nearThreshold: xPDF = 0  

 Pythia::next(): 7000 events have been generated 

 Pythia::next(): 8000 events have been generated 

 Pythia::next(): 9000 events have been generated 
 PYTHIA Error in MiniStringFragmentation::fragment: no 1- or 2-body state found above mass threshold  

 *-------  PYTHIA Event and Cross Section Statistics  -------------------------------------------------------------*
 |                                                                                                                 |
 | Subprocess                                    Code |            Number of events       |      sigma +- delta    |
 |                                                    |       Tried   Selected   Accepted |     (estimated) (mb)   |
 |                                                    |                                   |                        |
 |-----------------------------------------------------------------------------------------------------------------|
 |                                                    |                                   |                        |
 | Les Houches User Process(es)                  9999 |       10000      10000      10000 |   8.336e-08  0.000e+00 |
 |    ... whereof user classification code     322200 |       10000      10000      10000 |                        | 
 |                                                    |                                   |                        |
 | sum                                                |       10000      10000      10000 |   8.336e-08  0.000e+00 |
 |                                                                                                                 |
 *-------  End PYTHIA Event and Cross Section Statistics ----------------------------------------------------------*

 *-------  PYTHIA Error and Warning Messages Statistics  ----------------------------------------------------------* 
 |                                                                                                                 | 
 |  times   message                                                                                                | 
 |                                                                                                                 | 
 |     12   Error in BeamRemnants::setKinematics: kinematics construction failed                                   | 
 |      1   Error in MiniStringFragmentation::fragment: no 1- or 2-body state found above mass threshold           | 
 |     21   Error in Pythia::check: unmatched particle energy/momentum/mass                                        | 
 |      3   Error in Pythia::next: check of event revealed problems                                                | 
 |      5   Error in Pythia::next: hadronLevel failed; try again                                                   | 
 |      4   Error in SimpleSpaceShower::pT2nearThreshold: stuck in loop                                            | 
 |      4   Error in SimpleSpaceShower::pT2nearThreshold: xPDF = 0                                                 | 
 |      4   Error in StringFragmentation::fragment: stuck in joining                                               | 
 |      8   Warning in ColConfig::collect: negative-energy parton encountered                                      | 
 |      2   Warning in MultipartonInteractions::pTnext: weight above unity                                         | 
 |      1   Warning in Pythia::check: energy-momentum not quite conserved                                          | 
 |      6   Warning in Pythia::check: not quite matched particle energy/momentum/mass                              | 
 |   4534   Warning in SimpleSpaceShower::pT2nextQCD: small daughter PDF                                           | 
 |   3639   Warning in SimpleSpaceShower::pT2nextQCD: weight above unity                                           | 
 |     82   Warning in SimpleTimeShower::findMEcorr: ME weight above PS one                                        | 
 |     39   Warning in SimpleTimeShower::pTnext: negative dipole mass.                                             | 
 |     17   Warning in StringFragmentation::fragmentToJunction: bad convergence junction rest frame                | 
 |      2   Warning in TauDecays::decay: maximum decay weight exceeded in tau decay                                | 
 |      2   Warning in TimeShower::init: pTmin too low                                                             | 
 |                                                                                                                 | 
 *-------  End PYTHIA Error and Warning Messages Statistics  ------------------------------------------------------* 
Using LHE File: /nfs/dust/cms/user/amoroso/powheg/POWHEG-BOX-V2/ttJ_MiNNLOPS_v1.0_beta1/decay-ll/pwgevents-0391.lhe
less then 10000 events in LHE, using all LHE events
np.shape(P0) = (10000, 3, 9)
np.shape(nJets) = (10000, 2)
np.shape(jets_4vectors) = (10000, 20, 6)
