Configured CUDA from: /cvmfs/sft.cern.ch/lcg/releases/cuda/12.4-4899e/x86_64-el9-gcc11-opt

 *------------------------------------------------------------------------------------* 
 |                                                                                    | 
 |  *------------------------------------------------------------------------------*  | 
 |  |                                                                              |  | 
 |  |                                                                              |  | 
 |  |   PPP   Y   Y  TTTTT  H   H  III    A      Welcome to the Lund Monte Carlo!  |  | 
 |  |   P  P   Y Y     T    H   H   I    A A     This is PYTHIA version 8.309      |  | 
 |  |   PPP     Y      T    HHHHH   I   AAAAA    Last date of change: 16 Feb 2023  |  | 
 |  |   P       Y      T    H   H   I   A   A                                      |  | 
 |  |   P       Y      T    H   H  III  A   A    Now is 03 Sep 2024 at 15:21:21    |  | 
 |  |                                                                              |  | 
 |  |   Program documentation and an archive of historic versions is found on:     |  | 
 |  |                                                                              |  | 
 |  |                               https://pythia.org/                            |  | 
 |  |                                                                              |  | 
 |  |   PYTHIA is authored by a collaboration consisting of:                       |  | 
 |  |                                                                              |  | 
 |  |   Christian Bierlich, Nishita Desai, Leif Gellersen, Ilkka Helenius, Philip  |  | 
 |  |   Ilten, Leif Lonnblad, Stephen Mrenna, Stefan Prestel, Christian Preuss,    |  | 
 |  |   Torbjorn Sjostrand, Peter Skands, Marius Utheim and Rob Verheyen.          |  | 
 |  |                                                                              |  | 
 |  |   The complete list of authors, including contact information and            |  | 
 |  |   affiliations, can be found on https://pythia.org/.                         |  | 
 |  |   Problems or bugs should be reported on email at authors@pythia.org.        |  | 
 |  |                                                                              |  | 
 |  |   The main program reference is C. Bierlich et al,                           |  | 
 |  |   'A comprehensive guide to the physics and usage of Pythia 8.3',            |  | 
 |  |   SciPost Phys. Codebases 8-r8.3 (2022) [arXiv:2203.11601 [hep-ph]]          |  | 
 |  |                                                                              |  | 
 |  |   PYTHIA is released under the GNU General Public Licence version 2 or later.|  | 
 |  |   Please respect the MCnet Guidelines for Event Generator Authors and Users. |  | 
 |  |                                                                              |  | 
 |  |   Disclaimer: this program comes without any guarantees.                     |  | 
 |  |   Beware of errors and use common sense when interpreting results.           |  | 
 |  |                                                                              |  | 
 |  |   Copyright (C) 2023 Torbjorn Sjostrand                                      |  | 
 |  |                                                                              |  | 
 |  |                                                                              |  | 
 |  *------------------------------------------------------------------------------*  | 
 |                                                                                    | 
 *------------------------------------------------------------------------------------* 


 *-------  PYTHIA Process Initialization  --------------------------*
 |                                                                  |
 | We collide p+ with p+ at a CM energy of 1.300e+04 GeV            |
 |                                                                  |
 |------------------------------------------------------------------|
 |                                                    |             |
 | Subprocess                                    Code |   Estimated |
 |                                                    |    max (mb) |
 |                                                    |             |
 |------------------------------------------------------------------|
 |                                                    |             |
 | Les Houches User Process(es)                  9999 |   1.000e-09 |
 |                                                                  |
 *-------  End PYTHIA Process Initialization -----------------------*
 PYTHIA Warning in TimeShower::init: pTmin too low , raised to 0.611

 *-------  PYTHIA Multiparton Interactions Initialization  ---------* 
 |                                                                  | 
 |                   sigmaNonDiffractive =    55.51 mb              | 
 |                                                                  | 
 |    pT0 =  1.44 gives sigmaInteraction =   397.49 mb: accepted    | 
 |                                                                  | 
 *-------  End PYTHIA Multiparton Interactions Initialization  -----* 
 PYTHIA Warning in MultipartonInteractions::init: maximum increased by factor 1.034

 *-------  PYTHIA Flag + Mode + Parm + Word + FVec + MVec + PVec + WVec Settings (changes only)  ------------------* 
 |                                                                                                                 | 
 | Name                                          |                      Now |      Default         Min         Max | 
 |                                               |                          |                                      | 
 | Beams:frameType                               |                        4 |            1           1           5 | 
 | Beams:LHEF                                    | /nfs/dust/cms/user/amoroso/powheg/POWHEG-BOX-V2/ttJ_MiNNLOPS_v1.0_beta1/decay-ll/pwgevents-0271.lhe |         void | 
 | ColourReconnection:range                      |                  5.17600 |      1.80000         0.0    10.00000 | 
 | Main:timesAllowErrors                         |                      500 |           10           0             | 
 | MultipartonInteractions:alphaSorder           |                        2 |            1           0           3 | 
 | MultipartonInteractions:alphaSvalue           |                  0.11800 |      0.13000   0.0600000     0.25000 | 
 | MultipartonInteractions:bProfile              |                        2 |            3           0           4 | 
 | MultipartonInteractions:coreFraction          |                  0.63000 |      0.50000         0.0     1.00000 | 
 | MultipartonInteractions:coreRadius            |                  0.76340 |      0.40000     0.10000     1.00000 | 
 | MultipartonInteractions:ecmPow                |                0.0334400 |      0.21500         0.0     0.50000 | 
 | MultipartonInteractions:pT0Ref                |                  1.41000 |      2.28000     0.50000    10.00000 | 
 | ParticleDecays:limitTau                       |                       on |          off                         | 
 | PDF:pSet                                      |                       20 |           13                         | 
 | Random:seed                                   |                      271 |           -1               900000000 | 
 | Random:setSeed                                |                       on |          off                         | 
 | SigmaProcess:alphaSorder                      |                        2 |            1           0           3 | 
 | SigmaProcess:alphaSvalue                      |                  0.11800 |      0.13000   0.0600000     0.25000 | 
 | SigmaTotal:mode                               |                        0 |            1           0           4 | 
 | SigmaTotal:sigmaEl                            |                 21.89000 |     25.00000         0.0             | 
 | SigmaTotal:sigmaTot                           |                100.30900 |    100.00000         0.0             | 
 | SigmaTotal:zeroAXB                            |                      off |           on                         | 
 | SpaceShower:alphaSorder                       |                        2 |            1           0           3 | 
 | SpaceShower:alphaSvalue                       |                  0.11800 |      0.13650   0.0600000     0.25000 | 
 | SpaceShower:dipoleRecoil                      |                       on |          off                         | 
 | SpaceShower:pTmaxMatch                        |                        1 |            0           0           2 | 
 | TimeShower:alphaSorder                        |                        2 |            1           0           3 | 
 | TimeShower:alphaSvalue                        |                  0.11800 |      0.13650   0.0600000     0.25000 | 
 |                                                                                                                 | 
 *-------  End PYTHIA Flag + Mode + Parm + Word + FVec + MVec + PVec + WVec Settings  -----------------------------* 

 --------  PYTHIA Particle Data Table (changed only)  ------------------------------------------------------------------------------
 
      id   name            antiName         spn chg col      m0        mWidth      mMin       mMax       tau0    res dec ext vis wid
             no onMode   bRatio   meMode     products 

       6  t                tbar               2   2   1  173.00000    1.36916   86.00000    0.00000  1.44122e-13   1   1   0   1   0
              0     1   0.0000664    0       24        1 
              1     1   0.0017361    0       24        3 
              2     1   0.9981975    0       24        5 
              3     1   0.0000000    0       37        5 

 --------  End PYTHIA Particle Data Table  -----------------------------------------------------------------------------------------


 --------  LHA event information and listing  ---------------------------------------------------------------------- 

    process =   322200    weight =   1.0325e+02     scale =   2.6704e+01 (GeV) 
                        alpha_em =  -1.0000e+00    alpha_strong =   1.5663e-01

    Participating Particles 
    no        id stat     mothers     colours      p_x        p_y        p_z         e          m        tau    spin 
     1        -4   -1     0     0     0   512      0.000      0.000   1049.737   1049.737      0.000   0.000   9.000
     2        21   -1     0     0   512   513      0.000      0.000  -1404.452   1404.452      0.000   0.000   9.000
     3         6    2     1     2   511     0   -117.458    -83.337   -740.739    774.099    172.611   0.000   9.000
     4        -6    2     1     2     0   513    118.935     96.857   -626.063    667.277    172.559   0.000   9.000
     5        -4    1     1     2     0   514    -17.441     -3.954    650.497    650.745      1.400   0.000   9.000
     6        21    1     1     2   514   511     15.964     -9.565    361.590    362.068      0.000   0.000   9.000
     7         5    1     3     3   511     0   -122.397    -72.651   -441.299    463.711      4.920   0.000  -1.000
     8        24    2     3     3     0     0      4.939    -10.686   -299.439    310.388     80.858   0.000   9.000
     9        -5    1     4     4     0   513     88.227     64.657   -190.902    220.074      4.920   0.000   1.000
    10       -24    2     4     4     0     0     30.708     32.199   -435.161    447.203     92.983   0.000   9.000
    11       -11    1     8     8     0     0    -30.573    -27.627   -179.101    183.780      0.001   0.000   1.000
    12        12    1     8     8     0     0     35.512     16.942   -120.339    126.608      0.000   0.000  -1.000
    13        15    1    10    10     0     0    -23.635     25.783   -289.362    291.474      1.777   0.000  -1.000
    14       -16    1    10    10     0     0     54.343      6.417   -145.799    155.729      0.000   0.000   1.000

 --------  End LHA event information and listing  ------------------------------------------------------------------ 

 --------  PYTHIA Info Listing  ---------------------------------------- 
 
 Beam A: id =   2212, pz =  6.500e+03, e =  6.500e+03, m =  9.383e-01.
 Beam B: id =   2212, pz = -6.500e+03, e =  6.500e+03, m =  9.383e-01.

 In 1: id =   -4, x =  1.615e-01, pdf =  0.000e+00 at Q2 =  7.131e+02.
 In 2: id =   21, x =  2.161e-01, pdf =  0.000e+00 at same Q2.

 Process Les Houches User Process(es) with code 9999 is 2 -> 4.
 Subprocess user process 322200 with code 322200 is 2 -> 4.
     alphaEM =  7.710e-03,  alphaS =  1.566e-01    at Q2 =  7.131e+02.

 Impact parameter b =  1.087e+00 gives enhancement factor =  4.079e-01.
 Max pT scale for MPI =  1.300e+04, ISR =  2.670e+01, FSR =  2.670e+01.
 Number of MPI =     2, ISR =     4, FSRproc =    10, FSRreson =     0.

 --------  End PYTHIA Info Listing  ------------------------------------

 --------  PYTHIA Event Listing  (hard process)  -----------------------------------------------------------------------------------
 
    no         id  name            status     mothers   daughters     colours      p_x        p_y        p_z         e          m 
     0         90  (system)           -11     0     0     0     0     0     0      0.000      0.000      0.000  13000.000  13000.000
     1       2212  (p+)               -12     0     0     3     0     0     0      0.000      0.000   6500.000   6500.000      0.938
     2       2212  (p+)               -12     0     0     4     0     0     0      0.000      0.000  -6500.000   6500.000      0.938
     3         -4  (cbar)             -21     1     0     5     8     0   512      0.000      0.000   1049.737   1049.737      0.000
     4         21  (g)                -21     2     0     5     8   512   513      0.000      0.000  -1404.452   1404.452      0.000
     5          6  (t)                -22     3     4     9    10   511     0   -117.458    -83.337   -740.739    774.099    172.611
     6         -6  (tbar)             -22     3     4    11    12     0   513    118.935     96.857   -626.063    667.277    172.559
     7         -4  cbar                23     3     4     0     0     0   514    -17.441     -3.954    650.497    650.745      1.400
     8         21  g                   23     3     4     0     0   514   511     15.964     -9.565    361.590    362.068      0.000
     9          5  b                   23     5     0     0     0   511     0   -122.397    -72.651   -441.299    463.711      4.920
    10         24  (W+)               -22     5     0    13    14     0     0      4.939    -10.686   -299.439    310.388     80.858
    11         -5  bbar                23     6     0     0     0     0   513     88.227     64.657   -190.902    220.074      4.920
    12        -24  (W-)               -22     6     0    15    16     0     0     30.708     32.199   -435.161    447.203     92.983
    13        -11  e+                  23    10     0     0     0     0     0    -30.573    -27.627   -179.101    183.780      0.001
    14         12  nu_e                23    10     0     0     0     0     0     35.512     16.942   -120.339    126.608      0.000
    15         15  tau-                23    12     0     0     0     0     0    -23.635     25.783   -289.362    291.474      1.777
    16        -16  nu_taubar           23    12     0     0     0     0     0     54.343      6.417   -145.799    155.729      0.000
                                   Charge sum: -0.667           Momentum sum:      0.000     -0.000   -354.714   2454.189   2428.419

 --------  End PYTHIA Event Listing  -----------------------------------------------------------------------------------------------

 --------  PYTHIA Event Listing  (complete event)  ---------------------------------------------------------------------------------
 
    no         id  name            status     mothers   daughters     colours      p_x        p_y        p_z         e          m 
     0         90  (system)           -11     0     0     0     0     0     0      0.000      0.000      0.000  13000.000  13000.000
     1       2212  (p+)               -12     0     0    83     0     0     0      0.000      0.000   6500.000   6500.000      0.938
     2       2212  (p+)               -12     0     0    84     0     0     0      0.000      0.000  -6500.000   6500.000      0.938
     3         -4  (cbar)             -21    12    12     5     8     0   512      0.000      0.000   1049.737   1049.737      0.000
     4         21  (g)                -21    13     0     5     8   512   513      0.000      0.000  -1404.452   1404.452      0.000
     5          6  (t)                -22     3     4    11    11   511     0   -117.458    -83.337   -740.739    774.099    172.611
     6         -6  (tbar)             -22     3     4    15    15     0   513    118.935     96.857   -626.063    667.277    172.559
     7         -4  (cbar)             -23     3     4    16    16     0   514    -17.441     -3.954    650.497    650.745      1.400
     8         21  (g)                -23     3     4     9    10   514   511     15.964     -9.565    361.590    362.068      0.000
     9         21  (g)                -51     8     0    17    17   514   516     11.920      0.096    310.611    310.840      0.000
    10         21  (g)                -51     8     0    18    18   516   511      3.979     -9.706     50.563     51.640      0.000
    11          6  (t)                -52     5     5    14    14   511     0   -117.394    -83.292   -740.323    773.687    172.611
    12         -4  (cbar)             -42    20    20     3     3     0   512      0.000      0.000   1049.737   1049.737      0.000
    13         21  (g)                -41    21     0    19     4   517   513      0.000      0.000  -1415.352   1415.352      0.000
    14          6  (t)                -44    11    11    22    22   511     0   -117.394    -83.292   -740.323    773.687    172.611
    15         -6  (tbar)             -44     6     6    23    23     0   513    118.660     93.784   -624.007    664.859    172.559
    16         -4  (cbar)             -44     7     7    24    24     0   514    -17.441     -3.954    650.497    650.745      1.400
    17         21  (g)                -44     9     9    25    25   514   516     11.920      0.096    310.611    310.840      0.000
    18         21  (g)                -44    10    10    26    26   516   511      3.979     -9.706     50.563     51.640      0.000
    19         21  (g)                -43    13     0    27    27   517   512      0.275      3.072    -12.957     13.319      0.000
    20         -4  (cbar)             -42    32     0    12    12     0   512      0.000      0.000   1049.737   1049.737      0.000
    21         21  (g)                -41    33    33    28    13   517   518      0.000     -0.000  -1581.106   1581.106      0.000
    22          6  (t)                -44    14    14    31    31   511     0   -117.394    -83.292   -740.323    773.687    172.611
    23         -6  (tbar)             -44    15    15    35    35     0   513    118.660     93.784   -624.007    664.859    172.559
    24         -4  (cbar)             -44    16    16    36    36     0   514    -17.441     -3.954    650.497    650.745      1.400
    25         21  (g)                -44    17    17    37    37   514   516     11.920      0.096    310.611    310.840      0.000
    26         21  (g)                -44    18    18    29    30   516   511      3.979     -9.706     50.563     51.640      0.000
    27         21  (g)                -44    19    19    39    39   517   512     -1.880      1.983    -10.655     11.000      0.000
    28         21  (g)                -43    21     0    40    40   513   518      2.156      1.090   -168.055    168.072      0.000
    29         21  (g)                -51    26     0    38    38   516   519      3.992     -4.471     32.988     33.528      0.000
    30         21  (g)                -51    26     0    41    41   519   511     -0.032     -5.248     17.458     18.229      0.000
    31          6  (t)                -52    22    22    34    34   511     0   -117.375    -83.280   -740.205    773.570    172.611
    32         -4  (cbar)             -41    43     0    42    20     0   520     -0.000      0.000   1050.235   1050.235      0.000
    33         21  (g)                -42    44    44    21    21   517   518      0.000     -0.000  -1581.106   1581.106      0.000
    34          6  (t)                -44    31    31    45    45   511     0   -117.375    -83.280   -740.205    773.570    172.611
    35         -6  (tbar)             -44    23    23    46    46     0   513    118.660     93.784   -624.007    664.859    172.559
    36         -4  (cbar)             -44    24    24    47    47     0   514    -17.441     -3.954    650.497    650.745      1.400
    37         21  (g)                -44    25    25    48    48   514   516     11.920      0.096    310.611    310.840      0.000
    38         21  (g)                -44    29    29    49    49   516   519      3.992     -4.471     32.988     33.528      0.000
    39         21  (g)                -44    27    27    50    50   517   512     -1.919     -0.272     -8.448      8.667      0.000
    40         21  (g)                -44    28    28    51    51   513   518      2.156      1.090   -168.055    168.072      0.000
    41         21  (g)                -44    30    30    52    52   519   511     -0.032     -5.248     17.458     18.229      0.000
    42         21  (g)                -43    32     0    53    53   512   520      0.038      2.255     -1.710      2.831      0.000
    43         21  (g)                -41    83    83    54    32   521   520     -0.000     -0.000   1311.244   1311.244      0.000
    44         21  (g)                -42    84    84    33    33   517   518      0.000     -0.000  -1581.106   1581.106      0.000
    45          6  (t)                -44    34    34    79    79   511     0   -117.375    -83.280   -740.205    773.570    172.611
    46         -6  (tbar)             -44    35    35    57    57     0   513    118.660     93.784   -624.007    664.859    172.559
    47         -4  (cbar)             -44    36    36    61    62     0   514    -17.441     -3.954    650.497    650.745      1.400
    48         21  (g)                -44    37    37    63    63   514   516     11.920      0.096    310.611    310.840      0.000
    49         21  (g)                -44    38    38    72    72   516   519      3.992     -4.471     32.988     33.528      0.000
    50         21  (g)                -44    39    39    67    68   517   512     -1.919     -0.272     -8.448      8.667      0.000
    51         21  (g)                -44    40    40    55    56   513   518      2.156      1.090   -168.055    168.072      0.000
    52         21  (g)                -44    41    41    77    78   519   511     -0.032     -5.248     17.458     18.229      0.000
    53         21  (g)                -44    42    42    69    69   512   520      1.097      1.891     -1.740      2.794      0.000
    54          4  (c)                -43    43     0    94    94   521     0     -1.059      0.365    261.039    261.046      1.500
    55         21  (g)                -51    51     0    58    59   523   518      2.184      2.361   -164.005    164.036      0.000
    56         21  (g)                -51    51     0    60    60   513   523      0.391     -0.930     -3.492      3.634      0.000
    57         -6  (tbar)             -52    46    46    86    86     0   513    118.241     93.442   -624.566    665.260    172.559
    58         21  (g)                -51    55     0    91    91   524   518     -0.660      0.086    -34.916     34.922      0.000
    59         21  (g)                -51    55     0    64    65   523   524      2.911      2.115   -129.693    129.743      0.000
    60         21  (g)                -52    56    56    66    66   513   523      0.323     -0.769     -2.887      3.005      0.000
    61         -4  (cbar)             -51    47     0    82    82     0   525    -17.180     -3.202    632.741    632.984      1.400
    62         21  (g)                -51    47     0    80    81   525   514      0.067     -0.749     26.313     26.324      0.000
    63         21  (g)                -52    48    48    70    71   514   516     11.592      0.093    302.054    302.277      0.000
    64         21  (g)                -51    59     0    96    96   526   524      1.855      2.235    -79.328     79.381      0.000
    65         21  (g)                -51    59     0    98    98   523   526      1.098     -0.222    -50.748     50.760      0.000
    66         21  (g)                -52    60    60    95    95   513   523      0.280     -0.667     -2.505      2.607      0.000
    67         21  (g)                -51    50     0    90    90   517   527     -1.993      0.420     -8.482      8.723      0.000
    68         21  (g)                -51    50     0    99    99   527   512      0.308     -0.289     -0.337      0.540      0.000
    69         21  (g)                -52    53    53    93    93   512   520      0.863      1.487     -1.369      2.198      0.000
    70         21  (g)                -51    63     0    88    88   514   528     12.011      0.041    297.442    297.685      0.000
    71         21  (g)                -51    63     0   100   100   528   516     -0.225     -0.165      6.219      6.225      0.000
    72         21  (g)                -52    49    49    89    89   516   519      3.798     -4.253     31.381     31.895      0.000
    73         21  (g)                -31   103   103    75    76   529   530      0.000      0.000    327.025    327.025      0.000
    74         21  (g)                -31   104   104    75    76   531   529      0.000      0.000     -0.005      0.005      0.000
    75         21  (g)                -33    73    74   105   105   531   532      0.793     -0.338     39.805     39.815      0.000
    76         21  (g)                -33    73    74   106   106   532   530     -0.793      0.338    287.215    287.216      0.000
    77         21  (g)                -51    52     0    92    92   519   534      0.144     -2.814     11.647     11.983      0.000
    78         21  (g)                -51    52     0   101   101   534   511     -0.180     -2.437      5.781      6.276      0.000
    79          6  (t)                -52    45    45    85    85   511     0   -117.371    -83.276   -740.176    773.541    172.611
    80         21  (g)                -51    62     0    97    97   536   514      0.300     -0.102      8.736      8.742      0.000
    81         21  (g)                -51    62     0   102   102   525   536     -2.233     -1.005     90.677     90.710      0.000
    82         -4  (cbar)             -52    61    61    87    87     0   525    -15.179     -2.845    559.641    559.856      1.400
    83         21  (g)                -61     1     0    43    43   532   520      1.196     -0.169   1311.242   1311.243      0.000
    84         21  (g)                -61     2     0    44    44   517   518     -3.389      1.000  -1581.104   1581.108      0.000
    85          6  (t)                -62    79    79   111   112   511     0   -118.978    -82.800   -740.027    773.593    172.611
    86         -6  (tbar)             -62    57    57   113   114     0   513    116.877     93.848   -624.710    665.212    172.559
    87         -4  (cbar)             -62    82    82   160   160     0   525    -14.669     -2.917    559.662    559.864      1.400
    88         21  (g)                -62    70    70   157   157   514   528     12.282      0.002    297.424    297.677      0.000
    89         21  (g)                -62    72    72   155   155   516   519      3.826     -4.257     31.373     31.891      0.000
    90         21  (g)                -62    67    67   193   193   517   527     -2.011      0.425     -8.479      8.725      0.000
    91         21  (g)                -62    58    58   127   127   524   518     -0.735      0.108    -34.915     34.923      0.000
    92         21  (g)                -62    77    77   154   154   519   534      0.154     -2.815     11.645     11.982      0.000
    93         21  (g)                -62    69    69   191   191   512   520      0.859      1.488     -1.370      2.197      0.000
    94          4  (c)                -62    54    54   120   120   521     0     -0.820      0.331    261.040    261.046      1.500
    95         21  (g)                -62    66    66   130   130   513   523      0.275     -0.666     -2.506      2.607      0.000
    96         21  (g)                -62    64    64   128   128   526   524      1.685      2.286    -79.330     79.381      0.000
    97         21  (g)                -62    80    80   119     0   536   514      0.308     -0.103      8.735      8.741      0.000
    98         21  (g)                -62    65    65   129   129   523   526      0.990     -0.190    -50.750     50.760      0.000
    99         21  (g)                -62    68    68   192   192   527   512      0.307     -0.288     -0.337      0.540      0.000
   100         21  (g)                -62    71    71   156   156   528   516     -0.219     -0.166      6.219      6.225      0.000
   101         21  (g)                -62    78    78   153   153   534   511     -0.175     -2.438      5.781      6.276      0.000
   102         21  (g)                -62    81    81   159   159   525   531     -2.150     -1.017     90.680     90.712      0.000
   103         21  (g)                -61     1     0    73    73   529   529     -0.073      0.085    326.986    326.986      0.000
   104         21  (g)                -61     2     0    74    74   530   530     -0.012     -0.067      0.212      0.222      0.000
   105         21  (g)                -62    75    75   119     0   531   536      0.773     -0.386     41.199     41.208      0.000
   106         21  (g)                -62    76    76   121   121   532   521     -0.858      0.404    285.999    286.000      0.000
   107       2203  (uu_1)             -63     1     0   122   122     0   532     -0.818     -0.108   3779.841   3779.841      0.771
   108          1  (d)                -63     1     0   190   190   520     0     -0.305      0.192   1081.711   1081.711      0.330
   109          2  (u)                -63     2     0   126   126   518     0      1.602     -0.576  -2233.721   2233.722      0.330
   110       2101  (ud_0)             -63     2     0   194   194     0   517      1.800     -0.358  -2685.166   2685.167      0.579
   111          5  (b)                -23    85     0   152   152   511     0   -123.307    -72.330   -440.873    463.497      4.920
   112         24  (W+)               -22    85     0   115   116     0     0      4.329    -10.470   -299.154    310.096     80.858
   113         -5  (bbar)             -23    86     0   131   131     0   513     87.549     63.665   -190.456    219.125      4.920
   114        -24  (W-)               -22    86     0   117   118     0     0     29.328     30.182   -434.254    446.087     92.983
   115        -11  e+                  23   112     0     0     0     0     0    -30.934    -27.500   -178.932    183.657      0.001
   116         12  nu_e                23   112     0     0     0     0     0     35.263     17.030   -120.222    126.439      0.000
   117         15  (tau-)             -23   114     0   259   261     0     0    -24.535     24.468   -288.771    290.848      1.777
   118        -16  nu_taubar           23   114     0     0     0     0     0     53.863      5.715   -145.483    155.239      0.000
   119         21  (g)                -73    97   105   158   158   531   514      1.081     -0.489     49.934     49.950      0.316
   120          4  (c)                -71    94    94   123   125   521     0     -0.820      0.331    261.040    261.046      1.500
   121         21  (g)                -71   106   106   123   125   532   521     -0.858      0.404    285.999    286.000      0.000
   122       2203  (uu_1)             -71   107   107   123   125     0   532     -0.818     -0.108   3779.841   3779.841      0.771
   123        413  (D*+)              -83   120   122   262   263     0     0     -1.063      0.432    446.310    446.316      2.010
   124       2114  (Delta0)           -83   120   122   217   218     0     0     -1.059      0.361   1088.949   1088.951      1.431
   125        211  pi+                 84   120   122     0     0     0     0     -0.375     -0.166   2791.620   2791.620      0.140
   126          2  (u)                -71   109   109   132   151   518     0      1.602     -0.576  -2233.721   2233.722      0.330
   127         21  (g)                -71    91    91   132   151   524   518     -0.735      0.108    -34.915     34.923      0.000
   128         21  (g)                -71    96    96   132   151   526   524      1.685      2.286    -79.330     79.381      0.000
   129         21  (g)                -71    98    98   132   151   523   526      0.990     -0.190    -50.750     50.760      0.000
   130         21  (g)                -71    95    95   132   151   513   523      0.275     -0.666     -2.506      2.607      0.000
   131         -5  (bbar)             -71   113   113   132   151     0   513     87.549     63.665   -190.456    219.125      4.920
   132        113  (rho0)             -83   126   131   219   220     0     0      0.838     -0.472  -1066.556   1066.557      0.823
   133        111  (pi0)              -83   126   131   264   265     0     0      0.295     -0.127   -221.916    221.916      0.135
   134        111  (pi0)              -83   126   131   266   267     0     0     -0.088     -0.066   -191.983    191.983      0.135
   135        223  (omega)            -83   126   131   268   270     0     0     -0.078      0.284   -531.436    531.437      0.779
   136        213  (rho+)             -83   126   131   221   222     0     0      0.330      0.272    -74.731     74.736      0.712
   137       -211  pi-                 83   126   131     0     0     0     0     -0.505     -0.099    -44.635     44.639      0.140
   138        211  pi+                 83   126   131     0     0     0     0      0.926      0.947   -136.144    136.150      0.140
   139       -211  pi-                 83   126   131     0     0     0     0      0.284     -0.468    -11.120     11.135      0.140
   140        213  (rho+)             -84   126   131   223   224     0     0     -0.199      0.516    -52.575     52.583      0.789
   141       -211  pi-                 84   126   131     0     0     0     0      1.211      0.356    -31.829     31.854      0.140
   142        211  pi+                 84   126   131     0     0     0     0      0.327      0.461     -5.942      5.970      0.140
   143        111  (pi0)              -84   126   131   271   272     0     0      0.196     -0.455    -17.918     17.925      0.135
   144       2112  n0                  84   126   131     0     0     0     0      0.034      0.416     -9.428      9.484      0.940
   145        211  pi+                 84   126   131     0     0     0     0      0.530     -0.339     -4.320      4.368      0.140
   146      -2224  (Deltabar--)       -84   126   131   225   226     0     0      1.840      1.311     -4.710      5.361      1.204
   147        211  pi+                 84   126   131     0     0     0     0      0.502      0.486     -1.272      1.458      0.140
   148       -213  (rho-)             -84   126   131   227   228     0     0      4.202      2.730     -8.557      9.946      0.781
   149        111  (pi0)              -84   126   131   273   274     0     0      3.508      2.811     -8.131      9.292      0.135
   150        213  (rho+)             -84   126   131   229   230     0     0     10.704      7.431    -23.057     26.501      0.939
   151        513  (B*0)              -84   126   131   275   276     0     0     66.509     48.633   -145.416    167.221      5.325
   152          5  (b)                -71   111   111   161   189   511     0   -123.307    -72.330   -440.873    463.497      4.920
   153         21  (g)                -71   101   101   161   189   534   511     -0.175     -2.438      5.781      6.276      0.000
   154         21  (g)                -71    92    92   161   189   519   534      0.154     -2.815     11.645     11.982      0.000
   155         21  (g)                -71    89    89   161   189   516   519      3.826     -4.257     31.373     31.891      0.000
   156         21  (g)                -71   100   100   161   189   528   516     -0.219     -0.166      6.219      6.225      0.000
   157         21  (g)                -71    88    88   161   189   514   528     12.282      0.002    297.424    297.677      0.000
   158         21  (g)                -71   119   119   161   189   531   514      1.081     -0.489     49.934     49.950      0.316
   159         21  (g)                -71   102   102   161   189   525   531     -2.150     -1.017     90.680     90.712      0.000
   160         -4  (cbar)             -71    87    87   161   189     0   525    -14.669     -2.917    559.662    559.864      1.400
   161       -523  (B*-)              -83   152   160   277   278     0     0   -117.186    -68.636   -418.754    440.258      5.325
   162        211  pi+                 83   152   160     0     0     0     0     -2.405     -1.638     -8.887      9.352      0.140
   163        313  (K*0)              -83   152   160   231   232     0     0     -3.136     -1.632    -10.637     11.249      0.945
   164       -321  K-                  83   152   160     0     0     0     0     -0.175     -0.789     -1.857      2.084      0.494
   165        223  (omega)            -83   152   160   279   281     0     0     -0.264     -0.117      0.582      1.015      0.779
   166        211  pi+                 83   152   160     0     0     0     0      0.153      0.111      0.141      0.274      0.140
   167        111  (pi0)              -83   152   160   282   283     0     0     -0.221     -0.293      0.143      0.416      0.135
   168        311  (K0)               -83   152   160   233   233     0     0      0.171     -0.390      0.626      0.906      0.498
   169       -323  (K*-)              -83   152   160   234   235     0     0     -0.321     -0.494      3.869      4.014      0.893
   170        213  (rho+)             -83   152   160   236   237     0     0      0.168     -0.848      1.401      1.819      0.774
   171        223  (omega)            -83   152   160   284   286     0     0      0.296     -1.635      7.795      8.007      0.764
   172        221  (eta)              -83   152   160   287   289     0     0      0.019     -1.289      3.977      4.216      0.548
   173       -211  pi-                 83   152   160     0     0     0     0     -0.316     -0.568      4.359      4.410      0.140
   174       2212  p+                  84   152   160     0     0     0     0      1.920     -2.130     22.311     22.514      0.938
   175      -2112  nbar0               84   152   160     0     0     0     0      1.663     -1.154     12.442     12.640      0.940
   176        111  (pi0)              -84   152   160   290   291     0     0      0.074     -0.223      6.771      6.776      0.135
   177        113  (rho0)             -84   152   160   238   239     0     0      0.305     -0.347     24.052     24.068      0.730
   178       -211  pi-                 84   152   160     0     0     0     0      3.839     -0.350     61.234     61.356      0.140
   179        211  pi+                 84   152   160     0     0     0     0      0.323      0.172      9.234      9.242      0.140
   180       -211  pi-                 84   152   160     0     0     0     0      0.850      0.299     20.790     20.810      0.140
   181        213  (rho+)             -84   152   160   240   241     0     0      0.884     -0.326     32.542     32.562      0.667
   182        113  (rho0)             -84   152   160   242   243     0     0      3.209     -0.109     78.421     78.490      0.667
   183        111  (pi0)              -84   152   160   292   293     0     0      2.128      0.662     61.681     61.722      0.135
   184        111  (pi0)              -84   152   160   294   295     0     0      0.090     -0.329      7.969      7.978      0.135
   185       -211  pi-                 84   152   160     0     0     0     0      0.776     -0.579     32.670     32.684      0.140
   186        111  (pi0)              -84   152   160   296   297     0     0     -0.341     -0.151      5.116      5.131      0.135
   187        211  pi+                 84   152   160     0     0     0     0     -0.391     -0.078     44.170     44.172      0.140
   188       -213  (rho-)             -84   152   160   244   245     0     0     -0.629     -0.556     32.000     32.026      0.994
   189       -421  (Dbar0)            -84   152   160   298   302     0     0    -14.660     -3.008    577.684    577.881      1.865
   190          1  (d)                -71   108   108   195   216   520     0     -0.305      0.192   1081.711   1081.711      0.330
   191         21  (g)                -71    93    93   195   216   512   520      0.859      1.488     -1.370      2.197      0.000
   192         21  (g)                -71    99    99   195   216   527   512      0.307     -0.288     -0.337      0.540      0.000
   193         21  (g)                -71    90    90   195   216   517   527     -2.011      0.425     -8.479      8.725      0.000
   194       2101  (ud_0)             -71   110   110   195   216     0   517      1.800     -0.358  -2685.166   2685.167      0.579
   195       -211  pi-                 83   190   194     0     0     0     0     -0.343     -0.157    688.993    688.993      0.140
   196        211  pi+                 83   190   194     0     0     0     0      0.358      0.560    124.590    124.592      0.140
   197        311  (K0)               -83   190   194   246   246     0     0     -0.524     -0.249    190.905    190.906      0.498
   198       -321  K-                  83   190   194     0     0     0     0     -0.451     -0.189      7.795      7.826      0.494
   199        223  (omega)            -83   190   194   303   305     0     0      1.046      0.599     60.152     60.169      0.776
   200        111  (pi0)              -83   190   194   306   307     0     0     -0.545     -0.744      4.411      4.508      0.135
   201        111  (pi0)              -83   190   194   308   309     0     0     -0.021      0.101      2.684      2.689      0.135
   202        221  (eta)              -83   190   194   310   312     0     0      0.329      0.239      0.888      1.120      0.548
   203        211  pi+                 83   190   194     0     0     0     0      0.096      0.112      0.296      0.359      0.140
   204        111  (pi0)              -83   190   194   313   314     0     0     -0.285     -0.042      0.536      0.623      0.135
   205        223  (omega)            -84   190   194   315   317     0     0     -0.169      0.570     -0.783      1.256      0.781
   206        111  (pi0)              -84   190   194   318   319     0     0      1.146      0.843     -1.437      2.027      0.135
   207       -211  pi-                 84   190   194     0     0     0     0     -0.722      0.343     -0.656      1.044      0.140
   208        213  (rho+)             -84   190   194   247   248     0     0     -0.111     -0.698    -15.786     15.868      1.443
   209       1114  (Delta-)           -84   190   194   249   250     0     0     -0.727      0.164    -12.484     12.556      1.119
   210        113  (rho0)             -84   190   194   251   252     0     0     -0.249      0.379     -9.398      9.444      0.811
   211      -1114  (Deltabar+)        -84   190   194   253   254     0     0      0.143     -0.097   -117.847    117.853      1.226
   212       -211  pi-                 84   190   194     0     0     0     0     -0.060     -0.476    -43.250     43.253      0.140
   213        213  (rho+)             -84   190   194   255   256     0     0     -0.144      0.470   -103.098    103.102      0.798
   214        111  (pi0)              -84   190   194   320   321     0     0      0.516      0.220   -105.523    105.525      0.135
   215       -211  pi-                 84   190   194     0     0     0     0     -0.222     -0.290   -272.815    272.815      0.140
   216       2212  p+                  84   190   194     0     0     0     0      1.591     -0.197  -2011.812   2011.813      0.938
   217       2112  n0                  91   124     0     0     0     0     0     -1.149      0.534    965.108    965.109      0.940
   218        111  (pi0)              -91   124     0   322   323     0     0      0.090     -0.173    123.842    123.842      0.135
   219        211  pi+                 91   132     0     0     0     0     0      0.266     -0.376   -769.970    769.970      0.140
   220       -211  pi-                 91   132     0     0     0     0     0      0.573     -0.096   -296.586    296.587      0.140
   221        211  pi+                 91   136     0     0     0     0     0      0.142     -0.168    -12.888     12.891      0.140
   222        111  (pi0)              -91   136     0   324   326     0     0      0.189      0.440    -61.843     61.845      0.135
   223        211  pi+                 91   140     0     0     0     0     0      0.055     -0.105     -4.218      4.222      0.140
   224        111  (pi0)              -91   140     0   327   328     0     0     -0.254      0.621    -48.357     48.361      0.135
   225      -2212  pbar-               91   146     0     0     0     0     0      1.390      0.860     -3.165      3.684      0.938
   226       -211  pi-                 91   146     0     0     0     0     0      0.449      0.451     -1.545      1.677      0.140
   227       -211  pi-                 91   148     0     0     0     0     0      2.648      1.746     -6.077      6.857      0.140
   228        111  (pi0)              -91   148     0   329   330     0     0      1.553      0.984     -2.479      3.090      0.135
   229        211  pi+                 91   150     0     0     0     0     0      0.243      0.230     -0.583      0.686      0.140
   230        111  (pi0)              -91   150     0   331   332     0     0     10.461      7.201    -22.475     25.815      0.135
   231        311  (K0)               -91   163     0   257   257     0     0     -2.183     -0.811     -6.486      6.909      0.498
   232        111  (pi0)              -91   163     0   333   334     0     0     -0.953     -0.822     -4.151      4.339      0.135
   233        130  K_L0                91   168   168     0     0     0     0      0.171     -0.390      0.626      0.906      0.498
   234       -311  (Kbar0)            -91   169     0   258   258     0     0     -0.354     -0.328      1.725      1.859      0.498
   235       -211  pi-                 91   169     0     0     0     0     0      0.033     -0.167      2.144      2.156      0.140
   236        211  pi+                 91   170     0     0     0     0     0     -0.038     -0.344      1.142      1.201      0.140
   237        111  (pi0)              -91   170     0   335   336     0     0      0.207     -0.503      0.259      0.618      0.135
   238        211  pi+                 91   177     0     0     0     0     0      0.025     -0.250      3.182      3.195      0.140
   239       -211  pi-                 91   177     0     0     0     0     0      0.280     -0.097     20.870     20.873      0.140
   240        211  pi+                 91   181     0     0     0     0     0      0.533     -0.478     17.872     17.887      0.140
   241        111  (pi0)              -91   181     0   337   338     0     0      0.351      0.151     14.670     14.676      0.135
   242        211  pi+                 91   182     0     0     0     0     0      1.633      0.246     40.325     40.359      0.140
   243       -211  pi-                 91   182     0     0     0     0     0      1.576     -0.356     38.096     38.131      0.140
   244       -211  pi-                 91   188     0     0     0     0     0      0.232     -0.007      6.760      6.765      0.140
   245        111  (pi0)              -91   188     0   339   340     0     0     -0.862     -0.549     25.240     25.261      0.135
   246        130  K_L0                91   197   197     0     0     0     0     -0.524     -0.249    190.905    190.906      0.498
   247        211  pi+                 91   208     0     0     0     0     0     -0.086     -0.382    -15.042     15.047      0.140
   248        111  (pi0)              -91   208     0   341   342     0     0     -0.025     -0.316     -0.745      0.821      0.135
   249       2112  n0                  91   209     0     0     0     0     0     -0.515      0.094    -10.440     10.495      0.940
   250       -211  pi-                 91   209     0     0     0     0     0     -0.212      0.071     -2.044      2.061      0.140
   251        211  pi+                 91   210     0     0     0     0     0      0.231      0.286     -5.260      5.275      0.140
   252       -211  pi-                 91   210     0     0     0     0     0     -0.480      0.093     -4.137      4.169      0.140
   253      -2112  nbar0               91   211     0     0     0     0     0     -0.045     -0.208    -99.771     99.776      0.940
   254        211  pi+                 91   211     0     0     0     0     0      0.188      0.111    -18.075     18.077      0.140
   255        211  pi+                 91   213     0     0     0     0     0      0.270      0.358    -62.443     62.444      0.140
   256        111  (pi0)              -91   213     0   343   344     0     0     -0.415      0.111    -40.655     40.658      0.135
   257        310  (K_S0)             -91   231   231   345   346     0     0     -2.183     -0.811     -6.486      6.909      0.498
   258        130  K_L0                91   234   234     0     0     0     0     -0.354     -0.328      1.725      1.859      0.498
   259         16  nu_tau              91   117     0     0     0     0     0     -6.970      7.932    -88.801     89.427      0.000
   260        111  (pi0)              -91   117     0   347   348     0     0     -4.362      3.715    -46.973     47.322      0.135
   261       -211  pi-                 91   117     0     0     0     0     0    -13.202     12.820   -152.996    154.099      0.140
   262        421  (D0)               -91   123     0   349   351     0     0     -0.943      0.388    409.423    409.429      1.865
   263        211  pi+                 91   123     0     0     0     0     0     -0.120      0.044     36.887     36.888      0.140
   264         22  gamma               91   133     0     0     0     0     0      0.217     -0.115   -124.558    124.559      0.000
   265         22  gamma               91   133     0     0     0     0     0      0.078     -0.013    -97.357     97.357      0.000
   266         22  gamma               91   134     0     0     0     0     0     -0.089     -0.029    -59.210     59.210      0.000
   267         22  gamma               91   134     0     0     0     0     0      0.001     -0.037   -132.773    132.773      0.000
   268        211  pi+                 91   135     0     0     0     0     0     -0.298      0.243   -203.010    203.011      0.140
   269       -211  pi-                 91   135     0     0     0     0     0      0.105      0.110   -169.092    169.092      0.140
   270        111  (pi0)              -91   135     0   352   353     0     0      0.115     -0.069   -159.334    159.334      0.135
   271         22  gamma               91   143     0     0     0     0     0      0.150     -0.397    -13.313     13.320      0.000
   272         22  gamma               91   143     0     0     0     0     0      0.046     -0.058     -4.605      4.605      0.000
   273         22  gamma               91   149     0     0     0     0     0      1.676      1.256     -3.787      4.328      0.000
   274         22  gamma               91   149     0     0     0     0     0      1.832      1.554     -4.344      4.964      0.000
   275        511  (B0)               -91   151     0   354   356     0     0     66.023     48.298   -144.458    166.095      5.280
   276         22  gamma               91   151     0     0     0     0     0      0.486      0.336     -0.958      1.125      0.000
   277       -521  (B-)               -91   161     0   357   358     0     0   -116.682    -68.373   -417.091    438.500      5.279
   278         22  gamma               91   161     0     0     0     0     0     -0.504     -0.262     -1.663      1.758      0.000
   279        211  pi+                 91   165     0     0     0     0     0     -0.327     -0.205      0.371      0.553      0.140
   280       -211  pi-                 91   165     0     0     0     0     0      0.009      0.122     -0.020      0.187      0.140
   281        111  (pi0)              -91   165     0   359   360     0     0      0.053     -0.033      0.231      0.275      0.135
   282         22  gamma               91   167     0     0     0     0     0      0.007     -0.076      0.030      0.082      0.000
   283         22  gamma               91   167     0     0     0     0     0     -0.228     -0.217      0.113      0.334      0.000
   284        211  pi+                 91   171     0     0     0     0     0      0.170     -0.260      1.033      1.088      0.140
   285       -211  pi-                 91   171     0     0     0     0     0      0.015     -0.105      1.089      1.103      0.140
   286        111  (pi0)              -91   171     0   361   362     0     0      0.112     -1.269      5.673      5.816      0.135
   287        111  (pi0)              -91   172     0   363   364     0     0     -0.001     -0.898      2.610      2.763      0.135
   288        111  (pi0)              -91   172     0   365   366     0     0     -0.011     -0.288      0.940      0.992      0.135
   289        111  (pi0)              -91   172     0   367   368     0     0      0.030     -0.102      0.427      0.460      0.135
   290         22  gamma               91   176     0     0     0     0     0     -0.001      0.018      0.305      0.306      0.000
   291         22  gamma               91   176     0     0     0     0     0      0.075     -0.240      6.466      6.470      0.000
   292         22  gamma               91   183     0     0     0     0     0      0.072      0.028      2.913      2.914      0.000
   293         22  gamma               91   183     0     0     0     0     0      2.056      0.634     58.769     58.808      0.000
   294         22  gamma               91   184     0     0     0     0     0     -0.032     -0.032      0.807      0.808      0.000
   295         22  gamma               91   184     0     0     0     0     0      0.121     -0.297      7.162      7.170      0.000
   296         22  gamma               91   186     0     0     0     0     0     -0.276     -0.152      3.536      3.550      0.000
   297         22  gamma               91   186     0     0     0     0     0     -0.065      0.001      1.580      1.582      0.000
   298       -311  (Kbar0)            -91   189     0   369   369     0     0     -4.855     -1.081    187.045    187.112      0.498
   299       -211  pi-                 91   189     0     0     0     0     0     -2.961     -0.969    121.941    121.981      0.140
   300        211  pi+                 91   189     0     0     0     0     0     -0.355      0.062     15.226     15.231      0.140
   301        111  (pi0)              -91   189     0   370   371     0     0     -3.778     -0.556    146.001    146.051      0.135
   302        111  (pi0)              -91   189     0   372   373     0     0     -2.712     -0.464    107.471    107.506      0.135
   303        211  pi+                 91   199     0     0     0     0     0      0.116      0.031     17.288     17.289      0.140
   304       -211  pi-                 91   199     0     0     0     0     0      0.463      0.475     23.590     23.600      0.140
   305        111  (pi0)              -91   199     0   374   375     0     0      0.468      0.092     19.274     19.281      0.135
   306         22  gamma               91   200     0     0     0     0     0     -0.394     -0.573      3.039      3.118      0.000
   307         22  gamma               91   200     0     0     0     0     0     -0.151     -0.170      1.372      1.391      0.000
   308         22  gamma               91   201     0     0     0     0     0      0.035      0.055      2.083      2.084      0.000
   309         22  gamma               91   201     0     0     0     0     0     -0.056      0.046      0.601      0.605      0.000
   310        211  pi+                 91   202     0     0     0     0     0     -0.016      0.129      0.186      0.266      0.140
   311       -211  pi-                 91   202     0     0     0     0     0      0.121     -0.031      0.296      0.351      0.140
   312        111  (pi0)              -91   202     0   376   377     0     0      0.224      0.141      0.406      0.503      0.135
   313         22  gamma               91   204     0     0     0     0     0     -0.253     -0.069      0.511      0.574      0.000
   314         22  gamma               91   204     0     0     0     0     0     -0.032      0.027      0.025      0.049      0.000
   315        211  pi+                 91   205     0     0     0     0     0     -0.110      0.028      0.008      0.180      0.140
   316       -211  pi-                 91   205     0     0     0     0     0     -0.058      0.009     -0.310      0.345      0.140
   317        111  (pi0)              -91   205     0   378   379     0     0     -0.001      0.533     -0.481      0.731      0.135
   318         22  gamma               91   206     0     0     0     0     0      0.473      0.368     -0.514      0.789      0.000
   319         22  gamma               91   206     0     0     0     0     0      0.673      0.475     -0.923      1.237      0.000
   320         22  gamma               91   214     0     0     0     0     0      0.140     -0.002    -27.339     27.340      0.000
   321         22  gamma               91   214     0     0     0     0     0      0.376      0.222    -78.184     78.185      0.000
   322         22  gamma               91   218     0     0     0     0     0      0.068     -0.181     85.363     85.363      0.000
   323         22  gamma               91   218     0     0     0     0     0      0.022      0.008     38.478     38.478      0.000
   324         22  gamma               91   222     0     0     0     0     0      0.117      0.267    -45.320     45.321      0.000
   325         11  e-                  91   222     0     0     0     0     0      0.033      0.092     -8.675      8.676      0.001
   326        -11  e+                  91   222     0     0     0     0     0      0.038      0.080     -7.848      7.848      0.001
   327         22  gamma               91   224     0     0     0     0     0     -0.118      0.387    -32.659     32.662      0.000
   328         22  gamma               91   224     0     0     0     0     0     -0.137      0.234    -15.697     15.699      0.000
   329         22  gamma               91   228     0     0     0     0     0      1.041      0.665     -1.557      1.987      0.000
   330         22  gamma               91   228     0     0     0     0     0      0.513      0.319     -0.923      1.103      0.000
   331         22  gamma               91   230     0     0     0     0     0      5.253      3.568    -11.127     12.812      0.000
   332         22  gamma               91   230     0     0     0     0     0      5.207      3.634    -11.347     13.003      0.000
   333         22  gamma               91   232     0     0     0     0     0     -0.206     -0.111     -0.816      0.849      0.000
   334         22  gamma               91   232     0     0     0     0     0     -0.747     -0.711     -3.335      3.490      0.000
   335         22  gamma               91   237     0     0     0     0     0      0.056     -0.034      0.014      0.067      0.000
   336         22  gamma               91   237     0     0     0     0     0      0.151     -0.470      0.246      0.551      0.000
   337         22  gamma               91   241     0     0     0     0     0      0.254      0.164     12.012     12.015      0.000
   338         22  gamma               91   241     0     0     0     0     0      0.097     -0.012      2.658      2.660      0.000
   339         22  gamma               91   245     0     0     0     0     0     -0.210     -0.205      6.974      6.980      0.000
   340         22  gamma               91   245     0     0     0     0     0     -0.651     -0.344     18.266     18.281      0.000
   341         22  gamma               91   248     0     0     0     0     0      0.038     -0.190     -0.525      0.560      0.000
   342         22  gamma               91   248     0     0     0     0     0     -0.063     -0.126     -0.220      0.261      0.000
   343         22  gamma               91   256     0     0     0     0     0     -0.283      0.048    -31.712     31.714      0.000
   344         22  gamma               91   256     0     0     0     0     0     -0.132      0.063     -8.943      8.944      0.000
   345        211  pi+                 91   257     0     0     0     0     0     -1.199     -0.565     -3.167      3.436      0.140
   346       -211  pi-                 91   257     0     0     0     0     0     -0.984     -0.246     -3.319      3.474      0.140
   347         22  gamma               91   260     0     0     0     0     0     -0.353      0.336     -4.214      4.242      0.000
   348         22  gamma               91   260     0     0     0     0     0     -4.010      3.379    -42.759     43.079      0.000
   349       -313  (K*bar0)           -91   262     0   380   381     0     0     -0.186      0.168    247.429    247.431      0.889
   350        111  (pi0)              -91   262     0   382   383     0     0     -0.788     -0.053    112.448    112.451      0.135
   351        111  (pi0)              -91   262     0   384   385     0     0      0.031      0.272     49.546     49.546      0.135
   352         22  gamma               91   270     0     0     0     0     0      0.029     -0.095    -90.137     90.137      0.000
   353         22  gamma               91   270     0     0     0     0     0      0.086      0.026    -69.197     69.198      0.000
   354         14  nu_mu               91   275     0     0     0     0     0     12.978     11.129    -30.305     34.795      0.000
   355        -13  mu+                 91   275     0     0     0     0     0     22.976     14.734    -46.802     54.180      0.106
   356       -413  (D*-)              -91   275     0   386   387     0     0     30.068     22.435    -67.351     77.121      2.010
   357     -20213  (a_1(1260)-)       -91   277     0   388   389     0     0    -88.163    -52.718   -318.324    334.493      1.967
   358        423  (D*0)              -91   277     0   390   391     0     0    -28.519    -15.656    -98.767    104.007      2.007
   359         22  gamma               91   281     0     0     0     0     0     -0.029     -0.032      0.019      0.047      0.000
   360         22  gamma               91   281     0     0     0     0     0      0.082     -0.001      0.213      0.228      0.000
   361         22  gamma               91   286     0     0     0     0     0      0.133     -0.815      3.759      3.848      0.000
   362         22  gamma               91   286     0     0     0     0     0     -0.021     -0.454      1.914      1.968      0.000
   363         22  gamma               91   287     0     0     0     0     0     -0.062     -0.619      1.765      1.871      0.000
   364         22  gamma               91   287     0     0     0     0     0      0.062     -0.279      0.845      0.892      0.000
   365         22  gamma               91   288     0     0     0     0     0     -0.035     -0.230      0.859      0.890      0.000
   366         22  gamma               91   288     0     0     0     0     0      0.024     -0.058      0.081      0.103      0.000
   367         22  gamma               91   289     0     0     0     0     0     -0.048     -0.033      0.089      0.107      0.000
   368         22  gamma               91   289     0     0     0     0     0      0.079     -0.069      0.338      0.354      0.000
   369        310  K_S0                91   298   298     0     0     0     0     -4.855     -1.081    187.045    187.112      0.498
   370         22  gamma               91   301     0     0     0     0     0     -0.406     -0.021     16.174     16.179      0.000
   371         22  gamma               91   301     0     0     0     0     0     -3.373     -0.535    129.828    129.872      0.000
   372         22  gamma               91   302     0     0     0     0     0     -2.571     -0.414    102.205    102.238      0.000
   373         22  gamma               91   302     0     0     0     0     0     -0.141     -0.051      5.266      5.268      0.000
   374         22  gamma               91   305     0     0     0     0     0      0.442      0.053     16.638     16.644      0.000
   375         22  gamma               91   305     0     0     0     0     0      0.026      0.040      2.636      2.636      0.000
   376         22  gamma               91   312     0     0     0     0     0      0.200      0.056      0.304      0.369      0.000
   377         22  gamma               91   312     0     0     0     0     0      0.024      0.085      0.102      0.134      0.000
   378         22  gamma               91   317     0     0     0     0     0      0.022      0.327     -0.374      0.497      0.000
   379         22  gamma               91   317     0     0     0     0     0     -0.024      0.207     -0.108      0.234      0.000
   380       -321  K-                  91   349     0     0     0     0     0      0.127     -0.038    158.542    158.543      0.494
   381        211  pi+                 91   349     0     0     0     0     0     -0.313      0.206     88.887     88.888      0.140
   382         22  gamma               91   350     0     0     0     0     0     -0.550     -0.084     72.728     72.730      0.000
   383         22  gamma               91   350     0     0     0     0     0     -0.237      0.031     39.721     39.721      0.000
   384         22  gamma               91   351     0     0     0     0     0     -0.036      0.015      5.275      5.275      0.000
   385         22  gamma               91   351     0     0     0     0     0      0.067      0.256     44.271     44.272      0.000
   386       -411  (D-)               -91   356     0   392   394     0     0     27.507     20.528    -61.668     70.601      1.870
   387        111  (pi0)              -91   356     0   395   396     0     0      2.561      1.907     -5.683      6.520      0.135
   388       -321  K-                  91   357     0     0     0     0     0    -41.205    -24.090   -149.231    156.679      0.494
   389        313  (K*0)              -91   357     0   397   398     0     0    -46.958    -28.628   -169.093    177.815      0.974
   390        421  (D0)               -91   358     0   399   401     0     0    -25.551    -14.144    -88.481     93.195      1.865
   391         22  gamma               91   358     0     0     0     0     0     -2.967     -1.512    -10.286     10.812      0.000
   392         13  mu-                 91   386     0     0     0     0     0      0.920      0.764     -2.499      2.773      0.106
   393        -14  nu_mubar            91   386     0     0     0     0     0     10.033      7.207    -21.221     24.555      0.000
   394        313  (K*0)              -91   386     0   402   403     0     0     16.555     12.556    -37.948     43.274      0.920
   395         22  gamma               91   387     0     0     0     0     0      0.550      0.345     -1.188      1.354      0.000
   396         22  gamma               91   387     0     0     0     0     0      2.011      1.562     -4.495      5.166      0.000
   397        321  K+                  91   389     0     0     0     0     0    -34.049    -20.857   -123.789    130.070      0.494
   398       -211  pi-                 91   389     0     0     0     0     0    -12.909     -7.771    -45.304     47.744      0.140
   399       -321  K-                  91   390     0     0     0     0     0     -5.515     -2.869    -19.388     20.366      0.494
   400        223  (omega)            -91   390     0   404   406     0     0    -18.093     -9.998    -62.699     66.023      0.787
   401        211  pi+                 91   390     0     0     0     0     0     -1.944     -1.277     -6.395      6.806      0.140
   402        321  K+                  91   394     0     0     0     0     0     13.535     10.516    -31.609     35.960      0.494
   403       -211  pi-                 91   394     0     0     0     0     0      3.020      2.040     -6.339      7.314      0.140
   404        211  pi+                 91   400     0     0     0     0     0    -12.744     -7.050    -43.798     46.157      0.140
   405       -211  pi-                 91   400     0     0     0     0     0     -3.421     -1.737    -11.976     12.576      0.140
   406        111  (pi0)              -91   400     0   407   408     0     0     -1.928     -1.211     -6.924      7.290      0.135
   407         22  gamma               91   406     0     0     0     0     0     -1.903     -1.185     -6.854      7.211      0.000
   408         22  gamma               91   406     0     0     0     0     0     -0.025     -0.026     -0.070      0.079      0.000
                                   Charge sum:  2.000           Momentum sum:     -0.000      0.000      0.000  13000.000  13000.000

 --------  End PYTHIA Event Listing  -----------------------------------------------------------------------------------------------
#--------------------------------------------------------------------------
#                     FastJet release 3.4.0 [fjcore]
#                 M. Cacciari, G.P. Salam and G. Soyez                  
#     A software package for jet finding and analysis at colliders      
#                           http://fastjet.fr                           
#	                                                                      
# Please cite EPJC72(2012)1896 [arXiv:1111.6097] if you use this package
# for scientific work and optionally PLB641(2006)57 [hep-ph/0512210].   
#                                                                       
# FastJet is provided without warranty under the GNU GPL v2 or higher.  
# It uses T. Chan's closest pair algorithm, S. Fortune's Voronoi code
# and 3rd party plugin jet algorithms. See COPYING file for details.
#--------------------------------------------------------------------------
 PYTHIA Warning in SimpleSpaceShower::pT2nextQCD: weight above unity  
 PYTHIA Warning in SimpleTimeShower::pTnext: negative dipole mass.  
 PYTHIA Warning in SimpleTimeShower::findMEcorr: ME weight above PS one  
 PYTHIA Warning in SimpleSpaceShower::pT2nextQCD: small daughter PDF  
 PYTHIA Warning in StringFragmentation::fragmentToJunction: bad convergence junction rest frame  
 PYTHIA Warning in ColConfig::collect: negative-energy parton encountered  
 PYTHIA Error in StringFragmentation::fragment: stuck in joining  
 PYTHIA Error in Pythia::next: hadronLevel failed; try again  
 PYTHIA Error in Pythia::check: unmatched particle energy/momentum/mass  
 PYTHIA Error in Pythia::next: check of event revealed problems  

 Pythia::next(): 1000 events have been generated 
 PYTHIA Error in BeamRemnants::setKinematics: kinematics construction failed  
 PYTHIA Warning in TauDecays::decay: maximum decay weight exceeded in tau decay  

 Pythia::next(): 2000 events have been generated 

 Pythia::next(): 3000 events have been generated 
 PYTHIA Error in SimpleSpaceShower::pT2nearThreshold: stuck in loop  

 Pythia::next(): 4000 events have been generated 

 Pythia::next(): 5000 events have been generated 

 Pythia::next(): 6000 events have been generated 
 PYTHIA Warning in MultipartonInteractions::pTnext: weight above unity  

 Pythia::next(): 7000 events have been generated 

 Pythia::next(): 8000 events have been generated 
 PYTHIA Warning in Pythia::check: not quite matched particle energy/momentum/mass  

 Pythia::next(): 9000 events have been generated 
 PYTHIA Error in StringFragmentation::fragmentToJunction: caught in junction flavour loop  
 PYTHIA Error in SimpleSpaceShower::pT2nearThreshold: xPDF = 0  

 *-------  PYTHIA Event and Cross Section Statistics  -------------------------------------------------------------*
 |                                                                                                                 |
 | Subprocess                                    Code |            Number of events       |      sigma +- delta    |
 |                                                    |       Tried   Selected   Accepted |     (estimated) (mb)   |
 |                                                    |                                   |                        |
 |-----------------------------------------------------------------------------------------------------------------|
 |                                                    |                                   |                        |
 | Les Houches User Process(es)                  9999 |       10000      10000      10000 |   8.280e-08  0.000e+00 |
 |    ... whereof user classification code     322200 |       10000      10000      10000 |                        | 
 |                                                    |                                   |                        |
 | sum                                                |       10000      10000      10000 |   8.280e-08  0.000e+00 |
 |                                                                                                                 |
 *-------  End PYTHIA Event and Cross Section Statistics ----------------------------------------------------------*

 *-------  PYTHIA Error and Warning Messages Statistics  ----------------------------------------------------------* 
 |                                                                                                                 | 
 |  times   message                                                                                                | 
 |                                                                                                                 | 
 |     10   Error in BeamRemnants::setKinematics: kinematics construction failed                                   | 
 |      8   Error in Pythia::check: unmatched particle energy/momentum/mass                                        | 
 |      2   Error in Pythia::next: check of event revealed problems                                                | 
 |      7   Error in Pythia::next: hadronLevel failed; try again                                                   | 
 |      1   Error in SimpleSpaceShower::pT2nearThreshold: stuck in loop                                            | 
 |      9   Error in SimpleSpaceShower::pT2nearThreshold: xPDF = 0                                                 | 
 |      6   Error in StringFragmentation::fragment: stuck in joining                                               | 
 |      1   Error in StringFragmentation::fragmentToJunction: caught in junction flavour loop                      | 
 |      4   Warning in ColConfig::collect: negative-energy parton encountered                                      | 
 |      1   Warning in MultipartonInteractions::init: maximum increased                                            | 
 |      1   Warning in MultipartonInteractions::pTnext: weight above unity                                         | 
 |      1   Warning in Pythia::check: not quite matched particle energy/momentum/mass                              | 
 |   3895   Warning in SimpleSpaceShower::pT2nextQCD: small daughter PDF                                           | 
 |   3549   Warning in SimpleSpaceShower::pT2nextQCD: weight above unity                                           | 
 |     86   Warning in SimpleTimeShower::findMEcorr: ME weight above PS one                                        | 
 |     28   Warning in SimpleTimeShower::pTnext: negative dipole mass.                                             | 
 |     27   Warning in StringFragmentation::fragmentToJunction: bad convergence junction rest frame                | 
 |      1   Warning in TauDecays::decay: maximum decay weight exceeded in tau decay                                | 
 |      2   Warning in TimeShower::init: pTmin too low                                                             | 
 |                                                                                                                 | 
 *-------  End PYTHIA Error and Warning Messages Statistics  ------------------------------------------------------* 
Using LHE File: /nfs/dust/cms/user/amoroso/powheg/POWHEG-BOX-V2/ttJ_MiNNLOPS_v1.0_beta1/decay-ll/pwgevents-0271.lhe
less then 10000 events in LHE, using all LHE events
np.shape(P0) = (10000, 3, 9)
np.shape(nJets) = (10000, 2)
np.shape(jets_4vectors) = (10000, 20, 6)
