Configured CUDA from: /cvmfs/sft.cern.ch/lcg/releases/cuda/12.4-4899e/x86_64-el9-gcc11-opt

 *------------------------------------------------------------------------------------* 
 |                                                                                    | 
 |  *------------------------------------------------------------------------------*  | 
 |  |                                                                              |  | 
 |  |                                                                              |  | 
 |  |   PPP   Y   Y  TTTTT  H   H  III    A      Welcome to the Lund Monte Carlo!  |  | 
 |  |   P  P   Y Y     T    H   H   I    A A     This is PYTHIA version 8.309      |  | 
 |  |   PPP     Y      T    HHHHH   I   AAAAA    Last date of change: 16 Feb 2023  |  | 
 |  |   P       Y      T    H   H   I   A   A                                      |  | 
 |  |   P       Y      T    H   H  III  A   A    Now is 03 Sep 2024 at 15:24:25    |  | 
 |  |                                                                              |  | 
 |  |   Program documentation and an archive of historic versions is found on:     |  | 
 |  |                                                                              |  | 
 |  |                               https://pythia.org/                            |  | 
 |  |                                                                              |  | 
 |  |   PYTHIA is authored by a collaboration consisting of:                       |  | 
 |  |                                                                              |  | 
 |  |   Christian Bierlich, Nishita Desai, Leif Gellersen, Ilkka Helenius, Philip  |  | 
 |  |   Ilten, Leif Lonnblad, Stephen Mrenna, Stefan Prestel, Christian Preuss,    |  | 
 |  |   Torbjorn Sjostrand, Peter Skands, Marius Utheim and Rob Verheyen.          |  | 
 |  |                                                                              |  | 
 |  |   The complete list of authors, including contact information and            |  | 
 |  |   affiliations, can be found on https://pythia.org/.                         |  | 
 |  |   Problems or bugs should be reported on email at authors@pythia.org.        |  | 
 |  |                                                                              |  | 
 |  |   The main program reference is C. Bierlich et al,                           |  | 
 |  |   'A comprehensive guide to the physics and usage of Pythia 8.3',            |  | 
 |  |   SciPost Phys. Codebases 8-r8.3 (2022) [arXiv:2203.11601 [hep-ph]]          |  | 
 |  |                                                                              |  | 
 |  |   PYTHIA is released under the GNU General Public Licence version 2 or later.|  | 
 |  |   Please respect the MCnet Guidelines for Event Generator Authors and Users. |  | 
 |  |                                                                              |  | 
 |  |   Disclaimer: this program comes without any guarantees.                     |  | 
 |  |   Beware of errors and use common sense when interpreting results.           |  | 
 |  |                                                                              |  | 
 |  |   Copyright (C) 2023 Torbjorn Sjostrand                                      |  | 
 |  |                                                                              |  | 
 |  |                                                                              |  | 
 |  *------------------------------------------------------------------------------*  | 
 |                                                                                    | 
 *------------------------------------------------------------------------------------* 


 *-------  PYTHIA Process Initialization  --------------------------*
 |                                                                  |
 | We collide p+ with p+ at a CM energy of 1.300e+04 GeV            |
 |                                                                  |
 |------------------------------------------------------------------|
 |                                                    |             |
 | Subprocess                                    Code |   Estimated |
 |                                                    |    max (mb) |
 |                                                    |             |
 |------------------------------------------------------------------|
 |                                                    |             |
 | Les Houches User Process(es)                  9999 |   1.000e-09 |
 |                                                                  |
 *-------  End PYTHIA Process Initialization -----------------------*
 PYTHIA Warning in TimeShower::init: pTmin too low , raised to 0.611

 *-------  PYTHIA Multiparton Interactions Initialization  ---------* 
 |                                                                  | 
 |                   sigmaNonDiffractive =    55.51 mb              | 
 |                                                                  | 
 |    pT0 =  1.44 gives sigmaInteraction =   395.80 mb: accepted    | 
 |                                                                  | 
 *-------  End PYTHIA Multiparton Interactions Initialization  -----* 

 *-------  PYTHIA Flag + Mode + Parm + Word + FVec + MVec + PVec + WVec Settings (changes only)  ------------------* 
 |                                                                                                                 | 
 | Name                                          |                      Now |      Default         Min         Max | 
 |                                               |                          |                                      | 
 | Beams:frameType                               |                        4 |            1           1           5 | 
 | Beams:LHEF                                    | /nfs/dust/cms/user/amoroso/powheg/POWHEG-BOX-V2/ttJ_MiNNLOPS_v1.0_beta1/decay-ll/pwgevents-0645.lhe |         void | 
 | ColourReconnection:range                      |                  5.17600 |      1.80000         0.0    10.00000 | 
 | Main:timesAllowErrors                         |                      500 |           10           0             | 
 | MultipartonInteractions:alphaSorder           |                        2 |            1           0           3 | 
 | MultipartonInteractions:alphaSvalue           |                  0.11800 |      0.13000   0.0600000     0.25000 | 
 | MultipartonInteractions:bProfile              |                        2 |            3           0           4 | 
 | MultipartonInteractions:coreFraction          |                  0.63000 |      0.50000         0.0     1.00000 | 
 | MultipartonInteractions:coreRadius            |                  0.76340 |      0.40000     0.10000     1.00000 | 
 | MultipartonInteractions:ecmPow                |                0.0334400 |      0.21500         0.0     0.50000 | 
 | MultipartonInteractions:pT0Ref                |                  1.41000 |      2.28000     0.50000    10.00000 | 
 | ParticleDecays:limitTau                       |                       on |          off                         | 
 | PDF:pSet                                      |                       20 |           13                         | 
 | Random:seed                                   |                      645 |           -1               900000000 | 
 | Random:setSeed                                |                       on |          off                         | 
 | SigmaProcess:alphaSorder                      |                        2 |            1           0           3 | 
 | SigmaProcess:alphaSvalue                      |                  0.11800 |      0.13000   0.0600000     0.25000 | 
 | SigmaTotal:mode                               |                        0 |            1           0           4 | 
 | SigmaTotal:sigmaEl                            |                 21.89000 |     25.00000         0.0             | 
 | SigmaTotal:sigmaTot                           |                100.30900 |    100.00000         0.0             | 
 | SigmaTotal:zeroAXB                            |                      off |           on                         | 
 | SpaceShower:alphaSorder                       |                        2 |            1           0           3 | 
 | SpaceShower:alphaSvalue                       |                  0.11800 |      0.13650   0.0600000     0.25000 | 
 | SpaceShower:dipoleRecoil                      |                       on |          off                         | 
 | SpaceShower:pTmaxMatch                        |                        1 |            0           0           2 | 
 | TimeShower:alphaSorder                        |                        2 |            1           0           3 | 
 | TimeShower:alphaSvalue                        |                  0.11800 |      0.13650   0.0600000     0.25000 | 
 |                                                                                                                 | 
 *-------  End PYTHIA Flag + Mode + Parm + Word + FVec + MVec + PVec + WVec Settings  -----------------------------* 

 --------  PYTHIA Particle Data Table (changed only)  ------------------------------------------------------------------------------
 
      id   name            antiName         spn chg col      m0        mWidth      mMin       mMax       tau0    res dec ext vis wid
             no onMode   bRatio   meMode     products 

       6  t                tbar               2   2   1  173.00000    1.36916   86.00000    0.00000  1.44122e-13   1   1   0   1   0
              0     1   0.0000664    0       24        1 
              1     1   0.0017361    0       24        3 
              2     1   0.9981975    0       24        5 
              3     1   0.0000000    0       37        5 

 --------  End PYTHIA Particle Data Table  -----------------------------------------------------------------------------------------


 --------  LHA event information and listing  ---------------------------------------------------------------------- 

    process =   322200    weight =   1.0325e+02     scale =   5.8560e+00 (GeV) 
                        alpha_em =  -1.0000e+00    alpha_strong =   2.2663e-01

    Participating Particles 
    no        id stat     mothers     colours      p_x        p_y        p_z         e          m        tau    spin 
     1        21   -1     0     0   513   514      0.000      0.000    347.117    347.117      0.000   0.000   9.000
     2        21   -1     0     0   511   512      0.000      0.000   -103.897    103.897      0.000   0.000   9.000
     3         6    2     1     2   511     0     -3.864    -24.615     37.505    178.949    173.191   0.000   9.000
     4        -6    2     1     2     0   514      4.805     26.607    197.734    263.346    171.817   0.000   9.000
     5        21    1     1     2   515   512     -0.409     -0.817      0.348      0.978      0.000   0.000   9.000
     6        21    1     1     2   513   515     -0.533     -1.174      7.633      7.742      0.000   0.000   9.000
     7         5    1     3     3   511     0    -24.268    -51.669    -32.162     65.706      4.920   0.000  -1.000
     8        24    2     3     3     0     0     20.405     27.054     69.668    113.242     82.595   0.000   9.000
     9        -5    1     4     4     0   514     61.870     35.585     90.553    115.404      4.920   0.000   1.000
    10       -24    2     4     4     0     0    -57.064     -8.978    107.181    147.942     84.036   0.000   9.000
    11       -13    1     8     8     0     0     16.852    -14.341     -9.307     24.006      0.106   0.000   1.000
    12        14    1     8     8     0     0      3.553     41.395     78.975     89.237      0.000   0.000  -1.000
    13        11    1    10    10     0     0    -50.935     27.694     37.755     69.186      0.001   0.000  -1.000
    14       -12    1    10    10     0     0     -6.129    -36.672     69.427     78.755      0.000   0.000   1.000

 --------  End LHA event information and listing  ------------------------------------------------------------------ 

 --------  PYTHIA Info Listing  ---------------------------------------- 
 
 Beam A: id =   2212, pz =  6.500e+03, e =  6.500e+03, m =  9.383e-01.
 Beam B: id =   2212, pz = -6.500e+03, e =  6.500e+03, m =  9.383e-01.

 In 1: id =   21, x =  5.340e-02, pdf =  0.000e+00 at Q2 =  3.429e+01.
 In 2: id =   21, x =  1.598e-02, pdf =  0.000e+00 at same Q2.

 Process Les Houches User Process(es) with code 9999 is 2 -> 4.
 Subprocess user process 322200 with code 322200 is 2 -> 4.
     alphaEM =  7.583e-03,  alphaS =  2.266e-01    at Q2 =  3.429e+01.

 Impact parameter b =  1.179e+00 gives enhancement factor =  2.753e-01.
 Max pT scale for MPI =  1.300e+04, ISR =  5.856e+00, FSR =  5.856e+00.
 Number of MPI =     3, ISR =     3, FSRproc =    10, FSRreson =     3.

 --------  End PYTHIA Info Listing  ------------------------------------

 --------  PYTHIA Event Listing  (hard process)  -----------------------------------------------------------------------------------
 
    no         id  name            status     mothers   daughters     colours      p_x        p_y        p_z         e          m 
     0         90  (system)           -11     0     0     0     0     0     0      0.000      0.000      0.000  13000.000  13000.000
     1       2212  (p+)               -12     0     0     3     0     0     0      0.000      0.000   6500.000   6500.000      0.938
     2       2212  (p+)               -12     0     0     4     0     0     0      0.000      0.000  -6500.000   6500.000      0.938
     3         21  (g)                -21     1     0     5     8   513   514      0.000      0.000    347.117    347.117      0.000
     4         21  (g)                -21     2     0     5     8   511   512      0.000      0.000   -103.897    103.897      0.000
     5          6  (t)                -22     3     4     9    10   511     0     -3.864    -24.615     37.505    178.949    173.191
     6         -6  (tbar)             -22     3     4    11    12     0   514      4.805     26.607    197.734    263.346    171.817
     7         21  g                   23     3     4     0     0   515   512     -0.409     -0.817      0.348      0.978      0.000
     8         21  g                   23     3     4     0     0   513   515     -0.533     -1.174      7.633      7.742      0.000
     9          5  b                   23     5     0     0     0   511     0    -24.268    -51.669    -32.162     65.706      4.920
    10         24  (W+)               -22     5     0    13    14     0     0     20.405     27.054     69.668    113.242     82.595
    11         -5  bbar                23     6     0     0     0     0   514     61.870     35.585     90.553    115.404      4.920
    12        -24  (W-)               -22     6     0    15    16     0     0    -57.064     -8.978    107.181    147.942     84.036
    13        -13  mu+                 23    10     0     0     0     0     0     16.852    -14.341     -9.307     24.006      0.106
    14         14  nu_mu               23    10     0     0     0     0     0      3.553     41.395     78.975     89.237      0.000
    15         11  e-                  23    12     0     0     0     0     0    -50.935     27.694     37.755     69.186      0.001
    16        -12  nu_ebar             23    12     0     0     0     0     0     -6.129    -36.672     69.427     78.755      0.000
                                   Charge sum:  0.000           Momentum sum:     -0.000      0.000    243.220    451.014    379.812

 --------  End PYTHIA Event Listing  -----------------------------------------------------------------------------------------------

 --------  PYTHIA Event Listing  (complete event)  ---------------------------------------------------------------------------------
 
    no         id  name            status     mothers   daughters     colours      p_x        p_y        p_z         e          m 
     0         90  (system)           -11     0     0     0     0     0     0      0.000      0.000      0.000  13000.000  13000.000
     1       2212  (p+)               -12     0     0    71     0     0     0      0.000      0.000   6500.000   6500.000      0.938
     2       2212  (p+)               -12     0     0    72     0     0     0      0.000      0.000  -6500.000   6500.000      0.938
     3         21  (g)                -21    13    13     5     8   513   514      0.000      0.000    347.117    347.117      0.000
     4         21  (g)                -21    14     0     5     8   511   512      0.000      0.000   -103.897    103.897      0.000
     5          6  (t)                -22     3     4    15    15   511     0     -3.864    -24.615     37.505    178.949    173.191
     6         -6  (tbar)             -22     3     4    16    16     0   514      4.805     26.607    197.734    263.346    171.817
     7         21  (g)                -23     3     4    17    17   515   512     -0.409     -0.817      0.348      0.978      0.000
     8         21  (g)                -23     3     4    18    18   513   515     -0.533     -1.174      7.633      7.742      0.000
     9          1  (d)                -31    89    89    11    12   516     0      0.000      0.000    547.395    547.395      0.000
    10         21  (g)                -31    90    90    11    12   517   518      0.000      0.000    -14.584     14.584      0.000
    11          1  (d)                -33     9    10    91    91   517     0      2.679     -2.765    547.134    547.148      0.330
    12         21  (g)                -33     9    10    92    92   516   518     -2.679      2.765    -14.323     14.831      0.000
    13         21  (g)                -42    20     0     3     3   513   514      0.000      0.000    347.117    347.117      0.000
    14         21  (g)                -41    21    21    19     4   519   512      0.000      0.000   -108.390    108.390      0.000
    15          6  (t)                -44     5     5    22    22   511     0     -3.864    -24.615     37.505    178.949    173.191
    16         -6  (tbar)             -44     6     6    23    23     0   514      4.805     26.607    197.734    263.346    171.817
    17         21  (g)                -44     7     7    24    24   515   512     -0.523      1.325     -1.673      2.197      0.000
    18         21  (g)                -44     8     8    25    25   513   515     -0.533     -1.174      7.633      7.742      0.000
    19         21  (g)                -43    14     0    26    26   519   511      0.114     -2.143     -2.473      3.274      0.000
    20          2  (u)                -41    28    28    27    13   513     0      0.000      0.000   1443.567   1443.567      0.000
    21         21  (g)                -42    29     0    14    14   519   512      0.000      0.000   -108.390    108.390      0.000
    22          6  (t)                -44    15    15    30    30   511     0     -3.864    -24.615     37.505    178.949    173.191
    23         -6  (tbar)             -44    16    16    31    31     0   514      4.805     26.607    197.734    263.346    171.817
    24         21  (g)                -44    17    17    32    32   515   512     -0.523      1.325     -1.673      2.197      0.000
    25         21  (g)                -44    18    18    33    33   513   515     -2.443     -0.284     28.450     28.556      0.000
    26         21  (g)                -44    19    19    34    34   519   511      0.114     -2.143     -2.473      3.274      0.000
    27          2  (u)                -43    20     0    35    35   514     0      1.909     -0.891   1075.633   1075.635      0.330
    28          2  (u)                -42    71    71    20    20   513     0      0.000      0.000   1443.567   1443.567      0.000
    29         21  (g)                -41    72    72    36    21   519   520      0.000     -0.000   -130.596    130.596      0.000
    30          6  (t)                -44    22    22    70    70   511     0     -3.864    -24.615     37.505    178.949    173.191
    31         -6  (tbar)             -44    23    23    42    42     0   514      4.805     26.607    197.734    263.346    171.817
    32         21  (g)                -44    24    24    37    38   515   512     -0.640      2.801     -8.919      9.370      0.000
    33         21  (g)                -44    25    25    39    39   513   515     -2.443     -0.284     28.450     28.556      0.000
    34         21  (g)                -44    26    26    68    69   519   511      0.114     -2.143     -2.473      3.274      0.000
    35          2  (u)                -44    27    27    40    41   514     0      1.909     -0.891   1075.633   1075.635      0.330
    36         21  (g)                -43    29     0    49    50   512   520      0.117     -1.475    -14.960     15.033      0.000
    37         21  (g)                -51    32     0    45    45   521   512     -1.479      2.863     -5.070      6.007      0.000
    38         21  (g)                -51    32     0    43    44   515   521      0.815     -0.065     -3.560      3.653      0.000
    39         21  (g)                -52    33    33    76    76   513   515     -2.418     -0.281     28.162     28.267      0.000
    40          2  (u)                -51    35     0    54    54   522     0      1.034      0.091   1065.637   1065.638      0.330
    41         21  (g)                -51    35     0    46    47   514   522      0.881     -0.947      9.671      9.757      0.000
    42         -6  (tbar)             -52    31    31    48    48     0   514      4.800     26.572    198.059    263.586    171.817
    43          1  (d)                -51    38     0    80    80   515     0     -0.626     -0.146     -1.841      1.978      0.330
    44         -1  (dbar)             -51    38     0    82    82     0   521      0.907      1.114     -3.548      3.842      0.330
    45         21  (g)                -52    37    37    51    51   521   512     -0.946      1.830     -3.241      3.840      0.000
    46         21  (g)                -51    41     0    52    53   523   522     -0.339     -0.659      2.513      2.619      0.000
    47         21  (g)                -51    41     0    62    63   514   523      1.153     -0.155      6.720      6.820      0.000
    48         -6  (tbar)             -52    42    42    64    64     0   514      4.866     26.440    198.497    263.903    171.817
    49         21  (g)                -51    36     0    79    79   524   520      0.613     -0.069     -4.520      4.562      0.000
    50         21  (g)                -51    36     0    59    60   512   524     -0.584     -1.236    -10.740     10.827      0.000
    51         21  (g)                -52    45    45    61    61   521   512     -0.858      1.660     -2.940      3.484      0.000
    52         21  (g)                -51    46     0    81    81   523   525     -0.367     -1.232      8.771      8.864      0.000
    53         21  (g)                -51    46     0    85    85   525   522      0.047      0.575     12.622     12.636      0.000
    54          2  (u)                -52    40    40    78    78   522     0      1.016      0.089   1046.757   1046.757      0.330
    55         21  (g)                -31    93    93    57    58   527   526      0.000      0.000    304.865    304.865      0.000
    56          2  (u)                -31    94    94    57    58   526     0      0.000      0.000  -4485.173   4485.173      0.000
    57         21  (g)                -33    55    56    65    66   527   528     -0.659      0.119    304.865    304.866      0.000
    58          2  (u)                -33    55    56    67    67   528     0      0.659     -0.119  -4485.173   4485.173      0.330
    59         21  (g)                -51    50     0    84    84   530   524      0.249     -0.639     -6.539      6.574      0.000
    60         21  (g)                -51    50     0    86    86   512   530     -0.930     -0.410     -4.535      4.647      0.000
    61         21  (g)                -52    51    51    75    75   521   512     -0.761      1.472     -2.607      3.089      0.000
    62         21  (g)                -51    47     0    83    83   531   523      1.001     -0.247      2.467      2.674      0.000
    63         21  (g)                -51    47     0    87    87   514   531      0.024      0.160      3.825      3.829      0.000
    64         -6  (tbar)             -52    48    48    74    74     0   514      4.994     26.372    198.925    264.221    171.817
    65         21  (g)                -51    57     0    95    95   527   532     -0.796     -0.503    302.948    302.950      0.000
    66         21  (g)                -51    57     0    97    97   532   528      0.137      0.621      1.863      1.969      0.000
    67          2  (u)                -52    58    58    96    96   528     0      0.659     -0.119  -4485.119   4485.119      0.330
    68         21  (g)                -51    34     0    77    77   519   533      0.664     -1.249     -1.610      2.144      0.000
    69         21  (g)                -51    34     0    88    88   533   511     -0.563     -0.784     -0.645      1.161      0.000
    70          6  (t)                -52    30    30    73    73   511     0     -3.851    -24.724     37.287    178.918    173.191
    71          2  (u)                -61     1     0    28    28   513     0     -1.405      0.737   1443.570   1443.571      0.000
    72         21  (g)                -61     2     0    29    29   519   517     -0.958     -0.155   -130.595    130.598      0.000
    73          6  (t)                -62    70    70   100   101   511     0     -4.475    -24.753     37.322    178.944    173.191
    74         -6  (tbar)             -62    64    64   108   109     0   514      4.529     26.451    198.888    264.193    171.817
    75         21  (g)                -62    61    61   153   153   521   512     -0.782      1.469     -2.606      3.092      0.000
    76         21  (g)                -62    39    39   207   207   513   515     -2.446     -0.266     28.170     28.277      0.000
    77         21  (g)                -62    68    68   194   194   519   533      0.650     -1.252     -1.611      2.141      0.000
    78          2  (u)                -62    54    54   169   169   522     0     -0.003      0.624   1046.756   1046.756      0.330
    79         21  (g)                -62    49    49   150   150   524   517      0.580     -0.075     -4.522      4.560      0.000
    80          1  (d)                -62    43    43   208   208   515     0     -0.640     -0.148     -1.839      1.981      0.330
    81         21  (g)                -62    52    52   171   171   523   525     -0.376     -1.228      8.773      8.866      0.000
    82         -1  (dbar)             -62    44    44   154   154     0   521      0.880      1.110     -3.552      3.838      0.330
    83         21  (g)                -62    62    62   172   172   531   523      0.998     -0.246      2.464      2.670      0.000
    84         21  (g)                -62    59    59   151   151   530   524      0.201     -0.647     -6.539      6.574      0.000
    85         21  (g)                -62    53    53   170   170   525   522      0.034      0.582     12.622     12.635      0.000
    86         21  (g)                -62    60    60   152   152   512   530     -0.963     -0.415     -4.531      4.651      0.000
    87         21  (g)                -62    63    63   173   173   514   531      0.020      0.162      3.825      3.829      0.000
    88         21  (g)                -62    69    69   193   193   533   511     -0.570     -0.785     -0.642      1.164      0.000
    89          1  (d)                -61     1     0     9     9   518     0      0.628     -0.061    547.401    547.402      0.000
    90         21  (g)                -61     2     0    10    10   517   518      0.350     -0.104    -14.581     14.586      0.000
    91          1  (d)                -62    11    11   149   149   517     0      3.307     -2.827    547.181    547.198      0.330
    92         21  (g)                -62    12    12   117   117   516   518     -2.329      2.661    -14.361     14.790      0.000
    93         21  (g)                -61     1     0    55    55   528   518      0.317     -1.147    304.864    304.866      0.000
    94          2  (u)                -61     2     0    56    56   518     0      0.230      0.554  -4485.172   4485.172      0.000
    95         21  (g)                -62    65    65   119   119   518   532     -0.481     -1.643    302.947    302.952      0.000
    96          2  (u)                -62    67    67   210   210   528     0      0.889      0.435  -4485.119   4485.119      0.330
    97         21  (g)                -62    66    66   118   118   532   516      0.139      0.614      1.864      1.968      0.000
    98          2  (u)                -63     1     0   209   209   534     0      0.460      0.471   4204.158   4204.158      0.330
    99       2101  (ud_0)             -63     2     0   195   195     0   519      0.379     -0.295  -1869.646   1869.646      0.579
   100          5  (b)                -23    73     0   102   103   511     0    -24.493    -51.720    -32.230     65.863      4.920
   101         24  (W+)               -22    73     0   104   104     0     0     20.018     26.967     69.552    113.081     82.595
   102          5  (b)                -51   100     0   107   107   537     0    -23.224    -48.979    -29.317     61.822      4.920
   103         21  (g)                -51   100     0   105   106   511   537     -1.240     -2.692     -2.838      4.104      0.000
   104         24  (W+)               -52   101   101   110   111     0     0     19.989     26.918     69.476    113.018     82.595
   105         21  (g)                -51   103     0   191   191   540   537     -1.512     -2.002     -2.042      3.234      0.000
   106         21  (g)                -51   103     0   192   192   511   540     -1.952     -5.360     -3.234      6.557      0.000
   107          5  (b)                -52   102   102   190   190   537     0    -21.000    -44.310    -26.879     56.134      4.920
   108         -5  (bbar)             -23    74     0   174   174     0   514     61.748     35.517     91.058    115.716      4.920
   109        -24  (W-)               -22    74     0   112   113     0     0    -57.219     -9.065    107.830    148.477     84.036
   110        -13  mu+                 23   104     0     0     0     0     0     16.763    -14.370     -9.348     23.977      0.106
   111         14  nu_mu               23   104     0     0     0     0     0      3.225     41.288     78.824     89.041      0.000
   112         11  (e-)               -23   109     0   114   115     0     0    -51.007     27.653     38.058     69.389      0.001
   113        -12  (nu_ebar)          -23   109     0   116   116     0     0     -6.212    -36.718     69.772     79.088      0.000
   114         11  e-                  51   112     0     0     0     0     0    -48.074     26.188     36.174     65.616      0.001
   115         22  gamma               51   112     0     0     0     0     0     -2.934      1.459      1.895      3.786      0.000
   116        -12  nu_ebar             52   113   113     0     0     0     0     -6.211    -36.712     69.761     79.075      0.000
   117         21  (g)                -71    92    92   120   148   516   518     -2.329      2.661    -14.361     14.790      0.000
   118         21  (g)                -71    97    97   120   148   532   516      0.139      0.614      1.864      1.968      0.000
   119         21  (g)                -71    95    95   120   148   518   532     -0.481     -1.643    302.947    302.952      0.000
   120        321  K+                  83   117   119     0     0     0     0      0.342     -0.138      4.803      4.842      0.494
   121       -313  (K*bar0)           -83   117   119   242   243     0     0     -0.674      0.084      5.136      5.268      0.955
   122       -211  pi-                 83   117   119     0     0     0     0      0.210     -0.329      1.911      1.956      0.140
   123        211  pi+                 83   117   119     0     0     0     0      0.263      0.307      3.427      3.454      0.140
   124       -211  pi-                 83   117   119     0     0     0     0     -0.165      0.090      3.183      3.191      0.140
   125        321  K+                  83   117   119     0     0     0     0     -0.551     -0.197      0.617      0.983      0.494
   126       -311  (Kbar0)            -83   117   119   244   244     0     0      0.488      0.398      0.445      0.918      0.498
   127       -213  (rho-)             -83   117   119   245   246     0     0     -0.352     -0.204      0.406      1.000      0.818
   128        111  (pi0)              -83   117   119   310   311     0     0     -0.316     -0.121     -0.040      0.367      0.135
   129        223  (omega)            -83   117   119   312   314     0     0      0.373      0.236      0.676      1.128      0.787
   130        211  pi+                 83   117   119     0     0     0     0     -0.308      0.324      0.124      0.484      0.140
   131       -213  (rho-)             -83   117   119   247   248     0     0     -0.234     -0.302     -1.494      1.694      0.702
   132        111  (pi0)              -83   117   119   315   316     0     0     -0.050      0.572     -2.237      2.313      0.135
   133        213  (rho+)             -83   117   119   249   250     0     0     -0.408      0.459     -1.763      2.031      0.799
   134        113  (rho0)             -83   117   119   251   252     0     0     -1.031      1.521     -6.884      7.185      0.931
   135        311  (K0)               -83   117   119   253   253     0     0      0.420     -0.101      0.706      0.966      0.498
   136       -311  (Kbar0)            -83   117   119   254   254     0     0     -0.425      0.652      1.822      2.043      0.498
   137        221  (eta)              -84   117   119   317   319     0     0      0.204     -0.338      5.884      5.923      0.548
   138       -211  pi-                 84   117   119     0     0     0     0     -0.148     -0.169      2.094      2.110      0.140
   139        211  pi+                 84   117   119     0     0     0     0     -0.016      0.232      0.589      0.648      0.140
   140        113  (rho0)             -84   117   119   255   256     0     0     -0.209     -0.050      8.086      8.122      0.729
   141        313  (K*0)              -84   117   119   257   258     0     0      0.320     -0.178     19.379     19.404      0.895
   142       -313  (K*bar0)           -84   117   119   259   260     0     0     -0.524     -0.483    131.490    131.495      0.870
   143        311  (K0)               -84   117   119   261   261     0     0      0.094     -0.146     35.779     35.783      0.498
   144       -313  (K*bar0)           -84   117   119   262   263     0     0      0.156     -0.094     33.623     33.638      0.997
   145       -213  (rho-)             -84   117   119   264   265     0     0     -0.132     -0.013     19.742     19.763      0.895
   146        111  (pi0)              -84   117   119   320   321     0     0     -0.252     -0.714     16.104     16.122      0.135
   147        211  pi+                 84   117   119     0     0     0     0      0.104      0.391      2.722      2.756      0.140
   148       -211  pi-                 84   117   119     0     0     0     0      0.149     -0.059      4.118      4.124      0.140
   149          1  (d)                -71    91    91   155   168   517     0      3.307     -2.827    547.181    547.198      0.330
   150         21  (g)                -71    79    79   155   168   524   517      0.580     -0.075     -4.522      4.560      0.000
   151         21  (g)                -71    84    84   155   168   530   524      0.201     -0.647     -6.539      6.574      0.000
   152         21  (g)                -71    86    86   155   168   512   530     -0.963     -0.415     -4.531      4.651      0.000
   153         21  (g)                -71    75    75   155   168   521   512     -0.782      1.469     -2.606      3.092      0.000
   154         -1  (dbar)             -71    82    82   155   168     0   521      0.880      1.110     -3.552      3.838      0.330
   155       1114  (Delta-)           -83   149   154   266   267     0     0      1.368     -1.268    271.330    271.339      1.263
   156      -1114  (Deltabar+)        -83   149   154   268   269     0     0      1.105     -0.691    153.228    153.241      1.418
   157        111  (pi0)              -83   149   154   322   323     0     0      0.076     -0.642     20.638     20.648      0.135
   158        223  (omega)            -83   149   154   324   325     0     0      0.554      0.146     76.369     76.375      0.780
   159        111  (pi0)              -83   149   154   326   327     0     0      0.094     -0.573     16.483     16.493      0.135
   160       -211  pi-                 83   149   154     0     0     0     0     -0.128      0.055      6.125      6.128      0.140
   161        213  (rho+)             -83   149   154   270   271     0     0      0.300      0.063      1.203      1.530      0.893
   162        111  (pi0)              -83   149   154   328   329     0     0     -0.211      0.464      0.583      0.786      0.135
   163        111  (pi0)              -83   149   154   330   331     0     0     -0.084     -0.856      0.671      1.099      0.135
   164        111  (pi0)              -83   149   154   332   333     0     0      0.882     -0.070     -3.040      3.169      0.135
   165       2112  n0                  83   149   154     0     0     0     0      0.230     -0.253    -10.206     10.255      0.940
   166        211  pi+                 84   149   154     0     0     0     0     -0.905      0.804     -2.110      2.436      0.140
   167      -2224  (Deltabar--)       -84   149   154   272   273     0     0      0.159      0.609     -2.401      2.863      1.427
   168        211  pi+                 84   149   154     0     0     0     0     -0.218      0.828     -3.443      3.550      0.140
   169          2  (u)                -71    78    78   175   189   522     0     -0.003      0.624   1046.756   1046.756      0.330
   170         21  (g)                -71    85    85   175   189   525   522      0.034      0.582     12.622     12.635      0.000
   171         21  (g)                -71    81    81   175   189   523   525     -0.376     -1.228      8.773      8.866      0.000
   172         21  (g)                -71    83    83   175   189   531   523      0.998     -0.246      2.464      2.670      0.000
   173         21  (g)                -71    87    87   175   189   514   531      0.020      0.162      3.825      3.829      0.000
   174         -5  (bbar)             -71   108   108   175   189     0   514     61.748     35.517     91.058    115.716      4.920
   175        213  (rho+)             -83   169   174   274   275     0     0      0.119     -0.062    484.298    484.299      0.779
   176       -211  pi-                 83   169   174     0     0     0     0     -0.103      0.504    316.670    316.671      0.140
   177        111  (pi0)              -83   169   174   334   335     0     0     -0.049      0.700    138.425    138.427      0.135
   178        211  pi+                 83   169   174     0     0     0     0     -0.270     -0.103     67.808     67.809      0.140
   179       -211  pi-                 83   169   174     0     0     0     0      0.606     -0.396     17.519     17.534      0.140
   180        211  pi+                 83   169   174     0     0     0     0     -0.346      0.395     19.451     19.458      0.140
   181       -211  pi-                 83   169   174     0     0     0     0      0.113     -0.405     17.333     17.339      0.140
   182        323  (K*+)              -83   169   174   276   277     0     0      0.108     -0.107      4.456      4.544      0.879
   183       -321  K-                  83   169   174     0     0     0     0      0.103     -0.548      2.488      2.597      0.494
   184        323  (K*+)              -83   169   174   278   279     0     0      0.704     -0.201      3.388      3.569      0.850
   185       -311  (Kbar0)            -84   169   174   280   280     0     0      0.423      0.578      2.997      3.122      0.498
   186        111  (pi0)              -84   169   174   336   337     0     0      1.061      0.800      0.997      1.667      0.135
   187       -211  pi-                 84   169   174     0     0     0     0      1.704      0.995      3.791      4.276      0.140
   188        211  pi+                 84   169   174     0     0     0     0      0.251      0.386      0.930      1.047      0.140
   189        513  (B*0)              -84   169   174   338   339     0     0     57.997     32.874     84.946    108.113      5.325
   190          5  (b)                -71   107   107   196   206   537     0    -21.000    -44.310    -26.879     56.134      4.920
   191         21  (g)                -71   105   105   196   206   540   537     -1.512     -2.002     -2.042      3.234      0.000
   192         21  (g)                -71   106   106   196   206   511   540     -1.952     -5.360     -3.234      6.557      0.000
   193         21  (g)                -71    88    88   196   206   533   511     -0.570     -0.785     -0.642      1.164      0.000
   194         21  (g)                -71    77    77   196   206   519   533      0.650     -1.252     -1.611      2.141      0.000
   195       2101  (ud_0)             -71    99    99   196   206     0   519      0.379     -0.295  -1869.646   1869.646      0.579
   196       -533  (B*_sbar0)         -83   190   195   340   341     0     0    -19.216    -41.621    -25.321     52.650      5.415
   197       -311  (Kbar0)            -83   190   195   281   281     0     0     -3.901     -6.671     -5.032      9.235      0.498
   198       -211  pi-                 83   190   195     0     0     0     0     -0.389     -1.118     -0.244      1.217      0.140
   199        211  pi+                 83   190   195     0     0     0     0     -0.325     -0.644     -0.714      1.024      0.140
   200        111  (pi0)              -83   190   195   342   343     0     0     -0.949     -2.934     -2.151      3.762      0.135
   201        311  (K0)               -84   190   195   282   282     0     0     -0.064     -0.132     -1.266      1.368      0.498
   202       -321  K-                  84   190   195     0     0     0     0      0.223     -0.337     -0.906      1.108      0.494
   203        211  pi+                 84   190   195     0     0     0     0     -0.155      0.209     -0.476      0.560      0.140
   204        113  (rho0)             -84   190   195   283   284     0     0     -0.691      0.027   -123.317    123.320      0.679
   205       -213  (rho-)             -84   190   195   285   286     0     0      0.762     -0.569   -191.629    191.632      0.767
   206       2212  p+                  84   190   195     0     0     0     0      0.699     -0.213  -1552.999   1552.999      0.938
   207         21  (g)                -71    76    76   211   241   513   515     -2.446     -0.266     28.170     28.277      0.000
   208          1  (d)                -71    80    80   211   241   515     0     -0.640     -0.148     -1.839      1.981      0.330
   209          2  (u)                -71    98    98   211   241   534     0      0.460      0.471   4204.158   4204.158      0.330
   210          2  (u)                -71    96    96   211   241   528     0      0.889      0.435  -4485.119   4485.119      0.330
   211       -211  pi-                 85   207   210     0     0     0     0      0.021     -0.043     -0.354      0.384      0.140
   212        223  (omega)            -85   207   210   344   345     0     0     -0.583      0.204     -0.690      1.213      0.783
   213        321  K+                  85   207   210     0     0     0     0     -0.111     -0.180     -0.009      0.537      0.494
   214       3122  Lambda0             85   207   210     0     0     0     0      0.046     -0.025      2.009      2.298      1.116
   215      -2212  pbar-               85   207   210     0     0     0     0     -0.480      0.035      2.019      2.278      0.938
   216        223  (omega)            -85   207   210   346   347     0     0     -0.526     -0.490      5.695      5.795      0.790
   217        213  (rho+)             -86   207   210   287   288     0     0      0.551      0.233   2636.711   2636.712      1.110
   218        223  (omega)            -86   207   210   348   350     0     0     -0.235      0.174    677.022    677.022      0.786
   219        221  (eta)              -86   207   210   351   353     0     0     -0.058      0.096    583.542    583.542      0.548
   220        311  (K0)               -86   207   210   289   289     0     0      0.374      0.192    180.370    180.371      0.498
   221       3322  Xi0                 86   207   210     0     0     0     0     -0.135     -0.230     90.965     90.974      1.315
   222      -3322  Xibar0              86   207   210     0     0     0     0     -0.231     -0.005     26.893     26.926      1.315
   223       -323  (K*-)              -86   207   210   290   291     0     0     -0.266      0.139      3.948      4.060      0.897
   224        113  (rho0)             -83   207   210   292   293     0     0      0.643      0.055  -1956.548   1956.548      0.845
   225        211  pi+                 83   207   210     0     0     0     0     -0.636      0.229   -437.673    437.673      0.140
   226       -213  (rho-)             -83   207   210   294   295     0     0      0.816      0.587  -1146.998   1146.999      0.826
   227        113  (rho0)             -83   207   210   296   297     0     0     -0.266     -0.355   -484.542    484.542      0.716
   228        113  (rho0)             -83   207   210   298   299     0     0      0.465      0.062   -389.308    389.309      0.836
   229        223  (omega)            -83   207   210   354   355     0     0     -0.241     -0.076    -34.194     34.204      0.770
   230        111  (pi0)              -83   207   210   356   357     0     0      0.270     -0.305     -6.755      6.769      0.135
   231        111  (pi0)              -83   207   210   358   359     0     0      0.034      0.735    -11.839     11.863      0.135
   232        331  (eta')             -83   207   210   360   361     0     0     -0.296     -0.462    -12.654     12.702      0.958
   233        211  pi+                 83   207   210     0     0     0     0      0.070     -0.204     -2.939      2.950      0.140
   234        111  (pi0)              -83   207   210   362   363     0     0      0.273     -0.309      0.025      0.434      0.135
   235        331  (eta')             -83   207   210   364   365     0     0     -0.451      0.632     -0.009      1.233      0.958
   236        223  (omega)            -83   207   210   366   368     0     0      0.418     -0.071      0.234      0.918      0.780
   237        313  (K*0)              -83   207   210   300   301     0     0     -0.429      0.041      0.543      1.109      0.866
   238       -311  (Kbar0)            -84   207   210   302   302     0     0      0.127      0.034      2.391      2.446      0.498
   239       -211  pi-                 84   207   210     0     0     0     0     -0.389      0.122      3.026      3.057      0.140
   240       2224  (Delta++)          -88   207   210   303   304     0     0     -0.385     -0.433      8.141      8.314      1.588
   241        111  (pi0)              -84   207   210   369   370     0     0     -0.128      0.107      6.349      6.352      0.135
   242       -311  (Kbar0)            -91   121     0   305   305     0     0     -0.033     -0.057      2.170      2.227      0.498
   243        111  (pi0)              -91   121     0   371   372     0     0     -0.641      0.141      2.966      3.041      0.135
   244        310  K_S0                91   126   126     0     0     0     0      0.488      0.398      0.445      0.918      0.498
   245       -211  pi-                 91   127     0     0     0     0     0     -0.366     -0.119     -0.139      0.432      0.140
   246        111  (pi0)              -91   127     0   373   374     0     0      0.014     -0.084      0.545      0.568      0.135
   247       -211  pi-                 91   131     0     0     0     0     0      0.167     -0.163     -0.965      1.003      0.140
   248        111  (pi0)              -91   131     0   375   376     0     0     -0.401     -0.139     -0.529      0.691      0.135
   249        211  pi+                 91   133     0     0     0     0     0     -0.552      0.196     -1.476      1.594      0.140
   250        111  (pi0)              -91   133     0   377   378     0     0      0.144      0.263     -0.286      0.436      0.135
   251        211  pi+                 91   134     0     0     0     0     0     -0.668      0.622     -4.730      4.820      0.140
   252       -211  pi-                 91   134     0     0     0     0     0     -0.363      0.899     -2.153      2.365      0.140
   253        310  (K_S0)             -91   135   135   379   380     0     0      0.420     -0.101      0.706      0.966      0.498
   254        310  K_S0                91   136   136     0     0     0     0     -0.425      0.652      1.822      2.043      0.498
   255        211  pi+                 91   140     0     0     0     0     0     -0.444     -0.110      4.785      4.809      0.140
   256       -211  pi-                 91   140     0     0     0     0     0      0.235      0.061      3.301      3.313      0.140
   257        311  (K0)               -91   141     0   306   306     0     0      0.045     -0.037      6.336      6.356      0.498
   258        111  (pi0)              -91   141     0   381   382     0     0      0.275     -0.141     13.044     13.048      0.135
   259       -321  K-                  91   142     0     0     0     0     0     -0.226     -0.013     56.266     56.269      0.494
   260        211  pi+                 91   142     0     0     0     0     0     -0.298     -0.470     75.223     75.226      0.140
   261        310  K_S0                91   143   143     0     0     0     0      0.094     -0.146     35.779     35.783      0.498
   262       -321  K-                  91   144     0     0     0     0     0     -0.022     -0.355     15.411     15.423      0.494
   263        211  pi+                 91   144     0     0     0     0     0      0.179      0.261     18.212     18.215      0.140
   264       -211  pi-                 91   145     0     0     0     0     0     -0.091     -0.333      4.122      4.139      0.140
   265        111  (pi0)              -91   145     0   383   384     0     0     -0.041      0.321     15.620     15.624      0.135
   266       2112  n0                  91   155     0     0     0     0     0      0.776     -0.709    154.507    154.514      0.940
   267       -211  pi-                 91   155     0     0     0     0     0      0.591     -0.560    116.823    116.826      0.140
   268      -2112  nbar0               91   156     0     0     0     0     0      0.329     -0.299     76.673     76.680      0.940
   269        211  pi+                 91   156     0     0     0     0     0      0.776     -0.392     76.556     76.561      0.140
   270        211  pi+                 91   161     0     0     0     0     0     -0.225      0.146      0.141      0.334      0.140
   271        111  (pi0)              -91   161     0   385   386     0     0      0.526     -0.083      1.062      1.195      0.135
   272      -2212  pbar-               91   167     0     0     0     0     0     -0.145      0.171     -1.836      2.074      0.938
   273       -211  pi-                 91   167     0     0     0     0     0      0.304      0.438     -0.566      0.790      0.140
   274        211  pi+                 91   175     0     0     0     0     0     -0.137     -0.140    405.640    405.640      0.140
   275        111  (pi0)              -91   175     0   387   389     0     0      0.257      0.078     78.658     78.659      0.135
   276        311  (K0)               -91   182     0   307   307     0     0     -0.163     -0.192      2.386      2.450      0.498
   277        211  pi+                 91   182     0     0     0     0     0      0.271      0.085      2.070      2.094      0.140
   278        311  (K0)               -91   184     0   308   308     0     0      0.442     -0.373      2.591      2.701      0.498
   279        211  pi+                 91   184     0     0     0     0     0      0.262      0.173      0.797      0.868      0.140
   280        130  K_L0                91   185   185     0     0     0     0      0.423      0.578      2.997      3.122      0.498
   281        130  K_L0                91   197   197     0     0     0     0     -3.901     -6.671     -5.032      9.235      0.498
   282        310  (K_S0)             -91   201   201   390   391     0     0     -0.064     -0.132     -1.266      1.368      0.498
   283        211  pi+                 91   204     0     0     0     0     0      0.071     -0.014    -36.551     36.551      0.140
   284       -211  pi-                 91   204     0     0     0     0     0     -0.762      0.041    -86.766     86.769      0.140
   285       -211  pi-                 91   205     0     0     0     0     0      0.507      0.005    -59.084     59.086      0.140
   286        111  (pi0)              -91   205     0   392   393     0     0      0.255     -0.574   -132.545    132.546      0.135
   287        211  pi+                 91   217     0     0     0     0     0      0.204     -0.374    558.863    558.863      0.140
   288        111  (pi0)              -91   217     0   394   395     0     0      0.348      0.607   2077.848   2077.848      0.135
   289        130  K_L0                91   220   220     0     0     0     0      0.374      0.192    180.370    180.371      0.498
   290       -311  (Kbar0)            -91   223     0   309   309     0     0     -0.039      0.127      3.507      3.544      0.498
   291       -211  pi-                 91   223     0     0     0     0     0     -0.227      0.012      0.441      0.515      0.140
   292        211  pi+                 91   224     0     0     0     0     0      0.486      0.406  -1292.075   1292.075      0.140
   293       -211  pi-                 91   224     0     0     0     0     0      0.157     -0.351   -664.473    664.473      0.140
   294       -211  pi-                 91   226     0     0     0     0     0      0.855      0.336   -661.035    661.035      0.140
   295        111  (pi0)              -91   226     0   396   397     0     0     -0.039      0.251   -485.963    485.964      0.135
   296        211  pi+                 91   227     0     0     0     0     0      0.039     -0.102    -29.268     29.268      0.140
   297       -211  pi-                 91   227     0     0     0     0     0     -0.305     -0.253   -455.274    455.274      0.140
   298        211  pi+                 91   228     0     0     0     0     0      0.229      0.390   -136.560    136.561      0.140
   299       -211  pi-                 91   228     0     0     0     0     0      0.235     -0.327   -252.747    252.747      0.140
   300        321  K+                  91   237     0     0     0     0     0     -0.066     -0.159      0.363      0.636      0.494
   301       -211  pi-                 91   237     0     0     0     0     0     -0.363      0.200      0.180      0.473      0.140
   302        310  K_S0                91   238   238     0     0     0     0      0.127      0.034      2.391      2.446      0.498
   303       2212  p+                  91   240     0     0     0     0     0     -0.323     -0.760      7.178      7.287      0.938
   304        211  pi+                 91   240     0     0     0     0     0     -0.063      0.327      0.962      1.028      0.140
   305        310  K_S0                91   242   242     0     0     0     0     -0.033     -0.057      2.170      2.227      0.498
   306        130  K_L0                91   257   257     0     0     0     0      0.045     -0.037      6.336      6.356      0.498
   307        310  K_S0                91   276   276     0     0     0     0     -0.163     -0.192      2.386      2.450      0.498
   308        130  K_L0                91   278   278     0     0     0     0      0.442     -0.373      2.591      2.701      0.498
   309        310  (K_S0)             -91   290   290   398   399     0     0     -0.039      0.127      3.507      3.544      0.498
   310         22  gamma               91   128     0     0     0     0     0     -0.267     -0.061     -0.071      0.283      0.000
   311         22  gamma               91   128     0     0     0     0     0     -0.049     -0.060      0.031      0.084      0.000
   312        211  pi+                 91   129     0     0     0     0     0      0.092      0.178      0.566      0.617      0.140
   313       -211  pi-                 91   129     0     0     0     0     0      0.083      0.161      0.001      0.229      0.140
   314        111  (pi0)              -91   129     0   400   401     0     0      0.198     -0.103      0.109      0.283      0.135
   315         22  gamma               91   132     0     0     0     0     0     -0.009      0.117     -0.275      0.299      0.000
   316         22  gamma               91   132     0     0     0     0     0     -0.041      0.455     -1.962      2.014      0.000
   317        211  pi+                 91   137     0     0     0     0     0      0.029     -0.188      1.584      1.602      0.140
   318       -211  pi-                 91   137     0     0     0     0     0      0.111      0.034      1.064      1.080      0.140
   319         22  gamma               91   137     0     0     0     0     0      0.065     -0.184      3.235      3.241      0.000
   320         22  gamma               91   146     0     0     0     0     0     -0.031     -0.012      0.748      0.749      0.000
   321         22  gamma               91   146     0     0     0     0     0     -0.221     -0.701     15.355     15.373      0.000
   322         22  gamma               91   157     0     0     0     0     0      0.008     -0.061      3.598      3.599      0.000
   323         22  gamma               91   157     0     0     0     0     0      0.068     -0.581     17.039     17.050      0.000
   324        111  (pi0)              -91   158     0   402   403     0     0     -0.064      0.029     42.510     42.511      0.135
   325         22  gamma               91   158     0     0     0     0     0      0.619      0.117     33.858     33.864      0.000
   326         22  gamma               91   159     0     0     0     0     0      0.112     -0.432     13.538     13.545      0.000
   327         22  gamma               91   159     0     0     0     0     0     -0.017     -0.141      2.945      2.948      0.000
   328         22  gamma               91   162     0     0     0     0     0      0.012      0.055      0.103      0.117      0.000
   329         22  gamma               91   162     0     0     0     0     0     -0.222      0.409      0.481      0.669      0.000
   330         22  gamma               91   163     0     0     0     0     0     -0.063     -0.523      0.491      0.720      0.000
   331         22  gamma               91   163     0     0     0     0     0     -0.021     -0.333      0.180      0.379      0.000
   332         22  gamma               91   164     0     0     0     0     0      0.351      0.009     -1.400      1.444      0.000
   333         22  gamma               91   164     0     0     0     0     0      0.531     -0.079     -1.640      1.725      0.000
   334         22  gamma               91   177     0     0     0     0     0     -0.015      0.654    123.422    123.424      0.000
   335         22  gamma               91   177     0     0     0     0     0     -0.035      0.046     15.003     15.003      0.000
   336         22  gamma               91   186     0     0     0     0     0      0.126      0.068      0.155      0.211      0.000
   337         22  gamma               91   186     0     0     0     0     0      0.934      0.732      0.842      1.455      0.000
   338        511  (B0)               -91   189     0   404   410     0     0     57.299     32.521     83.921    106.824      5.280
   339         22  gamma               91   189     0     0     0     0     0      0.698      0.353      1.025      1.289      0.000
   340       -531  (B_sbar0)          -91   196     0   411   413     0     0    -18.910    -40.910    -24.908     51.773      5.367
   341         22  gamma               91   196     0     0     0     0     0     -0.306     -0.711     -0.413      0.877      0.000
   342         22  gamma               91   200     0     0     0     0     0     -0.077     -0.213     -0.118      0.255      0.000
   343         22  gamma               91   200     0     0     0     0     0     -0.872     -2.721     -2.034      3.507      0.000
   344        111  (pi0)              -91   212     0   414   415     0     0     -0.144      0.394     -0.569      0.720      0.135
   345         22  gamma               91   212     0     0     0     0     0     -0.439     -0.190     -0.121      0.493      0.000
   346        111  (pi0)              -91   216     0   416   417     0     0     -0.615     -0.479      3.155      3.253      0.135
   347         22  gamma               91   216     0     0     0     0     0      0.089     -0.011      2.540      2.542      0.000
   348        211  pi+                 91   218     0     0     0     0     0      0.166      0.019    230.839    230.839      0.140
   349       -211  pi-                 91   218     0     0     0     0     0     -0.162      0.117     96.824     96.825      0.140
   350        111  (pi0)              -91   218     0   418   419     0     0     -0.239      0.038    349.358    349.358      0.135
   351        111  (pi0)              -91   219     0   420   421     0     0      0.043     -0.065    158.774    158.774      0.135
   352        111  (pi0)              -91   219     0   422   423     0     0     -0.095      0.168    179.390    179.391      0.135
   353        111  (pi0)              -91   219     0   424   425     0     0     -0.006     -0.007    245.378    245.378      0.135
   354        111  (pi0)              -91   229     0   426   427     0     0     -0.202     -0.191     -5.096      5.106      0.135
   355         22  gamma               91   229     0     0     0     0     0     -0.040      0.115    -29.098     29.098      0.000
   356         22  gamma               91   230     0     0     0     0     0      0.073     -0.160     -2.186      2.193      0.000
   357         22  gamma               91   230     0     0     0     0     0      0.197     -0.145     -4.569      4.576      0.000
   358         22  gamma               91   231     0     0     0     0     0      0.064      0.448     -8.005      8.017      0.000
   359         22  gamma               91   231     0     0     0     0     0     -0.029      0.287     -3.835      3.845      0.000
   360        113  (rho0)             -91   232     0   428   429     0     0     -0.129     -0.404     -8.443      8.487      0.755
   361         22  gamma               91   232     0     0     0     0     0     -0.167     -0.058     -4.211      4.215      0.000
   362         22  gamma               91   234     0     0     0     0     0      0.264     -0.265      0.058      0.378      0.000
   363         22  gamma               91   234     0     0     0     0     0      0.009     -0.044     -0.033      0.056      0.000
   364        113  (rho0)             -91   235     0   430   431     0     0     -0.354      0.652      0.049      1.118      0.835
   365         22  gamma               91   235     0     0     0     0     0     -0.098     -0.020     -0.058      0.115      0.000
   366        211  pi+                 91   236     0     0     0     0     0     -0.023      0.028      0.226      0.268      0.140
   367       -211  pi-                 91   236     0     0     0     0     0      0.339      0.097      0.066      0.385      0.140
   368        111  (pi0)              -91   236     0   432   433     0     0      0.102     -0.196     -0.058      0.266      0.135
   369         22  gamma               91   241     0     0     0     0     0      0.004      0.070      1.436      1.438      0.000
   370         22  gamma               91   241     0     0     0     0     0     -0.132      0.037      4.912      4.914      0.000
   371         22  gamma               91   243     0     0     0     0     0     -0.176      0.089      1.057      1.076      0.000
   372         22  gamma               91   243     0     0     0     0     0     -0.464      0.051      1.909      1.965      0.000
   373         22  gamma               91   246     0     0     0     0     0     -0.039     -0.016      0.049      0.065      0.000
   374         22  gamma               91   246     0     0     0     0     0      0.053     -0.069      0.495      0.503      0.000
   375         22  gamma               91   248     0     0     0     0     0     -0.183     -0.101     -0.346      0.404      0.000
   376         22  gamma               91   248     0     0     0     0     0     -0.218     -0.038     -0.183      0.287      0.000
   377         22  gamma               91   250     0     0     0     0     0      0.116      0.178     -0.112      0.241      0.000
   378         22  gamma               91   250     0     0     0     0     0      0.029      0.084     -0.174      0.196      0.000
   379        211  pi+                 91   253     0     0     0     0     0      0.106     -0.011      0.551      0.578      0.140
   380       -211  pi-                 91   253     0     0     0     0     0      0.314     -0.089      0.155      0.388      0.140
   381         22  gamma               91   258     0     0     0     0     0      0.278     -0.145     11.351     11.355      0.000
   382         22  gamma               91   258     0     0     0     0     0     -0.003      0.005      1.693      1.693      0.000
   383         22  gamma               91   265     0     0     0     0     0     -0.030      0.249      8.891      8.895      0.000
   384         22  gamma               91   265     0     0     0     0     0     -0.011      0.072      6.728      6.729      0.000
   385         22  gamma               91   271     0     0     0     0     0      0.505     -0.069      0.925      1.056      0.000
   386         22  gamma               91   271     0     0     0     0     0      0.020     -0.015      0.137      0.139      0.000
   387         22  gamma               91   275     0     0     0     0     0      0.247      0.031     68.781     68.781      0.000
   388         11  e-                  91   275     0     0     0     0     0      0.003      0.037      7.703      7.703      0.001
   389        -11  e+                  91   275     0     0     0     0     0      0.006      0.010      2.174      2.175      0.001
   390        211  pi+                 91   282     0     0     0     0     0     -0.083     -0.274     -0.815      0.875      0.140
   391       -211  pi-                 91   282     0     0     0     0     0      0.020      0.141     -0.451      0.493      0.140
   392         22  gamma               91   286     0     0     0     0     0      0.022     -0.019    -13.944     13.944      0.000
   393         22  gamma               91   286     0     0     0     0     0      0.234     -0.555   -118.601    118.603      0.000
   394         22  gamma               91   288     0     0     0     0     0      0.261      0.426   1294.106   1294.106      0.000
   395         22  gamma               91   288     0     0     0     0     0      0.087      0.181    783.742    783.742      0.000
   396         22  gamma               91   295     0     0     0     0     0      0.021      0.193   -391.131    391.131      0.000
   397         22  gamma               91   295     0     0     0     0     0     -0.060      0.059    -94.832     94.832      0.000
   398        211  pi+                 91   309     0     0     0     0     0     -0.103      0.222      1.296      1.326      0.140
   399       -211  pi-                 91   309     0     0     0     0     0      0.064     -0.095      2.211      2.218      0.140
   400         22  gamma               91   314     0     0     0     0     0      0.147     -0.102      0.136      0.225      0.000
   401         22  gamma               91   314     0     0     0     0     0      0.051     -0.001     -0.027      0.057      0.000
   402         22  gamma               91   324     0     0     0     0     0      0.010     -0.042     18.687     18.687      0.000
   403         22  gamma               91   324     0     0     0     0     0     -0.074      0.071     23.823     23.823      0.000
   404        411  (D+)               -92   338     0   434   436     0     0     19.927     11.475     29.455     37.414      1.870
   405        223  (omega)            -92   338     0   437   439     0     0     10.245      5.911     15.204     19.279      0.782
   406       -211  pi-                 92   338     0     0     0     0     0      1.966      0.996      2.909      3.652      0.140
   407       -311  (Kbar0)            -92   338     0   440   440     0     0      5.379      3.019      7.766      9.930      0.498
   408        313  (K*0)              -92   338     0   441   442     0     0      9.148      5.009     13.145     16.805      0.900
   409        213  (rho+)             -92   338     0   443   444     0     0      9.284      5.283     13.361     17.126      0.816
   410       -211  pi-                 92   338     0     0     0     0     0      1.350      0.827      2.080      2.618      0.140
   411        -14  nu_mubar            91   340     0     0     0     0     0    -10.196    -24.212    -13.977     29.759      0.000
   412         13  mu-                 91   340     0     0     0     0     0     -0.963     -2.467     -2.422      3.590      0.106
   413        433  (D*_s+)            -91   340     0   445   446     0     0     -7.750    -14.231     -8.509     18.424      2.112
   414         22  gamma               91   344     0     0     0     0     0     -0.139      0.308     -0.360      0.493      0.000
   415         22  gamma               91   344     0     0     0     0     0     -0.005      0.086     -0.209      0.226      0.000
   416         22  gamma               91   346     0     0     0     0     0     -0.496     -0.315      2.411      2.482      0.000
   417         22  gamma               91   346     0     0     0     0     0     -0.119     -0.164      0.744      0.771      0.000
   418         22  gamma               91   350     0     0     0     0     0     -0.008     -0.004      1.217      1.217      0.000
   419         22  gamma               91   350     0     0     0     0     0     -0.231      0.041    348.141    348.141      0.000
   420         22  gamma               91   351     0     0     0     0     0     -0.006     -0.052    139.239    139.239      0.000
   421         22  gamma               91   351     0     0     0     0     0      0.049     -0.012     19.535     19.535      0.000
   422         22  gamma               91   352     0     0     0     0     0     -0.012     -0.014     47.507     47.507      0.000
   423         22  gamma               91   352     0     0     0     0     0     -0.083      0.181    131.884    131.884      0.000
   424         22  gamma               91   353     0     0     0     0     0      0.013     -0.069    120.776    120.776      0.000
   425         22  gamma               91   353     0     0     0     0     0     -0.019      0.062    124.602    124.602      0.000
   426         22  gamma               91   354     0     0     0     0     0     -0.218     -0.193     -4.909      4.917      0.000
   427         22  gamma               91   354     0     0     0     0     0      0.017      0.001     -0.188      0.189      0.000
   428        211  pi+                 91   360     0     0     0     0     0      0.000      0.190     -1.896      1.910      0.140
   429       -211  pi-                 91   360     0     0     0     0     0     -0.129     -0.595     -6.547      6.577      0.140
   430        211  pi+                 91   364     0     0     0     0     0     -0.211      0.575     -0.309      0.700      0.140
   431       -211  pi-                 91   364     0     0     0     0     0     -0.143      0.077      0.359      0.418      0.140
   432         22  gamma               91   368     0     0     0     0     0     -0.018     -0.058     -0.056      0.083      0.000
   433         22  gamma               91   368     0     0     0     0     0      0.120     -0.138     -0.002      0.183      0.000
   434        311  (K0)               -91   404     0   447   447     0     0     13.053      7.174     20.083     25.009      0.498
   435        211  pi+                 91   404     0     0     0     0     0      4.752      3.212      6.756      8.863      0.140
   436        111  (pi0)              -91   404     0   448   449     0     0      2.122      1.089      2.615      3.542      0.135
   437        211  pi+                 91   405     0     0     0     0     0      1.640      0.862      2.060      2.775      0.140
   438       -211  pi-                 91   405     0     0     0     0     0      5.250      3.091      7.902      9.979      0.140
   439        111  (pi0)              -91   405     0   450   451     0     0      3.355      1.957      5.241      6.525      0.135
   440        130  K_L0                91   407   407     0     0     0     0      5.379      3.019      7.766      9.930      0.498
   441        321  K+                  91   408     0     0     0     0     0      6.702      3.688     10.083     12.666      0.494
   442       -211  pi-                 91   408     0     0     0     0     0      2.446      1.322      3.063      4.139      0.140
   443        211  pi+                 91   409     0     0     0     0     0      8.398      4.969     12.313     15.711      0.140
   444        111  (pi0)              -91   409     0   452   453     0     0      0.886      0.314      1.048      1.415      0.135
   445        431  (D_s+)             -91   413     0   454   455     0     0     -7.313    -13.517     -8.213     17.536      1.968
   446         22  gamma               91   413     0     0     0     0     0     -0.437     -0.714     -0.296      0.888      0.000
   447        130  K_L0                91   434   434     0     0     0     0     13.053      7.174     20.083     25.009      0.498
   448         22  gamma               91   436     0     0     0     0     0      1.623      0.772      1.998      2.687      0.000
   449         22  gamma               91   436     0     0     0     0     0      0.500      0.317      0.617      0.855      0.000
   450         22  gamma               91   439     0     0     0     0     0      0.555      0.288      0.780      0.999      0.000
   451         22  gamma               91   439     0     0     0     0     0      2.800      1.669      4.462      5.526      0.000
   452         22  gamma               91   444     0     0     0     0     0      0.778      0.321      0.931      1.255      0.000
   453         22  gamma               91   444     0     0     0     0     0      0.108     -0.006      0.118      0.160      0.000
   454        221  (eta)              -91   445     0   456   457     0     0     -2.241     -4.166     -3.331      5.812      0.548
   455        213  (rho+)             -91   445     0   458   459     0     0     -5.071     -9.350     -4.882     11.724      0.685
   456         22  gamma               91   454     0     0     0     0     0     -0.164     -0.116     -0.222      0.300      0.000
   457         22  gamma               91   454     0     0     0     0     0     -2.078     -4.050     -3.109      5.512      0.000
   458        211  pi+                 91   455     0     0     0     0     0     -0.647     -1.578     -0.896      1.932      0.140
   459        111  (pi0)              -91   455     0   460   461     0     0     -4.424     -7.772     -3.986      9.792      0.135
   460         22  gamma               91   459     0     0     0     0     0     -0.738     -1.268     -0.707      1.628      0.000
   461         22  gamma               91   459     0     0     0     0     0     -3.687     -6.504     -3.279      8.164      0.000
                                   Charge sum:  2.000           Momentum sum:     -0.000      0.000     -0.000  13000.000  13000.000

 --------  End PYTHIA Event Listing  -----------------------------------------------------------------------------------------------
#--------------------------------------------------------------------------
#                     FastJet release 3.4.0 [fjcore]
#                 M. Cacciari, G.P. Salam and G. Soyez                  
#     A software package for jet finding and analysis at colliders      
#                           http://fastjet.fr                           
#	                                                                      
# Please cite EPJC72(2012)1896 [arXiv:1111.6097] if you use this package
# for scientific work and optionally PLB641(2006)57 [hep-ph/0512210].   
#                                                                       
# FastJet is provided without warranty under the GNU GPL v2 or higher.  
# It uses T. Chan's closest pair algorithm, S. Fortune's Voronoi code
# and 3rd party plugin jet algorithms. See COPYING file for details.
#--------------------------------------------------------------------------
 PYTHIA Warning in SimpleTimeShower::findMEcorr: ME weight above PS one  
 PYTHIA Warning in SimpleSpaceShower::pT2nextQCD: weight above unity  
 PYTHIA Warning in Pythia::check: energy-momentum not quite conserved  
 PYTHIA Warning in SimpleTimeShower::pTnext: negative dipole mass.  
 PYTHIA Warning in SimpleSpaceShower::pT2nextQCD: small daughter PDF  
 PYTHIA Error in BeamRemnants::setKinematics: kinematics construction failed  
 PYTHIA Warning in StringFragmentation::fragmentToJunction: bad convergence junction rest frame  
 PYTHIA Error in SimpleSpaceShower::pT2nearThreshold: stuck in loop  

 Pythia::next(): 1000 events have been generated 
 PYTHIA Warning in ColConfig::collect: negative-energy parton encountered  
 PYTHIA Error in Pythia::check: unmatched particle energy/momentum/mass  
 PYTHIA Error in Pythia::next: check of event revealed problems  

 Pythia::next(): 2000 events have been generated 

 Pythia::next(): 3000 events have been generated 
 PYTHIA Warning in TauDecays::decay: maximum decay weight exceeded in tau decay  
 PYTHIA Error in StringFragmentation::fragment: stuck in joining  
 PYTHIA Error in Pythia::next: hadronLevel failed; try again  

 Pythia::next(): 4000 events have been generated 

 Pythia::next(): 5000 events have been generated 

 Pythia::next(): 6000 events have been generated 

 Pythia::next(): 7000 events have been generated 
 PYTHIA Warning in StringFragmentation::fragmentToJunction: Negative invariant masses in junction rest frame  

 *-------  PYTHIA Event and Cross Section Statistics  -------------------------------------------------------------*
 |                                                                                                                 |
 | Subprocess                                    Code |            Number of events       |      sigma +- delta    |
 |                                                    |       Tried   Selected   Accepted |     (estimated) (mb)   |
 |                                                    |                                   |                        |
 |-----------------------------------------------------------------------------------------------------------------|
 |                                                    |                                   |                        |
 | Les Houches User Process(es)                  9999 |        7998       7998       7998 |   8.386e-08  0.000e+00 |
 |    ... whereof user classification code     322200 |        7998       7998       7998 |                        | 
 |                                                    |                                   |                        |
 | sum                                                |        7998       7998       7998 |   8.386e-08  0.000e+00 |
 |                                                                                                                 |
 *-------  End PYTHIA Event and Cross Section Statistics ----------------------------------------------------------*

 *-------  PYTHIA Error and Warning Messages Statistics  ----------------------------------------------------------* 
 |                                                                                                                 | 
 |  times   message                                                                                                | 
 |                                                                                                                 | 
 |     11   Error in BeamRemnants::setKinematics: kinematics construction failed                                   | 
 |     14   Error in Pythia::check: unmatched particle energy/momentum/mass                                        | 
 |      1   Error in Pythia::next: check of event revealed problems                                                | 
 |      3   Error in Pythia::next: hadronLevel failed; try again                                                   | 
 |      5   Error in SimpleSpaceShower::pT2nearThreshold: stuck in loop                                            | 
 |      3   Error in StringFragmentation::fragment: stuck in joining                                               | 
 |      4   Warning in ColConfig::collect: negative-energy parton encountered                                      | 
 |      2   Warning in Pythia::check: energy-momentum not quite conserved                                          | 
 |   4149   Warning in SimpleSpaceShower::pT2nextQCD: small daughter PDF                                           | 
 |   2726   Warning in SimpleSpaceShower::pT2nextQCD: weight above unity                                           | 
 |     80   Warning in SimpleTimeShower::findMEcorr: ME weight above PS one                                        | 
 |     20   Warning in SimpleTimeShower::pTnext: negative dipole mass.                                             | 
 |      1   Warning in StringFragmentation::fragmentToJunction: Negative invariant masses in junction rest frame   | 
 |     18   Warning in StringFragmentation::fragmentToJunction: bad convergence junction rest frame                | 
 |      1   Warning in TauDecays::decay: maximum decay weight exceeded in tau decay                                | 
 |      2   Warning in TimeShower::init: pTmin too low                                                             | 
 |                                                                                                                 | 
 *-------  End PYTHIA Error and Warning Messages Statistics  ------------------------------------------------------* 
Using LHE File: /nfs/dust/cms/user/amoroso/powheg/POWHEG-BOX-V2/ttJ_MiNNLOPS_v1.0_beta1/decay-ll/pwgevents-0645.lhe
less then 10000 events in LHE, using all LHE events
np.shape(P0) = (7998, 3, 9)
np.shape(nJets) = (7998, 2)
np.shape(jets_4vectors) = (7998, 20, 6)
