Configured CUDA from: /cvmfs/sft.cern.ch/lcg/releases/cuda/12.4-4899e/x86_64-el9-gcc11-opt

 *------------------------------------------------------------------------------------* 
 |                                                                                    | 
 |  *------------------------------------------------------------------------------*  | 
 |  |                                                                              |  | 
 |  |                                                                              |  | 
 |  |   PPP   Y   Y  TTTTT  H   H  III    A      Welcome to the Lund Monte Carlo!  |  | 
 |  |   P  P   Y Y     T    H   H   I    A A     This is PYTHIA version 8.309      |  | 
 |  |   PPP     Y      T    HHHHH   I   AAAAA    Last date of change: 16 Feb 2023  |  | 
 |  |   P       Y      T    H   H   I   A   A                                      |  | 
 |  |   P       Y      T    H   H  III  A   A    Now is 03 Sep 2024 at 19:04:19    |  | 
 |  |                                                                              |  | 
 |  |   Program documentation and an archive of historic versions is found on:     |  | 
 |  |                                                                              |  | 
 |  |                               https://pythia.org/                            |  | 
 |  |                                                                              |  | 
 |  |   PYTHIA is authored by a collaboration consisting of:                       |  | 
 |  |                                                                              |  | 
 |  |   Christian Bierlich, Nishita Desai, Leif Gellersen, Ilkka Helenius, Philip  |  | 
 |  |   Ilten, Leif Lonnblad, Stephen Mrenna, Stefan Prestel, Christian Preuss,    |  | 
 |  |   Torbjorn Sjostrand, Peter Skands, Marius Utheim and Rob Verheyen.          |  | 
 |  |                                                                              |  | 
 |  |   The complete list of authors, including contact information and            |  | 
 |  |   affiliations, can be found on https://pythia.org/.                         |  | 
 |  |   Problems or bugs should be reported on email at authors@pythia.org.        |  | 
 |  |                                                                              |  | 
 |  |   The main program reference is C. Bierlich et al,                           |  | 
 |  |   'A comprehensive guide to the physics and usage of Pythia 8.3',            |  | 
 |  |   SciPost Phys. Codebases 8-r8.3 (2022) [arXiv:2203.11601 [hep-ph]]          |  | 
 |  |                                                                              |  | 
 |  |   PYTHIA is released under the GNU General Public Licence version 2 or later.|  | 
 |  |   Please respect the MCnet Guidelines for Event Generator Authors and Users. |  | 
 |  |                                                                              |  | 
 |  |   Disclaimer: this program comes without any guarantees.                     |  | 
 |  |   Beware of errors and use common sense when interpreting results.           |  | 
 |  |                                                                              |  | 
 |  |   Copyright (C) 2023 Torbjorn Sjostrand                                      |  | 
 |  |                                                                              |  | 
 |  |                                                                              |  | 
 |  *------------------------------------------------------------------------------*  | 
 |                                                                                    | 
 *------------------------------------------------------------------------------------* 


 *-------  PYTHIA Process Initialization  --------------------------*
 |                                                                  |
 | We collide p+ with p+ at a CM energy of 1.300e+04 GeV            |
 |                                                                  |
 |------------------------------------------------------------------|
 |                                                    |             |
 | Subprocess                                    Code |   Estimated |
 |                                                    |    max (mb) |
 |                                                    |             |
 |------------------------------------------------------------------|
 |                                                    |             |
 | Les Houches User Process(es)                  9999 |   1.000e-09 |
 |                                                                  |
 *-------  End PYTHIA Process Initialization -----------------------*
 PYTHIA Warning in TimeShower::init: pTmin too low , raised to 0.611

 *-------  PYTHIA Multiparton Interactions Initialization  ---------* 
 |                                                                  | 
 |                   sigmaNonDiffractive =    55.51 mb              | 
 |                                                                  | 
 |    pT0 =  1.44 gives sigmaInteraction =   396.42 mb: accepted    | 
 |                                                                  | 
 *-------  End PYTHIA Multiparton Interactions Initialization  -----* 

 *-------  PYTHIA Flag + Mode + Parm + Word + FVec + MVec + PVec + WVec Settings (changes only)  ------------------* 
 |                                                                                                                 | 
 | Name                                          |                      Now |      Default         Min         Max | 
 |                                               |                          |                                      | 
 | Beams:frameType                               |                        4 |            1           1           5 | 
 | Beams:LHEF                                    | /nfs/dust/cms/user/amoroso/powheg/POWHEG-BOX-V2/ttJ_MiNNLOPS_v1.0_beta1/decay-ll/pwgevents-0098.lhe |         void | 
 | ColourReconnection:range                      |                  5.17600 |      1.80000         0.0    10.00000 | 
 | Main:timesAllowErrors                         |                      500 |           10           0             | 
 | MultipartonInteractions:alphaSorder           |                        2 |            1           0           3 | 
 | MultipartonInteractions:alphaSvalue           |                  0.11800 |      0.13000   0.0600000     0.25000 | 
 | MultipartonInteractions:bProfile              |                        2 |            3           0           4 | 
 | MultipartonInteractions:coreFraction          |                  0.63000 |      0.50000         0.0     1.00000 | 
 | MultipartonInteractions:coreRadius            |                  0.76340 |      0.40000     0.10000     1.00000 | 
 | MultipartonInteractions:ecmPow                |                0.0334400 |      0.21500         0.0     0.50000 | 
 | MultipartonInteractions:pT0Ref                |                  1.41000 |      2.28000     0.50000    10.00000 | 
 | ParticleDecays:limitTau                       |                       on |          off                         | 
 | PartonLevel:FSR                               |                      off |           on                         | 
 | PDF:pSet                                      |                       20 |           13                         | 
 | Random:seed                                   |                       98 |           -1               900000000 | 
 | Random:setSeed                                |                       on |          off                         | 
 | SigmaProcess:alphaSorder                      |                        2 |            1           0           3 | 
 | SigmaProcess:alphaSvalue                      |                  0.11800 |      0.13000   0.0600000     0.25000 | 
 | SigmaTotal:mode                               |                        0 |            1           0           4 | 
 | SigmaTotal:sigmaEl                            |                 21.89000 |     25.00000         0.0             | 
 | SigmaTotal:sigmaTot                           |                100.30900 |    100.00000         0.0             | 
 | SigmaTotal:zeroAXB                            |                      off |           on                         | 
 | SpaceShower:alphaSorder                       |                        2 |            1           0           3 | 
 | SpaceShower:alphaSvalue                       |                  0.11800 |      0.13650   0.0600000     0.25000 | 
 | SpaceShower:dipoleRecoil                      |                       on |          off                         | 
 | SpaceShower:pTmaxMatch                        |                        1 |            0           0           2 | 
 | TimeShower:alphaSorder                        |                        2 |            1           0           3 | 
 | TimeShower:alphaSvalue                        |                  0.11800 |      0.13650   0.0600000     0.25000 | 
 |                                                                                                                 | 
 *-------  End PYTHIA Flag + Mode + Parm + Word + FVec + MVec + PVec + WVec Settings  -----------------------------* 

 --------  PYTHIA Particle Data Table (changed only)  ------------------------------------------------------------------------------
 
      id   name            antiName         spn chg col      m0        mWidth      mMin       mMax       tau0    res dec ext vis wid
             no onMode   bRatio   meMode     products 

       6  t                tbar               2   2   1  173.00000    1.36916   86.00000    0.00000  1.44122e-13   1   1   0   1   0
              0     1   0.0000664    0       24        1 
              1     1   0.0017361    0       24        3 
              2     1   0.9981975    0       24        5 
              3     1   0.0000000    0       37        5 

 --------  End PYTHIA Particle Data Table  -----------------------------------------------------------------------------------------


 --------  LHA event information and listing  ---------------------------------------------------------------------- 

    process =   322200    weight =   1.0325e+02     scale =   1.5906e+01 (GeV) 
                        alpha_em =  -1.0000e+00    alpha_strong =   1.7497e-01

    Participating Particles 
    no        id stat     mothers     colours      p_x        p_y        p_z         e          m        tau    spin 
     1        21   -1     0     0   512   513      0.000      0.000    719.941    719.941      0.000   0.000   9.000
     2        21   -1     0     0   513   514      0.000      0.000   -195.125    195.125      0.000   0.000   9.000
     3         6    2     1     2   511     0    101.494   -158.518    472.017    536.401    171.748   0.000   9.000
     4        -6    2     1     2     0   514    -82.102    135.971    -74.548    246.445    173.058   0.000   9.000
     5        21    1     1     2   512   515     -8.326      5.748     81.848     82.470      0.000   0.000   9.000
     6        21    1     1     2   515   511    -11.067     16.799     45.500     49.748      0.000   0.000   9.000
     7         5    1     3     3   511     0    109.729    -59.049    200.776    236.352      4.920   0.000  -1.000
     8        24    2     3     3     0     0     -8.235    -99.468    271.241    300.049     80.597   0.000   9.000
     9        -5    1     4     4     0   514    -86.826    105.342    -81.536    159.085      4.920   0.000   1.000
    10       -24    2     4     4     0     0      4.725     30.629      6.988     87.360     81.379   0.000   9.000
    11       -15    1     8     8     0     0    -12.763    -86.234    120.912    149.070      1.777   0.000   1.000
    12        16    1     8     8     0     0      4.528    -13.235    150.329    150.979      0.000   0.000  -1.000
    13        11    1    10    10     0     0     -7.080      2.509    -34.815     35.616      0.001   0.000  -1.000
    14       -12    1    10    10     0     0     11.804     28.119     41.803     51.744      0.000   0.000   1.000

 --------  End LHA event information and listing  ------------------------------------------------------------------ 

 --------  PYTHIA Info Listing  ---------------------------------------- 
 
 Beam A: id =   2212, pz =  6.500e+03, e =  6.500e+03, m =  9.383e-01.
 Beam B: id =   2212, pz = -6.500e+03, e =  6.500e+03, m =  9.383e-01.

 In 1: id =   21, x =  1.108e-01, pdf =  0.000e+00 at Q2 =  2.530e+02.
 In 2: id =   21, x =  3.002e-02, pdf =  0.000e+00 at same Q2.

 Process Les Houches User Process(es) with code 9999 is 2 -> 4.
 Subprocess user process 322200 with code 322200 is 2 -> 4.
     alphaEM =  7.666e-03,  alphaS =  1.750e-01    at Q2 =  2.530e+02.

 Impact parameter b =  9.753e-01 gives enhancement factor =  6.360e-01.
 Max pT scale for MPI =  1.300e+04, ISR =  1.591e+01, FSR =  1.591e+01.
 Number of MPI =     4, ISR =     6, FSRproc =     0, FSRreson =     0.

 --------  End PYTHIA Info Listing  ------------------------------------

 --------  PYTHIA Event Listing  (hard process)  -----------------------------------------------------------------------------------
 
    no         id  name            status     mothers   daughters     colours      p_x        p_y        p_z         e          m 
     0         90  (system)           -11     0     0     0     0     0     0      0.000      0.000      0.000  13000.000  13000.000
     1       2212  (p+)               -12     0     0     3     0     0     0      0.000      0.000   6500.000   6500.000      0.938
     2       2212  (p+)               -12     0     0     4     0     0     0      0.000      0.000  -6500.000   6500.000      0.938
     3         21  (g)                -21     1     0     5     8   512   513      0.000      0.000    719.941    719.941      0.000
     4         21  (g)                -21     2     0     5     8   513   514      0.000      0.000   -195.125    195.125      0.000
     5          6  (t)                -22     3     4     9    10   511     0    101.494   -158.518    472.017    536.401    171.748
     6         -6  (tbar)             -22     3     4    11    12     0   514    -82.102    135.971    -74.548    246.445    173.058
     7         21  g                   23     3     4     0     0   512   515     -8.326      5.748     81.848     82.470      0.000
     8         21  g                   23     3     4     0     0   515   511    -11.067     16.799     45.500     49.748      0.000
     9          5  b                   23     5     0     0     0   511     0    109.729    -59.049    200.776    236.352      4.920
    10         24  (W+)               -22     5     0    13    14     0     0     -8.235    -99.468    271.241    300.049     80.597
    11         -5  bbar                23     6     0     0     0     0   514    -86.826    105.342    -81.536    159.085      4.920
    12        -24  (W-)               -22     6     0    15    16     0     0      4.725     30.629      6.988     87.360     81.379
    13        -15  tau+                23    10     0     0     0     0     0    -12.763    -86.234    120.912    149.070      1.777
    14         16  nu_tau              23    10     0     0     0     0     0      4.528    -13.235    150.329    150.979      0.000
    15         11  e-                  23    12     0     0     0     0     0     -7.080      2.509    -34.815     35.616      0.001
    16        -12  nu_ebar             23    12     0     0     0     0     0     11.804     28.119     41.803     51.744      0.000
                                   Charge sum:  0.000           Momentum sum:      0.000      0.000    524.816    915.065    749.608

 --------  End PYTHIA Event Listing  -----------------------------------------------------------------------------------------------

 --------  PYTHIA Event Listing  (complete event)  ---------------------------------------------------------------------------------
 
    no         id  name            status     mothers   daughters     colours      p_x        p_y        p_z         e          m 
     0         90  (system)           -11     0     0     0     0     0     0      0.000      0.000      0.000  13000.000  13000.000
     1       2212  (p+)               -12     0     0    78     0     0     0      0.000      0.000   6500.000   6500.000      0.938
     2       2212  (p+)               -12     0     0    79     0     0     0      0.000      0.000  -6500.000   6500.000      0.938
     3         21  (g)                -21     9     9     5     8   512   513      0.000      0.000    719.941    719.941      0.000
     4         21  (g)                -21    10     0     5     8   513   514      0.000      0.000   -195.125    195.125      0.000
     5          6  (t)                -22     3     4    11    11   511     0    101.494   -158.518    472.017    536.401    171.748
     6         -6  (tbar)             -22     3     4    12    12     0   514    -82.102    135.971    -74.548    246.445    173.058
     7         21  (g)                -23     3     4    13    13   512   515     -8.326      5.748     81.848     82.470      0.000
     8         21  (g)                -23     3     4    14    14   515   511    -11.067     16.799     45.500     49.748      0.000
     9         21  (g)                -42    16     0     3     3   512   513     -0.000     -0.000    719.941    719.941      0.000
    10         21  (g)                -41    17    17    15     4   513   516      0.000      0.000   -222.980    222.980      0.000
    11          6  (t)                -44     5     5    18    18   511     0    101.319   -159.745    474.339    538.775    171.748
    12         -6  (tbar)             -44     6     6    19    19     0   514    -82.972    129.853    -77.054    244.198    173.058
    13         21  (g)                -44     7     7    20    20   512   515     -8.327      5.737     81.694     82.318      0.000
    14         21  (g)                -44     8     8    21    21   515   511    -11.078     16.718     45.170     49.423      0.000
    15         21  (g)                -43    10     0    22    22   514   516      1.058      7.437    -27.188     28.207      0.000
    16         21  (g)                -41    24     0    23     9   512   517      0.000      0.000    798.959    798.959      0.000
    17         21  (g)                -42    25    25    10    10   513   516     -0.000     -0.000   -222.980    222.980      0.000
    18          6  (t)                -44    11    11    26    26   511     0    105.502   -158.036    474.532    539.244    171.748
    19         -6  (tbar)             -44    12    12    27    27     0   514    -82.282    130.135    -76.773    244.026    173.058
    20         21  (g)                -44    13    13    28    28   512   515     -7.650      6.013     81.771     82.348      0.000
    21         21  (g)                -44    14    14    29    29   515   511    -10.688     16.877     45.219     49.435      0.000
    22         21  (g)                -44    15    15    30    30   514   516      1.063      7.439    -27.187     28.206      0.000
    23         21  (g)                -43    16     0    31    31   513   517     -5.944     -2.429     78.417     78.679      0.000
    24         21  (g)                -41    33    33    32    16   512   518     -0.000      0.000    987.025    987.025      0.000
    25         21  (g)                -42    34     0    17    17   513   516     -0.000     -0.000   -222.980    222.980      0.000
    26          6  (t)                -44    18    18    35    35   511     0    105.502   -158.036    474.532    539.244    171.748
    27         -6  (tbar)             -44    19    19    36    36     0   514    -82.282    130.135    -76.773    244.026    173.058
    28         21  (g)                -44    20    20    37    37   512   515     -2.683      4.301     24.411     24.931      0.000
    29         21  (g)                -44    21    21    38    38   515   511    -10.688     16.877     45.219     49.435      0.000
    30         21  (g)                -44    22    22    39    39   514   516      1.063      7.439    -27.187     28.206      0.000
    31         21  (g)                -44    23    23    40    40   513   517     -5.944     -2.429     78.417     78.679      0.000
    32         21  (g)                -43    24     0    41    41   517   518     -4.968      1.713    245.427    245.483      0.000
    33         21  (g)                -42    43     0    24    24   512   518     -0.000      0.000    987.025    987.025      0.000
    34          3  (s)                -41    44    44    42    25   513     0     -0.000     -0.000   -840.564    840.564      0.000
    35          6  (t)                -44    26    26    45    45   511     0    105.502   -158.036    474.532    539.244    171.748
    36         -6  (tbar)             -44    27    27    46    46     0   514    -82.282    130.135    -76.773    244.026    173.058
    37         21  (g)                -44    28    28    47    47   512   515     -2.683      4.301     24.411     24.931      0.000
    38         21  (g)                -44    29    29    48    48   515   511    -10.688     16.877     45.219     49.435      0.000
    39         21  (g)                -44    30    30    49    49   514   516      3.985      9.102    -48.386     49.395      0.000
    40         21  (g)                -44    31    31    50    50   513   517     -5.944     -2.429     78.417     78.679      0.000
    41         21  (g)                -44    32    32    51    51   517   518     -4.968      1.713    245.427    245.483      0.000
    42          3  (s)                -43    34     0    52    52   516     0     -2.922     -1.663   -596.385    596.395      0.500
    43         21  (g)                -41    58     0    53    33   519   518     -0.000      0.000   1076.827   1076.827      0.000
    44          3  (s)                -42    59    59    34    34   513     0     -0.000     -0.000   -840.564    840.564      0.000
    45          6  (t)                -44    35    35    60    60   511     0    105.502   -158.036    474.532    539.244    171.748
    46         -6  (tbar)             -44    36    36    61    61     0   514    -82.282    130.135    -76.773    244.026    173.058
    47         21  (g)                -44    37    37    62    62   512   515     -2.683      4.301     24.411     24.931      0.000
    48         21  (g)                -44    38    38    63    63   515   511    -10.688     16.877     45.219     49.435      0.000
    49         21  (g)                -44    39    39    64    64   514   516      3.985      9.102    -48.386     49.395      0.000
    50         21  (g)                -44    40    40    65    65   513   517     -5.944     -2.429     78.417     78.679      0.000
    51         21  (g)                -44    41    41    66    66   517   518     -3.119     -0.589    161.889    161.920      0.000
    52          3  (s)                -44    42    42    67    67   516     0     -2.922     -1.663   -596.385    596.395      0.500
    53         21  (g)                -43    43     0    68    68   519   512     -1.849      2.301    173.340    173.365      0.000
    54          2  (u)                -31    90    90    56    57   520     0      0.000      0.000     63.000     63.000      0.000
    55         21  (g)                -31    91    91    56    57   521   520      0.000      0.000    -22.902     22.902      0.000
    56          2  (u)                -33    54    55    92    92   522     0      1.286      0.531     62.971     62.987      0.330
    57         21  (g)                -33    54    55    93    93   521   522     -1.286     -0.531    -22.873     22.915      0.000
    58         21  (g)                -41    78    78    69    43   519   523      0.000     -0.000   1170.548   1170.548      0.000
    59          3  (s)                -42    79    79    44    44   513     0     -0.000     -0.000   -840.564    840.564      0.000
    60          6  (t)                -44    45    45    80    80   511     0    105.502   -158.036    474.532    539.244    171.748
    61         -6  (tbar)             -44    46    46    81    81     0   514    -82.282    130.135    -76.773    244.026    173.058
    62         21  (g)                -44    47    47    82    82   512   515     -2.683      4.301     24.411     24.931      0.000
    63         21  (g)                -44    48    48    83    83   515   511    -10.688     16.877     45.219     49.435      0.000
    64         21  (g)                -44    49    49    84    84   514   516      3.985      9.102    -48.386     49.395      0.000
    65         21  (g)                -44    50    50    85    85   513   517     -5.944     -2.429     78.417     78.679      0.000
    66         21  (g)                -44    51    51    86    86   517   518     -3.119     -0.589    161.889    161.920      0.000
    67          3  (s)                -44    52    52    87    87   516     0     -2.922     -1.663   -596.385    596.395      0.500
    68         21  (g)                -44    53    53    88    88   519   512     -1.839      2.698    234.890    234.913      0.000
    69         21  (g)                -43    58     0    89    89   518   523     -0.010     -0.396     32.170     32.173      0.000
    70         -2  (ubar)             -31    94    94    72    73     0   524      0.000      0.000     64.593     64.593      0.000
    71         21  (g)                -31    95    95    72    73   526   525      0.000      0.000    -15.082     15.082      0.000
    72         -2  (ubar)             -33    70    71    96    96     0   525      0.114     -0.633     64.584     64.588      0.330
    73         21  (g)                -33    70    71    97    97   526   524     -0.114      0.633    -15.073     15.087      0.000
    74         21  (g)                -31    98    98    76    77   527   528      0.000      0.000    844.592    844.592      0.000
    75         21  (g)                -31    99    99    76    77   529   527      0.000      0.000     -0.007      0.007      0.000
    76         21  (g)                -33    74    75   100   100   529   530      0.283      0.090      3.291      3.305      0.000
    77         21  (g)                -33    74    75   101   101   530   528     -0.283     -0.090    841.294    841.294      0.000
    78         21  (g)                -61     1     0    58    58   530   523      2.977      0.192   1170.548   1170.552      0.000
    79          3  (s)                -61     2     0    59    59   520     0      1.232     -0.178   -840.563    840.564      0.000
    80          6  (t)                -62    60    60   107   108   511     0    106.839   -157.960    474.505    539.461    171.748
    81         -6  (tbar)             -62    61    61   109   110     0   514    -81.835    130.115    -76.753    243.859    173.058
    82         21  (g)                -62    62    62   148   148   512   515     -2.619      4.305     24.411     24.926      0.000
    83         21  (g)                -62    63    63   147   147   515   511    -10.565     16.885     45.222     49.414      0.000
    84         21  (g)                -62    64    64   123   123   514   526      4.058      9.092    -48.389     49.403      0.000
    85         21  (g)                -62    65    65   185   185   513   517     -5.744     -2.416     78.420     78.668      0.000
    86         21  (g)                -62    66    66   184   184   517   518     -2.707     -0.562    161.891    161.914      0.000
    87          3  (s)                -62    67    67   121   121   516     0     -2.048     -1.790   -596.383    596.389      0.500
    88         21  (g)                -62    68    68   150   150   519   529     -1.242      2.736    234.891    234.910      0.000
    89         21  (g)                -62    69    69   183   183   518   523      0.072     -0.391     32.170     32.173      0.000
    90          2  (u)                -61     1     0    54    54   520     0     -0.739      0.153     62.962     62.966      0.000
    91         21  (g)                -61     2     0    55    55   522   520      0.098     -2.505    -22.843     22.980      0.000
    92          2  (u)                -62    56    56   115   115   522     0      0.547      0.683     62.913     62.920      0.330
    93         21  (g)                -62    57    57   186   186   520   513     -1.188     -3.035    -22.794     23.026      0.000
    94         -2  (ubar)             -61     1     0    70    70     0   520      0.843      0.652     64.557     64.566      0.000
    95         21  (g)                -61     2     0    71    71   520   522     -1.583      1.127    -15.022     15.147      0.000
    96         -2  (ubar)             -62    72    72   116   116     0   522      0.956      0.019     64.521     64.529      0.330
    97         21  (g)                -62    73    73   122   122   526   516     -1.696      1.761    -14.986     15.184      0.000
    98         21  (g)                -61     1     0    74    74   527   527     -0.571     -0.239    850.832    850.832      0.000
    99         21  (g)                -61     2     0    75    75   528   528     -0.035      0.137      0.739      0.752      0.000
   100         21  (g)                -62    76    76   149   149   529   512      0.246      0.225      4.247      4.260      0.000
   101         21  (g)                -62    77    77   151   151   530   519     -0.852     -0.327    847.323    847.324      0.000
   102       2101  (ud_0)             -63     1     0   152   152     0   530     -0.946     -0.053   3688.841   3688.841      0.579
   103          2  (u)                -63     1     0   182   182   523     0     -1.563     -0.705    661.367    661.370      0.330
   104       2103  (ud_1)             -63     2     0   187   187     0   520      0.415      0.596  -5535.813   5535.813      0.771
   105          2  (u)                -63     2     0   119   120   534     0     -0.376      0.033    -37.115     37.119      0.330
   106         -3  (sbar)             -63     2     0   119   120     0   534      0.249      0.790    -48.489     48.499      0.500
   107          5  (b)                -23    80     0   146   146   511     0    112.087    -58.803    201.873    238.324      4.920
   108         24  (W+)               -22    80     0   111   112     0     0     -5.248    -99.157    272.632    301.137     80.597
   109         -5  (bbar)             -23    81     0   124   124     0   514    -86.654    101.564    -82.959    157.259      4.920
   110        -24  (W-)               -22    81     0   113   114     0     0      4.819     28.551      6.205     86.600     81.379
   111        -15  (tau+)             -23   108     0   269   271     0     0    -11.280    -86.079    121.602    149.423      1.777
   112         16  nu_tau              23   108     0     0     0     0     0      6.032    -13.078    151.029    151.714      0.000
   113         11  e-                  23   110     0     0     0     0     0     -7.041      1.656    -35.136     35.873      0.001
   114        -12  nu_ebar             23   110     0     0     0     0     0     11.860     26.895     41.342     50.726      0.000
   115          2  (u)                -71    92    92   117   118   522     0      0.547      0.683     62.913     62.920      0.330
   116         -2  (ubar)             -71    96    96   117   118     0   522      0.956      0.019     64.521     64.529      0.330
   117        211  pi+                 82   115   116     0     0     0     0      0.644     -0.197     50.919     50.924      0.140
   118       -211  pi-                 82   115   116     0     0     0     0      0.858      0.899     76.515     76.525      0.140
   119        111  (pi0)              -82   105   106   272   273     0     0      0.143      0.213    -15.041     15.044      0.135
   120        323  (K*+)              -82   105   106   216   217     0     0     -0.269      0.610    -70.563     70.573      1.001
   121          3  (s)                -71    87    87   125   145   516     0     -2.048     -1.790   -596.383    596.389      0.500
   122         21  (g)                -71    97    97   125   145   526   516     -1.696      1.761    -14.986     15.184      0.000
   123         21  (g)                -71    84    84   125   145   514   526      4.058      9.092    -48.389     49.403      0.000
   124         -5  (bbar)             -71   109   109   125   145     0   514    -86.654    101.564    -82.959    157.259      4.920
   125       -323  (K*-)              -83   121   124   218   219     0     0     -0.989     -0.623   -259.578    259.582      0.947
   126        111  (pi0)              -83   121   124   274   275     0     0      0.037     -0.104    -16.682     16.683      0.135
   127        321  K+                  83   121   124     0     0     0     0     -0.754     -0.364    -87.743     87.749      0.494
   128       -311  (Kbar0)            -83   121   124   220   220     0     0     -0.730     -0.691   -141.246    141.250      0.498
   129        313  (K*0)              -83   121   124   221   222     0     0      0.440      0.183    -48.827     48.840      1.001
   130       -321  K-                  83   121   124     0     0     0     0     -0.252     -0.340    -15.254     15.268      0.494
   131        213  (rho+)             -83   121   124   223   224     0     0     -0.694      0.568    -18.292     18.331      0.790
   132       -213  (rho-)             -83   121   124   225   226     0     0     -0.129      0.578    -12.676     12.710      0.716
   133        223  (omega)            -83   121   124   276   278     0     0      0.573      0.578    -10.712     10.771      0.783
   134        111  (pi0)              -83   121   124   279   280     0     0      0.493      3.690    -14.341     14.817      0.135
   135       2224  (Delta++)          -83   121   124   227   228     0     0      0.909      2.741    -17.714     18.017      1.570
   136      -2224  (Deltabar--)       -83   121   124   229   230     0     0      1.095      3.059    -12.907     13.367      1.242
   137        211  pi+                 84   121   124     0     0     0     0     -0.654      0.100     -1.850      1.969      0.140
   138       -213  (rho-)             -84   121   124   231   232     0     0     -0.257      0.065     -0.264      0.789      0.695
   139        113  (rho0)             -84   121   124   233   234     0     0     -0.558      1.328     -1.732      2.404      0.841
   140        221  (eta)              -84   121   124   281   282     0     0     -0.966      1.064     -1.447      2.112      0.548
   141        221  (eta)              -84   121   124   283   284     0     0     -0.490      0.720     -0.910      1.373      0.548
   142        113  (rho0)             -84   121   124   235   236     0     0     -1.139      1.691     -1.780      2.839      0.859
   143        211  pi+                 84   121   124     0     0     0     0     -1.497      1.877     -1.848      3.033      0.140
   144        221  (eta)              -84   121   124   285   287     0     0     -5.525      6.573     -4.665      9.787      0.548
   145        513  (B*0)              -84   121   124   288   289     0     0    -75.252     87.937    -72.251    136.544      5.325
   146          5  (b)                -71   107   107   153   181   511     0    112.087    -58.803    201.873    238.324      4.920
   147         21  (g)                -71    83    83   153   181   515   511    -10.565     16.885     45.222     49.414      0.000
   148         21  (g)                -71    82    82   153   181   512   515     -2.619      4.305     24.411     24.926      0.000
   149         21  (g)                -71   100   100   153   181   529   512      0.246      0.225      4.247      4.260      0.000
   150         21  (g)                -71    88    88   153   181   519   529     -1.242      2.736    234.891    234.910      0.000
   151         21  (g)                -71   101   101   153   181   530   519     -0.852     -0.327    847.323    847.324      0.000
   152       2101  (ud_0)             -71   102   102   153   181     0   530     -0.946     -0.053   3688.841   3688.841      0.579
   153       -523  (B*-)              -83   146   152   290   291     0     0     88.290    -46.449    159.162    187.918      5.325
   154        223  (omega)            -83   146   152   292   294     0     0     13.208     -6.307     24.036     28.153      0.788
   155        211  pi+                 83   146   152     0     0     0     0      4.578     -2.566      7.236      8.939      0.140
   156        111  (pi0)              -83   146   152   295   296     0     0      2.473     -1.233      5.848      6.469      0.135
   157        221  (eta)              -83   146   152   297   299     0     0      2.242     -1.496      3.623      4.549      0.548
   158       -211  pi-                 83   146   152     0     0     0     0     -0.215      0.146      0.784      0.838      0.140
   159        211  pi+                 83   146   152     0     0     0     0      0.516      0.123      0.785      0.958      0.140
   160       -211  pi-                 83   146   152     0     0     0     0      0.059      0.107     -0.032      0.188      0.140
   161        321  K+                  83   146   152     0     0     0     0     -0.159      0.448      3.442      3.510      0.494
   162       -311  (Kbar0)            -83   146   152   237   237     0     0     -0.625      0.467      2.327      2.504      0.498
   163        311  (K0)               -83   146   152   238   238     0     0     -0.025      0.702      1.564      1.785      0.498
   164       -321  K-                  83   146   152     0     0     0     0     -0.056      0.156      1.640      1.720      0.494
   165        211  pi+                 84   146   152     0     0     0     0     -5.188      8.062     23.203     25.106      0.140
   166       -211  pi-                 84   146   152     0     0     0     0     -0.368      1.448      2.373      2.808      0.140
   167        323  (K*+)              -84   146   152   239   240     0     0     -1.614      1.579      5.574      6.051      0.673
   168       -321  K-                  84   146   152     0     0     0     0     -1.533      4.502     15.599     16.316      0.494
   169        213  (rho+)             -84   146   152   241   242     0     0     -1.146      0.560      5.777      5.980      0.869
   170        113  (rho0)             -84   146   152   243   244     0     0     -0.823      0.550      5.117      5.255      0.676
   171        111  (pi0)              -84   146   152   300   301     0     0      0.008      0.595      4.234      4.278      0.135
   172       -211  pi-                 84   146   152     0     0     0     0      0.053      0.158      2.263      2.274      0.140
   173        211  pi+                 84   146   152     0     0     0     0     -0.385      1.311     10.391     10.481      0.140
   174        113  (rho0)             -84   146   152   245   246     0     0     -0.705      0.327     15.290     15.328      0.747
   175        223  (omega)            -84   146   152   302   304     0     0      0.068      0.950    100.361    100.368      0.783
   176        111  (pi0)              -84   146   152   305   306     0     0     -0.419      0.315     46.552     46.555      0.135
   177       -213  (rho-)             -84   146   152   247   248     0     0     -0.108      0.732    189.251    189.255      0.973
   178        213  (rho+)             -84   146   152   249   250     0     0     -0.656     -0.282    408.032    408.034      0.807
   179       -213  (rho-)             -84   146   152   251   252     0     0      0.098      0.448    321.057    321.058      0.830
   180        211  pi+                 84   146   152     0     0     0     0     -0.357     -0.166    774.276    774.276      0.140
   181       2112  n0                  84   146   152     0     0     0     0     -1.102     -0.222   2907.044   2907.044      0.940
   182          2  (u)                -71   103   103   188   215   523     0     -1.563     -0.705    661.367    661.370      0.330
   183         21  (g)                -71    89    89   188   215   518   523      0.072     -0.391     32.170     32.173      0.000
   184         21  (g)                -71    86    86   188   215   517   518     -2.707     -0.562    161.891    161.914      0.000
   185         21  (g)                -71    85    85   188   215   513   517     -5.744     -2.416     78.420     78.668      0.000
   186         21  (g)                -71    93    93   188   215   520   513     -1.188     -3.035    -22.794     23.026      0.000
   187       2103  (ud_1)             -71   104   104   188   215     0   520      0.415      0.596  -5535.813   5535.813      0.771
   188        111  (pi0)              -83   182   187   307   308     0     0     -0.586     -0.473    406.200    406.201      0.135
   189        111  (pi0)              -83   182   187   309   310     0     0     -0.543     -0.256    104.996    104.997      0.135
   190        211  pi+                 83   182   187     0     0     0     0     -0.096     -0.425    102.397    102.398      0.140
   191        111  (pi0)              -83   182   187   311   312     0     0     -0.062      0.163     16.313     16.315      0.135
   192       -213  (rho-)             -83   182   187   253   254     0     0     -1.734     -0.193    133.757    133.771      0.848
   193        213  (rho+)             -83   182   187   255   256     0     0     -0.273     -0.583     29.173     29.194      0.896
   194        313  (K*0)              -83   182   187   257   258     0     0     -1.360     -0.218     42.650     42.680      0.836
   195       -311  (Kbar0)            -83   182   187   259   259     0     0     -1.591     -0.416     20.753     20.824      0.498
   196        311  (K0)               -83   182   187   260   260     0     0     -0.711     -0.744     28.891     28.913      0.498
   197       -321  K-                  83   182   187     0     0     0     0     -0.596     -0.095     15.476     15.496      0.494
   198        221  (eta)              -83   182   187   313   314     0     0     -1.138      0.282     16.113     16.165      0.548
   199       2212  p+                  83   182   187     0     0     0     0     -0.620     -1.232     14.982     15.075      0.938
   200      -2112  nbar0               83   182   187     0     0     0     0     -0.171      0.318      0.304      1.051      0.940
   201       -211  pi-                 83   182   187     0     0     0     0     -0.138     -0.441      0.798      0.932      0.140
   202        213  (rho+)             -83   182   187   261   262     0     0     -0.719      0.036     -0.556      1.179      0.750
   203       -211  pi-                 83   182   187     0     0     0     0      0.245      0.244     -0.071      0.380      0.140
   204        331  (eta')             -84   182   187   315   317     0     0      0.148     -1.235     -4.867      5.114      0.958
   205        211  pi+                 84   182   187     0     0     0     0     -0.702     -0.468     -5.558      5.624      0.140
   206       -211  pi-                 84   182   187     0     0     0     0     -0.112      0.222     -1.172      1.206      0.140
   207        111  (pi0)              -84   182   187   318   319     0     0      0.335     -0.820     -8.774      8.819      0.135
   208        211  pi+                 84   182   187     0     0     0     0     -0.823     -1.125    -16.557     16.617      0.140
   209        223  (omega)            -84   182   187   320   321     0     0      0.296      0.742   -217.162    217.165      0.788
   210       -213  (rho-)             -84   182   187   263   264     0     0     -0.083     -0.056    -94.233     94.236      0.750
   211        213  (rho+)             -84   182   187   265   266     0     0     -0.285     -0.206   -425.950    425.951      0.724
   212        113  (rho0)             -84   182   187   267   268     0     0      0.451      0.120   -504.999    505.000      0.762
   213       -211  pi-                 84   182   187     0     0     0     0     -0.057     -0.173   -420.446    420.447      0.140
   214       2212  p+                  84   182   187     0     0     0     0      0.423      0.079  -3165.519   3165.519      0.938
   215        111  (pi0)              -84   182   187   322   323     0     0     -0.215      0.439   -691.696    691.696      0.135
   216        321  K+                  91   120     0     0     0     0     0      0.049      0.580    -59.283     59.288      0.494
   217        111  (pi0)              -91   120     0   324   325     0     0     -0.318      0.030    -11.280     11.285      0.135
   218       -321  K-                  91   125     0     0     0     0     0     -0.908     -0.320   -153.574    153.578      0.494
   219        111  (pi0)              -91   125     0   326   327     0     0     -0.081     -0.303   -106.004    106.004      0.135
   220        310  (K_S0)             -91   128   128   328   329     0     0     -0.730     -0.691   -141.246    141.250      0.498
   221        321  K+                  91   129     0     0     0     0     0     -0.002      0.310    -33.515     33.521      0.494
   222       -211  pi-                 91   129     0     0     0     0     0      0.441     -0.126    -15.312     15.319      0.140
   223        211  pi+                 91   131     0     0     0     0     0     -0.647      0.291    -16.185     16.202      0.140
   224        111  (pi0)              -91   131     0   330   331     0     0     -0.046      0.276     -2.106      2.129      0.135
   225       -211  pi-                 91   132     0     0     0     0     0      0.097      0.169     -8.845      8.848      0.140
   226        111  (pi0)              -91   132     0   332   333     0     0     -0.226      0.409     -3.831      3.862      0.135
   227       2212  p+                  91   135     0     0     0     0     0      0.498      1.087    -10.022     10.136      0.938
   228        211  pi+                 91   135     0     0     0     0     0      0.411      1.654     -7.692      7.880      0.140
   229      -2212  pbar-               91   136     0     0     0     0     0      1.159      2.875    -11.979     12.409      0.938
   230       -211  pi-                 91   136     0     0     0     0     0     -0.064      0.185     -0.928      0.958      0.140
   231       -211  pi-                 91   138     0     0     0     0     0      0.031      0.069      0.182      0.242      0.140
   232        111  (pi0)              -91   138     0   334   335     0     0     -0.288     -0.005     -0.446      0.548      0.135
   233        211  pi+                 91   139     0     0     0     0     0     -0.503      0.350     -0.972      1.157      0.140
   234       -211  pi-                 91   139     0     0     0     0     0     -0.055      0.977     -0.760      1.247      0.140
   235        211  pi+                 91   142     0     0     0     0     0     -0.883      1.264     -0.827      1.755      0.140
   236       -211  pi-                 91   142     0     0     0     0     0     -0.256      0.427     -0.953      1.084      0.140
   237        130  K_L0                91   162   162     0     0     0     0     -0.625      0.467      2.327      2.504      0.498
   238        130  K_L0                91   163   163     0     0     0     0     -0.025      0.702      1.564      1.785      0.498
   239        321  K+                  91   167     0     0     0     0     0     -1.241      1.141      3.934      4.309      0.494
   240        111  (pi0)              -91   167     0   336   337     0     0     -0.373      0.438      1.639      1.743      0.135
   241        211  pi+                 91   169     0     0     0     0     0     -0.875      0.312      5.188      5.273      0.140
   242        111  (pi0)              -91   169     0   338   339     0     0     -0.271      0.248      0.588      0.707      0.135
   243        211  pi+                 91   170     0     0     0     0     0     -0.654      0.617      3.264      3.389      0.140
   244       -211  pi-                 91   170     0     0     0     0     0     -0.168     -0.066      1.853      1.867      0.140
   245        211  pi+                 91   174     0     0     0     0     0      0.016      0.183      1.504      1.522      0.140
   246       -211  pi-                 91   174     0     0     0     0     0     -0.721      0.144     13.787     13.807      0.140
   247       -211  pi-                 91   177     0     0     0     0     0      0.151      0.861    151.963    151.966      0.140
   248        111  (pi0)              -91   177     0   340   341     0     0     -0.259     -0.129     37.288     37.290      0.135
   249        211  pi+                 91   178     0     0     0     0     0     -0.302      0.254    172.300    172.300      0.140
   250        111  (pi0)              -91   178     0   342   343     0     0     -0.354     -0.536    235.732    235.733      0.135
   251       -211  pi-                 91   179     0     0     0     0     0     -0.200     -0.030    185.752    185.752      0.140
   252        111  (pi0)              -91   179     0   344   345     0     0      0.298      0.478    135.305    135.306      0.135
   253       -211  pi-                 91   192     0     0     0     0     0     -1.491      0.051    118.967    118.977      0.140
   254        111  (pi0)              -91   192     0   346   347     0     0     -0.243     -0.244     14.790     14.794      0.135
   255        211  pi+                 91   193     0     0     0     0     0      0.022     -0.223     23.112     23.113      0.140
   256        111  (pi0)              -91   193     0   348   349     0     0     -0.295     -0.360      6.061      6.081      0.135
   257        321  K+                  91   194     0     0     0     0     0     -0.811      0.079     22.214     22.234      0.494
   258       -211  pi-                 91   194     0     0     0     0     0     -0.548     -0.297     20.436     20.446      0.140
   259        310  K_S0                91   195   195     0     0     0     0     -1.591     -0.416     20.753     20.824      0.498
   260        310  K_S0                91   196   196     0     0     0     0     -0.711     -0.744     28.891     28.913      0.498
   261        211  pi+                 91   202     0     0     0     0     0     -0.320     -0.293     -0.079      0.462      0.140
   262        111  (pi0)              -91   202     0   350   351     0     0     -0.399      0.329     -0.477      0.716      0.135
   263       -211  pi-                 91   210     0     0     0     0     0      0.189      0.223    -52.762     52.763      0.140
   264        111  (pi0)              -91   210     0   352   353     0     0     -0.271     -0.278    -41.471     41.473      0.135
   265        211  pi+                 91   211     0     0     0     0     0     -0.254      0.094   -338.738    338.738      0.140
   266        111  (pi0)              -91   211     0   354   355     0     0     -0.031     -0.299    -87.212     87.213      0.135
   267        211  pi+                 91   212     0     0     0     0     0     -0.175      0.076   -180.066    180.066      0.140
   268       -211  pi-                 91   212     0     0     0     0     0      0.626      0.044   -324.933    324.934      0.140
   269        -16  nu_taubar           91   111     0     0     0     0     0     -9.593    -72.741    102.486    126.042      0.000
   270        -13  mu+                 91   111     0     0     0     0     0     -1.500    -10.687     15.714     19.063      0.106
   271         14  nu_mu               91   111     0     0     0     0     0     -0.188     -2.650      3.403      4.317      0.000
   272         22  gamma               91   119     0     0     0     0     0      0.120      0.231    -13.549     13.552      0.000
   273         22  gamma               91   119     0     0     0     0     0      0.023     -0.018     -1.492      1.493      0.000
   274         22  gamma               91   126     0     0     0     0     0      0.070     -0.077     -6.673      6.673      0.000
   275         22  gamma               91   126     0     0     0     0     0     -0.034     -0.027    -10.009     10.009      0.000
   276        211  pi+                 91   133     0     0     0     0     0      0.180      0.127     -5.115      5.122      0.140
   277       -211  pi-                 91   133     0     0     0     0     0      0.076     -0.002     -2.165      2.171      0.140
   278        111  (pi0)              -91   133     0   356   357     0     0      0.316      0.454     -3.431      3.478      0.135
   279         22  gamma               91   134     0     0     0     0     0      0.340      2.419     -9.655      9.959      0.000
   280         22  gamma               91   134     0     0     0     0     0      0.154      1.271     -4.686      4.858      0.000
   281         22  gamma               91   140     0     0     0     0     0     -0.856      0.737     -0.819      1.395      0.000
   282         22  gamma               91   140     0     0     0     0     0     -0.110      0.327     -0.628      0.717      0.000
   283         22  gamma               91   141     0     0     0     0     0      0.058     -0.018      0.023      0.064      0.000
   284         22  gamma               91   141     0     0     0     0     0     -0.547      0.738     -0.932      1.309      0.000
   285        111  (pi0)              -91   144     0   358   359     0     0     -1.038      1.093     -0.851      1.736      0.135
   286        111  (pi0)              -91   144     0   360   361     0     0     -1.529      1.929     -1.245      2.762      0.135
   287        111  (pi0)              -91   144     0   362   363     0     0     -2.958      3.551     -2.569      5.289      0.135
   288        511  (B0)               -91   145     0   364   369     0     0    -74.397     86.948    -71.385    134.977      5.280
   289         22  gamma               91   145     0     0     0     0     0     -0.855      0.989     -0.865      1.568      0.000
   290       -521  (B-)               -91   153     0   370   372     0     0     86.986    -45.774    156.880    185.205      5.279
   291         22  gamma               91   153     0     0     0     0     0      1.304     -0.675      2.282      2.713      0.000
   292        211  pi+                 91   154     0     0     0     0     0      1.218     -0.608      2.153      2.551      0.140
   293       -211  pi-                 91   154     0     0     0     0     0      1.761     -0.726      3.369      3.872      0.140
   294        111  (pi0)              -91   154     0   373   374     0     0     10.229     -4.973     18.514     21.729      0.135
   295         22  gamma               91   156     0     0     0     0     0      1.496     -0.683      3.559      3.920      0.000
   296         22  gamma               91   156     0     0     0     0     0      0.977     -0.550      2.289      2.548      0.000
   297        111  (pi0)              -91   157     0   375   376     0     0      0.755     -0.397      0.983      1.308      0.135
   298        111  (pi0)              -91   157     0   377   378     0     0      0.982     -0.812      1.751      2.169      0.135
   299        111  (pi0)              -91   157     0   379   380     0     0      0.506     -0.287      0.890      1.071      0.135
   300         22  gamma               91   171     0     0     0     0     0      0.022      0.244      2.206      2.219      0.000
   301         22  gamma               91   171     0     0     0     0     0     -0.014      0.351      2.029      2.059      0.000
   302        211  pi+                 91   175     0     0     0     0     0      0.090      0.014      5.829      5.832      0.140
   303       -211  pi-                 91   175     0     0     0     0     0      0.021      0.232     27.724     27.725      0.140
   304        111  (pi0)              -91   175     0   381   382     0     0     -0.043      0.704     66.807     66.811      0.135
   305         22  gamma               91   176     0     0     0     0     0     -0.052      0.009      8.167      8.167      0.000
   306         22  gamma               91   176     0     0     0     0     0     -0.367      0.306     38.384     38.387      0.000
   307         22  gamma               91   188     0     0     0     0     0     -0.078     -0.119     62.093     62.093      0.000
   308         22  gamma               91   188     0     0     0     0     0     -0.508     -0.354    344.107    344.108      0.000
   309         22  gamma               91   189     0     0     0     0     0     -0.323     -0.091     63.888     63.889      0.000
   310         22  gamma               91   189     0     0     0     0     0     -0.221     -0.166     41.107     41.108      0.000
   311         22  gamma               91   191     0     0     0     0     0      0.001      0.143     13.274     13.275      0.000
   312         22  gamma               91   191     0     0     0     0     0     -0.063      0.019      3.039      3.040      0.000
   313         22  gamma               91   198     0     0     0     0     0     -0.742      0.241      7.031      7.074      0.000
   314         22  gamma               91   198     0     0     0     0     0     -0.396      0.041      9.082      9.091      0.000
   315        211  pi+                 91   204     0     0     0     0     0      0.147     -0.288     -1.407      1.450      0.140
   316       -211  pi-                 91   204     0     0     0     0     0     -0.009     -0.381     -0.958      1.040      0.140
   317        221  (eta)              -91   204     0   383   385     0     0      0.010     -0.566     -2.502      2.623      0.548
   318         22  gamma               91   207     0     0     0     0     0      0.076     -0.072     -1.034      1.039      0.000
   319         22  gamma               91   207     0     0     0     0     0      0.260     -0.747     -7.740      7.780      0.000
   320        211  pi+                 91   209     0     0     0     0     0      0.103      0.159   -143.872    143.872      0.140
   321       -211  pi-                 91   209     0     0     0     0     0      0.194      0.583    -73.290     73.293      0.140
   322         22  gamma               91   215     0     0     0     0     0     -0.206      0.409   -578.800    578.800      0.000
   323         22  gamma               91   215     0     0     0     0     0     -0.009      0.029   -112.896    112.896      0.000
   324         22  gamma               91   217     0     0     0     0     0     -0.119     -0.025     -2.554      2.557      0.000
   325         22  gamma               91   217     0     0     0     0     0     -0.199      0.055     -8.726      8.728      0.000
   326         22  gamma               91   219     0     0     0     0     0     -0.057     -0.108    -60.788     60.788      0.000
   327         22  gamma               91   219     0     0     0     0     0     -0.024     -0.195    -45.216     45.216      0.000
   328        211  pi+                 91   220     0     0     0     0     0     -0.109     -0.354    -56.960     56.961      0.140
   329       -211  pi-                 91   220     0     0     0     0     0     -0.622     -0.338    -84.286     84.289      0.140
   330         22  gamma               91   224     0     0     0     0     0     -0.049      0.196     -1.020      1.040      0.000
   331         22  gamma               91   224     0     0     0     0     0      0.003      0.080     -1.086      1.089      0.000
   332         22  gamma               91   226     0     0     0     0     0     -0.069      0.188     -2.116      2.125      0.000
   333         22  gamma               91   226     0     0     0     0     0     -0.157      0.221     -1.715      1.737      0.000
   334         22  gamma               91   232     0     0     0     0     0     -0.192     -0.049     -0.209      0.288      0.000
   335         22  gamma               91   232     0     0     0     0     0     -0.095      0.045     -0.237      0.259      0.000
   336         22  gamma               91   240     0     0     0     0     0     -0.052      0.149      0.396      0.426      0.000
   337         22  gamma               91   240     0     0     0     0     0     -0.322      0.289      1.243      1.316      0.000
   338         22  gamma               91   242     0     0     0     0     0     -0.047     -0.011      0.060      0.077      0.000
   339         22  gamma               91   242     0     0     0     0     0     -0.224      0.260      0.529      0.630      0.000
   340         22  gamma               91   248     0     0     0     0     0     -0.049     -0.044      3.630      3.630      0.000
   341         22  gamma               91   248     0     0     0     0     0     -0.210     -0.085     33.659     33.659      0.000
   342         22  gamma               91   250     0     0     0     0     0     -0.205     -0.280    103.484    103.485      0.000
   343         22  gamma               91   250     0     0     0     0     0     -0.149     -0.256    132.248    132.248      0.000
   344         22  gamma               91   252     0     0     0     0     0      0.206      0.211     63.768     63.769      0.000
   345         22  gamma               91   252     0     0     0     0     0      0.092      0.267     71.536     71.537      0.000
   346         22  gamma               91   254     0     0     0     0     0     -0.048      0.002      3.231      3.231      0.000
   347         22  gamma               91   254     0     0     0     0     0     -0.195     -0.247     11.559     11.563      0.000
   348         22  gamma               91   256     0     0     0     0     0     -0.137     -0.170      3.703      3.710      0.000
   349         22  gamma               91   256     0     0     0     0     0     -0.158     -0.190      2.358      2.371      0.000
   350         22  gamma               91   262     0     0     0     0     0     -0.199      0.182     -0.336      0.431      0.000
   351         22  gamma               91   262     0     0     0     0     0     -0.200      0.147     -0.141      0.286      0.000
   352         22  gamma               91   264     0     0     0     0     0     -0.217     -0.135    -28.011     28.012      0.000
   353         22  gamma               91   264     0     0     0     0     0     -0.054     -0.144    -13.460     13.461      0.000
   354         22  gamma               91   266     0     0     0     0     0      0.026     -0.112    -47.634     47.634      0.000
   355         22  gamma               91   266     0     0     0     0     0     -0.057     -0.187    -39.578     39.579      0.000
   356         22  gamma               91   278     0     0     0     0     0      0.183      0.361     -2.572      2.603      0.000
   357         22  gamma               91   278     0     0     0     0     0      0.134      0.093     -0.859      0.875      0.000
   358         22  gamma               91   285     0     0     0     0     0     -0.146      0.207     -0.103      0.273      0.000
   359         22  gamma               91   285     0     0     0     0     0     -0.892      0.886     -0.747      1.463      0.000
   360         22  gamma               91   286     0     0     0     0     0     -1.039      1.344     -0.924      1.934      0.000
   361         22  gamma               91   286     0     0     0     0     0     -0.490      0.585     -0.320      0.828      0.000
   362         22  gamma               91   287     0     0     0     0     0     -2.156      2.593     -1.943      3.891      0.000
   363         22  gamma               91   287     0     0     0     0     0     -0.802      0.958     -0.627      1.398      0.000
   364        221  (eta)              -91   288     0   386   388     0     0     -6.360      7.104     -6.347     11.468      0.548
   365        211  pi+                 91   288     0     0     0     0     0     -5.868      7.155     -5.965     11.010      0.140
   366       -213  (rho-)             -91   288     0   389   390     0     0     -9.350     10.138     -7.768     15.845      0.725
   367        211  pi+                 91   288     0     0     0     0     0     -9.413     10.785     -9.391     17.121      0.140
   368       -211  pi-                 91   288     0     0     0     0     0     -7.172      8.799     -7.284     13.488      0.140
   369       -421  (Dbar0)            -91   288     0   391   393     0     0    -36.235     42.966    -34.631     66.044      1.865
   370        421  (D0)               -91   290     0   394   395     0     0     26.040    -13.505     44.991     53.741      1.865
   371       -211  pi-                 91   290     0     0     0     0     0     56.381    -29.343    101.910    120.107      0.140
   372        111  (pi0)              -91   290     0   396   397     0     0      4.564     -2.926      9.979     11.357      0.135
   373         22  gamma               91   294     0     0     0     0     0      4.179     -2.090      7.528      8.861      0.000
   374         22  gamma               91   294     0     0     0     0     0      6.050     -2.883     10.986     12.869      0.000
   375         22  gamma               91   297     0     0     0     0     0      0.721     -0.407      0.947      1.258      0.000
   376         22  gamma               91   297     0     0     0     0     0      0.034      0.010      0.036      0.050      0.000
   377         22  gamma               91   298     0     0     0     0     0      0.307     -0.201      0.583      0.689      0.000
   378         22  gamma               91   298     0     0     0     0     0      0.674     -0.610      1.168      1.480      0.000
   379         22  gamma               91   299     0     0     0     0     0     -0.004     -0.005      0.044      0.044      0.000
   380         22  gamma               91   299     0     0     0     0     0      0.510     -0.282      0.846      1.027      0.000
   381         22  gamma               91   304     0     0     0     0     0     -0.010      0.000      2.066      2.066      0.000
   382         22  gamma               91   304     0     0     0     0     0     -0.033      0.704     64.741     64.745      0.000
   383        211  pi+                 91   317     0     0     0     0     0      0.072     -0.395     -1.379      1.443      0.140
   384       -211  pi-                 91   317     0     0     0     0     0      0.011     -0.140     -0.498      0.536      0.140
   385        111  (pi0)              -91   317     0   398   399     0     0     -0.072     -0.031     -0.625      0.645      0.135
   386        211  pi+                 91   364     0     0     0     0     0     -4.125      4.475     -4.208      7.401      0.140
   387       -211  pi-                 91   364     0     0     0     0     0     -1.031      1.151     -1.009      1.851      0.140
   388         22  gamma               91   364     0     0     0     0     0     -1.204      1.478     -1.130      2.216      0.000
   389       -211  pi-                 91   366     0     0     0     0     0     -1.807      1.976     -1.803      3.231      0.140
   390        111  (pi0)              -91   366     0   400   401     0     0     -7.543      8.162     -5.965     12.614      0.135
   391       -321  K-                  91   369     0     0     0     0     0    -15.975     19.714    -14.862     29.410      0.494
   392        211  pi+                 91   369     0     0     0     0     0     -7.529      8.588     -7.401     13.610      0.140
   393        111  (pi0)              -91   369     0   402   403     0     0    -12.731     14.664    -12.368     23.024      0.135
   394       -321  K-                  91   370     0     0     0     0     0     20.445     -9.840     34.220     41.061      0.494
   395        211  pi+                 91   370     0     0     0     0     0      5.595     -3.665     10.771     12.680      0.140
   396         22  gamma               91   372     0     0     0     0     0      0.512     -0.317      1.197      1.340      0.000
   397         22  gamma               91   372     0     0     0     0     0      4.053     -2.608      8.782     10.017      0.000
   398         22  gamma               91   385     0     0     0     0     0     -0.090     -0.070     -0.435      0.450      0.000
   399         22  gamma               91   385     0     0     0     0     0      0.018      0.038     -0.190      0.195      0.000
   400         22  gamma               91   390     0     0     0     0     0     -5.820      6.248     -4.531      9.666      0.000
   401         22  gamma               91   390     0     0     0     0     0     -1.723      1.914     -1.434      2.948      0.000
   402         22  gamma               91   393     0     0     0     0     0     -5.935      6.935     -5.836     10.834      0.000
   403         22  gamma               91   393     0     0     0     0     0     -6.796      7.729     -6.533     12.190      0.000
                                   Charge sum:  2.000           Momentum sum:      0.000      0.000     -0.000  13000.000  13000.000

 --------  End PYTHIA Event Listing  -----------------------------------------------------------------------------------------------
#--------------------------------------------------------------------------
#                     FastJet release 3.4.0 [fjcore]
#                 M. Cacciari, G.P. Salam and G. Soyez                  
#     A software package for jet finding and analysis at colliders      
#                           http://fastjet.fr                           
#	                                                                      
# Please cite EPJC72(2012)1896 [arXiv:1111.6097] if you use this package
# for scientific work and optionally PLB641(2006)57 [hep-ph/0512210].   
#                                                                       
# FastJet is provided without warranty under the GNU GPL v2 or higher.  
# It uses T. Chan's closest pair algorithm, S. Fortune's Voronoi code
# and 3rd party plugin jet algorithms. See COPYING file for details.
#--------------------------------------------------------------------------
 PYTHIA Warning in SimpleSpaceShower::pT2nextQCD: weight above unity  
 PYTHIA Warning in StringFragmentation::fragmentToJunction: bad convergence junction rest frame  
 PYTHIA Warning in SimpleSpaceShower::pT2nextQCD: small daughter PDF  
 PYTHIA Error in BeamRemnants::setKinematics: kinematics construction failed  
 PYTHIA Error in StringFragmentation::fragment: stuck in joining  
 PYTHIA Error in Pythia::next: hadronLevel failed; try again  

 Pythia::next(): 1000 events have been generated 
 PYTHIA Warning in ColConfig::collect: negative-energy parton encountered  

 Pythia::next(): 2000 events have been generated 
 PYTHIA Warning in HadronWidths::pickMasses: angular momentum and running widths not used  

 Pythia::next(): 3000 events have been generated 

 Pythia::next(): 4000 events have been generated 
 PYTHIA Error in SimpleSpaceShower::pT2nearThreshold: xPDF = 0  

 Pythia::next(): 5000 events have been generated 
 PYTHIA Error in SimpleSpaceShower::pT2nearThreshold: stuck in loop  
 PYTHIA Warning in Pythia::check: energy-momentum not quite conserved  

 Pythia::next(): 6000 events have been generated 

 Pythia::next(): 7000 events have been generated 

 Pythia::next(): 8000 events have been generated 
 PYTHIA Warning in TauDecays::decay: maximum decay weight exceeded in tau decay  
 PYTHIA Error in Pythia::check: unmatched particle energy/momentum/mass  
 PYTHIA Error in Pythia::next: check of event revealed problems  

 Pythia::next(): 9000 events have been generated 
 PYTHIA Warning in Pythia::check: not quite matched particle energy/momentum/mass  

 *-------  PYTHIA Event and Cross Section Statistics  -------------------------------------------------------------*
 |                                                                                                                 |
 | Subprocess                                    Code |            Number of events       |      sigma +- delta    |
 |                                                    |       Tried   Selected   Accepted |     (estimated) (mb)   |
 |                                                    |                                   |                        |
 |-----------------------------------------------------------------------------------------------------------------|
 |                                                    |                                   |                        |
 | Les Houches User Process(es)                  9999 |       10000      10000      10000 |   8.369e-08  0.000e+00 |
 |    ... whereof user classification code     322200 |       10000      10000      10000 |                        | 
 |                                                    |                                   |                        |
 | sum                                                |       10000      10000      10000 |   8.369e-08  0.000e+00 |
 |                                                                                                                 |
 *-------  End PYTHIA Event and Cross Section Statistics ----------------------------------------------------------*

 *-------  PYTHIA Error and Warning Messages Statistics  ----------------------------------------------------------* 
 |                                                                                                                 | 
 |  times   message                                                                                                | 
 |                                                                                                                 | 
 |      8   Error in BeamRemnants::setKinematics: kinematics construction failed                                   | 
 |      3   Error in Pythia::check: unmatched particle energy/momentum/mass                                        | 
 |      1   Error in Pythia::next: check of event revealed problems                                                | 
 |      6   Error in Pythia::next: hadronLevel failed; try again                                                   | 
 |      4   Error in SimpleSpaceShower::pT2nearThreshold: stuck in loop                                            | 
 |     14   Error in SimpleSpaceShower::pT2nearThreshold: xPDF = 0                                                 | 
 |      6   Error in StringFragmentation::fragment: stuck in joining                                               | 
 |      3   Warning in ColConfig::collect: negative-energy parton encountered                                      | 
 |      2   Warning in HadronWidths::pickMasses: angular momentum and running widths not used                      | 
 |      1   Warning in Pythia::check: energy-momentum not quite conserved                                          | 
 |      1   Warning in Pythia::check: not quite matched particle energy/momentum/mass                              | 
 |   1948   Warning in SimpleSpaceShower::pT2nextQCD: small daughter PDF                                           | 
 |   4414   Warning in SimpleSpaceShower::pT2nextQCD: weight above unity                                           | 
 |     47   Warning in StringFragmentation::fragmentToJunction: bad convergence junction rest frame                | 
 |      1   Warning in TauDecays::decay: maximum decay weight exceeded in tau decay                                | 
 |      2   Warning in TimeShower::init: pTmin too low                                                             | 
 |                                                                                                                 | 
 *-------  End PYTHIA Error and Warning Messages Statistics  ------------------------------------------------------* 
Using LHE File: /nfs/dust/cms/user/amoroso/powheg/POWHEG-BOX-V2/ttJ_MiNNLOPS_v1.0_beta1/decay-ll/pwgevents-0098.lhe
less then 10000 events in LHE, using all LHE events
np.shape(P0) = (10000, 3, 9)
np.shape(nJets) = (10000, 2)
np.shape(jets_4vectors) = (10000, 20, 6)
