Configured CUDA from: /cvmfs/sft.cern.ch/lcg/releases/cuda/12.4-4899e/x86_64-el9-gcc11-opt

 *------------------------------------------------------------------------------------* 
 |                                                                                    | 
 |  *------------------------------------------------------------------------------*  | 
 |  |                                                                              |  | 
 |  |                                                                              |  | 
 |  |   PPP   Y   Y  TTTTT  H   H  III    A      Welcome to the Lund Monte Carlo!  |  | 
 |  |   P  P   Y Y     T    H   H   I    A A     This is PYTHIA version 8.309      |  | 
 |  |   PPP     Y      T    HHHHH   I   AAAAA    Last date of change: 16 Feb 2023  |  | 
 |  |   P       Y      T    H   H   I   A   A                                      |  | 
 |  |   P       Y      T    H   H  III  A   A    Now is 03 Sep 2024 at 15:24:09    |  | 
 |  |                                                                              |  | 
 |  |   Program documentation and an archive of historic versions is found on:     |  | 
 |  |                                                                              |  | 
 |  |                               https://pythia.org/                            |  | 
 |  |                                                                              |  | 
 |  |   PYTHIA is authored by a collaboration consisting of:                       |  | 
 |  |                                                                              |  | 
 |  |   Christian Bierlich, Nishita Desai, Leif Gellersen, Ilkka Helenius, Philip  |  | 
 |  |   Ilten, Leif Lonnblad, Stephen Mrenna, Stefan Prestel, Christian Preuss,    |  | 
 |  |   Torbjorn Sjostrand, Peter Skands, Marius Utheim and Rob Verheyen.          |  | 
 |  |                                                                              |  | 
 |  |   The complete list of authors, including contact information and            |  | 
 |  |   affiliations, can be found on https://pythia.org/.                         |  | 
 |  |   Problems or bugs should be reported on email at authors@pythia.org.        |  | 
 |  |                                                                              |  | 
 |  |   The main program reference is C. Bierlich et al,                           |  | 
 |  |   'A comprehensive guide to the physics and usage of Pythia 8.3',            |  | 
 |  |   SciPost Phys. Codebases 8-r8.3 (2022) [arXiv:2203.11601 [hep-ph]]          |  | 
 |  |                                                                              |  | 
 |  |   PYTHIA is released under the GNU General Public Licence version 2 or later.|  | 
 |  |   Please respect the MCnet Guidelines for Event Generator Authors and Users. |  | 
 |  |                                                                              |  | 
 |  |   Disclaimer: this program comes without any guarantees.                     |  | 
 |  |   Beware of errors and use common sense when interpreting results.           |  | 
 |  |                                                                              |  | 
 |  |   Copyright (C) 2023 Torbjorn Sjostrand                                      |  | 
 |  |                                                                              |  | 
 |  |                                                                              |  | 
 |  *------------------------------------------------------------------------------*  | 
 |                                                                                    | 
 *------------------------------------------------------------------------------------* 


 *-------  PYTHIA Process Initialization  --------------------------*
 |                                                                  |
 | We collide p+ with p+ at a CM energy of 1.300e+04 GeV            |
 |                                                                  |
 |------------------------------------------------------------------|
 |                                                    |             |
 | Subprocess                                    Code |   Estimated |
 |                                                    |    max (mb) |
 |                                                    |             |
 |------------------------------------------------------------------|
 |                                                    |             |
 | Les Houches User Process(es)                  9999 |   1.000e-09 |
 |                                                                  |
 *-------  End PYTHIA Process Initialization -----------------------*
 PYTHIA Warning in TimeShower::init: pTmin too low , raised to 0.611

 *-------  PYTHIA Multiparton Interactions Initialization  ---------* 
 |                                                                  | 
 |                   sigmaNonDiffractive =    55.51 mb              | 
 |                                                                  | 
 |    pT0 =  1.44 gives sigmaInteraction =   398.45 mb: accepted    | 
 |                                                                  | 
 *-------  End PYTHIA Multiparton Interactions Initialization  -----* 

 *-------  PYTHIA Flag + Mode + Parm + Word + FVec + MVec + PVec + WVec Settings (changes only)  ------------------* 
 |                                                                                                                 | 
 | Name                                          |                      Now |      Default         Min         Max | 
 |                                               |                          |                                      | 
 | Beams:frameType                               |                        4 |            1           1           5 | 
 | Beams:LHEF                                    | /nfs/dust/cms/user/amoroso/powheg/POWHEG-BOX-V2/ttJ_MiNNLOPS_v1.0_beta1/decay-ll/pwgevents-0605.lhe |         void | 
 | ColourReconnection:range                      |                  5.17600 |      1.80000         0.0    10.00000 | 
 | Main:timesAllowErrors                         |                      500 |           10           0             | 
 | MultipartonInteractions:alphaSorder           |                        2 |            1           0           3 | 
 | MultipartonInteractions:alphaSvalue           |                  0.11800 |      0.13000   0.0600000     0.25000 | 
 | MultipartonInteractions:bProfile              |                        2 |            3           0           4 | 
 | MultipartonInteractions:coreFraction          |                  0.63000 |      0.50000         0.0     1.00000 | 
 | MultipartonInteractions:coreRadius            |                  0.76340 |      0.40000     0.10000     1.00000 | 
 | MultipartonInteractions:ecmPow                |                0.0334400 |      0.21500         0.0     0.50000 | 
 | MultipartonInteractions:pT0Ref                |                  1.41000 |      2.28000     0.50000    10.00000 | 
 | ParticleDecays:limitTau                       |                       on |          off                         | 
 | PDF:pSet                                      |                       20 |           13                         | 
 | Random:seed                                   |                      605 |           -1               900000000 | 
 | Random:setSeed                                |                       on |          off                         | 
 | SigmaProcess:alphaSorder                      |                        2 |            1           0           3 | 
 | SigmaProcess:alphaSvalue                      |                  0.11800 |      0.13000   0.0600000     0.25000 | 
 | SigmaTotal:mode                               |                        0 |            1           0           4 | 
 | SigmaTotal:sigmaEl                            |                 21.89000 |     25.00000         0.0             | 
 | SigmaTotal:sigmaTot                           |                100.30900 |    100.00000         0.0             | 
 | SigmaTotal:zeroAXB                            |                      off |           on                         | 
 | SpaceShower:alphaSorder                       |                        2 |            1           0           3 | 
 | SpaceShower:alphaSvalue                       |                  0.11800 |      0.13650   0.0600000     0.25000 | 
 | SpaceShower:dipoleRecoil                      |                       on |          off                         | 
 | SpaceShower:pTmaxMatch                        |                        1 |            0           0           2 | 
 | TimeShower:alphaSorder                        |                        2 |            1           0           3 | 
 | TimeShower:alphaSvalue                        |                  0.11800 |      0.13650   0.0600000     0.25000 | 
 |                                                                                                                 | 
 *-------  End PYTHIA Flag + Mode + Parm + Word + FVec + MVec + PVec + WVec Settings  -----------------------------* 

 --------  PYTHIA Particle Data Table (changed only)  ------------------------------------------------------------------------------
 
      id   name            antiName         spn chg col      m0        mWidth      mMin       mMax       tau0    res dec ext vis wid
             no onMode   bRatio   meMode     products 

       6  t                tbar               2   2   1  173.00000    1.36916   86.00000    0.00000  1.44122e-13   1   1   0   1   0
              0     1   0.0000664    0       24        1 
              1     1   0.0017361    0       24        3 
              2     1   0.9981975    0       24        5 
              3     1   0.0000000    0       37        5 

 --------  End PYTHIA Particle Data Table  -----------------------------------------------------------------------------------------


 --------  LHA event information and listing  ---------------------------------------------------------------------- 

    process =   322200    weight =   1.0325e+02     scale =   8.0357e+00 (GeV) 
                        alpha_em =  -1.0000e+00    alpha_strong =   2.0716e-01

    Participating Particles 
    no        id stat     mothers     colours      p_x        p_y        p_z         e          m        tau    spin 
     1        21   -1     0     0   513   514      0.000      0.000    645.480    645.480      0.000   0.000   9.000
     2        21   -1     0     0   512   515      0.000      0.000   -345.936    345.936      0.000   0.000   9.000
     3         6    2     1     2   511     0     11.988    -28.728   -210.435    274.182    172.984   0.000   9.000
     4        -6    2     1     2     0   514    -14.580     31.695    599.543    625.477    174.792   0.000   9.000
     5        21    1     1     2   512   511     -1.966     -9.585    -27.772     29.445      0.000   0.000   9.000
     6        21    1     1     2   513   515      4.558      6.618    -61.792     62.312      0.000   0.000   9.000
     7         5    1     3     3   511     0     -8.941    -77.359   -103.255    129.422      4.920   0.000  -1.000
     8        24    2     3     3     0     0     20.928     48.631   -107.180    144.759     81.638   0.000   9.000
     9        -5    1     4     4     0   514     39.979    -41.241    256.795    263.186      4.920   0.000   1.000
    10       -24    2     4     4     0     0    -54.558     72.936    342.748    362.291     74.041   0.000   9.000
    11       -15    1     8     8     0     0    -21.718     16.761     -2.861     27.640      1.777   0.000   1.000
    12        16    1     8     8     0     0     42.647     31.870   -104.319    117.119      0.000   0.000  -1.000
    13        15    1    10    10     0     0    -32.926     65.431    137.809    156.076      1.777   0.000  -1.000
    14       -16    1    10    10     0     0    -21.632      7.505    204.939    206.215      0.000   0.000   1.000

 --------  End LHA event information and listing  ------------------------------------------------------------------ 

 --------  PYTHIA Info Listing  ---------------------------------------- 
 
 Beam A: id =   2212, pz =  6.500e+03, e =  6.500e+03, m =  9.383e-01.
 Beam B: id =   2212, pz = -6.500e+03, e =  6.500e+03, m =  9.383e-01.

 In 1: id =   21, x =  9.930e-02, pdf =  0.000e+00 at Q2 =  6.457e+01.
 In 2: id =   21, x =  5.322e-02, pdf =  0.000e+00 at same Q2.

 Process Les Houches User Process(es) with code 9999 is 2 -> 4.
 Subprocess user process 322200 with code 322200 is 2 -> 4.
     alphaEM =  7.609e-03,  alphaS =  2.072e-01    at Q2 =  6.457e+01.

 Impact parameter b =  1.121e+00 gives enhancement factor =  3.529e-01.
 Max pT scale for MPI =  1.300e+04, ISR =  8.036e+00, FSR =  8.036e+00.
 Number of MPI =     2, ISR =     6, FSRproc =    10, FSRreson =     6.

 --------  End PYTHIA Info Listing  ------------------------------------

 --------  PYTHIA Event Listing  (hard process)  -----------------------------------------------------------------------------------
 
    no         id  name            status     mothers   daughters     colours      p_x        p_y        p_z         e          m 
     0         90  (system)           -11     0     0     0     0     0     0      0.000      0.000      0.000  13000.000  13000.000
     1       2212  (p+)               -12     0     0     3     0     0     0      0.000      0.000   6500.000   6500.000      0.938
     2       2212  (p+)               -12     0     0     4     0     0     0      0.000      0.000  -6500.000   6500.000      0.938
     3         21  (g)                -21     1     0     5     8   513   514      0.000      0.000    645.480    645.480      0.000
     4         21  (g)                -21     2     0     5     8   512   515      0.000      0.000   -345.936    345.936      0.000
     5          6  (t)                -22     3     4     9    10   511     0     11.988    -28.728   -210.435    274.182    172.984
     6         -6  (tbar)             -22     3     4    11    12     0   514    -14.580     31.695    599.543    625.477    174.792
     7         21  g                   23     3     4     0     0   512   511     -1.966     -9.585    -27.772     29.445      0.000
     8         21  g                   23     3     4     0     0   513   515      4.558      6.618    -61.792     62.312      0.000
     9          5  b                   23     5     0     0     0   511     0     -8.941    -77.359   -103.255    129.422      4.920
    10         24  (W+)               -22     5     0    13    14     0     0     20.928     48.631   -107.180    144.759     81.638
    11         -5  bbar                23     6     0     0     0     0   514     39.979    -41.241    256.795    263.186      4.920
    12        -24  (W-)               -22     6     0    15    16     0     0    -54.558     72.936    342.748    362.291     74.041
    13        -15  tau+                23    10     0     0     0     0     0    -21.718     16.761     -2.861     27.640      1.777
    14         16  nu_tau              23    10     0     0     0     0     0     42.647     31.870   -104.319    117.119      0.000
    15         15  tau-                23    12     0     0     0     0     0    -32.926     65.431    137.809    156.076      1.777
    16        -16  nu_taubar           23    12     0     0     0     0     0    -21.632      7.505    204.939    206.215      0.000
                                   Charge sum:  0.000           Momentum sum:     -0.000      0.000    299.544    991.416    945.081

 --------  End PYTHIA Event Listing  -----------------------------------------------------------------------------------------------

 --------  PYTHIA Event Listing  (complete event)  ---------------------------------------------------------------------------------
 
    no         id  name            status     mothers   daughters     colours      p_x        p_y        p_z         e          m 
     0         90  (system)           -11     0     0     0     0     0     0      0.000      0.000      0.000  13000.000  13000.000
     1       2212  (p+)               -12     0     0    95     0     0     0      0.000      0.000   6500.000   6500.000      0.938
     2       2212  (p+)               -12     0     0    96     0     0     0      0.000      0.000  -6500.000   6500.000      0.938
     3         21  (g)                -21     9     0     5     8   513   514      0.000      0.000    645.480    645.480      0.000
     4         21  (g)                -21    10    10     5     8   512   515      0.000      0.000   -345.936    345.936      0.000
     5          6  (t)                -22     3     4    11    11   511     0     11.988    -28.728   -210.435    274.182    172.984
     6         -6  (tbar)             -22     3     4    12    12     0   514    -14.580     31.695    599.543    625.477    174.792
     7         21  (g)                -23     3     4    13    13   512   511     -1.966     -9.585    -27.772     29.445      0.000
     8         21  (g)                -23     3     4    14    14   513   515      4.558      6.618    -61.792     62.312      0.000
     9         21  (g)                -41    20     0    15     3   513   516      0.000      0.000    653.706    653.706      0.000
    10         21  (g)                -42    21    21     4     4   512   515      0.000      0.000   -345.936    345.936      0.000
    11          6  (t)                -44     5     5    22    22   511     0     11.988    -28.728   -210.435    274.182    172.984
    12         -6  (tbar)             -44     6     6    23    23     0   514    -14.580     31.695    599.543    625.477    174.792
    13         21  (g)                -44     7     7    24    24   512   511     -1.966     -9.585    -27.772     29.445      0.000
    14         21  (g)                -44     8     8    25    25   513   515      8.193      1.339    -60.517     61.083      0.000
    15         21  (g)                -43     9     0    26    26   514   516     -3.635      5.279      6.951      9.455      0.000
    16         -1  (dbar)             -31    28    28    18    19     0   517      0.000      0.000    176.985    176.985      0.000
    17         21  (g)                -31    29     0    18    19   517   518      0.000      0.000     -0.359      0.359      0.000
    18         -1  (dbar)             -33    16    17    30    30     0   519     -4.225      3.676    151.410    151.514      0.330
    19         21  (g)                -33    16    17    31    31   519   518      4.225     -3.676     25.216     25.831      0.000
    20         21  (g)                -41    80     0    27     9   520   516      0.000     -0.000    685.621    685.621      0.000
    21         21  (g)                -42    81    81    10    10   512   515      0.000      0.000   -345.936    345.936      0.000
    22          6  (t)                -44    11    11    82    82   511     0     11.988    -28.728   -210.435    274.182    172.984
    23         -6  (tbar)             -44    12    12    76    76     0   514    -14.580     31.695    599.543    625.477    174.792
    24         21  (g)                -44    13    13    84    84   512   511     -1.966     -9.585    -27.772     29.445      0.000
    25         21  (g)                -44    14    14    35    35   513   515      8.193      1.339    -60.517     61.083      0.000
    26         21  (g)                -44    15    15    74    75   514   516     -6.105      0.958      8.015     10.121      0.000
    27         21  (g)                -43    20     0    33    34   520   513      2.469      4.322     30.851     31.250      0.000
    28         -1  (dbar)             -42    42    42    16    16     0   517     -0.000     -0.000    176.985    176.985      0.000
    29         21  (g)                -41    43     0    32    17   521   518      0.000      0.000     -0.782      0.782      0.000
    30         -1  (dbar)             -44    18    18    41    41     0   519     -3.874      4.176    136.388    136.507      0.330
    31         21  (g)                -44    19    19    39    40   519   518      6.298     -0.721     28.127     28.833      0.000
    32         21  (g)                -43    29     0    46    46   521   517     -2.424     -3.455     11.689     12.428      0.000
    33         21  (g)                -51    27     0    49    50   520   522      4.567      3.947     30.321     30.916      0.000
    34         21  (g)                -51    27     0    38    38   522   513     -1.819      0.420     -1.534      2.416      0.000
    35         21  (g)                -52    25    25    36    37   513   515      7.914      1.293    -58.453     59.001      0.000
    36         21  (g)                -51    35     0    85    85   525   515      5.517     -0.497    -39.603     39.989      0.000
    37         21  (g)                -51    35     0    89    89   513   525      2.272      1.819    -18.955     19.177      0.000
    38         21  (g)                -52    34    34    51    51   522   513     -1.694      0.392     -1.429      2.251      0.000
    39         21  (g)                -51    31     0    45    45   526   518      5.972     -0.339     24.629     25.345      0.000
    40         21  (g)                -51    31     0    47    47   519   526     -0.017     -0.012     15.564     15.564      0.000
    41         -1  (dbar)             -52    30    30    44    44     0   519     -3.531      3.807    124.322    124.430      0.330
    42         -1  (dbar)             -42    61     0    28    28     0   517     -0.000     -0.000    176.985    176.985      0.000
    43          2  (u)                -41    62    62    48    29   521     0      0.000      0.000   -310.612    310.612      0.000
    44         -1  (dbar)             -44    41    41    63    63     0   519     -3.531      3.807    124.322    124.430      0.330
    45         21  (g)                -44    39    39    54    54   526   518      5.972     -0.339     24.629     25.345      0.000
    46         21  (g)                -44    32    32    65    65   521   517     -1.270     -2.703     11.872     12.242      0.000
    47         21  (g)                -44    40    40    66    66   519   526     -0.017     -0.012     15.564     15.564      0.000
    48          2  (u)                -43    43     0    52    53   518     0     -1.154     -0.752   -310.013    310.016      0.330
    49         21  (g)                -51    33     0    57    57   520   527      4.253      3.020     28.989     29.454      0.000
    50         21  (g)                -51    33     0    55    56   527   522      0.220      0.948      1.253      1.587      0.000
    51         21  (g)                -52    38    38    77    78   522   513     -1.600      0.370     -1.350      2.126      0.000
    52          2  (u)                -51    48     0    67    67   528     0     -0.933     -1.272   -309.058    309.062      0.330
    53         21  (g)                -51    48     0    58    59   518   528     -0.201      0.519     -0.875      1.037      0.000
    54         21  (g)                -52    45    45    60    60   526   518      5.953     -0.338     24.549     25.263      0.000
    55         21  (g)                -51    50     0    79    79   529   522      0.761      0.861      1.549      1.929      0.000
    56         21  (g)                -51    50     0    91    91   527   529      0.508      0.833      6.853      6.922      0.000
    57         21  (g)                -52    49    49    87    87   520   527      3.204      2.275     21.840     22.190      0.000
    58         21  (g)                -51    53     0    68    68   530   528      0.145     -0.599     -0.023      0.617      0.000
    59         21  (g)                -51    53     0    69    69   518   530     -0.178      1.109     -0.158      1.134      0.000
    60         21  (g)                -52    54    54    64    64   526   518      5.785     -0.328     23.855     24.549      0.000
    61         -1  (dbar)             -41   110   110    70    42     0   531     -0.000     -0.000    178.060    178.060      0.000
    62          2  (u)                -42   111   111    43    43   521     0      0.000      0.000   -310.612    310.612      0.000
    63         -1  (dbar)             -44    44    44   112   112     0   519     -3.531      3.807    124.322    124.430      0.330
    64         21  (g)                -44    60    60   113   113   526   518      5.785     -0.328     23.855     24.549      0.000
    65         21  (g)                -44    46    46   114   114   521   517     -0.678     -1.205      7.870      7.990      0.000
    66         21  (g)                -44    47    47   115   115   519   526     -0.017     -0.012     15.564     15.564      0.000
    67          2  (u)                -44    52    52    73    73   528     0     -0.933     -1.272   -309.058    309.062      0.330
    68         21  (g)                -44    58    58    71    72   530   528      0.145     -0.599     -0.023      0.617      0.000
    69         21  (g)                -44    59    59   118   118   518   530     -0.178      1.109     -0.158      1.134      0.000
    70         21  (g)                -43    61     0   119   119   517   531     -0.592     -1.498      5.077      5.326      0.000
    71         21  (g)                -51    68     0   117   117   530   532      0.445     -0.559     -0.139      0.728      0.000
    72         21  (g)                -51    68     0   120   120   532   528     -0.333     -0.085    -10.809     10.815      0.000
    73          2  (u)                -52    67    67   116   116   528     0     -0.900     -1.227   -298.132    298.136      0.330
    74         -3  (sbar)             -51    26     0    86    86     0   516     -1.394     -0.244      1.779      2.328      0.500
    75          3  (s)                -51    26     0    92    92   514     0     -4.594      1.212      6.655      8.192      0.500
    76         -6  (tbar)             -52    23    23    83    83     0   514    -14.696     31.684    599.124    625.077    174.792
    77         21  (g)                -51    51     0    88    88   533   513     -0.476      0.400     -1.197      1.349      0.000
    78         21  (g)                -51    51     0    93    93   522   533     -1.025      0.082      0.051      1.029      0.000
    79         21  (g)                -52    55    55    90    90   529   522      0.662      0.748      1.347      1.676      0.000
    80         21  (g)                -41    95    95    94    20   535   516      0.000     -0.000    719.068    719.068      0.000
    81         21  (g)                -42    96    96    21    21   512   515      0.000      0.000   -345.936    345.936      0.000
    82          6  (t)                -44    22    22    97    97   511     0     11.988    -28.728   -210.435    274.182    172.984
    83         -6  (tbar)             -44    76    76    98    98     0   514    -14.696     31.684    599.124    625.077    174.792
    84         21  (g)                -44    24    24    99    99   512   511     -1.966     -9.585    -27.772     29.445      0.000
    85         21  (g)                -44    36    36   100   100   525   515      5.517     -0.497    -39.603     39.989      0.000
    86         -3  (sbar)             -44    74    74   101   101     0   516     -1.820     -0.495      3.221      3.766      0.500
    87         21  (g)                -44    57    57   102   102   520   527      3.204      2.275     21.840     22.190      0.000
    88         21  (g)                -44    77    77   103   103   533   513     -0.476      0.400     -1.197      1.349      0.000
    89         21  (g)                -44    37    37   104   104   513   525      2.272      1.819    -18.955     19.177      0.000
    90         21  (g)                -44    79    79   105   105   529   522      0.662      0.748      1.347      1.676      0.000
    91         21  (g)                -44    56    56   106   106   527   529      0.508      0.833      6.853      6.922      0.000
    92          3  (s)                -44    75    75   107   107   514     0     -4.594      1.212      6.655      8.192      0.500
    93         21  (g)                -44    78    78   108   108   522   533     -1.025      0.082      0.051      1.029      0.000
    94         21  (g)                -43    80     0   109   109   535   520      0.425      0.252     32.004     32.008      0.000
    95         21  (g)                -61     1     0    80    80   531   516     -0.044     -0.346    719.067    719.067      0.000
    96         21  (g)                -61     2     0    81    81   512   515     -1.692      0.153   -345.934    345.938      0.000
    97          6  (t)                -62    82    82   127   128   511     0     10.800    -28.636   -210.476    274.154    172.984
    98         -6  (tbar)             -62    83    83   135   136     0   514    -14.797     31.395    599.173    625.113    174.792
    99         21  (g)                -62    84    84   189   189   512   511     -2.106     -9.573    -27.771     29.450      0.000
   100         21  (g)                -62    85    85   226   226   525   515      5.323     -0.480    -39.616     39.975      0.000
   101         -3  (sbar)             -62    86    86   177   177     0   516     -1.821     -0.497      3.225      3.770      0.500
   102         21  (g)                -62    87    87   232   232   520   527      3.202      2.265     21.833     22.182      0.000
   103         21  (g)                -62    88    88   228   228   533   513     -0.482      0.401     -1.196      1.350      0.000
   104         21  (g)                -62    89    89   227   227   513   525      2.179      1.827    -18.960     19.172      0.000
   105         21  (g)                -62    90    90   230   230   529   522      0.661      0.747      1.345      1.675      0.000
   106         21  (g)                -62    91    91   231   231   527   529      0.507      0.829      6.852      6.921      0.000
   107          3  (s)                -62    92    92   164   164   514     0     -4.598      1.209      6.667      8.204      0.500
   108         21  (g)                -62    93    93   229   229   522   533     -1.027      0.082      0.053      1.032      0.000
   109         21  (g)                -62    94    94   233   233   531   520      0.423      0.236     32.003     32.007      0.000
   110         -1  (dbar)             -61     1     0    61    61     0   531      1.486      0.285    178.058    178.064      0.000
   111          2  (u)                -61     2     0    62    62   521     0     -0.422      0.457   -310.610    310.610      0.000
   112         -1  (dbar)             -62    63    63   208   208     0   519     -2.493      4.005    124.336    124.426      0.330
   113         21  (g)                -62    64    64   206   206   526   518      5.986     -0.289     23.827     24.569      0.000
   114         21  (g)                -62    65    65   235   235   521   517     -0.612     -1.192      7.873      7.986      0.000
   115         21  (g)                -62    66    66   207   207   519   526      0.113      0.013     15.564     15.564      0.000
   116          2  (u)                -62    73    73   202   202   528     0     -1.305     -0.788   -298.126    298.130      0.330
   117         21  (g)                -62    71    71   204   204   530   532      0.447     -0.558     -0.141      0.729      0.000
   118         21  (g)                -62    69    69   205   205   518   530     -0.175      1.110     -0.157      1.135      0.000
   119         21  (g)                -62    70    70   234   234   517   531     -0.549     -1.489      5.080      5.322      0.000
   120         21  (g)                -62    72    72   203   203   532   528     -0.347     -0.069    -10.808     10.814      0.000
   121       2101  (ud_0)             -63     1     0   160   160     0   536     -0.616      0.074   3818.306   3818.307      0.579
   122          2  (u)                -63     1     0   176   176   516     0      0.123      0.513   1519.308   1519.308      0.330
   123          1  (d)                -63     1     0   159   159   536     0     -0.950     -0.525    265.252    265.255      0.330
   124          2  (u)                -63     2     0   225   225   515     0      0.873     -0.470   -140.768    140.772      0.330
   125       2103  (ud_1)             -63     2     0   236   236     0   521      1.082     -0.111  -4942.402   4942.402      0.771
   126         -2  (ubar)             -63     2     0   190   190     0   512      0.159     -0.028   -760.277    760.277      0.330
   127          5  (b)                -23    97     0   129   130   511     0     -9.501    -77.315   -103.275    129.452      4.920
   128         24  (W+)               -22    97     0   131   131     0     0     20.302     48.679   -107.202    144.702     81.638
   129          5  (b)                -51   127     0   134   134   543     0     -7.782    -53.143    -74.640     92.087      4.920
   130         21  (g)                -51   127     0   132   133   511   543     -1.679    -24.027    -28.710     37.475      0.000
   131         24  (W+)               -52   128   128   146   147     0     0     20.261     48.534   -107.127    144.592     81.638
   132         -2  (ubar)             -51   130     0   154   154     0   543     -0.156    -10.162    -12.915     16.438      0.330
   133          2  (u)                -51   130     0   188   188   511     0     -1.967    -15.466    -18.615     24.283      0.330
   134          5  (b)                -52   129   129   153   153   543     0     -7.338    -51.542    -71.820     88.841      4.920
   135         -5  (bbar)             -23    98     0   137   138     0   514     39.887    -41.367    256.639    263.040      4.920
   136        -24  (W-)               -22    98     0   139   139     0     0    -54.684     72.762    342.534    362.072     74.041
   137         -5  (bbar)             -51   135     0   142   142     0   545     37.943    -32.951    226.991    232.540      4.920
   138         21  (g)                -51   135     0   140   141   545   514      1.414     -7.749     31.332     32.307      0.000
   139        -24  (W-)               -52   136   136   148   149     0     0    -54.155     72.096    340.850    360.266     74.041
   140         21  (g)                -51   138     0   143   144   545   546      0.949     -6.860     29.239     30.048      0.000
   141         21  (g)                -51   138     0   165   165   546   514      6.831     -6.095     39.043     40.102      0.000
   142         -5  (bbar)             -52   137   137   145   145     0   545     31.578    -27.746    190.041    194.697      4.920
   143         -1  (dbar)             -51   140     0   166   166     0   546      1.489     -6.707     34.534     35.212      0.330
   144          1  (d)                -51   140     0   157   158   545     0      1.608     -1.899      7.086      7.517      0.330
   145         -5  (bbar)             -52   142   142   157   158     0   545     29.429    -25.999    177.661    182.015      4.920
   146        -15  (tau+)             -23   131     0   327   329     0     0    -21.846     16.742     -2.851     27.728      1.777
   147         16  nu_tau              23   131     0     0     0     0     0     42.107     31.792   -104.276    116.864      0.000
   148         15  (tau-)             -23   139     0   150   151     0     0    -32.753     65.069    136.991    155.166      1.777
   149        -16  (nu_taubar)        -23   139     0   152   152     0     0    -21.402      7.027    203.859    205.100      0.000
   150         15  (tau-)             -51   148     0   330   332     0     0    -32.753     65.069    136.991    155.166      1.777
   151         22  gamma               51   148     0     0     0     0     0     -0.000      0.000      0.000      0.000      0.000
   152        -16  nu_taubar           52   149   149     0     0     0     0    -21.402      7.027    203.859    205.100      0.000
   153          5  (b)                -71   134   134   155   156   543     0     -7.338    -51.542    -71.820     88.841      4.920
   154         -2  (ubar)             -71   132   132   155   156     0   543     -0.156    -10.162    -12.915     16.438      0.330
   155       -513  (B*bar0)           -83   153   154   333   334     0     0     -6.594    -51.081    -70.805     87.718      5.325
   156       -213  (rho-)             -84   153   154   272   273     0     0     -0.900    -10.623    -13.929     17.560      0.822
   157       -211  pi-                 83   144   145     0     0     0     0      1.718     -1.215      5.841      6.210      0.140
   158        523  (B*+)              -84   144   145   335   336     0     0     29.319    -26.683    178.906    183.323      5.325
   159          1  (d)                -71   123   123   161   163   536     0     -0.950     -0.525    265.252    265.255      0.330
   160       2101  (ud_0)             -71   121   121   161   163     0   536     -0.616      0.074   3818.306   3818.307      0.579
   161       2114  (Delta0)           -83   159   160   274   275     0     0     -0.250      0.132   1374.689   1374.689      1.280
   162      -2112  nbar0               83   159   160     0     0     0     0     -1.268     -0.471    817.691    817.693      0.940
   163       2112  n0                  84   159   160     0     0     0     0     -0.048     -0.113   1891.179   1891.179      0.940
   164          3  (s)                -71   107   107   167   175   514     0     -4.598      1.209      6.667      8.204      0.500
   165         21  (g)                -71   141   141   167   175   546   514      6.831     -6.095     39.043     40.102      0.000
   166         -1  (dbar)             -71   143   143   167   175     0   546      1.489     -6.707     34.534     35.212      0.330
   167       -311  (Kbar0)            -83   164   166   276   276     0     0     -1.587      0.238      2.584      3.082      0.498
   168        311  (K0)               -83   164   166   277   277     0     0     -1.757      0.492      3.757      4.206      0.498
   169       -321  K-                  83   164   166     0     0     0     0     -0.624      0.097      0.223      0.832      0.494
   170        213  (rho+)             -83   164   166   278   279     0     0      0.813     -0.912      8.399      8.530      0.860
   171       -213  (rho-)             -83   164   166   280   281     0     0      2.330     -2.808     14.676     15.140      0.727
   172        211  pi+                 84   164   166     0     0     0     0      0.345      0.086      3.383      3.404      0.140
   173        111  (pi0)              -84   164   166   337   338     0     0      0.518     -0.835      3.450      3.590      0.135
   174       2114  (Delta0)           -84   164   166   282   283     0     0      1.763     -2.564     14.177     14.564      1.192
   175      -2114  (Deltabar0)        -84   164   166   284   285     0     0      1.921     -5.388     29.595     30.169      1.266
   176          2  (u)                -71   122   122   178   187   516     0      0.123      0.513   1519.308   1519.308      0.330
   177         -3  (sbar)             -71   101   101   178   187     0   516     -1.821     -0.497      3.225      3.770      0.500
   178        221  (eta)              -83   176   177   339   340     0     0     -0.311      0.525    968.863    968.864      0.548
   179        211  pi+                 83   176   177     0     0     0     0      0.163     -0.060    136.308    136.308      0.140
   180       -211  pi-                 83   176   177     0     0     0     0      0.532     -0.117    107.747    107.748      0.140
   181        211  pi+                 83   176   177     0     0     0     0     -0.337     -0.081    251.253    251.254      0.140
   182        111  (pi0)              -84   176   177   341   342     0     0     -0.401      0.248     12.208     12.217      0.135
   183        311  (K0)               -84   176   177   286   286     0     0      0.390     -0.178     27.374     27.382      0.498
   184       -311  (Kbar0)            -84   176   177   287   287     0     0     -0.120      0.436      6.172      6.208      0.498
   185       2112  n0                  84   176   177     0     0     0     0     -0.335     -0.893      5.395      5.559      0.940
   186      -2212  pbar-               84   176   177     0     0     0     0     -0.503      0.450      4.786      4.923      0.938
   187        321  K+                  84   176   177     0     0     0     0     -0.776     -0.316      2.427      2.614      0.494
   188          2  (u)                -71   133   133   191   201   511     0     -1.967    -15.466    -18.615     24.283      0.330
   189         21  (g)                -71    99    99   191   201   512   511     -2.106     -9.573    -27.771     29.450      0.000
   190         -2  (ubar)             -71   126   126   191   201     0   512      0.159     -0.028   -760.277    760.277      0.330
   191        111  (pi0)              -83   188   190   343   344     0     0     -2.013    -15.911    -19.877     25.540      0.135
   192        113  (rho0)             -83   188   190   288   289     0     0     -1.056     -3.003    -10.639     11.133      0.791
   193        211  pi+                 83   188   190     0     0     0     0      0.419     -0.995     -2.415      2.649      0.140
   194        113  (rho0)             -83   188   190   290   291     0     0     -0.842     -4.085    -11.766     12.527      1.045
   195        221  (eta)              -83   188   190   345   347     0     0     -0.750     -1.091     -6.065      6.232      0.548
   196        223  (omega)            -83   188   190   348   349     0     0      0.336      0.337    -28.856     28.870      0.784
   197        113  (rho0)             -83   188   190   292   293     0     0     -0.115      0.036    -42.961     42.969      0.821
   198       -211  pi-                 84   188   190     0     0     0     0      0.274     -0.468   -220.200    220.201      0.140
   199        211  pi+                 84   188   190     0     0     0     0     -0.555      0.273    -60.033     60.036      0.140
   200        111  (pi0)              -84   188   190   350   351     0     0     -0.007     -0.486   -161.846    161.846      0.135
   201       -211  pi-                 84   188   190     0     0     0     0      0.395      0.324   -242.007    242.007      0.140
   202          2  (u)                -71   116   116   209   224   528     0     -1.305     -0.788   -298.126    298.130      0.330
   203         21  (g)                -71   120   120   209   224   532   528     -0.347     -0.069    -10.808     10.814      0.000
   204         21  (g)                -71   117   117   209   224   530   532      0.447     -0.558     -0.141      0.729      0.000
   205         21  (g)                -71   118   118   209   224   518   530     -0.175      1.110     -0.157      1.135      0.000
   206         21  (g)                -71   113   113   209   224   526   518      5.986     -0.289     23.827     24.569      0.000
   207         21  (g)                -71   115   115   209   224   519   526      0.113      0.013     15.564     15.564      0.000
   208         -1  (dbar)             -71   112   112   209   224     0   519     -2.493      4.005    124.336    124.426      0.330
   209        331  (eta')             -83   202   208   352   353     0     0     -1.602     -0.663   -267.518    267.525      0.957
   210        213  (rho+)             -83   202   208   294   295     0     0      0.285      0.030    -39.423     39.431      0.748
   211       -211  pi-                 83   202   208     0     0     0     0     -0.087     -0.319     -0.672      0.761      0.140
   212        211  pi+                 83   202   208     0     0     0     0     -0.250     -0.052     -0.176      0.340      0.140
   213       1114  (Delta-)           -83   202   208   296   297     0     0      0.172      0.842     -0.969      1.724      1.137
   214        213  (rho+)             -83   202   208   298   299     0     0      0.413     -0.594      0.474      1.265      0.923
   215      -2212  pbar-               83   202   208     0     0     0     0     -0.220     -0.500      1.942      2.225      0.938
   216        211  pi+                 83   202   208     0     0     0     0      0.967      0.808      1.461      1.935      0.140
   217       3122  Lambda0             84   202   208     0     0     0     0      2.154      0.157      9.214      9.529      1.116
   218      -3122  Lambdabar0          84   202   208     0     0     0     0      1.208     -0.090      5.448      5.691      1.116
   219       -211  pi-                 84   202   208     0     0     0     0      0.770     -0.261      9.614      9.649      0.140
   220        211  pi+                 84   202   208     0     0     0     0     -0.052      0.307      1.082      1.135      0.140
   221        113  (rho0)             -84   202   208   300   301     0     0      0.790      0.383     13.038     13.096      0.872
   222       -211  pi-                 84   202   208     0     0     0     0     -0.171      0.004     10.387     10.389      0.140
   223        223  (omega)            -84   202   208   354   356     0     0     -1.739      2.903     90.721     90.788      0.786
   224        211  pi+                 84   202   208     0     0     0     0     -0.412      0.469     19.873     19.883      0.140
   225          2  (u)                -71   124   124   237   271   515     0      0.873     -0.470   -140.768    140.772      0.330
   226         21  (g)                -71   100   100   237   271   525   515      5.323     -0.480    -39.616     39.975      0.000
   227         21  (g)                -71   104   104   237   271   513   525      2.179      1.827    -18.960     19.172      0.000
   228         21  (g)                -71   103   103   237   271   533   513     -0.482      0.401     -1.196      1.350      0.000
   229         21  (g)                -71   108   108   237   271   522   533     -1.027      0.082      0.053      1.032      0.000
   230         21  (g)                -71   105   105   237   271   529   522      0.661      0.747      1.345      1.675      0.000
   231         21  (g)                -71   106   106   237   271   527   529      0.507      0.829      6.852      6.921      0.000
   232         21  (g)                -71   102   102   237   271   520   527      3.202      2.265     21.833     22.182      0.000
   233         21  (g)                -71   109   109   237   271   531   520      0.423      0.236     32.003     32.007      0.000
   234         21  (g)                -71   119   119   237   271   517   531     -0.549     -1.489      5.080      5.322      0.000
   235         21  (g)                -71   114   114   237   271   521   517     -0.612     -1.192      7.873      7.986      0.000
   236       2103  (ud_1)             -71   125   125   237   271     0   521      1.082     -0.111  -4942.402   4942.402      0.771
   237        111  (pi0)              -83   225   236   357   358     0     0      0.131      0.167    -18.539     18.541      0.135
   238        211  pi+                 83   225   236     0     0     0     0      0.273     -0.539    -56.004     56.008      0.140
   239        113  (rho0)             -83   225   236   302   303     0     0      0.825     -0.191    -59.491     59.503      0.899
   240        221  (eta)              -83   225   236   359   361     0     0      0.418      0.486    -11.015     11.048      0.548
   241        221  (eta)              -83   225   236   362   364     0     0      1.865     -0.196    -12.472     12.624      0.548
   242       -213  (rho-)             -83   225   236   304   305     0     0      1.426      0.446    -14.651     14.748      0.775
   243        113  (rho0)             -83   225   236   306   307     0     0      1.880     -0.472    -16.394     16.530      0.853
   244        211  pi+                 83   225   236     0     0     0     0      0.134      0.321     -0.701      0.794      0.140
   245       -211  pi-                 83   225   236     0     0     0     0     -0.006      0.061     -0.561      0.581      0.140
   246        211  pi+                 83   225   236     0     0     0     0      0.114      0.215     -0.993      1.032      0.140
   247        313  (K*0)              -83   225   236   308   309     0     0      0.219      0.437     -3.706      3.844      0.895
   248       -321  K-                  83   225   236     0     0     0     0      0.838     -0.184     -4.785      4.887      0.494
   249        211  pi+                 83   225   236     0     0     0     0     -0.504      0.352     -0.512      0.812      0.140
   250       -211  pi-                 83   225   236     0     0     0     0     -0.026      0.280     -0.266      0.412      0.140
   251        213  (rho+)             -83   225   236   310   311     0     0     -0.018      0.520      0.006      0.826      0.642
   252       -213  (rho-)             -83   225   236   312   313     0     0     -0.676      0.066      0.687      1.220      0.745
   253        113  (rho0)             -83   225   236   314   315     0     0      0.785      0.242      3.152      3.343      0.755
   254        221  (eta)              -83   225   236   365   367     0     0      0.582      0.967      3.812      4.013      0.548
   255        113  (rho0)             -83   225   236   316   317     0     0      1.303      0.714     11.423     11.543      0.753
   256        213  (rho+)             -83   225   236   318   319     0     0      0.498      0.386      8.303      8.377      0.910
   257       -213  (rho-)             -83   225   236   320   321     0     0      0.849      0.892      9.655      9.764      0.767
   258        321  K+                  84   225   236     0     0     0     0      0.406     -0.494      8.555      8.593      0.494
   259       -321  K-                  84   225   236     0     0     0     0      0.138      0.129      2.378      2.436      0.494
   260        211  pi+                 84   225   236     0     0     0     0     -0.239      0.085      0.593      0.660      0.140
   261       -211  pi-                 84   225   236     0     0     0     0      0.070     -0.469     12.278     12.288      0.140
   262        213  (rho+)             -84   225   236   322   323     0     0     -0.143     -0.300      3.626      3.713      0.727
   263        111  (pi0)              -84   225   236   368   369     0     0      0.312      0.190      0.855      0.940      0.135
   264        311  (K0)               -84   225   236   324   324     0     0     -0.639     -0.878      5.369      5.500      0.498
   265       -321  K-                  84   225   236     0     0     0     0     -0.603     -0.355      3.055      3.172      0.494
   266        321  K+                  84   225   236     0     0     0     0      0.113      0.544      0.223      0.776      0.494
   267       -321  K-                  84   225   236     0     0     0     0      0.334     -0.946     -1.051      1.534      0.494
   268        223  (omega)            -84   225   236   370   372     0     0     -0.147      0.130   -109.478    109.481      0.788
   269        213  (rho+)             -84   225   236   325   326     0     0     -0.111     -0.002   -348.197    348.197      0.799
   270       2212  p+                  84   225   236     0     0     0     0      1.178      0.085  -3922.503   3922.503      0.938
   271       -211  pi-                 84   225   236     0     0     0     0     -0.001     -0.043   -560.552    560.552      0.140
   272       -211  pi-                 91   156     0     0     0     0     0     -0.491     -7.032     -8.622     11.138      0.140
   273        111  (pi0)              -91   156     0   373   374     0     0     -0.409     -3.591     -5.307      6.423      0.135
   274       2212  p+                  91   161     0     0     0     0     0     -0.377     -0.093   1041.364   1041.365      0.938
   275       -211  pi-                 91   161     0     0     0     0     0      0.127      0.225    333.325    333.325      0.140
   276        310  (K_S0)             -91   167   167   375   376     0     0     -1.587      0.238      2.584      3.082      0.498
   277        310  K_S0                91   168   168     0     0     0     0     -1.757      0.492      3.757      4.206      0.498
   278        211  pi+                 91   170     0     0     0     0     0      0.026      0.087      0.456      0.485      0.140
   279        111  (pi0)              -91   170     0   377   378     0     0      0.787     -0.999      7.943      8.045      0.135
   280       -211  pi-                 91   171     0     0     0     0     0      1.394     -2.103      9.375      9.710      0.140
   281        111  (pi0)              -91   171     0   379   380     0     0      0.936     -0.705      5.301      5.431      0.135
   282       2112  n0                  91   174     0     0     0     0     0      1.441     -1.813     10.974     11.255      0.940
   283        111  (pi0)              -91   174     0   381   382     0     0      0.322     -0.751      3.203      3.309      0.135
   284      -2212  pbar-               91   175     0     0     0     0     0      1.197     -3.068     17.304     17.640      0.938
   285        211  pi+                 91   175     0     0     0     0     0      0.724     -2.320     12.290     12.529      0.140
   286        310  K_S0                91   183   183     0     0     0     0      0.390     -0.178     27.374     27.382      0.498
   287        310  K_S0                91   184   184     0     0     0     0     -0.120      0.436      6.172      6.208      0.498
   288        211  pi+                 91   192     0     0     0     0     0     -0.162     -0.833     -1.941      2.123      0.140
   289       -211  pi-                 91   192     0     0     0     0     0     -0.894     -2.170     -8.698      9.011      0.140
   290        211  pi+                 91   194     0     0     0     0     0      0.145     -0.218     -1.055      1.096      0.140
   291       -211  pi-                 91   194     0     0     0     0     0     -0.987     -3.866    -10.712     11.432      0.140
   292        211  pi+                 91   197     0     0     0     0     0     -0.179      0.206     -6.440      6.447      0.140
   293       -211  pi-                 91   197     0     0     0     0     0      0.064     -0.170    -36.521     36.521      0.140
   294        211  pi+                 91   210     0     0     0     0     0      0.267      0.336    -26.250     26.254      0.140
   295        111  (pi0)              -91   210     0   383   384     0     0      0.018     -0.306    -13.173     13.177      0.135
   296       2112  n0                  91   213     0     0     0     0     0      0.022      0.735     -0.837      1.457      0.940
   297       -211  pi-                 91   213     0     0     0     0     0      0.150      0.107     -0.132      0.266      0.140
   298        211  pi+                 91   214     0     0     0     0     0      0.512     -0.743      0.497      1.040      0.140
   299        111  (pi0)              -91   214     0   385   386     0     0     -0.099      0.149     -0.023      0.225      0.135
   300        211  pi+                 91   221     0     0     0     0     0      0.679      0.046     11.087     11.109      0.140
   301       -211  pi-                 91   221     0     0     0     0     0      0.111      0.337      1.951      1.988      0.140
   302        211  pi+                 91   239     0     0     0     0     0      0.336     -0.484    -22.463     22.471      0.140
   303       -211  pi-                 91   239     0     0     0     0     0      0.489      0.293    -37.028     37.032      0.140
   304       -211  pi-                 91   242     0     0     0     0     0      1.117      0.616    -10.192     10.273      0.140
   305        111  (pi0)              -91   242     0   387   388     0     0      0.309     -0.169     -4.459      4.475      0.135
   306        211  pi+                 91   243     0     0     0     0     0      1.668     -0.131    -12.283     12.397      0.140
   307       -211  pi-                 91   243     0     0     0     0     0      0.212     -0.342     -4.111      4.133      0.140
   308        321  K+                  91   247     0     0     0     0     0     -0.123      0.145     -1.584      1.670      0.494
   309       -211  pi-                 91   247     0     0     0     0     0      0.342      0.292     -2.123      2.174      0.140
   310        211  pi+                 91   251     0     0     0     0     0     -0.011      0.184     -0.281      0.364      0.140
   311        111  (pi0)              -91   251     0   389   390     0     0     -0.006      0.336      0.287      0.462      0.135
   312       -211  pi-                 91   252     0     0     0     0     0     -0.070      0.298      0.310      0.457      0.140
   313        111  (pi0)              -91   252     0   391   392     0     0     -0.606     -0.232      0.378      0.763      0.135
   314        211  pi+                 91   253     0     0     0     0     0      0.823      0.287      3.007      3.134      0.140
   315       -211  pi-                 91   253     0     0     0     0     0     -0.038     -0.045      0.144      0.209      0.140
   316        211  pi+                 91   255     0     0     0     0     0      0.838      0.114      7.207      7.258      0.140
   317       -211  pi-                 91   255     0     0     0     0     0      0.464      0.599      4.216      4.286      0.140
   318        211  pi+                 91   256     0     0     0     0     0     -0.166     -0.117      1.340      1.362      0.140
   319        111  (pi0)              -91   256     0   393   394     0     0      0.664      0.503      6.964      7.015      0.135
   320       -211  pi-                 91   257     0     0     0     0     0      0.440      0.855      7.702      7.763      0.140
   321        111  (pi0)              -91   257     0   395   396     0     0      0.409      0.036      1.953      2.001      0.135
   322        211  pi+                 91   262     0     0     0     0     0     -0.160      0.193      1.214      1.247      0.140
   323        111  (pi0)              -91   262     0   397   398     0     0      0.017     -0.493      2.412      2.466      0.135
   324        310  (K_S0)             -91   264   264   399   400     0     0     -0.639     -0.878      5.369      5.500      0.498
   325        211  pi+                 91   269     0     0     0     0     0     -0.215      0.241   -286.665    286.665      0.140
   326        111  (pi0)              -91   269     0   401   402     0     0      0.104     -0.244    -61.531     61.532      0.135
   327        -16  nu_taubar           91   146     0     0     0     0     0     -8.814      6.777     -0.847     11.151      0.000
   328        -11  e+                  91   146     0     0     0     0     0     -7.323      5.037     -1.547      9.021      0.001
   329         12  nu_e                91   146     0     0     0     0     0     -5.709      4.929     -0.456      7.556      0.000
   330         16  nu_tau              91   150     0     0     0     0     0    -12.844     24.605     52.566     59.444      0.000
   331         13  mu-                 91   150     0     0     0     0     0     -0.677      1.437      3.410      3.763      0.106
   332        -14  nu_mubar            91   150     0     0     0     0     0    -19.232     39.027     81.016     91.959      0.000
   333       -511  (Bbar0)            -91   155     0   403   405     0     0     -6.495    -50.480    -69.910     86.636      5.280
   334         22  gamma               91   155     0     0     0     0     0     -0.099     -0.601     -0.895      1.083      0.000
   335        521  (B+)               -91   158     0   406   407     0     0     28.938    -26.292    176.537    180.892      5.279
   336         22  gamma               91   158     0     0     0     0     0      0.381     -0.391      2.369      2.431      0.000
   337         22  gamma               91   173     0     0     0     0     0      0.382     -0.499      2.118      2.209      0.000
   338         22  gamma               91   173     0     0     0     0     0      0.135     -0.335      1.333      1.381      0.000
   339         22  gamma               91   178     0     0     0     0     0     -0.228      0.635    747.328    747.329      0.000
   340         22  gamma               91   178     0     0     0     0     0     -0.083     -0.110    221.535    221.535      0.000
   341         22  gamma               91   182     0     0     0     0     0     -0.256      0.203      9.475      9.481      0.000
   342         22  gamma               91   182     0     0     0     0     0     -0.145      0.045      2.733      2.737      0.000
   343         22  gamma               91   191     0     0     0     0     0     -0.066     -0.750     -0.931      1.197      0.000
   344         22  gamma               91   191     0     0     0     0     0     -1.947    -15.161    -18.946     24.343      0.000
   345        111  (pi0)              -91   195     0   408   409     0     0     -0.211     -0.296     -1.972      2.010      0.135
   346        111  (pi0)              -91   195     0   410   411     0     0     -0.450     -0.447     -2.373      2.460      0.135
   347        111  (pi0)              -91   195     0   412   413     0     0     -0.090     -0.348     -1.720      1.762      0.135
   348        111  (pi0)              -91   196     0   414   415     0     0      0.233      0.553    -24.707     24.714      0.135
   349         22  gamma               91   196     0     0     0     0     0      0.104     -0.216     -4.149      4.156      0.000
   350         22  gamma               91   200     0     0     0     0     0     -0.013     -0.084    -48.254     48.254      0.000
   351         22  gamma               91   200     0     0     0     0     0      0.006     -0.402   -113.592    113.593      0.000
   352        113  (rho0)             -91   209     0   416   417     0     0     -1.329     -0.394   -183.443    183.450      0.669
   353         22  gamma               91   209     0     0     0     0     0     -0.273     -0.269    -84.075     84.076      0.000
   354        211  pi+                 91   223     0     0     0     0     0     -0.393      0.951     28.554     28.573      0.140
   355       -211  pi-                 91   223     0     0     0     0     0     -0.395      0.774     28.004     28.017      0.140
   356        111  (pi0)              -91   223     0   418   419     0     0     -0.951      1.178     34.164     34.198      0.135
   357         22  gamma               91   237     0     0     0     0     0      0.043      0.012     -1.275      1.276      0.000
   358         22  gamma               91   237     0     0     0     0     0      0.088      0.154    -17.264     17.265      0.000
   359        111  (pi0)              -91   240     0   420   421     0     0      0.004      0.144     -2.260      2.269      0.135
   360        111  (pi0)              -91   240     0   422   423     0     0      0.129      0.016     -2.200      2.208      0.135
   361        111  (pi0)              -91   240     0   424   425     0     0      0.284      0.326     -6.555      6.571      0.135
   362        211  pi+                 91   241     0     0     0     0     0      0.391     -0.071     -3.116      3.144      0.140
   363       -211  pi-                 91   241     0     0     0     0     0      1.056     -0.184     -6.379      6.470      0.140
   364        111  (pi0)              -91   241     0   426   427     0     0      0.417      0.059     -2.978      3.011      0.135
   365        211  pi+                 91   254     0     0     0     0     0      0.247      0.270      1.078      1.147      0.140
   366       -211  pi-                 91   254     0     0     0     0     0      0.020      0.272      1.179      1.218      0.140
   367        111  (pi0)              -91   254     0   428   429     0     0      0.314      0.426      1.554      1.648      0.135
   368         22  gamma               91   263     0     0     0     0     0      0.169      0.157      0.404      0.465      0.000
   369         22  gamma               91   263     0     0     0     0     0      0.143      0.033      0.452      0.475      0.000
   370        211  pi+                 91   268     0     0     0     0     0     -0.051     -0.203    -40.445     40.445      0.140
   371       -211  pi-                 91   268     0     0     0     0     0     -0.078      0.102    -49.872     49.872      0.140
   372        111  (pi0)              -91   268     0   430   431     0     0     -0.019      0.230    -19.162     19.163      0.135
   373         22  gamma               91   273     0     0     0     0     0     -0.087     -1.318     -1.970      2.372      0.000
   374         22  gamma               91   273     0     0     0     0     0     -0.322     -2.273     -3.337      4.050      0.000
   375        211  pi+                 91   276     0     0     0     0     0     -1.052      0.344      1.775      2.097      0.140
   376       -211  pi-                 91   276     0     0     0     0     0     -0.535     -0.106      0.809      0.985      0.140
   377         22  gamma               91   279     0     0     0     0     0      0.607     -0.672      5.675      5.747      0.000
   378         22  gamma               91   279     0     0     0     0     0      0.180     -0.327      2.268      2.298      0.000
   379         22  gamma               91   281     0     0     0     0     0      0.752     -0.595      4.099      4.210      0.000
   380         22  gamma               91   281     0     0     0     0     0      0.183     -0.110      1.202      1.221      0.000
   381         22  gamma               91   283     0     0     0     0     0      0.324     -0.743      3.073      3.178      0.000
   382         22  gamma               91   283     0     0     0     0     0     -0.002     -0.008      0.131      0.131      0.000
   383         22  gamma               91   295     0     0     0     0     0      0.043     -0.183     -5.445      5.448      0.000
   384         22  gamma               91   295     0     0     0     0     0     -0.025     -0.124     -7.728      7.729      0.000
   385         22  gamma               91   299     0     0     0     0     0     -0.049      0.147     -0.056      0.165      0.000
   386         22  gamma               91   299     0     0     0     0     0     -0.050      0.002      0.033      0.060      0.000
   387         22  gamma               91   305     0     0     0     0     0      0.131      0.001     -1.584      1.590      0.000
   388         22  gamma               91   305     0     0     0     0     0      0.178     -0.170     -2.875      2.885      0.000
   389         22  gamma               91   311     0     0     0     0     0     -0.051      0.218      0.124      0.256      0.000
   390         22  gamma               91   311     0     0     0     0     0      0.045      0.118      0.163      0.206      0.000
   391         22  gamma               91   313     0     0     0     0     0     -0.545     -0.170      0.293      0.641      0.000
   392         22  gamma               91   313     0     0     0     0     0     -0.062     -0.061      0.085      0.122      0.000
   393         22  gamma               91   319     0     0     0     0     0      0.326      0.217      3.801      3.821      0.000
   394         22  gamma               91   319     0     0     0     0     0      0.338      0.285      3.162      3.193      0.000
   395         22  gamma               91   321     0     0     0     0     0      0.293     -0.006      1.097      1.135      0.000
   396         22  gamma               91   321     0     0     0     0     0      0.117      0.042      0.857      0.866      0.000
   397         22  gamma               91   323     0     0     0     0     0      0.021     -0.028      0.352      0.353      0.000
   398         22  gamma               91   323     0     0     0     0     0     -0.004     -0.466      2.061      2.112      0.000
   399        211  pi+                 91   324     0     0     0     0     0     -0.266     -0.177      2.337      2.362      0.140
   400       -211  pi-                 91   324     0     0     0     0     0     -0.372     -0.701      3.033      3.138      0.140
   401         22  gamma               91   326     0     0     0     0     0     -0.019     -0.079    -26.020     26.020      0.000
   402         22  gamma               91   326     0     0     0     0     0      0.122     -0.164    -35.511     35.512      0.000
   403      -4312  (Xi'_cbar0)        -92   333     0   432   433     0     0     -2.839    -19.560    -26.954     33.523      2.578
   404       -211  pi-                 92   333     0     0     0     0     0      0.306     -2.589     -3.799      4.609      0.140
   405       2212  p+                  92   333     0     0     0     0     0     -3.962    -28.332    -39.157     48.503      0.938
   406        441  (eta_c)            -91   335     0   434   437     0     0     10.107     -9.957     66.995     68.546      2.980
   407        323  (K*+)              -91   335     0   438   439     0     0     18.831    -16.335    109.542    112.346      0.885
   408         22  gamma               91   345     0     0     0     0     0     -0.024     -0.054     -0.135      0.147      0.000
   409         22  gamma               91   345     0     0     0     0     0     -0.186     -0.241     -1.837      1.863      0.000
   410         22  gamma               91   346     0     0     0     0     0     -0.366     -0.282     -1.760      1.820      0.000
   411         22  gamma               91   346     0     0     0     0     0     -0.083     -0.165     -0.613      0.640      0.000
   412         22  gamma               91   347     0     0     0     0     0     -0.044     -0.323     -1.357      1.396      0.000
   413         22  gamma               91   347     0     0     0     0     0     -0.046     -0.025     -0.363      0.367      0.000
   414         22  gamma               91   348     0     0     0     0     0      0.050      0.202     -6.419      6.422      0.000
   415         22  gamma               91   348     0     0     0     0     0      0.182      0.351    -18.288     18.292      0.000
   416        211  pi+                 91   352     0     0     0     0     0     -0.452      0.151    -61.254     61.256      0.140
   417       -211  pi-                 91   352     0     0     0     0     0     -0.877     -0.545   -122.190    122.194      0.140
   418         22  gamma               91   356     0     0     0     0     0     -0.819      0.932     28.039     28.066      0.000
   419         22  gamma               91   356     0     0     0     0     0     -0.132      0.246      6.125      6.131      0.000
   420         22  gamma               91   359     0     0     0     0     0     -0.049      0.040     -1.307      1.309      0.000
   421         22  gamma               91   359     0     0     0     0     0      0.053      0.104     -0.953      0.960      0.000
   422         22  gamma               91   360     0     0     0     0     0     -0.019     -0.020     -0.629      0.629      0.000
   423         22  gamma               91   360     0     0     0     0     0      0.148      0.036     -1.571      1.578      0.000
   424         22  gamma               91   361     0     0     0     0     0      0.182      0.116     -2.730      2.739      0.000
   425         22  gamma               91   361     0     0     0     0     0      0.102      0.209     -3.825      3.832      0.000
   426         22  gamma               91   364     0     0     0     0     0      0.108      0.053     -0.549      0.562      0.000
   427         22  gamma               91   364     0     0     0     0     0      0.309      0.006     -2.429      2.449      0.000
   428         22  gamma               91   367     0     0     0     0     0      0.145      0.261      1.028      1.070      0.000
   429         22  gamma               91   367     0     0     0     0     0      0.170      0.165      0.526      0.577      0.000
   430         22  gamma               91   372     0     0     0     0     0     -0.068      0.175    -11.722     11.724      0.000
   431         22  gamma               91   372     0     0     0     0     0      0.049      0.056     -7.439      7.440      0.000
   432      -4132  (Xi_cbar0)         -91   403     0   440   443     0     0     -2.869    -19.491    -26.824     33.373      2.471
   433         22  gamma               91   403     0     0     0     0     0      0.030     -0.069     -0.131      0.151      0.000
   434      -2212  pbar-               91   406     0     0     0     0     0      3.559     -3.438     24.034     24.556      0.938
   435        111  (pi0)              -91   406     0   444   445     0     0      0.145     -0.168      1.146      1.175      0.135
   436        113  (rho0)             -91   406     0   446   447     0     0      3.168     -3.289     20.736     21.250      0.842
   437       2212  p+                  91   406     0     0     0     0     0      3.235     -3.062     21.079     21.565      0.938
   438        321  K+                  91   407     0     0     0     0     0     16.115    -14.065     94.872     97.254      0.494
   439        111  (pi0)              -91   407     0   448   449     0     0      2.716     -2.270     14.670     15.092      0.135
   440        311  (K0)               -91   432     0   450   450     0     0     -0.608     -6.158     -8.437     10.475      0.498
   441        211  pi+                 91   432     0     0     0     0     0      0.067     -1.338     -1.916      2.342      0.140
   442       -211  pi-                 91   432     0     0     0     0     0     -0.287     -2.061     -2.935      3.601      0.140
   443      -3212  (Sigmabar0)        -91   432     0   451   452     0     0     -2.041     -9.934    -13.535     16.955      1.193
   444         22  gamma               91   435     0     0     0     0     0      0.086     -0.151      0.572      0.598      0.000
   445         22  gamma               91   435     0     0     0     0     0      0.059     -0.017      0.574      0.577      0.000
   446        211  pi+                 91   436     0     0     0     0     0      2.477     -2.950     16.796     17.233      0.140
   447       -211  pi-                 91   436     0     0     0     0     0      0.691     -0.338      3.940      4.017      0.140
   448         22  gamma               91   439     0     0     0     0     0      2.456     -2.085     13.216     13.603      0.000
   449         22  gamma               91   439     0     0     0     0     0      0.260     -0.185      1.454      1.488      0.000
   450        310  K_S0                91   440   440     0     0     0     0     -0.608     -6.158     -8.437     10.475      0.498
   451      -3122  Lambdabar0          91   443     0     0     0     0     0     -2.024     -9.529    -13.034     16.311      1.116
   452         22  gamma               91   443     0     0     0     0     0     -0.016     -0.405     -0.501      0.645      0.000
                                   Charge sum:  2.000           Momentum sum:     -0.000      0.000      0.000  13000.000  13000.000

 --------  End PYTHIA Event Listing  -----------------------------------------------------------------------------------------------
#--------------------------------------------------------------------------
#                     FastJet release 3.4.0 [fjcore]
#                 M. Cacciari, G.P. Salam and G. Soyez                  
#     A software package for jet finding and analysis at colliders      
#                           http://fastjet.fr                           
#	                                                                      
# Please cite EPJC72(2012)1896 [arXiv:1111.6097] if you use this package
# for scientific work and optionally PLB641(2006)57 [hep-ph/0512210].   
#                                                                       
# FastJet is provided without warranty under the GNU GPL v2 or higher.  
# It uses T. Chan's closest pair algorithm, S. Fortune's Voronoi code
# and 3rd party plugin jet algorithms. See COPYING file for details.
#--------------------------------------------------------------------------
 PYTHIA Warning in SimpleSpaceShower::pT2nextQCD: weight above unity  
 PYTHIA Warning in SimpleSpaceShower::pT2nextQCD: small daughter PDF  
 PYTHIA Warning in SimpleTimeShower::findMEcorr: ME weight above PS one  
 PYTHIA Warning in Pythia::check: energy-momentum not quite conserved  
 PYTHIA Error in SimpleSpaceShower::pT2nearThreshold: xPDF = 0  
 PYTHIA Error in SimpleSpaceShower::pT2nearThreshold: stuck in loop  
 PYTHIA Warning in StringFragmentation::fragmentToJunction: bad convergence junction rest frame  
 PYTHIA Warning in SimpleTimeShower::pTnext: negative dipole mass.  
 PYTHIA Warning in StringFragmentation::fragmentToJunction: Negative invariant masses in junction rest frame  
 PYTHIA Warning in Pythia::check: not quite matched particle energy/momentum/mass  

 Pythia::next(): 1000 events have been generated 

 Pythia::next(): 2000 events have been generated 
 PYTHIA Warning in MultipartonInteractions::pTnext: weight above unity  

 Pythia::next(): 3000 events have been generated 
 PYTHIA Error in BeamRemnants::setKinematics: kinematics construction failed  

 Pythia::next(): 4000 events have been generated 
 PYTHIA Error in StringFragmentation::fragment: stuck in joining  
 PYTHIA Error in Pythia::next: hadronLevel failed; try again  

 Pythia::next(): 5000 events have been generated 
 PYTHIA Error in StringFragmentation::fragmentToJunction: caught in junction flavour loop  
 PYTHIA Warning in ColConfig::collect: negative-energy parton encountered  
 PYTHIA Error in Pythia::check: unmatched particle energy/momentum/mass  
 PYTHIA Error in Pythia::next: check of event revealed problems  

 Pythia::next(): 6000 events have been generated 

 Pythia::next(): 7000 events have been generated 

 Pythia::next(): 8000 events have been generated 

 Pythia::next(): 9000 events have been generated 

 *-------  PYTHIA Event and Cross Section Statistics  -------------------------------------------------------------*
 |                                                                                                                 |
 | Subprocess                                    Code |            Number of events       |      sigma +- delta    |
 |                                                    |       Tried   Selected   Accepted |     (estimated) (mb)   |
 |                                                    |                                   |                        |
 |-----------------------------------------------------------------------------------------------------------------|
 |                                                    |                                   |                        |
 | Les Houches User Process(es)                  9999 |       10000      10000      10000 |   8.319e-08  0.000e+00 |
 |    ... whereof user classification code     322200 |       10000      10000      10000 |                        | 
 |                                                    |                                   |                        |
 | sum                                                |       10000      10000      10000 |   8.319e-08  0.000e+00 |
 |                                                                                                                 |
 *-------  End PYTHIA Event and Cross Section Statistics ----------------------------------------------------------*

 *-------  PYTHIA Error and Warning Messages Statistics  ----------------------------------------------------------* 
 |                                                                                                                 | 
 |  times   message                                                                                                | 
 |                                                                                                                 | 
 |      6   Error in BeamRemnants::setKinematics: kinematics construction failed                                   | 
 |      1   Error in Pythia::check: unmatched particle energy/momentum/mass                                        | 
 |      1   Error in Pythia::next: check of event revealed problems                                                | 
 |      4   Error in Pythia::next: hadronLevel failed; try again                                                   | 
 |     18   Error in SimpleSpaceShower::pT2nearThreshold: stuck in loop                                            | 
 |     30   Error in SimpleSpaceShower::pT2nearThreshold: xPDF = 0                                                 | 
 |      3   Error in StringFragmentation::fragment: stuck in joining                                               | 
 |      1   Error in StringFragmentation::fragmentToJunction: caught in junction flavour loop                      | 
 |      3   Warning in ColConfig::collect: negative-energy parton encountered                                      | 
 |      1   Warning in MultipartonInteractions::pTnext: weight above unity                                         | 
 |      1   Warning in Pythia::check: energy-momentum not quite conserved                                          | 
 |      1   Warning in Pythia::check: not quite matched particle energy/momentum/mass                              | 
 |   4071   Warning in SimpleSpaceShower::pT2nextQCD: small daughter PDF                                           | 
 |   3608   Warning in SimpleSpaceShower::pT2nextQCD: weight above unity                                           | 
 |     90   Warning in SimpleTimeShower::findMEcorr: ME weight above PS one                                        | 
 |     35   Warning in SimpleTimeShower::pTnext: negative dipole mass.                                             | 
 |      1   Warning in StringFragmentation::fragmentToJunction: Negative invariant masses in junction rest frame   | 
 |     22   Warning in StringFragmentation::fragmentToJunction: bad convergence junction rest frame                | 
 |      2   Warning in TimeShower::init: pTmin too low                                                             | 
 |                                                                                                                 | 
 *-------  End PYTHIA Error and Warning Messages Statistics  ------------------------------------------------------* 
Using LHE File: /nfs/dust/cms/user/amoroso/powheg/POWHEG-BOX-V2/ttJ_MiNNLOPS_v1.0_beta1/decay-ll/pwgevents-0605.lhe
less then 10000 events in LHE, using all LHE events
np.shape(P0) = (10000, 3, 9)
np.shape(nJets) = (10000, 2)
np.shape(jets_4vectors) = (10000, 20, 6)
