Configured CUDA from: /cvmfs/sft.cern.ch/lcg/releases/cuda/12.4-4899e/x86_64-el9-gcc11-opt

 *------------------------------------------------------------------------------------* 
 |                                                                                    | 
 |  *------------------------------------------------------------------------------*  | 
 |  |                                                                              |  | 
 |  |                                                                              |  | 
 |  |   PPP   Y   Y  TTTTT  H   H  III    A      Welcome to the Lund Monte Carlo!  |  | 
 |  |   P  P   Y Y     T    H   H   I    A A     This is PYTHIA version 8.309      |  | 
 |  |   PPP     Y      T    HHHHH   I   AAAAA    Last date of change: 16 Feb 2023  |  | 
 |  |   P       Y      T    H   H   I   A   A                                      |  | 
 |  |   P       Y      T    H   H  III  A   A    Now is 03 Sep 2024 at 19:06:16    |  | 
 |  |                                                                              |  | 
 |  |   Program documentation and an archive of historic versions is found on:     |  | 
 |  |                                                                              |  | 
 |  |                               https://pythia.org/                            |  | 
 |  |                                                                              |  | 
 |  |   PYTHIA is authored by a collaboration consisting of:                       |  | 
 |  |                                                                              |  | 
 |  |   Christian Bierlich, Nishita Desai, Leif Gellersen, Ilkka Helenius, Philip  |  | 
 |  |   Ilten, Leif Lonnblad, Stephen Mrenna, Stefan Prestel, Christian Preuss,    |  | 
 |  |   Torbjorn Sjostrand, Peter Skands, Marius Utheim and Rob Verheyen.          |  | 
 |  |                                                                              |  | 
 |  |   The complete list of authors, including contact information and            |  | 
 |  |   affiliations, can be found on https://pythia.org/.                         |  | 
 |  |   Problems or bugs should be reported on email at authors@pythia.org.        |  | 
 |  |                                                                              |  | 
 |  |   The main program reference is C. Bierlich et al,                           |  | 
 |  |   'A comprehensive guide to the physics and usage of Pythia 8.3',            |  | 
 |  |   SciPost Phys. Codebases 8-r8.3 (2022) [arXiv:2203.11601 [hep-ph]]          |  | 
 |  |                                                                              |  | 
 |  |   PYTHIA is released under the GNU General Public Licence version 2 or later.|  | 
 |  |   Please respect the MCnet Guidelines for Event Generator Authors and Users. |  | 
 |  |                                                                              |  | 
 |  |   Disclaimer: this program comes without any guarantees.                     |  | 
 |  |   Beware of errors and use common sense when interpreting results.           |  | 
 |  |                                                                              |  | 
 |  |   Copyright (C) 2023 Torbjorn Sjostrand                                      |  | 
 |  |                                                                              |  | 
 |  |                                                                              |  | 
 |  *------------------------------------------------------------------------------*  | 
 |                                                                                    | 
 *------------------------------------------------------------------------------------* 


 *-------  PYTHIA Process Initialization  --------------------------*
 |                                                                  |
 | We collide p+ with p+ at a CM energy of 1.300e+04 GeV            |
 |                                                                  |
 |------------------------------------------------------------------|
 |                                                    |             |
 | Subprocess                                    Code |   Estimated |
 |                                                    |    max (mb) |
 |                                                    |             |
 |------------------------------------------------------------------|
 |                                                    |             |
 | Les Houches User Process(es)                  9999 |   1.000e-09 |
 |                                                                  |
 *-------  End PYTHIA Process Initialization -----------------------*
 PYTHIA Warning in TimeShower::init: pTmin too low , raised to 0.611

 *-------  PYTHIA Multiparton Interactions Initialization  ---------* 
 |                                                                  | 
 |                   sigmaNonDiffractive =    55.51 mb              | 
 |                                                                  | 
 |    pT0 =  1.44 gives sigmaInteraction =   397.57 mb: accepted    | 
 |                                                                  | 
 *-------  End PYTHIA Multiparton Interactions Initialization  -----* 

 *-------  PYTHIA Flag + Mode + Parm + Word + FVec + MVec + PVec + WVec Settings (changes only)  ------------------* 
 |                                                                                                                 | 
 | Name                                          |                      Now |      Default         Min         Max | 
 |                                               |                          |                                      | 
 | Beams:frameType                               |                        4 |            1           1           5 | 
 | Beams:LHEF                                    | /nfs/dust/cms/user/amoroso/powheg/POWHEG-BOX-V2/ttJ_MiNNLOPS_v1.0_beta1/decay-ll/pwgevents-0949.lhe |         void | 
 | ColourReconnection:range                      |                  5.17600 |      1.80000         0.0    10.00000 | 
 | Main:timesAllowErrors                         |                      500 |           10           0             | 
 | MultipartonInteractions:alphaSorder           |                        2 |            1           0           3 | 
 | MultipartonInteractions:alphaSvalue           |                  0.11800 |      0.13000   0.0600000     0.25000 | 
 | MultipartonInteractions:bProfile              |                        2 |            3           0           4 | 
 | MultipartonInteractions:coreFraction          |                  0.63000 |      0.50000         0.0     1.00000 | 
 | MultipartonInteractions:coreRadius            |                  0.76340 |      0.40000     0.10000     1.00000 | 
 | MultipartonInteractions:ecmPow                |                0.0334400 |      0.21500         0.0     0.50000 | 
 | MultipartonInteractions:pT0Ref                |                  1.41000 |      2.28000     0.50000    10.00000 | 
 | ParticleDecays:limitTau                       |                       on |          off                         | 
 | PartonLevel:FSR                               |                      off |           on                         | 
 | PDF:pSet                                      |                       20 |           13                         | 
 | Random:seed                                   |                      949 |           -1               900000000 | 
 | Random:setSeed                                |                       on |          off                         | 
 | SigmaProcess:alphaSorder                      |                        2 |            1           0           3 | 
 | SigmaProcess:alphaSvalue                      |                  0.11800 |      0.13000   0.0600000     0.25000 | 
 | SigmaTotal:mode                               |                        0 |            1           0           4 | 
 | SigmaTotal:sigmaEl                            |                 21.89000 |     25.00000         0.0             | 
 | SigmaTotal:sigmaTot                           |                100.30900 |    100.00000         0.0             | 
 | SigmaTotal:zeroAXB                            |                      off |           on                         | 
 | SpaceShower:alphaSorder                       |                        2 |            1           0           3 | 
 | SpaceShower:alphaSvalue                       |                  0.11800 |      0.13650   0.0600000     0.25000 | 
 | SpaceShower:dipoleRecoil                      |                       on |          off                         | 
 | SpaceShower:pTmaxMatch                        |                        1 |            0           0           2 | 
 | TimeShower:alphaSorder                        |                        2 |            1           0           3 | 
 | TimeShower:alphaSvalue                        |                  0.11800 |      0.13650   0.0600000     0.25000 | 
 |                                                                                                                 | 
 *-------  End PYTHIA Flag + Mode + Parm + Word + FVec + MVec + PVec + WVec Settings  -----------------------------* 

 --------  PYTHIA Particle Data Table (changed only)  ------------------------------------------------------------------------------
 
      id   name            antiName         spn chg col      m0        mWidth      mMin       mMax       tau0    res dec ext vis wid
             no onMode   bRatio   meMode     products 

       6  t                tbar               2   2   1  173.00000    1.36916   86.00000    0.00000  1.44122e-13   1   1   0   1   0
              0     1   0.0000664    0       24        1 
              1     1   0.0017361    0       24        3 
              2     1   0.9981975    0       24        5 
              3     1   0.0000000    0       37        5 

 --------  End PYTHIA Particle Data Table  -----------------------------------------------------------------------------------------


 --------  LHA event information and listing  ---------------------------------------------------------------------- 

    process =   322200    weight =   1.0325e+02     scale =   8.3787e+00 (GeV) 
                        alpha_em =  -1.0000e+00    alpha_strong =   2.0484e-01

    Participating Particles 
    no        id stat     mothers     colours      p_x        p_y        p_z         e          m        tau    spin 
     1        21   -1     0     0   513   514      0.000      0.000    298.734    298.734      0.000   0.000   9.000
     2        21   -1     0     0   511   515      0.000      0.000   -556.561    556.561      0.000   0.000   9.000
     3         6    2     1     2   511     0     79.095     -2.154   -109.234    218.848    172.342   0.000   9.000
     4        -6    2     1     2     0   514    -63.743     -4.522    -27.041    188.502    175.265   0.000   9.000
     5        21    1     1     2   513   512     -7.354      4.179    163.026    163.245      0.000   0.000   9.000
     6        21    1     1     2   512   515     -7.998      2.497   -284.577    284.700      0.000   0.000   9.000
     7         5    1     3     3   511     0     -6.461     37.255     19.335     42.752      4.920   0.000  -1.000
     8        24    2     3     3     0     0     85.557    -39.409   -128.569    176.096     74.879   0.000   9.000
     9        -5    1     4     4     0   514     28.145    -10.899     39.144     49.672      4.920   0.000   1.000
    10       -24    2     4     4     0     0    -91.888      6.377    -66.185    138.829     80.056   0.000   9.000
    11       -15    1     8     8     0     0     68.537     -3.667    -40.933     79.933      1.777   0.000   1.000
    12        16    1     8     8     0     0     17.020    -35.742    -87.636     96.163      0.000   0.000  -1.000
    13        15    1    10    10     0     0      9.068     -5.150      7.794     13.140      1.777   0.000  -1.000
    14       -16    1    10    10     0     0   -100.956     11.527    -73.979    125.690      0.000   0.000   1.000

 --------  End LHA event information and listing  ------------------------------------------------------------------ 

 --------  PYTHIA Info Listing  ---------------------------------------- 
 
 Beam A: id =   2212, pz =  6.500e+03, e =  6.500e+03, m =  9.383e-01.
 Beam B: id =   2212, pz = -6.500e+03, e =  6.500e+03, m =  9.383e-01.

 In 1: id =   21, x =  4.596e-02, pdf =  0.000e+00 at Q2 =  7.020e+01.
 In 2: id =   21, x =  8.562e-02, pdf =  0.000e+00 at same Q2.

 Process Les Houches User Process(es) with code 9999 is 2 -> 4.
 Subprocess user process 322200 with code 322200 is 2 -> 4.
     alphaEM =  7.612e-03,  alphaS =  2.048e-01    at Q2 =  7.020e+01.

 Impact parameter b =  1.178e+00 gives enhancement factor =  2.759e-01.
 Max pT scale for MPI =  1.300e+04, ISR =  8.379e+00, FSR =  8.379e+00.
 Number of MPI =     1, ISR =     3, FSRproc =     0, FSRreson =     0.

 --------  End PYTHIA Info Listing  ------------------------------------

 --------  PYTHIA Event Listing  (hard process)  -----------------------------------------------------------------------------------
 
    no         id  name            status     mothers   daughters     colours      p_x        p_y        p_z         e          m 
     0         90  (system)           -11     0     0     0     0     0     0      0.000      0.000      0.000  13000.000  13000.000
     1       2212  (p+)               -12     0     0     3     0     0     0      0.000      0.000   6500.000   6500.000      0.938
     2       2212  (p+)               -12     0     0     4     0     0     0      0.000      0.000  -6500.000   6500.000      0.938
     3         21  (g)                -21     1     0     5     8   513   514      0.000      0.000    298.734    298.734      0.000
     4         21  (g)                -21     2     0     5     8   511   515      0.000      0.000   -556.561    556.561      0.000
     5          6  (t)                -22     3     4     9    10   511     0     79.095     -2.154   -109.234    218.848    172.342
     6         -6  (tbar)             -22     3     4    11    12     0   514    -63.743     -4.522    -27.041    188.502    175.265
     7         21  g                   23     3     4     0     0   513   512     -7.354      4.179    163.026    163.245      0.000
     8         21  g                   23     3     4     0     0   512   515     -7.998      2.497   -284.577    284.700      0.000
     9          5  b                   23     5     0     0     0   511     0     -6.461     37.255     19.335     42.752      4.920
    10         24  (W+)               -22     5     0    13    14     0     0     85.557    -39.409   -128.569    176.096     74.879
    11         -5  bbar                23     6     0     0     0     0   514     28.145    -10.899     39.144     49.672      4.920
    12        -24  (W-)               -22     6     0    15    16     0     0    -91.888      6.377    -66.185    138.829     80.056
    13        -15  tau+                23    10     0     0     0     0     0     68.537     -3.667    -40.933     79.933      1.777
    14         16  nu_tau              23    10     0     0     0     0     0     17.020    -35.742    -87.636     96.163      0.000
    15         15  tau-                23    12     0     0     0     0     0      9.068     -5.150      7.794     13.140      1.777
    16        -16  nu_taubar           23    12     0     0     0     0     0   -100.956     11.527    -73.979    125.690      0.000
                                   Charge sum:  0.000           Momentum sum:     -0.000     -0.000   -257.827    855.295    815.509

 --------  End PYTHIA Event Listing  -----------------------------------------------------------------------------------------------

 --------  PYTHIA Event Listing  (complete event)  ---------------------------------------------------------------------------------
 
    no         id  name            status     mothers   daughters     colours      p_x        p_y        p_z         e          m 
     0         90  (system)           -11     0     0     0     0     0     0      0.000      0.000      0.000  13000.000  13000.000
     1       2212  (p+)               -12     0     0    33     0     0     0      0.000      0.000   6500.000   6500.000      0.938
     2       2212  (p+)               -12     0     0    34     0     0     0      0.000      0.000  -6500.000   6500.000      0.938
     3         21  (g)                -21     9     0     5     8   513   514      0.000      0.000    298.734    298.734      0.000
     4         21  (g)                -21    10    10     5     8   511   515      0.000      0.000   -556.561    556.561      0.000
     5          6  (t)                -22     3     4    11    11   511     0     79.095     -2.154   -109.234    218.848    172.342
     6         -6  (tbar)             -22     3     4    12    12     0   514    -63.743     -4.522    -27.041    188.502    175.265
     7         21  (g)                -23     3     4    13    13   513   512     -7.354      4.179    163.026    163.245      0.000
     8         21  (g)                -23     3     4    14    14   512   515     -7.998      2.497   -284.577    284.700      0.000
     9         21  (g)                -41    16     0    15     3   513   516     -0.000     -0.000    323.416    323.416      0.000
    10         21  (g)                -42    17    17     4     4   511   515      0.000      0.000   -556.561    556.561      0.000
    11          6  (t)                -44     5     5    18    18   511     0     79.095     -2.154   -109.234    218.848    172.342
    12         -6  (tbar)             -44     6     6    19    19     0   514    -65.874     -2.478    -26.275    189.087    175.265
    13         21  (g)                -44     7     7    20    20   513   512     -7.354      4.179    163.026    163.245      0.000
    14         21  (g)                -44     8     8    21    21   512   515     -7.998      2.497   -284.577    284.700      0.000
    15         21  (g)                -43     9     0    22    22   514   516      2.130     -2.044     23.915     24.097      0.000
    16         21  (g)                -41    24    24    23     9   513   517      0.000     -0.000    339.851    339.851      0.000
    17         21  (g)                -42    25     0    10    10   511   515      0.000      0.000   -556.561    556.561      0.000
    18          6  (t)                -44    11    11    26    26   511     0     79.095     -2.154   -109.234    218.848    172.342
    19         -6  (tbar)             -44    12    12    27    27     0   514    -65.874     -2.478    -26.275    189.087    175.265
    20         21  (g)                -44    13    13    28    28   513   512     -2.130      2.236     46.435     46.537      0.000
    21         21  (g)                -44    14    14    29    29   512   515     -7.998      2.497   -284.577    284.700      0.000
    22         21  (g)                -44    15    15    30    30   514   516      2.130     -2.044     23.915     24.097      0.000
    23         21  (g)                -43    16     0    31    31   516   517     -5.224      1.943    133.026    133.143      0.000
    24         21  (g)                -42    33    33    16    16   513   517      0.000     -0.000    339.851    339.851      0.000
    25         21  (g)                -41    34    34    32    17   511   518      0.000     -0.000   -694.227    694.227      0.000
    26          6  (t)                -44    18    18    35    35   511     0     79.095     -2.154   -109.234    218.848    172.342
    27         -6  (tbar)             -44    19    19    36    36     0   514    -65.874     -2.478    -26.275    189.087    175.265
    28         21  (g)                -44    20    20    37    37   513   512     -2.130      2.236     46.435     46.537      0.000
    29         21  (g)                -44    21    21    38    38   512   515     -7.446      3.129   -269.470    269.591      0.000
    30         21  (g)                -44    22    22    39    39   514   516      2.130     -2.044     23.915     24.097      0.000
    31         21  (g)                -44    23    23    40    40   516   517     -5.224      1.943    133.026    133.143      0.000
    32         21  (g)                -43    25     0    41    41   515   518     -0.552     -0.632   -152.773    152.775      0.000
    33         21  (g)                -61     1     0    24    24   513   517      0.371     -0.511    339.851    339.851      0.000
    34         21  (g)                -61     2     0    25    25   511   518      0.348      0.923   -694.227    694.227      0.000
    35          6  (t)                -62    26    26    46    47   511     0     79.238     -2.019   -109.261    218.911    172.342
    36         -6  (tbar)             -62    27    27    48    49     0   514    -65.731     -2.457    -26.259    189.034    175.265
    37         21  (g)                -62    28    28    88    88   513   512     -2.079      2.166     46.438     46.535      0.000
    38         21  (g)                -62    29    29    87    87   512   515     -7.310      3.488   -269.463    269.585      0.000
    39         21  (g)                -62    30    30    57    57   514   516      2.156     -2.080     23.912     24.099      0.000
    40         21  (g)                -62    31    31    56    56   516   517     -5.079      1.743    133.030    133.138      0.000
    41         21  (g)                -62    32    32    54     0   515   518     -0.475     -0.429   -152.774    152.775      0.000
    42       2203  (uu_1)             -63     1     0    89    89     0   513     -0.589      0.047   3796.971   3796.971      0.771
    43          1  (d)                -63     1     0    55    55   517     0      0.218      0.464   2363.177   2363.177      0.330
    44       2101  (ud_0)             -63     2     0    75    75     0   511      0.262     -0.557  -5391.814   5391.814      0.579
    45          2  (u)                -63     2     0    54     0   518     0     -0.610     -0.367   -413.958    413.959      0.330
    46          5  (b)                -23    35     0    74    74   511     0     -6.433     37.282     19.330     42.768      4.920
    47         24  (W+)               -22    35     0    50    51     0     0     85.671    -39.300   -128.590    176.143     74.879
    48         -5  (bbar)             -23    36     0    58    58     0   514     27.623    -10.357     39.349     49.425      4.920
    49        -24  (W-)               -22    36     0    52    53     0     0    -93.354      7.900    -65.608    139.609     80.056
    50        -15  (tau+)             -23    47     0   152   155     0     0     68.588     -3.618    -40.942     79.981      1.777
    51         16  nu_tau              23    47     0     0     0     0     0     17.083    -35.682    -87.648     96.162      0.000
    52         15  (tau-)             -23    49     0   156   157     0     0      8.930     -5.006      7.848     13.022      1.777
    53        -16  nu_taubar           23    49     0     0     0     0     0   -102.284     12.907    -73.456    126.588      0.000
    54          2  (u)                -73    45    41    86    86   515     0     -1.085     -0.796   -566.731    566.734      0.743
    55          1  (d)                -71    43    43    59    73   517     0      0.218      0.464   2363.177   2363.177      0.330
    56         21  (g)                -71    40    40    59    73   516   517     -5.079      1.743    133.030    133.138      0.000
    57         21  (g)                -71    39    39    59    73   514   516      2.156     -2.080     23.912     24.099      0.000
    58         -5  (bbar)             -71    48    48    59    73     0   514     27.623    -10.357     39.349     49.425      4.920
    59        113  (rho0)             -83    55    58   110   111     0     0     -0.307     -0.182    879.651    879.651      0.745
    60        113  (rho0)             -83    55    58   112   113     0     0      0.312      0.243    981.571    981.571      0.819
    61       -213  (rho-)             -83    55    58   114   115     0     0     -0.142      0.511    287.769    287.770      0.877
    62        321  K+                  83    55    58     0     0     0     0      0.405     -0.263    163.160    163.162      0.494
    63       -321  K-                  84    55    58     0     0     0     0     -1.361      0.309     57.749     57.768      0.494
    64        111  (pi0)              -84    55    58   158   159     0     0      0.042      0.191      3.474      3.482      0.135
    65        211  pi+                 84    55    58     0     0     0     0     -0.649      0.470     19.629     19.646      0.140
    66        313  (K*0)              -84    55    58   116   117     0     0     -0.565      0.585     38.993     39.010      0.839
    67       -323  (K*-)              -84    55    58   118   119     0     0     -2.156      0.316     66.241     66.283      0.895
    68        213  (rho+)             -84    55    58   120   121     0     0      0.679     -1.206      9.485      9.628      0.900
    69       -211  pi-                 84    55    58     0     0     0     0      0.829     -0.928      9.944     10.023      0.140
    70        111  (pi0)              -84    55    58   160   161     0     0      0.540     -0.017      1.895      1.975      0.135
    71        321  K+                  84    55    58     0     0     0     0      2.658     -0.791      3.295      4.335      0.494
    72       -311  (Kbar0)            -84    55    58   122   122     0     0      1.361     -0.342      1.581      2.172      0.498
    73        513  (B*0)              -84    55    58   162   163     0     0     23.271     -9.127     35.033     43.365      5.325
    74          5  (b)                -71    46    46    76    85   511     0     -6.433     37.282     19.330     42.768      4.920
    75       2101  (ud_0)             -71    44    44    76    85     0   511      0.262     -0.557  -5391.814   5391.814      0.579
    76       -523  (B*-)              -83    74    75   164   165     0     0     -5.521     32.772     16.489     37.480      5.325
    77        213  (rho+)             -83    74    75   123   124     0     0     -1.198      3.788      2.248      4.658      0.924
    78        113  (rho0)             -83    74    75   125   126     0     0     -0.151      0.146      0.021      0.881      0.856
    79        311  (K0)               -83    74    75   127   127     0     0      0.637      0.525     -2.092      2.304      0.498
    80       3122  Lambda0             83    74    75     0     0     0     0     -0.095     -0.226    -26.775     26.799      1.116
    81      -2112  nbar0               83    74    75     0     0     0     0      0.184     -0.144     -7.215      7.280      0.940
    82        111  (pi0)              -83    74    75   166   167     0     0     -0.102      0.329     -5.126      5.139      0.135
    83        221  (eta)              -84    74    75   168   170     0     0     -0.765      0.012    -87.628     87.633      0.548
    84       1114  (Delta-)           -84    74    75   128   129     0     0      0.689     -0.032   -774.376    774.377      1.491
    85        213  (rho+)             -84    74    75   130   131     0     0      0.150     -0.445  -4488.031   4488.032      0.838
    86          2  (u)                -71    54    54    90   109   515     0     -1.085     -0.796   -566.731    566.734      0.743
    87         21  (g)                -71    38    38    90   109   512   515     -7.310      3.488   -269.463    269.585      0.000
    88         21  (g)                -71    37    37    90   109   513   512     -2.079      2.166     46.438     46.535      0.000
    89       2203  (uu_1)             -71    42    42    90   109     0   513     -0.589      0.047   3796.971   3796.971      0.771
    90        111  (pi0)              -83    86    89   171   172     0     0     -0.029      0.249   -113.369    113.369      0.135
    91        211  pi+                 83    86    89     0     0     0     0     -0.962     -0.233    -52.156     52.166      0.140
    92        111  (pi0)              -83    86    89   173   174     0     0     -0.575     -0.961   -391.065    391.066      0.135
    93       1114  (Delta-)           -83    86    89   132   133     0     0     -2.371      1.905   -117.378    117.424      1.259
    94      -1114  (Deltabar+)        -83    86    89   134   135     0     0     -2.317      1.062    -94.949     94.991      1.274
    95        111  (pi0)              -83    86    89   175   176     0     0     -0.901      0.179    -21.867     21.886      0.135
    96        113  (rho0)             -83    86    89   136   137     0     0     -0.523      0.122    -21.590     21.610      0.761
    97       -211  pi-                 83    86    89     0     0     0     0     -0.517      0.157    -18.184     18.193      0.140
    98        211  pi+                 83    86    89     0     0     0     0      0.116      0.520     -3.305      3.351      0.140
    99        113  (rho0)             -83    86    89   138   139     0     0      0.078     -0.436     -1.785      2.037      0.876
   100        313  (K*0)              -84    86    89   140   141     0     0     -0.228      0.304      0.332      0.978      0.838
   101       -313  (K*bar0)           -84    86    89   142   143     0     0     -1.743      0.810     24.952     25.041      0.878
   102        313  (K*0)              -84    86    89   144   145     0     0      0.545     -0.145     14.673     14.714      0.942
   103       -321  K-                  84    86    89     0     0     0     0      0.249      0.167     14.580     14.592      0.494
   104        113  (rho0)             -84    86    89   146   147     0     0     -0.779      0.094     20.603     20.633      0.797
   105        221  (eta)              -84    86    89   177   178     0     0     -0.263      0.629      9.677      9.716      0.548
   106        223  (omega)            -84    86    89   179   181     0     0     -0.511     -0.376     55.158     55.167      0.775
   107        213  (rho+)             -84    86    89   148   149     0     0      0.206      0.496    576.647    576.647      0.851
   108       2112  n0                  84    86    89     0     0     0     0     -0.304      0.872    405.694    405.696      0.940
   109        211  pi+                 84    86    89     0     0     0     0     -0.235     -0.509   2720.547   2720.547      0.140
   110        211  pi+                 91    59     0     0     0     0     0     -0.396      0.063    712.293    712.293      0.140
   111       -211  pi-                 91    59     0     0     0     0     0      0.089     -0.245    167.358    167.358      0.140
   112        211  pi+                 91    60     0     0     0     0     0     -0.038      0.359    235.844    235.845      0.140
   113       -211  pi-                 91    60     0     0     0     0     0      0.349     -0.116    745.726    745.727      0.140
   114       -211  pi-                 91    61     0     0     0     0     0     -0.048      0.549    276.291    276.291      0.140
   115        111  (pi0)              -91    61     0   182   183     0     0     -0.094     -0.038     11.478     11.479      0.135
   116        321  K+                  91    66     0     0     0     0     0     -0.333      0.581     22.644     22.659      0.494
   117       -211  pi-                 91    66     0     0     0     0     0     -0.232      0.004     16.349     16.351      0.140
   118       -311  (Kbar0)            -91    67     0   150   150     0     0     -0.741      0.270     25.708     25.724      0.498
   119       -211  pi-                 91    67     0     0     0     0     0     -1.415      0.046     40.533     40.558      0.140
   120        211  pi+                 91    68     0     0     0     0     0      0.163     -0.127      0.465      0.528      0.140
   121        111  (pi0)              -91    68     0   184   185     0     0      0.516     -1.079      9.020      9.100      0.135
   122        130  K_L0                91    72    72     0     0     0     0      1.361     -0.342      1.581      2.172      0.498
   123        211  pi+                 91    77     0     0     0     0     0     -0.266      2.160      1.420      2.602      0.140
   124        111  (pi0)              -91    77     0   186   187     0     0     -0.932      1.628      0.828      2.055      0.135
   125        211  pi+                 91    78     0     0     0     0     0     -0.310      0.265     -0.265      0.506      0.140
   126       -211  pi-                 91    78     0     0     0     0     0      0.159     -0.119      0.286      0.375      0.140
   127        130  K_L0                91    79    79     0     0     0     0      0.637      0.525     -2.092      2.304      0.498
   128       2112  n0                  91    84     0     0     0     0     0      0.134      0.209   -560.566    560.567      0.940
   129       -211  pi-                 91    84     0     0     0     0     0      0.555     -0.240   -213.809    213.810      0.140
   130        211  pi+                 91    85     0     0     0     0     0     -0.049     -0.606  -2329.478   2329.478      0.140
   131        111  (pi0)              -91    85     0   188   189     0     0      0.199      0.161  -2158.554   2158.554      0.135
   132       2112  n0                  91    93     0     0     0     0     0     -1.863      1.555   -101.903    101.936      0.940
   133       -211  pi-                 91    93     0     0     0     0     0     -0.508      0.350    -15.475     15.488      0.140
   134      -2112  nbar0               91    94     0     0     0     0     0     -2.104      0.863    -75.514     75.554      0.940
   135        211  pi+                 91    94     0     0     0     0     0     -0.214      0.199    -19.435     19.437      0.140
   136        211  pi+                 91    96     0     0     0     0     0     -0.110      0.051     -1.109      1.124      0.140
   137       -211  pi-                 91    96     0     0     0     0     0     -0.413      0.071    -20.481     20.486      0.140
   138        211  pi+                 91    99     0     0     0     0     0     -0.254     -0.233     -0.251      0.448      0.140
   139       -211  pi-                 91    99     0     0     0     0     0      0.332     -0.203     -1.534      1.589      0.140
   140        311  (K0)               -91   100     0   151   151     0     0     -0.373      0.127      0.323      0.712      0.498
   141        111  (pi0)              -91   100     0   190   191     0     0      0.145      0.177      0.009      0.266      0.135
   142       -321  K-                  91   101     0     0     0     0     0     -1.017      0.765     15.143     15.204      0.494
   143        211  pi+                 91   101     0     0     0     0     0     -0.727      0.045      9.809      9.837      0.140
   144        321  K+                  91   102     0     0     0     0     0      0.295      0.236      8.140      8.163      0.494
   145       -211  pi-                 91   102     0     0     0     0     0      0.251     -0.380      6.534      6.551      0.140
   146        211  pi+                 91   104     0     0     0     0     0     -0.697     -0.235     14.474     14.493      0.140
   147       -211  pi-                 91   104     0     0     0     0     0     -0.082      0.329      6.129      6.140      0.140
   148        211  pi+                 91   107     0     0     0     0     0     -0.023      0.157    464.823    464.823      0.140
   149        111  (pi0)              -91   107     0   192   193     0     0      0.229      0.339    111.824    111.825      0.135
   150        310  K_S0                91   118   118     0     0     0     0     -0.741      0.270     25.708     25.724      0.498
   151        130  K_L0                91   140   140     0     0     0     0     -0.373      0.127      0.323      0.712      0.498
   152        -16  nu_taubar           91    50     0     0     0     0     0     24.041     -1.277    -14.573     28.142      0.000
   153        211  pi+                 91    50     0     0     0     0     0     25.669     -1.562    -15.515     30.035      0.140
   154        211  pi+                 91    50     0     0     0     0     0      2.944      0.104     -1.588      3.349      0.140
   155       -211  pi-                 91    50     0     0     0     0     0     15.934     -0.883     -9.265     18.454      0.140
   156         16  nu_tau              91    52     0     0     0     0     0      4.174     -1.348      3.454      5.583      0.000
   157       -211  pi-                 91    52     0     0     0     0     0      4.757     -3.659      4.394      7.439      0.140
   158         22  gamma               91    64     0     0     0     0     0     -0.007      0.153      1.654      1.661      0.000
   159         22  gamma               91    64     0     0     0     0     0      0.049      0.038      1.821      1.822      0.000
   160         22  gamma               91    70     0     0     0     0     0      0.074      0.032      0.179      0.196      0.000
   161         22  gamma               91    70     0     0     0     0     0      0.466     -0.048      1.716      1.779      0.000
   162        511  (B0)               -91    73     0   194   196     0     0     23.223     -9.096     34.895     43.215      5.280
   163         22  gamma               91    73     0     0     0     0     0      0.048     -0.032      0.139      0.150      0.000
   164       -521  (B-)               -91    76     0   197   200     0     0     -5.472     32.570     16.431     37.264      5.279
   165         22  gamma               91    76     0     0     0     0     0     -0.050      0.202      0.058      0.216      0.000
   166         22  gamma               91    82     0     0     0     0     0     -0.005      0.100     -2.376      2.379      0.000
   167         22  gamma               91    82     0     0     0     0     0     -0.097      0.228     -2.750      2.761      0.000
   168        111  (pi0)              -91    83     0   201   202     0     0     -0.365      0.009    -30.235     30.238      0.135
   169        111  (pi0)              -91    83     0   203   204     0     0     -0.324      0.091    -37.874     37.876      0.135
   170        111  (pi0)              -91    83     0   205   206     0     0     -0.076     -0.088    -19.518     19.519      0.135
   171         22  gamma               91    90     0     0     0     0     0     -0.007      0.254   -109.444    109.445      0.000
   172         22  gamma               91    90     0     0     0     0     0     -0.022     -0.005     -3.924      3.925      0.000
   173         22  gamma               91    92     0     0     0     0     0     -0.576     -0.925   -373.340    373.341      0.000
   174         22  gamma               91    92     0     0     0     0     0      0.001     -0.037    -17.725     17.725      0.000
   175         22  gamma               91    95     0     0     0     0     0     -0.372      0.035    -10.162     10.169      0.000
   176         22  gamma               91    95     0     0     0     0     0     -0.529      0.144    -11.705     11.718      0.000
   177         22  gamma               91   105     0     0     0     0     0     -0.177     -0.053      1.782      1.792      0.000
   178         22  gamma               91   105     0     0     0     0     0     -0.086      0.682      7.894      7.924      0.000
   179        211  pi+                 91   106     0     0     0     0     0     -0.374     -0.396     37.359     37.363      0.140
   180       -211  pi-                 91   106     0     0     0     0     0      0.056     -0.067      7.494      7.495      0.140
   181        111  (pi0)              -91   106     0   207   208     0     0     -0.193      0.087     10.305     10.308      0.135
   182         22  gamma               91   115     0     0     0     0     0     -0.111      0.016      7.825      7.825      0.000
   183         22  gamma               91   115     0     0     0     0     0      0.017     -0.054      3.653      3.654      0.000
   184         22  gamma               91   121     0     0     0     0     0      0.501     -1.076      8.951      9.029      0.000
   185         22  gamma               91   121     0     0     0     0     0      0.015     -0.003      0.069      0.070      0.000
   186         22  gamma               91   124     0     0     0     0     0     -0.489      0.732      0.355      0.949      0.000
   187         22  gamma               91   124     0     0     0     0     0     -0.443      0.896      0.473      1.106      0.000
   188         22  gamma               91   131     0     0     0     0     0      0.137      0.146  -1932.656   1932.656      0.000
   189         22  gamma               91   131     0     0     0     0     0      0.062      0.015   -225.898    225.898      0.000
   190         22  gamma               91   141     0     0     0     0     0      0.019      0.008      0.047      0.052      0.000
   191         22  gamma               91   141     0     0     0     0     0      0.126      0.168     -0.039      0.214      0.000
   192         22  gamma               91   149     0     0     0     0     0      0.181      0.168     55.341     55.342      0.000
   193         22  gamma               91   149     0     0     0     0     0      0.048      0.171     56.482     56.483      0.000
   194        321  K+                  91   162     0     0     0     0     0      3.174     -2.390      5.033      6.431      0.494
   195        333  (phi)              -91   162     0   209   210     0     0     13.112     -4.733     18.800     23.427      1.021
   196       -413  (D*-)              -91   162     0   211   212     0     0      6.937     -1.973     11.062     13.357      2.010
   197        423  (D*0)              -91   164     0   213   214     0     0     -1.035     11.346      5.168     12.671      2.007
   198       -211  pi-                 91   164     0     0     0     0     0     -1.690     10.823      6.265     12.620      0.140
   199        223  (omega)            -91   164     0   215   216     0     0     -1.561      8.072      3.934      9.148      0.787
   200        111  (pi0)              -91   164     0   217   218     0     0     -1.187      2.329      1.063      2.825      0.135
   201         22  gamma               91   168     0     0     0     0     0     -0.285     -0.049    -21.294     21.296      0.000
   202         22  gamma               91   168     0     0     0     0     0     -0.080      0.057     -8.941      8.941      0.000
   203         22  gamma               91   169     0     0     0     0     0     -0.132      0.072    -10.788     10.790      0.000
   204         22  gamma               91   169     0     0     0     0     0     -0.192      0.019    -27.086     27.086      0.000
   205         22  gamma               91   170     0     0     0     0     0     -0.077      0.011     -7.392      7.392      0.000
   206         22  gamma               91   170     0     0     0     0     0      0.000     -0.099    -12.127     12.127      0.000
   207         22  gamma               91   181     0     0     0     0     0      0.013      0.036      1.388      1.389      0.000
   208         22  gamma               91   181     0     0     0     0     0     -0.206      0.051      8.917      8.920      0.000
   209        130  K_L0                91   195     0     0     0     0     0      7.238     -2.505     10.356     12.890      0.498
   210        310  K_S0                91   195     0     0     0     0     0      5.874     -2.228      8.444     10.537      0.498
   211       -421  (Dbar0)            -91   196     0   219   220     0     0      6.448     -1.874     10.301     12.437      1.865
   212       -211  pi-                 91   196     0     0     0     0     0      0.489     -0.099      0.761      0.920      0.140
   213        421  (D0)               -91   197     0   221   222     0     0     -0.972     10.355      4.721     11.573      1.865
   214        111  (pi0)              -91   197     0   223   224     0     0     -0.063      0.992      0.448      1.098      0.135
   215        111  (pi0)              -91   199     0   225   226     0     0     -0.367      1.446      1.018      1.811      0.135
   216         22  gamma               91   199     0     0     0     0     0     -1.194      6.626      2.917      7.337      0.000
   217         22  gamma               91   200     0     0     0     0     0     -0.895      1.725      0.728      2.076      0.000
   218         22  gamma               91   200     0     0     0     0     0     -0.291      0.604      0.335      0.750      0.000
   219       -321  K-                  91   211     0     0     0     0     0      4.511     -1.895      7.981      9.375      0.494
   220        321  K+                  91   211     0     0     0     0     0      1.937      0.021      2.320      3.062      0.494
   221      20213  (a_1(1260)+)       -91   213     0   227   228     0     0     -0.488      6.157      2.385      6.720      1.147
   222       -321  K-                  91   213     0     0     0     0     0     -0.484      4.197      2.336      4.853      0.494
   223         22  gamma               91   214     0     0     0     0     0      0.038      0.341      0.127      0.365      0.000
   224         22  gamma               91   214     0     0     0     0     0     -0.100      0.651      0.321      0.733      0.000
   225         22  gamma               91   215     0     0     0     0     0     -0.235      1.058      0.799      1.347      0.000
   226         22  gamma               91   215     0     0     0     0     0     -0.132      0.387      0.219      0.464      0.000
   227        213  (rho+)             -91   221     0   229   230     0     0     -0.225      4.685      1.418      4.934      0.573
   228        111  (pi0)              -91   221     0   231   232     0     0     -0.263      1.472      0.967      1.786      0.135
   229        211  pi+                 91   227     0     0     0     0     0     -0.207      3.841      0.975      3.971      0.140
   230        111  (pi0)              -91   227     0   233   234     0     0     -0.018      0.844      0.443      0.963      0.135
   231         22  gamma               91   228     0     0     0     0     0     -0.162      1.207      0.788      1.450      0.000
   232         22  gamma               91   228     0     0     0     0     0     -0.101      0.266      0.179      0.336      0.000
   233         22  gamma               91   230     0     0     0     0     0      0.034      0.687      0.333      0.764      0.000
   234         22  gamma               91   230     0     0     0     0     0     -0.053      0.158      0.109      0.199      0.000
                                   Charge sum:  2.000           Momentum sum:     -0.000     -0.000     -0.000  13000.000  13000.000

 --------  End PYTHIA Event Listing  -----------------------------------------------------------------------------------------------
#--------------------------------------------------------------------------
#                     FastJet release 3.4.0 [fjcore]
#                 M. Cacciari, G.P. Salam and G. Soyez                  
#     A software package for jet finding and analysis at colliders      
#                           http://fastjet.fr                           
#	                                                                      
# Please cite EPJC72(2012)1896 [arXiv:1111.6097] if you use this package
# for scientific work and optionally PLB641(2006)57 [hep-ph/0512210].   
#                                                                       
# FastJet is provided without warranty under the GNU GPL v2 or higher.  
# It uses T. Chan's closest pair algorithm, S. Fortune's Voronoi code
# and 3rd party plugin jet algorithms. See COPYING file for details.
#--------------------------------------------------------------------------
 PYTHIA Warning in SimpleSpaceShower::pT2nextQCD: weight above unity  
 PYTHIA Warning in StringFragmentation::fragmentToJunction: bad convergence junction rest frame  
 PYTHIA Warning in SimpleSpaceShower::pT2nextQCD: small daughter PDF  
 PYTHIA Error in StringFragmentation::fragment: stuck in joining  
 PYTHIA Error in Pythia::next: hadronLevel failed; try again  
 PYTHIA Warning in Pythia::check: not quite matched particle energy/momentum/mass  
 PYTHIA Warning in ColConfig::collect: negative-energy parton encountered  

 Pythia::next(): 1000 events have been generated 
 PYTHIA Error in Pythia::check: unmatched particle energy/momentum/mass  
 PYTHIA Error in Pythia::next: check of event revealed problems  

 Pythia::next(): 2000 events have been generated 
 PYTHIA Error in BeamRemnants::setKinematics: kinematics construction failed  

 Pythia::next(): 3000 events have been generated 

 Pythia::next(): 4000 events have been generated 

 Pythia::next(): 5000 events have been generated 

 Pythia::next(): 6000 events have been generated 

 Pythia::next(): 7000 events have been generated 

 Pythia::next(): 8000 events have been generated 
 PYTHIA Warning in MultipartonInteractions::pTnext: weight above unity  
 PYTHIA Warning in Pythia::check: energy-momentum not quite conserved  

 Pythia::next(): 9000 events have been generated 

 *-------  PYTHIA Event and Cross Section Statistics  -------------------------------------------------------------*
 |                                                                                                                 |
 | Subprocess                                    Code |            Number of events       |      sigma +- delta    |
 |                                                    |       Tried   Selected   Accepted |     (estimated) (mb)   |
 |                                                    |                                   |                        |
 |-----------------------------------------------------------------------------------------------------------------|
 |                                                    |                                   |                        |
 | Les Houches User Process(es)                  9999 |       10000      10000      10000 |   8.346e-08  0.000e+00 |
 |    ... whereof user classification code     322200 |       10000      10000      10000 |                        | 
 |                                                    |                                   |                        |
 | sum                                                |       10000      10000      10000 |   8.346e-08  0.000e+00 |
 |                                                                                                                 |
 *-------  End PYTHIA Event and Cross Section Statistics ----------------------------------------------------------*

 *-------  PYTHIA Error and Warning Messages Statistics  ----------------------------------------------------------* 
 |                                                                                                                 | 
 |  times   message                                                                                                | 
 |                                                                                                                 | 
 |      7   Error in BeamRemnants::setKinematics: kinematics construction failed                                   | 
 |      9   Error in Pythia::check: unmatched particle energy/momentum/mass                                        | 
 |      2   Error in Pythia::next: check of event revealed problems                                                | 
 |      6   Error in Pythia::next: hadronLevel failed; try again                                                   | 
 |      6   Error in StringFragmentation::fragment: stuck in joining                                               | 
 |      2   Warning in ColConfig::collect: negative-energy parton encountered                                      | 
 |      1   Warning in MultipartonInteractions::pTnext: weight above unity                                         | 
 |      1   Warning in Pythia::check: energy-momentum not quite conserved                                          | 
 |      4   Warning in Pythia::check: not quite matched particle energy/momentum/mass                              | 
 |   1992   Warning in SimpleSpaceShower::pT2nextQCD: small daughter PDF                                           | 
 |   4372   Warning in SimpleSpaceShower::pT2nextQCD: weight above unity                                           | 
 |     46   Warning in StringFragmentation::fragmentToJunction: bad convergence junction rest frame                | 
 |      2   Warning in TimeShower::init: pTmin too low                                                             | 
 |                                                                                                                 | 
 *-------  End PYTHIA Error and Warning Messages Statistics  ------------------------------------------------------* 
Using LHE File: /nfs/dust/cms/user/amoroso/powheg/POWHEG-BOX-V2/ttJ_MiNNLOPS_v1.0_beta1/decay-ll/pwgevents-0949.lhe
less then 10000 events in LHE, using all LHE events
np.shape(P0) = (10000, 3, 9)
np.shape(nJets) = (10000, 2)
np.shape(jets_4vectors) = (10000, 20, 6)
