Configured CUDA from: /cvmfs/sft.cern.ch/lcg/releases/cuda/12.4-4899e/x86_64-el9-gcc11-opt

 *------------------------------------------------------------------------------------* 
 |                                                                                    | 
 |  *------------------------------------------------------------------------------*  | 
 |  |                                                                              |  | 
 |  |                                                                              |  | 
 |  |   PPP   Y   Y  TTTTT  H   H  III    A      Welcome to the Lund Monte Carlo!  |  | 
 |  |   P  P   Y Y     T    H   H   I    A A     This is PYTHIA version 8.309      |  | 
 |  |   PPP     Y      T    HHHHH   I   AAAAA    Last date of change: 16 Feb 2023  |  | 
 |  |   P       Y      T    H   H   I   A   A                                      |  | 
 |  |   P       Y      T    H   H  III  A   A    Now is 03 Sep 2024 at 19:04:32    |  | 
 |  |                                                                              |  | 
 |  |   Program documentation and an archive of historic versions is found on:     |  | 
 |  |                                                                              |  | 
 |  |                               https://pythia.org/                            |  | 
 |  |                                                                              |  | 
 |  |   PYTHIA is authored by a collaboration consisting of:                       |  | 
 |  |                                                                              |  | 
 |  |   Christian Bierlich, Nishita Desai, Leif Gellersen, Ilkka Helenius, Philip  |  | 
 |  |   Ilten, Leif Lonnblad, Stephen Mrenna, Stefan Prestel, Christian Preuss,    |  | 
 |  |   Torbjorn Sjostrand, Peter Skands, Marius Utheim and Rob Verheyen.          |  | 
 |  |                                                                              |  | 
 |  |   The complete list of authors, including contact information and            |  | 
 |  |   affiliations, can be found on https://pythia.org/.                         |  | 
 |  |   Problems or bugs should be reported on email at authors@pythia.org.        |  | 
 |  |                                                                              |  | 
 |  |   The main program reference is C. Bierlich et al,                           |  | 
 |  |   'A comprehensive guide to the physics and usage of Pythia 8.3',            |  | 
 |  |   SciPost Phys. Codebases 8-r8.3 (2022) [arXiv:2203.11601 [hep-ph]]          |  | 
 |  |                                                                              |  | 
 |  |   PYTHIA is released under the GNU General Public Licence version 2 or later.|  | 
 |  |   Please respect the MCnet Guidelines for Event Generator Authors and Users. |  | 
 |  |                                                                              |  | 
 |  |   Disclaimer: this program comes without any guarantees.                     |  | 
 |  |   Beware of errors and use common sense when interpreting results.           |  | 
 |  |                                                                              |  | 
 |  |   Copyright (C) 2023 Torbjorn Sjostrand                                      |  | 
 |  |                                                                              |  | 
 |  |                                                                              |  | 
 |  *------------------------------------------------------------------------------*  | 
 |                                                                                    | 
 *------------------------------------------------------------------------------------* 


 *-------  PYTHIA Process Initialization  --------------------------*
 |                                                                  |
 | We collide p+ with p+ at a CM energy of 1.300e+04 GeV            |
 |                                                                  |
 |------------------------------------------------------------------|
 |                                                    |             |
 | Subprocess                                    Code |   Estimated |
 |                                                    |    max (mb) |
 |                                                    |             |
 |------------------------------------------------------------------|
 |                                                    |             |
 | Les Houches User Process(es)                  9999 |   1.000e-09 |
 |                                                                  |
 *-------  End PYTHIA Process Initialization -----------------------*
 PYTHIA Warning in TimeShower::init: pTmin too low , raised to 0.611

 *-------  PYTHIA Multiparton Interactions Initialization  ---------* 
 |                                                                  | 
 |                   sigmaNonDiffractive =    55.51 mb              | 
 |                                                                  | 
 |    pT0 =  1.44 gives sigmaInteraction =   396.34 mb: accepted    | 
 |                                                                  | 
 *-------  End PYTHIA Multiparton Interactions Initialization  -----* 

 *-------  PYTHIA Flag + Mode + Parm + Word + FVec + MVec + PVec + WVec Settings (changes only)  ------------------* 
 |                                                                                                                 | 
 | Name                                          |                      Now |      Default         Min         Max | 
 |                                               |                          |                                      | 
 | Beams:frameType                               |                        4 |            1           1           5 | 
 | Beams:LHEF                                    | /nfs/dust/cms/user/amoroso/powheg/POWHEG-BOX-V2/ttJ_MiNNLOPS_v1.0_beta1/decay-ll/pwgevents-0296.lhe |         void | 
 | ColourReconnection:range                      |                  5.17600 |      1.80000         0.0    10.00000 | 
 | Main:timesAllowErrors                         |                      500 |           10           0             | 
 | MultipartonInteractions:alphaSorder           |                        2 |            1           0           3 | 
 | MultipartonInteractions:alphaSvalue           |                  0.11800 |      0.13000   0.0600000     0.25000 | 
 | MultipartonInteractions:bProfile              |                        2 |            3           0           4 | 
 | MultipartonInteractions:coreFraction          |                  0.63000 |      0.50000         0.0     1.00000 | 
 | MultipartonInteractions:coreRadius            |                  0.76340 |      0.40000     0.10000     1.00000 | 
 | MultipartonInteractions:ecmPow                |                0.0334400 |      0.21500         0.0     0.50000 | 
 | MultipartonInteractions:pT0Ref                |                  1.41000 |      2.28000     0.50000    10.00000 | 
 | ParticleDecays:limitTau                       |                       on |          off                         | 
 | PartonLevel:FSR                               |                      off |           on                         | 
 | PDF:pSet                                      |                       20 |           13                         | 
 | Random:seed                                   |                      296 |           -1               900000000 | 
 | Random:setSeed                                |                       on |          off                         | 
 | SigmaProcess:alphaSorder                      |                        2 |            1           0           3 | 
 | SigmaProcess:alphaSvalue                      |                  0.11800 |      0.13000   0.0600000     0.25000 | 
 | SigmaTotal:mode                               |                        0 |            1           0           4 | 
 | SigmaTotal:sigmaEl                            |                 21.89000 |     25.00000         0.0             | 
 | SigmaTotal:sigmaTot                           |                100.30900 |    100.00000         0.0             | 
 | SigmaTotal:zeroAXB                            |                      off |           on                         | 
 | SpaceShower:alphaSorder                       |                        2 |            1           0           3 | 
 | SpaceShower:alphaSvalue                       |                  0.11800 |      0.13650   0.0600000     0.25000 | 
 | SpaceShower:dipoleRecoil                      |                       on |          off                         | 
 | SpaceShower:pTmaxMatch                        |                        1 |            0           0           2 | 
 | TimeShower:alphaSorder                        |                        2 |            1           0           3 | 
 | TimeShower:alphaSvalue                        |                  0.11800 |      0.13650   0.0600000     0.25000 | 
 |                                                                                                                 | 
 *-------  End PYTHIA Flag + Mode + Parm + Word + FVec + MVec + PVec + WVec Settings  -----------------------------* 

 --------  PYTHIA Particle Data Table (changed only)  ------------------------------------------------------------------------------
 
      id   name            antiName         spn chg col      m0        mWidth      mMin       mMax       tau0    res dec ext vis wid
             no onMode   bRatio   meMode     products 

       6  t                tbar               2   2   1  173.00000    1.36916   86.00000    0.00000  1.44122e-13   1   1   0   1   0
              0     1   0.0000664    0       24        1 
              1     1   0.0017361    0       24        3 
              2     1   0.9981975    0       24        5 
              3     1   0.0000000    0       37        5 

 --------  End PYTHIA Particle Data Table  -----------------------------------------------------------------------------------------


 --------  LHA event information and listing  ---------------------------------------------------------------------- 

    process =   322200    weight =   1.0325e+02     scale =   1.1327e+02 (GeV) 
                        alpha_em =  -1.0000e+00    alpha_strong =   1.2144e-01

    Participating Particles 
    no        id stat     mothers     colours      p_x        p_y        p_z         e          m        tau    spin 
     1        21   -1     0     0   512   513      0.000      0.000     72.647     72.647      0.000   0.000   9.000
     2        -2   -1     0     0     0   512      0.000      0.000  -1501.859   1501.859      0.000   0.000   9.000
     3         6    2     1     2   511     0     25.949    -94.235   -568.901    602.294    171.917   0.000   9.000
     4        -6    2     1     2     0   513     34.313     78.844   -124.985    229.958    172.817   0.000   9.000
     5        21    1     1     2   514   511     -6.106     39.633   -231.522    234.969      0.000   0.000   9.000
     6        -2    1     1     2     0   514    -54.156    -24.242   -503.804    507.286      0.000   0.000   9.000
     7         5    1     3     3   511     0     -9.935    -41.417   -426.678    428.827      4.920   0.000  -1.000
     8        24    2     3     3     0     0     35.884    -52.818   -142.223    173.467     76.065   0.000   9.000
     9        -5    1     4     4     0   513     76.399     10.096    -60.102     97.853      4.920   0.000   1.000
    10       -24    2     4     4     0     0    -42.086     68.748    -64.883    132.105     82.124   0.000   9.000
    11       -11    1     8     8     0     0     33.377     10.559    -61.979     71.182      0.001   0.000   1.000
    12        12    1     8     8     0     0      2.507    -63.378    -80.244    102.284      0.000   0.000  -1.000
    13        11    1    10    10     0     0      4.322     10.088    -55.670     56.742      0.001   0.000  -1.000
    14       -12    1    10    10     0     0    -46.408     58.660     -9.213     75.363      0.000   0.000   1.000

 --------  End LHA event information and listing  ------------------------------------------------------------------ 

 --------  PYTHIA Info Listing  ---------------------------------------- 
 
 Beam A: id =   2212, pz =  6.500e+03, e =  6.500e+03, m =  9.383e-01.
 Beam B: id =   2212, pz = -6.500e+03, e =  6.500e+03, m =  9.383e-01.

 In 1: id =   21, x =  1.118e-02, pdf =  0.000e+00 at Q2 =  1.283e+04.
 In 2: id =   -2, x =  2.311e-01, pdf =  0.000e+00 at same Q2.

 Process Les Houches User Process(es) with code 9999 is 2 -> 4.
 Subprocess user process 322200 with code 322200 is 2 -> 4.
     alphaEM =  7.837e-03,  alphaS =  1.214e-01    at Q2 =  1.283e+04.

 Impact parameter b =  8.739e-01 gives enhancement factor =  9.176e-01.
 Max pT scale for MPI =  1.300e+04, ISR =  1.133e+02, FSR =  1.133e+02.
 Number of MPI =     3, ISR =     4, FSRproc =     0, FSRreson =     0.

 --------  End PYTHIA Info Listing  ------------------------------------

 --------  PYTHIA Event Listing  (hard process)  -----------------------------------------------------------------------------------
 
    no         id  name            status     mothers   daughters     colours      p_x        p_y        p_z         e          m 
     0         90  (system)           -11     0     0     0     0     0     0      0.000      0.000      0.000  13000.000  13000.000
     1       2212  (p+)               -12     0     0     3     0     0     0      0.000      0.000   6500.000   6500.000      0.938
     2       2212  (p+)               -12     0     0     4     0     0     0      0.000      0.000  -6500.000   6500.000      0.938
     3         21  (g)                -21     1     0     5     8   512   513      0.000      0.000     72.647     72.647      0.000
     4         -2  (ubar)             -21     2     0     5     8     0   512      0.000      0.000  -1501.859   1501.859      0.000
     5          6  (t)                -22     3     4     9    10   511     0     25.949    -94.235   -568.901    602.294    171.917
     6         -6  (tbar)             -22     3     4    11    12     0   513     34.313     78.844   -124.985    229.958    172.817
     7         21  g                   23     3     4     0     0   514   511     -6.106     39.633   -231.522    234.969      0.000
     8         -2  ubar                23     3     4     0     0     0   514    -54.156    -24.242   -503.804    507.286      0.000
     9          5  b                   23     5     0     0     0   511     0     -9.935    -41.417   -426.678    428.827      4.920
    10         24  (W+)               -22     5     0    13    14     0     0     35.884    -52.818   -142.223    173.467     76.065
    11         -5  bbar                23     6     0     0     0     0   513     76.399     10.096    -60.102     97.853      4.920
    12        -24  (W-)               -22     6     0    15    16     0     0    -42.086     68.748    -64.883    132.105     82.124
    13        -11  e+                  23    10     0     0     0     0     0     33.377     10.559    -61.979     71.182      0.001
    14         12  nu_e                23    10     0     0     0     0     0      2.507    -63.378    -80.244    102.284      0.000
    15         11  e-                  23    12     0     0     0     0     0      4.322     10.088    -55.670     56.742      0.001
    16        -12  nu_ebar             23    12     0     0     0     0     0    -46.408     58.660     -9.213     75.363      0.000
                                   Charge sum: -0.667           Momentum sum:      0.000      0.000  -1429.211   1574.506    660.624

 --------  End PYTHIA Event Listing  -----------------------------------------------------------------------------------------------

 --------  PYTHIA Event Listing  (complete event)  ---------------------------------------------------------------------------------
 
    no         id  name            status     mothers   daughters     colours      p_x        p_y        p_z         e          m 
     0         90  (system)           -11     0     0     0     0     0     0      0.000      0.000      0.000  13000.000  13000.000
     1       2212  (p+)               -12     0     0    43     0     0     0      0.000      0.000   6500.000   6500.000      0.938
     2       2212  (p+)               -12     0     0    44     0     0     0      0.000      0.000  -6500.000   6500.000      0.938
     3         21  (g)                -21     9     9     5     8   512   513      0.000      0.000     72.647     72.647      0.000
     4         -2  (ubar)             -21    10     0     5     8     0   512      0.000      0.000  -1501.859   1501.859      0.000
     5          6  (t)                -22     3     4    11    11   511     0     25.949    -94.235   -568.901    602.294    171.917
     6         -6  (tbar)             -22     3     4    12    12     0   513     34.313     78.844   -124.985    229.958    172.817
     7         21  (g)                -23     3     4    13    13   514   511     -6.106     39.633   -231.522    234.969      0.000
     8         -2  (ubar)             -23     3     4    14    14     0   514    -54.156    -24.242   -503.804    507.286      0.000
     9         21  (g)                -42    16     0     3     3   512   513      0.000      0.000     72.647     72.647      0.000
    10         -2  (ubar)             -41    17    17    15     4     0   515     -0.000     -0.000  -1636.288   1636.288      0.000
    11          6  (t)                -44     5     5    18    18   511     0     20.033    -97.257   -574.189    607.543    171.917
    12         -6  (tbar)             -44     6     6    19    19     0   513     32.521     77.929   -127.417    230.719    172.817
    13         21  (g)                -44     7     7    20    20   514   511     -8.462     38.429   -233.699    236.989      0.000
    14         -2  (ubar)             -44     8     8    21    21     0   514    -59.263    -26.850   -508.019    512.168      0.000
    15         21  (g)                -43    10     0    22    22   512   515     15.171      7.748   -120.316    121.516      0.000
    16         -1  (dbar)             -41    43    43    23     9     0   513      0.000      0.000    368.237    368.237      0.000
    17         -2  (ubar)             -42    44    44    10    10     0   515     -0.000     -0.000  -1636.288   1636.288      0.000
    18          6  (t)                -44    11    11    45    45   511     0     20.033    -97.257   -574.189    607.543    171.917
    19         -6  (tbar)             -44    12    12    46    46     0   513     42.020     90.244   -123.265    234.456    172.817
    20         21  (g)                -44    13    13    47    47   514   511     -8.462     38.429   -233.699    236.989      0.000
    21         -2  (ubar)             -44    14    14    48    48     0   514    -59.263    -26.850   -508.019    512.168      0.000
    22         21  (g)                -44    15    15    49    49   512   515     15.171      7.748   -120.316    121.516      0.000
    23         -1  (dbar)             -43    16     0    50    50     0   512     -9.499    -12.315    291.438    291.852      0.330
    24         21  (g)                -31    28     0    26    27   516   517      0.000      0.000      4.046      4.046      0.000
    25         21  (g)                -31    29    29    26    27   518   519      0.000      0.000     -4.765      4.765      0.000
    26         21  (g)                -33    24    25    30    30   516   519     -1.711     -1.799     -3.994      4.702      0.000
    27         21  (g)                -33    24    25    31    31   518   517      1.711      1.799      3.274      4.109      0.000
    28          1  (d)                -41    33    33    32    24   516     0     -0.000     -0.000     75.669     75.669      0.000
    29         21  (g)                -42    34     0    25    25   518   519      0.000      0.000     -4.765      4.765      0.000
    30         21  (g)                -44    26    26    35    35   516   519     -3.601     -2.099     -3.333      5.337      0.000
    31         21  (g)                -44    27    27    36    36   518   517      1.711      1.799      3.274      4.109      0.000
    32          1  (d)                -43    28     0    37    37   517     0      1.890      0.300     70.962     70.988      0.330
    33          1  (d)                -42    51    51    28    28   516     0     -0.000     -0.000     75.669     75.669      0.000
    34         21  (g)                -41    52    52    38    29   518   520     -0.000     -0.000   -249.007    249.007      0.000
    35         21  (g)                -44    30    30    53    53   516   519     -3.485     -0.679     -2.152      4.152      0.000
    36         21  (g)                -44    31    31    54    54   518   517      1.711      1.799      3.274      4.109      0.000
    37          1  (d)                -44    32    32    55    55   517     0      1.890      0.300     70.962     70.988      0.330
    38         21  (g)                -43    34     0    56    56   519   520     -0.116     -1.420   -245.422    245.426      0.000
    39          3  (s)                -31    57    57    41    42   521     0      0.000      0.000   1671.225   1671.225      0.000
    40         21  (g)                -31    58    58    41    42   522   521      0.000      0.000     -0.049      0.049      0.000
    41          3  (s)                -33    39    40    59    59   523     0      0.371     -0.195   1670.335   1670.336      0.500
    42         21  (g)                -33    39    40    60    60   522   523     -0.371      0.195      0.840      0.938      0.000
    43         -1  (dbar)             -61     1     0    16    16     0   513     -1.081     -0.402    368.236    368.238      0.000
    44         -2  (ubar)             -61     2     0    17    17     0   515     -1.496     -0.768  -1636.290   1636.290      0.000
    45          6  (t)                -62    18    18    67    68   511     0     19.444    -97.552   -574.200    607.582    171.917
    46         -6  (tbar)             -62    19    19    69    70     0   513     41.693     90.099   -123.195    234.305    172.817
    47         21  (g)                -62    20    20    84    84   514   511     -8.682     38.317   -233.696    236.975      0.000
    48         -2  (ubar)             -62    21    21    85    85     0   514    -59.736    -27.092   -508.088    512.304      0.000
    49         21  (g)                -62    22    22   124   124   512   515     15.058      7.691   -120.298    121.481      0.000
    50         -1  (dbar)             -62    23    23   125   125     0   512    -10.356    -12.634    291.424    291.881      0.330
    51          1  (d)                -61     1     0    33    33   516     0     -2.318     -1.292     75.648     75.694      0.000
    52         21  (g)                -61     2     0    34    34   513   520      0.547      0.040   -248.991    248.992      0.000
    53         21  (g)                -62    35    35   146   146   516   519     -3.509     -0.696     -2.215      4.207      0.000
    54         21  (g)                -62    36    36   110   110   513   522      1.598      1.736      3.317      4.071      0.000
    55          1  (d)                -62    37    37   108   108   517     0     -0.284     -0.912     70.975     70.983      0.330
    56         21  (g)                -62    38    38   145   145   519   520      0.423     -1.381   -245.421    245.425      0.000
    57          3  (s)                -61     1     0    39    39   513     0      0.034      0.007   1669.099   1669.099      0.000
    58         21  (g)                -61     2     0    40    40   523   513      0.952      0.041      4.538      4.637      0.000
    59          3  (s)                -62    41    41   170   170   523     0      0.406     -0.188   1671.705   1671.705      0.500
    60         21  (g)                -62    42    42   109   109   522   517      0.580      0.235      1.931      2.030      0.000
    61       2203  (uu_1)             -63     1     0   147   147     0   516      0.932      0.707   3835.083   3835.083      0.771
    62          1  (d)                -63     1     0    75    82   525     0      1.288      0.080     -0.611      1.465      0.330
    63         -3  (sbar)             -63     1     0    75    82     0   525      1.146      0.900    546.878    546.880      0.500
    64       2203  (uu_1)             -63     2     0   171   171     0   523      0.008      0.341  -4466.147   4466.147      0.771
    65          1  (d)                -63     2     0   123   123   515     0      0.349      0.359     -5.772      5.803      0.330
    66          2  (u)                -63     2     0   144   144   520     0     -0.360     -0.012   -141.671    141.672      0.330
    67          5  (b)                -23    45     0    83    83   511     0    -14.568    -43.780   -430.452    432.946      4.920
    68         24  (W+)               -22    45     0    71    72     0     0     34.013    -53.772   -143.748    174.636     76.065
    69         -5  (bbar)             -23    46     0   111   111     0   513     79.552     14.904    -59.337    100.478      4.920
    70        -24  (W-)               -22    46     0    73    74     0     0    -37.859     75.195    -63.858    133.827     82.124
    71        -11  e+                  23    68     0     0     0     0     0     32.611     10.169    -62.603     71.316      0.001
    72         12  nu_e                23    68     0     0     0     0     0      1.402    -63.941    -81.145    103.319      0.000
    73         11  e-                  23    70     0     0     0     0     0      6.131     12.847    -55.232     57.036      0.001
    74        -12  nu_ebar             23    70     0     0     0     0     0    -43.989     62.349     -8.626     76.791      0.000
    75       2112  n0                  83    62    63     0     0     0     0      0.432     -0.395      0.279      1.141      0.940
    76        211  pi+                 83    62    63     0     0     0     0      0.178      0.270      0.580      0.678      0.140
    77      -2214  (Deltabar-)        -83    62    63   192   193     0     0      0.678      0.259      0.993      1.787      1.296
    78        223  (omega)            -83    62    63   259   261     0     0      0.021     -0.170      2.076      2.226      0.784
    79       2214  (Delta+)           -83    62    63   194   195     0     0      0.180     -0.053      8.113      8.255      1.515
    80        221  (eta)              -84    62    63   262   264     0     0     -0.358      0.418     16.092     16.111      0.548
    81      -2214  (Deltabar-)        -84    62    63   196   197     0     0      0.613      0.386    109.932    109.943      1.340
    82        313  (K*0)              -84    62    63   198   199     0     0      0.689      0.265    408.202    408.204      0.877
    83          5  (b)                -71    67    67    86   107   511     0    -14.568    -43.780   -430.452    432.946      4.920
    84         21  (g)                -71    47    47    86   107   514   511     -8.682     38.317   -233.696    236.975      0.000
    85         -2  (ubar)             -71    48    48    86   107     0   514    -59.736    -27.092   -508.088    512.304      0.000
    86       -513  (B*bar0)           -83    83    85   265   266     0     0    -11.440    -33.191   -327.944    329.861      5.325
    87        111  (pi0)              -83    83    85   267   268     0     0     -1.209     -4.322    -41.580     41.822      0.135
    88       -213  (rho-)             -83    83    85   200   201     0     0     -1.313     -3.244    -31.995     32.198      0.894
    89        213  (rho+)             -83    83    85   202   203     0     0      0.288     -1.424    -15.355     15.437      0.655
    90       -211  pi-                 83    83    85     0     0     0     0     -0.700     -0.305     -7.274      7.315      0.140
    91        213  (rho+)             -83    83    85   204   205     0     0     -0.495      0.988    -10.609     10.699      0.843
    92        311  (K0)               -83    83    85   206   206     0     0      0.259      0.251     -2.945      3.009      0.498
    93       -321  K-                  83    83    85     0     0     0     0     -0.368      1.057     -7.954      8.048      0.494
    94        213  (rho+)             -83    83    85   207   208     0     0     -0.505      0.897     -7.610      7.749      1.036
    95       -213  (rho-)             -83    83    85   209   210     0     0     -0.115      0.828     -8.006      8.072      0.596
    96       3222  Sigma+              83    83    85     0     0     0     0     -0.303      1.807    -11.863     12.062      1.189
    97        111  (pi0)              -84    83    85   269   270     0     0     -4.987     19.984   -125.472    127.151      0.135
    98      -3212  (Sigmabar0)        -84    83    85   271   272     0     0     -2.176      9.137    -54.605     55.419      1.193
    99       -211  pi-                 84    83    85     0     0     0     0     -0.199      0.495     -3.962      4.000      0.140
   100        113  (rho0)             -84    83    85   211   212     0     0     -0.326      1.007     -9.826      9.912      0.766
   101        113  (rho0)             -84    83    85   213   214     0     0     -0.715     -0.247     -6.287      6.377      0.760
   102        113  (rho0)             -84    83    85   215   216     0     0     -6.875     -2.731    -58.614     59.085      0.891
   103        211  pi+                 84    83    85     0     0     0     0     -1.475     -0.960    -12.667     12.789      0.140
   104        223  (omega)            -84    83    85   273   275     0     0    -33.706    -15.227   -286.032    288.415      0.782
   105       -211  pi-                 84    83    85     0     0     0     0     -4.601     -2.061    -38.121     38.453      0.140
   106        113  (rho0)             -84    83    85   217   218     0     0     -9.635     -4.205    -83.890     84.549      0.657
   107        111  (pi0)              -84    83    85   276   277     0     0     -2.389     -1.090    -19.625     19.801      0.135
   108          1  (d)                -71    55    55   112   122   517     0     -0.284     -0.912     70.975     70.983      0.330
   109         21  (g)                -71    60    60   112   122   522   517      0.580      0.235      1.931      2.030      0.000
   110         21  (g)                -71    54    54   112   122   513   522      1.598      1.736      3.317      4.071      0.000
   111         -5  (bbar)             -71    69    69   112   122     0   513     79.552     14.904    -59.337    100.478      4.920
   112        221  (eta)              -83   108   111   278   280     0     0     -0.004     -0.562     42.949     42.956      0.548
   113        111  (pi0)              -83   108   111   281   282     0     0      0.036     -0.043      0.915      0.927      0.135
   114       2114  (Delta0)           -83   108   111   219   220     0     0      0.074      0.030     19.743     19.777      1.157
   115        211  pi+                 83   108   111     0     0     0     0     -0.154      0.075      7.111      7.114      0.140
   116      -2214  (Deltabar-)        -84   108   111   221   222     0     0      0.904      0.060      1.898      2.444      1.245
   117       -211  pi-                 84   108   111     0     0     0     0      0.243      0.357      0.444      0.635      0.140
   118        111  (pi0)              -84   108   111   283   284     0     0      0.525      0.500      1.465      1.640      0.135
   119        111  (pi0)              -84   108   111   285   286     0     0     -0.168     -0.409      0.030      0.463      0.135
   120        323  (K*+)              -84   108   111   223   224     0     0      0.871      0.715      0.369      1.493      0.906
   121       -323  (K*-)              -84   108   111   225   226     0     0      0.539      0.603     -0.023      1.202      0.889
   122        523  (B*+)              -84   108   111   287   288     0     0     78.580     14.637    -58.015     98.910      5.325
   123          1  (d)                -71    65    65   126   143   515     0      0.349      0.359     -5.772      5.803      0.330
   124         21  (g)                -71    49    49   126   143   512   515     15.058      7.691   -120.298    121.481      0.000
   125         -1  (dbar)             -71    50    50   126   143     0   512    -10.356    -12.634    291.424    291.881      0.330
   126       -211  pi-                 83   123   125     0     0     0     0      2.563      1.781    -23.527     23.734      0.140
   127        211  pi+                 83   123   125     0     0     0     0      4.737      1.807    -34.510     34.881      0.140
   128       -213  (rho-)             -83   123   125   227   228     0     0      0.800      0.470     -8.212      8.287      0.618
   129       3212  (Sigma0)           -83   123   125   289   290     0     0      5.821      2.992    -48.226     48.683      1.193
   130      -3112  Sigmabar+           83   123   125     0     0     0     0      1.236      1.160     -8.817      9.059      1.197
   131        223  (omega)            -83   123   125   291   292     0     0     -0.147     -0.475     -0.030      0.927      0.782
   132       3112  Sigma-              83   123   125     0     0     0     0      0.548      0.374     -1.134      1.778      1.197
   133        321  K+                  83   123   125     0     0     0     0     -0.263      0.504     -0.141      0.766      0.494
   134      -2212  pbar-               83   123   125     0     0     0     0     -0.020     -1.059      3.346      3.633      0.938
   135        211  pi+                 83   123   125     0     0     0     0     -0.057      0.484      0.717      0.879      0.140
   136        221  (eta)              -84   123   125   293   295     0     0     -0.175     -0.494     12.585     12.608      0.548
   137       -211  pi-                 84   123   125     0     0     0     0     -0.498     -0.038      1.906      1.975      0.140
   138        331  (eta')             -84   123   125   296   298     0     0      0.070     -0.315      7.204      7.274      0.958
   139        213  (rho+)             -84   123   125   229   230     0     0     -0.836     -1.476     22.180     22.257      0.735
   140        221  (eta)              -84   123   125   299   300     0     0     -0.025     -0.291     13.225     13.239      0.548
   141        223  (omega)            -84   123   125   301   303     0     0     -4.976     -4.977    118.487    118.698      0.781
   142       -211  pi-                 84   123   125     0     0     0     0     -1.790     -2.440     56.266     56.347      0.140
   143        213  (rho+)             -84   123   125   231   232     0     0     -1.936     -2.594     54.036     54.140      0.850
   144          2  (u)                -71    66    66   148   169   520     0     -0.360     -0.012   -141.671    141.672      0.330
   145         21  (g)                -71    56    56   148   169   519   520      0.423     -1.381   -245.421    245.425      0.000
   146         21  (g)                -71    53    53   148   169   516   519     -3.509     -0.696     -2.215      4.207      0.000
   147       2203  (uu_1)             -71    61    61   148   169     0   516      0.932      0.707   3835.083   3835.083      0.771
   148        221  (eta)              -83   144   147   304   305     0     0      0.049     -0.288   -232.008    232.009      0.548
   149        113  (rho0)             -83   144   147   233   234     0     0      0.490     -0.463   -101.744    101.749      0.752
   150        111  (pi0)              -83   144   147   306   307     0     0     -0.263     -0.293    -11.575     11.583      0.135
   151        223  (omega)            -83   144   147   308   310     0     0     -0.035     -0.630    -27.831     27.849      0.775
   152        111  (pi0)              -83   144   147   311   312     0     0     -0.076      0.538     -4.279      4.315      0.135
   153       2214  (Delta+)           -83   144   147   235   236     0     0     -0.478     -0.488     -3.796      4.015      1.114
   154      -2114  (Deltabar0)        -83   144   147   237   238     0     0     -0.626      0.011     -5.598      5.775      1.271
   155        311  (K0)               -83   144   147   239   239     0     0     -0.794     -0.069     -0.712      1.179      0.498
   156       3312  (Xi-)              -83   144   147   313   314     0     0      0.084      0.282      0.396      1.411      1.322
   157      -3122  Lambdabar0          83   144   147     0     0     0     0     -1.122     -0.878     -0.644      1.921      1.116
   158        213  (rho+)             -83   144   147   240   241     0     0     -0.824      0.301      1.218      1.904      1.171
   159       -213  (rho-)             -83   144   147   242   243     0     0      0.033     -0.172      2.723      2.860      0.858
   160        223  (omega)            -83   144   147   315   317     0     0      0.298     -0.263      3.967      4.062      0.781
   161        213  (rho+)             -84   144   147   244   245     0     0     -0.029      0.634     11.153     11.222      1.077
   162       -211  pi-                 84   144   147     0     0     0     0      0.210     -0.275     25.629     25.632      0.140
   163        221  (eta)              -84   144   147   318   320     0     0     -0.217     -0.277     59.627     59.630      0.548
   164        211  pi+                 84   144   147     0     0     0     0     -0.031      0.097      5.370      5.372      0.140
   165       2112  n0                  84   144   147     0     0     0     0     -0.216      0.309     37.624     37.638      0.940
   166      -2112  nbar0               84   144   147     0     0     0     0     -0.122     -0.034    241.016    241.018      0.940
   167       -211  pi-                 84   144   147     0     0     0     0      0.560      0.439    679.136    679.137      0.140
   168        111  (pi0)              -84   144   147   321   322     0     0      0.494      0.025   1038.939   1038.939      0.135
   169       2224  (Delta++)          -84   144   147   246   247     0     0      0.103      0.112   1727.167   1727.168      1.294
   170          3  (s)                -71    59    59   172   191   523     0      0.406     -0.188   1671.705   1671.705      0.500
   171       2203  (uu_1)             -71    64    64   172   191     0   523      0.008      0.341  -4466.147   4466.147      0.771
   172       -311  (Kbar0)            -83   170   171   248   248     0     0     -0.025      0.152    246.463    246.463      0.498
   173       -213  (rho-)             -83   170   171   249   250     0     0      0.561     -0.388   1313.426   1313.426      0.911
   174        223  (omega)            -83   170   171   323   325     0     0     -0.095     -0.346     65.550     65.557      0.832
   175        113  (rho0)             -83   170   171   251   252     0     0      0.143      0.474     23.564     23.581      0.746
   176       2212  p+                  83   170   171     0     0     0     0     -0.315     -0.264      9.953     10.006      0.938
   177      -3122  Lambdabar0          83   170   171     0     0     0     0      0.062      0.378      5.731      5.851      1.116
   178       -321  K-                  83   170   171     0     0     0     0     -0.053     -0.669      1.767      1.953      0.494
   179        321  K+                  83   170   171     0     0     0     0      0.256      0.781      4.204      4.312      0.494
   180       -321  K-                  83   170   171     0     0     0     0      0.578     -0.559     -0.211      0.967      0.494
   181        211  pi+                 83   170   171     0     0     0     0     -0.401     -0.202     -0.062      0.474      0.140
   182        223  (omega)            -84   170   171   326   328     0     0     -0.441      0.501     -1.449      1.773      0.775
   183        313  (K*0)              -84   170   171   253   254     0     0      0.390      0.054     -7.543      7.609      0.912
   184       -321  K-                  84   170   171     0     0     0     0     -0.411      0.406    -10.263     10.291      0.494
   185        213  (rho+)             -84   170   171   255   256     0     0      0.302     -0.628    -99.569     99.581      1.439
   186        223  (omega)            -84   170   171   329   331     0     0     -0.281      0.407   -145.327    145.330      0.784
   187       -211  pi-                 84   170   171     0     0     0     0      0.077     -0.372   -350.566    350.566      0.140
   188        111  (pi0)              -84   170   171   332   333     0     0     -0.110      0.162   -542.028    542.028      0.135
   189        211  pi+                 84   170   171     0     0     0     0      0.444      0.266   -297.995    297.996      0.140
   190       2112  n0                  84   170   171     0     0     0     0     -0.058     -0.203  -2705.308   2705.308      0.940
   191        211  pi+                 84   170   171     0     0     0     0     -0.211      0.203   -304.778    304.778      0.140
   192      -2212  pbar-               91    77     0     0     0     0     0      0.720     -0.007      0.752      1.402      0.938
   193        111  (pi0)              -91    77     0   334   335     0     0     -0.042      0.266      0.241      0.385      0.135
   194       2112  n0                  91    79     0     0     0     0     0     -0.129      0.193      3.770      3.892      0.940
   195        211  pi+                 91    79     0     0     0     0     0      0.309     -0.246      4.343      4.364      0.140
   196      -2112  nbar0               91    81     0     0     0     0     0      0.215      0.402     90.158     90.164      0.940
   197       -211  pi-                 91    81     0     0     0     0     0      0.398     -0.016     19.775     19.779      0.140
   198        311  (K0)               -91    82     0   257   257     0     0      0.287      0.392    273.715    273.716      0.498
   199        111  (pi0)              -91    82     0   336   337     0     0      0.401     -0.127    134.487    134.488      0.135
   200       -211  pi-                 91    88     0     0     0     0     0     -0.674     -0.961     -8.149      8.234      0.140
   201        111  (pi0)              -91    88     0   338   339     0     0     -0.638     -2.283    -23.846     23.964      0.135
   202        211  pi+                 91    89     0     0     0     0     0      0.240     -0.267     -2.470      2.499      0.140
   203        111  (pi0)              -91    89     0   340   341     0     0      0.048     -1.157    -12.885     12.938      0.135
   204        211  pi+                 91    91     0     0     0     0     0     -0.152      0.573     -8.393      8.415      0.140
   205        111  (pi0)              -91    91     0   342   343     0     0     -0.343      0.416     -2.216      2.285      0.135
   206        130  K_L0                91    92    92     0     0     0     0      0.259      0.251     -2.945      3.009      0.498
   207        211  pi+                 91    94     0     0     0     0     0     -0.488      0.445     -6.597      6.632      0.140
   208        111  (pi0)              -91    94     0   344   345     0     0     -0.017      0.452     -1.013      1.118      0.135
   209       -211  pi-                 91    95     0     0     0     0     0      0.027      0.196     -4.309      4.316      0.140
   210        111  (pi0)              -91    95     0   346   347     0     0     -0.142      0.632     -3.697      3.756      0.135
   211        211  pi+                 91   100     0     0     0     0     0     -0.249      0.002     -2.455      2.472      0.140
   212       -211  pi-                 91   100     0     0     0     0     0     -0.077      1.006     -7.371      7.441      0.140
   213        211  pi+                 91   101     0     0     0     0     0     -0.452     -0.368     -5.422      5.455      0.140
   214       -211  pi-                 91   101     0     0     0     0     0     -0.263      0.121     -0.865      0.922      0.140
   215        211  pi+                 91   102     0     0     0     0     0     -4.545     -1.797    -41.742     42.028      0.140
   216       -211  pi-                 91   102     0     0     0     0     0     -2.331     -0.934    -16.871     17.058      0.140
   217        211  pi+                 91   106     0     0     0     0     0     -7.924     -3.680    -69.643     70.189      0.140
   218       -211  pi-                 91   106     0     0     0     0     0     -1.711     -0.525    -14.247     14.359      0.140
   219       2112  n0                  91   114     0     0     0     0     0      0.121     -0.111     15.599     15.628      0.940
   220        111  (pi0)              -91   114     0   348   349     0     0     -0.047      0.142      4.144      4.149      0.135
   221      -2212  pbar-               91   116     0     0     0     0     0      0.986      0.130      1.672      2.160      0.938
   222        111  (pi0)              -91   116     0   350   351     0     0     -0.082     -0.070      0.226      0.284      0.135
   223        311  (K0)               -91   120     0   258   258     0     0      0.495      0.331     -0.077      0.779      0.498
   224        211  pi+                 91   120     0     0     0     0     0      0.376      0.385      0.447      0.713      0.140
   225       -321  K-                  91   121     0     0     0     0     0      0.045      0.196      0.081      0.539      0.494
   226        111  (pi0)              -91   121     0   352   353     0     0      0.495      0.407     -0.104      0.663      0.135
   227       -211  pi-                 91   128     0     0     0     0     0      0.728      0.525     -7.596      7.650      0.140
   228        111  (pi0)              -91   128     0   354   355     0     0      0.072     -0.056     -0.616      0.637      0.135
   229        211  pi+                 91   139     0     0     0     0     0     -0.471     -1.288     18.575     18.626      0.140
   230        111  (pi0)              -91   139     0   356   357     0     0     -0.365     -0.188      3.605      3.631      0.135
   231        211  pi+                 91   143     0     0     0     0     0     -0.723     -1.077     15.697     15.752      0.140
   232        111  (pi0)              -91   143     0   358   359     0     0     -1.213     -1.517     38.339     38.388      0.135
   233        211  pi+                 91   149     0     0     0     0     0      0.029     -0.483    -62.959     62.961      0.140
   234       -211  pi-                 91   149     0     0     0     0     0      0.461      0.020    -38.785     38.788      0.140
   235       2212  p+                  91   153     0     0     0     0     0     -0.476     -0.497     -3.520      3.707      0.938
   236        111  (pi0)              -91   153     0   360   361     0     0     -0.002      0.009     -0.277      0.308      0.135
   237      -2112  nbar0               91   154     0     0     0     0     0     -0.454     -0.206     -3.635      3.788      0.940
   238        111  (pi0)              -91   154     0   362   363     0     0     -0.172      0.217     -1.963      1.987      0.135
   239        310  (K_S0)             -91   155   155   364   365     0     0     -0.794     -0.069     -0.712      1.179      0.498
   240        211  pi+                 91   158     0     0     0     0     0      0.074      0.047      0.891      0.906      0.140
   241        111  (pi0)              -91   158     0   366   367     0     0     -0.898      0.255      0.328      0.998      0.135
   242       -211  pi-                 91   159     0     0     0     0     0     -0.241      0.125      0.426      0.524      0.140
   243        111  (pi0)              -91   159     0   368   369     0     0      0.274     -0.297      2.297      2.336      0.135
   244        211  pi+                 91   161     0     0     0     0     0      0.189      0.115      0.606      0.660      0.140
   245        111  (pi0)              -91   161     0   370   371     0     0     -0.218      0.518     10.547     10.562      0.135
   246       2212  p+                  91   169     0     0     0     0     0     -0.046     -0.041    988.944    988.945      0.938
   247        211  pi+                 91   169     0     0     0     0     0      0.149      0.153    738.223    738.223      0.140
   248        130  K_L0                91   172   172     0     0     0     0     -0.025      0.152    246.463    246.463      0.498
   249       -211  pi-                 91   173     0     0     0     0     0     -0.079      0.201    275.163    275.163      0.140
   250        111  (pi0)              -91   173     0   372   373     0     0      0.640     -0.589   1038.263   1038.263      0.135
   251        211  pi+                 91   175     0     0     0     0     0      0.354      0.053     12.896     12.901      0.140
   252       -211  pi-                 91   175     0     0     0     0     0     -0.211      0.421     10.668     10.679      0.140
   253        321  K+                  91   183     0     0     0     0     0      0.361      0.271     -3.993      4.049      0.494
   254       -211  pi-                 91   183     0     0     0     0     0      0.029     -0.217     -3.551      3.560      0.140
   255        211  pi+                 91   185     0     0     0     0     0      0.303     -0.151    -89.398     89.399      0.140
   256        111  (pi0)              -91   185     0   374   375     0     0     -0.001     -0.477    -10.171     10.183      0.135
   257        130  K_L0                91   198   198     0     0     0     0      0.287      0.392    273.715    273.716      0.498
   258        310  (K_S0)             -91   223   223   376   377     0     0      0.495      0.331     -0.077      0.779      0.498
   259        211  pi+                 91    78     0     0     0     0     0      0.312     -0.034      1.130      1.181      0.140
   260       -211  pi-                 91    78     0     0     0     0     0     -0.120     -0.034      0.281      0.338      0.140
   261        111  (pi0)              -91    78     0   378   379     0     0     -0.171     -0.102      0.665      0.707      0.135
   262        211  pi+                 91    80     0     0     0     0     0     -0.270      0.145      8.844      8.850      0.140
   263       -211  pi-                 91    80     0     0     0     0     0     -0.025      0.087      4.065      4.069      0.140
   264        111  (pi0)              -91    80     0   380   381     0     0     -0.063      0.186      3.183      3.192      0.135
   265       -511  (Bbar0)            -91    86     0   382   384     0     0    -11.273    -32.792   -324.213    326.105      5.280
   266         22  gamma               91    86     0     0     0     0     0     -0.168     -0.399     -3.731      3.756      0.000
   267         22  gamma               91    87     0     0     0     0     0     -0.163     -0.617     -6.357      6.389      0.000
   268         22  gamma               91    87     0     0     0     0     0     -1.046     -3.705    -35.224     35.434      0.000
   269         22  gamma               91    97     0     0     0     0     0     -2.984     11.712    -73.449     74.437      0.000
   270         22  gamma               91    97     0     0     0     0     0     -2.002      8.272    -52.023     52.715      0.000
   271      -3122  (Lambdabar0)       -91    98     0   385   386     0     0     -1.952      8.498    -50.554     51.313      1.116
   272         22  gamma               91    98     0     0     0     0     0     -0.224      0.639     -4.050      4.107      0.000
   273        211  pi+                 91   104     0     0     0     0     0    -18.464     -8.300   -156.359    157.664      0.140
   274       -211  pi-                 91   104     0     0     0     0     0     -2.952     -1.262    -25.863     26.062      0.140
   275        111  (pi0)              -91   104     0   387   388     0     0    -12.290     -5.665   -103.810    104.689      0.135
   276         22  gamma               91   107     0     0     0     0     0     -0.775     -0.416     -6.346      6.407      0.000
   277         22  gamma               91   107     0     0     0     0     0     -1.615     -0.674    -13.279     13.394      0.000
   278        211  pi+                 91   112     0     0     0     0     0     -0.009     -0.085      9.435      9.437      0.140
   279       -211  pi-                 91   112     0     0     0     0     0      0.130     -0.189     11.757     11.760      0.140
   280        111  (pi0)              -91   112     0   389   390     0     0     -0.125     -0.288     21.757     21.759      0.135
   281         22  gamma               91   113     0     0     0     0     0     -0.047     -0.041      0.380      0.385      0.000
   282         22  gamma               91   113     0     0     0     0     0      0.083     -0.001      0.535      0.542      0.000
   283         22  gamma               91   118     0     0     0     0     0      0.303      0.196      0.739      0.823      0.000
   284         22  gamma               91   118     0     0     0     0     0      0.222      0.304      0.725      0.817      0.000
   285         22  gamma               91   119     0     0     0     0     0     -0.191     -0.351      0.023      0.401      0.000
   286         22  gamma               91   119     0     0     0     0     0      0.023     -0.058      0.007      0.063      0.000
   287        521  (B+)               -91   122     0   391   392     0     0     77.298     14.417    -57.061     97.297      5.279
   288         22  gamma               91   122     0     0     0     0     0      1.282      0.220     -0.954      1.613      0.000
   289       3122  Lambda0             91   129     0     0     0     0     0      5.527      2.905    -45.670     46.108      1.116
   290         22  gamma               91   129     0     0     0     0     0      0.294      0.086     -2.556      2.574      0.000
   291        111  (pi0)              -91   131     0   393   394     0     0     -0.312     -0.211      0.280      0.488      0.135
   292         22  gamma               91   131     0     0     0     0     0      0.165     -0.263     -0.310      0.439      0.000
   293        111  (pi0)              -91   136     0   395   396     0     0     -0.143     -0.251      5.617      5.627      0.135
   294        111  (pi0)              -91   136     0   397   398     0     0      0.080     -0.042      1.969      1.976      0.135
   295        111  (pi0)              -91   136     0   399   400     0     0     -0.113     -0.200      4.998      5.005      0.135
   296        211  pi+                 91   138     0     0     0     0     0     -0.077      0.055      2.092      2.099      0.140
   297       -211  pi-                 91   138     0     0     0     0     0     -0.032     -0.089      1.050      1.064      0.140
   298        221  (eta)              -91   138     0   401   403     0     0      0.178     -0.281      4.061      4.111      0.548
   299         22  gamma               91   140     0     0     0     0     0      0.133     -0.355     11.458     11.464      0.000
   300         22  gamma               91   140     0     0     0     0     0     -0.159      0.064      1.767      1.775      0.000
   301        211  pi+                 91   141     0     0     0     0     0     -1.114     -1.074     29.939     29.979      0.140
   302       -211  pi-                 91   141     0     0     0     0     0     -3.185     -3.152     73.469     73.606      0.140
   303        111  (pi0)              -91   141     0   404   405     0     0     -0.676     -0.751     15.078     15.113      0.135
   304         22  gamma               91   148     0     0     0     0     0     -0.112      0.084   -122.882    122.882      0.000
   305         22  gamma               91   148     0     0     0     0     0      0.161     -0.371   -109.126    109.126      0.000
   306         22  gamma               91   150     0     0     0     0     0     -0.236     -0.182     -7.656      7.662      0.000
   307         22  gamma               91   150     0     0     0     0     0     -0.026     -0.112     -3.919      3.921      0.000
   308        211  pi+                 91   151     0     0     0     0     0      0.213     -0.022     -6.507      6.512      0.140
   309       -211  pi-                 91   151     0     0     0     0     0     -0.105     -0.109     -5.407      5.411      0.140
   310        111  (pi0)              -91   151     0   406   407     0     0     -0.143     -0.499    -15.918     15.927      0.135
   311         22  gamma               91   152     0     0     0     0     0     -0.009      0.136     -0.682      0.696      0.000
   312         22  gamma               91   152     0     0     0     0     0     -0.067      0.403     -3.597      3.620      0.000
   313       3122  Lambda0             91   156     0     0     0     0     0     -0.062      0.198      0.315      1.178      1.116
   314       -211  pi-                 91   156     0     0     0     0     0      0.146      0.084      0.081      0.233      0.140
   315        211  pi+                 91   160     0     0     0     0     0      0.289     -0.275      1.973      2.018      0.140
   316       -211  pi-                 91   160     0     0     0     0     0      0.128     -0.088      0.585      0.621      0.140
   317        111  (pi0)              -91   160     0   408   409     0     0     -0.118      0.100      1.409      1.424      0.135
   318        111  (pi0)              -91   163     0   410   411     0     0     -0.083     -0.071     32.801     32.801      0.135
   319        111  (pi0)              -91   163     0   412   413     0     0     -0.019     -0.144      9.448      9.450      0.135
   320        111  (pi0)              -91   163     0   414   415     0     0     -0.115     -0.063     17.378     17.379      0.135
   321         22  gamma               91   168     0     0     0     0     0      0.492      0.016   1034.271   1034.271      0.000
   322         22  gamma               91   168     0     0     0     0     0      0.002      0.009      4.668      4.668      0.000
   323        211  pi+                 91   174     0     0     0     0     0      0.175     -0.056     16.973     16.974      0.140
   324       -211  pi-                 91   174     0     0     0     0     0     -0.277      0.033     27.929     27.931      0.140
   325        111  (pi0)              -91   174     0   416   417     0     0      0.007     -0.323     20.648     20.651      0.135
   326        211  pi+                 91   182     0     0     0     0     0     -0.382      0.144     -0.476      0.643      0.140
   327       -211  pi-                 91   182     0     0     0     0     0     -0.133      0.366     -0.787      0.889      0.140
   328        111  (pi0)              -91   182     0   418   419     0     0      0.075     -0.009     -0.186      0.241      0.135
   329        211  pi+                 91   186     0     0     0     0     0     -0.218     -0.014    -57.564     57.564      0.140
   330       -211  pi-                 91   186     0     0     0     0     0     -0.049      0.014     -9.136      9.137      0.140
   331        111  (pi0)              -91   186     0   420   421     0     0     -0.015      0.407    -78.628     78.629      0.135
   332         22  gamma               91   188     0     0     0     0     0     -0.015      0.061   -335.471    335.471      0.000
   333         22  gamma               91   188     0     0     0     0     0     -0.094      0.101   -206.557    206.557      0.000
   334         22  gamma               91   193     0     0     0     0     0     -0.010     -0.006     -0.009      0.015      0.000
   335         22  gamma               91   193     0     0     0     0     0     -0.032      0.272      0.250      0.371      0.000
   336         22  gamma               91   199     0     0     0     0     0      0.113      0.026     36.048     36.049      0.000
   337         22  gamma               91   199     0     0     0     0     0      0.288     -0.152     98.439     98.439      0.000
   338         22  gamma               91   201     0     0     0     0     0     -0.031     -0.042     -0.600      0.602      0.000
   339         22  gamma               91   201     0     0     0     0     0     -0.608     -2.241    -23.246     23.362      0.000
   340         22  gamma               91   203     0     0     0     0     0      0.009     -0.007     -0.058      0.059      0.000
   341         22  gamma               91   203     0     0     0     0     0      0.039     -1.151    -12.828     12.879      0.000
   342         22  gamma               91   205     0     0     0     0     0     -0.323      0.383     -2.155      2.212      0.000
   343         22  gamma               91   205     0     0     0     0     0     -0.020      0.033     -0.061      0.072      0.000
   344         22  gamma               91   208     0     0     0     0     0     -0.055      0.346     -0.664      0.751      0.000
   345         22  gamma               91   208     0     0     0     0     0      0.038      0.105     -0.350      0.367      0.000
   346         22  gamma               91   210     0     0     0     0     0     -0.016      0.031     -0.083      0.090      0.000
   347         22  gamma               91   210     0     0     0     0     0     -0.126      0.601     -3.614      3.666      0.000
   348         22  gamma               91   220     0     0     0     0     0     -0.003      0.053      3.035      3.035      0.000
   349         22  gamma               91   220     0     0     0     0     0     -0.044      0.089      1.109      1.114      0.000
   350         22  gamma               91   222     0     0     0     0     0     -0.020     -0.094      0.082      0.126      0.000
   351         22  gamma               91   222     0     0     0     0     0     -0.061      0.023      0.144      0.158      0.000
   352         22  gamma               91   226     0     0     0     0     0      0.272      0.308     -0.060      0.416      0.000
   353         22  gamma               91   226     0     0     0     0     0      0.222      0.099     -0.044      0.247      0.000
   354         22  gamma               91   228     0     0     0     0     0      0.078     -0.013     -0.153      0.172      0.000
   355         22  gamma               91   228     0     0     0     0     0     -0.006     -0.042     -0.462      0.464      0.000
   356         22  gamma               91   230     0     0     0     0     0     -0.112     -0.127      1.220      1.232      0.000
   357         22  gamma               91   230     0     0     0     0     0     -0.253     -0.062      2.386      2.400      0.000
   358         22  gamma               91   232     0     0     0     0     0     -1.090     -1.340     33.222     33.267      0.000
   359         22  gamma               91   232     0     0     0     0     0     -0.123     -0.177      5.117      5.121      0.000
   360         22  gamma               91   236     0     0     0     0     0     -0.004     -0.035     -0.009      0.037      0.000
   361         22  gamma               91   236     0     0     0     0     0      0.002      0.044     -0.268      0.271      0.000
   362         22  gamma               91   238     0     0     0     0     0     -0.127      0.097     -1.425      1.434      0.000
   363         22  gamma               91   238     0     0     0     0     0     -0.045      0.120     -0.538      0.553      0.000
   364        211  pi+                 91   239     0     0     0     0     0     -0.208     -0.161     -0.386      0.487      0.140
   365       -211  pi-                 91   239     0     0     0     0     0     -0.586      0.092     -0.326      0.692      0.140
   366         22  gamma               91   241     0     0     0     0     0     -0.521      0.154      0.260      0.602      0.000
   367         22  gamma               91   241     0     0     0     0     0     -0.377      0.100      0.067      0.396      0.000
   368         22  gamma               91   243     0     0     0     0     0      0.057     -0.150      0.730      0.747      0.000
   369         22  gamma               91   243     0     0     0     0     0      0.217     -0.147      1.567      1.589      0.000
   370         22  gamma               91   245     0     0     0     0     0     -0.077      0.235      3.498      3.507      0.000
   371         22  gamma               91   245     0     0     0     0     0     -0.141      0.283      7.048      7.055      0.000
   372         22  gamma               91   250     0     0     0     0     0      0.017     -0.009      8.814      8.814      0.000
   373         22  gamma               91   250     0     0     0     0     0      0.623     -0.581   1029.449   1029.449      0.000
   374         22  gamma               91   256     0     0     0     0     0      0.013     -0.258     -6.833      6.837      0.000
   375         22  gamma               91   256     0     0     0     0     0     -0.014     -0.219     -3.338      3.345      0.000
   376        211  pi+                 91   258     0     0     0     0     0      0.107     -0.046     -0.123      0.219      0.140
   377       -211  pi-                 91   258     0     0     0     0     0      0.388      0.377      0.045      0.560      0.140
   378         22  gamma               91   261     0     0     0     0     0      0.010      0.013      0.123      0.125      0.000
   379         22  gamma               91   261     0     0     0     0     0     -0.182     -0.115      0.542      0.583      0.000
   380         22  gamma               91   264     0     0     0     0     0     -0.010     -0.021      0.201      0.202      0.000
   381         22  gamma               91   264     0     0     0     0     0     -0.053      0.207      2.981      2.989      0.000
   382         16  nu_tau              92   265     0     0     0     0     0     -0.011      0.023     -0.031      0.040      0.000
   383        -15  (tau+)             -92   265     0   422   424     0     0     -5.823    -15.100   -146.802    147.702      1.777
   384       -415  (D*_2(2460)-)      -92   265     0   425   426     0     0     -5.439    -17.716   -177.379    178.362      2.459
   385      -2112  nbar0               91   271     0     0     0     0     0     -1.570      6.655    -40.080     40.670      0.940
   386        111  (pi0)              -91   271     0   427   428     0     0     -0.382      1.843    -10.474     10.643      0.135
   387         22  gamma               91   275     0     0     0     0     0     -4.062     -1.823    -34.501     34.787      0.000
   388         22  gamma               91   275     0     0     0     0     0     -8.228     -3.842    -69.309     69.902      0.000
   389         22  gamma               91   280     0     0     0     0     0     -0.151     -0.202     16.154     16.156      0.000
   390         22  gamma               91   280     0     0     0     0     0      0.026     -0.086      5.603      5.603      0.000
   391      10323  (K_1(1270)+)       -91   287     0   429   430     0     0      9.423      2.200     -6.490     11.721      1.272
   392        443  (J/psi)            -91   287     0   431   435     0     0     67.874     12.217    -50.571     85.576      3.097
   393         22  gamma               91   291     0     0     0     0     0     -0.208     -0.136      0.101      0.268      0.000
   394         22  gamma               91   291     0     0     0     0     0     -0.104     -0.076      0.179      0.221      0.000
   395         22  gamma               91   293     0     0     0     0     0     -0.023     -0.003      0.121      0.124      0.000
   396         22  gamma               91   293     0     0     0     0     0     -0.120     -0.249      5.496      5.503      0.000
   397         22  gamma               91   294     0     0     0     0     0     -0.038     -0.010      0.435      0.437      0.000
   398         22  gamma               91   294     0     0     0     0     0      0.118     -0.033      1.534      1.539      0.000
   399         22  gamma               91   295     0     0     0     0     0      0.026     -0.035      1.385      1.386      0.000
   400         22  gamma               91   295     0     0     0     0     0     -0.138     -0.165      3.613      3.619      0.000
   401        111  (pi0)              -91   298     0   436   437     0     0      0.113     -0.085      0.786      0.810      0.135
   402        111  (pi0)              -91   298     0   438   439     0     0      0.003     -0.184      2.604      2.614      0.135
   403        111  (pi0)              -91   298     0   440   441     0     0      0.062     -0.012      0.671      0.688      0.135
   404         22  gamma               91   303     0     0     0     0     0     -0.081     -0.051      1.035      1.039      0.000
   405         22  gamma               91   303     0     0     0     0     0     -0.596     -0.699     14.043     14.073      0.000
   406         22  gamma               91   310     0     0     0     0     0     -0.065     -0.171     -7.600      7.602      0.000
   407         22  gamma               91   310     0     0     0     0     0     -0.078     -0.328     -8.318      8.324      0.000
   408         22  gamma               91   317     0     0     0     0     0     -0.067      0.121      1.180      1.188      0.000
   409         22  gamma               91   317     0     0     0     0     0     -0.052     -0.022      0.228      0.235      0.000
   410         22  gamma               91   318     0     0     0     0     0      0.030      0.013      7.286      7.286      0.000
   411         22  gamma               91   318     0     0     0     0     0     -0.113     -0.084     25.515     25.515      0.000
   412         22  gamma               91   319     0     0     0     0     0      0.039     -0.133      6.237      6.238      0.000
   413         22  gamma               91   319     0     0     0     0     0     -0.058     -0.011      3.212      3.212      0.000
   414         22  gamma               91   320     0     0     0     0     0     -0.038     -0.007      0.998      0.998      0.000
   415         22  gamma               91   320     0     0     0     0     0     -0.077     -0.056     16.380     16.380      0.000
   416         22  gamma               91   325     0     0     0     0     0     -0.021     -0.163      6.677      6.679      0.000
   417         22  gamma               91   325     0     0     0     0     0      0.028     -0.160     13.971     13.972      0.000
   418         22  gamma               91   328     0     0     0     0     0      0.041     -0.018     -0.199      0.204      0.000
   419         22  gamma               91   328     0     0     0     0     0      0.034      0.008      0.013      0.038      0.000
   420         22  gamma               91   331     0     0     0     0     0     -0.003      0.066    -24.924     24.924      0.000
   421         22  gamma               91   331     0     0     0     0     0     -0.012      0.341    -53.704     53.705      0.000
   422        -16  nu_taubar           91   383     0     0     0     0     0     -0.786     -3.616    -36.280     36.469      0.000
   423        -11  e+                  91   383     0     0     0     0     0     -2.144     -5.285    -53.395     53.698      0.001
   424         12  nu_e                91   383     0     0     0     0     0     -2.892     -6.199    -57.127     57.535      0.000
   425       -413  (D*-)              -91   384     0   442   443     0     0     -4.860    -14.700   -150.082    150.892      2.010
   426        111  (pi0)              -91   384     0   444   445     0     0     -0.579     -3.016    -27.297     27.470      0.135
   427         22  gamma               91   386     0     0     0     0     0     -0.271      1.140     -6.827      6.927      0.000
   428         22  gamma               91   386     0     0     0     0     0     -0.111      0.703     -3.647      3.716      0.000
   429        321  K+                  91   391     0     0     0     0     0      5.008      0.927     -3.525      6.213      0.494
   430        113  (rho0)             -91   391     0   446   447     0     0      4.416      1.273     -2.965      5.507      0.650
   431        113  (rho0)             -91   392     0   448   449     0     0     21.055      3.313    -15.314     26.256      0.768
   432       -213  (rho-)             -91   392     0   450   451     0     0     22.834      4.255    -17.197     28.908      0.684
   433        213  (rho+)             -91   392     0   452   453     0     0     17.009      3.238    -12.806     21.559      1.002
   434       -211  pi-                 91   392     0     0     0     0     0      2.332      0.475     -1.725      2.942      0.140
   435        211  pi+                 91   392     0     0     0     0     0      4.645      0.936     -3.530      5.911      0.140
   436         22  gamma               91   401     0     0     0     0     0      0.092     -0.020      0.660      0.667      0.000
   437         22  gamma               91   401     0     0     0     0     0      0.021     -0.065      0.126      0.143      0.000
   438         22  gamma               91   402     0     0     0     0     0     -0.021     -0.123      2.281      2.284      0.000
   439         22  gamma               91   402     0     0     0     0     0      0.025     -0.061      0.323      0.330      0.000
   440         22  gamma               91   403     0     0     0     0     0      0.086     -0.042      0.313      0.327      0.000
   441         22  gamma               91   403     0     0     0     0     0     -0.024      0.030      0.358      0.360      0.000
   442       -411  (D-)               -91   425     0   454   456     0     0     -4.463    -13.512   -138.264    139.007      1.870
   443        111  (pi0)              -91   425     0   457   458     0     0     -0.397     -1.188    -11.818     11.885      0.135
   444         22  gamma               91   426     0     0     0     0     0     -0.006     -0.028     -0.403      0.404      0.000
   445         22  gamma               91   426     0     0     0     0     0     -0.573     -2.988    -26.894     27.066      0.000
   446        211  pi+                 91   430     0     0     0     0     0      1.771      0.541     -0.862      2.047      0.140
   447       -211  pi-                 91   430     0     0     0     0     0      2.645      0.733     -2.103      3.461      0.140
   448        211  pi+                 91   431     0     0     0     0     0     17.375      2.788    -12.329     21.487      0.140
   449       -211  pi-                 91   431     0     0     0     0     0      3.679      0.525     -2.984      4.769      0.140
   450       -211  pi-                 91   432     0     0     0     0     0      4.077      0.553     -2.938      5.057      0.140
   451        111  (pi0)              -91   432     0   459   460     0     0     18.757      3.701    -14.259     23.851      0.135
   452        211  pi+                 91   433     0     0     0     0     0     12.470      2.396     -8.857     15.483      0.140
   453        111  (pi0)              -91   433     0   461   462     0     0      4.539      0.842     -3.948      6.076      0.135
   454        313  (K*0)              -91   442     0   463   464     0     0     -3.129    -10.704   -106.966    107.550      0.891
   455       -211  pi-                 91   442     0     0     0     0     0     -1.228     -2.450    -28.423     28.555      0.140
   456        111  (pi0)              -91   442     0   465   466     0     0     -0.105     -0.359     -2.875      2.902      0.135
   457         22  gamma               91   443     0     0     0     0     0     -0.032     -0.247     -2.116      2.130      0.000
   458         22  gamma               91   443     0     0     0     0     0     -0.365     -0.941     -9.703      9.755      0.000
   459         22  gamma               91   451     0     0     0     0     0      4.973      1.007     -3.851      6.370      0.000
   460         22  gamma               91   451     0     0     0     0     0     13.785      2.694    -10.408     17.481      0.000
   461         22  gamma               91   453     0     0     0     0     0      2.747      0.549     -2.325      3.641      0.000
   462         22  gamma               91   453     0     0     0     0     0      1.792      0.293     -1.623      2.435      0.000
   463        311  (K0)               -91   454     0   467   467     0     0     -1.141     -3.714    -38.438     38.637      0.498
   464        111  (pi0)              -91   454     0   468   469     0     0     -1.988     -6.990    -68.529     68.913      0.135
   465         22  gamma               91   456     0     0     0     0     0      0.029     -0.047     -0.296      0.301      0.000
   466         22  gamma               91   456     0     0     0     0     0     -0.134     -0.311     -2.579      2.601      0.000
   467        310  K_S0                91   463   463     0     0     0     0     -1.141     -3.714    -38.438     38.637      0.498
   468         22  gamma               91   464     0     0     0     0     0     -1.718     -5.867    -57.488     57.812      0.000
   469         22  gamma               91   464     0     0     0     0     0     -0.271     -1.122    -11.041     11.101      0.000
                                   Charge sum:  2.000           Momentum sum:      0.000      0.000      0.000  13000.000  13000.000

 --------  End PYTHIA Event Listing  -----------------------------------------------------------------------------------------------
#--------------------------------------------------------------------------
#                     FastJet release 3.4.0 [fjcore]
#                 M. Cacciari, G.P. Salam and G. Soyez                  
#     A software package for jet finding and analysis at colliders      
#                           http://fastjet.fr                           
#	                                                                      
# Please cite EPJC72(2012)1896 [arXiv:1111.6097] if you use this package
# for scientific work and optionally PLB641(2006)57 [hep-ph/0512210].   
#                                                                       
# FastJet is provided without warranty under the GNU GPL v2 or higher.  
# It uses T. Chan's closest pair algorithm, S. Fortune's Voronoi code
# and 3rd party plugin jet algorithms. See COPYING file for details.
#--------------------------------------------------------------------------
 PYTHIA Warning in SimpleSpaceShower::pT2nextQCD: weight above unity  
 PYTHIA Warning in SimpleSpaceShower::pT2nextQCD: small daughter PDF  
 PYTHIA Warning in StringFragmentation::fragmentToJunction: bad convergence junction rest frame  
 PYTHIA Error in BeamRemnants::setKinematics: kinematics construction failed  
 PYTHIA Error in Pythia::check: unmatched particle energy/momentum/mass  
 PYTHIA Error in Pythia::next: check of event revealed problems  
 PYTHIA Warning in Pythia::check: energy-momentum not quite conserved  

 Pythia::next(): 1000 events have been generated 
 PYTHIA Warning in ColConfig::collect: negative-energy parton encountered  
 PYTHIA Warning in Pythia::check: not quite matched particle energy/momentum/mass  

 Pythia::next(): 2000 events have been generated 
 PYTHIA Error in StringFragmentation::fragment: stuck in joining  
 PYTHIA Error in Pythia::next: hadronLevel failed; try again  

 Pythia::next(): 3000 events have been generated 
 PYTHIA Error in SimpleSpaceShower::pT2nearThreshold: stuck in loop  

 Pythia::next(): 4000 events have been generated 

 Pythia::next(): 5000 events have been generated 

 Pythia::next(): 6000 events have been generated 

 Pythia::next(): 7000 events have been generated 
 PYTHIA Error in SimpleSpaceShower::pT2nearThreshold: xPDF = 0  

 Pythia::next(): 8000 events have been generated 

 Pythia::next(): 9000 events have been generated 

 *-------  PYTHIA Event and Cross Section Statistics  -------------------------------------------------------------*
 |                                                                                                                 |
 | Subprocess                                    Code |            Number of events       |      sigma +- delta    |
 |                                                    |       Tried   Selected   Accepted |     (estimated) (mb)   |
 |                                                    |                                   |                        |
 |-----------------------------------------------------------------------------------------------------------------|
 |                                                    |                                   |                        |
 | Les Houches User Process(es)                  9999 |       10000      10000      10000 |   8.369e-08  0.000e+00 |
 |    ... whereof user classification code     322200 |       10000      10000      10000 |                        | 
 |                                                    |                                   |                        |
 | sum                                                |       10000      10000      10000 |   8.369e-08  0.000e+00 |
 |                                                                                                                 |
 *-------  End PYTHIA Event and Cross Section Statistics ----------------------------------------------------------*

 *-------  PYTHIA Error and Warning Messages Statistics  ----------------------------------------------------------* 
 |                                                                                                                 | 
 |  times   message                                                                                                | 
 |                                                                                                                 | 
 |      4   Error in BeamRemnants::setKinematics: kinematics construction failed                                   | 
 |     16   Error in Pythia::check: unmatched particle energy/momentum/mass                                        | 
 |      5   Error in Pythia::next: check of event revealed problems                                                | 
 |      4   Error in Pythia::next: hadronLevel failed; try again                                                   | 
 |      6   Error in SimpleSpaceShower::pT2nearThreshold: stuck in loop                                            | 
 |      8   Error in SimpleSpaceShower::pT2nearThreshold: xPDF = 0                                                 | 
 |      4   Error in StringFragmentation::fragment: stuck in joining                                               | 
 |      4   Warning in ColConfig::collect: negative-energy parton encountered                                      | 
 |      2   Warning in Pythia::check: energy-momentum not quite conserved                                          | 
 |      2   Warning in Pythia::check: not quite matched particle energy/momentum/mass                              | 
 |   1917   Warning in SimpleSpaceShower::pT2nextQCD: small daughter PDF                                           | 
 |   4353   Warning in SimpleSpaceShower::pT2nextQCD: weight above unity                                           | 
 |     35   Warning in StringFragmentation::fragmentToJunction: bad convergence junction rest frame                | 
 |      2   Warning in TimeShower::init: pTmin too low                                                             | 
 |                                                                                                                 | 
 *-------  End PYTHIA Error and Warning Messages Statistics  ------------------------------------------------------* 
Using LHE File: /nfs/dust/cms/user/amoroso/powheg/POWHEG-BOX-V2/ttJ_MiNNLOPS_v1.0_beta1/decay-ll/pwgevents-0296.lhe
less then 10000 events in LHE, using all LHE events
np.shape(P0) = (10000, 3, 9)
np.shape(nJets) = (10000, 2)
np.shape(jets_4vectors) = (10000, 20, 6)
