Configured CUDA from: /cvmfs/sft.cern.ch/lcg/releases/cuda/12.4-4899e/x86_64-el9-gcc11-opt

 *------------------------------------------------------------------------------------* 
 |                                                                                    | 
 |  *------------------------------------------------------------------------------*  | 
 |  |                                                                              |  | 
 |  |                                                                              |  | 
 |  |   PPP   Y   Y  TTTTT  H   H  III    A      Welcome to the Lund Monte Carlo!  |  | 
 |  |   P  P   Y Y     T    H   H   I    A A     This is PYTHIA version 8.309      |  | 
 |  |   PPP     Y      T    HHHHH   I   AAAAA    Last date of change: 16 Feb 2023  |  | 
 |  |   P       Y      T    H   H   I   A   A                                      |  | 
 |  |   P       Y      T    H   H  III  A   A    Now is 03 Sep 2024 at 15:23:08    |  | 
 |  |                                                                              |  | 
 |  |   Program documentation and an archive of historic versions is found on:     |  | 
 |  |                                                                              |  | 
 |  |                               https://pythia.org/                            |  | 
 |  |                                                                              |  | 
 |  |   PYTHIA is authored by a collaboration consisting of:                       |  | 
 |  |                                                                              |  | 
 |  |   Christian Bierlich, Nishita Desai, Leif Gellersen, Ilkka Helenius, Philip  |  | 
 |  |   Ilten, Leif Lonnblad, Stephen Mrenna, Stefan Prestel, Christian Preuss,    |  | 
 |  |   Torbjorn Sjostrand, Peter Skands, Marius Utheim and Rob Verheyen.          |  | 
 |  |                                                                              |  | 
 |  |   The complete list of authors, including contact information and            |  | 
 |  |   affiliations, can be found on https://pythia.org/.                         |  | 
 |  |   Problems or bugs should be reported on email at authors@pythia.org.        |  | 
 |  |                                                                              |  | 
 |  |   The main program reference is C. Bierlich et al,                           |  | 
 |  |   'A comprehensive guide to the physics and usage of Pythia 8.3',            |  | 
 |  |   SciPost Phys. Codebases 8-r8.3 (2022) [arXiv:2203.11601 [hep-ph]]          |  | 
 |  |                                                                              |  | 
 |  |   PYTHIA is released under the GNU General Public Licence version 2 or later.|  | 
 |  |   Please respect the MCnet Guidelines for Event Generator Authors and Users. |  | 
 |  |                                                                              |  | 
 |  |   Disclaimer: this program comes without any guarantees.                     |  | 
 |  |   Beware of errors and use common sense when interpreting results.           |  | 
 |  |                                                                              |  | 
 |  |   Copyright (C) 2023 Torbjorn Sjostrand                                      |  | 
 |  |                                                                              |  | 
 |  |                                                                              |  | 
 |  *------------------------------------------------------------------------------*  | 
 |                                                                                    | 
 *------------------------------------------------------------------------------------* 


 *-------  PYTHIA Process Initialization  --------------------------*
 |                                                                  |
 | We collide p+ with p+ at a CM energy of 1.300e+04 GeV            |
 |                                                                  |
 |------------------------------------------------------------------|
 |                                                    |             |
 | Subprocess                                    Code |   Estimated |
 |                                                    |    max (mb) |
 |                                                    |             |
 |------------------------------------------------------------------|
 |                                                    |             |
 | Les Houches User Process(es)                  9999 |   1.000e-09 |
 |                                                                  |
 *-------  End PYTHIA Process Initialization -----------------------*
 PYTHIA Warning in TimeShower::init: pTmin too low , raised to 0.611

 *-------  PYTHIA Multiparton Interactions Initialization  ---------* 
 |                                                                  | 
 |                   sigmaNonDiffractive =    55.51 mb              | 
 |                                                                  | 
 |    pT0 =  1.44 gives sigmaInteraction =   393.39 mb: accepted    | 
 |                                                                  | 
 *-------  End PYTHIA Multiparton Interactions Initialization  -----* 

 *-------  PYTHIA Flag + Mode + Parm + Word + FVec + MVec + PVec + WVec Settings (changes only)  ------------------* 
 |                                                                                                                 | 
 | Name                                          |                      Now |      Default         Min         Max | 
 |                                               |                          |                                      | 
 | Beams:frameType                               |                        4 |            1           1           5 | 
 | Beams:LHEF                                    | /nfs/dust/cms/user/amoroso/powheg/POWHEG-BOX-V2/ttJ_MiNNLOPS_v1.0_beta1/decay-ll/pwgevents-0432.lhe |         void | 
 | ColourReconnection:range                      |                  5.17600 |      1.80000         0.0    10.00000 | 
 | Main:timesAllowErrors                         |                      500 |           10           0             | 
 | MultipartonInteractions:alphaSorder           |                        2 |            1           0           3 | 
 | MultipartonInteractions:alphaSvalue           |                  0.11800 |      0.13000   0.0600000     0.25000 | 
 | MultipartonInteractions:bProfile              |                        2 |            3           0           4 | 
 | MultipartonInteractions:coreFraction          |                  0.63000 |      0.50000         0.0     1.00000 | 
 | MultipartonInteractions:coreRadius            |                  0.76340 |      0.40000     0.10000     1.00000 | 
 | MultipartonInteractions:ecmPow                |                0.0334400 |      0.21500         0.0     0.50000 | 
 | MultipartonInteractions:pT0Ref                |                  1.41000 |      2.28000     0.50000    10.00000 | 
 | ParticleDecays:limitTau                       |                       on |          off                         | 
 | PDF:pSet                                      |                       20 |           13                         | 
 | Random:seed                                   |                      432 |           -1               900000000 | 
 | Random:setSeed                                |                       on |          off                         | 
 | SigmaProcess:alphaSorder                      |                        2 |            1           0           3 | 
 | SigmaProcess:alphaSvalue                      |                  0.11800 |      0.13000   0.0600000     0.25000 | 
 | SigmaTotal:mode                               |                        0 |            1           0           4 | 
 | SigmaTotal:sigmaEl                            |                 21.89000 |     25.00000         0.0             | 
 | SigmaTotal:sigmaTot                           |                100.30900 |    100.00000         0.0             | 
 | SigmaTotal:zeroAXB                            |                      off |           on                         | 
 | SpaceShower:alphaSorder                       |                        2 |            1           0           3 | 
 | SpaceShower:alphaSvalue                       |                  0.11800 |      0.13650   0.0600000     0.25000 | 
 | SpaceShower:dipoleRecoil                      |                       on |          off                         | 
 | SpaceShower:pTmaxMatch                        |                        1 |            0           0           2 | 
 | TimeShower:alphaSorder                        |                        2 |            1           0           3 | 
 | TimeShower:alphaSvalue                        |                  0.11800 |      0.13650   0.0600000     0.25000 | 
 |                                                                                                                 | 
 *-------  End PYTHIA Flag + Mode + Parm + Word + FVec + MVec + PVec + WVec Settings  -----------------------------* 

 --------  PYTHIA Particle Data Table (changed only)  ------------------------------------------------------------------------------
 
      id   name            antiName         spn chg col      m0        mWidth      mMin       mMax       tau0    res dec ext vis wid
             no onMode   bRatio   meMode     products 

       6  t                tbar               2   2   1  173.00000    1.36916   86.00000    0.00000  1.44122e-13   1   1   0   1   0
              0     1   0.0000664    0       24        1 
              1     1   0.0017361    0       24        3 
              2     1   0.9981975    0       24        5 
              3     1   0.0000000    0       37        5 

 --------  End PYTHIA Particle Data Table  -----------------------------------------------------------------------------------------


 --------  LHA event information and listing  ---------------------------------------------------------------------- 

    process =   322200    weight =   1.0325e+02     scale =   2.7984e+00 (GeV) 
                        alpha_em =  -1.0000e+00    alpha_strong =   3.0515e-01

    Participating Particles 
    no        id stat     mothers     colours      p_x        p_y        p_z         e          m        tau    spin 
     1        21   -1     0     0   511   512      0.000      0.000     72.355     72.355      0.000   0.000   9.000
     2        21   -1     0     0   512   513      0.000      0.000   -720.152    720.152      0.000   0.000   9.000
     3         6    2     1     2   511     0     47.000     12.195    -84.876    198.647    172.913   0.000   9.000
     4        -6    2     1     2     0   514    -45.993     -7.236   -506.793    537.476    172.842   0.000   9.000
     5        21    1     1     2   514   515      0.127     -0.745    -16.076     16.094      0.000   0.000   9.000
     6        21    1     1     2   515   513     -1.134     -4.214    -40.053     40.290      0.000   0.000   9.000
     7         5    1     3     3   511     0     33.712     18.003   -106.308    113.076      4.920   0.000  -1.000
     8        24    2     3     3     0     0     13.289     -5.807     21.432     85.570     81.564   0.000   9.000
     9        -5    1     4     4     0   514    -61.431    -42.261   -339.910    348.028      4.920   0.000   1.000
    10       -24    2     4     4     0     0     15.438     35.025   -166.882    189.449     81.094   0.000   9.000
    11       -11    1     8     8     0     0    -28.708      8.036     27.959     40.871      0.001   0.000   1.000
    12        12    1     8     8     0     0     41.997    -13.844     -6.527     44.699      0.000   0.000  -1.000
    13        11    1    10    10     0     0    -29.403     33.472    -90.262    100.658      0.001   0.000  -1.000
    14       -12    1    10    10     0     0     44.841      1.553    -76.620     88.791      0.000   0.000   1.000

 --------  End LHA event information and listing  ------------------------------------------------------------------ 

 --------  PYTHIA Info Listing  ---------------------------------------- 
 
 Beam A: id =   2212, pz =  6.500e+03, e =  6.500e+03, m =  9.383e-01.
 Beam B: id =   2212, pz = -6.500e+03, e =  6.500e+03, m =  9.383e-01.

 In 1: id =   21, x =  1.113e-02, pdf =  0.000e+00 at Q2 =  7.831e+00.
 In 2: id =   21, x =  1.108e-01, pdf =  0.000e+00 at same Q2.

 Process Les Houches User Process(es) with code 9999 is 2 -> 4.
 Subprocess user process 322200 with code 322200 is 2 -> 4.
     alphaEM =  7.524e-03,  alphaS =  3.051e-01    at Q2 =  7.831e+00.

 Impact parameter b =  1.173e+00 gives enhancement factor =  2.830e-01.
 Max pT scale for MPI =  1.300e+04, ISR =  2.798e+00, FSR =  2.798e+00.
 Number of MPI =     2, ISR =     3, FSRproc =     1, FSRreson =     8.

 --------  End PYTHIA Info Listing  ------------------------------------

 --------  PYTHIA Event Listing  (hard process)  -----------------------------------------------------------------------------------
 
    no         id  name            status     mothers   daughters     colours      p_x        p_y        p_z         e          m 
     0         90  (system)           -11     0     0     0     0     0     0      0.000      0.000      0.000  13000.000  13000.000
     1       2212  (p+)               -12     0     0     3     0     0     0      0.000      0.000   6500.000   6500.000      0.938
     2       2212  (p+)               -12     0     0     4     0     0     0      0.000      0.000  -6500.000   6500.000      0.938
     3         21  (g)                -21     1     0     5     8   511   512      0.000      0.000     72.355     72.355      0.000
     4         21  (g)                -21     2     0     5     8   512   513      0.000      0.000   -720.152    720.152      0.000
     5          6  (t)                -22     3     4     9    10   511     0     47.000     12.195    -84.876    198.647    172.913
     6         -6  (tbar)             -22     3     4    11    12     0   514    -45.993     -7.236   -506.793    537.476    172.842
     7         21  g                   23     3     4     0     0   514   515      0.127     -0.745    -16.076     16.094      0.000
     8         21  g                   23     3     4     0     0   515   513     -1.134     -4.214    -40.053     40.290      0.000
     9          5  b                   23     5     0     0     0   511     0     33.712     18.003   -106.308    113.076      4.920
    10         24  (W+)               -22     5     0    13    14     0     0     13.289     -5.807     21.432     85.570     81.564
    11         -5  bbar                23     6     0     0     0     0   514    -61.431    -42.261   -339.910    348.028      4.920
    12        -24  (W-)               -22     6     0    15    16     0     0     15.438     35.025   -166.882    189.449     81.094
    13        -11  e+                  23    10     0     0     0     0     0    -28.708      8.036     27.959     40.871      0.001
    14         12  nu_e                23    10     0     0     0     0     0     41.997    -13.844     -6.527     44.699      0.000
    15         11  e-                  23    12     0     0     0     0     0    -29.403     33.472    -90.262    100.658      0.001
    16        -12  nu_ebar             23    12     0     0     0     0     0     44.841      1.553    -76.620     88.791      0.000
                                   Charge sum:  0.000           Momentum sum:     -0.000     -0.000   -647.798    792.507    456.536

 --------  End PYTHIA Event Listing  -----------------------------------------------------------------------------------------------

 --------  PYTHIA Event Listing  (complete event)  ---------------------------------------------------------------------------------
 
    no         id  name            status     mothers   daughters     colours      p_x        p_y        p_z         e          m 
     0         90  (system)           -11     0     0     0     0     0     0      0.000      0.000      0.000  13000.000  13000.000
     1       2212  (p+)               -12     0     0    37     0     0     0      0.000      0.000   6500.000   6500.000      0.938
     2       2212  (p+)               -12     0     0    38     0     0     0      0.000      0.000  -6500.000   6500.000      0.938
     3         21  (g)                -21     9     9     5     8   511   512      0.000      0.000     72.355     72.355      0.000
     4         21  (g)                -21    10     0     5     8   512   513      0.000      0.000   -720.152    720.152      0.000
     5          6  (t)                -22     3     4    11    11   511     0     47.000     12.195    -84.876    198.647    172.913
     6         -6  (tbar)             -22     3     4    12    12     0   514    -45.993     -7.236   -506.793    537.476    172.842
     7         21  (g)                -23     3     4    13    13   514   515      0.127     -0.745    -16.076     16.094      0.000
     8         21  (g)                -23     3     4    14    14   515   513     -1.134     -4.214    -40.053     40.290      0.000
     9         21  (g)                -42    28    28     3     3   511   512     -0.000      0.000     72.355     72.355      0.000
    10         21  (g)                -41    29     0    15     4   512   516      0.000     -0.000   -771.607    771.607      0.000
    11          6  (t)                -44     5     5    30    30   511     0     46.658     12.580    -85.015    198.649    172.913
    12         -6  (tbar)             -44     6     6    31    31     0   514    -47.255     -5.819   -507.012    537.775    172.842
    13         21  (g)                -44     7     7    32    32   514   515      0.088     -0.701    -16.085     16.100      0.000
    14         21  (g)                -44     8     8    16    17   515   513     -1.231     -4.105    -40.077     40.306      0.000
    15         21  (g)                -43    10     0    18    18   513   516      1.740     -1.955    -51.064     51.131      0.000
    16         21  (g)                -51    14     0    33    33   515   518      0.347     -0.208    -11.934     11.941      0.000
    17         21  (g)                -51    14     0    35    35   518   513     -1.040     -4.501    -43.913     44.156      0.000
    18         21  (g)                -52    15    15    34    34   513   516      1.203     -1.351    -35.293     35.339      0.000
    19         21  (g)                -31    23     0    21    22   519   520      0.000      0.000      0.007      0.007      0.000
    20         21  (g)                -31    24    24    21    22   520   521      0.000      0.000   -203.091    203.091      0.000
    21         21  (g)                -33    19    20    25    25   519   522      0.604     -0.759    -43.516     43.526      0.000
    22         21  (g)                -33    19    20    26    26   522   521     -0.604      0.759   -159.569    159.572      0.000
    23         21  (g)                -41    46    46    27    19   519   523      0.000      0.000      7.517      7.517      0.000
    24         21  (g)                -42    47    47    20    20   520   521      0.000      0.000   -203.091    203.091      0.000
    25         21  (g)                -44    21    21    48    48   519   522      0.336     -1.475    -43.488     43.515      0.000
    26         21  (g)                -44    22    22    49    49   522   521     -0.604      0.759   -159.569    159.572      0.000
    27         21  (g)                -43    23     0    50    50   520   523      0.268      0.717      7.483      7.522      0.000
    28         21  (g)                -42    37    37     9     9   511   512     -0.000     -0.000     72.355     72.355      0.000
    29         21  (g)                -41    38    38    36    10   512   524      0.000      0.000   -961.624    961.624      0.000
    30          6  (t)                -44    11    11    39    39   511     0     46.682     12.662    -85.008    198.657    172.913
    31         -6  (tbar)             -44    12    12    40    40     0   514    -47.167     -5.517   -507.020    537.772    172.842
    32         21  (g)                -44    13    13    41    41   514   515      0.091     -0.692    -16.085     16.100      0.000
    33         21  (g)                -44    16    16    42    42   515   518      0.349     -0.201    -11.934     11.941      0.000
    34         21  (g)                -44    18    18    43    43   513   516      1.209     -1.331    -35.293     35.339      0.000
    35         21  (g)                -44    17    17    44    44   518   513     -1.033     -4.476    -43.915     44.155      0.000
    36         21  (g)                -43    29     0    45    45   516   524     -0.130     -0.447   -190.013    190.013      0.000
    37         21  (g)                -61     1     0    28    28   520   512     -0.001      0.462     72.353     72.354      0.000
    38         21  (g)                -61     2     0    29    29   512   524     -1.862      2.496   -961.642    961.647      0.000
    39          6  (t)                -62    30    30    55    56   511     0     46.406     13.394    -85.081    198.672    172.913
    40         -6  (tbar)             -62    31    31    60    61     0   514    -48.179     -4.062   -506.974    537.806    172.842
    41         21  (g)                -62    32    32    87     0   514   519      0.060     -0.650    -16.084     16.098      0.000
    42         21  (g)                -62    33    33   102   102   515   518      0.326     -0.170    -11.935     11.940      0.000
    43         21  (g)                -62    34    34   100   100   513   522      1.140     -1.239    -35.293     35.333      0.000
    44         21  (g)                -62    35    35   101   101   518   513     -1.118     -4.361    -43.906     44.137      0.000
    45         21  (g)                -62    36    36    98    98   516   524     -0.498      0.047   -190.015    190.016      0.000
    46         21  (g)                -61     1     0    23    23   521   521     -0.128     -2.168      7.363      7.677      0.000
    47         21  (g)                -61     2     0    24    24   523   523      1.513     -0.815   -203.111    203.118      0.000
    48         21  (g)                -62    25    25    87     0   519   515      0.661     -1.654    -43.698     43.735      0.000
    49         21  (g)                -62    26    26    99    99   522   516      0.584      0.119   -159.483    159.485      0.000
    50         21  (g)                -62    27    27   135   135   520   511      0.139     -1.447      7.435      7.575      0.000
    51          2  (u)                -63     1     0   162   162   512     0     -0.339      0.849    590.493    590.493      0.330
    52       2101  (ud_0)             -63     1     0   136   136     0   520      0.468      0.856   5829.627   5829.627      0.579
    53       2101  (ud_0)             -63     2     0   163   163     0   512      0.351     -1.152  -3657.798   3657.798      0.579
    54          2  (u)                -63     2     0    97    97   524     0     -0.001     -0.529  -1677.286   1677.286      0.330
    55          5  (b)                -23    39     0    59    59   511     0     33.373     18.685   -106.425    113.196      4.920
    56         24  (W+)               -22    39     0    57    58     0     0     13.033     -5.292     21.344     85.476     81.564
    57         24  (W+)               -51    56     0    83    84     0     0     13.033     -5.292     21.344     85.476     81.564
    58         22  gamma               51    56     0     0     0     0     0     -0.000      0.000     -0.000      0.000      0.000
    59          5  (b)                -52    55    55   134   134   511     0     33.373     18.685   -106.425    113.196      4.920
    60         -5  (bbar)             -23    40     0    62    63     0   514    -62.846    -40.206   -340.028    348.152      4.920
    61        -24  (W-)               -22    40     0    64    64     0     0     14.667     36.144   -166.946    189.654     81.094
    62         -5  (bbar)             -51    60     0    65    66     0   533    -55.658    -20.152   -267.729    274.239      4.920
    63         21  (g)                -51    60     0    67    67   533   514     -5.136    -17.662    -71.121     73.461      0.000
    64        -24  (W-)               -52    61    61    85    86     0     0     12.614     33.752   -168.125    190.106     81.094
    65         -5  (bbar)             -51    62     0    76    76     0   534    -44.463    -16.835   -219.592    224.733      4.920
    66         21  (g)                -51    62     0    68    69   534   533    -11.267     -3.566    -49.141     50.542      0.000
    67         21  (g)                -52    63    63    70    70   533   514     -5.063    -17.413    -70.117     72.424      0.000
    68         21  (g)                -51    66     0    73    73   534   535     -7.864     -2.701    -29.106     30.270      0.000
    69         21  (g)                -51    66     0    71    72   535   533     -3.631     -1.647    -23.182     23.522      0.000
    70         21  (g)                -52    67    67    74    75   533   514     -4.836    -16.632    -66.970     69.174      0.000
    71         21  (g)                -51    69     0    77    78   536   533     -7.869     -3.077    -39.209     40.109      0.000
    72         21  (g)                -51    69     0    89    89   535   536     -0.104     -0.060     -0.046      0.129      0.000
    73         21  (g)                -52    68    68    90    90   534   535     -3.521     -1.209    -13.033     13.554      0.000
    74         21  (g)                -51    70     0    79    79   533   537     -0.713     -4.092    -19.029     19.477      0.000
    75         21  (g)                -51    70     0    80    81   537   514     -4.376    -12.630    -49.178     50.962      0.000
    76         -5  (bbar)             -52    65    65    82    82     0   534    -44.209    -16.745   -218.355    223.468      4.920
    77          1  (d)                -51    71     0    88    88   536     0     -1.574     -1.094    -12.064     12.220      0.330
    78         -1  (dbar)             -51    71     0   107   107     0   533     -6.364     -2.378    -28.979     29.766      0.330
    79         21  (g)                -52    74    74   106   106   533   537     -0.645     -3.698    -17.195     17.600      0.000
    80         21  (g)                -51    75     0   105   105   537   541     -1.819     -5.066    -17.639     18.442      0.000
    81         21  (g)                -51    75     0   104   104   541   514     -2.697     -7.614    -32.222     33.219      0.000
    82         -5  (bbar)             -52    76    76    91    91     0   534    -44.069    -16.696   -217.673    222.770      4.920
    83        -11  e+                  23    57     0     0     0     0     0    -28.831      8.283     27.917     40.978      0.001
    84         12  nu_e                23    57     0     0     0     0     0     41.864    -13.575     -6.573     44.498      0.000
    85         11  e-                  23    64     0     0     0     0     0    -30.907     32.794    -90.924    101.478      0.001
    86        -12  nu_ebar             23    64     0     0     0     0     0     43.521      0.958    -77.201     88.628      0.000
    87         21  (g)                -73    41    48   103   103   514   515      0.721     -2.304    -59.783     59.832      0.310
    88          1  (d)                -71    77    77    92    96   536     0     -1.574     -1.094    -12.064     12.220      0.330
    89         21  (g)                -71    72    72    92    96   535   536     -0.104     -0.060     -0.046      0.129      0.000
    90         21  (g)                -71    73    73    92    96   534   535     -3.521     -1.209    -13.033     13.554      0.000
    91         -5  (bbar)             -71    82    82    92    96     0   534    -44.069    -16.696   -217.673    222.770      4.920
    92       -211  pi-                 83    88    91     0     0     0     0     -0.077     -0.045     -1.330      1.340      0.140
    93        113  (rho0)             -83    88    91   186   187     0     0     -2.690     -1.899    -15.793     16.149      0.733
    94        213  (rho+)             -84    88    91   188   189     0     0     -4.227     -0.822    -18.567     19.074      0.745
    95       -211  pi-                 84    88    91     0     0     0     0     -2.524     -1.617    -14.587     14.892      0.140
    96        521  (B+)               -84    88    91   225   227     0     0    -39.750    -14.676   -192.539    197.217      5.279
    97          2  (u)                -71    54    54   108   133   524     0     -0.001     -0.529  -1677.286   1677.286      0.330
    98         21  (g)                -71    45    45   108   133   516   524     -0.498      0.047   -190.015    190.016      0.000
    99         21  (g)                -71    49    49   108   133   522   516      0.584      0.119   -159.483    159.485      0.000
   100         21  (g)                -71    43    43   108   133   513   522      1.140     -1.239    -35.293     35.333      0.000
   101         21  (g)                -71    44    44   108   133   518   513     -1.118     -4.361    -43.906     44.137      0.000
   102         21  (g)                -71    42    42   108   133   515   518      0.326     -0.170    -11.935     11.940      0.000
   103         21  (g)                -71    87    87   108   133   514   515      0.721     -2.304    -59.783     59.832      0.310
   104         21  (g)                -71    81    81   108   133   541   514     -2.697     -7.614    -32.222     33.219      0.000
   105         21  (g)                -71    80    80   108   133   537   541     -1.819     -5.066    -17.639     18.442      0.000
   106         21  (g)                -71    79    79   108   133   533   537     -0.645     -3.698    -17.195     17.600      0.000
   107         -1  (dbar)             -71    78    78   108   133     0   533     -6.364     -2.378    -28.979     29.766      0.330
   108        113  (rho0)             -83    97   107   190   191     0     0      0.058     -0.117   -617.732    617.732      0.665
   109        221  (eta)              -83    97   107   228   230     0     0     -0.050      0.173   -261.015    261.016      0.548
   110        111  (pi0)              -83    97   107   231   232     0     0     -0.150     -0.092   -278.460    278.460      0.135
   111        211  pi+                 83    97   107     0     0     0     0      0.468      0.248   -368.823    368.824      0.140
   112       2112  n0                  83    97   107     0     0     0     0      0.034     -0.873   -307.340    307.343      0.940
   113      -2212  pbar-               83    97   107     0     0     0     0      0.119      0.036    -61.825     61.832      0.938
   114        213  (rho+)             -83    97   107   192   193     0     0     -0.040     -0.958    -89.864     89.873      0.750
   115       -211  pi-                 83    97   107     0     0     0     0      0.415      0.221     -8.641      8.655      0.140
   116        211  pi+                 83    97   107     0     0     0     0     -0.266      0.340     -7.427      7.440      0.140
   117       -211  pi-                 83    97   107     0     0     0     0     -0.040     -0.404    -34.530     34.532      0.140
   118        213  (rho+)             -83    97   107   194   195     0     0      0.025     -0.540    -19.719     19.739      0.711
   119        111  (pi0)              -83    97   107   233   234     0     0      0.182     -0.654    -12.955     12.974      0.135
   120       -213  (rho-)             -83    97   107   196   197     0     0     -0.180     -1.055    -13.005     13.070      0.738
   121        213  (rho+)             -83    97   107   198   199     0     0      0.378     -2.073    -41.715     41.783      1.134
   122        111  (pi0)              -83    97   107   235   236     0     0     -0.095     -0.561    -11.230     11.245      0.135
   123       -211  pi-                 83    97   107     0     0     0     0     -0.045     -0.961     -5.746      5.828      0.140
   124        211  pi+                 83    97   107     0     0     0     0      0.048     -0.210    -18.124     18.126      0.140
   125        111  (pi0)              -83    97   107   237   238     0     0     -0.018     -1.764    -22.554     22.623      0.135
   126       -213  (rho-)             -83    97   107   200   201     0     0     -1.889     -4.528    -16.474     17.214      0.928
   127        111  (pi0)              -83    97   107   239   240     0     0     -1.715     -3.960    -17.637     18.158      0.135
   128        211  pi+                 84    97   107     0     0     0     0      0.135     -2.219    -11.470     11.684      0.140
   129       -211  pi-                 84    97   107     0     0     0     0     -1.651     -2.261     -9.620     10.020      0.140
   130        223  (omega)            -84    97   107   241   243     0     0     -1.236     -2.973    -14.706     15.076      0.795
   131        211  pi+                 84    97   107     0     0     0     0     -0.042     -0.139     -0.145      0.249      0.140
   132        111  (pi0)              -84    97   107   244   245     0     0     -4.082     -1.385    -19.157     19.637      0.135
   133        111  (pi0)              -84    97   107   246   247     0     0     -0.733     -0.483     -3.820      3.922      0.135
   134          5  (b)                -71    59    59   137   161   511     0     33.373     18.685   -106.425    113.196      4.920
   135         21  (g)                -71    50    50   137   161   520   511      0.139     -1.447      7.435      7.575      0.000
   136       2101  (ud_0)             -71    52    52   137   161     0   520      0.468      0.856   5829.627   5829.627      0.579
   137       -513  (B*bar0)           -83   134   136   248   249     0     0     29.403     16.718    -93.487     99.560      5.325
   138       -211  pi-                 83   134   136     0     0     0     0      0.709      0.466     -3.196      3.310      0.140
   139        211  pi+                 83   134   136     0     0     0     0      1.420      0.590     -3.104      3.467      0.140
   140       -211  pi-                 83   134   136     0     0     0     0      0.068      0.078     -0.255      0.308      0.140
   141        213  (rho+)             -83   134   136   202   203     0     0     -0.012     -0.336     -1.571      1.762      0.723
   142       -211  pi-                 83   134   136     0     0     0     0      1.187      0.809     -2.348      2.756      0.140
   143        111  (pi0)              -83   134   136   250   251     0     0      0.501      0.525     -1.678      1.833      0.135
   144        211  pi+                 83   134   136     0     0     0     0     -0.041     -0.290      0.331      0.463      0.140
   145       -211  pi-                 83   134   136     0     0     0     0      0.360     -0.013      0.094      0.397      0.140
   146        211  pi+                 83   134   136     0     0     0     0     -0.187      0.121     -0.059      0.269      0.140
   147        111  (pi0)              -83   134   136   252   253     0     0     -0.273     -0.077      0.368      0.484      0.135
   148       -211  pi-                 83   134   136     0     0     0     0      0.297     -0.636      2.254      2.365      0.140
   149        111  (pi0)              -83   134   136   254   255     0     0      0.052     -0.379      2.082      2.121      0.135
   150        211  pi+                 83   134   136     0     0     0     0      0.026      0.289      1.392      1.429      0.140
   151        111  (pi0)              -83   134   136   256   257     0     0      0.054      0.016      0.955      0.967      0.135
   152       -213  (rho-)             -83   134   136   204   205     0     0     -0.253     -0.351     26.543     26.559      0.841
   153        211  pi+                 83   134   136     0     0     0     0      0.013     -0.120      0.801      0.822      0.140
   154       -213  (rho-)             -84   134   136   206   207     0     0      0.144     -0.013     83.583     83.586      0.723
   155        211  pi+                 84   134   136     0     0     0     0      0.078      0.031     12.215     12.216      0.140
   156        311  (K0)               -84   134   136   208   208     0     0      0.173     -0.209     55.145     55.148      0.498
   157       -321  K-                  84   134   136     0     0     0     0     -0.235      0.258    119.973    119.974      0.494
   158        111  (pi0)              -84   134   136   258   259     0     0      0.129     -0.180     25.312     25.313      0.135
   159        213  (rho+)             -84   134   136   209   210     0     0      0.329     -0.051    182.065    182.067      0.832
   160       -213  (rho-)             -84   134   136   211   212     0     0     -0.530      0.562   1486.437   1486.438      0.820
   161       2212  p+                  84   134   136     0     0     0     0      0.568      0.286   3836.783   3836.783      0.938
   162          2  (u)                -71    51    51   164   185   512     0     -0.339      0.849    590.493    590.493      0.330
   163       2101  (ud_0)             -71    53    53   164   185     0   512      0.351     -1.152  -3657.798   3657.798      0.579
   164       2214  (Delta+)           -83   162   163   213   214     0     0     -0.461      0.482    198.916    198.921      1.201
   165        221  (eta)              -83   162   163   260   261     0     0      0.121     -0.179    152.446    152.447      0.548
   166      -2212  pbar-               83   162   163     0     0     0     0     -0.094     -0.126     40.514     40.526      0.938
   167        321  K+                  83   162   163     0     0     0     0      0.382      0.955    179.358    179.361      0.494
   168       -313  (K*bar0)           -83   162   163   215   216     0     0     -0.086     -0.435     13.240     13.281      0.955
   169        113  (rho0)             -83   162   163   217   218     0     0     -0.140      0.281      2.293      2.645      1.282
   170        111  (pi0)              -83   162   163   262   263     0     0      0.077     -0.008     -0.021      0.157      0.135
   171       -211  pi-                 83   162   163     0     0     0     0     -0.126      0.170      2.846      2.857      0.140
   172        211  pi+                 84   162   163     0     0     0     0      0.362     -0.173      0.055      0.429      0.140
   173       -213  (rho-)             -84   162   163   219   220     0     0     -0.273     -0.230     -1.284      1.551      0.794
   174        211  pi+                 84   162   163     0     0     0     0     -0.079      0.800     -2.309      2.449      0.140
   175        221  (eta)              -84   162   163   264   266     0     0      0.252     -0.366     -2.420      2.520      0.548
   176        223  (omega)            -84   162   163   267   269     0     0      0.570      0.056     -6.560      6.632      0.785
   177       -211  pi-                 84   162   163     0     0     0     0     -0.839     -0.411    -12.236     12.272      0.140
   178        211  pi+                 84   162   163     0     0     0     0      0.299      0.034     -0.821      0.886      0.140
   179       -213  (rho-)             -84   162   163   221   222     0     0      0.160     -0.018    -31.050     31.059      0.733
   180        213  (rho+)             -84   162   163   223   224     0     0     -0.354      0.191    -27.035     27.045      0.617
   181        331  (eta')             -84   162   163   270   272     0     0      0.222     -0.030    -98.510     98.514      0.958
   182       3112  Sigma-              84   162   163     0     0     0     0     -0.279     -0.160   -257.946    257.949      1.197
   183      -3212  (Sigmabar0)        -84   162   163   273   274     0     0      0.031     -0.192   -115.975    115.981      1.193
   184        321  K+                  84   162   163     0     0     0     0     -0.193      0.214   -303.187    303.188      0.494
   185       3122  Lambda0             84   162   163     0     0     0     0      0.459     -1.159  -2797.621   2797.621      1.116
   186        211  pi+                 91    93     0     0     0     0     0     -0.570     -0.251     -4.222      4.270      0.140
   187       -211  pi-                 91    93     0     0     0     0     0     -2.120     -1.648    -11.571     11.880      0.140
   188        211  pi+                 91    94     0     0     0     0     0     -3.694     -0.524    -16.346     16.767      0.140
   189        111  (pi0)              -91    94     0   275   276     0     0     -0.533     -0.298     -2.221      2.308      0.135
   190        211  pi+                 91   108     0     0     0     0     0     -0.051     -0.325   -231.772    231.772      0.140
   191       -211  pi-                 91   108     0     0     0     0     0      0.110      0.208   -385.960    385.960      0.140
   192        211  pi+                 91   114     0     0     0     0     0      0.144     -0.437    -64.875     64.877      0.140
   193        111  (pi0)              -91   114     0   277   278     0     0     -0.184     -0.520    -24.989     24.996      0.135
   194        211  pi+                 91   118     0     0     0     0     0     -0.309     -0.220     -7.706      7.716      0.140
   195        111  (pi0)              -91   118     0   279   280     0     0      0.334     -0.319    -12.013     12.023      0.135
   196       -211  pi-                 91   120     0     0     0     0     0      0.017     -0.559     -3.360      3.409      0.140
   197        111  (pi0)              -91   120     0   281   282     0     0     -0.198     -0.496     -9.645      9.661      0.135
   198        211  pi+                 91   121     0     0     0     0     0      0.163     -1.877    -27.424     27.489      0.140
   199        111  (pi0)              -91   121     0   283   284     0     0      0.215     -0.196    -14.290     14.294      0.135
   200       -211  pi-                 91   126     0     0     0     0     0     -0.059     -1.024     -3.661      3.804      0.140
   201        111  (pi0)              -91   126     0   285   286     0     0     -1.830     -3.504    -12.813     13.409      0.135
   202        211  pi+                 91   141     0     0     0     0     0      0.001      0.171     -0.795      0.825      0.140
   203        111  (pi0)              -91   141     0   287   288     0     0     -0.013     -0.506     -0.776      0.936      0.135
   204       -211  pi-                 91   152     0     0     0     0     0      0.209     -0.217     17.425     17.428      0.140
   205        111  (pi0)              -91   152     0   289   290     0     0     -0.462     -0.134      9.117      9.131      0.135
   206       -211  pi-                 91   154     0     0     0     0     0     -0.099      0.211     16.009     16.012      0.140
   207        111  (pi0)              -91   154     0   291   292     0     0      0.243     -0.225     67.574     67.575      0.135
   208        310  K_S0                91   156   156     0     0     0     0      0.173     -0.209     55.145     55.148      0.498
   209        211  pi+                 91   159     0     0     0     0     0      0.427      0.042     49.208     49.210      0.140
   210        111  (pi0)              -91   159     0   293   294     0     0     -0.098     -0.093    132.856    132.856      0.135
   211       -211  pi-                 91   160     0     0     0     0     0     -0.424      0.050   1043.688   1043.688      0.140
   212        111  (pi0)              -91   160     0   295   296     0     0     -0.105      0.513    442.750    442.750      0.135
   213       2212  p+                  91   164     0     0     0     0     0     -0.463      0.265    176.238    176.241      0.938
   214        111  (pi0)              -91   164     0   297   298     0     0      0.001      0.217     22.678     22.679      0.135
   215       -321  K-                  91   168     0     0     0     0     0     -0.365     -0.204      9.388      9.410      0.494
   216        211  pi+                 91   168     0     0     0     0     0      0.279     -0.231      3.852      3.872      0.140
   217        211  pi+                 91   169     0     0     0     0     0     -0.223      0.754      1.173      1.419      0.140
   218       -211  pi-                 91   169     0     0     0     0     0      0.083     -0.473      1.119      1.226      0.140
   219       -211  pi-                 91   173     0     0     0     0     0     -0.237     -0.366     -0.298      0.547      0.140
   220        111  (pi0)              -91   173     0   299   300     0     0     -0.036      0.136     -0.985      1.004      0.135
   221       -211  pi-                 91   179     0     0     0     0     0     -0.089      0.233    -20.995     20.997      0.140
   222        111  (pi0)              -91   179     0   301   302     0     0      0.250     -0.251    -10.055     10.062      0.135
   223        211  pi+                 91   180     0     0     0     0     0     -0.153      0.138     -3.546      3.554      0.140
   224        111  (pi0)              -91   180     0   303   304     0     0     -0.201      0.053    -23.489     23.490      0.135
   225       -421  (Dbar0)            -91    96     0   305   306     0     0    -27.344    -11.526   -132.155    135.458      1.865
   226        211  pi+                 91    96     0     0     0     0     0     -5.387     -0.844    -29.769     30.265      0.140
   227        111  (pi0)              -91    96     0   307   308     0     0     -7.019     -2.306    -30.615     31.494      0.135
   228        111  (pi0)              -91   109     0   309   310     0     0      0.012      0.075    -51.613     51.613      0.135
   229        111  (pi0)              -91   109     0   311   312     0     0      0.013      0.150   -162.026    162.026      0.135
   230        111  (pi0)              -91   109     0   313   314     0     0     -0.074     -0.052    -47.376     47.376      0.135
   231         22  gamma               91   110     0     0     0     0     0     -0.039     -0.002   -157.281    157.281      0.000
   232         22  gamma               91   110     0     0     0     0     0     -0.110     -0.089   -121.178    121.179      0.000
   233         22  gamma               91   119     0     0     0     0     0      0.150     -0.354     -8.083      8.092      0.000
   234         22  gamma               91   119     0     0     0     0     0      0.032     -0.300     -4.873      4.882      0.000
   235         22  gamma               91   122     0     0     0     0     0     -0.036     -0.388     -6.481      6.492      0.000
   236         22  gamma               91   122     0     0     0     0     0     -0.059     -0.173     -4.749      4.752      0.000
   237         22  gamma               91   125     0     0     0     0     0     -0.003     -1.590    -20.768     20.829      0.000
   238         22  gamma               91   125     0     0     0     0     0     -0.015     -0.173     -1.786      1.795      0.000
   239         22  gamma               91   127     0     0     0     0     0     -0.674     -1.625     -6.937      7.157      0.000
   240         22  gamma               91   127     0     0     0     0     0     -1.041     -2.335    -10.700     11.001      0.000
   241        211  pi+                 91   130     0     0     0     0     0     -0.930     -1.846     -9.347      9.574      0.140
   242       -211  pi-                 91   130     0     0     0     0     0     -0.089     -0.832     -3.428      3.532      0.140
   243        111  (pi0)              -91   130     0   315   316     0     0     -0.218     -0.296     -1.931      1.970      0.135
   244         22  gamma               91   132     0     0     0     0     0     -2.878     -0.982    -13.230     13.575      0.000
   245         22  gamma               91   132     0     0     0     0     0     -1.205     -0.402     -5.928      6.062      0.000
   246         22  gamma               91   133     0     0     0     0     0     -0.071     -0.081     -0.336      0.352      0.000
   247         22  gamma               91   133     0     0     0     0     0     -0.662     -0.402     -3.485      3.570      0.000
   248       -511  (Bbar0)            -91   137     0   317   319     0     0     29.128     16.614    -92.681     98.702      5.280
   249         22  gamma               91   137     0     0     0     0     0      0.275      0.104     -0.806      0.858      0.000
   250         22  gamma               91   143     0     0     0     0     0      0.502      0.484     -1.586      1.732      0.000
   251         22  gamma               91   143     0     0     0     0     0     -0.001      0.041     -0.092      0.101      0.000
   252         22  gamma               91   147     0     0     0     0     0      0.002     -0.010     -0.008      0.013      0.000
   253         22  gamma               91   147     0     0     0     0     0     -0.275     -0.067      0.376      0.471      0.000
   254         22  gamma               91   149     0     0     0     0     0     -0.032     -0.211      1.260      1.278      0.000
   255         22  gamma               91   149     0     0     0     0     0      0.084     -0.169      0.822      0.844      0.000
   256         22  gamma               91   151     0     0     0     0     0      0.069      0.061      0.766      0.772      0.000
   257         22  gamma               91   151     0     0     0     0     0     -0.015     -0.044      0.189      0.195      0.000
   258         22  gamma               91   158     0     0     0     0     0      0.157     -0.142     20.903     20.904      0.000
   259         22  gamma               91   158     0     0     0     0     0     -0.028     -0.038      4.409      4.409      0.000
   260         22  gamma               91   165     0     0     0     0     0      0.142     -0.016    139.732    139.732      0.000
   261         22  gamma               91   165     0     0     0     0     0     -0.021     -0.163     12.714     12.715      0.000
   262         22  gamma               91   170     0     0     0     0     0      0.057      0.060     -0.024      0.086      0.000
   263         22  gamma               91   170     0     0     0     0     0      0.020     -0.068      0.003      0.071      0.000
   264        111  (pi0)              -91   175     0   320   321     0     0      0.047     -0.238     -1.392      1.420      0.135
   265        111  (pi0)              -91   175     0   322   323     0     0      0.170     -0.023     -0.512      0.557      0.135
   266        111  (pi0)              -91   175     0   324   325     0     0      0.035     -0.105     -0.515      0.544      0.135
   267        211  pi+                 91   176     0     0     0     0     0     -0.043      0.032     -1.838      1.844      0.140
   268       -211  pi-                 91   176     0     0     0     0     0      0.301     -0.187     -2.655      2.683      0.140
   269        111  (pi0)              -91   176     0   326   327     0     0      0.312      0.211     -2.067      2.106      0.135
   270        211  pi+                 91   181     0     0     0     0     0     -0.064     -0.022    -23.737     23.737      0.140
   271       -211  pi-                 91   181     0     0     0     0     0      0.011      0.024     -6.079      6.080      0.140
   272        221  (eta)              -91   181     0   328   330     0     0      0.276     -0.032    -68.694     68.697      0.548
   273      -3122  Lambdabar0          91   183     0     0     0     0     0     -0.020     -0.162   -103.195    103.202      1.116
   274         22  gamma               91   183     0     0     0     0     0      0.051     -0.030    -12.780     12.780      0.000
   275         22  gamma               91   189     0     0     0     0     0     -0.226     -0.202     -1.131      1.171      0.000
   276         22  gamma               91   189     0     0     0     0     0     -0.307     -0.097     -1.090      1.137      0.000
   277         22  gamma               91   193     0     0     0     0     0      0.022     -0.045     -2.032      2.033      0.000
   278         22  gamma               91   193     0     0     0     0     0     -0.205     -0.475    -22.957     22.963      0.000
   279         22  gamma               91   195     0     0     0     0     0      0.195     -0.100     -6.108      6.112      0.000
   280         22  gamma               91   195     0     0     0     0     0      0.139     -0.220     -5.905      5.911      0.000
   281         22  gamma               91   197     0     0     0     0     0     -0.212     -0.474     -9.388      9.403      0.000
   282         22  gamma               91   197     0     0     0     0     0      0.015     -0.022     -0.257      0.258      0.000
   283         22  gamma               91   199     0     0     0     0     0      0.228     -0.202    -13.406     13.409      0.000
   284         22  gamma               91   199     0     0     0     0     0     -0.014      0.006     -0.884      0.884      0.000
   285         22  gamma               91   201     0     0     0     0     0     -1.443     -2.841    -10.189     10.676      0.000
   286         22  gamma               91   201     0     0     0     0     0     -0.387     -0.663     -2.623      2.733      0.000
   287         22  gamma               91   203     0     0     0     0     0      0.013      0.001     -0.042      0.044      0.000
   288         22  gamma               91   203     0     0     0     0     0     -0.026     -0.507     -0.734      0.893      0.000
   289         22  gamma               91   205     0     0     0     0     0     -0.364     -0.142      7.919      7.929      0.000
   290         22  gamma               91   205     0     0     0     0     0     -0.098      0.008      1.198      1.202      0.000
   291         22  gamma               91   207     0     0     0     0     0      0.222     -0.241     64.141     64.142      0.000
   292         22  gamma               91   207     0     0     0     0     0      0.022      0.017      3.433      3.433      0.000
   293         22  gamma               91   210     0     0     0     0     0     -0.100     -0.086     63.157     63.157      0.000
   294         22  gamma               91   210     0     0     0     0     0      0.002     -0.007     69.699     69.699      0.000
   295         22  gamma               91   212     0     0     0     0     0     -0.108      0.276    281.416    281.416      0.000
   296         22  gamma               91   212     0     0     0     0     0      0.003      0.237    161.333    161.334      0.000
   297         22  gamma               91   214     0     0     0     0     0     -0.057      0.043      6.297      6.297      0.000
   298         22  gamma               91   214     0     0     0     0     0      0.059      0.174     16.381     16.382      0.000
   299         22  gamma               91   220     0     0     0     0     0      0.024     -0.007     -0.330      0.331      0.000
   300         22  gamma               91   220     0     0     0     0     0     -0.060      0.143     -0.655      0.673      0.000
   301         22  gamma               91   222     0     0     0     0     0      0.180     -0.251     -8.255      8.261      0.000
   302         22  gamma               91   222     0     0     0     0     0      0.070      0.000     -1.800      1.801      0.000
   303         22  gamma               91   224     0     0     0     0     0     -0.119      0.060     -8.174      8.175      0.000
   304         22  gamma               91   224     0     0     0     0     0     -0.082     -0.007    -15.315     15.315      0.000
   305        323  (K*+)              -91   225     0   331   332     0     0    -11.487     -4.561    -54.918     56.300      0.943
   306       -213  (rho-)             -91   225     0   333   334     0     0    -15.857     -6.965    -77.237     79.159      0.788
   307         22  gamma               91   227     0     0     0     0     0     -2.683     -0.825    -11.472     11.810      0.000
   308         22  gamma               91   227     0     0     0     0     0     -4.336     -1.481    -19.143     19.684      0.000
   309         22  gamma               91   228     0     0     0     0     0     -0.001      0.076    -12.486     12.486      0.000
   310         22  gamma               91   228     0     0     0     0     0      0.013     -0.001    -39.127     39.127      0.000
   311         22  gamma               91   229     0     0     0     0     0      0.004     -0.018     -4.595      4.595      0.000
   312         22  gamma               91   229     0     0     0     0     0      0.009      0.168   -157.431    157.431      0.000
   313         22  gamma               91   230     0     0     0     0     0     -0.022      0.026     -3.138      3.138      0.000
   314         22  gamma               91   230     0     0     0     0     0     -0.052     -0.077    -44.238     44.238      0.000
   315         22  gamma               91   243     0     0     0     0     0     -0.223     -0.237     -1.749      1.779      0.000
   316         22  gamma               91   243     0     0     0     0     0      0.005     -0.058     -0.181      0.190      0.000
   317       -423  (D*bar0)           -91   248     0   335   336     0     0     18.052     10.717    -56.684     60.479      2.007
   318        413  (D*+)              -91   248     0   337   338     0     0      9.309      4.846    -31.222     33.000      2.010
   319       -321  K-                  91   248     0     0     0     0     0      1.767      1.050     -4.775      5.222      0.494
   320         22  gamma               91   264     0     0     0     0     0      0.048     -0.103     -0.333      0.352      0.000
   321         22  gamma               91   264     0     0     0     0     0     -0.000     -0.135     -1.059      1.067      0.000
   322         22  gamma               91   265     0     0     0     0     0      0.129     -0.036     -0.490      0.508      0.000
   323         22  gamma               91   265     0     0     0     0     0      0.042      0.013     -0.022      0.049      0.000
   324         22  gamma               91   266     0     0     0     0     0      0.008     -0.111     -0.211      0.238      0.000
   325         22  gamma               91   266     0     0     0     0     0      0.027      0.006     -0.304      0.305      0.000
   326         22  gamma               91   269     0     0     0     0     0      0.173      0.047     -1.117      1.132      0.000
   327         22  gamma               91   269     0     0     0     0     0      0.140      0.164     -0.950      0.974      0.000
   328        111  (pi0)              -91   272     0   339   340     0     0      0.052     -0.025     -7.331      7.332      0.135
   329        111  (pi0)              -91   272     0   341   342     0     0      0.121     -0.088    -26.087     26.088      0.135
   330        111  (pi0)              -91   272     0   343   344     0     0      0.103      0.080    -35.277     35.277      0.135
   331        311  (K0)               -91   305     0   345   345     0     0     -6.693     -2.505    -33.056     33.823      0.498
   332        211  pi+                 91   305     0     0     0     0     0     -4.794     -2.057    -21.862     22.476      0.140
   333       -211  pi-                 91   306     0     0     0     0     0    -12.546     -5.268    -61.504     62.992      0.140
   334        111  (pi0)              -91   306     0   346   347     0     0     -3.311     -1.697    -15.732     16.167      0.135
   335       -421  (Dbar0)            -91   317     0   348   349     0     0     16.692     10.057    -52.470     56.003      1.865
   336         22  gamma               91   317     0     0     0     0     0      1.360      0.660     -4.213      4.476      0.000
   337        421  (D0)               -91   318     0   350   351     0     0      8.590      4.516    -28.875     30.519      1.865
   338        211  pi+                 91   318     0     0     0     0     0      0.719      0.331     -2.347      2.481      0.140
   339         22  gamma               91   328     0     0     0     0     0      0.007     -0.015     -6.609      6.609      0.000
   340         22  gamma               91   328     0     0     0     0     0      0.045     -0.009     -0.721      0.723      0.000
   341         22  gamma               91   329     0     0     0     0     0      0.140     -0.087    -25.365     25.365      0.000
   342         22  gamma               91   329     0     0     0     0     0     -0.019     -0.001     -0.722      0.722      0.000
   343         22  gamma               91   330     0     0     0     0     0      0.043      0.110    -25.445     25.445      0.000
   344         22  gamma               91   330     0     0     0     0     0      0.059     -0.030     -9.832      9.833      0.000
   345        130  K_L0                91   331   331     0     0     0     0     -6.693     -2.505    -33.056     33.823      0.498
   346         22  gamma               91   334     0     0     0     0     0     -3.029     -1.529    -14.198     14.598      0.000
   347         22  gamma               91   334     0     0     0     0     0     -0.282     -0.168     -1.534      1.569      0.000
   348     -20213  (a_1(1260)-)       -91   335     0   352   353     0     0     11.465      6.860    -35.596     38.045      1.337
   349        321  K+                  91   335     0     0     0     0     0      5.226      3.197    -16.874     17.959      0.494
   350     -10313  (K_1(1270)bar0)    -91   337     0   354   355     0     0      4.344      2.039    -14.385     15.218      1.272
   351        111  (pi0)              -91   337     0   356   357     0     0      4.247      2.477    -14.490     15.301      0.135
   352       -323  (K*-)              -91   348     0   358   359     0     0      6.856      4.099    -21.661     23.102      0.811
   353        311  (K0)               -91   348     0   360   360     0     0      4.609      2.761    -13.935     14.943      0.498
   354     -10321  (K*_0(1430)-)      -91   350     0   361   362     0     0      2.425      1.161     -8.620      9.077      0.926
   355        211  pi+                 91   350     0     0     0     0     0      1.919      0.878     -5.766      6.141      0.140
   356         22  gamma               91   351     0     0     0     0     0      2.613      1.596     -8.959      9.468      0.000
   357         22  gamma               91   351     0     0     0     0     0      1.634      0.881     -5.530      5.833      0.000
   358       -311  (Kbar0)            -91   352     0   363   363     0     0      4.049      2.625    -12.722     13.616      0.498
   359       -211  pi-                 91   352     0     0     0     0     0      2.808      1.474     -8.939      9.486      0.140
   360        130  K_L0                91   353   353     0     0     0     0      4.609      2.761    -13.935     14.943      0.498
   361       -311  (Kbar0)            -91   354     0   364   364     0     0      1.231      0.909     -5.182      5.426      0.498
   362       -211  pi-                 91   354     0     0     0     0     0      1.194      0.253     -3.438      3.651      0.140
   363        310  K_S0                91   358   358     0     0     0     0      4.049      2.625    -12.722     13.616      0.498
   364        310  K_S0                91   361   361     0     0     0     0      1.231      0.909     -5.182      5.426      0.498
                                   Charge sum:  2.000           Momentum sum:     -0.000     -0.000     -0.000  13000.000  13000.000

 --------  End PYTHIA Event Listing  -----------------------------------------------------------------------------------------------
#--------------------------------------------------------------------------
#                     FastJet release 3.4.0 [fjcore]
#                 M. Cacciari, G.P. Salam and G. Soyez                  
#     A software package for jet finding and analysis at colliders      
#                           http://fastjet.fr                           
#	                                                                      
# Please cite EPJC72(2012)1896 [arXiv:1111.6097] if you use this package
# for scientific work and optionally PLB641(2006)57 [hep-ph/0512210].   
#                                                                       
# FastJet is provided without warranty under the GNU GPL v2 or higher.  
# It uses T. Chan's closest pair algorithm, S. Fortune's Voronoi code
# and 3rd party plugin jet algorithms. See COPYING file for details.
#--------------------------------------------------------------------------
 PYTHIA Warning in SimpleSpaceShower::pT2nextQCD: weight above unity  
 PYTHIA Warning in SimpleSpaceShower::pT2nextQCD: small daughter PDF  
 PYTHIA Error in StringFragmentation::fragment: stuck in joining  
 PYTHIA Error in Pythia::next: hadronLevel failed; try again  
 PYTHIA Error in BeamRemnants::setKinematics: kinematics construction failed  
 PYTHIA Warning in SimpleTimeShower::findMEcorr: ME weight above PS one  
 PYTHIA Warning in SimpleTimeShower::pTnext: negative dipole mass.  

 Pythia::next(): 1000 events have been generated 
 PYTHIA Warning in StringFragmentation::fragmentToJunction: bad convergence junction rest frame  

 Pythia::next(): 2000 events have been generated 
 PYTHIA Warning in Pythia::check: energy-momentum not quite conserved  
 PYTHIA Error in Pythia::check: unmatched particle energy/momentum/mass  
 PYTHIA Error in Pythia::next: check of event revealed problems  

 Pythia::next(): 3000 events have been generated 
 PYTHIA Warning in ColConfig::collect: negative-energy parton encountered  
 PYTHIA Warning in Pythia::check: not quite matched particle energy/momentum/mass  
 PYTHIA Warning in MultipartonInteractions::pTnext: weight above unity  

 Pythia::next(): 4000 events have been generated 

 Pythia::next(): 5000 events have been generated 

 Pythia::next(): 6000 events have been generated 
 PYTHIA Error in SimpleSpaceShower::pT2nearThreshold: stuck in loop  

 Pythia::next(): 7000 events have been generated 

 Pythia::next(): 8000 events have been generated 

 Pythia::next(): 9000 events have been generated 

 *-------  PYTHIA Event and Cross Section Statistics  -------------------------------------------------------------*
 |                                                                                                                 |
 | Subprocess                                    Code |            Number of events       |      sigma +- delta    |
 |                                                    |       Tried   Selected   Accepted |     (estimated) (mb)   |
 |                                                    |                                   |                        |
 |-----------------------------------------------------------------------------------------------------------------|
 |                                                    |                                   |                        |
 | Les Houches User Process(es)                  9999 |       10000      10000      10000 |   8.338e-08  0.000e+00 |
 |    ... whereof user classification code     322200 |       10000      10000      10000 |                        | 
 |                                                    |                                   |                        |
 | sum                                                |       10000      10000      10000 |   8.338e-08  0.000e+00 |
 |                                                                                                                 |
 *-------  End PYTHIA Event and Cross Section Statistics ----------------------------------------------------------*

 *-------  PYTHIA Error and Warning Messages Statistics  ----------------------------------------------------------* 
 |                                                                                                                 | 
 |  times   message                                                                                                | 
 |                                                                                                                 | 
 |     12   Error in BeamRemnants::setKinematics: kinematics construction failed                                   | 
 |      5   Error in Pythia::check: unmatched particle energy/momentum/mass                                        | 
 |      4   Error in Pythia::next: check of event revealed problems                                                | 
 |      2   Error in Pythia::next: hadronLevel failed; try again                                                   | 
 |      4   Error in SimpleSpaceShower::pT2nearThreshold: stuck in loop                                            | 
 |      2   Error in StringFragmentation::fragment: stuck in joining                                               | 
 |      3   Warning in ColConfig::collect: negative-energy parton encountered                                      | 
 |      3   Warning in MultipartonInteractions::pTnext: weight above unity                                         | 
 |      1   Warning in Pythia::check: energy-momentum not quite conserved                                          | 
 |      4   Warning in Pythia::check: not quite matched particle energy/momentum/mass                              | 
 |   4932   Warning in SimpleSpaceShower::pT2nextQCD: small daughter PDF                                           | 
 |   3471   Warning in SimpleSpaceShower::pT2nextQCD: weight above unity                                           | 
 |     72   Warning in SimpleTimeShower::findMEcorr: ME weight above PS one                                        | 
 |     35   Warning in SimpleTimeShower::pTnext: negative dipole mass.                                             | 
 |     21   Warning in StringFragmentation::fragmentToJunction: bad convergence junction rest frame                | 
 |      2   Warning in TimeShower::init: pTmin too low                                                             | 
 |                                                                                                                 | 
 *-------  End PYTHIA Error and Warning Messages Statistics  ------------------------------------------------------* 
Using LHE File: /nfs/dust/cms/user/amoroso/powheg/POWHEG-BOX-V2/ttJ_MiNNLOPS_v1.0_beta1/decay-ll/pwgevents-0432.lhe
less then 10000 events in LHE, using all LHE events
np.shape(P0) = (10000, 3, 9)
np.shape(nJets) = (10000, 2)
np.shape(jets_4vectors) = (10000, 20, 6)
