Configured CUDA from: /cvmfs/sft.cern.ch/lcg/releases/cuda/12.4-4899e/x86_64-el9-gcc11-opt

 *------------------------------------------------------------------------------------* 
 |                                                                                    | 
 |  *------------------------------------------------------------------------------*  | 
 |  |                                                                              |  | 
 |  |                                                                              |  | 
 |  |   PPP   Y   Y  TTTTT  H   H  III    A      Welcome to the Lund Monte Carlo!  |  | 
 |  |   P  P   Y Y     T    H   H   I    A A     This is PYTHIA version 8.309      |  | 
 |  |   PPP     Y      T    HHHHH   I   AAAAA    Last date of change: 16 Feb 2023  |  | 
 |  |   P       Y      T    H   H   I   A   A                                      |  | 
 |  |   P       Y      T    H   H  III  A   A    Now is 03 Sep 2024 at 19:05:14    |  | 
 |  |                                                                              |  | 
 |  |   Program documentation and an archive of historic versions is found on:     |  | 
 |  |                                                                              |  | 
 |  |                               https://pythia.org/                            |  | 
 |  |                                                                              |  | 
 |  |   PYTHIA is authored by a collaboration consisting of:                       |  | 
 |  |                                                                              |  | 
 |  |   Christian Bierlich, Nishita Desai, Leif Gellersen, Ilkka Helenius, Philip  |  | 
 |  |   Ilten, Leif Lonnblad, Stephen Mrenna, Stefan Prestel, Christian Preuss,    |  | 
 |  |   Torbjorn Sjostrand, Peter Skands, Marius Utheim and Rob Verheyen.          |  | 
 |  |                                                                              |  | 
 |  |   The complete list of authors, including contact information and            |  | 
 |  |   affiliations, can be found on https://pythia.org/.                         |  | 
 |  |   Problems or bugs should be reported on email at authors@pythia.org.        |  | 
 |  |                                                                              |  | 
 |  |   The main program reference is C. Bierlich et al,                           |  | 
 |  |   'A comprehensive guide to the physics and usage of Pythia 8.3',            |  | 
 |  |   SciPost Phys. Codebases 8-r8.3 (2022) [arXiv:2203.11601 [hep-ph]]          |  | 
 |  |                                                                              |  | 
 |  |   PYTHIA is released under the GNU General Public Licence version 2 or later.|  | 
 |  |   Please respect the MCnet Guidelines for Event Generator Authors and Users. |  | 
 |  |                                                                              |  | 
 |  |   Disclaimer: this program comes without any guarantees.                     |  | 
 |  |   Beware of errors and use common sense when interpreting results.           |  | 
 |  |                                                                              |  | 
 |  |   Copyright (C) 2023 Torbjorn Sjostrand                                      |  | 
 |  |                                                                              |  | 
 |  |                                                                              |  | 
 |  *------------------------------------------------------------------------------*  | 
 |                                                                                    | 
 *------------------------------------------------------------------------------------* 


 *-------  PYTHIA Process Initialization  --------------------------*
 |                                                                  |
 | We collide p+ with p+ at a CM energy of 1.300e+04 GeV            |
 |                                                                  |
 |------------------------------------------------------------------|
 |                                                    |             |
 | Subprocess                                    Code |   Estimated |
 |                                                    |    max (mb) |
 |                                                    |             |
 |------------------------------------------------------------------|
 |                                                    |             |
 | Les Houches User Process(es)                  9999 |   1.000e-09 |
 |                                                                  |
 *-------  End PYTHIA Process Initialization -----------------------*
 PYTHIA Warning in TimeShower::init: pTmin too low , raised to 0.611

 *-------  PYTHIA Multiparton Interactions Initialization  ---------* 
 |                                                                  | 
 |                   sigmaNonDiffractive =    55.51 mb              | 
 |                                                                  | 
 |    pT0 =  1.44 gives sigmaInteraction =   398.23 mb: accepted    | 
 |                                                                  | 
 *-------  End PYTHIA Multiparton Interactions Initialization  -----* 

 *-------  PYTHIA Flag + Mode + Parm + Word + FVec + MVec + PVec + WVec Settings (changes only)  ------------------* 
 |                                                                                                                 | 
 | Name                                          |                      Now |      Default         Min         Max | 
 |                                               |                          |                                      | 
 | Beams:frameType                               |                        4 |            1           1           5 | 
 | Beams:LHEF                                    | /nfs/dust/cms/user/amoroso/powheg/POWHEG-BOX-V2/ttJ_MiNNLOPS_v1.0_beta1/decay-ll/pwgevents-0490.lhe |         void | 
 | ColourReconnection:range                      |                  5.17600 |      1.80000         0.0    10.00000 | 
 | Main:timesAllowErrors                         |                      500 |           10           0             | 
 | MultipartonInteractions:alphaSorder           |                        2 |            1           0           3 | 
 | MultipartonInteractions:alphaSvalue           |                  0.11800 |      0.13000   0.0600000     0.25000 | 
 | MultipartonInteractions:bProfile              |                        2 |            3           0           4 | 
 | MultipartonInteractions:coreFraction          |                  0.63000 |      0.50000         0.0     1.00000 | 
 | MultipartonInteractions:coreRadius            |                  0.76340 |      0.40000     0.10000     1.00000 | 
 | MultipartonInteractions:ecmPow                |                0.0334400 |      0.21500         0.0     0.50000 | 
 | MultipartonInteractions:pT0Ref                |                  1.41000 |      2.28000     0.50000    10.00000 | 
 | ParticleDecays:limitTau                       |                       on |          off                         | 
 | PartonLevel:FSR                               |                      off |           on                         | 
 | PDF:pSet                                      |                       20 |           13                         | 
 | Random:seed                                   |                      490 |           -1               900000000 | 
 | Random:setSeed                                |                       on |          off                         | 
 | SigmaProcess:alphaSorder                      |                        2 |            1           0           3 | 
 | SigmaProcess:alphaSvalue                      |                  0.11800 |      0.13000   0.0600000     0.25000 | 
 | SigmaTotal:mode                               |                        0 |            1           0           4 | 
 | SigmaTotal:sigmaEl                            |                 21.89000 |     25.00000         0.0             | 
 | SigmaTotal:sigmaTot                           |                100.30900 |    100.00000         0.0             | 
 | SigmaTotal:zeroAXB                            |                      off |           on                         | 
 | SpaceShower:alphaSorder                       |                        2 |            1           0           3 | 
 | SpaceShower:alphaSvalue                       |                  0.11800 |      0.13650   0.0600000     0.25000 | 
 | SpaceShower:dipoleRecoil                      |                       on |          off                         | 
 | SpaceShower:pTmaxMatch                        |                        1 |            0           0           2 | 
 | TimeShower:alphaSorder                        |                        2 |            1           0           3 | 
 | TimeShower:alphaSvalue                        |                  0.11800 |      0.13650   0.0600000     0.25000 | 
 |                                                                                                                 | 
 *-------  End PYTHIA Flag + Mode + Parm + Word + FVec + MVec + PVec + WVec Settings  -----------------------------* 

 --------  PYTHIA Particle Data Table (changed only)  ------------------------------------------------------------------------------
 
      id   name            antiName         spn chg col      m0        mWidth      mMin       mMax       tau0    res dec ext vis wid
             no onMode   bRatio   meMode     products 

       6  t                tbar               2   2   1  173.00000    1.36916   86.00000    0.00000  1.44122e-13   1   1   0   1   0
              0     1   0.0000664    0       24        1 
              1     1   0.0017361    0       24        3 
              2     1   0.9981975    0       24        5 
              3     1   0.0000000    0       37        5 

 --------  End PYTHIA Particle Data Table  -----------------------------------------------------------------------------------------


 --------  LHA event information and listing  ---------------------------------------------------------------------- 

    process =   322200    weight =   1.0325e+02     scale =   7.6575e+01 (GeV) 
                        alpha_em =  -1.0000e+00    alpha_strong =   1.2928e-01

    Participating Particles 
    no        id stat     mothers     colours      p_x        p_y        p_z         e          m        tau    spin 
     1        21   -1     0     0   511   512      0.000      0.000    337.493    337.493      0.000   0.000   9.000
     2        21   -1     0     0   513   514      0.000      0.000   -378.528    378.528      0.000   0.000   9.000
     3         6    2     1     2   511     0     24.197     11.621    134.513    220.316    172.409   0.000   9.000
     4        -6    2     1     2     0   514   -144.417     61.470   -216.730    318.478    172.689   0.000   9.000
     5         5    1     1     2   513     0     65.438    -89.978     10.078    111.821      4.920   0.000   9.000
     6        -5    1     1     2     0   512     54.783     16.887     31.103     65.406      4.920   0.000   9.000
     7         5    1     3     3   511     0     52.868     52.133     31.447     80.783      4.920   0.000  -1.000
     8        24    2     3     3     0     0    -28.671    -40.512    103.066    139.533     79.897   0.000   9.000
     9        -5    1     4     4     0   514    -48.153     69.424    -27.375     88.949      4.920   0.000   1.000
    10       -24    2     4     4     0     0    -96.265     -7.953   -189.355    229.529     86.592   0.000   9.000
    11       -13    1     8     8     0     0     16.459    -17.071     -0.968     23.734      0.106   0.000   1.000
    12        14    1     8     8     0     0    -45.130    -23.440    104.034    115.799      0.000   0.000  -1.000
    13        11    1    10    10     0     0     -8.456    -32.904    -27.507     43.713      0.001   0.000  -1.000
    14       -12    1    10    10     0     0    -87.809     24.951   -161.847    185.816      0.000   0.000   1.000

 --------  End LHA event information and listing  ------------------------------------------------------------------ 

 --------  PYTHIA Info Listing  ---------------------------------------- 
 
 Beam A: id =   2212, pz =  6.500e+03, e =  6.500e+03, m =  9.383e-01.
 Beam B: id =   2212, pz = -6.500e+03, e =  6.500e+03, m =  9.383e-01.

 In 1: id =   21, x =  5.192e-02, pdf =  0.000e+00 at Q2 =  5.864e+03.
 In 2: id =   21, x =  5.824e-02, pdf =  0.000e+00 at same Q2.

 Process Les Houches User Process(es) with code 9999 is 2 -> 4.
 Subprocess user process 322200 with code 322200 is 2 -> 4.
     alphaEM =  7.802e-03,  alphaS =  1.293e-01    at Q2 =  5.864e+03.

 Impact parameter b =  1.121e+00 gives enhancement factor =  3.530e-01.
 Max pT scale for MPI =  1.300e+04, ISR =  7.658e+01, FSR =  7.658e+01.
 Number of MPI =     3, ISR =     6, FSRproc =     0, FSRreson =     0.

 --------  End PYTHIA Info Listing  ------------------------------------

 --------  PYTHIA Event Listing  (hard process)  -----------------------------------------------------------------------------------
 
    no         id  name            status     mothers   daughters     colours      p_x        p_y        p_z         e          m 
     0         90  (system)           -11     0     0     0     0     0     0      0.000      0.000      0.000  13000.000  13000.000
     1       2212  (p+)               -12     0     0     3     0     0     0      0.000      0.000   6500.000   6500.000      0.938
     2       2212  (p+)               -12     0     0     4     0     0     0      0.000      0.000  -6500.000   6500.000      0.938
     3         21  (g)                -21     1     0     5     8   511   512      0.000      0.000    337.493    337.493      0.000
     4         21  (g)                -21     2     0     5     8   513   514      0.000      0.000   -378.528    378.528      0.000
     5          6  (t)                -22     3     4     9    10   511     0     24.197     11.621    134.513    220.316    172.409
     6         -6  (tbar)             -22     3     4    11    12     0   514   -144.417     61.470   -216.730    318.478    172.689
     7          5  b                   23     3     4     0     0   513     0     65.438    -89.978     10.078    111.821      4.920
     8         -5  bbar                23     3     4     0     0     0   512     54.783     16.887     31.103     65.406      4.920
     9          5  b                   23     5     0     0     0   511     0     52.868     52.133     31.447     80.783      4.920
    10         24  (W+)               -22     5     0    13    14     0     0    -28.671    -40.512    103.066    139.533     79.897
    11         -5  bbar                23     6     0     0     0     0   514    -48.153     69.424    -27.375     88.949      4.920
    12        -24  (W-)               -22     6     0    15    16     0     0    -96.265     -7.953   -189.355    229.529     86.592
    13        -13  mu+                 23    10     0     0     0     0     0     16.459    -17.071     -0.968     23.734      0.106
    14         14  nu_mu               23    10     0     0     0     0     0    -45.130    -23.440    104.034    115.799      0.000
    15         11  e-                  23    12     0     0     0     0     0     -8.456    -32.904    -27.507     43.713      0.001
    16        -12  nu_ebar             23    12     0     0     0     0     0    -87.809     24.951   -161.847    185.816      0.000
                                   Charge sum:  0.000           Momentum sum:     -0.000      0.000    -41.036    716.021    714.844

 --------  End PYTHIA Event Listing  -----------------------------------------------------------------------------------------------

 --------  PYTHIA Event Listing  (complete event)  ---------------------------------------------------------------------------------
 
    no         id  name            status     mothers   daughters     colours      p_x        p_y        p_z         e          m 
     0         90  (system)           -11     0     0     0     0     0     0      0.000      0.000      0.000  13000.000  13000.000
     1       2212  (p+)               -12     0     0    59     0     0     0      0.000      0.000   6500.000   6500.000      0.938
     2       2212  (p+)               -12     0     0    60     0     0     0      0.000      0.000  -6500.000   6500.000      0.938
     3         21  (g)                -21     9     0     5     8   511   512      0.000      0.000    337.493    337.493      0.000
     4         21  (g)                -21    10    10     5     8   513   514      0.000      0.000   -378.528    378.528      0.000
     5          6  (t)                -22     3     4    11    11   511     0     24.197     11.621    134.513    220.316    172.409
     6         -6  (tbar)             -22     3     4    12    12     0   514   -144.417     61.470   -216.730    318.478    172.689
     7          5  (b)                -23     3     4    13    13   513     0     65.438    -89.978     10.078    111.821      4.920
     8         -5  (bbar)             -23     3     4    14    14     0   512     54.783     16.887     31.103     65.406      4.920
     9         21  (g)                -41    25     0    15     3   511   515     -0.000     -0.000    495.969    495.969      0.000
    10         21  (g)                -42    26    26     4     4   513   514      0.000      0.000   -378.528    378.528      0.000
    11          6  (t)                -44     5     5    27    27   511     0     24.197     11.621    134.513    220.316    172.409
    12         -6  (tbar)             -44     6     6    28    28     0   514   -144.417     61.470   -216.730    318.478    172.689
    13          5  (b)                -44     7     7    29    29   513     0     65.438    -89.978     10.078    111.821      4.920
    14         -5  (bbar)             -44     8     8    30    30     0   512     69.464    -24.643    103.122    126.850      4.920
    15         21  (g)                -43     9     0    31    31   512   515    -14.682     41.530     86.458     97.032      0.000
    16         21  (g)                -31    20     0    18    19   517   516      0.000      0.000      8.436      8.436      0.000
    17          2  (u)                -31    21    21    18    19   516     0      0.000      0.000   -505.999    505.999      0.000
    18         21  (g)                -33    16    17    22    22   517   518      8.494    -15.416     -1.075     17.634      0.000
    19          2  (u)                -33    16    17    23    23   518     0     -8.494     15.416   -496.489    496.801      0.330
    20         21  (g)                -41    42     0    24    16   517   519      0.000     -0.000     10.106     10.106      0.000
    21          2  (u)                -42    43    43    17    17   516     0      0.000      0.000   -505.999    505.999      0.000
    22         21  (g)                -44    18    18    44    44   517   518     -1.439     -3.202     -0.382      3.531      0.000
    23          2  (u)                -44    19    19    45    45   518     0     -8.494     15.416   -496.489    496.801      0.330
    24         21  (g)                -43    20     0    46    46   516   519      9.933    -12.214      0.978     15.773      0.000
    25         21  (g)                -41    33    33    32     9   520   515      0.000     -0.000    547.119    547.119      0.000
    26         21  (g)                -42    34     0    10    10   513   514      0.000      0.000   -378.528    378.528      0.000
    27          6  (t)                -44    11    11    35    35   511     0     24.197     11.621    134.513    220.316    172.409
    28         -6  (tbar)             -44    12    12    36    36     0   514   -144.417     61.470   -216.730    318.478    172.689
    29          5  (b)                -44    13    13    37    37   513     0     65.438    -89.978     10.078    111.821      4.920
    30         -5  (bbar)             -44    14    14    38    38     0   512     69.464    -24.643    103.122    126.850      4.920
    31         21  (g)                -44    15    15    39    39   512   515     -9.602     36.630     64.955     75.187      0.000
    32         21  (g)                -43    25     0    40    40   520   511     -5.080      4.900     72.654     72.996      0.000
    33         21  (g)                -42    59    59    25    25   520   515      0.000     -0.000    547.119    547.119      0.000
    34         21  (g)                -41    60    60    41    26   513   521     -0.000      0.000   -523.077    523.077      0.000
    35          6  (t)                -44    27    27    61    61   511     0     24.197     11.621    134.513    220.316    172.409
    36         -6  (tbar)             -44    28    28    62    62     0   514   -140.541     59.087   -210.099    311.779    172.689
    37          5  (b)                -44    29    29    63    63   513     0     65.438    -89.978     10.078    111.821      4.920
    38         -5  (bbar)             -44    30    30    64    64     0   512     69.464    -24.643    103.122    126.850      4.920
    39         21  (g)                -44    31    31    65    65   512   515     -9.602     36.630     64.955     75.187      0.000
    40         21  (g)                -44    32    32    66    66   520   511     -5.080      4.900     72.654     72.996      0.000
    41         21  (g)                -43    34     0    67    67   514   521     -3.877      2.383   -151.179    151.248      0.000
    42          1  (d)                -41    48    48    47    20   517     0      0.000     -0.000   1327.006   1327.006      0.000
    43          2  (u)                -42    49     0    21    21   516     0      0.000      0.000   -505.999    505.999      0.000
    44         21  (g)                -44    22    22    50    50   517   518     -1.439     -3.202     -0.382      3.531      0.000
    45          2  (u)                -44    23    23    51    51   518     0     -8.494     15.416   -496.489    496.801      0.330
    46         21  (g)                -44    24    24    52    52   516   519      8.552    -15.555      3.258     18.047      0.000
    47          1  (d)                -43    42     0    53    53   519     0      1.380      3.341   1314.621   1314.626      0.330
    48          1  (d)                -42    68    68    42    42   517     0      0.000     -0.000   1327.006   1327.006      0.000
    49          2  (u)                -41    69    69    54    43   522     0     -0.000      0.000   -517.920    517.920      0.000
    50         21  (g)                -44    44    44    70    70   517   518     -1.439     -3.202     -0.382      3.531      0.000
    51          2  (u)                -44    45    45    71    71   518     0     -8.494     15.416   -496.489    496.801      0.330
    52         21  (g)                -44    46    46    72    72   516   519     10.021    -15.232      2.765     18.441      0.000
    53          1  (d)                -44    47    47    73    73   519     0      1.380      3.341   1314.621   1314.626      0.330
    54         21  (g)                -43    49     0    74    74   522   516     -1.469     -0.323    -11.428     11.527      0.000
    55         -1  (dbar)             -31    75    75    57    58     0   523      0.000      0.000      1.587      1.587      0.000
    56         21  (g)                -31    76    76    57    58   525   524      0.000      0.000   -292.724    292.724      0.000
    57         -1  (dbar)             -33    55    56    77    77     0   524     -0.206     -0.427      1.534      1.640      0.330
    58         21  (g)                -33    55    56    78    78   525   523      0.206      0.427   -292.671    292.671      0.000
    59         21  (g)                -61     1     0    33    33   520   515     -0.256      0.640    547.118    547.118      0.000
    60         21  (g)                -61     2     0    34    34   513   521     -1.381     -1.691   -523.075    523.080      0.000
    61          6  (t)                -62    35    35    82    83   511     0     24.001     11.690    134.461    220.266    172.409
    62         -6  (tbar)             -62    36    36    84    85     0   514   -141.254     58.303   -210.076    311.938    172.689
    63          5  (b)                -62    37    37    99    99   513     0     65.275    -90.071     10.205    111.812      4.920
    64         -5  (bbar)             -62    38    38   109   109     0   512     69.379    -24.547    103.100    126.767      4.920
    65         21  (g)                -62    39    39   108   108   512   515     -9.648     36.695     64.884     75.164      0.000
    66         21  (g)                -62    40    40   137   137   520   511     -5.114      4.984     72.648     72.999      0.000
    67         21  (g)                -62    41    41   174   174   514   521     -4.276      1.894   -151.180    151.252      0.000
    68          1  (d)                -61     1     0    48    48   515     0     -0.433      1.284   1327.006   1327.007      0.000
    69          2  (u)                -61     2     0    49    49   521     0     -0.596      1.955   -517.919    517.923      0.000
    70         21  (g)                -62    50    50   107   107   515   518     -1.442     -3.193     -0.386      3.525      0.000
    71          2  (u)                -62    51    51   106   106   518     0     -9.066     17.290   -496.463    496.847      0.330
    72         21  (g)                -62    52    52   171   171   516   519     10.009    -15.192      2.740     18.398      0.000
    73          1  (d)                -62    53    53   170   170   519     0      0.951      4.613   1314.625   1314.634      0.330
    74         21  (g)                -62    54    54   172   172   522   516     -1.482     -0.279    -11.428     11.527      0.000
    75         -1  (dbar)             -61     1     0    55    55     0   520      0.174      0.420      1.554      1.619      0.000
    76         21  (g)                -61     2     0    56    56   520   513      1.310     -0.277   -292.865    292.868      0.000
    77         -1  (dbar)             -62    57    57   100   100     0   513     -0.032     -0.008      1.569      1.604      0.330
    78         21  (g)                -62    58    58   173   173   521   522      1.515      0.150   -292.879    292.883      0.000
    79       2203  (uu_1)             -63     1     0    91    91     0   526      0.420     -0.858   4304.539   4304.539      0.771
    80          1  (d)                -63     1     0    90    90   526     0      0.095     -1.485    319.742    319.746      0.330
    81       2101  (ud_0)             -63     2     0   138   138     0   520      0.667      0.014  -5166.100   5166.100      0.579
    82          5  (b)                -23    61     0   136   136   511     0     52.796     52.158     31.428     80.745      4.920
    83         24  (W+)               -22    61     0    86    87     0     0    -28.795    -40.468    103.033    139.521     79.897
    84         -5  (bbar)             -23    62     0   175   175     0   514    -47.269     68.538    -25.516     87.219      4.920
    85        -24  (W-)               -22    62     0    88    89     0     0    -93.985    -10.236   -184.560    224.719     86.592
    86        -13  mu+                 23    83     0     0     0     0     0     16.438    -17.064     -0.974     23.714      0.106
    87         14  nu_mu               23    83     0     0     0     0     0    -45.233    -23.404    104.007    115.807      0.000
    88         11  e-                  23    85     0     0     0     0     0     -8.019    -33.342    -26.588     43.392      0.001
    89        -12  nu_ebar             23    85     0     0     0     0     0    -85.966     23.106   -157.972    181.327      0.000
    90          1  (d)                -71    80    80    92    98   526     0      0.095     -1.485    319.742    319.746      0.330
    91       2203  (uu_1)             -71    79    79    92    98     0   526      0.420     -0.858   4304.539   4304.539      0.771
    92       -211  pi-                 83    90    91     0     0     0     0     -0.194     -0.375    139.722    139.722      0.140
    93        211  pi+                 83    90    91     0     0     0     0      0.504     -0.128    380.777    380.777      0.140
    94       -211  pi-                 83    90    91     0     0     0     0      0.058     -0.165     37.203     37.204      0.140
    95        111  (pi0)              -83    90    91   266   267     0     0      0.041     -0.528    114.914    114.915      0.135
    96        211  pi+                 84    90    91     0     0     0     0      0.300     -0.222    900.693    900.693      0.140
    97       2112  n0                  84    90    91     0     0     0     0     -0.544     -0.917   1655.294   1655.294      0.940
    98        211  pi+                 84    90    91     0     0     0     0      0.350     -0.008   1395.679   1395.679      0.140
    99          5  (b)                -71    63    63   101   105   513     0     65.275    -90.071     10.205    111.812      4.920
   100         -1  (dbar)             -71    77    77   101   105     0   513     -0.032     -0.008      1.569      1.604      0.330
   101       -521  (B-)               -83    99   100   268   270     0     0     57.391    -79.496      9.225     98.622      5.279
   102        223  (omega)            -83    99   100   271   273     0     0      7.376     -9.788      1.156     12.335      0.788
   103        211  pi+                 84    99   100     0     0     0     0     -0.006     -0.391     -0.221      0.471      0.140
   104       -211  pi-                 84    99   100     0     0     0     0      0.172     -0.099      0.436      0.499      0.140
   105        213  (rho+)             -84    99   100   215   216     0     0      0.311     -0.305      1.177      1.489      0.801
   106          2  (u)                -71    71    71   110   135   518     0     -9.066     17.290   -496.463    496.847      0.330
   107         21  (g)                -71    70    70   110   135   515   518     -1.442     -3.193     -0.386      3.525      0.000
   108         21  (g)                -71    65    65   110   135   512   515     -9.648     36.695     64.884     75.164      0.000
   109         -5  (bbar)             -71    64    64   110   135     0   512     69.379    -24.547    103.100    126.767      4.920
   110        213  (rho+)             -83   106   109   217   218     0     0     -5.641     10.688   -311.623    311.860      1.264
   111       -211  pi-                 83   106   109     0     0     0     0     -0.421      0.904    -29.954     29.971      0.140
   112        213  (rho+)             -83   106   109   219   220     0     0     -1.141      3.101    -78.169     78.242      0.740
   113       -213  (rho-)             -83   106   109   221   222     0     0     -1.483      2.404    -56.341     56.414      0.554
   114        211  pi+                 83   106   109     0     0     0     0     -0.614     -0.144     -8.263      8.288      0.140
   115       -211  pi-                 83   106   109     0     0     0     0      0.199      0.165     -2.329      2.347      0.140
   116        111  (pi0)              -83   106   109   274   275     0     0     -0.019     -0.353     -0.495      0.623      0.135
   117        111  (pi0)              -83   106   109   276   277     0     0      0.043      0.633     -7.255      7.284      0.135
   118        223  (omega)            -83   106   109   278   280     0     0     -0.193     -0.797     -1.164      1.626      0.786
   119        211  pi+                 83   106   109     0     0     0     0     -0.650     -0.730     -1.409      1.720      0.140
   120       -211  pi-                 83   106   109     0     0     0     0      0.486     -0.397      0.335      0.725      0.140
   121        211  pi+                 83   106   109     0     0     0     0     -0.945     -0.657      0.532      1.275      0.140
   122       -211  pi-                 83   106   109     0     0     0     0     -0.091     -0.149     -0.299      0.373      0.140
   123        211  pi+                 84   106   109     0     0     0     0     -0.556      1.092      2.137      2.467      0.140
   124        113  (rho0)             -84   106   109   223   224     0     0     -0.109      1.506      3.171      3.589      0.741
   125       -211  pi-                 84   106   109     0     0     0     0     -0.774      3.022      5.237      6.097      0.140
   126        213  (rho+)             -84   106   109   225   226     0     0     -0.738      1.717      3.091      3.702      0.808
   127        221  (eta)              -84   106   109   281   283     0     0     -2.693     10.536     18.472     21.442      0.548
   128       -213  (rho-)             -84   106   109   227   228     0     0     -1.891      7.419     13.643     15.687      1.160
   129        111  (pi0)              -84   106   109   284   285     0     0     -0.900      4.822      8.212      9.566      0.135
   130        113  (rho0)             -84   106   109   229   230     0     0     -1.608      4.321      7.861      9.165      0.971
   131        111  (pi0)              -84   106   109   286   287     0     0     -0.219      1.390      2.642      2.997      0.135
   132        111  (pi0)              -84   106   109   288   289     0     0      0.102     -0.116      0.026      0.207      0.135
   133        211  pi+                 84   106   109     0     0     0     0      2.325     -0.402      4.130      4.758      0.140
   134       -211  pi-                 84   106   109     0     0     0     0      0.966     -0.652      1.045      1.572      0.140
   135        521  (B+)               -84   106   109   290   292     0     0     65.787    -23.077     97.903    120.305      5.279
   136          5  (b)                -71    82    82   139   169   511     0     52.796     52.158     31.428     80.745      4.920
   137         21  (g)                -71    66    66   139   169   520   511     -5.114      4.984     72.648     72.999      0.000
   138       2101  (ud_0)             -71    81    81   139   169     0   520      0.667      0.014  -5166.100   5166.100      0.579
   139       -523  (B*-)              -83   136   138   293   294     0     0     42.504     42.127     25.048     65.092      5.325
   140        113  (rho0)             -83   136   138   231   232     0     0      1.769      1.605      1.740      3.038      0.703
   141        111  (pi0)              -83   136   138   295   296     0     0      5.101      4.938      2.766      7.621      0.135
   142        213  (rho+)             -83   136   138   233   234     0     0      2.543      2.672      2.130      4.323      0.735
   143       -213  (rho-)             -83   136   138   235   236     0     0      0.366      0.534      0.629      1.199      0.788
   144        111  (pi0)              -83   136   138   297   298     0     0      0.007     -0.052      1.689      1.695      0.135
   145        211  pi+                 83   136   138     0     0     0     0      0.117      0.634      0.808      1.043      0.140
   146       -211  pi-                 83   136   138     0     0     0     0      0.509      0.181      3.583      3.626      0.140
   147       2212  p+                  83   136   138     0     0     0     0     -1.918      0.985     15.660     15.835      0.938
   148        211  pi+                 83   136   138     0     0     0     0     -0.712      0.938     13.530     13.581      0.140
   149      -3224  (Sigma*bar-)       -83   136   138   237   238     0     0     -1.694      1.677     25.801     25.949      1.407
   150       -323  (K*-)              -83   136   138   239   240     0     0     -0.216      0.389      2.246      2.451      0.875
   151        323  (K*+)              -83   136   138   241   242     0     0     -0.451      0.512      3.126      3.343      0.972
   152       -321  K-                  83   136   138     0     0     0     0     -0.013     -0.113      2.349      2.403      0.494
   153        211  pi+                 83   136   138     0     0     0     0     -0.148     -0.014      1.914      1.925      0.140
   154        221  (eta)              -84   136   138   299   301     0     0     -0.098     -0.298     -0.024      0.632      0.548
   155       -211  pi-                 84   136   138     0     0     0     0      0.059      0.702     -0.028      0.719      0.140
   156        111  (pi0)              -84   136   138   302   303     0     0     -0.238     -0.601     -2.319      2.411      0.135
   157        223  (omega)            -84   136   138   304   306     0     0      0.441      0.402     -4.183      4.298      0.789
   158       2212  p+                  84   136   138     0     0     0     0      0.132     -0.389     -3.842      3.977      0.938
   159      -2212  pbar-               84   136   138     0     0     0     0     -0.278      0.407    -58.107     58.117      0.938
   160        211  pi+                 84   136   138     0     0     0     0      0.006     -0.151     -2.577      2.585      0.140
   161        111  (pi0)              -84   136   138   307   308     0     0      0.284      0.181    -17.935     17.939      0.135
   162       -213  (rho-)             -84   136   138   243   244     0     0     -0.153     -0.542    -59.227     59.235      0.766
   163        211  pi+                 84   136   138     0     0     0     0     -0.681      0.123    -68.866     68.869      0.140
   164        111  (pi0)              -84   136   138   309   310     0     0      0.263      0.091    -65.617     65.618      0.135
   165        221  (eta)              -84   136   138   311   312     0     0      0.113      0.117   -106.175    106.177      0.548
   166       3112  Sigma-              84   136   138     0     0     0     0     -0.296      0.097   -428.322    428.323      1.197
   167      -3112  Sigmabar+           84   136   138     0     0     0     0      0.777     -0.416  -2167.134   2167.135      1.197
   168        111  (pi0)              -84   136   138   313   314     0     0      0.268      0.064   -264.776    264.776      0.135
   169       2112  n0                  84   136   138     0     0     0     0     -0.016      0.360  -1915.910   1915.910      0.940
   170          1  (d)                -71    73    73   176   214   519     0      0.951      4.613   1314.625   1314.634      0.330
   171         21  (g)                -71    72    72   176   214   516   519     10.009    -15.192      2.740     18.398      0.000
   172         21  (g)                -71    74    74   176   214   522   516     -1.482     -0.279    -11.428     11.527      0.000
   173         21  (g)                -71    78    78   176   214   521   522      1.515      0.150   -292.879    292.883      0.000
   174         21  (g)                -71    67    67   176   214   514   521     -4.276      1.894   -151.180    151.252      0.000
   175         -5  (bbar)             -71    84    84   176   214     0   514    -47.269     68.538    -25.516     87.219      4.920
   176        111  (pi0)              -83   170   175   315   316     0     0      0.933      4.294   1184.929   1184.938      0.135
   177       -211  pi-                 83   170   175     0     0     0     0     -0.486      0.108     44.953     44.956      0.140
   178        111  (pi0)              -83   170   175   317   318     0     0      0.099     -0.089     37.020     37.021      0.135
   179        111  (pi0)              -83   170   175   319   320     0     0      0.076      0.246      4.307      4.317      0.135
   180        321  K+                  83   170   175     0     0     0     0      0.445     -0.164      9.099      9.125      0.494
   181       -321  K-                  83   170   175     0     0     0     0     -0.609      0.532     28.184     28.200      0.494
   182       3212  (Sigma0)           -83   170   175   321   322     0     0      0.744     -0.310      2.675      3.038      1.193
   183      -3212  (Sigmabar0)        -83   170   175   323   324     0     0      0.252     -0.873      2.798      3.174      1.193
   184        323  (K*+)              -83   170   175   245   246     0     0     -0.034     -0.832      0.077      1.115      0.738
   185       -313  (K*bar0)           -83   170   175   247   248     0     0      3.064     -4.250      1.262      5.462      0.891
   186       -211  pi-                 83   170   175     0     0     0     0      1.730     -1.626      0.499      2.430      0.140
   187        211  pi+                 83   170   175     0     0     0     0     -0.120      0.049      0.027      0.192      0.140
   188       2112  n0                  83   170   175     0     0     0     0      1.129     -2.488      0.404      2.918      0.940
   189      -2112  nbar0               83   170   175     0     0     0     0      2.277     -2.813     -0.030      3.739      0.940
   190       -213  (rho-)             -83   170   175   249   250     0     0      1.423     -1.539      0.685      2.377      0.888
   191        223  (omega)            -83   170   175   325   326     0     0     -0.258     -1.003     -3.269      3.516      0.776
   192        113  (rho0)             -83   170   175   251   252     0     0     -0.199      0.070     -2.486      2.585      0.676
   193        223  (omega)            -83   170   175   327   328     0     0     -0.414      0.143     -3.284      3.405      0.788
   194        323  (K*+)              -83   170   175   253   254     0     0      0.366      0.084     -9.761      9.811      0.914
   195       3114  (Sigma*-)          -83   170   175   255   256     0     0     -0.043     -0.922    -31.684     31.728      1.391
   196      -2112  nbar0               83   170   175     0     0     0     0     -0.835      1.136    -38.944     38.981      0.940
   197        321  K+                  84   170   175     0     0     0     0      0.516     -0.095    -83.509     83.512      0.494
   198       -321  K-                  84   170   175     0     0     0     0     -0.998     -0.219    -27.493     27.516      0.494
   199        213  (rho+)             -84   170   175   257   258     0     0      0.457      0.459    -92.057     92.062      0.682
   200        111  (pi0)              -84   170   175   329   330     0     0     -1.130      0.463    -41.533     41.551      0.135
   201        223  (omega)            -84   170   175   331   333     0     0      0.668     -0.040    -47.664     47.675      0.783
   202        113  (rho0)             -84   170   175   259   260     0     0     -0.490      0.070    -16.285     16.305      0.643
   203       3212  (Sigma0)           -84   170   175   334   335     0     0     -1.603      0.852    -29.581     29.660      1.193
   204        113  (rho0)             -84   170   175   261   262     0     0     -0.139     -0.386    -12.826     12.858      0.803
   205      -3122  Lambdabar0          84   170   175     0     0     0     0     -0.010      0.324     -7.149      7.242      1.116
   206       -213  (rho-)             -84   170   175   263   264     0     0     -0.324     -0.132     -4.071      4.211      1.021
   207        111  (pi0)              -84   170   175   336   337     0     0      0.062      0.756     -1.211      1.436      0.135
   208       2212  p+                  84   170   175     0     0     0     0     -0.626      0.451     -1.947      2.295      0.938
   209      -2112  nbar0               84   170   175     0     0     0     0     -1.727      2.655     -1.499      3.628      0.940
   210        223  (omega)            -84   170   175   338   340     0     0     -0.960      1.328     -1.039      2.094      0.788
   211        223  (omega)            -84   170   175   341   343     0     0     -3.806      5.183     -1.716      6.701      0.783
   212        111  (pi0)              -84   170   175   344   345     0     0     -0.919      1.644     -0.500      1.953      0.135
   213       -211  pi-                 84   170   175     0     0     0     0     -2.510      3.573     -0.941      4.469      0.140
   214        523  (B*+)              -84   170   175   346   347     0     0    -36.551     53.085    -20.078     67.716      5.325
   215        211  pi+                 91   105     0     0     0     0     0      0.146     -0.317      1.215      1.272      0.140
   216        111  (pi0)              -91   105     0   348   349     0     0      0.165      0.012     -0.038      0.217      0.135
   217        211  pi+                 91   110     0     0     0     0     0     -5.415     10.092   -300.011    300.229      0.140
   218        111  (pi0)              -91   110     0   350   351     0     0     -0.226      0.595    -11.613     11.631      0.135
   219        211  pi+                 91   112     0     0     0     0     0     -0.809      1.361    -41.180     41.211      0.140
   220        111  (pi0)              -91   112     0   352   353     0     0     -0.332      1.740    -36.989     37.031      0.135
   221       -211  pi-                 91   113     0     0     0     0     0     -0.271      0.274     -6.301      6.315      0.140
   222        111  (pi0)              -91   113     0   354   355     0     0     -1.212      2.131    -50.039     50.099      0.135
   223        211  pi+                 91   124     0     0     0     0     0     -0.320      0.359      0.803      0.947      0.140
   224       -211  pi-                 91   124     0     0     0     0     0      0.211      1.147      2.367      2.642      0.140
   225        211  pi+                 91   126     0     0     0     0     0     -0.803      1.643      2.591      3.175      0.140
   226        111  (pi0)              -91   126     0   356   357     0     0      0.065      0.075      0.500      0.527      0.135
   227       -211  pi-                 91   128     0     0     0     0     0     -0.095      1.441      3.319      3.622      0.140
   228        111  (pi0)              -91   128     0   358   359     0     0     -1.797      5.978     10.324     12.065      0.135
   229        211  pi+                 91   130     0     0     0     0     0     -0.438      1.614      3.702      4.064      0.140
   230       -211  pi-                 91   130     0     0     0     0     0     -1.170      2.707      4.160      5.101      0.140
   231        211  pi+                 91   140     0     0     0     0     0      0.314      0.568      0.259      0.713      0.140
   232       -211  pi-                 91   140     0     0     0     0     0      1.455      1.036      1.481      2.325      0.140
   233        211  pi+                 91   142     0     0     0     0     0      1.867      1.541      1.213      2.711      0.140
   234        111  (pi0)              -91   142     0   360   361     0     0      0.675      1.131      0.917      1.611      0.135
   235       -211  pi-                 91   143     0     0     0     0     0     -0.188      0.014      0.234      0.332      0.140
   236        111  (pi0)              -91   143     0   362   363     0     0      0.554      0.520      0.395      0.867      0.135
   237      -3122  Lambdabar0          91   149     0     0     0     0     0     -1.393      1.156     18.446     18.568      1.116
   238       -211  pi-                 91   149     0     0     0     0     0     -0.301      0.521      7.355      7.381      0.140
   239       -321  K-                  91   150     0     0     0     0     0     -0.301      0.020      1.389      1.505      0.494
   240        111  (pi0)              -91   150     0   364   365     0     0      0.085      0.369      0.856      0.946      0.135
   241        321  K+                  91   151     0     0     0     0     0     -0.384     -0.024      1.495      1.621      0.494
   242        111  (pi0)              -91   151     0   366   367     0     0     -0.068      0.535      1.630      1.722      0.135
   243       -211  pi-                 91   162     0     0     0     0     0     -0.275     -0.245    -12.222     12.228      0.140
   244        111  (pi0)              -91   162     0   368   369     0     0      0.122     -0.297    -47.005     47.007      0.135
   245        321  K+                  91   184     0     0     0     0     0     -0.170     -0.689      0.116      0.872      0.494
   246        111  (pi0)              -91   184     0   370   371     0     0      0.137     -0.143     -0.039      0.243      0.135
   247       -321  K-                  91   185     0     0     0     0     0      1.792     -2.046      0.586      2.826      0.494
   248        211  pi+                 91   185     0     0     0     0     0      1.272     -2.204      0.676      2.637      0.140
   249       -211  pi-                 91   190     0     0     0     0     0      0.780     -1.165      0.788      1.614      0.140
   250        111  (pi0)              -91   190     0   372   373     0     0      0.643     -0.374     -0.103      0.763      0.135
   251        211  pi+                 91   192     0     0     0     0     0      0.156      0.209     -1.218      1.253      0.140
   252       -211  pi-                 91   192     0     0     0     0     0     -0.355     -0.139     -1.268      1.332      0.140
   253        311  (K0)               -91   194     0   265   265     0     0      0.039      0.011     -7.841      7.857      0.498
   254        211  pi+                 91   194     0     0     0     0     0      0.327      0.073     -1.920      1.954      0.140
   255       3122  Lambda0             91   195     0     0     0     0     0     -0.014     -0.724    -29.582     29.612      1.116
   256       -211  pi-                 91   195     0     0     0     0     0     -0.029     -0.197     -2.101      2.115      0.140
   257        211  pi+                 91   199     0     0     0     0     0      0.076     -0.075    -41.431     41.432      0.140
   258        111  (pi0)              -91   199     0   374   375     0     0      0.381      0.535    -50.626     50.630      0.135
   259        211  pi+                 91   202     0     0     0     0     0      0.013     -0.166     -2.998      3.005      0.140
   260       -211  pi-                 91   202     0     0     0     0     0     -0.503      0.236    -13.288     13.300      0.140
   261        211  pi+                 91   204     0     0     0     0     0      0.236     -0.334     -9.003      9.013      0.140
   262       -211  pi-                 91   204     0     0     0     0     0     -0.375     -0.052     -3.823      3.845      0.140
   263       -211  pi-                 91   206     0     0     0     0     0     -0.329      0.032     -3.952      3.969      0.140
   264        111  (pi0)              -91   206     0   376   377     0     0      0.005     -0.163     -0.118      0.243      0.135
   265        130  K_L0                91   253   253     0     0     0     0      0.039      0.011     -7.841      7.857      0.498
   266         22  gamma               91    95     0     0     0     0     0      0.056     -0.105     31.609     31.609      0.000
   267         22  gamma               91    95     0     0     0     0     0     -0.015     -0.423     83.305     83.306      0.000
   268        -16  nu_taubar           91   101     0     0     0     0     0     13.953    -19.502      2.790     24.141      0.000
   269         15  (tau-)             -91   101     0   378   380     0     0     12.669    -18.463      1.278     22.498      1.777
   270        423  (D*0)              -91   101     0   381   382     0     0     30.770    -41.531      5.157     51.983      2.007
   271        211  pi+                 91   102     0     0     0     0     0      2.606     -3.718      0.515      4.571      0.140
   272       -211  pi-                 91   102     0     0     0     0     0      1.953     -2.170      0.327      2.940      0.140
   273        111  (pi0)              -91   102     0   383   384     0     0      2.817     -3.900      0.315      4.823      0.135
   274         22  gamma               91   116     0     0     0     0     0     -0.069     -0.176     -0.199      0.275      0.000
   275         22  gamma               91   116     0     0     0     0     0      0.050     -0.176     -0.296      0.348      0.000
   276         22  gamma               91   117     0     0     0     0     0     -0.008      0.129     -0.972      0.981      0.000
   277         22  gamma               91   117     0     0     0     0     0      0.052      0.504     -6.283      6.303      0.000
   278        211  pi+                 91   118     0     0     0     0     0     -0.268     -0.185     -0.165      0.391      0.140
   279       -211  pi-                 91   118     0     0     0     0     0     -0.068     -0.410     -0.526      0.685      0.140
   280        111  (pi0)              -91   118     0   385   386     0     0      0.143     -0.202     -0.473      0.551      0.135
   281        211  pi+                 91   127     0     0     0     0     0     -0.634      2.496      4.533      5.215      0.140
   282       -211  pi-                 91   127     0     0     0     0     0     -1.653      6.544     11.420     13.266      0.140
   283        111  (pi0)              -91   127     0   387   388     0     0     -0.406      1.496      2.518      2.961      0.135
   284         22  gamma               91   129     0     0     0     0     0     -0.370      1.898      3.112      3.664      0.000
   285         22  gamma               91   129     0     0     0     0     0     -0.530      2.924      5.099      5.902      0.000
   286         22  gamma               91   131     0     0     0     0     0     -0.115      0.613      1.308      1.449      0.000
   287         22  gamma               91   131     0     0     0     0     0     -0.104      0.778      1.334      1.548      0.000
   288         22  gamma               91   132     0     0     0     0     0      0.072     -0.020     -0.042      0.086      0.000
   289         22  gamma               91   132     0     0     0     0     0      0.030     -0.096      0.068      0.121      0.000
   290         14  nu_mu               91   135     0     0     0     0     0     26.888     -8.173     41.725     50.306      0.000
   291        -13  mu+                 91   135     0     0     0     0     0     20.428     -7.980     29.520     36.775      0.106
   292       -423  (D*bar0)           -91   135     0   389   390     0     0     18.472     -6.924     26.658     33.224      2.007
   293       -521  (B-)               -91   139     0   391   393     0     0     42.398     42.021     25.019     64.940      5.279
   294         22  gamma               91   139     0     0     0     0     0      0.106      0.106      0.029      0.152      0.000
   295         22  gamma               91   141     0     0     0     0     0      0.001      0.007      0.004      0.008      0.000
   296         22  gamma               91   141     0     0     0     0     0      5.100      4.931      2.762      7.613      0.000
   297         22  gamma               91   144     0     0     0     0     0      0.023     -0.067      0.413      0.419      0.000
   298         22  gamma               91   144     0     0     0     0     0     -0.016      0.014      1.276      1.276      0.000
   299        111  (pi0)              -91   154     0   394   395     0     0     -0.083     -0.207     -0.159      0.306      0.135
   300        111  (pi0)              -91   154     0   396   397     0     0     -0.042     -0.033      0.047      0.152      0.135
   301        111  (pi0)              -91   154     0   398   399     0     0      0.027     -0.058      0.088      0.174      0.135
   302         22  gamma               91   156     0     0     0     0     0     -0.036     -0.065     -0.459      0.465      0.000
   303         22  gamma               91   156     0     0     0     0     0     -0.202     -0.536     -1.860      1.946      0.000
   304        211  pi+                 91   157     0     0     0     0     0      0.144      0.188     -0.645      0.701      0.140
   305       -211  pi-                 91   157     0     0     0     0     0     -0.077      0.072     -0.495      0.525      0.140
   306        111  (pi0)              -91   157     0   400   401     0     0      0.375      0.142     -3.043      3.072      0.135
   307         22  gamma               91   161     0     0     0     0     0      0.084      0.044     -2.538      2.540      0.000
   308         22  gamma               91   161     0     0     0     0     0      0.200      0.137    -15.397     15.399      0.000
   309         22  gamma               91   164     0     0     0     0     0      0.101      0.053    -41.473     41.474      0.000
   310         22  gamma               91   164     0     0     0     0     0      0.162      0.038    -24.143     24.144      0.000
   311         22  gamma               91   165     0     0     0     0     0     -0.068      0.221    -20.870     20.871      0.000
   312         22  gamma               91   165     0     0     0     0     0      0.181     -0.104    -85.306     85.306      0.000
   313         22  gamma               91   168     0     0     0     0     0      0.171      0.101   -193.548    193.548      0.000
   314         22  gamma               91   168     0     0     0     0     0      0.097     -0.037    -71.228     71.228      0.000
   315         22  gamma               91   176     0     0     0     0     0      0.610      2.970    803.196    803.201      0.000
   316         22  gamma               91   176     0     0     0     0     0      0.323      1.324    381.734    381.736      0.000
   317         22  gamma               91   178     0     0     0     0     0      0.110     -0.020     27.462     27.463      0.000
   318         22  gamma               91   178     0     0     0     0     0     -0.011     -0.069      9.558      9.558      0.000
   319         22  gamma               91   179     0     0     0     0     0     -0.027      0.134      1.786      1.791      0.000
   320         22  gamma               91   179     0     0     0     0     0      0.103      0.112      2.521      2.525      0.000
   321       3122  Lambda0             91   182     0     0     0     0     0      0.684     -0.364      2.538      2.878      1.116
   322         22  gamma               91   182     0     0     0     0     0      0.060      0.054      0.137      0.159      0.000
   323      -3122  Lambdabar0          91   183     0     0     0     0     0      0.262     -0.905      2.768      3.129      1.116
   324         22  gamma               91   183     0     0     0     0     0     -0.010      0.032      0.030      0.045      0.000
   325        111  (pi0)              -91   191     0   402   403     0     0     -0.315     -1.039     -3.270      3.448      0.135
   326         22  gamma               91   191     0     0     0     0     0      0.057      0.035      0.002      0.067      0.000
   327        111  (pi0)              -91   193     0   404   405     0     0     -0.458      0.279     -3.183      3.231      0.135
   328         22  gamma               91   193     0     0     0     0     0      0.044     -0.136     -0.101      0.175      0.000
   329         22  gamma               91   200     0     0     0     0     0     -0.303      0.064    -11.123     11.127      0.000
   330         22  gamma               91   200     0     0     0     0     0     -0.826      0.398    -30.410     30.424      0.000
   331        211  pi+                 91   201     0     0     0     0     0      0.116      0.174    -14.551     14.553      0.140
   332       -211  pi-                 91   201     0     0     0     0     0     -0.019     -0.096     -8.228      8.230      0.140
   333        111  (pi0)              -91   201     0   406   407     0     0      0.570     -0.117    -24.885     24.892      0.135
   334       3122  Lambda0             91   203     0     0     0     0     0     -1.512      0.872    -28.715     28.790      1.116
   335         22  gamma               91   203     0     0     0     0     0     -0.091     -0.020     -0.866      0.871      0.000
   336         22  gamma               91   207     0     0     0     0     0      0.073      0.636     -1.093      1.266      0.000
   337         22  gamma               91   207     0     0     0     0     0     -0.011      0.120     -0.119      0.169      0.000
   338        211  pi+                 91   210     0     0     0     0     0     -0.388      0.274     -0.131      0.512      0.140
   339       -211  pi-                 91   210     0     0     0     0     0     -0.329      0.905     -0.614      1.151      0.140
   340        111  (pi0)              -91   210     0   408   409     0     0     -0.243      0.149     -0.294      0.431      0.135
   341        211  pi+                 91   211     0     0     0     0     0     -1.382      1.736     -0.788      2.359      0.140
   342       -211  pi-                 91   211     0     0     0     0     0     -0.397      0.801     -0.241      0.936      0.140
   343        111  (pi0)              -91   211     0   410   411     0     0     -2.027      2.646     -0.687      3.406      0.135
   344         22  gamma               91   212     0     0     0     0     0     -0.219      0.425     -0.186      0.514      0.000
   345         22  gamma               91   212     0     0     0     0     0     -0.700      1.218     -0.314      1.440      0.000
   346        521  (B+)               -91   214     0   412   413     0     0    -36.290     52.638    -19.944     67.182      5.279
   347         22  gamma               91   214     0     0     0     0     0     -0.261      0.447     -0.135      0.535      0.000
   348         22  gamma               91   216     0     0     0     0     0      0.168      0.050     -0.035      0.178      0.000
   349         22  gamma               91   216     0     0     0     0     0     -0.002     -0.038     -0.003      0.039      0.000
   350         22  gamma               91   218     0     0     0     0     0     -0.130      0.428     -7.065      7.079      0.000
   351         22  gamma               91   218     0     0     0     0     0     -0.097      0.168     -4.548      4.552      0.000
   352         22  gamma               91   220     0     0     0     0     0     -0.180      0.714    -16.441     16.458      0.000
   353         22  gamma               91   220     0     0     0     0     0     -0.152      1.025    -20.547     20.573      0.000
   354         22  gamma               91   222     0     0     0     0     0     -0.077      0.203     -4.039      4.045      0.000
   355         22  gamma               91   222     0     0     0     0     0     -1.135      1.928    -46.000     46.055      0.000
   356         22  gamma               91   226     0     0     0     0     0     -0.039      0.045      0.180      0.190      0.000
   357         22  gamma               91   226     0     0     0     0     0      0.104      0.030      0.319      0.337      0.000
   358         22  gamma               91   228     0     0     0     0     0     -0.350      1.283      2.284      2.643      0.000
   359         22  gamma               91   228     0     0     0     0     0     -1.447      4.695      8.040      9.422      0.000
   360         22  gamma               91   234     0     0     0     0     0      0.365      0.738      0.558      0.994      0.000
   361         22  gamma               91   234     0     0     0     0     0      0.310      0.394      0.360      0.617      0.000
   362         22  gamma               91   236     0     0     0     0     0      0.319      0.271      0.288      0.508      0.000
   363         22  gamma               91   236     0     0     0     0     0      0.236      0.249      0.107      0.359      0.000
   364         22  gamma               91   240     0     0     0     0     0     -0.029      0.047      0.180      0.188      0.000
   365         22  gamma               91   240     0     0     0     0     0      0.114      0.322      0.677      0.758      0.000
   366         22  gamma               91   242     0     0     0     0     0     -0.028      0.196      0.409      0.454      0.000
   367         22  gamma               91   242     0     0     0     0     0     -0.040      0.340      1.221      1.268      0.000
   368         22  gamma               91   244     0     0     0     0     0      0.141     -0.291    -41.726     41.727      0.000
   369         22  gamma               91   244     0     0     0     0     0     -0.019     -0.006     -5.279      5.280      0.000
   370         22  gamma               91   246     0     0     0     0     0      0.162     -0.142     -0.035      0.218      0.000
   371         22  gamma               91   246     0     0     0     0     0     -0.025     -0.001     -0.004      0.025      0.000
   372         22  gamma               91   250     0     0     0     0     0      0.354     -0.159     -0.108      0.403      0.000
   373         22  gamma               91   250     0     0     0     0     0      0.288     -0.215      0.005      0.360      0.000
   374         22  gamma               91   258     0     0     0     0     0      0.299      0.415    -34.650     34.654      0.000
   375         22  gamma               91   258     0     0     0     0     0      0.081      0.120    -15.976     15.976      0.000
   376         22  gamma               91   264     0     0     0     0     0      0.012     -0.017     -0.092      0.094      0.000
   377         22  gamma               91   264     0     0     0     0     0     -0.007     -0.146     -0.026      0.148      0.000
   378         16  nu_tau              91   269     0     0     0     0     0      8.188    -11.392      1.355     14.095      0.000
   379        111  (pi0)              -91   269     0   414   415     0     0      2.214     -3.483     -0.378      4.146      0.135
   380       -211  pi-                 91   269     0     0     0     0     0      2.266     -3.588      0.302      4.256      0.140
   381        421  (D0)               -91   270     0   416   417     0     0     26.774    -36.188      4.436     45.272      1.865
   382         22  gamma               91   270     0     0     0     0     0      3.996     -5.343      0.721      6.711      0.000
   383         22  gamma               91   273     0     0     0     0     0      0.308     -0.398     -0.005      0.503      0.000
   384         22  gamma               91   273     0     0     0     0     0      2.509     -3.503      0.320      4.320      0.000
   385         22  gamma               91   280     0     0     0     0     0      0.053     -0.149     -0.181      0.241      0.000
   386         22  gamma               91   280     0     0     0     0     0      0.090     -0.052     -0.292      0.310      0.000
   387         22  gamma               91   283     0     0     0     0     0     -0.391      1.258      2.120      2.496      0.000
   388         22  gamma               91   283     0     0     0     0     0     -0.015      0.238      0.398      0.464      0.000
   389       -421  (Dbar0)            -91   292     0   418   420     0     0     17.416     -6.541     25.189     31.370      1.865
   390        111  (pi0)              -91   292     0   421   422     0     0      1.055     -0.384      1.469      1.854      0.135
   391       -321  K-                  91   293     0     0     0     0     0      8.230      6.850      4.247     11.530      0.494
   392       -423  (D*bar0)           -91   293     0   423   424     0     0     18.397     19.677     11.815     29.483      2.007
   393        421  (D0)               -91   293     0   425   427     0     0     15.771     15.495      8.957     23.928      1.865
   394         22  gamma               91   299     0     0     0     0     0     -0.035     -0.188     -0.073      0.205      0.000
   395         22  gamma               91   299     0     0     0     0     0     -0.048     -0.019     -0.087      0.101      0.000
   396         22  gamma               91   300     0     0     0     0     0     -0.032     -0.048      0.089      0.106      0.000
   397         22  gamma               91   300     0     0     0     0     0     -0.009      0.016     -0.042      0.046      0.000
   398         22  gamma               91   301     0     0     0     0     0      0.036     -0.062      0.120      0.140      0.000
   399         22  gamma               91   301     0     0     0     0     0     -0.009      0.004     -0.032      0.034      0.000
   400         22  gamma               91   306     0     0     0     0     0      0.086      0.039     -0.378      0.389      0.000
   401         22  gamma               91   306     0     0     0     0     0      0.288      0.103     -2.665      2.683      0.000
   402         22  gamma               91   325     0     0     0     0     0     -0.286     -0.986     -3.163      3.326      0.000
   403         22  gamma               91   325     0     0     0     0     0     -0.029     -0.052     -0.107      0.122      0.000
   404         22  gamma               91   327     0     0     0     0     0     -0.403      0.232     -2.960      2.996      0.000
   405         22  gamma               91   327     0     0     0     0     0     -0.054      0.047     -0.223      0.234      0.000
   406         22  gamma               91   333     0     0     0     0     0      0.071     -0.015     -1.663      1.665      0.000
   407         22  gamma               91   333     0     0     0     0     0      0.499     -0.103    -23.222     23.227      0.000
   408         22  gamma               91   340     0     0     0     0     0     -0.236      0.130     -0.306      0.408      0.000
   409         22  gamma               91   340     0     0     0     0     0     -0.007      0.018      0.012      0.023      0.000
   410         22  gamma               91   343     0     0     0     0     0     -1.937      2.556     -0.680      3.279      0.000
   411         22  gamma               91   343     0     0     0     0     0     -0.090      0.090     -0.006      0.127      0.000
   412        431  (D_s+)             -91   346     0   428   430     0     0    -24.227     37.564    -13.873     46.844      1.968
   413       -423  (D*bar0)           -91   346     0   431   432     0     0    -12.063     15.074     -6.070     20.338      2.007
   414         22  gamma               91   379     0     0     0     0     0      1.174     -1.767     -0.142      2.126      0.000
   415         22  gamma               91   379     0     0     0     0     0      1.041     -1.716     -0.237      2.021      0.000
   416       -323  (K*-)              -91   381     0   433   434     0     0     15.732    -20.868      2.594     26.277      0.891
   417        213  (rho+)             -91   381     0   435   436     0     0     11.042    -15.320      1.842     18.996      0.889
   418        321  K+                  91   389     0     0     0     0     0      6.816     -2.030      9.172     11.617      0.494
   419        221  (eta)              -91   389     0   437   438     0     0      5.484     -2.280      8.742     10.583      0.548
   420       -211  pi-                 91   389     0     0     0     0     0      5.116     -2.230      7.275      9.171      0.140
   421         22  gamma               91   390     0     0     0     0     0      0.907     -0.347      1.191      1.537      0.000
   422         22  gamma               91   390     0     0     0     0     0      0.148     -0.036      0.278      0.317      0.000
   423       -421  (Dbar0)            -91   392     0   439   441     0     0     17.467     18.703     11.366     28.063      1.865
   424         22  gamma               91   392     0     0     0     0     0      0.930      0.974      0.448      1.419      0.000
   425        211  pi+                 91   393     0     0     0     0     0      3.620      3.003      1.356      4.897      0.140
   426       -211  pi-                 91   393     0     0     0     0     0      4.543      4.712      2.598      7.044      0.140
   427        130  K_L0                91   393     0     0     0     0     0      7.608      7.779      5.004     11.987      0.498
   428        -11  e+                  91   412     0     0     0     0     0     -7.216     12.011     -4.223     14.634      0.001
   429         12  nu_e                91   412     0     0     0     0     0     -5.918      9.405     -3.408     11.623      0.000
   430        333  (phi)              -91   412     0   442   443     0     0    -11.093     16.148     -6.242     20.586      1.012
   431       -421  (Dbar0)            -91   413     0   444   446     0     0    -10.606     13.139     -5.338     17.807      1.865
   432         22  gamma               91   413     0     0     0     0     0     -1.457      1.936     -0.732      2.531      0.000
   433       -311  (Kbar0)            -91   416     0   447   447     0     0      7.106     -9.314      1.380     11.807      0.498
   434       -211  pi-                 91   416     0     0     0     0     0      8.626    -11.553      1.214     14.470      0.140
   435        211  pi+                 91   417     0     0     0     0     0      6.032     -7.916      0.640      9.974      0.140
   436        111  (pi0)              -91   417     0   448   449     0     0      5.010     -7.404      1.201      9.021      0.135
   437         22  gamma               91   419     0     0     0     0     0      0.625     -0.367      0.819      1.094      0.000
   438         22  gamma               91   419     0     0     0     0     0      4.859     -1.913      7.923      9.489      0.000
   439        321  K+                  91   423     0     0     0     0     0     10.633     11.859      6.685     17.281      0.494
   440       -211  pi-                 91   423     0     0     0     0     0      4.261      4.837      3.134      7.169      0.140
   441        111  (pi0)              -91   423     0   450   451     0     0      2.572      2.008      1.547      3.614      0.135
   442        321  K+                  91   430     0     0     0     0     0     -4.846      6.937     -2.758      8.914      0.494
   443       -321  K-                  91   430     0     0     0     0     0     -6.247      9.211     -3.484     11.673      0.494
   444       -211  pi-                 91   431     0     0     0     0     0     -3.594      4.537     -1.391      5.954      0.140
   445        211  pi+                 91   431     0     0     0     0     0     -4.208      4.354     -2.321      6.487      0.140
   446        130  K_L0                91   431     0     0     0     0     0     -2.804      4.247     -1.625      5.366      0.498
   447        130  K_L0                91   433   433     0     0     0     0      7.106     -9.314      1.380     11.807      0.498
   448         22  gamma               91   436     0     0     0     0     0      3.484     -5.072      0.872      6.215      0.000
   449         22  gamma               91   436     0     0     0     0     0      1.525     -2.333      0.329      2.806      0.000
   450         22  gamma               91   441     0     0     0     0     0      2.212      1.740      1.384      3.136      0.000
   451         22  gamma               91   441     0     0     0     0     0      0.360      0.268      0.164      0.478      0.000
                                   Charge sum:  2.000           Momentum sum:     -0.000      0.000     -0.000  13000.000  13000.000

 --------  End PYTHIA Event Listing  -----------------------------------------------------------------------------------------------
#--------------------------------------------------------------------------
#                     FastJet release 3.4.0 [fjcore]
#                 M. Cacciari, G.P. Salam and G. Soyez                  
#     A software package for jet finding and analysis at colliders      
#                           http://fastjet.fr                           
#	                                                                      
# Please cite EPJC72(2012)1896 [arXiv:1111.6097] if you use this package
# for scientific work and optionally PLB641(2006)57 [hep-ph/0512210].   
#                                                                       
# FastJet is provided without warranty under the GNU GPL v2 or higher.  
# It uses T. Chan's closest pair algorithm, S. Fortune's Voronoi code
# and 3rd party plugin jet algorithms. See COPYING file for details.
#--------------------------------------------------------------------------
 PYTHIA Warning in SimpleSpaceShower::pT2nextQCD: weight above unity  
 PYTHIA Warning in SimpleSpaceShower::pT2nextQCD: small daughter PDF  
 PYTHIA Error in BeamRemnants::setKinematics: kinematics construction failed  
 PYTHIA Warning in MultipartonInteractions::pTnext: weight above unity  
 PYTHIA Error in Pythia::check: unmatched particle energy/momentum/mass  
 PYTHIA Error in Pythia::next: check of event revealed problems  
 PYTHIA Warning in Pythia::check: energy-momentum not quite conserved  

 Pythia::next(): 1000 events have been generated 
 PYTHIA Warning in StringFragmentation::fragmentToJunction: bad convergence junction rest frame  

 Pythia::next(): 2000 events have been generated 
 PYTHIA Warning in TauDecays::decay: unknown correlated tau production, assuming from unpolarized photon  

 Pythia::next(): 3000 events have been generated 
 PYTHIA Error in StringFragmentation::fragment: stuck in joining  
 PYTHIA Error in Pythia::next: hadronLevel failed; try again  

 Pythia::next(): 4000 events have been generated 
 PYTHIA Error in SimpleSpaceShower::pT2nearThreshold: stuck in loop  

 Pythia::next(): 5000 events have been generated 

 Pythia::next(): 6000 events have been generated 

 Pythia::next(): 7000 events have been generated 

 Pythia::next(): 8000 events have been generated 

 Pythia::next(): 9000 events have been generated 
 PYTHIA Warning in ColConfig::collect: negative-energy parton encountered  

 *-------  PYTHIA Event and Cross Section Statistics  -------------------------------------------------------------*
 |                                                                                                                 |
 | Subprocess                                    Code |            Number of events       |      sigma +- delta    |
 |                                                    |       Tried   Selected   Accepted |     (estimated) (mb)   |
 |                                                    |                                   |                        |
 |-----------------------------------------------------------------------------------------------------------------|
 |                                                    |                                   |                        |
 | Les Houches User Process(es)                  9999 |       10000      10000      10000 |   8.280e-08  0.000e+00 |
 |    ... whereof user classification code     322200 |       10000      10000      10000 |                        | 
 |                                                    |                                   |                        |
 | sum                                                |       10000      10000      10000 |   8.280e-08  0.000e+00 |
 |                                                                                                                 |
 *-------  End PYTHIA Event and Cross Section Statistics ----------------------------------------------------------*

 *-------  PYTHIA Error and Warning Messages Statistics  ----------------------------------------------------------* 
 |                                                                                                                 | 
 |  times   message                                                                                                | 
 |                                                                                                                 | 
 |      5   Error in BeamRemnants::setKinematics: kinematics construction failed                                   | 
 |     27   Error in Pythia::check: unmatched particle energy/momentum/mass                                        | 
 |      3   Error in Pythia::next: check of event revealed problems                                                | 
 |      6   Error in Pythia::next: hadronLevel failed; try again                                                   | 
 |      6   Error in SimpleSpaceShower::pT2nearThreshold: stuck in loop                                            | 
 |      6   Error in StringFragmentation::fragment: stuck in joining                                               | 
 |      2   Warning in ColConfig::collect: negative-energy parton encountered                                      | 
 |      1   Warning in MultipartonInteractions::pTnext: weight above unity                                         | 
 |      4   Warning in Pythia::check: energy-momentum not quite conserved                                          | 
 |   1837   Warning in SimpleSpaceShower::pT2nextQCD: small daughter PDF                                           | 
 |   4366   Warning in SimpleSpaceShower::pT2nextQCD: weight above unity                                           | 
 |     40   Warning in StringFragmentation::fragmentToJunction: bad convergence junction rest frame                | 
 |      1   Warning in TauDecays::decay: unknown correlated tau production, assuming from unpolarized photon       | 
 |      2   Warning in TimeShower::init: pTmin too low                                                             | 
 |                                                                                                                 | 
 *-------  End PYTHIA Error and Warning Messages Statistics  ------------------------------------------------------* 
Using LHE File: /nfs/dust/cms/user/amoroso/powheg/POWHEG-BOX-V2/ttJ_MiNNLOPS_v1.0_beta1/decay-ll/pwgevents-0490.lhe
less then 10000 events in LHE, using all LHE events
np.shape(P0) = (10000, 3, 9)
np.shape(nJets) = (10000, 2)
np.shape(jets_4vectors) = (10000, 20, 6)
