Configured CUDA from: /cvmfs/sft.cern.ch/lcg/releases/cuda/12.4-4899e/x86_64-el9-gcc11-opt

 *------------------------------------------------------------------------------------* 
 |                                                                                    | 
 |  *------------------------------------------------------------------------------*  | 
 |  |                                                                              |  | 
 |  |                                                                              |  | 
 |  |   PPP   Y   Y  TTTTT  H   H  III    A      Welcome to the Lund Monte Carlo!  |  | 
 |  |   P  P   Y Y     T    H   H   I    A A     This is PYTHIA version 8.309      |  | 
 |  |   PPP     Y      T    HHHHH   I   AAAAA    Last date of change: 16 Feb 2023  |  | 
 |  |   P       Y      T    H   H   I   A   A                                      |  | 
 |  |   P       Y      T    H   H  III  A   A    Now is 03 Sep 2024 at 15:25:56    |  | 
 |  |                                                                              |  | 
 |  |   Program documentation and an archive of historic versions is found on:     |  | 
 |  |                                                                              |  | 
 |  |                               https://pythia.org/                            |  | 
 |  |                                                                              |  | 
 |  |   PYTHIA is authored by a collaboration consisting of:                       |  | 
 |  |                                                                              |  | 
 |  |   Christian Bierlich, Nishita Desai, Leif Gellersen, Ilkka Helenius, Philip  |  | 
 |  |   Ilten, Leif Lonnblad, Stephen Mrenna, Stefan Prestel, Christian Preuss,    |  | 
 |  |   Torbjorn Sjostrand, Peter Skands, Marius Utheim and Rob Verheyen.          |  | 
 |  |                                                                              |  | 
 |  |   The complete list of authors, including contact information and            |  | 
 |  |   affiliations, can be found on https://pythia.org/.                         |  | 
 |  |   Problems or bugs should be reported on email at authors@pythia.org.        |  | 
 |  |                                                                              |  | 
 |  |   The main program reference is C. Bierlich et al,                           |  | 
 |  |   'A comprehensive guide to the physics and usage of Pythia 8.3',            |  | 
 |  |   SciPost Phys. Codebases 8-r8.3 (2022) [arXiv:2203.11601 [hep-ph]]          |  | 
 |  |                                                                              |  | 
 |  |   PYTHIA is released under the GNU General Public Licence version 2 or later.|  | 
 |  |   Please respect the MCnet Guidelines for Event Generator Authors and Users. |  | 
 |  |                                                                              |  | 
 |  |   Disclaimer: this program comes without any guarantees.                     |  | 
 |  |   Beware of errors and use common sense when interpreting results.           |  | 
 |  |                                                                              |  | 
 |  |   Copyright (C) 2023 Torbjorn Sjostrand                                      |  | 
 |  |                                                                              |  | 
 |  |                                                                              |  | 
 |  *------------------------------------------------------------------------------*  | 
 |                                                                                    | 
 *------------------------------------------------------------------------------------* 


 *-------  PYTHIA Process Initialization  --------------------------*
 |                                                                  |
 | We collide p+ with p+ at a CM energy of 1.300e+04 GeV            |
 |                                                                  |
 |------------------------------------------------------------------|
 |                                                    |             |
 | Subprocess                                    Code |   Estimated |
 |                                                    |    max (mb) |
 |                                                    |             |
 |------------------------------------------------------------------|
 |                                                    |             |
 | Les Houches User Process(es)                  9999 |   1.000e-09 |
 |                                                                  |
 *-------  End PYTHIA Process Initialization -----------------------*
 PYTHIA Warning in TimeShower::init: pTmin too low , raised to 0.611

 *-------  PYTHIA Multiparton Interactions Initialization  ---------* 
 |                                                                  | 
 |                   sigmaNonDiffractive =    55.51 mb              | 
 |                                                                  | 
 |    pT0 =  1.44 gives sigmaInteraction =   395.21 mb: accepted    | 
 |                                                                  | 
 *-------  End PYTHIA Multiparton Interactions Initialization  -----* 
 PYTHIA Warning in MultipartonInteractions::init: maximum increased by factor 1.035

 *-------  PYTHIA Flag + Mode + Parm + Word + FVec + MVec + PVec + WVec Settings (changes only)  ------------------* 
 |                                                                                                                 | 
 | Name                                          |                      Now |      Default         Min         Max | 
 |                                               |                          |                                      | 
 | Beams:frameType                               |                        4 |            1           1           5 | 
 | Beams:LHEF                                    | /nfs/dust/cms/user/amoroso/powheg/POWHEG-BOX-V2/ttJ_MiNNLOPS_v1.0_beta1/decay-ll/pwgevents-0928.lhe |         void | 
 | ColourReconnection:range                      |                  5.17600 |      1.80000         0.0    10.00000 | 
 | Main:timesAllowErrors                         |                      500 |           10           0             | 
 | MultipartonInteractions:alphaSorder           |                        2 |            1           0           3 | 
 | MultipartonInteractions:alphaSvalue           |                  0.11800 |      0.13000   0.0600000     0.25000 | 
 | MultipartonInteractions:bProfile              |                        2 |            3           0           4 | 
 | MultipartonInteractions:coreFraction          |                  0.63000 |      0.50000         0.0     1.00000 | 
 | MultipartonInteractions:coreRadius            |                  0.76340 |      0.40000     0.10000     1.00000 | 
 | MultipartonInteractions:ecmPow                |                0.0334400 |      0.21500         0.0     0.50000 | 
 | MultipartonInteractions:pT0Ref                |                  1.41000 |      2.28000     0.50000    10.00000 | 
 | ParticleDecays:limitTau                       |                       on |          off                         | 
 | PDF:pSet                                      |                       20 |           13                         | 
 | Random:seed                                   |                      928 |           -1               900000000 | 
 | Random:setSeed                                |                       on |          off                         | 
 | SigmaProcess:alphaSorder                      |                        2 |            1           0           3 | 
 | SigmaProcess:alphaSvalue                      |                  0.11800 |      0.13000   0.0600000     0.25000 | 
 | SigmaTotal:mode                               |                        0 |            1           0           4 | 
 | SigmaTotal:sigmaEl                            |                 21.89000 |     25.00000         0.0             | 
 | SigmaTotal:sigmaTot                           |                100.30900 |    100.00000         0.0             | 
 | SigmaTotal:zeroAXB                            |                      off |           on                         | 
 | SpaceShower:alphaSorder                       |                        2 |            1           0           3 | 
 | SpaceShower:alphaSvalue                       |                  0.11800 |      0.13650   0.0600000     0.25000 | 
 | SpaceShower:dipoleRecoil                      |                       on |          off                         | 
 | SpaceShower:pTmaxMatch                        |                        1 |            0           0           2 | 
 | TimeShower:alphaSorder                        |                        2 |            1           0           3 | 
 | TimeShower:alphaSvalue                        |                  0.11800 |      0.13650   0.0600000     0.25000 | 
 |                                                                                                                 | 
 *-------  End PYTHIA Flag + Mode + Parm + Word + FVec + MVec + PVec + WVec Settings  -----------------------------* 

 --------  PYTHIA Particle Data Table (changed only)  ------------------------------------------------------------------------------
 
      id   name            antiName         spn chg col      m0        mWidth      mMin       mMax       tau0    res dec ext vis wid
             no onMode   bRatio   meMode     products 

       6  t                tbar               2   2   1  173.00000    1.36916   86.00000    0.00000  1.44122e-13   1   1   0   1   0
              0     1   0.0000664    0       24        1 
              1     1   0.0017361    0       24        3 
              2     1   0.9981975    0       24        5 
              3     1   0.0000000    0       37        5 

 --------  End PYTHIA Particle Data Table  -----------------------------------------------------------------------------------------


 --------  LHA event information and listing  ---------------------------------------------------------------------- 

    process =   322200    weight =   1.0325e+02     scale =   1.0598e+02 (GeV) 
                        alpha_em =  -1.0000e+00    alpha_strong =   1.2270e-01

    Participating Particles 
    no        id stat     mothers     colours      p_x        p_y        p_z         e          m        tau    spin 
     1         1   -1     0     0   514     0      0.000      0.000   2234.308   2234.308      0.000   0.000   9.000
     2        21   -1     0     0   512   513      0.000      0.000   -110.743    110.743      0.000   0.000   9.000
     3         6    2     1     2   511     0     24.757    280.434    294.710    444.053    176.276   0.000   9.000
     4        -6    2     1     2     0   513     10.277    -53.301    417.426    454.548    171.532   0.000   9.000
     5         1    1     1     2   512     0     -9.357   -124.307    241.926    272.154      0.000   0.000   9.000
     6        21    1     1     2   514   511    -25.678   -102.825   1169.503   1174.295      0.000   0.000   9.000
     7         5    1     3     3   511     0    -54.349     60.841    104.909    132.987      4.920   0.000  -1.000
     8        24    2     3     3     0     0     79.105    219.592    189.802    311.067     79.116   0.000   9.000
     9        -5    1     4     4     0   513     56.515    -60.869    241.724    255.644      4.920   0.000   1.000
    10       -24    2     4     4     0     0    -46.238      7.567    175.702    198.905     80.602   0.000   9.000
    11       -13    1     8     8     0     0     71.150    112.623     70.813    150.867      0.106   0.000   1.000
    12        14    1     8     8     0     0      7.955    106.969    118.988    160.199      0.000   0.000  -1.000
    13        15    1    10    10     0     0     -0.955      5.510    142.732    142.853      1.777   0.000  -1.000
    14       -16    1    10    10     0     0    -45.283      2.057     32.969     56.052      0.000   0.000   1.000

 --------  End LHA event information and listing  ------------------------------------------------------------------ 

 --------  PYTHIA Info Listing  ---------------------------------------- 
 
 Beam A: id =   2212, pz =  6.500e+03, e =  6.500e+03, m =  9.383e-01.
 Beam B: id =   2212, pz = -6.500e+03, e =  6.500e+03, m =  9.383e-01.

 In 1: id =    1, x =  3.437e-01, pdf =  0.000e+00 at Q2 =  1.123e+04.
 In 2: id =   21, x =  1.704e-02, pdf =  0.000e+00 at same Q2.

 Process Les Houches User Process(es) with code 9999 is 2 -> 4.
 Subprocess user process 322200 with code 322200 is 2 -> 4.
     alphaEM =  7.831e-03,  alphaS =  1.227e-01    at Q2 =  1.123e+04.

 Impact parameter b =  1.061e+00 gives enhancement factor =  4.548e-01.
 Max pT scale for MPI =  1.300e+04, ISR =  1.060e+02, FSR =  1.060e+02.
 Number of MPI =     2, ISR =     4, FSRproc =    15, FSRreson =    11.

 --------  End PYTHIA Info Listing  ------------------------------------

 --------  PYTHIA Event Listing  (hard process)  -----------------------------------------------------------------------------------
 
    no         id  name            status     mothers   daughters     colours      p_x        p_y        p_z         e          m 
     0         90  (system)           -11     0     0     0     0     0     0      0.000      0.000      0.000  13000.000  13000.000
     1       2212  (p+)               -12     0     0     3     0     0     0      0.000      0.000   6500.000   6500.000      0.938
     2       2212  (p+)               -12     0     0     4     0     0     0      0.000      0.000  -6500.000   6500.000      0.938
     3          1  (d)                -21     1     0     5     8   514     0      0.000      0.000   2234.308   2234.308      0.000
     4         21  (g)                -21     2     0     5     8   512   513      0.000      0.000   -110.743    110.743      0.000
     5          6  (t)                -22     3     4     9    10   511     0     24.757    280.434    294.710    444.053    176.276
     6         -6  (tbar)             -22     3     4    11    12     0   513     10.277    -53.301    417.426    454.548    171.532
     7          1  d                   23     3     4     0     0   512     0     -9.357   -124.307    241.926    272.154      0.000
     8         21  g                   23     3     4     0     0   514   511    -25.678   -102.825   1169.503   1174.295      0.000
     9          5  b                   23     5     0     0     0   511     0    -54.349     60.841    104.909    132.987      4.920
    10         24  (W+)               -22     5     0    13    14     0     0     79.105    219.592    189.802    311.067     79.116
    11         -5  bbar                23     6     0     0     0     0   513     56.515    -60.869    241.724    255.644      4.920
    12        -24  (W-)               -22     6     0    15    16     0     0    -46.238      7.567    175.702    198.905     80.602
    13        -13  mu+                 23    10     0     0     0     0     0     71.150    112.623     70.813    150.867      0.106
    14         14  nu_mu               23    10     0     0     0     0     0      7.955    106.969    118.988    160.199      0.000
    15         15  tau-                23    12     0     0     0     0     0     -0.955      5.510    142.732    142.853      1.777
    16        -16  nu_taubar           23    12     0     0     0     0     0    -45.283      2.057     32.969     56.052      0.000
                                   Charge sum: -0.333           Momentum sum:     -0.000      0.000   2123.565   2345.051    994.855

 --------  End PYTHIA Event Listing  -----------------------------------------------------------------------------------------------

 --------  PYTHIA Event Listing  (complete event)  ---------------------------------------------------------------------------------
 
    no         id  name            status     mothers   daughters     colours      p_x        p_y        p_z         e          m 
     0         90  (system)           -11     0     0     0     0     0     0      0.000      0.000      0.000  13000.000  13000.000
     1       2212  (p+)               -12     0     0    89     0     0     0      0.000      0.000   6500.000   6500.000      0.938
     2       2212  (p+)               -12     0     0    90     0     0     0      0.000      0.000  -6500.000   6500.000      0.938
     3          1  (d)                -21     9     9     5     8   514     0      0.000      0.000   2234.308   2234.308      0.000
     4         21  (g)                -21    10     0     5     8   512   513      0.000      0.000   -110.743    110.743      0.000
     5          6  (t)                -22     3     4    11    11   511     0     24.757    280.434    294.710    444.053    176.276
     6         -6  (tbar)             -22     3     4    12    12     0   513     10.277    -53.301    417.426    454.548    171.532
     7          1  (d)                -23     3     4    13    13   512     0     -9.357   -124.307    241.926    272.154      0.000
     8         21  (g)                -23     3     4    14    14   514   511    -25.678   -102.825   1169.503   1174.295      0.000
     9          1  (d)                -42    16     0     3     3   514     0      0.000      0.000   2234.308   2234.308      0.000
    10         21  (g)                -41    17    17    15     4   515   513     -0.000     -0.000   -119.781    119.781      0.000
    11          6  (t)                -44     5     5    18    18   511     0     24.757    280.434    294.710    444.053    176.276
    12         -6  (tbar)             -44     6     6    19    19     0   513     10.277    -53.301    417.426    454.548    171.532
    13          1  (d)                -44     7     7    20    20   512     0     11.103    -55.954    189.011    197.432      0.000
    14         21  (g)                -44     8     8    21    21   514   511    -25.678   -102.825   1169.503   1174.295      0.000
    15         21  (g)                -43    10     0    22    22   515   512    -20.460    -68.353     43.877     83.761      0.000
    16          1  (d)                -41    30    30    23     9   518     0     -0.000     -0.000   2293.939   2293.939      0.000
    17         21  (g)                -42    31     0    10    10   515   513     -0.000     -0.000   -119.781    119.781      0.000
    18          6  (t)                -44    11    11    26    26   511     0     24.757    280.434    294.710    444.053    176.276
    19         -6  (tbar)             -44    12    12    33    33     0   513     10.277    -53.301    417.426    454.548    171.532
    20          1  (d)                -44    13    13    29    29   512     0     11.103    -55.954    189.011    197.432      0.000
    21         21  (g)                -44    14    14    24    25   514   511    -21.165    -95.608   1039.677   1044.279      0.000
    22         21  (g)                -44    15    15    27    28   515   512    -20.460    -68.353     43.877     83.761      0.000
    23         21  (g)                -43    16     0    37    37   518   514     -4.512     -7.217    189.456    189.648      0.000
    24         21  (g)                -51    21     0    35    35   514   519    -21.038    -92.092   1036.312   1040.608      0.000
    25         21  (g)                -51    21     0    38    38   519   511     -0.035     -2.554      3.753      4.540      0.000
    26          6  (t)                -52    18    18    32    32   511     0     24.665    279.472    294.323    443.184    176.276
    27         21  (g)                -51    22     0    36    36   515   520    -20.467    -70.712     47.560     87.642      0.000
    28         21  (g)                -51    22     0    39    39   520   512      0.373      0.519      2.532      2.611      0.000
    29          1  (d)                -52    20    20    34    34   512     0     10.738    -54.114    182.795    190.939      0.000
    30          1  (d)                -42    89    89    16    16   518     0     -0.000     -0.000   2293.939   2293.939      0.000
    31         21  (g)                -41    90    90    40    17   521   513      0.000      0.000   -125.302    125.302      0.000
    32          6  (t)                -44    26    26    91    91   511     0     24.665    279.472    294.323    443.184    176.276
    33         -6  (tbar)             -44    19    19    92    92     0   513     10.277    -53.301    417.426    454.548    171.532
    34          1  (d)                -44    29    29    67    67   512     0     10.738    -54.114    182.795    190.939      0.000
    35         21  (g)                -44    24    24    44    45   514   519    -21.038    -92.092   1036.312   1040.608      0.000
    36         21  (g)                -44    27    27    41    42   515   520    -23.025    -70.374     46.908     87.653      0.000
    37         21  (g)                -44    23    23    56    57   518   514     -4.512     -7.217    189.456    189.648      0.000
    38         21  (g)                -44    25    25    46    46   519   511     -0.035     -2.554      3.753      4.540      0.000
    39         21  (g)                -44    28    28    43    43   520   512      0.373      0.519      2.532      2.611      0.000
    40         21  (g)                -43    31     0    47    48   521   515      2.558     -0.338     -4.868      5.509      0.000
    41         21  (g)                -51    36     0    49    49   515   522    -22.782    -66.331     45.683     83.701      0.000
    42         21  (g)                -51    36     0    64    64   522   520     -0.197     -3.980      1.532      4.269      0.000
    43         21  (g)                -52    39    39    65    66   520   512      0.327      0.456      2.224      2.294      0.000
    44          3  (s)                -51    35     0    58    58   514     0    -17.602    -77.596    853.348    857.050      0.500
    45         -3  (sbar)             -51    35     0    52    52     0   519     -3.437    -14.544    183.035    183.644      0.500
    46         21  (g)                -52    38    38    50    51   519   511     -0.035     -2.506      3.682      4.454      0.000
    47         21  (g)                -51    40     0    99    99   521   523      3.663     -1.328     -3.553      5.273      0.000
    48         21  (g)                -51    40     0    55    55   523   515     -1.472     -0.079     -0.580      1.584      0.000
    49         21  (g)                -52    41    41    53    54   515   522    -22.416    -65.263     44.948     82.353      0.000
    50         21  (g)                -51    46     0    97    97   524   511      0.685      0.386      1.047      1.309      0.000
    51         21  (g)                -51    46     0    59    60   519   524     -0.922     -3.746     13.387     13.931      0.000
    52         -3  (sbar)             -52    45    45    61    61     0   519     -3.235    -13.690    172.284    172.858      0.500
    53         -1  (dbar)             -51    49     0    62    63     0   522    -15.306    -44.763     29.051     55.517      0.330
    54          1  (d)                -51    49     0   104   104   515     0     -7.173    -20.503     15.872     26.904      0.330
    55         21  (g)                -52    48    48   102   102   523   515     -1.409     -0.075     -0.555      1.516      0.000
    56         21  (g)                -51    37     0    74    75   518   525     -4.455     -5.298    153.064    153.220      0.000
    57         21  (g)                -51    37     0    76    76   525   514     -0.763     -5.029     70.585     70.768      0.000
    58          3  (s)                -52    44    44    94    94   514     0    -16.897    -74.487    819.156    822.709      0.500
    59         21  (g)                -51    51     0    73    73   526   524     -1.303     -2.091      7.244      7.652      0.000
    60         21  (g)                -51    51     0    71    72   519   526      0.054     -3.037     23.552     23.747      0.000
    61         -3  (sbar)             -52    52    52   101   101     0   519     -2.908    -12.308    154.874    155.390      0.500
    62         -1  (dbar)             -51    53     0    95    95     0   527     -6.606    -22.554     14.944     27.852      0.330
    63         21  (g)                -51    53     0   107   107   527   522     -8.741    -23.033     14.423     28.547      0.000
    64         21  (g)                -52    42    42    70    70   522   520     -0.156     -3.157      1.215      3.386      0.000
    65         21  (g)                -51    43     0    68    69   520   528      1.142     -0.081      4.077      4.235      0.000
    66         21  (g)                -51    43     0   108   108   528   512     -0.257     -2.273      7.642      7.977      0.000
    67          1  (d)                -52    34    34    93    93   512     0     10.180    -51.304    173.301    181.022      0.000
    68         21  (g)                -51    65     0    77    78   530   528      1.317     -0.273      4.208      4.418      0.000
    69         21  (g)                -51    65     0    79    79   520   530     -0.209     -0.493      0.133      0.552      0.000
    70         21  (g)                -52    64    64   100   100   522   520     -0.123     -2.472      0.952      2.651      0.000
    71         21  (g)                -51    60     0   106   106   519   531      0.007     -3.447     24.713     24.953      0.000
    72         21  (g)                -51    60     0   110   110   531   526     -0.348     -0.225      1.041      1.121      0.000
    73         21  (g)                -52    59    59   103   103   526   524     -0.907     -1.455      5.042      5.326      0.000
    74         21  (g)                -51    56     0    96    96   518   532     -2.685     -3.572     82.112     82.233      0.000
    75         21  (g)                -51    56     0   111   111   532   525     -1.851     -2.260     78.442     78.496      0.000
    76         21  (g)                -52    57    57   105   105   525   514     -0.682     -4.495     63.095     63.259      0.000
    77         -1  (dbar)             -51    68     0    98    98     0   528      1.367     -0.581      3.436      3.758      0.330
    78          1  (d)                -51    68     0   112   112   530     0     -0.145      0.084      0.833      0.911      0.330
    79         21  (g)                -52    69    69   109   109   520   530     -0.114     -0.269      0.073      0.301      0.000
    80          2  (u)                -31    84     0    82    83   533     0      0.000      0.000     19.952     19.952      0.000
    81         21  (g)                -31    85    85    82    83   534   535      0.000      0.000    -13.542     13.542      0.000
    82          2  (u)                -33    80    81    86    86   534     0      0.525     -0.273     19.939     19.951      0.330
    83         21  (g)                -33    80    81    87    87   533   535     -0.525      0.273    -13.530     13.543      0.000
    84          2  (u)                -41   113   113    88    80   536     0     -0.000      0.000     21.181     21.181      0.000
    85         21  (g)                -42   114   114    81    81   534   535      0.000      0.000    -13.542     13.542      0.000
    86          2  (u)                -44    82    82   115   115   534     0      0.525     -0.273     19.939     19.951      0.330
    87         21  (g)                -44    83    83   116   116   533   535     -0.140      0.384    -13.501     13.507      0.000
    88         21  (g)                -43    84     0   117   117   536   533     -0.386     -0.111      1.200      1.265      0.000
    89          1  (d)                -61     1     0    30    30   518     0     -1.251     -0.386   2293.942   2293.943      0.000
    90         21  (g)                -61     2     0    31    31   533   513     -1.544     -0.127   -125.297    125.307      0.000
    91          6  (t)                -62    32    32   122   123   511     0     23.547    279.334    294.063    442.864    176.276
    92         -6  (tbar)             -62    33    33   136   137     0   513      9.811    -53.393    417.389    454.515    171.532
    93          1  (d)                -62    67    67   176   176   512     0     10.036    -51.337    173.263    180.987      0.000
    94          3  (s)                -62    58    58   207   207   514     0    -17.367    -74.627    819.288    822.863      0.500
    95         -1  (dbar)             -62    62    62   168   168     0   527     -6.697    -22.564     14.993     27.909      0.330
    96         21  (g)                -62    74    74   210   210   518   532     -2.730     -3.586     82.129     82.253      0.000
    97         21  (g)                -62    50    50   229   229   524   511      0.683      0.386      1.042      1.305      0.000
    98         -1  (dbar)             -62    77    77   178   178     0   528      1.363     -0.582      3.428      3.749      0.330
    99         21  (g)                -62    47    47   254   254   521   523      3.608     -1.332     -3.573      5.250      0.000
   100         21  (g)                -62    70    70   164     0   522   520     -0.134     -2.473      0.953      2.654      0.000
   101         -3  (sbar)             -62    61    61   233   233     0   519     -2.996    -12.334    154.896    155.416      0.500
   102         21  (g)                -62    55    55   253   253   523   515     -1.422     -0.076     -0.546      1.525      0.000
   103         21  (g)                -62    73    73   230   230   526   524     -0.911     -1.456      5.048      5.332      0.000
   104          1  (d)                -62    54    54   252   252   515     0     -7.253    -20.512     15.923     26.963      0.330
   105         21  (g)                -62    76    76   208   208   525   514     -0.717     -4.506     63.101     63.266      0.000
   106         21  (g)                -62    71    71   232   232   519   536     -0.008     -3.452     24.715     24.955      0.000
   107         21  (g)                -62    63    63   167   167   527   522     -8.840    -23.043     14.485     28.617      0.000
   108         21  (g)                -62    66    66   177   177   528   512     -0.263     -2.275      7.644      7.980      0.000
   109         21  (g)                -62    79    79   164     0   520   530     -0.116     -0.269      0.073      0.302      0.000
   110         21  (g)                -62    72    72   163     0   531   526     -0.350     -0.225      1.043      1.123      0.000
   111         21  (g)                -62    75    75   209   209   532   525     -1.894     -2.273     78.454     78.510      0.000
   112          1  (d)                -62    78    78   165   165   530     0     -0.146      0.084      0.834      0.912      0.330
   113          2  (u)                -61     1     0    84    84   535     0     -0.119      1.784     21.176     21.251      0.000
   114         21  (g)                -61     2     0    85    85   513   535      1.575      1.864    -13.486     13.705      0.000
   115          2  (u)                -62    86    86   184   184   513     0      0.413      1.408     19.959     20.016      0.330
   116         21  (g)                -62    87    87   255   255   533   521      1.432      2.244    -13.443     13.704      0.000
   117         21  (g)                -62    88    88   163     0   536   531     -0.389     -0.004      1.174      1.236      0.000
   118       2203  (uu_1)             -63     1     0   276   276     0   535      0.410     -0.552   4053.772   4053.772      0.771
   119         -2  (ubar)             -63     1     0   211   211     0   518      0.960     -0.846    130.954    130.961      0.330
   120       2103  (ud_1)             -63     2     0   256   256     0   533      0.294     -1.053   -534.300    534.302      0.771
   121          2  (u)                -63     2     0   275   275   535     0     -0.324     -0.684  -5826.761   5826.761      0.330
   122          5  (b)                -23    91     0   124   125   511     0    -54.711     60.512    104.715    132.832      4.920
   123         24  (W+)               -22    91     0   126   126     0     0     78.258    218.823    189.348    310.032     79.116
   124          5  (b)                -51   122     0   129   129   541     0    -48.506     47.885     91.522    114.220      4.920
   125         21  (g)                -51   122     0   127   128   511   541     -4.790     15.136     15.009     21.848      0.000
   126         24  (W+)               -52   123   123   156   157     0     0     76.843    216.313    187.532    306.796     79.116
   127         21  (g)                -51   125     0   130   131   542   541     -4.108     12.892     11.724     17.904      0.000
   128         21  (g)                -51   125     0   133   134   511   542     -2.667      4.139      6.994      8.553      0.000
   129          5  (b)                -52   124   124   132   132   541     0    -46.521     45.989     87.812    109.610      4.920
   130         21  (g)                -51   127     0   135   135   542   543     -2.411      6.998      7.506     10.542      0.000
   131         21  (g)                -51   127     0   225   225   543   541     -2.019      6.202      4.821      8.111      0.000
   132          5  (b)                -52   129   129   224   224   541     0    -46.199     45.681     87.210    108.862      4.920
   133         21  (g)                -51   128     0   228   228   511   544     -3.071      4.726      6.668      8.731      0.000
   134         21  (g)                -51   128     0   227   227   544   542     -0.515      2.080      3.186      3.839      0.000
   135         21  (g)                -52   130   130   226   226   542   543     -1.493      4.331      4.646      6.525      0.000
   136         -5  (bbar)             -23    92     0   138   139     0   513     56.253    -60.920    241.703    255.578      4.920
   137        -24  (W-)               -22    92     0   140   140     0     0    -46.442      7.527    175.686    198.936     80.602
   138         -5  (bbar)             -51   136     0   143   143     0   547     44.162    -56.971    197.999    210.769      4.920
   139         21  (g)                -51   136     0   141   142   547   513     10.682     -3.190     44.373     45.752      0.000
   140        -24  (W-)               -52   137   137   158   159     0     0    -45.033      6.767    175.017    197.994     80.602
   141         21  (g)                -51   139     0   146   146   547   548     -0.252      0.520      2.079      2.158      0.000
   142         21  (g)                -51   139     0   147   148   548   513     14.798     -8.814     59.658     62.095      0.000
   143         -5  (bbar)             -52   138   138   144   145     0   547     40.298    -51.867    180.635    192.269      4.920
   144         -5  (bbar)             -51   143     0   155   155     0   549     34.882    -43.727    158.821    168.455      4.920
   145         21  (g)                -51   143     0   152   152   549   547      5.370     -8.043     22.202     24.217      0.000
   146         21  (g)                -52   141   141   149   149   547   548     -0.205      0.423      1.690      1.755      0.000
   147         21  (g)                -51   142     0   153   154   550   513      4.801     -3.298     28.388     28.979      0.000
   148         21  (g)                -51   142     0   187   187   548   550      9.873     -5.262     32.284     34.168      0.000
   149         21  (g)                -52   146   146   150   151   547   548     -0.082      0.169      0.676      0.701      0.000
   150         21  (g)                -51   149     0   188   188   551   548      1.204     -1.225      2.638      3.148      0.000
   151         21  (g)                -51   149     0   189   189   547   551      0.325     -1.020      4.700      4.820      0.000
   152         21  (g)                -52   145   145   190   190   549   547      3.758     -5.630     15.540     16.950      0.000
   153         21  (g)                -51   147     0   186   186   550   552      2.359     -1.869     17.183     17.445      0.000
   154         21  (g)                -51   147     0   185   185   552   513      2.974     -2.112     13.580     14.061      0.000
   155         -5  (bbar)             -52   144   144   191   191     0   549     34.351    -43.044    156.446    165.929      4.920
   156        -13  mu+                 23   126     0     0     0     0     0     70.053    111.034     69.713    148.647      0.106
   157         14  nu_mu               23   126     0     0     0     0     0      6.789    105.279    117.819    158.149      0.000
   158         15  (tau-)             -23   140     0   160   161     0     0     -0.089      4.935    142.240    142.337      1.777
   159        -16  (nu_taubar)        -23   140     0   162   162     0     0    -44.944      1.832     32.777     55.657      0.000
   160         15  (tau-)             -51   158     0   368   370     0     0     -0.089      4.935    142.227    142.323      1.777
   161         22  gamma               51   158     0     0     0     0     0      0.000      0.000      0.014      0.014      0.000
   162        -16  nu_taubar           52   159   159     0     0     0     0    -44.944      1.832     32.777     55.657      0.000
   163         21  (g)                -73   110   117   231   231   536   526     -0.739     -0.229      2.217      2.359      0.234
   164         21  (g)                -73   100   109   166   166   522   530     -0.250     -2.742      1.027      2.956      0.317
   165          1  (d)                -71   112   112   169   175   530     0     -0.146      0.084      0.834      0.912      0.330
   166         21  (g)                -71   164   164   169   175   522   530     -0.250     -2.742      1.027      2.956      0.317
   167         21  (g)                -71   107   107   169   175   527   522     -8.840    -23.043     14.485     28.617      0.000
   168         -1  (dbar)             -71    95    95   169   175     0   527     -6.697    -22.564     14.993     27.909      0.330
   169       -213  (rho-)             -83   165   168   303   304     0     0     -0.748     -1.553      1.752      2.751      1.238
   170        213  (rho+)             -84   165   168   305   306     0     0     -1.434     -4.038      2.281      4.916      0.778
   171       -213  (rho-)             -84   165   168   307   308     0     0     -0.929     -2.620      1.766      3.374      0.733
   172        111  (pi0)              -84   165   168   371   372     0     0      0.027     -1.119      0.841      1.407      0.135
   173        213  (rho+)             -84   165   168   309   310     0     0     -2.952     -9.202      5.551     11.172      0.784
   174        313  (K*0)              -84   165   168   311   312     0     0     -2.990     -8.865      5.281     10.778      0.863
   175       -311  (Kbar0)            -84   165   168   313   313     0     0     -6.906    -20.869     13.866     25.995      0.498
   176          1  (d)                -71    93    93   179   183   512     0     10.036    -51.337    173.263    180.987      0.000
   177         21  (g)                -71   108   108   179   183   528   512     -0.263     -2.275      7.644      7.980      0.000
   178         -1  (dbar)             -71    98    98   179   183     0   528      1.363     -0.582      3.428      3.749      0.330
   179        311  (K0)               -83   176   178   314   314     0     0      4.766    -25.652     83.777     87.747      0.498
   180       -321  K-                  83   176   178     0     0     0     0      3.700    -19.767     71.329     74.111      0.494
   181        113  (rho0)             -83   176   178   315   316     0     0      2.020     -8.288     25.332     26.741      0.782
   182        111  (pi0)              -84   176   178   373   374     0     0      0.296     -0.134      0.682      0.768      0.135
   183        213  (rho+)             -84   176   178   317   318     0     0      0.353     -0.354      3.215      3.349      0.793
   184          2  (u)                -71   115   115   192   206   513     0      0.413      1.408     19.959     20.016      0.330
   185         21  (g)                -71   154   154   192   206   552   513      2.974     -2.112     13.580     14.061      0.000
   186         21  (g)                -71   153   153   192   206   550   552      2.359     -1.869     17.183     17.445      0.000
   187         21  (g)                -71   148   148   192   206   548   550      9.873     -5.262     32.284     34.168      0.000
   188         21  (g)                -71   150   150   192   206   551   548      1.204     -1.225      2.638      3.148      0.000
   189         21  (g)                -71   151   151   192   206   547   551      0.325     -1.020      4.700      4.820      0.000
   190         21  (g)                -71   152   152   192   206   549   547      3.758     -5.630     15.540     16.950      0.000
   191         -5  (bbar)             -71   155   155   192   206     0   549     34.351    -43.044    156.446    165.929      4.920
   192        211  pi+                 83   184   191     0     0     0     0      0.228      0.329      3.749      3.773      0.140
   193       -213  (rho-)             -83   184   191   319   320     0     0      0.563      0.220     14.144     14.196      1.053
   194        223  (omega)            -83   184   191   375   377     0     0      0.988      0.415      7.285      7.405      0.785
   195        213  (rho+)             -83   184   191   321   322     0     0      2.405     -2.520     12.757     13.240      0.647
   196       -211  pi-                 83   184   191     0     0     0     0      1.776     -0.239      6.583      6.824      0.140
   197        323  (K*+)              -83   184   191   323   324     0     0      2.214     -2.051     12.419     12.814      0.933
   198       -313  (K*bar0)           -83   184   191   325   326     0     0      4.614     -2.723     17.395     18.224      0.921
   199        221  (eta)              -84   184   191   378   380     0     0      2.234     -1.089      5.134      5.730      0.548
   200        311  (K0)               -84   184   191   327   327     0     0      1.957     -2.189      8.916      9.400      0.498
   201       -311  (Kbar0)            -84   184   191   328   328     0     0      0.345     -0.538      1.595      1.789      0.498
   202       -211  pi-                 84   184   191     0     0     0     0      0.659     -0.734      2.573      2.759      0.140
   203        211  pi+                 84   184   191     0     0     0     0      0.393     -0.571      2.205      2.315      0.140
   204       -213  (rho-)             -84   184   191   329   330     0     0      2.176     -2.546      8.862      9.501      0.725
   205        211  pi+                 84   184   191     0     0     0     0      1.152     -2.433      7.829      8.281      0.140
   206        511  (B0)               -84   184   191   381   382     0     0     33.553    -42.086    150.884    160.284      5.280
   207          3  (s)                -71    94    94   212   223   514     0    -17.367    -74.627    819.288    822.863      0.500
   208         21  (g)                -71   105   105   212   223   525   514     -0.717     -4.506     63.101     63.266      0.000
   209         21  (g)                -71   111   111   212   223   532   525     -1.894     -2.273     78.454     78.510      0.000
   210         21  (g)                -71    96    96   212   223   518   532     -2.730     -3.586     82.129     82.253      0.000
   211         -2  (ubar)             -71   119   119   212   223     0   518      0.960     -0.846    130.954    130.961      0.330
   212        333  (phi)              -83   207   211   383   384     0     0    -14.270    -61.042    670.161    673.088      1.018
   213       -313  (K*bar0)           -83   207   211   331   332     0     0     -2.495    -12.860    146.843    147.430      1.040
   214       -211  pi-                 83   207   211     0     0     0     0     -1.076     -1.485     22.516     22.591      0.140
   215        211  pi+                 83   207   211     0     0     0     0     -0.044     -2.266     30.007     30.092      0.140
   216        111  (pi0)              -83   207   211   385   386     0     0     -0.914     -1.096     27.677     27.714      0.135
   217        223  (omega)            -84   207   211   387   389     0     0     -0.514     -0.930     22.836     22.874      0.779
   218       -213  (rho-)             -84   207   211   333   334     0     0     -1.188     -2.933     65.911     65.991      0.770
   219        111  (pi0)              -84   207   211   390   391     0     0     -0.739      0.105     17.951     17.967      0.135
   220        211  pi+                 84   207   211     0     0     0     0     -0.269     -1.513     40.061     40.091      0.140
   221       -211  pi-                 84   207   211     0     0     0     0     -0.095     -0.020      1.316      1.327      0.140
   222       3222  Sigma+              84   207   211     0     0     0     0     -0.407     -1.086     50.947     50.974      1.189
   223      -3222  Sigmabar-           84   207   211     0     0     0     0      0.261     -0.713     77.701     77.714      1.189
   224          5  (b)                -71   132   132   234   251   541     0    -46.199     45.681     87.210    108.862      4.920
   225         21  (g)                -71   131   131   234   251   543   541     -2.019      6.202      4.821      8.111      0.000
   226         21  (g)                -71   135   135   234   251   542   543     -1.493      4.331      4.646      6.525      0.000
   227         21  (g)                -71   134   134   234   251   544   542     -0.515      2.080      3.186      3.839      0.000
   228         21  (g)                -71   133   133   234   251   511   544     -3.071      4.726      6.668      8.731      0.000
   229         21  (g)                -71    97    97   234   251   524   511      0.683      0.386      1.042      1.305      0.000
   230         21  (g)                -71   103   103   234   251   526   524     -0.911     -1.456      5.048      5.332      0.000
   231         21  (g)                -71   163   163   234   251   536   526     -0.739     -0.229      2.217      2.359      0.234
   232         21  (g)                -71   106   106   234   251   519   536     -0.008     -3.452     24.715     24.955      0.000
   233         -3  (sbar)             -71   101   101   234   251     0   519     -2.996    -12.334    154.896    155.416      0.500
   234       -523  (B*-)              -83   224   233   392   393     0     0    -43.419     42.714     81.444    101.839      5.325
   235        321  K+                  83   224   233     0     0     0     0     -2.710      3.547      6.018      7.509      0.494
   236       -311  (Kbar0)            -83   224   233   335   335     0     0     -1.570      3.476      2.985      4.869      0.498
   237        313  (K*0)              -83   224   233   336   337     0     0     -2.020      3.706      5.026      6.611      0.795
   238       -321  K-                  83   224   233     0     0     0     0     -0.639      3.777      3.100      4.953      0.494
   239        323  (K*+)              -83   224   233   338   339     0     0     -0.913      3.573      3.961      5.505      1.008
   240       -311  (Kbar0)            -83   224   233   340   340     0     0     -1.007      1.115      2.286      2.780      0.498
   241        111  (pi0)              -83   224   233   394   395     0     0     -0.622      1.483      2.132      2.674      0.135
   242       -211  pi-                 84   224   233     0     0     0     0     -0.693     -0.591      3.010      3.148      0.140
   243        321  K+                  84   224   233     0     0     0     0     -0.019     -0.410      2.624      2.701      0.494
   244       -311  (Kbar0)            -84   224   233   341   341     0     0     -0.065     -1.104      4.751      4.903      0.498
   245       -211  pi-                 84   224   233     0     0     0     0     -0.446     -0.954      6.956      7.036      0.140
   246        221  (eta)              -84   224   233   396   398     0     0      0.009      0.046      3.105      3.153      0.548
   247        113  (rho0)             -84   224   233   342   343     0     0     -0.349     -1.333     11.786     11.880      0.582
   248        113  (rho0)             -84   224   233   344   345     0     0     -0.211     -3.129     34.636     34.785      0.730
   249        111  (pi0)              -84   224   233   399   400     0     0     -0.854     -1.614     18.998     19.086      0.135
   250        321  K+                  84   224   233     0     0     0     0     -0.569     -1.562     18.154     18.237      0.494
   251        221  (eta)              -84   224   233   401   402     0     0     -1.170     -6.804     83.478     83.765      0.548
   252          1  (d)                -71   104   104   257   274   515     0     -7.253    -20.512     15.923     26.963      0.330
   253         21  (g)                -71   102   102   257   274   523   515     -1.422     -0.076     -0.546      1.525      0.000
   254         21  (g)                -71    99    99   257   274   521   523      3.608     -1.332     -3.573      5.250      0.000
   255         21  (g)                -71   116   116   257   274   533   521      1.432      2.244    -13.443     13.704      0.000
   256       2103  (ud_1)             -71   120   120   257   274     0   533      0.294     -1.053   -534.300    534.302      0.771
   257        111  (pi0)              -83   252   256   403   404     0     0     -0.947     -2.339      1.608      2.995      0.135
   258        111  (pi0)              -83   252   256   405   406     0     0     -3.159     -9.641      8.533     13.257      0.135
   259       -211  pi-                 83   252   256     0     0     0     0     -2.622     -6.015      3.678      7.523      0.140
   260       2214  (Delta+)           -83   252   256   346   347     0     0     -0.502     -1.997      1.447      2.817      1.265
   261       -211  pi-                 83   252   256     0     0     0     0     -0.767      0.058      0.137      0.793      0.140
   262      -1114  (Deltabar+)        -83   252   256   348   349     0     0      0.041     -0.707     -1.401      2.340      1.735
   263       2112  n0                  84   252   256     0     0     0     0      1.673     -0.476     -1.214      2.319      0.940
   264        331  (eta')             -84   252   256   407   408     0     0      0.704     -0.144     -1.600      1.998      0.958
   265      -2112  nbar0               84   252   256     0     0     0     0      0.676      0.301     -4.058      4.231      0.940
   266       -211  pi-                 84   252   256     0     0     0     0     -0.133      0.076     -1.060      1.080      0.140
   267       3222  (Sigma+)           -84   252   256   409   410     0     0      0.662      0.044     -8.659      8.765      1.189
   268      -3222  Sigmabar-           84   252   256     0     0     0     0      0.486      0.462     -4.091      4.313      1.189
   269        211  pi+                 84   252   256     0     0     0     0      0.325      0.760    -11.556     11.586      0.140
   270       -211  pi-                 84   252   256     0     0     0     0     -0.319     -0.223    -23.765     23.768      0.140
   271        111  (pi0)              -84   252   256   411   412     0     0      0.154      0.295     -9.754      9.761      0.135
   272        213  (rho+)             -84   252   256   350   351     0     0      0.184     -0.505    -92.648     92.653      0.761
   273       1114  (Delta-)           -84   252   256   352   353     0     0     -0.126     -0.993   -324.275    324.280      1.327
   274        211  pi+                 84   252   256     0     0     0     0      0.329      0.313    -67.261     67.262      0.140
   275          2  (u)                -71   121   121   277   302   535     0     -0.324     -0.684  -5826.761   5826.761      0.330
   276       2203  (uu_1)             -71   118   118   277   302     0   535      0.410     -0.552   4053.772   4053.772      0.771
   277       2212  p+                  83   275   276     0     0     0     0     -0.133     -0.077  -1560.775   1560.775      0.938
   278      -2112  nbar0               83   275   276     0     0     0     0     -0.397     -0.318  -1565.047   1565.047      0.940
   279       -211  pi-                 83   275   276     0     0     0     0      0.183     -0.238   -832.860    832.860      0.140
   280       2212  p+                  83   275   276     0     0     0     0     -0.042     -0.192   -810.107    810.108      0.938
   281      -2112  nbar0               83   275   276     0     0     0     0      0.195      0.362   -538.430    538.431      0.940
   282        113  (rho0)             -83   275   276   354   355     0     0     -0.191     -0.413   -308.086    308.088      0.978
   283       -211  pi-                 83   275   276     0     0     0     0     -0.036      0.072    -38.471     38.472      0.140
   284        213  (rho+)             -83   275   276   356   357     0     0      0.258     -0.279   -123.677    123.681      0.960
   285       -211  pi-                 83   275   276     0     0     0     0     -0.273      0.119    -25.141     25.143      0.140
   286        211  pi+                 83   275   276     0     0     0     0     -0.059      0.103     -0.904      0.922      0.140
   287       -211  pi-                 83   275   276     0     0     0     0     -0.069      0.579    -10.298     10.315      0.140
   288        211  pi+                 83   275   276     0     0     0     0      0.211     -0.289    -10.636     10.642      0.140
   289       -211  pi-                 84   275   276     0     0     0     0     -0.080      0.084     -0.075      0.196      0.140
   290        223  (omega)            -84   275   276   413   415     0     0      0.470     -0.449     -1.010      1.430      0.776
   291        113  (rho0)             -84   275   276   358   359     0     0     -0.454     -0.024      0.155      1.186      1.085
   292        111  (pi0)              -84   275   276   416   417     0     0      0.185      0.299      1.265      1.320      0.135
   293        223  (omega)            -84   275   276   418   420     0     0      0.479     -0.218      0.805      1.238      0.780
   294        111  (pi0)              -84   275   276   421   422     0     0     -0.886      0.266      2.142      2.337      0.135
   295       2212  p+                  84   275   276     0     0     0     0      0.409     -0.332      6.340      6.430      0.938
   296      -2212  pbar-               84   275   276     0     0     0     0     -0.124      0.577     28.722     28.743      0.938
   297        223  (omega)            -84   275   276   423   425     0     0     -0.107     -0.449      7.136      7.194      0.783
   298       2212  p+                  84   275   276     0     0     0     0     -0.005      0.178    118.101    118.105      0.938
   299      -2112  nbar0               84   275   276     0     0     0     0      0.409     -0.204    259.949    259.951      0.940
   300        311  (K0)               -84   275   276   360   360     0     0     -0.391     -0.130    197.485    197.487      0.498
   301       -311  (Kbar0)            -84   275   276   361   361     0     0      0.356      0.059   1709.527   1709.527      0.498
   302       2214  (Delta+)           -84   275   276   362   363     0     0      0.179     -0.322   1720.902   1720.902      1.312
   303       -211  pi-                 91   169     0     0     0     0     0     -0.451     -1.514      1.823      2.416      0.140
   304        111  (pi0)              -91   169     0   426   427     0     0     -0.296     -0.039     -0.071      0.336      0.135
   305        211  pi+                 91   170     0     0     0     0     0      0.022     -0.367      0.307      0.499      0.140
   306        111  (pi0)              -91   170     0   428   429     0     0     -1.457     -3.671      1.974      4.417      0.135
   307       -211  pi-                 91   171     0     0     0     0     0     -0.294     -0.297      0.129      0.459      0.140
   308        111  (pi0)              -91   171     0   430   431     0     0     -0.635     -2.322      1.637      2.915      0.135
   309        211  pi+                 91   173     0     0     0     0     0     -1.954     -5.021      3.273      6.305      0.140
   310        111  (pi0)              -91   173     0   432   433     0     0     -0.998     -4.182      2.277      4.867      0.135
   311        311  (K0)               -91   174     0   364   364     0     0     -1.568     -4.171      2.343      5.059      0.498
   312        111  (pi0)              -91   174     0   434   435     0     0     -1.422     -4.694      2.938      5.719      0.135
   313        310  K_S0                91   175   175     0     0     0     0     -6.906    -20.869     13.866     25.995      0.498
   314        130  K_L0                91   179   179     0     0     0     0      4.766    -25.652     83.777     87.747      0.498
   315        211  pi+                 91   181     0     0     0     0     0      0.567     -1.617      4.424      4.747      0.140
   316       -211  pi-                 91   181     0     0     0     0     0      1.454     -6.671     20.907     21.994      0.140
   317        211  pi+                 91   183     0     0     0     0     0      0.435     -0.219      3.027      3.069      0.140
   318        111  (pi0)              -91   183     0   436   437     0     0     -0.081     -0.135      0.188      0.280      0.135
   319       -211  pi-                 91   193     0     0     0     0     0      0.007      0.476      3.689      3.722      0.140
   320        111  (pi0)              -91   193     0   438   439     0     0      0.556     -0.256     10.456     10.474      0.135
   321        211  pi+                 91   195     0     0     0     0     0      0.625     -0.368      2.314      2.429      0.140
   322        111  (pi0)              -91   195     0   440   441     0     0      1.780     -2.152     10.443     10.811      0.135
   323        311  (K0)               -91   197     0   365   365     0     0      1.677     -1.419      7.767      8.087      0.498
   324        211  pi+                 91   197     0     0     0     0     0      0.537     -0.631      4.652      4.727      0.140
   325       -311  (Kbar0)            -91   198     0   366   366     0     0      1.595     -0.851      5.595      5.901      0.498
   326        111  (pi0)              -91   198     0   442   443     0     0      3.019     -1.872     11.799     12.323      0.135
   327        310  (K_S0)             -91   200   200   444   445     0     0      1.957     -2.189      8.916      9.400      0.498
   328        310  (K_S0)             -91   201   201   446   447     0     0      0.345     -0.538      1.595      1.789      0.498
   329       -211  pi-                 91   204     0     0     0     0     0      1.402     -1.765      5.057      5.538      0.140
   330        111  (pi0)              -91   204     0   448   449     0     0      0.774     -0.781      3.805      3.963      0.135
   331       -321  K-                  91   213     0     0     0     0     0     -2.313    -12.435    141.588    142.153      0.494
   332        211  pi+                 91   213     0     0     0     0     0     -0.182     -0.425      5.255      5.277      0.140
   333       -211  pi-                 91   218     0     0     0     0     0     -1.180     -2.782     63.450     63.523      0.140
   334        111  (pi0)              -91   218     0   450   451     0     0     -0.007     -0.151      2.461      2.469      0.135
   335        310  K_S0                91   236   236     0     0     0     0     -1.570      3.476      2.985      4.869      0.498
   336        321  K+                  91   237     0     0     0     0     0     -0.795      1.568      2.205      2.863      0.494
   337       -211  pi-                 91   237     0     0     0     0     0     -1.225      2.138      2.821      3.748      0.140
   338        311  (K0)               -91   239     0   367   367     0     0     -0.395      1.411      1.205      1.961      0.498
   339        211  pi+                 91   239     0     0     0     0     0     -0.518      2.162      2.757      3.544      0.140
   340        130  K_L0                91   240   240     0     0     0     0     -1.007      1.115      2.286      2.780      0.498
   341        310  K_S0                91   244   244     0     0     0     0     -0.065     -1.104      4.751      4.903      0.498
   342        211  pi+                 91   247     0     0     0     0     0      0.121     -0.417      3.788      3.815      0.140
   343       -211  pi-                 91   247     0     0     0     0     0     -0.469     -0.917      7.998      8.065      0.140
   344        211  pi+                 91   248     0     0     0     0     0     -0.083     -1.623     21.548     21.609      0.140
   345       -211  pi-                 91   248     0     0     0     0     0     -0.128     -1.506     13.088     13.176      0.140
   346       2212  p+                  91   260     0     0     0     0     0     -0.496     -1.598      0.880      2.111      0.938
   347        111  (pi0)              -91   260     0   452   453     0     0     -0.005     -0.399      0.567      0.706      0.135
   348      -2112  nbar0               91   262     0     0     0     0     0     -0.120      0.090     -1.117      1.467      0.940
   349        211  pi+                 91   262     0     0     0     0     0      0.161     -0.797     -0.285      0.873      0.140
   350        211  pi+                 91   272     0     0     0     0     0      0.128     -0.552    -38.049     38.054      0.140
   351        111  (pi0)              -91   272     0   454   455     0     0      0.056      0.047    -54.599     54.599      0.135
   352       2112  n0                  91   273     0     0     0     0     0      0.163     -0.535   -197.804    197.807      0.940
   353       -211  pi-                 91   273     0     0     0     0     0     -0.289     -0.458   -126.471    126.472      0.140
   354        211  pi+                 91   282     0     0     0     0     0     -0.201     -0.692   -177.904    177.906      0.140
   355       -211  pi-                 91   282     0     0     0     0     0      0.010      0.279   -130.182    130.182      0.140
   356        211  pi+                 91   284     0     0     0     0     0      0.115     -0.283   -118.642    118.643      0.140
   357        111  (pi0)              -91   284     0   456   457     0     0      0.143      0.003     -5.035      5.039      0.135
   358        211  pi+                 91   291     0     0     0     0     0     -0.368     -0.365     -0.284      0.607      0.140
   359       -211  pi-                 91   291     0     0     0     0     0     -0.086      0.341      0.438      0.579      0.140
   360        130  K_L0                91   300   300     0     0     0     0     -0.391     -0.130    197.485    197.487      0.498
   361        310  K_S0                91   301   301     0     0     0     0      0.356      0.059   1709.527   1709.527      0.498
   362       2112  n0                  91   302     0     0     0     0     0     -0.069     -0.247    987.435    987.436      0.940
   363        211  pi+                 91   302     0     0     0     0     0      0.247     -0.075    733.467    733.467      0.140
   364        310  K_S0                91   311   311     0     0     0     0     -1.568     -4.171      2.343      5.059      0.498
   365        130  K_L0                91   323   323     0     0     0     0      1.677     -1.419      7.767      8.087      0.498
   366        130  K_L0                91   325   325     0     0     0     0      1.595     -0.851      5.595      5.901      0.498
   367        310  (K_S0)             -91   338   338   458   459     0     0     -0.395      1.411      1.205      1.961      0.498
   368         16  nu_tau              91   160     0     0     0     0     0      0.670      3.135     87.467     87.526      0.000
   369         13  mu-                 91   160     0     0     0     0     0     -0.663      1.026     38.154     38.174      0.106
   370        -14  nu_mubar            91   160     0     0     0     0     0     -0.096      0.774     16.606     16.624      0.000
   371         22  gamma               91   172     0     0     0     0     0     -0.004     -0.538      0.486      0.725      0.000
   372         22  gamma               91   172     0     0     0     0     0      0.031     -0.581      0.355      0.681      0.000
   373         22  gamma               91   182     0     0     0     0     0      0.078     -0.052      0.085      0.126      0.000
   374         22  gamma               91   182     0     0     0     0     0      0.218     -0.082      0.598      0.641      0.000
   375        211  pi+                 91   194     0     0     0     0     0      0.016      0.057      0.379      0.409      0.140
   376       -211  pi-                 91   194     0     0     0     0     0      0.252      0.220      2.858      2.881      0.140
   377        111  (pi0)              -91   194     0   460   461     0     0      0.720      0.138      4.047      4.115      0.135
   378        111  (pi0)              -91   199     0   462   464     0     0      0.487     -0.216      1.226      1.343      0.135
   379        111  (pi0)              -91   199     0   465   466     0     0      0.776     -0.248      1.486      1.701      0.135
   380        111  (pi0)              -91   199     0   467   468     0     0      0.970     -0.625      2.422      2.686      0.135
   381      20213  (a_1(1260)+)       -91   206     0   469   470     0     0      5.445     -6.551     20.485     22.225      1.325
   382       -411  (D-)               -91   206     0   471   473     0     0     28.108    -35.535    130.400    138.059      1.870
   383        321  K+                  91   212     0     0     0     0     0     -7.028    -29.542    324.932    326.348      0.494
   384       -321  K-                  91   212     0     0     0     0     0     -7.242    -31.500    345.229    346.739      0.494
   385         22  gamma               91   216     0     0     0     0     0     -0.827     -1.043     25.869     25.904      0.000
   386         22  gamma               91   216     0     0     0     0     0     -0.087     -0.052      1.808      1.811      0.000
   387        211  pi+                 91   217     0     0     0     0     0      0.064     -0.118      3.517      3.523      0.140
   388       -211  pi-                 91   217     0     0     0     0     0     -0.211     -0.424      5.648      5.670      0.140
   389        111  (pi0)              -91   217     0   474   475     0     0     -0.368     -0.388     13.670     13.681      0.135
   390         22  gamma               91   219     0     0     0     0     0     -0.248      0.011      4.644      4.651      0.000
   391         22  gamma               91   219     0     0     0     0     0     -0.491      0.095     13.307     13.316      0.000
   392       -521  (B-)               -91   234     0   476   479     0     0    -42.671     41.985     80.053    100.099      5.279
   393         22  gamma               91   234     0     0     0     0     0     -0.749      0.730      1.391      1.740      0.000
   394         22  gamma               91   241     0     0     0     0     0     -0.160      0.501      0.626      0.818      0.000
   395         22  gamma               91   241     0     0     0     0     0     -0.462      0.982      1.506      1.856      0.000
   396        111  (pi0)              -91   246     0   480   481     0     0     -0.029      0.153      0.864      0.888      0.135
   397        111  (pi0)              -91   246     0   482   483     0     0      0.088     -0.037      1.309      1.320      0.135
   398        111  (pi0)              -91   246     0   484   485     0     0     -0.050     -0.071      0.931      0.945      0.135
   399         22  gamma               91   249     0     0     0     0     0     -0.043     -0.087      1.370      1.373      0.000
   400         22  gamma               91   249     0     0     0     0     0     -0.812     -1.527     17.628     17.713      0.000
   401         22  gamma               91   251     0     0     0     0     0     -0.593     -4.782     59.450     59.645      0.000
   402         22  gamma               91   251     0     0     0     0     0     -0.576     -2.023     24.028     24.120      0.000
   403         22  gamma               91   257     0     0     0     0     0     -0.659     -1.670      1.213      2.166      0.000
   404         22  gamma               91   257     0     0     0     0     0     -0.288     -0.669      0.395      0.829      0.000
   405         22  gamma               91   258     0     0     0     0     0     -2.398     -7.250      6.494     10.024      0.000
   406         22  gamma               91   258     0     0     0     0     0     -0.761     -2.390      2.039      3.233      0.000
   407        113  (rho0)             -91   264     0   486   487     0     0      0.553     -0.239     -1.467      1.776      0.799
   408         22  gamma               91   264     0     0     0     0     0      0.151      0.095     -0.133      0.223      0.000
   409       2212  p+                  91   267     0     0     0     0     0      0.520      0.082     -5.762      5.861      0.938
   410        111  (pi0)              -91   267     0   488   489     0     0      0.142     -0.039     -2.897      2.904      0.135
   411         22  gamma               91   271     0     0     0     0     0      0.017      0.028     -2.718      2.719      0.000
   412         22  gamma               91   271     0     0     0     0     0      0.137      0.267     -7.036      7.042      0.000
   413        211  pi+                 91   290     0     0     0     0     0      0.300     -0.362     -0.267      0.558      0.140
   414       -211  pi-                 91   290     0     0     0     0     0      0.158     -0.148     -0.642      0.692      0.140
   415        111  (pi0)              -91   290     0   490   491     0     0      0.012      0.061     -0.102      0.180      0.135
   416         22  gamma               91   292     0     0     0     0     0      0.160      0.230      0.772      0.821      0.000
   417         22  gamma               91   292     0     0     0     0     0      0.024      0.068      0.494      0.499      0.000
   418        211  pi+                 91   293     0     0     0     0     0      0.176      0.166      0.124      0.306      0.140
   419       -211  pi-                 91   293     0     0     0     0     0      0.269     -0.099      0.354      0.476      0.140
   420        111  (pi0)              -91   293     0   492   493     0     0      0.034     -0.285      0.328      0.457      0.135
   421         22  gamma               91   294     0     0     0     0     0     -0.441      0.171      1.232      1.320      0.000
   422         22  gamma               91   294     0     0     0     0     0     -0.445      0.095      0.909      1.017      0.000
   423        211  pi+                 91   297     0     0     0     0     0     -0.181     -0.269      2.768      2.790      0.140
   424       -211  pi-                 91   297     0     0     0     0     0      0.036     -0.321      3.014      3.035      0.140
   425        111  (pi0)              -91   297     0   494   495     0     0      0.038      0.142      1.354      1.368      0.135
   426         22  gamma               91   304     0     0     0     0     0      0.009      0.011      0.009      0.016      0.000
   427         22  gamma               91   304     0     0     0     0     0     -0.305     -0.050     -0.080      0.319      0.000
   428         22  gamma               91   306     0     0     0     0     0     -1.358     -3.320      1.779      4.004      0.000
   429         22  gamma               91   306     0     0     0     0     0     -0.099     -0.350      0.195      0.413      0.000
   430         22  gamma               91   308     0     0     0     0     0     -0.110     -0.374      0.207      0.442      0.000
   431         22  gamma               91   308     0     0     0     0     0     -0.525     -1.948      1.430      2.473      0.000
   432         22  gamma               91   310     0     0     0     0     0     -0.248     -1.305      0.709      1.506      0.000
   433         22  gamma               91   310     0     0     0     0     0     -0.750     -2.877      1.569      3.361      0.000
   434         22  gamma               91   312     0     0     0     0     0     -1.425     -4.682      2.932      5.705      0.000
   435         22  gamma               91   312     0     0     0     0     0      0.003     -0.012      0.006      0.014      0.000
   436         22  gamma               91   318     0     0     0     0     0     -0.073     -0.161      0.175      0.249      0.000
   437         22  gamma               91   318     0     0     0     0     0     -0.009      0.027      0.013      0.031      0.000
   438         22  gamma               91   320     0     0     0     0     0      0.032     -0.033      0.394      0.396      0.000
   439         22  gamma               91   320     0     0     0     0     0      0.524     -0.223     10.062     10.078      0.000
   440         22  gamma               91   322     0     0     0     0     0      1.018     -1.321      6.101      6.325      0.000
   441         22  gamma               91   322     0     0     0     0     0      0.762     -0.831      4.342      4.486      0.000
   442         22  gamma               91   326     0     0     0     0     0      2.149     -1.295      8.512      8.874      0.000
   443         22  gamma               91   326     0     0     0     0     0      0.871     -0.577      3.287      3.449      0.000
   444        211  pi+                 91   327     0     0     0     0     0      0.940     -1.109      3.776      4.049      0.140
   445       -211  pi-                 91   327     0     0     0     0     0      1.017     -1.080      5.140      5.351      0.140
   446        211  pi+                 91   328     0     0     0     0     0      0.341     -0.555      1.369      1.523      0.140
   447       -211  pi-                 91   328     0     0     0     0     0      0.004      0.018      0.226      0.266      0.140
   448         22  gamma               91   330     0     0     0     0     0      0.260     -0.181      1.019      1.067      0.000
   449         22  gamma               91   330     0     0     0     0     0      0.514     -0.600      2.786      2.895      0.000
   450         22  gamma               91   334     0     0     0     0     0     -0.049     -0.045      0.432      0.437      0.000
   451         22  gamma               91   334     0     0     0     0     0      0.042     -0.106      2.029      2.032      0.000
   452         22  gamma               91   347     0     0     0     0     0      0.037     -0.271      0.456      0.532      0.000
   453         22  gamma               91   347     0     0     0     0     0     -0.042     -0.128      0.111      0.175      0.000
   454         22  gamma               91   351     0     0     0     0     0      0.100      0.032    -34.082     34.083      0.000
   455         22  gamma               91   351     0     0     0     0     0     -0.044      0.015    -20.517     20.517      0.000
   456         22  gamma               91   357     0     0     0     0     0      0.002     -0.018     -2.336      2.336      0.000
   457         22  gamma               91   357     0     0     0     0     0      0.141      0.021     -2.699      2.703      0.000
   458        211  pi+                 91   367     0     0     0     0     0     -0.045      0.229      0.072      0.281      0.140
   459       -211  pi-                 91   367     0     0     0     0     0     -0.350      1.183      1.132      1.680      0.140
   460         22  gamma               91   377     0     0     0     0     0      0.511      0.125      3.178      3.221      0.000
   461         22  gamma               91   377     0     0     0     0     0      0.208      0.013      0.869      0.894      0.000
   462         22  gamma               91   378     0     0     0     0     0      0.165     -0.143      0.447      0.497      0.000
   463         11  e-                  91   378     0     0     0     0     0      0.003     -0.000      0.007      0.008      0.001
   464        -11  e+                  91   378     0     0     0     0     0      0.319     -0.072      0.772      0.838      0.001
   465         22  gamma               91   379     0     0     0     0     0      0.354     -0.062      0.558      0.663      0.000
   466         22  gamma               91   379     0     0     0     0     0      0.423     -0.187      0.929      1.037      0.000
   467         22  gamma               91   380     0     0     0     0     0      0.518     -0.284      1.113      1.260      0.000
   468         22  gamma               91   380     0     0     0     0     0      0.452     -0.341      1.309      1.426      0.000
   469        321  K+                  91   381     0     0     0     0     0      2.856     -3.218      9.860     10.769      0.494
   470       -313  (K*bar0)           -91   381     0   496   497     0     0      2.589     -3.333     10.624     11.456      0.732
   471        333  (phi)              -91   382     0   498   499     0     0     10.317    -12.940     48.627     51.376      1.020
   472       -211  pi-                 91   382     0     0     0     0     0     10.895    -13.928     49.958     52.995      0.140
   473        111  (pi0)              -91   382     0   500   501     0     0      6.895     -8.666     31.815     33.687      0.135
   474         22  gamma               91   389     0     0     0     0     0     -0.207     -0.224      6.071      6.078      0.000
   475         22  gamma               91   389     0     0     0     0     0     -0.161     -0.165      7.599      7.603      0.000
   476        421  (D0)               -91   392     0   502   504     0     0    -18.509     19.221     35.326     44.311      1.865
   477      -2212  pbar-               91   392     0     0     0     0     0    -14.617     14.679     29.239     35.846      0.938
   478       2112  n0                  91   392     0     0     0     0     0     -6.528      5.523     10.716     13.741      0.940
   479        111  (pi0)              -91   392     0   505   506     0     0     -3.016      2.561      4.772      6.201      0.135
   480         22  gamma               91   396     0     0     0     0     0      0.002      0.058      0.646      0.649      0.000
   481         22  gamma               91   396     0     0     0     0     0     -0.031      0.094      0.218      0.239      0.000
   482         22  gamma               91   397     0     0     0     0     0      0.062     -0.065      1.209      1.212      0.000
   483         22  gamma               91   397     0     0     0     0     0      0.026      0.028      0.100      0.107      0.000
   484         22  gamma               91   398     0     0     0     0     0      0.034     -0.047      0.190      0.199      0.000
   485         22  gamma               91   398     0     0     0     0     0     -0.084     -0.024      0.741      0.746      0.000
   486        211  pi+                 91   407     0     0     0     0     0      0.456     -0.309     -1.486      1.591      0.140
   487       -211  pi-                 91   407     0     0     0     0     0      0.097      0.071      0.019      0.185      0.140
   488         22  gamma               91   410     0     0     0     0     0      0.093      0.034     -2.045      2.047      0.000
   489         22  gamma               91   410     0     0     0     0     0      0.050     -0.072     -0.852      0.857      0.000
   490         22  gamma               91   415     0     0     0     0     0     -0.021     -0.003      0.026      0.033      0.000
   491         22  gamma               91   415     0     0     0     0     0      0.033      0.064     -0.128      0.147      0.000
   492         22  gamma               91   420     0     0     0     0     0      0.064     -0.254      0.227      0.347      0.000
   493         22  gamma               91   420     0     0     0     0     0     -0.030     -0.032      0.101      0.110      0.000
   494         22  gamma               91   425     0     0     0     0     0      0.010      0.083      1.176      1.179      0.000
   495         22  gamma               91   425     0     0     0     0     0      0.028      0.060      0.178      0.190      0.000
   496       -311  (Kbar0)            -91   470     0   507   507     0     0      1.422     -1.968      6.398      6.862      0.498
   497        111  (pi0)              -91   470     0   508   509     0     0      1.167     -1.365      4.226      4.594      0.135
   498        321  K+                  91   471     0     0     0     0     0      5.492     -6.734     25.276     26.733      0.494
   499       -321  K-                  91   471     0     0     0     0     0      4.825     -6.206     23.351     24.643      0.494
   500         22  gamma               91   473     0     0     0     0     0      3.088     -3.989     14.503     15.355      0.000
   501         22  gamma               91   473     0     0     0     0     0      3.807     -4.677     17.312     18.332      0.000
   502       -321  K-                  91   476     0     0     0     0     0     -3.715      4.174      7.529      9.389      0.494
   503        211  pi+                 91   476     0     0     0     0     0     -3.227      4.016      6.654      8.417      0.140
   504        111  (pi0)              -91   476     0   510   511     0     0    -11.568     11.031     21.142     26.505      0.135
   505         22  gamma               91   479     0     0     0     0     0     -0.305      0.212      0.471      0.600      0.000
   506         22  gamma               91   479     0     0     0     0     0     -2.711      2.350      4.301      5.601      0.000
   507        310  K_S0                91   496   496     0     0     0     0      1.422     -1.968      6.398      6.862      0.498
   508         22  gamma               91   497     0     0     0     0     0      0.261     -0.304      1.093      1.165      0.000
   509         22  gamma               91   497     0     0     0     0     0      0.906     -1.061      3.133      3.429      0.000
   510         22  gamma               91   504     0     0     0     0     0    -10.502     10.042     19.274     24.137      0.000
   511         22  gamma               91   504     0     0     0     0     0     -1.066      0.989      1.869      2.368      0.000
                                   Charge sum:  2.000           Momentum sum:     -0.000      0.000     -0.000  13000.000  13000.000

 --------  End PYTHIA Event Listing  -----------------------------------------------------------------------------------------------
#--------------------------------------------------------------------------
#                     FastJet release 3.4.0 [fjcore]
#                 M. Cacciari, G.P. Salam and G. Soyez                  
#     A software package for jet finding and analysis at colliders      
#                           http://fastjet.fr                           
#	                                                                      
# Please cite EPJC72(2012)1896 [arXiv:1111.6097] if you use this package
# for scientific work and optionally PLB641(2006)57 [hep-ph/0512210].   
#                                                                       
# FastJet is provided without warranty under the GNU GPL v2 or higher.  
# It uses T. Chan's closest pair algorithm, S. Fortune's Voronoi code
# and 3rd party plugin jet algorithms. See COPYING file for details.
#--------------------------------------------------------------------------
 PYTHIA Warning in SimpleSpaceShower::pT2nextQCD: weight above unity  
 PYTHIA Warning in SimpleSpaceShower::pT2nextQCD: small daughter PDF  
 PYTHIA Error in BeamRemnants::setKinematics: kinematics construction failed  
 PYTHIA Warning in SimpleTimeShower::pTnext: negative dipole mass.  
 PYTHIA Warning in ColConfig::collect: negative-energy parton encountered  
 PYTHIA Error in Pythia::check: unmatched particle energy/momentum/mass  
 PYTHIA Warning in Pythia::check: not quite matched particle energy/momentum/mass  
 PYTHIA Error in Pythia::next: check of event revealed problems  
 PYTHIA Warning in SimpleTimeShower::findMEcorr: ME weight above PS one  
 PYTHIA Warning in StringFragmentation::fragmentToJunction: bad convergence junction rest frame  

 Pythia::next(): 1000 events have been generated 

 Pythia::next(): 2000 events have been generated 
 PYTHIA Warning in Pythia::check: energy-momentum not quite conserved  

 Pythia::next(): 3000 events have been generated 
 PYTHIA Error in StringFragmentation::fragment: stuck in joining  
 PYTHIA Error in Pythia::next: hadronLevel failed; try again  

 Pythia::next(): 4000 events have been generated 

 Pythia::next(): 5000 events have been generated 
 PYTHIA Warning in TauDecays::decay: maximum decay weight exceeded in tau decay  

 Pythia::next(): 6000 events have been generated 
 PYTHIA Error in SimpleSpaceShower::pT2nearThreshold: stuck in loop  

 Pythia::next(): 7000 events have been generated 
 PYTHIA Error in StringFragmentation::fragmentToJunction: caught in junction flavour loop  

 Pythia::next(): 8000 events have been generated 

 Pythia::next(): 9000 events have been generated 

 *-------  PYTHIA Event and Cross Section Statistics  -------------------------------------------------------------*
 |                                                                                                                 |
 | Subprocess                                    Code |            Number of events       |      sigma +- delta    |
 |                                                    |       Tried   Selected   Accepted |     (estimated) (mb)   |
 |                                                    |                                   |                        |
 |-----------------------------------------------------------------------------------------------------------------|
 |                                                    |                                   |                        |
 | Les Houches User Process(es)                  9999 |       10000      10000      10000 |   8.293e-08  0.000e+00 |
 |    ... whereof user classification code     322200 |       10000      10000      10000 |                        | 
 |                                                    |                                   |                        |
 | sum                                                |       10000      10000      10000 |   8.293e-08  0.000e+00 |
 |                                                                                                                 |
 *-------  End PYTHIA Event and Cross Section Statistics ----------------------------------------------------------*

 *-------  PYTHIA Error and Warning Messages Statistics  ----------------------------------------------------------* 
 |                                                                                                                 | 
 |  times   message                                                                                                | 
 |                                                                                                                 | 
 |      9   Error in BeamRemnants::setKinematics: kinematics construction failed                                   | 
 |     34   Error in Pythia::check: unmatched particle energy/momentum/mass                                        | 
 |      2   Error in Pythia::next: check of event revealed problems                                                | 
 |      4   Error in Pythia::next: hadronLevel failed; try again                                                   | 
 |      4   Error in SimpleSpaceShower::pT2nearThreshold: stuck in loop                                            | 
 |      3   Error in StringFragmentation::fragment: stuck in joining                                               | 
 |      1   Error in StringFragmentation::fragmentToJunction: caught in junction flavour loop                      | 
 |      6   Warning in ColConfig::collect: negative-energy parton encountered                                      | 
 |      1   Warning in MultipartonInteractions::init: maximum increased                                            | 
 |      1   Warning in Pythia::check: energy-momentum not quite conserved                                          | 
 |      4   Warning in Pythia::check: not quite matched particle energy/momentum/mass                              | 
 |   5050   Warning in SimpleSpaceShower::pT2nextQCD: small daughter PDF                                           | 
 |   3597   Warning in SimpleSpaceShower::pT2nextQCD: weight above unity                                           | 
 |     88   Warning in SimpleTimeShower::findMEcorr: ME weight above PS one                                        | 
 |     83   Warning in SimpleTimeShower::pTnext: negative dipole mass.                                             | 
 |     26   Warning in StringFragmentation::fragmentToJunction: bad convergence junction rest frame                | 
 |      1   Warning in TauDecays::decay: maximum decay weight exceeded in tau decay                                | 
 |      2   Warning in TimeShower::init: pTmin too low                                                             | 
 |                                                                                                                 | 
 *-------  End PYTHIA Error and Warning Messages Statistics  ------------------------------------------------------* 
Using LHE File: /nfs/dust/cms/user/amoroso/powheg/POWHEG-BOX-V2/ttJ_MiNNLOPS_v1.0_beta1/decay-ll/pwgevents-0928.lhe
less then 10000 events in LHE, using all LHE events
np.shape(P0) = (10000, 3, 9)
np.shape(nJets) = (10000, 2)
np.shape(jets_4vectors) = (10000, 20, 6)
