Configured CUDA from: /cvmfs/sft.cern.ch/lcg/releases/cuda/12.4-4899e/x86_64-el9-gcc11-opt

 *------------------------------------------------------------------------------------* 
 |                                                                                    | 
 |  *------------------------------------------------------------------------------*  | 
 |  |                                                                              |  | 
 |  |                                                                              |  | 
 |  |   PPP   Y   Y  TTTTT  H   H  III    A      Welcome to the Lund Monte Carlo!  |  | 
 |  |   P  P   Y Y     T    H   H   I    A A     This is PYTHIA version 8.309      |  | 
 |  |   PPP     Y      T    HHHHH   I   AAAAA    Last date of change: 16 Feb 2023  |  | 
 |  |   P       Y      T    H   H   I   A   A                                      |  | 
 |  |   P       Y      T    H   H  III  A   A    Now is 03 Sep 2024 at 19:05:18    |  | 
 |  |                                                                              |  | 
 |  |   Program documentation and an archive of historic versions is found on:     |  | 
 |  |                                                                              |  | 
 |  |                               https://pythia.org/                            |  | 
 |  |                                                                              |  | 
 |  |   PYTHIA is authored by a collaboration consisting of:                       |  | 
 |  |                                                                              |  | 
 |  |   Christian Bierlich, Nishita Desai, Leif Gellersen, Ilkka Helenius, Philip  |  | 
 |  |   Ilten, Leif Lonnblad, Stephen Mrenna, Stefan Prestel, Christian Preuss,    |  | 
 |  |   Torbjorn Sjostrand, Peter Skands, Marius Utheim and Rob Verheyen.          |  | 
 |  |                                                                              |  | 
 |  |   The complete list of authors, including contact information and            |  | 
 |  |   affiliations, can be found on https://pythia.org/.                         |  | 
 |  |   Problems or bugs should be reported on email at authors@pythia.org.        |  | 
 |  |                                                                              |  | 
 |  |   The main program reference is C. Bierlich et al,                           |  | 
 |  |   'A comprehensive guide to the physics and usage of Pythia 8.3',            |  | 
 |  |   SciPost Phys. Codebases 8-r8.3 (2022) [arXiv:2203.11601 [hep-ph]]          |  | 
 |  |                                                                              |  | 
 |  |   PYTHIA is released under the GNU General Public Licence version 2 or later.|  | 
 |  |   Please respect the MCnet Guidelines for Event Generator Authors and Users. |  | 
 |  |                                                                              |  | 
 |  |   Disclaimer: this program comes without any guarantees.                     |  | 
 |  |   Beware of errors and use common sense when interpreting results.           |  | 
 |  |                                                                              |  | 
 |  |   Copyright (C) 2023 Torbjorn Sjostrand                                      |  | 
 |  |                                                                              |  | 
 |  |                                                                              |  | 
 |  *------------------------------------------------------------------------------*  | 
 |                                                                                    | 
 *------------------------------------------------------------------------------------* 


 *-------  PYTHIA Process Initialization  --------------------------*
 |                                                                  |
 | We collide p+ with p+ at a CM energy of 1.300e+04 GeV            |
 |                                                                  |
 |------------------------------------------------------------------|
 |                                                    |             |
 | Subprocess                                    Code |   Estimated |
 |                                                    |    max (mb) |
 |                                                    |             |
 |------------------------------------------------------------------|
 |                                                    |             |
 | Les Houches User Process(es)                  9999 |   1.000e-09 |
 |                                                                  |
 *-------  End PYTHIA Process Initialization -----------------------*
 PYTHIA Warning in TimeShower::init: pTmin too low , raised to 0.611

 *-------  PYTHIA Multiparton Interactions Initialization  ---------* 
 |                                                                  | 
 |                   sigmaNonDiffractive =    55.51 mb              | 
 |                                                                  | 
 |    pT0 =  1.44 gives sigmaInteraction =   397.87 mb: accepted    | 
 |                                                                  | 
 *-------  End PYTHIA Multiparton Interactions Initialization  -----* 

 *-------  PYTHIA Flag + Mode + Parm + Word + FVec + MVec + PVec + WVec Settings (changes only)  ------------------* 
 |                                                                                                                 | 
 | Name                                          |                      Now |      Default         Min         Max | 
 |                                               |                          |                                      | 
 | Beams:frameType                               |                        4 |            1           1           5 | 
 | Beams:LHEF                                    | /nfs/dust/cms/user/amoroso/powheg/POWHEG-BOX-V2/ttJ_MiNNLOPS_v1.0_beta1/decay-ll/pwgevents-0551.lhe |         void | 
 | ColourReconnection:range                      |                  5.17600 |      1.80000         0.0    10.00000 | 
 | Main:timesAllowErrors                         |                      500 |           10           0             | 
 | MultipartonInteractions:alphaSorder           |                        2 |            1           0           3 | 
 | MultipartonInteractions:alphaSvalue           |                  0.11800 |      0.13000   0.0600000     0.25000 | 
 | MultipartonInteractions:bProfile              |                        2 |            3           0           4 | 
 | MultipartonInteractions:coreFraction          |                  0.63000 |      0.50000         0.0     1.00000 | 
 | MultipartonInteractions:coreRadius            |                  0.76340 |      0.40000     0.10000     1.00000 | 
 | MultipartonInteractions:ecmPow                |                0.0334400 |      0.21500         0.0     0.50000 | 
 | MultipartonInteractions:pT0Ref                |                  1.41000 |      2.28000     0.50000    10.00000 | 
 | ParticleDecays:limitTau                       |                       on |          off                         | 
 | PartonLevel:FSR                               |                      off |           on                         | 
 | PDF:pSet                                      |                       20 |           13                         | 
 | Random:seed                                   |                      551 |           -1               900000000 | 
 | Random:setSeed                                |                       on |          off                         | 
 | SigmaProcess:alphaSorder                      |                        2 |            1           0           3 | 
 | SigmaProcess:alphaSvalue                      |                  0.11800 |      0.13000   0.0600000     0.25000 | 
 | SigmaTotal:mode                               |                        0 |            1           0           4 | 
 | SigmaTotal:sigmaEl                            |                 21.89000 |     25.00000         0.0             | 
 | SigmaTotal:sigmaTot                           |                100.30900 |    100.00000         0.0             | 
 | SigmaTotal:zeroAXB                            |                      off |           on                         | 
 | SpaceShower:alphaSorder                       |                        2 |            1           0           3 | 
 | SpaceShower:alphaSvalue                       |                  0.11800 |      0.13650   0.0600000     0.25000 | 
 | SpaceShower:dipoleRecoil                      |                       on |          off                         | 
 | SpaceShower:pTmaxMatch                        |                        1 |            0           0           2 | 
 | TimeShower:alphaSorder                        |                        2 |            1           0           3 | 
 | TimeShower:alphaSvalue                        |                  0.11800 |      0.13650   0.0600000     0.25000 | 
 |                                                                                                                 | 
 *-------  End PYTHIA Flag + Mode + Parm + Word + FVec + MVec + PVec + WVec Settings  -----------------------------* 

 --------  PYTHIA Particle Data Table (changed only)  ------------------------------------------------------------------------------
 
      id   name            antiName         spn chg col      m0        mWidth      mMin       mMax       tau0    res dec ext vis wid
             no onMode   bRatio   meMode     products 

       6  t                tbar               2   2   1  173.00000    1.36916   86.00000    0.00000  1.44122e-13   1   1   0   1   0
              0     1   0.0000664    0       24        1 
              1     1   0.0017361    0       24        3 
              2     1   0.9981975    0       24        5 
              3     1   0.0000000    0       37        5 

 --------  End PYTHIA Particle Data Table  -----------------------------------------------------------------------------------------


 --------  LHA event information and listing  ---------------------------------------------------------------------- 

    process =   322200    weight =   1.0325e+02     scale =   6.8268e+01 (GeV) 
                        alpha_em =  -1.0000e+00    alpha_strong =   1.3178e-01

    Participating Particles 
    no        id stat     mothers     colours      p_x        p_y        p_z         e          m        tau    spin 
     1        21   -1     0     0   511   512      0.000      0.000     27.021     27.021      0.000   0.000   9.000
     2         2   -1     0     0   512     0      0.000      0.000  -2650.030   2650.030      0.000   0.000   9.000
     3         6    2     1     2   511     0    -73.579    109.683   -806.994    836.228    174.909   0.000   9.000
     4        -6    2     1     2     0   513    102.998    -62.601  -1314.575   1331.161    171.337   0.000   9.000
     5        21    1     1     2   513   514     -2.110    -42.736   -123.314    130.526      0.000   0.000   9.000
     6         2    1     1     2   514     0    -27.309     -4.345   -378.126    379.136      0.000   0.000   9.000
     7         5    1     3     3   511     0      8.373    101.037   -314.735    330.697      4.920   0.000  -1.000
     8        24    2     3     3     0     0    -81.953      8.646   -492.259    505.531     80.316   0.000   9.000
     9        -5    1     4     4     0   513     75.815     17.952   -305.159    314.986      4.920   0.000   1.000
    10       -24    2     4     4     0     0     27.183    -80.552  -1009.416   1016.175     80.400   0.000   9.000
    11       -11    1     8     8     0     0     -9.394     -0.610     -1.723      9.571      0.001   0.000   1.000
    12        12    1     8     8     0     0    -72.558      9.256   -490.536    495.960      0.000   0.000  -1.000
    13        15    1    10    10     0     0     49.984    -24.463   -425.047    428.678      1.777   0.000  -1.000
    14       -16    1    10    10     0     0    -22.801    -56.089   -584.369    587.497      0.000   0.000   1.000

 --------  End LHA event information and listing  ------------------------------------------------------------------ 

 --------  PYTHIA Info Listing  ---------------------------------------- 
 
 Beam A: id =   2212, pz =  6.500e+03, e =  6.500e+03, m =  9.383e-01.
 Beam B: id =   2212, pz = -6.500e+03, e =  6.500e+03, m =  9.383e-01.

 In 1: id =   21, x =  4.157e-03, pdf =  0.000e+00 at Q2 =  4.661e+03.
 In 2: id =    2, x =  4.077e-01, pdf =  0.000e+00 at same Q2.

 Process Les Houches User Process(es) with code 9999 is 2 -> 4.
 Subprocess user process 322200 with code 322200 is 2 -> 4.
     alphaEM =  7.792e-03,  alphaS =  1.318e-01    at Q2 =  4.661e+03.

 Impact parameter b =  1.133e+00 gives enhancement factor =  3.354e-01.
 Max pT scale for MPI =  1.300e+04, ISR =  6.827e+01, FSR =  6.827e+01.
 Number of MPI =     6, ISR =     7, FSRproc =     0, FSRreson =     0.

 --------  End PYTHIA Info Listing  ------------------------------------

 --------  PYTHIA Event Listing  (hard process)  -----------------------------------------------------------------------------------
 
    no         id  name            status     mothers   daughters     colours      p_x        p_y        p_z         e          m 
     0         90  (system)           -11     0     0     0     0     0     0      0.000      0.000      0.000  13000.000  13000.000
     1       2212  (p+)               -12     0     0     3     0     0     0      0.000      0.000   6500.000   6500.000      0.938
     2       2212  (p+)               -12     0     0     4     0     0     0      0.000      0.000  -6500.000   6500.000      0.938
     3         21  (g)                -21     1     0     5     8   511   512      0.000      0.000     27.021     27.021      0.000
     4          2  (u)                -21     2     0     5     8   512     0      0.000      0.000  -2650.030   2650.030      0.000
     5          6  (t)                -22     3     4     9    10   511     0    -73.579    109.683   -806.994    836.228    174.909
     6         -6  (tbar)             -22     3     4    11    12     0   513    102.998    -62.601  -1314.575   1331.161    171.337
     7         21  g                   23     3     4     0     0   513   514     -2.110    -42.736   -123.314    130.526      0.000
     8          2  u                   23     3     4     0     0   514     0    -27.309     -4.345   -378.126    379.136      0.000
     9          5  b                   23     5     0     0     0   511     0      8.373    101.037   -314.735    330.697      4.920
    10         24  (W+)               -22     5     0    13    14     0     0    -81.953      8.646   -492.259    505.531     80.316
    11         -5  bbar                23     6     0     0     0     0   513     75.815     17.952   -305.159    314.986      4.920
    12        -24  (W-)               -22     6     0    15    16     0     0     27.183    -80.552  -1009.416   1016.175     80.400
    13        -11  e+                  23    10     0     0     0     0     0     -9.394     -0.610     -1.723      9.571      0.001
    14         12  nu_e                23    10     0     0     0     0     0    -72.558      9.256   -490.536    495.960      0.000
    15         15  tau-                23    12     0     0     0     0     0     49.984    -24.463   -425.047    428.678      1.777
    16        -16  nu_taubar           23    12     0     0     0     0     0    -22.801    -56.089   -584.369    587.497      0.000
                                   Charge sum:  0.667           Momentum sum:      0.000      0.000  -2623.008   2677.051    535.191

 --------  End PYTHIA Event Listing  -----------------------------------------------------------------------------------------------

 --------  PYTHIA Event Listing  (complete event)  ---------------------------------------------------------------------------------
 
    no         id  name            status     mothers   daughters     colours      p_x        p_y        p_z         e          m 
     0         90  (system)           -11     0     0     0     0     0     0      0.000      0.000      0.000  13000.000  13000.000
     1       2212  (p+)               -12     0     0    84     0     0     0      0.000      0.000   6500.000   6500.000      0.938
     2       2212  (p+)               -12     0     0    85     0     0     0      0.000      0.000  -6500.000   6500.000      0.938
     3         21  (g)                -21     9     0     5     8   511   512      0.000      0.000     27.021     27.021      0.000
     4          2  (u)                -21    10    10     5     8   512     0      0.000      0.000  -2650.030   2650.030      0.000
     5          6  (t)                -22     3     4    11    11   511     0    -73.579    109.683   -806.994    836.228    174.909
     6         -6  (tbar)             -22     3     4    12    12     0   513    102.998    -62.601  -1314.575   1331.161    171.337
     7         21  (g)                -23     3     4    13    13   513   514     -2.110    -42.736   -123.314    130.526      0.000
     8          2  (u)                -23     3     4    14    14   514     0    -27.309     -4.345   -378.126    379.136      0.000
     9         21  (g)                -41    16     0    15     3   515   512      0.000      0.000     28.938     28.938      0.000
    10          2  (u)                -42    17    17     4     4   512     0      0.000      0.000  -2650.030   2650.030      0.000
    11          6  (t)                -44     5     5    18    18   511     0    -60.930    107.174   -789.164    817.662    174.909
    12         -6  (tbar)             -44     6     6    19    19     0   513    102.998    -62.601  -1314.575   1331.161    171.337
    13         21  (g)                -44     7     7    20    20   513   514     -2.110    -42.736   -123.314    130.526      0.000
    14          2  (u)                -44     8     8    21    21   514     0    -27.309     -4.345   -378.126    379.136      0.000
    15         21  (g)                -43     9     0    22    22   515   511    -12.649      2.509    -15.914     20.483      0.000
    16         21  (g)                -41    24    24    23     9   515   516      0.000     -0.000     33.280     33.280      0.000
    17          2  (u)                -42    25     0    10    10   512     0      0.000      0.000  -2650.030   2650.030      0.000
    18          6  (t)                -44    11    11    26    26   511     0    -65.835    107.572   -799.472    828.043    174.909
    19         -6  (tbar)             -44    12    12    27    27     0   513    100.143    -62.369  -1292.894   1309.523    171.337
    20         21  (g)                -44    13    13    28    28   513   514     -3.351    -42.636   -122.856    130.087      0.000
    21          2  (u)                -44    14    14    29    29   514     0    -27.483     -4.331   -381.809    382.821      0.000
    22         21  (g)                -44    15    15    30    30   515   511    -13.436      2.573    -18.136     22.717      0.000
    23         21  (g)                -43    16     0    31    31   512   516      9.961     -0.809     -1.582     10.119      0.000
    24         21  (g)                -42    33    33    16    16   515   516      0.000     -0.000     33.280     33.280      0.000
    25          2  (u)                -41    34     0    32    17   517     0      0.000     -0.000  -2668.561   2668.561      0.000
    26          6  (t)                -44    18    18    35    35   511     0    -65.835    107.572   -799.472    828.043    174.909
    27         -6  (tbar)             -44    19    19    36    36     0   513    100.143    -62.369  -1292.894   1309.523    171.337
    28         21  (g)                -44    20    20    37    37   513   514     -3.351    -42.636   -122.856    130.087      0.000
    29          2  (u)                -44    21    21    38    38   514     0    -27.483     -4.331   -381.809    382.821      0.000
    30         21  (g)                -44    22    22    39    39   515   511    -13.436      2.573    -18.136     22.717      0.000
    31         21  (g)                -44    23    23    40    40   512   516     -1.291     -2.502      2.220      3.585      0.000
    32         21  (g)                -43    25     0    41    41   517   512     11.252      1.692    -22.334     25.065      0.000
    33         21  (g)                -42    43     0    24    24   515   516      0.000     -0.000     33.280     33.280      0.000
    34          2  (u)                -41    44    44    42    25   518     0      0.000      0.000  -2698.230   2698.230      0.000
    35          6  (t)                -44    26    26    45    45   511     0    -65.835    107.572   -799.472    828.043    174.909
    36         -6  (tbar)             -44    27    27    46    46     0   513    100.143    -62.369  -1292.894   1309.523    171.337
    37         21  (g)                -44    28    28    47    47   513   514     -3.351    -42.636   -122.856    130.087      0.000
    38          2  (u)                -44    29    29    48    48   514     0    -27.483     -4.331   -381.809    382.821      0.000
    39         21  (g)                -44    30    30    49    49   515   511    -13.436      2.573    -18.136     22.717      0.000
    40         21  (g)                -44    31    31    50    50   512   516     -1.291     -2.502      2.220      3.585      0.000
    41         21  (g)                -44    32    32    51    51   517   512      7.748      7.084    -28.673     30.534      0.000
    42         21  (g)                -43    34     0    52    52   518   517      3.504     -5.392    -23.329     24.199      0.000
    43         21  (g)                -41    84    84    53    33   519   516      0.000      0.000    454.302    454.302      0.000
    44          2  (u)                -42    85    85    34    34   518     0      0.000      0.000  -2698.230   2698.230      0.000
    45          6  (t)                -44    35    35    86    86   511     0    -65.835    107.572   -799.472    828.043    174.909
    46         -6  (tbar)             -44    36    36    87    87     0   513    100.143    -62.369  -1292.894   1309.523    171.337
    47         21  (g)                -44    37    37    88    88   513   514     -3.351    -42.636   -122.856    130.087      0.000
    48          2  (u)                -44    38    38    89    89   514     0    -27.483     -4.331   -381.809    382.821      0.000
    49         21  (g)                -44    39    39    90    90   515   511    -13.436      2.573    -18.136     22.717      0.000
    50         21  (g)                -44    40    40    91    91   512   516     -3.190     -1.350      3.734      5.093      0.000
    51         21  (g)                -44    41    41    92    92   517   512      7.748      7.084    -28.673     30.534      0.000
    52         21  (g)                -44    42    42    93    93   518   517      3.504     -5.392    -23.329     24.199      0.000
    53         21  (g)                -43    43     0    94    94   519   515      1.899     -1.152    419.508    419.514      0.000
    54         21  (g)                -31    58     0    56    57   520   521      0.000      0.000     66.586     66.586      0.000
    55         21  (g)                -31    59    59    56    57   522   520      0.000      0.000     -0.047      0.047      0.000
    56         21  (g)                -33    54    55    60    60   522   523     -0.845     -0.965     10.313     10.392      0.000
    57         21  (g)                -33    54    55    61    61   523   521      0.845      0.965     56.226     56.240      0.000
    58         21  (g)                -41    95    95    62    54   524   521      0.000     -0.000   1161.477   1161.477      0.000
    59         21  (g)                -42    96    96    55    55   522   520     -0.000      0.000     -0.047      0.047      0.000
    60         21  (g)                -44    56    56    97    97   522   523     -0.713     -1.002     10.998     11.067      0.000
    61         21  (g)                -44    57    57    98    98   523   521      1.560      0.765     59.911     59.937      0.000
    62         21  (g)                -43    58     0    99    99   524   520     -0.846      0.237   1090.520   1090.521      0.000
    63         21  (g)                -31    79     0    65    66   525   526      0.000      0.000      0.683      0.683      0.000
    64         21  (g)                -31    80    80    65    66   526   527      0.000      0.000    -76.427     76.427      0.000
    65         21  (g)                -33    63    64    81    81   525   528      0.251      0.814      0.414      0.947      0.000
    66         21  (g)                -33    63    64    82    82   528   527     -0.251     -0.814    -76.158     76.163      0.000
    67         21  (g)                -31   105   105    69    70   530   529      0.000      0.000    230.391    230.391      0.000
    68         21  (g)                -31   106   106    69    70   531   530      0.000      0.000     -0.014      0.014      0.000
    69         21  (g)                -33    67    68   107   107   532   529      0.120      0.651    222.114    222.115      0.000
    70         21  (g)                -33    67    68   108   108   531   532     -0.120     -0.651      8.263      8.289      0.000
    71         21  (g)                -31   109   109    73    74   533   534      0.000      0.000      0.016      0.016      0.000
    72         21  (g)                -31   110   110    73    74   535   533      0.000      0.000    -49.617     49.617      0.000
    73         21  (g)                -33    71    72   111   111   535   536     -0.088     -0.641    -42.126     42.131      0.000
    74         21  (g)                -33    71    72   112   112   536   534      0.088      0.641     -7.475      7.503      0.000
    75         21  (g)                -31   113   113    77    78   538   537      0.000      0.000    319.661    319.661      0.000
    76         21  (g)                -31   114   114    77    78   539   538      0.000      0.000    -31.149     31.149      0.000
    77         21  (g)                -33    75    76   115   115   540   537     -0.541      0.102    319.658    319.658      0.000
    78         21  (g)                -33    75    76   116   116   539   540      0.541     -0.102    -31.147     31.151      0.000
    79         -2  (ubar)             -41   100   100    83    63     0   526      0.000     -0.000     28.427     28.427      0.000
    80         21  (g)                -42   101   101    64    64   526   527     -0.000     -0.000    -76.427     76.427      0.000
    81         21  (g)                -44    65    65   102   102   525   528      0.197      0.428      0.599      0.762      0.000
    82         21  (g)                -44    66    66   103   103   528   527     -0.251     -0.815    -76.341     76.345      0.000
    83         -2  (ubar)             -43    79     0   104   104     0   525      0.054      0.387     27.741     27.746      0.330
    84         21  (g)                -61     1     0    43    43   519   516      0.162     -3.342    454.296    454.308      0.000
    85          2  (u)                -61     2     0    44    44   527     0     -1.670      1.946  -2698.224   2698.225      0.000
    86          6  (t)                -62    45    45   121   122   511     0    -66.333    108.054   -799.004    827.693    174.909
    87         -6  (tbar)             -62    46    46   123   124     0   513     99.341    -61.491  -1293.192   1309.715    171.337
    88         21  (g)                -62    47    47   131   131   513   514     -3.428    -42.571   -123.027    130.229      0.000
    89          2  (u)                -62    48    48   130   130   514     0    -27.719     -4.059   -381.812    382.838      0.000
    90         21  (g)                -62    49    49   224   224   515   511    -13.447      2.571    -18.119     22.710      0.000
    91         21  (g)                -62    50    50   155   155   512   531     -3.189     -1.382      3.730      5.098      0.000
    92         21  (g)                -62    51    51   156   156   517   512      7.730      7.099    -28.648     30.510      0.000
    93         21  (g)                -62    52    52   157   157   518   517      3.490     -5.378    -23.353     24.217      0.000
    94         21  (g)                -62    53    53   227   227   519   523      2.049     -4.238    419.497    419.523      0.000
    95         21  (g)                -61     1     0    58    58   520   520      1.069      1.427   1163.517   1163.518      0.000
    96         21  (g)                -61     2     0    59    59   521   521      0.657     -0.895      6.547      6.641      0.000
    97         21  (g)                -62    60    60   153   153   522   532     -0.221     -1.634     20.509     20.575      0.000
    98         21  (g)                -62    61    61   226   226   523   525      1.794      0.603     65.231     65.259      0.000
    99         21  (g)                -62    62    62   151   151   524   540      0.153      1.563   1084.323   1084.324      0.000
   100         -2  (ubar)             -61     1     0    79    79     0   526     -0.506      0.588     28.421     28.432      0.000
   101         21  (g)                -61     2     0    80    80   526   527     -0.391     -0.547    -76.424     76.427      0.000
   102         21  (g)                -62    81    81   225   225   525   515      0.185      0.442      0.595      0.763      0.000
   103         21  (g)                -62    82    82   160   160   527   535     -0.642     -1.361    -76.328     76.343      0.000
   104         -2  (ubar)             -62    83    83   161   161     0   527     -0.440      0.961     27.731     27.753      0.330
   105         21  (g)                -61     1     0    67    67   530   530     -0.295      0.280    232.990    232.990      0.000
   106         21  (g)                -61     2     0    68    68   529   529     -0.229      0.477      4.992      5.020      0.000
   107         21  (g)                -62    69    69   152   152   532   524     -0.185      0.951    235.108    235.110      0.000
   108         21  (g)                -62    70    70   154   154   531   522     -0.339     -0.193      2.873      2.900      0.000
   109         21  (g)                -61     1     0    71    71   533   533     -0.308      0.168     -2.057      2.086      0.000
   110         21  (g)                -61     2     0    72    72   534   534      0.488     -0.311    -47.944     47.948      0.000
   111         21  (g)                -62    73    73   129     0   535   539      0.253     -0.863    -38.463     38.474      0.000
   112         21  (g)                -62    74    74   158   158   536   518     -0.073      0.720    -11.538     11.560      0.000
   113         21  (g)                -61     1     0    75    75   538   538      0.218     -0.550    319.663    319.663      0.000
   114         21  (g)                -61     2     0    76    76   537   537     -0.012     -0.663    -31.146     31.153      0.000
   115         21  (g)                -62    77    77   150   150   540   516     -0.322     -0.448    319.660    319.660      0.000
   116         21  (g)                -62    78    78   129     0   539   536      0.529     -0.764    -31.143     31.156      0.000
   117       2101  (ud_0)             -63     1     0   228   228     0   519     -0.230      0.947   2938.170   2938.170      0.579
   118          2  (u)                -63     1     0   206   206   526     0      0.439      0.151    244.911    244.912      0.330
   119          2  (u)                -63     1     0   149   149   516     0     -0.550      0.331   1106.397   1106.397      0.330
   120       2101  (ud_0)             -63     2     0   207   207     0   526      1.157     -0.008  -3644.109   3644.110      0.579
   121          5  (b)                -23    86     0   223   223   511     0     11.240    100.392   -311.574    327.578      4.920
   122         24  (W+)               -22    86     0   125   126     0     0    -77.573      7.661   -487.430    500.115     80.316
   123         -5  (bbar)             -23    87     0   132   132     0   513     74.949     18.214   -300.099    309.892      4.920
   124        -24  (W-)               -22    87     0   127   128     0     0     24.391    -79.706   -993.093    999.823     80.400
   125        -11  e+                  23   122     0     0     0     0     0     -9.312     -0.629     -1.632      9.474      0.001
   126         12  nu_e                23   122     0     0     0     0     0    -68.262      8.290   -485.799    490.641      0.000
   127         15  (tau-)             -23   124     0   331   332     0     0     48.806    -24.106   -418.161    421.693      1.777
   128        -16  nu_taubar           23   124     0     0     0     0     0    -24.415    -55.600   -574.931    578.129      0.000
   129         21  (g)                -73   111   116   159   159   535   536      0.782     -1.627    -69.606     69.630      0.367
   130          2  (u)                -71    89    89   133   148   514     0    -27.719     -4.059   -381.812    382.838      0.000
   131         21  (g)                -71    88    88   133   148   513   514     -3.428    -42.571   -123.027    130.229      0.000
   132         -5  (bbar)             -71   123   123   133   148     0   513     74.949     18.214   -300.099    309.892      4.920
   133        111  (pi0)              -83   130   132   333   334     0     0     -7.657     -1.193   -102.115    102.409      0.135
   134        213  (rho+)             -83   130   132   258   259     0     0    -12.074     -1.594   -167.418    167.863      0.935
   135        221  (eta)              -83   130   132   335   336     0     0     -5.967     -1.521    -81.382     81.617      0.548
   136       -213  (rho-)             -83   130   132   260   261     0     0     -1.482     -0.027    -23.922     23.975      0.577
   137        111  (pi0)              -83   130   132   337   338     0     0     -0.881     -1.076     -3.720      3.974      0.135
   138       2112  n0                  83   130   132     0     0     0     0      0.271     -0.779     -6.214      6.339      0.940
   139       -311  (Kbar0)            -83   130   132   262   262     0     0      0.187     -0.663     -3.665      3.762      0.498
   140      -3112  Sigmabar+           84   130   132     0     0     0     0     -0.920     -6.977    -19.916     21.156      1.197
   141        111  (pi0)              -84   130   132   339   340     0     0     -0.342     -5.685    -17.597     18.496      0.135
   142       1114  (Delta-)           -84   130   132   263   264     0     0     -0.574     -5.788    -17.115     18.129      1.380
   143        113  (rho0)             -84   130   132   265   266     0     0     -1.109    -14.039    -40.490     42.877      0.821
   144      -2114  (Deltabar0)        -84   130   132   267   268     0     0      0.059     -4.340    -13.497     14.230      1.216
   145       2224  (Delta++)          -84   130   132   269   270     0     0     -0.285     -2.459     -9.740     10.129      1.259
   146       -213  (rho-)             -84   130   132   271   272     0     0      1.472     -0.195     -4.651      4.938      0.738
   147      -2214  (Deltabar-)        -84   130   132   273   274     0     0     11.130      2.875    -46.437     47.856      1.262
   148        521  (B+)               -84   130   132   341   342     0     0     61.974     15.044   -247.057    255.210      5.279
   149          2  (u)                -71   119   119   162   205   516     0     -0.550      0.331   1106.397   1106.397      0.330
   150         21  (g)                -71   115   115   162   205   540   516     -0.322     -0.448    319.660    319.660      0.000
   151         21  (g)                -71    99    99   162   205   524   540      0.153      1.563   1084.323   1084.324      0.000
   152         21  (g)                -71   107   107   162   205   532   524     -0.185      0.951    235.108    235.110      0.000
   153         21  (g)                -71    97    97   162   205   522   532     -0.221     -1.634     20.509     20.575      0.000
   154         21  (g)                -71   108   108   162   205   531   522     -0.339     -0.193      2.873      2.900      0.000
   155         21  (g)                -71    91    91   162   205   512   531     -3.189     -1.382      3.730      5.098      0.000
   156         21  (g)                -71    92    92   162   205   517   512      7.730      7.099    -28.648     30.510      0.000
   157         21  (g)                -71    93    93   162   205   518   517      3.490     -5.378    -23.353     24.217      0.000
   158         21  (g)                -71   112   112   162   205   536   518     -0.073      0.720    -11.538     11.560      0.000
   159         21  (g)                -71   129   129   162   205   535   536      0.782     -1.627    -69.606     69.630      0.367
   160         21  (g)                -71   103   103   162   205   527   535     -0.642     -1.361    -76.328     76.343      0.000
   161         -2  (ubar)             -71   104   104   162   205     0   527     -0.440      0.961     27.731     27.753      0.330
   162        321  K+                  83   149   161     0     0     0     0     -0.414     -0.116    609.153    609.154      0.494
   163       -311  (Kbar0)            -83   149   161   275   275     0     0     -0.377      1.191   1291.040   1291.041      0.498
   164        111  (pi0)              -83   149   161   343   344     0     0     -0.146     -0.211     52.798     52.799      0.135
   165       -211  pi-                 83   149   161     0     0     0     0     -0.392     -0.070     82.936     82.937      0.140
   166        211  pi+                 83   149   161     0     0     0     0      0.522      0.862    547.852    547.853      0.140
   167       -213  (rho-)             -83   149   161   276   277     0     0     -0.107      0.371     96.658     96.666      1.189
   168        111  (pi0)              -83   149   161   345   346     0     0     -0.344     -0.185     30.747     30.750      0.135
   169        211  pi+                 83   149   161     0     0     0     0      0.458     -0.067      5.399      5.421      0.140
   170        111  (pi0)              -83   149   161   347   348     0     0     -0.709     -0.430     15.700     15.722      0.135
   171       -211  pi-                 83   149   161     0     0     0     0      0.785     -0.020     20.456     20.472      0.140
   172        213  (rho+)             -83   149   161   278   279     0     0     -0.573     -0.368      9.552      9.617      0.882
   173       -211  pi-                 83   149   161     0     0     0     0     -0.532     -0.277      2.365      2.443      0.140
   174        111  (pi0)              -83   149   161   349   350     0     0      0.176     -0.140      1.769      1.788      0.135
   175        223  (omega)            -83   149   161   351   353     0     0     -0.993     -0.420      2.293      2.652      0.782
   176        213  (rho+)             -83   149   161   280   281     0     0     -0.071     -0.560      0.565      1.015      0.627
   177        111  (pi0)              -83   149   161   354   355     0     0     -0.434      0.427      1.020      1.196      0.135
   178       -213  (rho-)             -83   149   161   282   283     0     0     -0.645     -0.742      1.625      2.037      0.739
   179        211  pi+                 83   149   161     0     0     0     0     -0.602      0.128      0.047      0.633      0.140
   180        311  (K0)               -83   149   161   284   284     0     0     -0.167      0.564     -0.996      1.259      0.498
   181       -323  (K*-)              -83   149   161   285   286     0     0      0.794      0.132     -1.547      1.924      0.814
   182        323  (K*+)              -84   149   161   287   288     0     0      1.973      1.877     -8.637      9.116      1.044
   183       -321  K-                  84   149   161     0     0     0     0      1.508      1.222     -4.905      5.298      0.494
   184        211  pi+                 84   149   161     0     0     0     0      0.658      0.151     -3.058      3.135      0.140
   185       -213  (rho-)             -84   149   161   289   290     0     0      2.526      2.283     -8.072      8.791      0.726
   186        211  pi+                 84   149   161     0     0     0     0      0.476     -0.716     -4.994      5.069      0.140
   187       -211  pi-                 84   149   161     0     0     0     0      0.414     -1.137     -3.032      3.268      0.140
   188        111  (pi0)              -84   149   161   356   357     0     0      0.589      0.073     -1.610      1.722      0.135
   189        211  pi+                 84   149   161     0     0     0     0      0.739      0.050     -6.005      6.052      0.140
   190       -211  pi-                 84   149   161     0     0     0     0      0.120     -0.249     -1.197      1.236      0.140
   191        211  pi+                 84   149   161     0     0     0     0      0.695     -0.953     -4.167      4.333      0.140
   192       -211  pi-                 84   149   161     0     0     0     0     -0.202     -0.158     -2.036      2.057      0.140
   193       2212  p+                  84   149   161     0     0     0     0      0.287     -0.626     -3.941      4.110      0.938
   194      -2212  pbar-               84   149   161     0     0     0     0      0.968     -1.135    -25.502     25.563      0.938
   195        213  (rho+)             -84   149   161   291   292     0     0     -0.373     -0.344    -26.637     26.652      0.768
   196       -211  pi-                 84   149   161     0     0     0     0      0.101     -0.402    -13.676     13.683      0.140
   197        211  pi+                 84   149   161     0     0     0     0      0.260      0.075    -16.994     16.997      0.140
   198        311  (K0)               -84   149   161   293   293     0     0     -0.253     -0.861    -33.488     33.504      0.498
   199       -321  K-                  84   149   161     0     0     0     0      0.098      0.372    -21.013     21.022      0.494
   200        321  K+                  84   149   161     0     0     0     0      0.078     -0.864    -14.364     14.399      0.494
   201       -323  (K*-)              -84   149   161   294   295     0     0      0.176     -0.433     -1.721      2.058      1.027
   202        211  pi+                 84   149   161     0     0     0     0     -0.882      0.201      0.139      0.926      0.140
   203       -213  (rho-)             -84   149   161   296   297     0     0      0.277      0.247     -0.296      0.887      0.749
   204        113  (rho0)             -84   149   161   298   299     0     0      0.640      0.371      4.438      4.591      0.917
   205        221  (eta)              -84   149   161   358   359     0     0     -0.908      0.489     22.197     22.228      0.548
   206          2  (u)                -71   118   118   208   222   526     0      0.439      0.151    244.911    244.912      0.330
   207       2101  (ud_0)             -71   120   120   208   222     0   526      1.157     -0.008  -3644.109   3644.110      0.579
   208        111  (pi0)              -83   206   207   360   361     0     0      0.003      0.300    144.523    144.524      0.135
   209        213  (rho+)             -83   206   207   300   301     0     0      0.286     -0.418     75.032     75.037      0.767
   210        111  (pi0)              -83   206   207   362   363     0     0      0.038      0.175     14.596     14.598      0.135
   211       -211  pi-                 83   206   207     0     0     0     0     -0.256     -0.117      3.020      3.036      0.140
   212        221  (eta)              -83   206   207   364   366     0     0      0.497      0.741      6.484      6.568      0.548
   213        321  K+                  83   206   207     0     0     0     0     -0.061     -0.897      0.449      1.120      0.494
   214       -321  K-                  83   206   207     0     0     0     0      0.097      0.511     -0.611      0.942      0.494
   215        113  (rho0)             -83   206   207   302   303     0     0     -0.103     -0.242     -0.634      0.980      0.700
   216        111  (pi0)              -84   206   207   367   368     0     0      0.260      0.041     -6.652      6.659      0.135
   217        111  (pi0)              -84   206   207   369   370     0     0      0.239     -0.224     -3.286      3.305      0.135
   218        223  (omega)            -84   206   207   371   373     0     0     -0.391      0.242     -3.399      3.517      0.780
   219        323  (K*+)              -84   206   207   304   305     0     0     -0.327     -0.092    -39.599     39.612      0.927
   220       -313  (K*bar0)           -84   206   207   306   307     0     0      0.393      0.440   -320.532    320.534      0.910
   221        113  (rho0)             -84   206   207   308   309     0     0      0.159     -0.614   -554.162    554.162      0.753
   222       2112  n0                  84   206   207     0     0     0     0      0.761      0.298  -2714.427   2714.428      0.940
   223          5  (b)                -71   121   121   229   257   511     0     11.240    100.392   -311.574    327.578      4.920
   224         21  (g)                -71    90    90   229   257   515   511    -13.447      2.571    -18.119     22.710      0.000
   225         21  (g)                -71   102   102   229   257   525   515      0.185      0.442      0.595      0.763      0.000
   226         21  (g)                -71    98    98   229   257   523   525      1.794      0.603     65.231     65.259      0.000
   227         21  (g)                -71    94    94   229   257   519   523      2.049     -4.238    419.497    419.523      0.000
   228       2101  (ud_0)             -71   117   117   229   257     0   519     -0.230      0.947   2938.170   2938.170      0.579
   229       -523  (B*-)              -83   223   228   374   375     0     0     11.047     96.364   -299.435    314.798      5.325
   230        323  (K*+)              -83   223   228   310   311     0     0     -0.119      2.306     -6.780      7.224      0.936
   231       -323  (K*-)              -83   223   228   312   313     0     0     -0.778      1.152     -3.407      3.784      0.884
   232        111  (pi0)              -83   223   228   376   377     0     0     -0.522     -0.231     -0.526      0.788      0.135
   233        321  K+                  83   223   228     0     0     0     0     -1.246      0.749     -3.644      3.955      0.494
   234       3312  (Xi-)              -83   223   228   378   379     0     0     -1.927      0.987     -2.620      3.647      1.322
   235        313  (K*0)              -83   223   228   314   315     0     0     -1.817      0.165     -3.819      4.323      0.883
   236      -1114  (Deltabar+)        -83   223   228   316   317     0     0     -3.894      0.764     -5.227      6.676      1.228
   237       -213  (rho-)             -83   223   228   318   319     0     0     -2.434      0.462     -3.347      4.339      1.217
   238        113  (rho0)             -83   223   228   320   321     0     0      0.178      0.247      1.787      2.181      1.212
   239       3222  Sigma+              83   223   228     0     0     0     0     -0.578      0.218      0.525      1.439      1.189
   240       -211  pi-                 83   223   228     0     0     0     0     -0.044     -0.405      1.317      1.385      0.140
   241      -3114  (Sigma*bar+)       -83   223   228   322   323     0     0      0.449      0.650      5.024      5.286      1.439
   242       -211  pi-                 83   223   228     0     0     0     0      0.218     -0.260      0.759      0.843      0.140
   243        321  K+                  83   223   228     0     0     0     0     -0.050      0.687      5.429      5.495      0.494
   244       -321  K-                  83   223   228     0     0     0     0     -0.318     -0.685     15.426     15.452      0.494
   245        111  (pi0)              -84   223   228   380   381     0     0      0.855     -0.310     48.081     48.090      0.135
   246        213  (rho+)             -84   223   228   324   325     0     0      0.001     -0.247     46.543     46.548      0.647
   247       -211  pi-                 84   223   228     0     0     0     0      0.660     -0.162     36.713     36.720      0.140
   248        211  pi+                 84   223   228     0     0     0     0     -0.051     -0.158     12.131     12.133      0.140
   249       -211  pi-                 84   223   228     0     0     0     0      0.235     -0.464     19.933     19.940      0.140
   250        111  (pi0)              -84   223   228   382   383     0     0      0.439     -0.185     77.856     77.858      0.135
   251        211  pi+                 84   223   228     0     0     0     0      0.015      0.244     47.812     47.813      0.140
   252        331  (eta')             -84   223   228   384   385     0     0      1.161     -1.173    143.868    143.881      0.957
   253        223  (omega)            -84   223   228   386   388     0     0      0.109     -0.592    161.441    161.444      0.781
   254       -211  pi-                 84   223   228     0     0     0     0      0.186      0.137     31.517     31.518      0.140
   255        323  (K*+)              -84   223   228   326   327     0     0     -0.356      0.158    460.470    460.471      0.954
   256       -321  K-                  84   223   228     0     0     0     0      0.363     -0.043   1314.136   1314.136      0.494
   257       2212  p+                  84   223   228     0     0     0     0     -0.189      0.342    991.836    991.836      0.938
   258        211  pi+                 91   134     0     0     0     0     0    -11.810     -1.595   -163.310    163.745      0.140
   259        111  (pi0)              -91   134     0   389   390     0     0     -0.264      0.001     -4.108      4.118      0.135
   260       -211  pi-                 91   136     0     0     0     0     0     -0.471     -0.016    -11.707     11.717      0.140
   261        111  (pi0)              -91   136     0   391   392     0     0     -1.010     -0.011    -12.215     12.257      0.135
   262        130  K_L0                91   139   139     0     0     0     0      0.187     -0.663     -3.665      3.762      0.498
   263       2112  n0                  91   142     0     0     0     0     0     -0.555     -4.175    -11.414     12.202      0.940
   264       -211  pi-                 91   142     0     0     0     0     0     -0.019     -1.613     -5.701      5.927      0.140
   265        211  pi+                 91   143     0     0     0     0     0     -0.667    -10.620    -31.393     33.148      0.140
   266       -211  pi-                 91   143     0     0     0     0     0     -0.442     -3.419     -9.097      9.729      0.140
   267      -2112  nbar0               91   144     0     0     0     0     0      0.194     -3.497    -11.352     11.917      0.940
   268        111  (pi0)              -91   144     0   393   394     0     0     -0.136     -0.843     -2.145      2.313      0.135
   269       2212  p+                  91   145     0     0     0     0     0     -0.404     -1.608     -6.850      7.110      0.938
   270        211  pi+                 91   145     0     0     0     0     0      0.119     -0.851     -2.891      3.019      0.140
   271       -211  pi-                 91   146     0     0     0     0     0      1.293      0.067     -3.426      3.665      0.140
   272        111  (pi0)              -91   146     0   395   396     0     0      0.178     -0.261     -1.226      1.273      0.135
   273      -2112  nbar0               91   147     0     0     0     0     0      8.368      1.907    -34.479     35.543      0.940
   274       -211  pi-                 91   147     0     0     0     0     0      2.762      0.968    -11.959     12.312      0.140
   275        310  (K_S0)             -91   163   163   397   398     0     0     -0.377      1.191   1291.040   1291.041      0.498
   276       -211  pi-                 91   167     0     0     0     0     0      0.313      0.095      9.686      9.692      0.140
   277        111  (pi0)              -91   167     0   399   400     0     0     -0.420      0.276     86.972     86.974      0.135
   278        211  pi+                 91   172     0     0     0     0     0     -0.259     -0.002      0.833      0.883      0.140
   279        111  (pi0)              -91   172     0   401   402     0     0     -0.314     -0.365      8.720      8.734      0.135
   280        211  pi+                 91   176     0     0     0     0     0     -0.015     -0.012     -0.076      0.160      0.140
   281        111  (pi0)              -91   176     0   403   404     0     0     -0.056     -0.548      0.640      0.855      0.135
   282       -211  pi-                 91   178     0     0     0     0     0     -0.352     -0.723      0.763      1.117      0.140
   283        111  (pi0)              -91   178     0   405   406     0     0     -0.292     -0.019      0.862      0.920      0.135
   284        130  K_L0                91   180   180     0     0     0     0     -0.167      0.564     -0.996      1.259      0.498
   285       -321  K-                  91   181     0     0     0     0     0      0.212      0.039     -0.777      0.946      0.494
   286        111  (pi0)              -91   181     0   407   408     0     0      0.582      0.092     -0.769      0.979      0.135
   287        321  K+                  91   182     0     0     0     0     0      1.562      1.097     -5.087      5.456      0.494
   288        111  (pi0)              -91   182     0   409   410     0     0      0.411      0.779     -3.551      3.661      0.135
   289       -211  pi-                 91   185     0     0     0     0     0      1.233      0.815     -4.113      4.373      0.140
   290        111  (pi0)              -91   185     0   411   413     0     0      1.292      1.468     -3.959      4.418      0.135
   291        211  pi+                 91   195     0     0     0     0     0      0.121      0.127     -7.112      7.115      0.140
   292        111  (pi0)              -91   195     0   414   415     0     0     -0.493     -0.471    -19.525     19.537      0.135
   293        310  K_S0                91   198   198     0     0     0     0     -0.253     -0.861    -33.488     33.504      0.498
   294       -311  (Kbar0)            -91   201     0   328   328     0     0      0.004      0.105     -1.069      1.183      0.498
   295       -211  pi-                 91   201     0     0     0     0     0      0.172     -0.539     -0.653      0.875      0.140
   296       -211  pi-                 91   203     0     0     0     0     0     -0.202      0.153      0.021      0.290      0.140
   297        111  (pi0)              -91   203     0   416   417     0     0      0.479      0.094     -0.317      0.597      0.135
   298        211  pi+                 91   204     0     0     0     0     0     -0.148      0.288      0.986      1.047      0.140
   299       -211  pi-                 91   204     0     0     0     0     0      0.788      0.084      3.452      3.544      0.140
   300        211  pi+                 91   209     0     0     0     0     0      0.032      0.113     40.041     40.041      0.140
   301        111  (pi0)              -91   209     0   418   419     0     0      0.254     -0.532     34.991     34.996      0.135
   302        211  pi+                 91   215     0     0     0     0     0     -0.297     -0.243     -0.618      0.741      0.140
   303       -211  pi-                 91   215     0     0     0     0     0      0.194      0.001     -0.016      0.239      0.140
   304        321  K+                  91   219     0     0     0     0     0     -0.499      0.084    -27.737     27.746      0.494
   305        111  (pi0)              -91   219     0   420   421     0     0      0.172     -0.176    -11.862     11.866      0.135
   306       -321  K-                  91   220     0     0     0     0     0      0.490      0.411   -189.369    189.370      0.494
   307        211  pi+                 91   220     0     0     0     0     0     -0.097      0.030   -131.163    131.163      0.140
   308        211  pi+                 91   221     0     0     0     0     0      0.277     -0.565   -255.108    255.109      0.140
   309       -211  pi-                 91   221     0     0     0     0     0     -0.118     -0.049   -299.053    299.053      0.140
   310        321  K+                  91   230     0     0     0     0     0      0.024      2.162     -6.383      6.757      0.494
   311        111  (pi0)              -91   230     0   422   423     0     0     -0.144      0.144     -0.397      0.466      0.135
   312       -311  (Kbar0)            -91   231     0   329   329     0     0     -0.419      0.392     -2.001      2.140      0.498
   313       -211  pi-                 91   231     0     0     0     0     0     -0.359      0.760     -1.405      1.644      0.140
   314        321  K+                  91   235     0     0     0     0     0     -1.194      0.320     -2.930      3.218      0.494
   315       -211  pi-                 91   235     0     0     0     0     0     -0.623     -0.155     -0.889      1.106      0.140
   316      -2112  nbar0               91   236     0     0     0     0     0     -3.757      0.793     -5.028      6.396      0.940
   317        211  pi+                 91   236     0     0     0     0     0     -0.138     -0.030     -0.198      0.280      0.140
   318       -211  pi-                 91   237     0     0     0     0     0     -1.766      0.593     -3.065      3.589      0.140
   319        111  (pi0)              -91   237     0   424   425     0     0     -0.668     -0.131     -0.283      0.749      0.135
   320        211  pi+                 91   238     0     0     0     0     0      0.016      0.694      1.326      1.504      0.140
   321       -211  pi-                 91   238     0     0     0     0     0      0.162     -0.447      0.461      0.677      0.140
   322      -3122  (Lambdabar0)       -91   241     0   426   427     0     0      0.421      0.613      3.400      3.655      1.116
   323        211  pi+                 91   241     0     0     0     0     0      0.028      0.037      1.624      1.631      0.140
   324        211  pi+                 91   246     0     0     0     0     0      0.007     -0.041      2.373      2.377      0.140
   325        111  (pi0)              -91   246     0   428   429     0     0     -0.006     -0.206     44.171     44.171      0.135
   326        311  (K0)               -91   255     0   330   330     0     0     -0.177      0.421    329.821    329.822      0.498
   327        211  pi+                 91   255     0     0     0     0     0     -0.179     -0.263    130.649    130.650      0.140
   328        310  (K_S0)             -91   294   294   430   431     0     0      0.004      0.105     -1.069      1.183      0.498
   329        130  K_L0                91   312   312     0     0     0     0     -0.419      0.392     -2.001      2.140      0.498
   330        310  K_S0                91   326   326     0     0     0     0     -0.177      0.421    329.821    329.822      0.498
   331         16  nu_tau              91   127     0     0     0     0     0     42.610    -21.573   -369.141    372.218      0.000
   332       -211  pi-                 91   127     0     0     0     0     0      6.196     -2.533    -49.021     49.476      0.140
   333         22  gamma               91   133     0     0     0     0     0     -3.834     -0.664    -51.094     51.242      0.000
   334         22  gamma               91   133     0     0     0     0     0     -3.823     -0.528    -51.021     51.167      0.000
   335         22  gamma               91   135     0     0     0     0     0     -5.071     -1.210    -71.068     71.259      0.000
   336         22  gamma               91   135     0     0     0     0     0     -0.896     -0.310    -10.314     10.357      0.000
   337         22  gamma               91   137     0     0     0     0     0     -0.509     -0.527     -2.040      2.168      0.000
   338         22  gamma               91   137     0     0     0     0     0     -0.371     -0.549     -1.680      1.806      0.000
   339         22  gamma               91   141     0     0     0     0     0     -0.207     -3.364    -10.197     10.740      0.000
   340         22  gamma               91   141     0     0     0     0     0     -0.135     -2.321     -7.399      7.756      0.000
   341        431  (D_s+)             -91   148     0   432   433     0     0     37.831      7.482   -146.913    151.902      1.968
   342       -421  (Dbar0)            -91   148     0   434   436     0     0     24.143      7.562   -100.145    103.308      1.865
   343         22  gamma               91   164     0     0     0     0     0     -0.089     -0.158     45.814     45.815      0.000
   344         22  gamma               91   164     0     0     0     0     0     -0.058     -0.053      6.984      6.985      0.000
   345         22  gamma               91   168     0     0     0     0     0     -0.355     -0.177     28.823     28.826      0.000
   346         22  gamma               91   168     0     0     0     0     0      0.011     -0.009      1.924      1.924      0.000
   347         22  gamma               91   170     0     0     0     0     0     -0.418     -0.251     10.448     10.459      0.000
   348         22  gamma               91   170     0     0     0     0     0     -0.291     -0.178      5.252      5.263      0.000
   349         22  gamma               91   174     0     0     0     0     0      0.156     -0.120      1.025      1.044      0.000
   350         22  gamma               91   174     0     0     0     0     0      0.020     -0.019      0.744      0.744      0.000
   351        211  pi+                 91   175     0     0     0     0     0     -0.178     -0.144      0.687      0.738      0.140
   352       -211  pi-                 91   175     0     0     0     0     0     -0.812     -0.282      1.526      1.757      0.140
   353        111  (pi0)              -91   175     0   437   438     0     0     -0.003      0.007      0.080      0.157      0.135
   354         22  gamma               91   177     0     0     0     0     0     -0.298      0.265      0.542      0.673      0.000
   355         22  gamma               91   177     0     0     0     0     0     -0.136      0.162      0.478      0.523      0.000
   356         22  gamma               91   188     0     0     0     0     0      0.403      0.051     -0.908      0.995      0.000
   357         22  gamma               91   188     0     0     0     0     0      0.187      0.022     -0.702      0.727      0.000
   358         22  gamma               91   205     0     0     0     0     0     -0.552     -0.013     10.717     10.731      0.000
   359         22  gamma               91   205     0     0     0     0     0     -0.356      0.502     11.480     11.496      0.000
   360         22  gamma               91   208     0     0     0     0     0      0.035      0.211     73.490     73.491      0.000
   361         22  gamma               91   208     0     0     0     0     0     -0.031      0.089     71.033     71.033      0.000
   362         22  gamma               91   210     0     0     0     0     0      0.029     -0.012      1.221      1.222      0.000
   363         22  gamma               91   210     0     0     0     0     0      0.009      0.187     13.375     13.376      0.000
   364        111  (pi0)              -91   212     0   439   440     0     0      0.294      0.356      2.850      2.890      0.135
   365        111  (pi0)              -91   212     0   441   442     0     0      0.011      0.109      0.694      0.715      0.135
   366        111  (pi0)              -91   212     0   443   444     0     0      0.191      0.277      2.940      2.963      0.135
   367         22  gamma               91   216     0     0     0     0     0      0.170     -0.011     -2.820      2.825      0.000
   368         22  gamma               91   216     0     0     0     0     0      0.090      0.052     -3.832      3.834      0.000
   369         22  gamma               91   217     0     0     0     0     0      0.049      0.005     -0.760      0.762      0.000
   370         22  gamma               91   217     0     0     0     0     0      0.190     -0.229     -2.526      2.543      0.000
   371        211  pi+                 91   218     0     0     0     0     0      0.069      0.011     -0.267      0.309      0.140
   372       -211  pi-                 91   218     0     0     0     0     0     -0.333     -0.041     -1.504      1.548      0.140
   373        111  (pi0)              -91   218     0   445   446     0     0     -0.126      0.272     -1.627      1.660      0.135
   374       -521  (B-)               -91   229     0   447   449     0     0     10.965     95.789   -297.771    313.035      5.279
   375         22  gamma               91   229     0     0     0     0     0      0.082      0.575     -1.664      1.763      0.000
   376         22  gamma               91   232     0     0     0     0     0     -0.503     -0.220     -0.453      0.712      0.000
   377         22  gamma               91   232     0     0     0     0     0     -0.019     -0.011     -0.073      0.076      0.000
   378       3122  Lambda0             91   234     0     0     0     0     0     -1.508      0.804     -1.943      2.818      1.116
   379       -211  pi-                 91   234     0     0     0     0     0     -0.419      0.183     -0.678      0.829      0.140
   380         22  gamma               91   245     0     0     0     0     0      0.111      0.005      6.258      6.259      0.000
   381         22  gamma               91   245     0     0     0     0     0      0.744     -0.315     41.823     41.831      0.000
   382         22  gamma               91   250     0     0     0     0     0      0.280     -0.155     42.665     42.666      0.000
   383         22  gamma               91   250     0     0     0     0     0      0.159     -0.029     35.192     35.192      0.000
   384        113  (rho0)             -91   252     0   450   451     0     0      1.087     -1.036    132.066    132.077      0.903
   385         22  gamma               91   252     0     0     0     0     0      0.073     -0.136     11.802     11.803      0.000
   386        211  pi+                 91   253     0     0     0     0     0      0.159     -0.363     40.894     40.896      0.140
   387       -211  pi-                 91   253     0     0     0     0     0      0.001     -0.248     96.250     96.251      0.140
   388        111  (pi0)              -91   253     0   452   453     0     0     -0.051      0.018     24.297     24.298      0.135
   389         22  gamma               91   259     0     0     0     0     0      0.015     -0.008     -0.245      0.246      0.000
   390         22  gamma               91   259     0     0     0     0     0     -0.279      0.009     -3.862      3.872      0.000
   391         22  gamma               91   261     0     0     0     0     0     -0.205      0.022     -3.120      3.127      0.000
   392         22  gamma               91   261     0     0     0     0     0     -0.806     -0.033     -9.095      9.131      0.000
   393         22  gamma               91   268     0     0     0     0     0     -0.018     -0.525     -1.278      1.382      0.000
   394         22  gamma               91   268     0     0     0     0     0     -0.117     -0.318     -0.867      0.931      0.000
   395         22  gamma               91   272     0     0     0     0     0      0.052     -0.180     -0.554      0.585      0.000
   396         22  gamma               91   272     0     0     0     0     0      0.126     -0.081     -0.672      0.688      0.000
   397        211  pi+                 91   275     0     0     0     0     0     -0.134      0.538    775.298    775.298      0.140
   398       -211  pi-                 91   275     0     0     0     0     0     -0.242      0.653    515.742    515.743      0.140
   399         22  gamma               91   277     0     0     0     0     0     -0.027      0.037      3.626      3.627      0.000
   400         22  gamma               91   277     0     0     0     0     0     -0.393      0.240     83.346     83.347      0.000
   401         22  gamma               91   279     0     0     0     0     0     -0.109     -0.072      3.254      3.257      0.000
   402         22  gamma               91   279     0     0     0     0     0     -0.205     -0.294      5.466      5.478      0.000
   403         22  gamma               91   281     0     0     0     0     0      0.031     -0.239      0.220      0.327      0.000
   404         22  gamma               91   281     0     0     0     0     0     -0.088     -0.308      0.420      0.529      0.000
   405         22  gamma               91   283     0     0     0     0     0     -0.128     -0.075      0.418      0.444      0.000
   406         22  gamma               91   283     0     0     0     0     0     -0.165      0.056      0.444      0.477      0.000
   407         22  gamma               91   286     0     0     0     0     0      0.372      0.038     -0.383      0.535      0.000
   408         22  gamma               91   286     0     0     0     0     0      0.210      0.055     -0.386      0.443      0.000
   409         22  gamma               91   288     0     0     0     0     0      0.113      0.188     -0.667      0.703      0.000
   410         22  gamma               91   288     0     0     0     0     0      0.298      0.591     -2.883      2.958      0.000
   411         22  gamma               91   290     0     0     0     0     0      0.862      0.902     -2.446      2.746      0.000
   412         11  e-                  91   290     0     0     0     0     0      0.193      0.274     -0.727      0.800      0.001
   413        -11  e+                  91   290     0     0     0     0     0      0.237      0.291     -0.786      0.872      0.001
   414         22  gamma               91   292     0     0     0     0     0     -0.119     -0.094     -6.060      6.062      0.000
   415         22  gamma               91   292     0     0     0     0     0     -0.374     -0.377    -13.464     13.475      0.000
   416         22  gamma               91   297     0     0     0     0     0      0.014      0.022      0.006      0.027      0.000
   417         22  gamma               91   297     0     0     0     0     0      0.465      0.071     -0.323      0.570      0.000
   418         22  gamma               91   301     0     0     0     0     0      0.171     -0.432     29.686     29.689      0.000
   419         22  gamma               91   301     0     0     0     0     0      0.083     -0.100      5.305      5.307      0.000
   420         22  gamma               91   305     0     0     0     0     0      0.151     -0.098     -5.862      5.864      0.000
   421         22  gamma               91   305     0     0     0     0     0      0.020     -0.077     -6.001      6.001      0.000
   422         22  gamma               91   311     0     0     0     0     0      0.023      0.040     -0.099      0.109      0.000
   423         22  gamma               91   311     0     0     0     0     0     -0.166      0.104     -0.298      0.357      0.000
   424         22  gamma               91   319     0     0     0     0     0     -0.496     -0.047     -0.165      0.525      0.000
   425         22  gamma               91   319     0     0     0     0     0     -0.172     -0.084     -0.117      0.224      0.000
   426      -2112  nbar0               91   322     0     0     0     0     0      0.298      0.444      2.931      3.124      0.940
   427        111  (pi0)              -91   322     0   454   455     0     0      0.122      0.169      0.469      0.530      0.135
   428         22  gamma               91   325     0     0     0     0     0     -0.003     -0.062     27.345     27.345      0.000
   429         22  gamma               91   325     0     0     0     0     0     -0.003     -0.144     16.826     16.826      0.000
   430        211  pi+                 91   328     0     0     0     0     0      0.160     -0.043     -0.709      0.742      0.140
   431       -211  pi-                 91   328     0     0     0     0     0     -0.156      0.149     -0.359      0.442      0.140
   432        323  (K*+)              -91   341     0   456   457     0     0     21.325      3.925    -83.313     86.093      0.891
   433       -313  (K*bar0)           -91   341     0   458   459     0     0     16.506      3.558    -63.600     65.810      0.932
   434        321  K+                  91   342     0     0     0     0     0      6.227      1.682    -25.637     26.440      0.494
   435       -211  pi-                 91   342     0     0     0     0     0     16.685      5.772    -69.511     71.718      0.140
   436        111  (pi0)              -91   342     0   460   461     0     0      1.231      0.108     -4.997      5.149      0.135
   437         22  gamma               91   353     0     0     0     0     0      0.039     -0.015      0.099      0.107      0.000
   438         22  gamma               91   353     0     0     0     0     0     -0.041      0.022     -0.018      0.050      0.000
   439         22  gamma               91   364     0     0     0     0     0      0.033      0.041      0.137      0.147      0.000
   440         22  gamma               91   364     0     0     0     0     0      0.262      0.315      2.712      2.743      0.000
   441         22  gamma               91   365     0     0     0     0     0      0.001      0.021      0.007      0.023      0.000
   442         22  gamma               91   365     0     0     0     0     0      0.010      0.088      0.687      0.693      0.000
   443         22  gamma               91   366     0     0     0     0     0     -0.017      0.003      0.091      0.092      0.000
   444         22  gamma               91   366     0     0     0     0     0      0.208      0.274      2.850      2.870      0.000
   445         22  gamma               91   373     0     0     0     0     0     -0.020      0.058     -0.127      0.141      0.000
   446         22  gamma               91   373     0     0     0     0     0     -0.106      0.215     -1.500      1.519      0.000
   447       -421  (Dbar0)            -91   374     0   462   464     0     0      4.278     36.284   -110.401    116.304      1.865
   448        421  (D0)               -91   374     0   465   467     0     0      3.906     40.377   -128.145    134.426      1.865
   449       -323  (K*-)              -91   374     0   468   469     0     0      2.781     19.127    -59.225     62.305      0.894
   450        211  pi+                 91   384     0     0     0     0     0      0.904     -0.973     80.464     80.475      0.140
   451       -211  pi-                 91   384     0     0     0     0     0      0.183     -0.064     51.602     51.602      0.140
   452         22  gamma               91   388     0     0     0     0     0     -0.087     -0.019     12.144     12.144      0.000
   453         22  gamma               91   388     0     0     0     0     0      0.036      0.037     12.153     12.153      0.000
   454         22  gamma               91   427     0     0     0     0     0      0.065      0.157      0.237      0.292      0.000
   455         22  gamma               91   427     0     0     0     0     0      0.057      0.012      0.231      0.239      0.000
   456        311  (K0)               -91   432     0   470   470     0     0     17.191      2.914    -67.070     69.301      0.498
   457        211  pi+                 91   432     0     0     0     0     0      4.134      1.011    -16.243     16.792      0.140
   458       -311  (Kbar0)            -91   433     0   471   471     0     0     15.607      3.303    -60.440     62.512      0.498
   459        111  (pi0)              -91   433     0   472   473     0     0      0.899      0.254     -3.160      3.298      0.135
   460         22  gamma               91   436     0     0     0     0     0      0.925      0.022     -3.718      3.831      0.000
   461         22  gamma               91   436     0     0     0     0     0      0.306      0.086     -1.279      1.318      0.000
   462        321  K+                  91   447     0     0     0     0     0      0.669      8.317    -25.958     27.271      0.494
   463       -211  pi-                 91   447     0     0     0     0     0      0.860      6.486    -19.774     20.828      0.140
   464        113  (rho0)             -91   447     0   474   475     0     0      2.749     21.482    -64.669     68.206      0.922
   465        -13  mu+                 91   448     0     0     0     0     0      1.425     13.615    -42.928     45.058      0.106
   466         14  nu_mu               91   448     0     0     0     0     0      2.031     16.790    -54.813     57.363      0.000
   467       -321  K-                  91   448     0     0     0     0     0      0.449      9.972    -30.405     32.005      0.494
   468       -311  (Kbar0)            -91   449     0   476   476     0     0      1.682     11.686    -35.261     37.189      0.498
   469       -211  pi-                 91   449     0     0     0     0     0      1.099      7.441    -23.963     25.117      0.140
   470        130  K_L0                91   456   456     0     0     0     0     17.191      2.914    -67.070     69.301      0.498
   471        310  (K_S0)             -91   458   458   477   478     0     0     15.607      3.303    -60.440     62.512      0.498
   472         22  gamma               91   459     0     0     0     0     0      0.468      0.122     -1.402      1.483      0.000
   473         22  gamma               91   459     0     0     0     0     0      0.431      0.133     -1.758      1.815      0.000
   474        211  pi+                 91   464     0     0     0     0     0      2.389     20.021    -60.399     63.675      0.140
   475       -211  pi-                 91   464     0     0     0     0     0      0.360      1.461     -4.271      4.530      0.140
   476        130  K_L0                91   468   468     0     0     0     0      1.682     11.686    -35.261     37.189      0.498
   477        111  (pi0)              -91   471     0   479   480     0     0      9.848      2.283    -38.449     39.756      0.135
   478        111  (pi0)              -91   471     0   481   482     0     0      5.759      1.021    -21.991     22.755      0.135
   479         22  gamma               91   477     0     0     0     0     0      2.823      0.691    -11.247     11.616      0.000
   480         22  gamma               91   477     0     0     0     0     0      7.026      1.591    -27.203     28.140      0.000
   481         22  gamma               91   478     0     0     0     0     0      2.180      0.410     -8.103      8.401      0.000
   482         22  gamma               91   478     0     0     0     0     0      3.579      0.611    -13.888     14.355      0.000
                                   Charge sum:  2.000           Momentum sum:      0.000      0.000     -0.000  13000.000  13000.000

 --------  End PYTHIA Event Listing  -----------------------------------------------------------------------------------------------
#--------------------------------------------------------------------------
#                     FastJet release 3.4.0 [fjcore]
#                 M. Cacciari, G.P. Salam and G. Soyez                  
#     A software package for jet finding and analysis at colliders      
#                           http://fastjet.fr                           
#	                                                                      
# Please cite EPJC72(2012)1896 [arXiv:1111.6097] if you use this package
# for scientific work and optionally PLB641(2006)57 [hep-ph/0512210].   
#                                                                       
# FastJet is provided without warranty under the GNU GPL v2 or higher.  
# It uses T. Chan's closest pair algorithm, S. Fortune's Voronoi code
# and 3rd party plugin jet algorithms. See COPYING file for details.
#--------------------------------------------------------------------------
 PYTHIA Warning in SimpleSpaceShower::pT2nextQCD: weight above unity  
 PYTHIA Warning in SimpleSpaceShower::pT2nextQCD: small daughter PDF  
 PYTHIA Error in BeamRemnants::setKinematics: kinematics construction failed  
 PYTHIA Warning in StringFragmentation::fragmentToJunction: bad convergence junction rest frame  
 PYTHIA Error in SimpleSpaceShower::pT2nearThreshold: xPDF = 0  
 PYTHIA Warning in Pythia::check: not quite matched particle energy/momentum/mass  
 PYTHIA Warning in Pythia::check: energy-momentum not quite conserved  
 PYTHIA Warning in TauDecays::decay: unknown correlated tau production, assuming from unpolarized photon  

 Pythia::next(): 1000 events have been generated 
 PYTHIA Error in StringFragmentation::fragment: stuck in joining  
 PYTHIA Error in Pythia::next: hadronLevel failed; try again  
 PYTHIA Warning in ColConfig::collect: negative-energy parton encountered  
 PYTHIA Error in Pythia::check: unmatched particle energy/momentum/mass  
 PYTHIA Error in Pythia::next: check of event revealed problems  

 Pythia::next(): 2000 events have been generated 

 Pythia::next(): 3000 events have been generated 

 Pythia::next(): 4000 events have been generated 

 Pythia::next(): 5000 events have been generated 

 Pythia::next(): 6000 events have been generated 

 Pythia::next(): 7000 events have been generated 

 Pythia::next(): 8000 events have been generated 
 PYTHIA Warning in MultipartonInteractions::pTnext: weight above unity  
 PYTHIA Error in SimpleSpaceShower::pT2nearThreshold: stuck in loop  

 Pythia::next(): 9000 events have been generated 

 *-------  PYTHIA Event and Cross Section Statistics  -------------------------------------------------------------*
 |                                                                                                                 |
 | Subprocess                                    Code |            Number of events       |      sigma +- delta    |
 |                                                    |       Tried   Selected   Accepted |     (estimated) (mb)   |
 |                                                    |                                   |                        |
 |-----------------------------------------------------------------------------------------------------------------|
 |                                                    |                                   |                        |
 | Les Houches User Process(es)                  9999 |       10000      10000      10000 |   8.346e-08  0.000e+00 |
 |    ... whereof user classification code     322200 |       10000      10000      10000 |                        | 
 |                                                    |                                   |                        |
 | sum                                                |       10000      10000      10000 |   8.346e-08  0.000e+00 |
 |                                                                                                                 |
 *-------  End PYTHIA Event and Cross Section Statistics ----------------------------------------------------------*

 *-------  PYTHIA Error and Warning Messages Statistics  ----------------------------------------------------------* 
 |                                                                                                                 | 
 |  times   message                                                                                                | 
 |                                                                                                                 | 
 |      9   Error in BeamRemnants::setKinematics: kinematics construction failed                                   | 
 |     34   Error in Pythia::check: unmatched particle energy/momentum/mass                                        | 
 |      2   Error in Pythia::next: check of event revealed problems                                                | 
 |      6   Error in Pythia::next: hadronLevel failed; try again                                                   | 
 |      5   Error in SimpleSpaceShower::pT2nearThreshold: stuck in loop                                            | 
 |      3   Error in SimpleSpaceShower::pT2nearThreshold: xPDF = 0                                                 | 
 |      6   Error in StringFragmentation::fragment: stuck in joining                                               | 
 |      7   Warning in ColConfig::collect: negative-energy parton encountered                                      | 
 |      1   Warning in MultipartonInteractions::pTnext: weight above unity                                         | 
 |      2   Warning in Pythia::check: energy-momentum not quite conserved                                          | 
 |      4   Warning in Pythia::check: not quite matched particle energy/momentum/mass                              | 
 |   1659   Warning in SimpleSpaceShower::pT2nextQCD: small daughter PDF                                           | 
 |   4380   Warning in SimpleSpaceShower::pT2nextQCD: weight above unity                                           | 
 |     33   Warning in StringFragmentation::fragmentToJunction: bad convergence junction rest frame                | 
 |      1   Warning in TauDecays::decay: unknown correlated tau production, assuming from unpolarized photon       | 
 |      2   Warning in TimeShower::init: pTmin too low                                                             | 
 |                                                                                                                 | 
 *-------  End PYTHIA Error and Warning Messages Statistics  ------------------------------------------------------* 
Using LHE File: /nfs/dust/cms/user/amoroso/powheg/POWHEG-BOX-V2/ttJ_MiNNLOPS_v1.0_beta1/decay-ll/pwgevents-0551.lhe
less then 10000 events in LHE, using all LHE events
np.shape(P0) = (10000, 3, 9)
np.shape(nJets) = (10000, 2)
np.shape(jets_4vectors) = (10000, 20, 6)
