Configured CUDA from: /cvmfs/sft.cern.ch/lcg/releases/cuda/12.4-4899e/x86_64-el9-gcc11-opt

 *------------------------------------------------------------------------------------* 
 |                                                                                    | 
 |  *------------------------------------------------------------------------------*  | 
 |  |                                                                              |  | 
 |  |                                                                              |  | 
 |  |   PPP   Y   Y  TTTTT  H   H  III    A      Welcome to the Lund Monte Carlo!  |  | 
 |  |   P  P   Y Y     T    H   H   I    A A     This is PYTHIA version 8.309      |  | 
 |  |   PPP     Y      T    HHHHH   I   AAAAA    Last date of change: 16 Feb 2023  |  | 
 |  |   P       Y      T    H   H   I   A   A                                      |  | 
 |  |   P       Y      T    H   H  III  A   A    Now is 03 Sep 2024 at 15:21:22    |  | 
 |  |                                                                              |  | 
 |  |   Program documentation and an archive of historic versions is found on:     |  | 
 |  |                                                                              |  | 
 |  |                               https://pythia.org/                            |  | 
 |  |                                                                              |  | 
 |  |   PYTHIA is authored by a collaboration consisting of:                       |  | 
 |  |                                                                              |  | 
 |  |   Christian Bierlich, Nishita Desai, Leif Gellersen, Ilkka Helenius, Philip  |  | 
 |  |   Ilten, Leif Lonnblad, Stephen Mrenna, Stefan Prestel, Christian Preuss,    |  | 
 |  |   Torbjorn Sjostrand, Peter Skands, Marius Utheim and Rob Verheyen.          |  | 
 |  |                                                                              |  | 
 |  |   The complete list of authors, including contact information and            |  | 
 |  |   affiliations, can be found on https://pythia.org/.                         |  | 
 |  |   Problems or bugs should be reported on email at authors@pythia.org.        |  | 
 |  |                                                                              |  | 
 |  |   The main program reference is C. Bierlich et al,                           |  | 
 |  |   'A comprehensive guide to the physics and usage of Pythia 8.3',            |  | 
 |  |   SciPost Phys. Codebases 8-r8.3 (2022) [arXiv:2203.11601 [hep-ph]]          |  | 
 |  |                                                                              |  | 
 |  |   PYTHIA is released under the GNU General Public Licence version 2 or later.|  | 
 |  |   Please respect the MCnet Guidelines for Event Generator Authors and Users. |  | 
 |  |                                                                              |  | 
 |  |   Disclaimer: this program comes without any guarantees.                     |  | 
 |  |   Beware of errors and use common sense when interpreting results.           |  | 
 |  |                                                                              |  | 
 |  |   Copyright (C) 2023 Torbjorn Sjostrand                                      |  | 
 |  |                                                                              |  | 
 |  |                                                                              |  | 
 |  *------------------------------------------------------------------------------*  | 
 |                                                                                    | 
 *------------------------------------------------------------------------------------* 


 *-------  PYTHIA Process Initialization  --------------------------*
 |                                                                  |
 | We collide p+ with p+ at a CM energy of 1.300e+04 GeV            |
 |                                                                  |
 |------------------------------------------------------------------|
 |                                                    |             |
 | Subprocess                                    Code |   Estimated |
 |                                                    |    max (mb) |
 |                                                    |             |
 |------------------------------------------------------------------|
 |                                                    |             |
 | Les Houches User Process(es)                  9999 |   1.000e-09 |
 |                                                                  |
 *-------  End PYTHIA Process Initialization -----------------------*
 PYTHIA Warning in TimeShower::init: pTmin too low , raised to 0.611

 *-------  PYTHIA Multiparton Interactions Initialization  ---------* 
 |                                                                  | 
 |                   sigmaNonDiffractive =    55.51 mb              | 
 |                                                                  | 
 |    pT0 =  1.44 gives sigmaInteraction =   401.24 mb: accepted    | 
 |                                                                  | 
 *-------  End PYTHIA Multiparton Interactions Initialization  -----* 

 *-------  PYTHIA Flag + Mode + Parm + Word + FVec + MVec + PVec + WVec Settings (changes only)  ------------------* 
 |                                                                                                                 | 
 | Name                                          |                      Now |      Default         Min         Max | 
 |                                               |                          |                                      | 
 | Beams:frameType                               |                        4 |            1           1           5 | 
 | Beams:LHEF                                    | /nfs/dust/cms/user/amoroso/powheg/POWHEG-BOX-V2/ttJ_MiNNLOPS_v1.0_beta1/decay-ll/pwgevents-0272.lhe |         void | 
 | ColourReconnection:range                      |                  5.17600 |      1.80000         0.0    10.00000 | 
 | Main:timesAllowErrors                         |                      500 |           10           0             | 
 | MultipartonInteractions:alphaSorder           |                        2 |            1           0           3 | 
 | MultipartonInteractions:alphaSvalue           |                  0.11800 |      0.13000   0.0600000     0.25000 | 
 | MultipartonInteractions:bProfile              |                        2 |            3           0           4 | 
 | MultipartonInteractions:coreFraction          |                  0.63000 |      0.50000         0.0     1.00000 | 
 | MultipartonInteractions:coreRadius            |                  0.76340 |      0.40000     0.10000     1.00000 | 
 | MultipartonInteractions:ecmPow                |                0.0334400 |      0.21500         0.0     0.50000 | 
 | MultipartonInteractions:pT0Ref                |                  1.41000 |      2.28000     0.50000    10.00000 | 
 | ParticleDecays:limitTau                       |                       on |          off                         | 
 | PDF:pSet                                      |                       20 |           13                         | 
 | Random:seed                                   |                      272 |           -1               900000000 | 
 | Random:setSeed                                |                       on |          off                         | 
 | SigmaProcess:alphaSorder                      |                        2 |            1           0           3 | 
 | SigmaProcess:alphaSvalue                      |                  0.11800 |      0.13000   0.0600000     0.25000 | 
 | SigmaTotal:mode                               |                        0 |            1           0           4 | 
 | SigmaTotal:sigmaEl                            |                 21.89000 |     25.00000         0.0             | 
 | SigmaTotal:sigmaTot                           |                100.30900 |    100.00000         0.0             | 
 | SigmaTotal:zeroAXB                            |                      off |           on                         | 
 | SpaceShower:alphaSorder                       |                        2 |            1           0           3 | 
 | SpaceShower:alphaSvalue                       |                  0.11800 |      0.13650   0.0600000     0.25000 | 
 | SpaceShower:dipoleRecoil                      |                       on |          off                         | 
 | SpaceShower:pTmaxMatch                        |                        1 |            0           0           2 | 
 | TimeShower:alphaSorder                        |                        2 |            1           0           3 | 
 | TimeShower:alphaSvalue                        |                  0.11800 |      0.13650   0.0600000     0.25000 | 
 |                                                                                                                 | 
 *-------  End PYTHIA Flag + Mode + Parm + Word + FVec + MVec + PVec + WVec Settings  -----------------------------* 

 --------  PYTHIA Particle Data Table (changed only)  ------------------------------------------------------------------------------
 
      id   name            antiName         spn chg col      m0        mWidth      mMin       mMax       tau0    res dec ext vis wid
             no onMode   bRatio   meMode     products 

       6  t                tbar               2   2   1  173.00000    1.36916   86.00000    0.00000  1.44122e-13   1   1   0   1   0
              0     1   0.0000664    0       24        1 
              1     1   0.0017361    0       24        3 
              2     1   0.9981975    0       24        5 
              3     1   0.0000000    0       37        5 

 --------  End PYTHIA Particle Data Table  -----------------------------------------------------------------------------------------


 --------  LHA event information and listing  ---------------------------------------------------------------------- 

    process =   322200    weight =   1.0325e+02     scale =   8.4509e+00 (GeV) 
                        alpha_em =  -1.0000e+00    alpha_strong =   2.0437e-01

    Participating Particles 
    no        id stat     mothers     colours      p_x        p_y        p_z         e          m        tau    spin 
     1        21   -1     0     0   512   513      0.000      0.000     65.831     65.831      0.000   0.000   9.000
     2        21   -1     0     0   514   512      0.000      0.000   -674.154    674.154      0.000   0.000   9.000
     3         6    2     1     2   511     0     -6.130     33.417   -196.820    265.529    174.966   0.000   9.000
     4        -6    2     1     2     0   513     19.945    -49.597   -406.228    444.603    172.608   0.000   9.000
     5        -4    1     1     2     0   511     -6.416     12.121      6.546     15.261      1.400   0.000   9.000
     6         4    1     1     2   514     0     -7.398      4.059    -11.821     14.591      1.400   0.000   9.000
     7         5    1     3     3   511     0     22.854    -30.064   -139.823    144.916      4.920   0.000  -1.000
     8        24    2     3     3     0     0    -28.984     63.481    -56.998    120.613     80.180   0.000   9.000
     9        -5    1     4     4     0   513     56.354    -69.957   -202.236    221.345      4.920   0.000   1.000
    10       -24    2     4     4     0     0    -36.409     20.359   -203.991    223.259     80.573   0.000   9.000
    11       -13    1     8     8     0     0    -15.107     17.970    -67.862     71.808      0.106   0.000   1.000
    12        14    1     8     8     0     0    -13.878     45.511     10.865     48.805      0.000   0.000  -1.000
    13        11    1    10    10     0     0      1.356     17.453   -174.181    175.058      0.001   0.000  -1.000
    14       -12    1    10    10     0     0    -37.765      2.906    -29.810     48.200      0.000   0.000   1.000

 --------  End LHA event information and listing  ------------------------------------------------------------------ 

 --------  PYTHIA Info Listing  ---------------------------------------- 
 
 Beam A: id =   2212, pz =  6.500e+03, e =  6.500e+03, m =  9.383e-01.
 Beam B: id =   2212, pz = -6.500e+03, e =  6.500e+03, m =  9.383e-01.

 In 1: id =   21, x =  1.013e-02, pdf =  0.000e+00 at Q2 =  7.142e+01.
 In 2: id =   21, x =  1.037e-01, pdf =  0.000e+00 at same Q2.

 Process Les Houches User Process(es) with code 9999 is 2 -> 4.
 Subprocess user process 322200 with code 322200 is 2 -> 4.
     alphaEM =  7.613e-03,  alphaS =  2.044e-01    at Q2 =  7.142e+01.

 Impact parameter b =  8.630e-01 gives enhancement factor =  9.508e-01.
 Max pT scale for MPI =  1.300e+04, ISR =  8.451e+00, FSR =  8.451e+00.
 Number of MPI =     3, ISR =     4, FSRproc =     7, FSRreson =     4.

 --------  End PYTHIA Info Listing  ------------------------------------

 --------  PYTHIA Event Listing  (hard process)  -----------------------------------------------------------------------------------
 
    no         id  name            status     mothers   daughters     colours      p_x        p_y        p_z         e          m 
     0         90  (system)           -11     0     0     0     0     0     0      0.000      0.000      0.000  13000.000  13000.000
     1       2212  (p+)               -12     0     0     3     0     0     0      0.000      0.000   6500.000   6500.000      0.938
     2       2212  (p+)               -12     0     0     4     0     0     0      0.000      0.000  -6500.000   6500.000      0.938
     3         21  (g)                -21     1     0     5     8   512   513      0.000      0.000     65.831     65.831      0.000
     4         21  (g)                -21     2     0     5     8   514   512      0.000      0.000   -674.154    674.154      0.000
     5          6  (t)                -22     3     4     9    10   511     0     -6.130     33.417   -196.820    265.529    174.966
     6         -6  (tbar)             -22     3     4    11    12     0   513     19.945    -49.597   -406.228    444.603    172.608
     7         -4  cbar                23     3     4     0     0     0   511     -6.416     12.121      6.546     15.261      1.400
     8          4  c                   23     3     4     0     0   514     0     -7.398      4.059    -11.821     14.591      1.400
     9          5  b                   23     5     0     0     0   511     0     22.854    -30.064   -139.823    144.916      4.920
    10         24  (W+)               -22     5     0    13    14     0     0    -28.984     63.481    -56.998    120.613     80.180
    11         -5  bbar                23     6     0     0     0     0   513     56.354    -69.957   -202.236    221.345      4.920
    12        -24  (W-)               -22     6     0    15    16     0     0    -36.409     20.359   -203.991    223.259     80.573
    13        -13  mu+                 23    10     0     0     0     0     0    -15.107     17.970    -67.862     71.808      0.106
    14         14  nu_mu               23    10     0     0     0     0     0    -13.878     45.511     10.865     48.805      0.000
    15         11  e-                  23    12     0     0     0     0     0      1.356     17.453   -174.181    175.058      0.001
    16        -12  nu_ebar             23    12     0     0     0     0     0    -37.765      2.906    -29.810     48.200      0.000
                                   Charge sum:  0.000           Momentum sum:     -0.000      0.000   -608.322    739.985    421.334

 --------  End PYTHIA Event Listing  -----------------------------------------------------------------------------------------------

 --------  PYTHIA Event Listing  (complete event)  ---------------------------------------------------------------------------------
 
    no         id  name            status     mothers   daughters     colours      p_x        p_y        p_z         e          m 
     0         90  (system)           -11     0     0     0     0     0     0      0.000      0.000      0.000  13000.000  13000.000
     1       2212  (p+)               -12     0     0    69     0     0     0      0.000      0.000   6500.000   6500.000      0.938
     2       2212  (p+)               -12     0     0    70     0     0     0      0.000      0.000  -6500.000   6500.000      0.938
     3         21  (g)                -21     9     9     5     8   512   513      0.000      0.000     65.831     65.831      0.000
     4         21  (g)                -21    10     0     5     8   514   512      0.000      0.000   -674.154    674.154      0.000
     5          6  (t)                -22     3     4    11    11   511     0     -6.130     33.417   -196.820    265.529    174.966
     6         -6  (tbar)             -22     3     4    12    12     0   513     19.945    -49.597   -406.228    444.603    172.608
     7         -4  (cbar)             -23     3     4    13    13     0   511     -6.416     12.121      6.546     15.261      1.400
     8          4  (c)                -23     3     4    14    14   514     0     -7.398      4.059    -11.821     14.591      1.400
     9         21  (g)                -42    16     0     3     3   512   513      0.000      0.000     65.831     65.831      0.000
    10         21  (g)                -41    17    17    15     4   515   512     -0.000      0.000   -869.653    869.653      0.000
    11          6  (t)                -44     5     5    18    18   511     0     -6.130     33.417   -196.820    265.529    174.966
    12         -6  (tbar)             -44     6     6    19    19     0   513     19.945    -49.597   -406.228    444.603    172.608
    13         -4  (cbar)             -44     7     7    20    20     0   511     -6.416     12.121      6.546     15.261      1.400
    14          4  (c)                -44     8     8    21    21   514     0    -13.235      5.840    -38.369     41.029      1.400
    15         21  (g)                -43    10     0    22    22   515   514      5.836     -1.781   -168.952    169.062      0.000
    16         21  (g)                -41    24     0    23     9   512   516     -0.000     -0.000     94.246     94.246      0.000
    17         21  (g)                -42    25    25    10    10   515   512     -0.000      0.000   -869.653    869.653      0.000
    18          6  (t)                -44    11    11    26    26   511     0     -6.130     33.417   -196.820    265.529    174.966
    19         -6  (tbar)             -44    12    12    27    27     0   513     18.920    -50.860   -406.152    444.632    172.608
    20         -4  (cbar)             -44    13    13    28    28     0   511     -6.416     12.121      6.546     15.261      1.400
    21          4  (c)                -44    14    14    29    29   514     0    -13.235      5.840    -38.369     41.029      1.400
    22         21  (g)                -44    15    15    30    30   515   514      5.836     -1.781   -168.952    169.062      0.000
    23         21  (g)                -43    16     0    31    31   513   516      1.024      1.263     28.339     28.386      0.000
    24         21  (g)                -41    69    69    32    16   517   516     -0.000     -0.000    592.871    592.871      0.000
    25         21  (g)                -42    70    70    17    17   515   512      0.000      0.000   -869.653    869.653      0.000
    26          6  (t)                -44    18    18    71    71   511     0     -5.667     33.429   -196.785    265.494    174.966
    27         -6  (tbar)             -44    19    19    48    48     0   513     19.180    -50.853   -406.269    444.749    172.608
    28         -4  (cbar)             -44    20    20    73    73     0   511     -6.269     12.125      6.587     15.221      1.400
    29          4  (c)                -44    21    21    35    35   514     0    -13.217      5.841    -38.280     40.940      1.400
    30         21  (g)                -44    22    22    33    34   515   514      5.837     -1.781   -168.990    169.100      0.000
    31         21  (g)                -44    23    23    46    47   513   516      1.407      1.273     28.331     28.395      0.000
    32         21  (g)                -43    24     0    77    77   517   512     -1.272     -0.034    498.623    498.625      0.000
    33         21  (g)                -51    30     0    45    45   515   518      4.498     -1.766   -163.302    163.373      0.000
    34         21  (g)                -51    30     0    38    38   518   514      1.080      0.100     -6.426      6.517      0.000
    35          4  (c)                -52    29    29    36    37   514     0    -12.957      5.726    -37.542     40.150      1.400
    36          4  (c)                -51    35     0    74    74   520     0    -12.568      5.207    -35.239     37.799      1.400
    37         21  (g)                -51    35     0    79    79   514   520     -0.267      0.531     -3.029      3.086      0.000
    38         21  (g)                -52    34    34    43    44   518   514      0.958      0.088     -5.701      5.782      0.000
    39         21  (g)                -31    58     0    41    42   521   522      0.000      0.000     12.457     12.457      0.000
    40         21  (g)                -31    59    59    41    42   522   523      0.000      0.000    -86.089     86.089      0.000
    41         21  (g)                -33    39    40    51    51   521   524     -0.565     -0.759     12.437     12.473      0.000
    42         21  (g)                -33    39    40    49    50   524   523      0.565      0.759    -86.069     86.074      0.000
    43         21  (g)                -51    38     0    52    53   525   514      0.230     -0.828    -10.539     10.574      0.000
    44         21  (g)                -51    38     0    54    54   518   525      1.475      0.623    -22.293     22.350      0.000
    45         21  (g)                -52    33    33    75    75   515   518      3.751     -1.473   -136.171    136.230      0.000
    46         21  (g)                -51    31     0    76    76   526   516      2.181      1.228     27.407     27.521      0.000
    47         21  (g)                -51    31     0    81    81   513   526     -0.766      0.022      0.728      1.057      0.000
    48         -6  (tbar)             -52    27    27    72    72     0   513     19.172    -50.830   -406.072    444.567    172.608
    49         21  (g)                -51    42     0    61    61   527   523      1.245      0.568    -80.661     80.673      0.000
    50         21  (g)                -51    42     0    55    56   524   527     -0.681      0.190     -5.382      5.428      0.000
    51         21  (g)                -52    41    41    57    57   521   524     -0.564     -0.758     12.410     12.446      0.000
    52         21  (g)                -51    43     0    78    78   528   514      0.368      0.241    -17.066     17.072      0.000
    53         21  (g)                -51    43     0    82    82   525   528      0.852     -0.651     -8.428      8.496      0.000
    54         21  (g)                -52    44    44    80    80   518   525      0.485      0.205     -7.337      7.356      0.000
    55         21  (g)                -51    50     0    62    62   529   527     -0.197     -0.339     -4.743      4.760      0.000
    56         21  (g)                -51    50     0    63    63   524   529     -0.492      0.518     -0.458      0.849      0.000
    57         21  (g)                -52    51    51    60    60   521   524     -0.556     -0.747     12.230     12.266      0.000
    58         21  (g)                -41    83    83    64    39   521   530     -0.000      0.000   1560.596   1560.596      0.000
    59         21  (g)                -42    84    84    40    40   522   523      0.000      0.000    -86.089     86.089      0.000
    60         21  (g)                -44    57    57    85    85   521   524     -0.544     -0.278     12.241     12.256      0.000
    61         21  (g)                -44    49    49    86    86   527   523      1.245      0.568    -80.668     80.680      0.000
    62         21  (g)                -44    55    55    87    87   529   527     -0.197     -0.339     -4.737      4.753      0.000
    63         21  (g)                -44    56    56    88    88   524   529     -0.492      0.525     -0.468      0.858      0.000
    64         21  (g)                -43    58     0    89    89   522   530     -0.012     -0.477   1548.138   1548.138      0.000
    65         -1  (dbar)             -31    90    90    67    68     0   531      0.000      0.000     22.058     22.058      0.000
    66         21  (g)                -31    91    91    67    68   531   532      0.000      0.000   -152.405    152.405      0.000
    67         -1  (dbar)             -33    65    66    92    92     0   533      0.234     -0.271     22.055     22.060      0.330
    68         21  (g)                -33    65    66    93    93   533   532     -0.234      0.271   -152.402    152.402      0.000
    69         21  (g)                -61     1     0    24    24   517   516     -0.900      0.171    592.870    592.871      0.000
    70         21  (g)                -61     2     0    25    25   533   512      1.582     -0.041   -869.652    869.654      0.000
    71          6  (t)                -62    26    26    99   100   511     0     -5.298     33.428   -196.800    265.498    174.966
    72         -6  (tbar)             -62    48    48   101   102     0   513     19.917    -50.844   -406.031    444.564    172.608
    73         -4  (cbar)             -62    28    28   126   126     0   524     -6.277     12.128      6.575     15.221      1.400
    74          4  (c)                -62    36    36   136   136   520     0    -12.504      5.205    -35.261     37.798      1.400
    75         21  (g)                -62    45    45   141   141   515   518      3.998     -1.479   -136.164    136.231      0.000
    76         21  (g)                -62    46    46   163   163   526   522      2.139      1.236     27.410     27.521      0.000
    77         21  (g)                -62    32    32   203   203   517   521     -2.029      0.110    498.620    498.625      0.000
    78         21  (g)                -62    52    52   138   138   528   514      0.399      0.240    -17.065     17.072      0.000
    79         21  (g)                -62    37    37   137   137   514   520     -0.261      0.531     -3.029      3.086      0.000
    80         21  (g)                -62    54    54   140   140   518   525      0.499      0.205     -7.337      7.356      0.000
    81         21  (g)                -62    47    47   164   164   513   526     -0.767      0.022      0.726      1.057      0.000
    82         21  (g)                -62    53    53   139   139   525   528      0.867     -0.651     -8.427      8.496      0.000
    83         21  (g)                -61     1     0    58    58   523   523     -0.536      0.172   1560.593   1560.593      0.000
    84         21  (g)                -61     2     0    59    59   530   530     -1.434     -1.216    -86.079     86.100      0.000
    85         21  (g)                -62    60    60   202   202   521   529     -0.548     -0.277     12.248     12.263      0.000
    86         21  (g)                -62    61    61   200   200   527   512     -0.099     -0.571    -80.673     80.675      0.000
    87         21  (g)                -62    62    62   201   201   529   527     -0.276     -0.406     -4.732      4.757      0.000
    88         21  (g)                -62    63    63   125   125   524   511     -0.503      0.516     -0.467      0.859      0.000
    89         21  (g)                -62    64    64   162   162   522   516     -0.544     -0.306   1548.138   1548.138      0.000
    90         -1  (dbar)             -61     1     0    65    65     0   512      0.362     -0.915     22.047     22.069      0.000
    91         21  (g)                -61     2     0    66    66   512   532      0.222      0.210   -152.399    152.399      0.000
    92         -1  (dbar)             -62    67    67   187   187     0   532      0.597     -1.186     22.037     22.079      0.330
    93         21  (g)                -62    68    68   142   142   533   515     -0.013      0.481   -152.388    152.389      0.000
    94          2  (u)                -63     1     0   199   199   512     0      0.132      0.003     61.711     61.712      0.330
    95       2101  (ud_0)             -63     1     0   204   204     0   517      0.316      0.166   4107.389   4107.389      0.579
    96          1  (d)                -63     1     0   161   161   516     0      0.626      0.403    155.366    155.368      0.330
    97       2203  (uu_1)             -63     2     0   143   143     0   533     -0.125      0.523  -4689.745   4689.745      0.771
    98          1  (d)                -63     2     0   186   186   532     0     -0.244      0.523   -702.101    702.101      0.330
    99          5  (b)                -23    71     0   124   124   511     0     23.308    -30.058   -139.812    144.977      4.920
   100         24  (W+)               -22    71     0   109   110     0     0    -28.607     63.486    -56.988    120.521     80.180
   101         -5  (bbar)             -23    72     0   103   104     0   513     56.340    -70.578   -202.139    221.449      4.920
   102        -24  (W-)               -22    72     0   105   105     0     0    -36.423     19.733   -203.893    223.115     80.573
   103         -5  (bbar)             -51   101     0   108   108     0   542     56.228    -69.357   -202.117    221.015      4.920
   104         21  (g)                -51   101     0   106   107   542   513     -0.338     -0.829     -0.622      1.090      0.000
   105        -24  (W-)               -52   102   102   114   115     0     0    -35.973     19.342   -203.292    222.459     80.573
   106          2  (u)                -51   104     0   119   119   542     0     -0.042     -0.689     -3.561      3.642      0.330
   107         -2  (ubar)             -51   104     0   165   165     0   513      1.493     -2.334     -3.472      4.454      0.330
   108         -5  (bbar)             -52   103   103   120   120     0   542     54.439    -67.163   -195.706    214.009      4.920
   109        -13  (mu+)              -23   100     0   111   112     0     0    -14.882     17.973    -67.857     71.757      0.106
   110         14  (nu_mu)            -23   100     0   113   113     0     0    -13.725     45.513     10.868     48.764      0.000
   111        -13  mu+                 51   109     0     0     0     0     0    -14.807     17.982    -67.598     71.498      0.106
   112         22  gamma               51   109     0     0     0     0     0     -0.077      0.000     -0.257      0.268      0.000
   113         14  nu_mu               52   110   110     0     0     0     0    -13.722     45.504     10.866     48.754      0.000
   114         11  (e-)               -23   105     0   116   117     0     0      1.697     16.655   -173.633    174.438      0.001
   115        -12  (nu_ebar)          -23   105     0   118   118     0     0    -37.671      2.687    -29.659     48.021      0.000
   116         11  e-                  51   114     0     0     0     0     0      1.696     16.641   -173.483    174.287      0.001
   117         22  gamma               51   114     0     0     0     0     0      0.001      0.014     -0.150      0.151      0.000
   118        -12  nu_ebar             52   115   115     0     0     0     0    -37.671      2.687    -29.659     48.021      0.000
   119          2  (u)                -71   106   106   121   123   542     0     -0.042     -0.689     -3.561      3.642      0.330
   120         -5  (bbar)             -71   108   108   121   123     0   542     54.439    -67.163   -195.706    214.009      4.920
   121        211  pi+                 83   119   120     0     0     0     0      0.010     -0.259     -2.046      2.067      0.140
   122        113  (rho0)             -84   119   120   243   244     0     0      1.886     -2.692     -7.748      8.469      0.934
   123        513  (B*0)              -84   119   120   316   317     0     0     52.501    -64.900   -189.473    207.116      5.325
   124          5  (b)                -71    99    99   127   135   511     0     23.308    -30.058   -139.812    144.977      4.920
   125         21  (g)                -71    88    88   127   135   524   511     -0.503      0.516     -0.467      0.859      0.000
   126         -4  (cbar)             -71    73    73   127   135     0   524     -6.277     12.128      6.575     15.221      1.400
   127       -513  (B*bar0)           -83   124   126   318   319     0     0     19.103    -24.921   -115.764    120.065      5.325
   128        113  (rho0)             -83   124   126   245   246     0     0      0.867     -0.787     -4.534      4.752      0.803
   129       2114  (Delta0)           -83   124   126   247   248     0     0      2.185     -3.244    -14.509     15.083      1.308
   130      -2114  (Deltabar0)        -83   124   126   249   250     0     0      0.711     -0.216     -3.257      3.562      1.235
   131       -213  (rho-)             -84   124   126   251   252     0     0      0.278     -0.154     -1.129      1.410      0.784
   132        213  (rho+)             -84   124   126   253   254     0     0     -0.918      0.779     -0.327      1.484      0.804
   133        313  (K*0)              -84   124   126   255   256     0     0     -0.689      0.602      0.973      1.603      0.886
   134       -321  K-                  84   124   126     0     0     0     0      0.141      1.649      0.521      1.804      0.494
   135       -421  (Dbar0)            -84   124   126   320   322     0     0     -5.152      8.880      4.322     11.294      1.865
   136          4  (c)                -71    74    74   144   160   520     0    -12.504      5.205    -35.261     37.798      1.400
   137         21  (g)                -71    79    79   144   160   514   520     -0.261      0.531     -3.029      3.086      0.000
   138         21  (g)                -71    78    78   144   160   528   514      0.399      0.240    -17.065     17.072      0.000
   139         21  (g)                -71    82    82   144   160   525   528      0.867     -0.651     -8.427      8.496      0.000
   140         21  (g)                -71    80    80   144   160   518   525      0.499      0.205     -7.337      7.356      0.000
   141         21  (g)                -71    75    75   144   160   515   518      3.998     -1.479   -136.164    136.231      0.000
   142         21  (g)                -71    93    93   144   160   533   515     -0.013      0.481   -152.388    152.389      0.000
   143       2203  (uu_1)             -71    97    97   144   160     0   533     -0.125      0.523  -4689.745   4689.745      0.771
   144        413  (D*+)              -83   136   143   323   324     0     0     -9.410      4.131    -28.042     29.933      2.010
   145       -213  (rho-)             -83   136   143   257   258     0     0     -1.722      0.844     -6.461      6.804      0.931
   146       2212  p+                  83   136   143     0     0     0     0     -0.806      0.339     -3.355      3.592      0.938
   147      -2112  nbar0               83   136   143     0     0     0     0     -0.414      0.225     -5.986      6.078      0.940
   148       -211  pi-                 83   136   143     0     0     0     0     -0.154      0.781     -6.216      6.269      0.140
   149        111  (pi0)              -84   136   143   325   326     0     0      1.902     -0.844    -42.687     42.737      0.135
   150        323  (K*+)              -84   136   143   259   260     0     0      1.279     -0.567    -27.222     27.275      0.963
   151       3122  Lambda0             84   136   143     0     0     0     0      1.667     -0.260    -92.729     92.751      1.116
   152      -2212  pbar-               84   136   143     0     0     0     0     -0.036      0.032    -58.020     58.027      0.938
   153        211  pi+                 84   136   143     0     0     0     0      0.525      0.017   -166.986    166.987      0.140
   154        113  (rho0)             -84   136   143   261   262     0     0     -0.377     -0.203    -65.168     65.172      0.501
   155        113  (rho0)             -84   136   143   263   264     0     0      0.360     -0.139   -185.454    185.457      0.791
   156       -211  pi-                 84   136   143     0     0     0     0      0.153     -0.292   -213.374    213.374      0.140
   157        321  K+                  84   136   143     0     0     0     0     -0.753      0.589   -695.431    695.432      0.494
   158       -321  K-                  84   136   143     0     0     0     0      0.836     -0.169   -222.894    222.896      0.494
   159       2212  p+                  84   136   143     0     0     0     0      0.101      0.287  -1823.576   1823.576      0.938
   160        211  pi+                 84   136   143     0     0     0     0     -0.291      0.283  -1405.815   1405.815      0.140
   161          1  (d)                -71    96    96   166   185   516     0      0.626      0.403    155.366    155.368      0.330
   162         21  (g)                -71    89    89   166   185   522   516     -0.544     -0.306   1548.138   1548.138      0.000
   163         21  (g)                -71    76    76   166   185   526   522      2.139      1.236     27.410     27.521      0.000
   164         21  (g)                -71    81    81   166   185   513   526     -0.767      0.022      0.726      1.057      0.000
   165         -2  (ubar)             -71   107   107   166   185     0   513      1.493     -2.334     -3.472      4.454      0.330
   166        313  (K*0)              -83   161   165   265   266     0     0      0.587     -0.179    525.315    525.316      0.900
   167       -323  (K*-)              -83   161   165   267   268     0     0     -0.764      0.361    499.619    499.621      1.116
   168        213  (rho+)             -83   161   165   269   270     0     0      0.962      0.078    301.115    301.117      0.669
   169       -211  pi-                 83   161   165     0     0     0     0     -0.448     -0.041     32.994     32.998      0.140
   170        213  (rho+)             -83   161   165   271   272     0     0     -0.204     -0.134    200.961    200.962      0.758
   171        223  (omega)            -83   161   165   327   329     0     0      0.086     -0.112     79.869     79.873      0.785
   172        223  (omega)            -83   161   165   330   332     0     0      0.074      0.159     22.991     23.005      0.789
   173       -211  pi-                 83   161   165     0     0     0     0      0.595      0.160     28.376     28.383      0.140
   174        211  pi+                 83   161   165     0     0     0     0     -0.376      0.194     25.140     25.144      0.140
   175       -211  pi-                 84   161   165     0     0     0     0      0.052      0.361      0.703      0.805      0.140
   176        213  (rho+)             -84   161   165   273   274     0     0      0.521      0.311      5.501      5.592      0.799
   177        111  (pi0)              -84   161   165   333   334     0     0      0.611     -0.166      3.669      3.726      0.135
   178        223  (omega)            -84   161   165   335   337     0     0     -0.192      0.275      1.877      2.058      0.774
   179       -211  pi-                 84   161   165     0     0     0     0      0.275     -0.102      1.050      1.099      0.140
   180        321  K+                  84   161   165     0     0     0     0      0.210     -0.236      0.405      0.712      0.494
   181       -323  (K*-)              -84   161   165   275   276     0     0      0.105      0.127      1.170      1.524      0.962
   182        211  pi+                 84   161   165     0     0     0     0      0.237     -0.571     -0.247      0.680      0.140
   183        223  (omega)            -84   161   165   338   340     0     0      0.312     -0.782     -0.692      1.341      0.781
   184        223  (omega)            -84   161   165   341   343     0     0     -0.053     -0.044     -0.011      0.784      0.781
   185       -211  pi-                 84   161   165     0     0     0     0      0.358     -0.639     -1.637      1.799      0.140
   186          1  (d)                -71    98    98   188   198   532     0     -0.244      0.523   -702.101    702.101      0.330
   187         -1  (dbar)             -71    92    92   188   198     0   532      0.597     -1.186     22.037     22.079      0.330
   188       -211  pi-                 83   186   187     0     0     0     0      0.424      0.323   -398.837    398.837      0.140
   189        323  (K*+)              -83   186   187   277   278     0     0     -0.556      0.212   -269.457    269.460      0.872
   190       -323  (K*-)              -83   186   187   279   280     0     0     -0.045      0.113    -26.855     26.870      0.888
   191        211  pi+                 84   186   187     0     0     0     0     -0.335      0.126     -1.005      1.076      0.140
   192        313  (K*0)              -84   186   187   281   282     0     0      0.058     -0.245     -4.608      4.732      1.046
   193       -321  K-                  84   186   187     0     0     0     0      0.034      0.305     -0.058      0.584      0.494
   194        111  (pi0)              -84   186   187   344   345     0     0     -0.005     -0.344     -0.085      0.379      0.135
   195        111  (pi0)              -84   186   187   346   347     0     0      0.027     -0.510     -0.149      0.549      0.135
   196       2214  (Delta+)           -84   186   187   283   284     0     0      0.581      0.478      4.252      4.692      1.836
   197      -2114  (Deltabar0)        -84   186   187   285   286     0     0     -0.469     -0.659      4.241      4.478      1.187
   198        111  (pi0)              -84   186   187   348   349     0     0      0.641     -0.461     12.498     12.524      0.135
   199          2  (u)                -71    94    94   205   242   512     0      0.132      0.003     61.711     61.712      0.330
   200         21  (g)                -71    86    86   205   242   527   512     -0.099     -0.571    -80.673     80.675      0.000
   201         21  (g)                -71    87    87   205   242   529   527     -0.276     -0.406     -4.732      4.757      0.000
   202         21  (g)                -71    85    85   205   242   521   529     -0.548     -0.277     12.248     12.263      0.000
   203         21  (g)                -71    77    77   205   242   517   521     -2.029      0.110    498.620    498.625      0.000
   204       2101  (ud_0)             -71    95    95   205   242     0   517      0.316      0.166   4107.389   4107.389      0.579
   205        113  (rho0)             -83   199   204   287   288     0     0     -0.364      0.102     32.197     32.211      0.868
   206        111  (pi0)              -83   199   204   350   351     0     0      0.363     -0.123      3.523      3.546      0.135
   207        111  (pi0)              -83   199   204   352   353     0     0      0.070     -0.451      8.702      8.715      0.135
   208        211  pi+                 83   199   204     0     0     0     0     -0.412      0.299      7.247      7.267      0.140
   209       -211  pi-                 83   199   204     0     0     0     0      0.264      0.279      3.104      3.131      0.140
   210        111  (pi0)              -83   199   204   354   355     0     0     -0.119     -0.203      1.117      1.149      0.135
   211        323  (K*+)              -83   199   204   289   290     0     0      0.562     -0.053      2.977      3.178      0.958
   212       -323  (K*-)              -83   199   204   291   292     0     0     -0.405      0.789      2.156      2.512      0.934
   213        211  pi+                 83   199   204     0     0     0     0      0.381     -0.529     -2.482      2.570      0.140
   214       -211  pi-                 83   199   204     0     0     0     0     -0.423     -0.035     -0.001      0.446      0.140
   215        323  (K*+)              -83   199   204   293   294     0     0      0.734     -0.043     -6.152      6.292      1.096
   216       -311  (Kbar0)            -83   199   204   295   295     0     0     -0.942     -0.339    -32.802     32.821      0.498
   217       -211  pi-                 83   199   204     0     0     0     0      0.466     -0.496     -5.661      5.703      0.140
   218        113  (rho0)             -83   199   204   296   297     0     0     -0.389      0.009    -10.327     10.358      0.699
   219        111  (pi0)              -83   199   204   356   357     0     0      0.059     -0.224     -7.947      7.951      0.135
   220        223  (omega)            -83   199   204   358   360     0     0     -0.246     -0.163    -12.093     12.122      0.783
   221        213  (rho+)             -83   199   204   298   299     0     0      0.290      0.259     -1.421      1.649      0.742
   222        221  (eta)              -84   199   204   361   362     0     0     -0.325      0.544     -3.345      3.448      0.548
   223       -213  (rho-)             -84   199   204   300   301     0     0      0.154     -0.440     -0.741      1.191      0.808
   224        111  (pi0)              -84   199   204   363   364     0     0     -0.234     -0.187     -0.660      0.737      0.135
   225        111  (pi0)              -84   199   204   365   366     0     0      0.513      0.284      1.923      2.015      0.135
   226        111  (pi0)              -84   199   204   367   368     0     0     -0.180      0.016      0.070      0.236      0.135
   227        211  pi+                 84   199   204     0     0     0     0     -0.249     -0.142      0.513      0.604      0.140
   228        113  (rho0)             -84   199   204   302   303     0     0     -0.212     -0.340      2.904      3.138      1.120
   229        313  (K*0)              -84   199   204   304   305     0     0      0.035     -0.054      2.020      2.217      0.912
   230       -321  K-                  84   199   204     0     0     0     0      0.312      0.491      2.912      3.010      0.494
   231        111  (pi0)              -84   199   204   369   370     0     0     -0.401     -0.558      2.051      2.167      0.135
   232        321  K+                  84   199   204     0     0     0     0     -0.096      0.213      1.269      1.381      0.494
   233       -321  K-                  84   199   204     0     0     0     0      0.268     -0.030      2.442      2.506      0.494
   234       2214  (Delta+)           -84   199   204   306   307     0     0     -0.554     -0.567     27.763     27.801      1.217
   235      -2214  (Deltabar-)        -84   199   204   308   309     0     0      0.286      1.026     42.813     42.849      1.410
   236        211  pi+                 84   199   204     0     0     0     0     -0.602     -0.841    164.981    164.984      0.140
   237        111  (pi0)              -84   199   204   371   372     0     0      0.143      0.386     96.299     96.300      0.135
   238        111  (pi0)              -84   199   204   373   374     0     0     -0.876     -0.269    142.121    142.124      0.135
   239        223  (omega)            -84   199   204   375   377     0     0     -0.037      0.158    457.544    457.545      0.774
   240       -211  pi-                 84   199   204     0     0     0     0     -0.646      0.187    996.998    996.998      0.140
   241        111  (pi0)              -84   199   204   378   379     0     0      0.430     -0.156    507.929    507.930      0.135
   242       2212  p+                  84   199   204     0     0     0     0     -0.124      0.226   2164.618   2164.619      0.938
   243        211  pi+                 91   122     0     0     0     0     0      1.597     -2.309     -7.185      7.715      0.140
   244       -211  pi-                 91   122     0     0     0     0     0      0.289     -0.383     -0.564      0.754      0.140
   245        211  pi+                 91   128     0     0     0     0     0      0.593     -0.081     -1.502      1.623      0.140
   246       -211  pi-                 91   128     0     0     0     0     0      0.274     -0.706     -3.033      3.129      0.140
   247       2112  n0                  91   129     0     0     0     0     0      1.264     -2.088     -8.439      8.835      0.940
   248        111  (pi0)              -91   129     0   380   381     0     0      0.921     -1.157     -6.070      6.249      0.135
   249      -2112  nbar0               91   130     0     0     0     0     0      0.749     -0.132     -3.127      3.352      0.940
   250        111  (pi0)              -91   130     0   382   383     0     0     -0.038     -0.085     -0.130      0.209      0.135
   251       -211  pi-                 91   131     0     0     0     0     0      0.379      0.083     -0.244      0.480      0.140
   252        111  (pi0)              -91   131     0   384   385     0     0     -0.101     -0.237     -0.884      0.931      0.135
   253        211  pi+                 91   132     0     0     0     0     0     -0.039      0.342      0.130      0.393      0.140
   254        111  (pi0)              -91   132     0   386   387     0     0     -0.878      0.437     -0.457      1.091      0.135
   255        321  K+                  91   133     0     0     0     0     0     -0.541      0.228      0.880      1.167      0.494
   256       -211  pi-                 91   133     0     0     0     0     0     -0.147      0.373      0.093      0.435      0.140
   257       -211  pi-                 91   145     0     0     0     0     0     -0.766      0.842     -3.967      4.129      0.140
   258        111  (pi0)              -91   145     0   388   389     0     0     -0.955      0.002     -2.495      2.675      0.135
   259        311  (K0)               -91   150     0   310   310     0     0      0.931     -0.239    -22.655     22.681      0.498
   260        211  pi+                 91   150     0     0     0     0     0      0.347     -0.328     -4.567      4.594      0.140
   261        211  pi+                 91   154     0     0     0     0     0      0.013     -0.158    -13.410     13.412      0.140
   262       -211  pi-                 91   154     0     0     0     0     0     -0.390     -0.046    -51.758     51.760      0.140
   263        211  pi+                 91   155     0     0     0     0     0      0.355      0.034   -170.565    170.566      0.140
   264       -211  pi-                 91   155     0     0     0     0     0      0.004     -0.173    -14.889     14.891      0.140
   265        321  K+                  91   166     0     0     0     0     0      0.090     -0.220    324.149    324.150      0.494
   266       -211  pi-                 91   166     0     0     0     0     0      0.497      0.041    201.166    201.166      0.140
   267       -311  (Kbar0)            -91   167     0   311   311     0     0     -0.604     -0.156    351.221    351.222      0.498
   268       -211  pi-                 91   167     0     0     0     0     0     -0.160      0.517    148.398    148.399      0.140
   269        211  pi+                 91   168     0     0     0     0     0      0.381      0.232     75.296     75.297      0.140
   270        111  (pi0)              -91   168     0   390   391     0     0      0.580     -0.153    225.819    225.820      0.135
   271        211  pi+                 91   170     0     0     0     0     0     -0.392     -0.027     64.838     64.839      0.140
   272        111  (pi0)              -91   170     0   392   393     0     0      0.187     -0.107    136.123    136.123      0.135
   273        211  pi+                 91   176     0     0     0     0     0      0.207      0.326      4.734      4.752      0.140
   274        111  (pi0)              -91   176     0   394   395     0     0      0.314     -0.016      0.767      0.840      0.135
   275       -311  (Kbar0)            -91   181     0   312   312     0     0     -0.224      0.233      0.608      0.850      0.498
   276       -211  pi-                 91   181     0     0     0     0     0      0.329     -0.106      0.562      0.674      0.140
   277        311  (K0)               -91   189     0   313   313     0     0     -0.277      0.223   -105.712    105.713      0.498
   278        211  pi+                 91   189     0     0     0     0     0     -0.279     -0.011   -163.746    163.746      0.140
   279       -311  (Kbar0)            -91   190     0   314   314     0     0      0.210      0.107    -21.516     21.523      0.498
   280       -211  pi-                 91   190     0     0     0     0     0     -0.255      0.006     -5.340      5.348      0.140
   281        321  K+                  91   192     0     0     0     0     0     -0.288      0.074     -2.189      2.263      0.494
   282       -211  pi-                 91   192     0     0     0     0     0      0.346     -0.319     -2.419      2.468      0.140
   283       2112  n0                  91   196     0     0     0     0     0     -0.188      0.587      1.859      2.173      0.940
   284        211  pi+                 91   196     0     0     0     0     0      0.769     -0.110      2.392      2.519      0.140
   285      -2112  nbar0               91   197     0     0     0     0     0     -0.247     -0.633      3.177      3.382      0.940
   286        111  (pi0)              -91   197     0   396   397     0     0     -0.222     -0.026      1.064      1.095      0.135
   287        211  pi+                 91   205     0     0     0     0     0     -0.259      0.325     28.419     28.423      0.140
   288       -211  pi-                 91   205     0     0     0     0     0     -0.105     -0.222      3.777      3.788      0.140
   289        321  K+                  91   211     0     0     0     0     0      0.620      0.101      1.643      1.827      0.494
   290        111  (pi0)              -91   211     0   398   399     0     0     -0.058     -0.155      1.334      1.351      0.135
   291       -311  (Kbar0)            -91   212     0   315   315     0     0     -0.382      0.516      2.017      2.174      0.498
   292       -211  pi-                 91   212     0     0     0     0     0     -0.023      0.273      0.140      0.338      0.140
   293        321  K+                  91   215     0     0     0     0     0      0.189      0.298     -2.057      2.145      0.494
   294        111  (pi0)              -91   215     0   400   401     0     0      0.545     -0.341     -4.095      4.147      0.135
   295        310  K_S0                91   216   216     0     0     0     0     -0.942     -0.339    -32.802     32.821      0.498
   296        211  pi+                 91   218     0     0     0     0     0     -0.064      0.303     -4.655      4.667      0.140
   297       -211  pi-                 91   218     0     0     0     0     0     -0.325     -0.294     -5.672      5.690      0.140
   298        211  pi+                 91   221     0     0     0     0     0      0.016      0.442     -0.636      0.788      0.140
   299        111  (pi0)              -91   221     0   402   403     0     0      0.274     -0.184     -0.785      0.862      0.135
   300       -211  pi-                 91   223     0     0     0     0     0      0.009      0.207     -0.143      0.288      0.140
   301        111  (pi0)              -91   223     0   404   405     0     0      0.145     -0.647     -0.598      0.903      0.135
   302        211  pi+                 91   228     0     0     0     0     0     -0.533      0.105      1.950      2.029      0.140
   303       -211  pi-                 91   228     0     0     0     0     0      0.321     -0.445      0.954      1.109      0.140
   304        321  K+                  91   229     0     0     0     0     0      0.249      0.165      1.249      1.376      0.494
   305       -211  pi-                 91   229     0     0     0     0     0     -0.214     -0.219      0.771      0.842      0.140
   306       2212  p+                  91   234     0     0     0     0     0     -0.345     -0.606     20.236     20.269      0.938
   307        111  (pi0)              -91   234     0   406   407     0     0     -0.210      0.039      7.528      7.532      0.135
   308      -2212  pbar-               91   235     0     0     0     0     0     -0.105      0.914     28.928     28.958      0.938
   309        111  (pi0)              -91   235     0   408   409     0     0      0.391      0.112     13.884     13.891      0.135
   310        130  K_L0                91   259   259     0     0     0     0      0.931     -0.239    -22.655     22.681      0.498
   311        310  (K_S0)             -91   267   267   410   411     0     0     -0.604     -0.156    351.221    351.222      0.498
   312        310  K_S0                91   275   275     0     0     0     0     -0.224      0.233      0.608      0.850      0.498
   313        130  K_L0                91   277   277     0     0     0     0     -0.277      0.223   -105.712    105.713      0.498
   314        310  (K_S0)             -91   279   279   412   413     0     0      0.210      0.107    -21.516     21.523      0.498
   315        130  K_L0                91   291   291     0     0     0     0     -0.382      0.516      2.017      2.174      0.498
   316        511  (B0)               -91   123     0   414   419     0     0     52.387    -64.801   -189.106    206.718      5.280
   317         22  gamma               91   123     0     0     0     0     0      0.114     -0.099     -0.368      0.397      0.000
   318       -511  (Bbar0)            -91   127     0   420   422     0     0     18.780    -24.528   -113.958    118.188      5.280
   319         22  gamma               91   127     0     0     0     0     0      0.323     -0.394     -1.807      1.877      0.000
   320        321  K+                  91   135     0     0     0     0     0     -2.185      3.928      1.398      4.733      0.494
   321       -211  pi-                 91   135     0     0     0     0     0     -1.146      1.934      0.580      2.326      0.140
   322        111  (pi0)              -91   135     0   423   424     0     0     -1.821      3.018      2.344      4.235      0.135
   323        421  (D0)               -91   144     0   425   426     0     0     -8.851      3.893    -26.289     28.073      1.865
   324        211  pi+                 91   144     0     0     0     0     0     -0.558      0.238     -1.752      1.860      0.140
   325         22  gamma               91   149     0     0     0     0     0      0.975     -0.360    -21.445     21.470      0.000
   326         22  gamma               91   149     0     0     0     0     0      0.927     -0.485    -21.242     21.267      0.000
   327        211  pi+                 91   171     0     0     0     0     0     -0.047      0.112     46.912     46.912      0.140
   328       -211  pi-                 91   171     0     0     0     0     0     -0.062     -0.073      6.793      6.795      0.140
   329        111  (pi0)              -91   171     0   427   428     0     0      0.195     -0.151     26.164     26.166      0.135
   330        211  pi+                 91   172     0     0     0     0     0      0.030      0.255     13.741     13.744      0.140
   331       -211  pi-                 91   172     0     0     0     0     0      0.105     -0.006      1.662      1.671      0.140
   332        111  (pi0)              -91   172     0   429   430     0     0     -0.061     -0.090      7.588      7.590      0.135
   333         22  gamma               91   177     0     0     0     0     0      0.155      0.001      0.675      0.692      0.000
   334         22  gamma               91   177     0     0     0     0     0      0.456     -0.167      2.995      3.034      0.000
   335        211  pi+                 91   178     0     0     0     0     0      0.120     -0.004      0.773      0.795      0.140
   336       -211  pi-                 91   178     0     0     0     0     0     -0.045      0.036      0.653      0.670      0.140
   337        111  (pi0)              -91   178     0   431   432     0     0     -0.266      0.243      0.451      0.593      0.135
   338        211  pi+                 91   183     0     0     0     0     0     -0.116     -0.063     -0.078      0.207      0.140
   339       -211  pi-                 91   183     0     0     0     0     0      0.343     -0.429     -0.562      0.798      0.140
   340        111  (pi0)              -91   183     0   433   434     0     0      0.085     -0.291     -0.052      0.336      0.135
   341        211  pi+                 91   184     0     0     0     0     0      0.036      0.065      0.247      0.293      0.140
   342       -211  pi-                 91   184     0     0     0     0     0     -0.182     -0.096     -0.192      0.314      0.140
   343        111  (pi0)              -91   184     0   435   436     0     0      0.093     -0.013     -0.066      0.177      0.135
   344         22  gamma               91   194     0     0     0     0     0      0.024     -0.150     -0.101      0.183      0.000
   345         22  gamma               91   194     0     0     0     0     0     -0.029     -0.193      0.016      0.196      0.000
   346         22  gamma               91   195     0     0     0     0     0      0.033     -0.059      0.014      0.069      0.000
   347         22  gamma               91   195     0     0     0     0     0     -0.006     -0.451     -0.163      0.479      0.000
   348         22  gamma               91   198     0     0     0     0     0      0.193     -0.212      4.105      4.115      0.000
   349         22  gamma               91   198     0     0     0     0     0      0.448     -0.249      8.393      8.409      0.000
   350         22  gamma               91   206     0     0     0     0     0      0.256     -0.148      2.468      2.486      0.000
   351         22  gamma               91   206     0     0     0     0     0      0.107      0.025      1.055      1.060      0.000
   352         22  gamma               91   207     0     0     0     0     0     -0.037     -0.158      2.631      2.636      0.000
   353         22  gamma               91   207     0     0     0     0     0      0.107     -0.292      6.071      6.079      0.000
   354         22  gamma               91   210     0     0     0     0     0      0.015     -0.089      0.284      0.298      0.000
   355         22  gamma               91   210     0     0     0     0     0     -0.134     -0.114      0.833      0.851      0.000
   356         22  gamma               91   219     0     0     0     0     0      0.005      0.018     -0.822      0.822      0.000
   357         22  gamma               91   219     0     0     0     0     0      0.054     -0.242     -7.125      7.129      0.000
   358        211  pi+                 91   220     0     0     0     0     0     -0.028     -0.043     -3.473      3.476      0.140
   359       -211  pi-                 91   220     0     0     0     0     0     -0.065     -0.313     -3.325      3.343      0.140
   360        111  (pi0)              -91   220     0   437   438     0     0     -0.153      0.194     -5.295      5.302      0.135
   361         22  gamma               91   222     0     0     0     0     0     -0.450      0.253     -2.241      2.299      0.000
   362         22  gamma               91   222     0     0     0     0     0      0.125      0.291     -1.104      1.149      0.000
   363         22  gamma               91   224     0     0     0     0     0     -0.020     -0.057     -0.248      0.256      0.000
   364         22  gamma               91   224     0     0     0     0     0     -0.213     -0.130     -0.411      0.481      0.000
   365         22  gamma               91   225     0     0     0     0     0      0.470      0.277      1.632      1.721      0.000
   366         22  gamma               91   225     0     0     0     0     0      0.043      0.008      0.290      0.294      0.000
   367         22  gamma               91   226     0     0     0     0     0     -0.003      0.028      0.050      0.057      0.000
   368         22  gamma               91   226     0     0     0     0     0     -0.177     -0.012      0.019      0.178      0.000
   369         22  gamma               91   231     0     0     0     0     0     -0.113     -0.176      0.448      0.494      0.000
   370         22  gamma               91   231     0     0     0     0     0     -0.288     -0.382      1.603      1.673      0.000
   371         22  gamma               91   237     0     0     0     0     0      0.147      0.373     83.128     83.129      0.000
   372         22  gamma               91   237     0     0     0     0     0     -0.004      0.013     13.171     13.171      0.000
   373         22  gamma               91   238     0     0     0     0     0     -0.538     -0.111     78.103     78.104      0.000
   374         22  gamma               91   238     0     0     0     0     0     -0.338     -0.158     64.019     64.020      0.000
   375        211  pi+                 91   239     0     0     0     0     0      0.065      0.126    103.035    103.035      0.140
   376       -211  pi-                 91   239     0     0     0     0     0      0.151     -0.112     92.830     92.830      0.140
   377        111  (pi0)              -91   239     0   439   440     0     0     -0.253      0.144    261.679    261.680      0.135
   378         22  gamma               91   241     0     0     0     0     0      0.166     -0.055    128.841    128.842      0.000
   379         22  gamma               91   241     0     0     0     0     0      0.264     -0.101    379.088    379.088      0.000
   380         22  gamma               91   248     0     0     0     0     0      0.044     -0.086     -0.525      0.533      0.000
   381         22  gamma               91   248     0     0     0     0     0      0.877     -1.071     -5.545      5.715      0.000
   382         22  gamma               91   250     0     0     0     0     0     -0.048     -0.115     -0.075      0.145      0.000
   383         22  gamma               91   250     0     0     0     0     0      0.010      0.030     -0.055      0.064      0.000
   384         22  gamma               91   252     0     0     0     0     0     -0.069     -0.027     -0.301      0.310      0.000
   385         22  gamma               91   252     0     0     0     0     0     -0.032     -0.210     -0.583      0.621      0.000
   386         22  gamma               91   254     0     0     0     0     0     -0.519      0.285     -0.342      0.684      0.000
   387         22  gamma               91   254     0     0     0     0     0     -0.360      0.152     -0.115      0.407      0.000
   388         22  gamma               91   258     0     0     0     0     0     -0.799     -0.022     -2.193      2.334      0.000
   389         22  gamma               91   258     0     0     0     0     0     -0.157      0.024     -0.302      0.341      0.000
   390         22  gamma               91   270     0     0     0     0     0      0.268     -0.027    119.629    119.629      0.000
   391         22  gamma               91   270     0     0     0     0     0      0.312     -0.127    106.190    106.190      0.000
   392         22  gamma               91   272     0     0     0     0     0      0.056      0.003     67.667     67.667      0.000
   393         22  gamma               91   272     0     0     0     0     0      0.131     -0.110     68.455     68.456      0.000
   394         22  gamma               91   274     0     0     0     0     0      0.151     -0.060      0.271      0.316      0.000
   395         22  gamma               91   274     0     0     0     0     0      0.163      0.044      0.496      0.524      0.000
   396         22  gamma               91   286     0     0     0     0     0     -0.062     -0.049      0.577      0.582      0.000
   397         22  gamma               91   286     0     0     0     0     0     -0.160      0.023      0.487      0.513      0.000
   398         22  gamma               91   290     0     0     0     0     0     -0.046     -0.176      1.262      1.275      0.000
   399         22  gamma               91   290     0     0     0     0     0     -0.012      0.021      0.072      0.076      0.000
   400         22  gamma               91   294     0     0     0     0     0      0.209     -0.082     -1.742      1.756      0.000
   401         22  gamma               91   294     0     0     0     0     0      0.336     -0.259     -2.353      2.391      0.000
   402         22  gamma               91   299     0     0     0     0     0      0.103     -0.121     -0.244      0.291      0.000
   403         22  gamma               91   299     0     0     0     0     0      0.171     -0.062     -0.541      0.571      0.000
   404         22  gamma               91   301     0     0     0     0     0      0.169     -0.562     -0.499      0.770      0.000
   405         22  gamma               91   301     0     0     0     0     0     -0.024     -0.085     -0.099      0.133      0.000
   406         22  gamma               91   307     0     0     0     0     0     -0.090      0.068      4.953      4.954      0.000
   407         22  gamma               91   307     0     0     0     0     0     -0.120     -0.029      2.575      2.578      0.000
   408         22  gamma               91   309     0     0     0     0     0      0.132      0.095      6.544      6.546      0.000
   409         22  gamma               91   309     0     0     0     0     0      0.259      0.016      7.340      7.345      0.000
   410        211  pi+                 91   311     0     0     0     0     0     -0.248     -0.259    209.763    209.763      0.140
   411       -211  pi-                 91   311     0     0     0     0     0     -0.356      0.102    141.458    141.458      0.140
   412        211  pi+                 91   314     0     0     0     0     0     -0.005      0.054     -2.123      2.128      0.140
   413       -211  pi-                 91   314     0     0     0     0     0      0.214      0.053    -19.393     19.395      0.140
   414       -411  (D-)               -91   316     0   441   443     0     0     18.156    -22.379    -65.413     71.504      1.870
   415        113  (rho0)             -91   316     0   444   445     0     0      8.133    -10.085    -29.413     32.150      0.810
   416        331  (eta')             -91   316     0   446   448     0     0      9.744    -12.063    -35.204     38.480      0.958
   417        111  (pi0)              -91   316     0   449   450     0     0      1.405     -1.726     -5.023      5.495      0.135
   418        223  (omega)            -91   316     0   451   453     0     0      7.566     -9.364    -27.280     29.828      0.773
   419        213  (rho+)             -91   316     0   454   455     0     0      7.383     -9.185    -26.774     29.261      0.731
   420        -12  nu_ebar             91   318     0     0     0     0     0      0.306      0.016     -0.481      0.570      0.000
   421         11  e-                  91   318     0     0     0     0     0      3.425     -6.657    -27.674     28.668      0.001
   422        411  (D+)               -91   318     0   456   458     0     0     15.049    -17.886    -85.803     88.950      1.870
   423         22  gamma               91   322     0     0     0     0     0     -1.111      1.947      1.531      2.714      0.000
   424         22  gamma               91   322     0     0     0     0     0     -0.711      1.071      0.813      1.521      0.000
   425        321  K+                  91   323     0     0     0     0     0     -7.226      2.548    -20.794     22.166      0.494
   426       -321  K-                  91   323     0     0     0     0     0     -1.626      1.345     -5.495      5.907      0.494
   427         22  gamma               91   329     0     0     0     0     0      0.092     -0.107     19.934     19.934      0.000
   428         22  gamma               91   329     0     0     0     0     0      0.103     -0.044      6.230      6.231      0.000
   429         22  gamma               91   332     0     0     0     0     0     -0.000     -0.106      5.556      5.557      0.000
   430         22  gamma               91   332     0     0     0     0     0     -0.060      0.016      2.032      2.033      0.000
   431         22  gamma               91   337     0     0     0     0     0     -0.040      0.121      0.137      0.188      0.000
   432         22  gamma               91   337     0     0     0     0     0     -0.226      0.121      0.314      0.405      0.000
   433         22  gamma               91   340     0     0     0     0     0     -0.028     -0.095     -0.046      0.110      0.000
   434         22  gamma               91   340     0     0     0     0     0      0.114     -0.195     -0.006      0.226      0.000
   435         22  gamma               91   343     0     0     0     0     0      0.034      0.046     -0.075      0.094      0.000
   436         22  gamma               91   343     0     0     0     0     0      0.059     -0.058      0.008      0.083      0.000
   437         22  gamma               91   360     0     0     0     0     0     -0.165      0.143     -3.541      3.548      0.000
   438         22  gamma               91   360     0     0     0     0     0      0.011      0.051     -1.753      1.754      0.000
   439         22  gamma               91   377     0     0     0     0     0     -0.065      0.034    126.768    126.768      0.000
   440         22  gamma               91   377     0     0     0     0     0     -0.188      0.110    134.911    134.912      0.000
   441       -311  (Kbar0)            -91   414     0   459   459     0     0     12.180    -14.872    -44.840     48.789      0.498
   442       -211  pi-                 91   414     0     0     0     0     0      0.268     -0.558     -1.346      1.488      0.140
   443        111  (pi0)              -91   414     0   460   461     0     0      5.707     -6.949    -19.228     21.227      0.135
   444        211  pi+                 91   415     0     0     0     0     0      7.083     -8.470    -24.631     26.993      0.140
   445       -211  pi-                 91   415     0     0     0     0     0      1.050     -1.615     -4.782      5.157      0.140
   446        111  (pi0)              -91   416     0   462   463     0     0      2.026     -2.616     -7.624      8.312      0.135
   447        111  (pi0)              -91   416     0   464   465     0     0      1.780     -2.279     -6.918      7.500      0.135
   448        221  (eta)              -91   416     0   466   467     0     0      5.938     -7.168    -20.662     22.669      0.548
   449         22  gamma               91   417     0     0     0     0     0      0.864     -0.972     -3.018      3.286      0.000
   450         22  gamma               91   417     0     0     0     0     0      0.541     -0.754     -2.005      2.209      0.000
   451        211  pi+                 91   418     0     0     0     0     0      0.887     -1.302     -3.637      3.966      0.140
   452       -211  pi-                 91   418     0     0     0     0     0      5.275     -6.244    -18.788     20.490      0.140
   453        111  (pi0)              -91   418     0   468   469     0     0      1.404     -1.818     -4.855      5.372      0.135
   454        211  pi+                 91   419     0     0     0     0     0      4.305     -5.810    -16.813     18.302      0.140
   455        111  (pi0)              -91   419     0   470   471     0     0      3.078     -3.376     -9.961     10.959      0.135
   456        -13  mu+                 91   422     0     0     0     0     0      3.855     -4.590    -21.755     22.566      0.106
   457         14  nu_mu               91   422     0     0     0     0     0      2.966     -3.480    -17.812     18.389      0.000
   458     -10313  (K_1(1270)bar0)    -91   422     0   472   473     0     0      8.227     -9.816    -46.236     47.994      1.272
   459        130  K_L0                91   441   441     0     0     0     0     12.180    -14.872    -44.840     48.789      0.498
   460         22  gamma               91   443     0     0     0     0     0      5.468     -6.696    -18.504     20.424      0.000
   461         22  gamma               91   443     0     0     0     0     0      0.239     -0.253     -0.724      0.803      0.000
   462         22  gamma               91   446     0     0     0     0     0      0.302     -0.473     -1.296      1.412      0.000
   463         22  gamma               91   446     0     0     0     0     0      1.724     -2.143     -6.328      6.899      0.000
   464         22  gamma               91   447     0     0     0     0     0      1.492     -1.956     -5.777      6.279      0.000
   465         22  gamma               91   447     0     0     0     0     0      0.288     -0.323     -1.141      1.220      0.000
   466         22  gamma               91   448     0     0     0     0     0      3.840     -4.542    -12.568     13.905      0.000
   467         22  gamma               91   448     0     0     0     0     0      2.098     -2.626     -8.094      8.764      0.000
   468         22  gamma               91   453     0     0     0     0     0      1.060     -1.462     -3.802      4.209      0.000
   469         22  gamma               91   453     0     0     0     0     0      0.345     -0.356     -1.052      1.163      0.000
   470         22  gamma               91   455     0     0     0     0     0      2.849     -3.070     -9.136     10.050      0.000
   471         22  gamma               91   455     0     0     0     0     0      0.229     -0.306     -0.825      0.909      0.000
   472       -323  (K*-)              -91   458     0   474   475     0     0      5.104     -6.208    -30.066     31.134      0.878
   473        211  pi+                 91   458     0     0     0     0     0      3.123     -3.609    -16.170     16.860      0.140
   474       -311  (Kbar0)            -91   472     0   476   476     0     0      4.058     -5.137    -25.184     26.026      0.498
   475       -211  pi-                 91   472     0     0     0     0     0      1.046     -1.071     -4.882      5.108      0.140
   476        310  (K_S0)             -91   474   474   477   478     0     0      4.058     -5.137    -25.184     26.026      0.498
   477        211  pi+                 91   476     0     0     0     0     0      2.170     -2.510    -12.177     12.622      0.140
   478       -211  pi-                 91   476     0     0     0     0     0      1.888     -2.627    -13.007     13.404      0.140
                                   Charge sum:  2.000           Momentum sum:     -0.000      0.000      0.000  13000.000  13000.000

 --------  End PYTHIA Event Listing  -----------------------------------------------------------------------------------------------
#--------------------------------------------------------------------------
#                     FastJet release 3.4.0 [fjcore]
#                 M. Cacciari, G.P. Salam and G. Soyez                  
#     A software package for jet finding and analysis at colliders      
#                           http://fastjet.fr                           
#	                                                                      
# Please cite EPJC72(2012)1896 [arXiv:1111.6097] if you use this package
# for scientific work and optionally PLB641(2006)57 [hep-ph/0512210].   
#                                                                       
# FastJet is provided without warranty under the GNU GPL v2 or higher.  
# It uses T. Chan's closest pair algorithm, S. Fortune's Voronoi code
# and 3rd party plugin jet algorithms. See COPYING file for details.
#--------------------------------------------------------------------------
 PYTHIA Warning in SimpleSpaceShower::pT2nextQCD: weight above unity  
 PYTHIA Warning in SimpleTimeShower::findMEcorr: ME weight above PS one  
 PYTHIA Warning in SimpleSpaceShower::pT2nextQCD: small daughter PDF  
 PYTHIA Error in StringFragmentation::fragment: stuck in joining  
 PYTHIA Error in Pythia::next: hadronLevel failed; try again  
 PYTHIA Warning in StringFragmentation::fragmentToJunction: bad convergence junction rest frame  
 PYTHIA Warning in SimpleTimeShower::pTnext: negative dipole mass.  
 PYTHIA Warning in MultipartonInteractions::pTnext: weight above unity  

 Pythia::next(): 1000 events have been generated 
 PYTHIA Error in SimpleSpaceShower::pT2nearThreshold: stuck in loop  
 PYTHIA Warning in ColConfig::collect: negative-energy parton encountered  
 PYTHIA Error in Pythia::check: unmatched particle energy/momentum/mass  
 PYTHIA Error in Pythia::next: check of event revealed problems  

 Pythia::next(): 2000 events have been generated 
 PYTHIA Warning in HadronWidths::pickMasses: angular momentum and running widths not used  
 PYTHIA Error in BeamRemnants::setKinematics: kinematics construction failed  

 Pythia::next(): 3000 events have been generated 
 PYTHIA Warning in Pythia::check: energy-momentum not quite conserved  

 Pythia::next(): 4000 events have been generated 

 Pythia::next(): 5000 events have been generated 
 PYTHIA Warning in Pythia::check: not quite matched particle energy/momentum/mass  
 PYTHIA Warning in TauDecays::decay: unknown correlated tau production, assuming from unpolarized photon  

 Pythia::next(): 6000 events have been generated 

 Pythia::next(): 7000 events have been generated 

 Pythia::next(): 8000 events have been generated 

 Pythia::next(): 9000 events have been generated 

 *-------  PYTHIA Event and Cross Section Statistics  -------------------------------------------------------------*
 |                                                                                                                 |
 | Subprocess                                    Code |            Number of events       |      sigma +- delta    |
 |                                                    |       Tried   Selected   Accepted |     (estimated) (mb)   |
 |                                                    |                                   |                        |
 |-----------------------------------------------------------------------------------------------------------------|
 |                                                    |                                   |                        |
 | Les Houches User Process(es)                  9999 |       10000      10000      10000 |   8.243e-08  0.000e+00 |
 |    ... whereof user classification code     322200 |       10000      10000      10000 |                        | 
 |                                                    |                                   |                        |
 | sum                                                |       10000      10000      10000 |   8.243e-08  0.000e+00 |
 |                                                                                                                 |
 *-------  End PYTHIA Event and Cross Section Statistics ----------------------------------------------------------*

 *-------  PYTHIA Error and Warning Messages Statistics  ----------------------------------------------------------* 
 |                                                                                                                 | 
 |  times   message                                                                                                | 
 |                                                                                                                 | 
 |     10   Error in BeamRemnants::setKinematics: kinematics construction failed                                   | 
 |      6   Error in Pythia::check: unmatched particle energy/momentum/mass                                        | 
 |      2   Error in Pythia::next: check of event revealed problems                                                | 
 |      6   Error in Pythia::next: hadronLevel failed; try again                                                   | 
 |     20   Error in SimpleSpaceShower::pT2nearThreshold: stuck in loop                                            | 
 |      6   Error in StringFragmentation::fragment: stuck in joining                                               | 
 |      3   Warning in ColConfig::collect: negative-energy parton encountered                                      | 
 |      1   Warning in HadronWidths::pickMasses: angular momentum and running widths not used                      | 
 |      4   Warning in MultipartonInteractions::pTnext: weight above unity                                         | 
 |      1   Warning in Pythia::check: energy-momentum not quite conserved                                          | 
 |      3   Warning in Pythia::check: not quite matched particle energy/momentum/mass                              | 
 |   5161   Warning in SimpleSpaceShower::pT2nextQCD: small daughter PDF                                           | 
 |   3659   Warning in SimpleSpaceShower::pT2nextQCD: weight above unity                                           | 
 |     84   Warning in SimpleTimeShower::findMEcorr: ME weight above PS one                                        | 
 |     45   Warning in SimpleTimeShower::pTnext: negative dipole mass.                                             | 
 |     22   Warning in StringFragmentation::fragmentToJunction: bad convergence junction rest frame                | 
 |      1   Warning in TauDecays::decay: unknown correlated tau production, assuming from unpolarized photon       | 
 |      2   Warning in TimeShower::init: pTmin too low                                                             | 
 |                                                                                                                 | 
 *-------  End PYTHIA Error and Warning Messages Statistics  ------------------------------------------------------* 
Using LHE File: /nfs/dust/cms/user/amoroso/powheg/POWHEG-BOX-V2/ttJ_MiNNLOPS_v1.0_beta1/decay-ll/pwgevents-0272.lhe
less then 10000 events in LHE, using all LHE events
np.shape(P0) = (10000, 3, 9)
np.shape(nJets) = (10000, 2)
np.shape(jets_4vectors) = (10000, 20, 6)
