Configured CUDA from: /cvmfs/sft.cern.ch/lcg/releases/cuda/12.4-4899e/x86_64-el9-gcc11-opt

 *------------------------------------------------------------------------------------* 
 |                                                                                    | 
 |  *------------------------------------------------------------------------------*  | 
 |  |                                                                              |  | 
 |  |                                                                              |  | 
 |  |   PPP   Y   Y  TTTTT  H   H  III    A      Welcome to the Lund Monte Carlo!  |  | 
 |  |   P  P   Y Y     T    H   H   I    A A     This is PYTHIA version 8.309      |  | 
 |  |   PPP     Y      T    HHHHH   I   AAAAA    Last date of change: 16 Feb 2023  |  | 
 |  |   P       Y      T    H   H   I   A   A                                      |  | 
 |  |   P       Y      T    H   H  III  A   A    Now is 03 Sep 2024 at 19:05:24    |  | 
 |  |                                                                              |  | 
 |  |   Program documentation and an archive of historic versions is found on:     |  | 
 |  |                                                                              |  | 
 |  |                               https://pythia.org/                            |  | 
 |  |                                                                              |  | 
 |  |   PYTHIA is authored by a collaboration consisting of:                       |  | 
 |  |                                                                              |  | 
 |  |   Christian Bierlich, Nishita Desai, Leif Gellersen, Ilkka Helenius, Philip  |  | 
 |  |   Ilten, Leif Lonnblad, Stephen Mrenna, Stefan Prestel, Christian Preuss,    |  | 
 |  |   Torbjorn Sjostrand, Peter Skands, Marius Utheim and Rob Verheyen.          |  | 
 |  |                                                                              |  | 
 |  |   The complete list of authors, including contact information and            |  | 
 |  |   affiliations, can be found on https://pythia.org/.                         |  | 
 |  |   Problems or bugs should be reported on email at authors@pythia.org.        |  | 
 |  |                                                                              |  | 
 |  |   The main program reference is C. Bierlich et al,                           |  | 
 |  |   'A comprehensive guide to the physics and usage of Pythia 8.3',            |  | 
 |  |   SciPost Phys. Codebases 8-r8.3 (2022) [arXiv:2203.11601 [hep-ph]]          |  | 
 |  |                                                                              |  | 
 |  |   PYTHIA is released under the GNU General Public Licence version 2 or later.|  | 
 |  |   Please respect the MCnet Guidelines for Event Generator Authors and Users. |  | 
 |  |                                                                              |  | 
 |  |   Disclaimer: this program comes without any guarantees.                     |  | 
 |  |   Beware of errors and use common sense when interpreting results.           |  | 
 |  |                                                                              |  | 
 |  |   Copyright (C) 2023 Torbjorn Sjostrand                                      |  | 
 |  |                                                                              |  | 
 |  |                                                                              |  | 
 |  *------------------------------------------------------------------------------*  | 
 |                                                                                    | 
 *------------------------------------------------------------------------------------* 


 *-------  PYTHIA Process Initialization  --------------------------*
 |                                                                  |
 | We collide p+ with p+ at a CM energy of 1.300e+04 GeV            |
 |                                                                  |
 |------------------------------------------------------------------|
 |                                                    |             |
 | Subprocess                                    Code |   Estimated |
 |                                                    |    max (mb) |
 |                                                    |             |
 |------------------------------------------------------------------|
 |                                                    |             |
 | Les Houches User Process(es)                  9999 |   1.000e-09 |
 |                                                                  |
 *-------  End PYTHIA Process Initialization -----------------------*
 PYTHIA Warning in TimeShower::init: pTmin too low , raised to 0.611

 *-------  PYTHIA Multiparton Interactions Initialization  ---------* 
 |                                                                  | 
 |                   sigmaNonDiffractive =    55.51 mb              | 
 |                                                                  | 
 |    pT0 =  1.44 gives sigmaInteraction =   395.85 mb: accepted    | 
 |                                                                  | 
 *-------  End PYTHIA Multiparton Interactions Initialization  -----* 

 *-------  PYTHIA Flag + Mode + Parm + Word + FVec + MVec + PVec + WVec Settings (changes only)  ------------------* 
 |                                                                                                                 | 
 | Name                                          |                      Now |      Default         Min         Max | 
 |                                               |                          |                                      | 
 | Beams:frameType                               |                        4 |            1           1           5 | 
 | Beams:LHEF                                    | /nfs/dust/cms/user/amoroso/powheg/POWHEG-BOX-V2/ttJ_MiNNLOPS_v1.0_beta1/decay-ll/pwgevents-0597.lhe |         void | 
 | ColourReconnection:range                      |                  5.17600 |      1.80000         0.0    10.00000 | 
 | Main:timesAllowErrors                         |                      500 |           10           0             | 
 | MultipartonInteractions:alphaSorder           |                        2 |            1           0           3 | 
 | MultipartonInteractions:alphaSvalue           |                  0.11800 |      0.13000   0.0600000     0.25000 | 
 | MultipartonInteractions:bProfile              |                        2 |            3           0           4 | 
 | MultipartonInteractions:coreFraction          |                  0.63000 |      0.50000         0.0     1.00000 | 
 | MultipartonInteractions:coreRadius            |                  0.76340 |      0.40000     0.10000     1.00000 | 
 | MultipartonInteractions:ecmPow                |                0.0334400 |      0.21500         0.0     0.50000 | 
 | MultipartonInteractions:pT0Ref                |                  1.41000 |      2.28000     0.50000    10.00000 | 
 | ParticleDecays:limitTau                       |                       on |          off                         | 
 | PartonLevel:FSR                               |                      off |           on                         | 
 | PDF:pSet                                      |                       20 |           13                         | 
 | Random:seed                                   |                      597 |           -1               900000000 | 
 | Random:setSeed                                |                       on |          off                         | 
 | SigmaProcess:alphaSorder                      |                        2 |            1           0           3 | 
 | SigmaProcess:alphaSvalue                      |                  0.11800 |      0.13000   0.0600000     0.25000 | 
 | SigmaTotal:mode                               |                        0 |            1           0           4 | 
 | SigmaTotal:sigmaEl                            |                 21.89000 |     25.00000         0.0             | 
 | SigmaTotal:sigmaTot                           |                100.30900 |    100.00000         0.0             | 
 | SigmaTotal:zeroAXB                            |                      off |           on                         | 
 | SpaceShower:alphaSorder                       |                        2 |            1           0           3 | 
 | SpaceShower:alphaSvalue                       |                  0.11800 |      0.13650   0.0600000     0.25000 | 
 | SpaceShower:dipoleRecoil                      |                       on |          off                         | 
 | SpaceShower:pTmaxMatch                        |                        1 |            0           0           2 | 
 | TimeShower:alphaSorder                        |                        2 |            1           0           3 | 
 | TimeShower:alphaSvalue                        |                  0.11800 |      0.13650   0.0600000     0.25000 | 
 |                                                                                                                 | 
 *-------  End PYTHIA Flag + Mode + Parm + Word + FVec + MVec + PVec + WVec Settings  -----------------------------* 

 --------  PYTHIA Particle Data Table (changed only)  ------------------------------------------------------------------------------
 
      id   name            antiName         spn chg col      m0        mWidth      mMin       mMax       tau0    res dec ext vis wid
             no onMode   bRatio   meMode     products 

       6  t                tbar               2   2   1  173.00000    1.36916   86.00000    0.00000  1.44122e-13   1   1   0   1   0
              0     1   0.0000664    0       24        1 
              1     1   0.0017361    0       24        3 
              2     1   0.9981975    0       24        5 
              3     1   0.0000000    0       37        5 

 --------  End PYTHIA Particle Data Table  -----------------------------------------------------------------------------------------


 --------  LHA event information and listing  ---------------------------------------------------------------------- 

    process =   322200    weight =   1.0325e+02     scale =   2.8350e+00 (GeV) 
                        alpha_em =  -1.0000e+00    alpha_strong =   3.0336e-01

    Participating Particles 
    no        id stat     mothers     colours      p_x        p_y        p_z         e          m        tau    spin 
     1         2   -1     0     0   512     0      0.000      0.000    948.774    948.774      0.000   0.000   9.000
     2        -2   -1     0     0     0   513      0.000      0.000    -47.776     47.776      0.000   0.000   9.000
     3         6    2     1     2   511     0    -54.074    -80.488    471.201    510.479    170.752   0.000   9.000
     4        -6    2     1     2     0   513     57.185     78.715    322.839    378.515    171.997   0.000   9.000
     5        21    1     1     2   514   511     -4.465      1.004    104.773    104.873      0.000   0.000   9.000
     6        21    1     1     2   512   514      1.353      0.769      2.186      2.683      0.000   0.000   9.000
     7         5    1     3     3   511     0     35.619    -37.719     58.000     77.972      4.920   0.000  -1.000
     8        24    2     3     3     0     0    -89.692    -42.769    413.200    432.507     80.335   0.000   9.000
     9        -5    1     4     4     0   513     38.946     41.074    264.241    270.280      4.920   0.000   1.000
    10       -24    2     4     4     0     0     18.239     37.641     58.598    108.235     80.818   0.000   9.000
    11       -13    1     8     8     0     0    -34.471     21.498    175.963    180.592      0.106   0.000   1.000
    12        14    1     8     8     0     0    -55.221    -64.266    237.237    251.915      0.000   0.000  -1.000
    13        15    1    10    10     0     0    -25.745     -8.207     13.045     30.058      1.777   0.000  -1.000
    14       -16    1    10    10     0     0     43.984     45.848     45.553     78.177      0.000   0.000   1.000

 --------  End LHA event information and listing  ------------------------------------------------------------------ 

 --------  PYTHIA Info Listing  ---------------------------------------- 
 
 Beam A: id =   2212, pz =  6.500e+03, e =  6.500e+03, m =  9.383e-01.
 Beam B: id =   2212, pz = -6.500e+03, e =  6.500e+03, m =  9.383e-01.

 In 1: id =    2, x =  1.460e-01, pdf =  0.000e+00 at Q2 =  8.037e+00.
 In 2: id =   -2, x =  7.350e-03, pdf =  0.000e+00 at same Q2.

 Process Les Houches User Process(es) with code 9999 is 2 -> 4.
 Subprocess user process 322200 with code 322200 is 2 -> 4.
     alphaEM =  7.525e-03,  alphaS =  3.034e-01    at Q2 =  8.037e+00.

 Impact parameter b =  8.072e-01 gives enhancement factor =  1.145e+00.
 Max pT scale for MPI =  1.300e+04, ISR =  2.835e+00, FSR =  2.835e+00.
 Number of MPI =     7, ISR =    11, FSRproc =     0, FSRreson =     0.

 --------  End PYTHIA Info Listing  ------------------------------------

 --------  PYTHIA Event Listing  (hard process)  -----------------------------------------------------------------------------------
 
    no         id  name            status     mothers   daughters     colours      p_x        p_y        p_z         e          m 
     0         90  (system)           -11     0     0     0     0     0     0      0.000      0.000      0.000  13000.000  13000.000
     1       2212  (p+)               -12     0     0     3     0     0     0      0.000      0.000   6500.000   6500.000      0.938
     2       2212  (p+)               -12     0     0     4     0     0     0      0.000      0.000  -6500.000   6500.000      0.938
     3          2  (u)                -21     1     0     5     8   512     0      0.000      0.000    948.774    948.774      0.000
     4         -2  (ubar)             -21     2     0     5     8     0   513      0.000      0.000    -47.776     47.776      0.000
     5          6  (t)                -22     3     4     9    10   511     0    -54.074    -80.488    471.201    510.479    170.752
     6         -6  (tbar)             -22     3     4    11    12     0   513     57.185     78.715    322.839    378.515    171.997
     7         21  g                   23     3     4     0     0   514   511     -4.465      1.004    104.773    104.873      0.000
     8         21  g                   23     3     4     0     0   512   514      1.353      0.769      2.186      2.683      0.000
     9          5  b                   23     5     0     0     0   511     0     35.619    -37.719     58.000     77.972      4.920
    10         24  (W+)               -22     5     0    13    14     0     0    -89.692    -42.769    413.200    432.507     80.335
    11         -5  bbar                23     6     0     0     0     0   513     38.946     41.074    264.241    270.280      4.920
    12        -24  (W-)               -22     6     0    15    16     0     0     18.239     37.641     58.598    108.235     80.818
    13        -13  mu+                 23    10     0     0     0     0     0    -34.471     21.498    175.963    180.592      0.106
    14         14  nu_mu               23    10     0     0     0     0     0    -55.221    -64.266    237.237    251.915      0.000
    15         15  tau-                23    12     0     0     0     0     0    -25.745     -8.207     13.045     30.058      1.777
    16        -16  nu_taubar           23    12     0     0     0     0     0     43.984     45.848     45.553     78.177      0.000
                                   Charge sum:  0.000           Momentum sum:     -0.000     -0.000    900.998    996.551    425.811

 --------  End PYTHIA Event Listing  -----------------------------------------------------------------------------------------------

 --------  PYTHIA Event Listing  (complete event)  ---------------------------------------------------------------------------------
 
    no         id  name            status     mothers   daughters     colours      p_x        p_y        p_z         e          m 
     0         90  (system)           -11     0     0     0     0     0     0      0.000      0.000      0.000  13000.000  13000.000
     1       2212  (p+)               -12     0     0   102     0     0     0      0.000      0.000   6500.000   6500.000      0.938
     2       2212  (p+)               -12     0     0   103     0     0     0      0.000      0.000  -6500.000   6500.000      0.938
     3          2  (u)                -21    26    26     5     8   512     0      0.000      0.000    948.774    948.774      0.000
     4         -2  (ubar)             -21    27     0     5     8     0   513      0.000      0.000    -47.776     47.776      0.000
     5          6  (t)                -22     3     4    28    28   511     0    -54.074    -80.488    471.201    510.479    170.752
     6         -6  (tbar)             -22     3     4    29    29     0   513     57.185     78.715    322.839    378.515    171.997
     7         21  (g)                -23     3     4    30    30   514   511     -4.465      1.004    104.773    104.873      0.000
     8         21  (g)                -23     3     4    31    31   512   514      1.353      0.769      2.186      2.683      0.000
     9         21  (g)                -31    45    45    11    12   516   515      0.000      0.000      1.534      1.534      0.000
    10         21  (g)                -31    46     0    11    12   517   516      0.000      0.000    -14.566     14.566      0.000
    11         21  (g)                -33     9    10    47    47   518   515      4.422     -1.607     -5.751      7.430      0.000
    12         21  (g)                -33     9    10    48    48   517   518     -4.422      1.607     -7.282      8.669      0.000
    13          2  (u)                -31    67     0    15    16   519     0      0.000      0.000    125.231    125.231      0.000
    14         21  (g)                -31    68    68    15    16   520   521      0.000      0.000     -9.830      9.830      0.000
    15          2  (u)                -33    13    14    69    69   520     0     -1.585      2.535    124.985    125.021      0.330
    16         21  (g)                -33    13    14    70    70   519   521      1.585     -2.535     -9.584     10.039      0.000
    17         21  (g)                -31    21     0    19    20   523   522      0.000      0.000      0.115      0.115      0.000
    18         21  (g)                -31    22    22    19    20   525   524      0.000      0.000   -135.910    135.910      0.000
    19         21  (g)                -33    17    18    23    23   525   522     -2.171      0.908   -122.547    122.570      0.000
    20         21  (g)                -33    17    18    24    24   523   524      2.171     -0.908    -13.248     13.455      0.000
    21         21  (g)                -41    54     0    25    17   526   522     -0.000      0.000      0.812      0.812      0.000
    22         21  (g)                -42    55    55    18    18   525   524      0.000      0.000   -135.910    135.910      0.000
    23         21  (g)                -44    19    19    56    56   525   522     -2.171      0.908   -122.547    122.570      0.000
    24         21  (g)                -44    20    20    57    57   523   524      1.752      0.993    -11.944     12.112      0.000
    25         21  (g)                -43    21     0    58    58   526   523      0.419     -1.902     -0.608      2.040      0.000
    26          2  (u)                -42    33    33     3     3   512     0      0.000      0.000    948.774    948.774      0.000
    27         -2  (ubar)             -41    34     0    32     4     0   527      0.000      0.000    -48.103     48.103      0.000
    28          6  (t)                -44     5     5    35    35   511     0    -54.074    -80.488    471.201    510.479    170.752
    29         -6  (tbar)             -44     6     6    36    36     0   513     56.947     79.563    320.922    377.024    171.997
    30         21  (g)                -44     7     7    37    37   514   511     -4.465      1.004    104.773    104.873      0.000
    31         21  (g)                -44     8     8    38    38   512   514      1.353      0.769      2.186      2.683      0.000
    32         21  (g)                -43    27     0    39    39   513   527      0.238     -0.848      1.590      1.818      0.000
    33          2  (u)                -42    76     0    26    26   512     0      0.000      0.000    948.774    948.774      0.000
    34         -2  (ubar)             -41    77    77    40    27     0   528      0.000      0.000    -50.744     50.744      0.000
    35          6  (t)                -44    28    28    78    78   511     0    -54.074    -80.488    471.201    510.479    170.752
    36         -6  (tbar)             -44    29    29    79    79     0   513     56.947     79.563    320.922    377.024    171.997
    37         21  (g)                -44    30    30    80    80   514   511     -4.465      1.004    104.773    104.873      0.000
    38         21  (g)                -44    31    31    81    81   512   514      1.353      0.769      2.186      2.683      0.000
    39         21  (g)                -44    32    32    82    82   513   527     -0.436      0.438      1.445      1.572      0.000
    40         21  (g)                -43    34     0    83    83   527   528      0.675     -1.286     -2.496      2.888      0.000
    41         21  (g)                -31   129   129    43    44   529   530      0.000      0.000      7.805      7.805      0.000
    42         21  (g)                -31   130   130    43    44   531   529      0.000      0.000    -37.096     37.096      0.000
    43         21  (g)                -33    41    42   131   131   531   532     -0.354     -1.256    -37.030     37.053      0.000
    44         21  (g)                -33    41    42   132   132   532   530      0.354      1.256      7.739      7.848      0.000
    45         21  (g)                -42    96     0     9     9   516   515      0.000      0.000      1.534      1.534      0.000
    46         21  (g)                -41    97    97    49    10   533   516      0.000     -0.000   -197.885    197.885      0.000
    47         21  (g)                -44    11    11    98    98   518   515      4.422     -1.607     -5.751      7.430      0.000
    48         21  (g)                -44    12    12    99    99   517   518     -5.239      2.547    -11.573     12.956      0.000
    49         21  (g)                -43    46     0   100   100   533   517      0.817     -0.939   -179.028    179.033      0.000
    50         21  (g)                -31   133   133    52    53   535   534      0.000      0.000    290.306    290.306      0.000
    51          2  (u)                -31   134   134    52    53   534     0      0.000      0.000     -0.461      0.461      0.000
    52         21  (g)                -33    50    51   135   135   535   536      1.196      0.354    289.400    289.403      0.000
    53          2  (u)                -33    50    51   136   136   536     0     -1.196     -0.354      0.445      1.365      0.330
    54         21  (g)                -41    60    60    59    21   537   522     -0.000      0.000    854.862    854.862      0.000
    55         21  (g)                -42    61     0    22    22   525   524      0.000      0.000   -135.910    135.910      0.000
    56         21  (g)                -44    23    23    62    62   525   522     -2.171      0.908   -122.547    122.570      0.000
    57         21  (g)                -44    24    24    63    63   523   524      1.752      0.993    -11.944     12.112      0.000
    58         21  (g)                -44    25    25    64    64   526   523     -0.520     -2.410     -0.175      2.472      0.000
    59         21  (g)                -43    54     0    65    65   537   526      0.939      0.509    853.618    853.618      0.000
    60         21  (g)                -42   122   122    54    54   537   522     -0.000      0.000    854.862    854.862      0.000
    61         21  (g)                -41   123   123    66    55   538   524      0.000      0.000   -176.319    176.319      0.000
    62         21  (g)                -44    56    56   124   124   525   522     -2.171      0.908   -122.547    122.570      0.000
    63         21  (g)                -44    57    57   125   125   523   524      1.693      0.052     -8.974      9.132      0.000
    64         21  (g)                -44    58    58   126   126   526   523     -0.520     -2.410     -0.175      2.472      0.000
    65         21  (g)                -44    59    59   127   127   537   526      0.939      0.509    853.618    853.618      0.000
    66         21  (g)                -43    61     0   128   128   538   525      0.059      0.941    -43.378     43.389      0.000
    67          2  (u)                -41   117   117    71    13   539     0     -0.000      0.000    125.342    125.342      0.000
    68         21  (g)                -42   118   118    14    14   520   521      0.000      0.000     -9.830      9.830      0.000
    69          2  (u)                -44    15    15   119   119   520     0     -1.585      2.535    124.985    125.021      0.330
    70         21  (g)                -44    16    16   120   120   519   521      1.818     -2.760     -8.275      8.910      0.000
    71         21  (g)                -43    67     0   121   121   539   519     -0.232      0.225     -1.198      1.241      0.000
    72         21  (g)                -31    85     0    74    75   541   540      0.000      0.000      0.288      0.288      0.000
    73         21  (g)                -31    86    86    74    75   543   542      0.000      0.000     -8.308      8.308      0.000
    74         21  (g)                -33    72    73    87    87   543   540      0.504     -0.291     -0.028      0.583      0.000
    75         21  (g)                -33    72    73    88    88   541   542     -0.504      0.291     -7.992      8.013      0.000
    76          2  (u)                -41   102   102    84    33   544     0      0.000      0.000   1145.815   1145.815      0.000
    77         -2  (ubar)             -42   103   103    34    34     0   528      0.000      0.000    -50.744     50.744      0.000
    78          6  (t)                -44    35    35   104   104   511     0    -54.074    -80.488    471.201    510.479    170.752
    79         -6  (tbar)             -44    36    36   105   105     0   513     56.947     79.563    320.922    377.024    171.997
    80         21  (g)                -44    37    37   106   106   514   511     -4.465      1.004    104.773    104.873      0.000
    81         21  (g)                -44    38    38   107   107   512   514      1.662      0.316      2.634      3.131      0.000
    82         21  (g)                -44    39    39   108   108   513   527     -0.436      0.438      1.445      1.572      0.000
    83         21  (g)                -44    40    40   109   109   527   528      0.675     -1.286     -2.496      2.888      0.000
    84         21  (g)                -43    76     0   110   110   544   512     -0.309      0.453    196.592    196.593      0.000
    85         21  (g)                -41    90     0    89    72   545   540      0.000      0.000      0.315      0.315      0.000
    86         21  (g)                -42    91    91    73    73   543   542      0.000      0.000     -8.308      8.308      0.000
    87         21  (g)                -44    74    74    92    92   543   540      0.504     -0.291     -0.028      0.583      0.000
    88         21  (g)                -44    75    75    93    93   541   542     -0.051     -0.095     -5.633      5.634      0.000
    89         21  (g)                -43    85     0    94    94   545   541     -0.452      0.386     -2.332      2.407      0.000
    90          1  (d)                -41   137   137    95    85   545     0      0.000     -0.000      5.223      5.223      0.000
    91         21  (g)                -42   138   138    86    86   543   542      0.000      0.000     -8.308      8.308      0.000
    92         21  (g)                -44    87    87   139   139   543   540      0.504     -0.291     -0.028      0.583      0.000
    93         21  (g)                -44    88    88   140   140   541   542     -0.051     -0.095     -5.633      5.634      0.000
    94         21  (g)                -44    89    89   141   141   545   541     -0.149      0.021     -2.350      2.355      0.000
    95          1  (d)                -43    90     0   142   142   540     0     -0.303      0.365      4.926      4.960      0.330
    96          3  (s)                -41   111   111   101    45   516     0     -0.000     -0.000     12.958     12.958      0.000
    97         21  (g)                -42   112   112    46    46   533   516     -0.000      0.000   -197.885    197.885      0.000
    98         21  (g)                -44    47    47   113   113   518   515      4.370     -1.568     -5.577      7.257      0.000
    99         21  (g)                -44    48    48   114   114   517   518     -5.282      2.579    -11.795     13.179      0.000
   100         21  (g)                -44    49    49   115   115   533   517      0.817     -0.939   -178.974    178.978      0.000
   101          3  (s)                -43    96     0   116   116   515     0      0.095     -0.072     11.418     11.430      0.500
   102          2  (u)                -61     1     0    76    76   537     0     -1.452      2.054   1145.839   1145.841      0.000
   103         -2  (ubar)             -61     2     0    77    77     0   528     -2.416      0.758    -50.714     50.777      0.000
   104          6  (t)                -62    78    78   150   151   511     0    -55.631    -79.314    471.947    511.151    170.752
   105         -6  (tbar)             -62    79    79   152   153     0   513     55.169     80.607    320.149    376.323    171.997
   106         21  (g)                -62    80    80   206   206   514   511     -4.600      1.193    104.885    104.993      0.000
   107         21  (g)                -62    81    81   207   207   512   514      1.647      0.325      2.598      3.093      0.000
   108         21  (g)                -62    82    82   250   250   513   526     -0.441      0.442      1.458      1.586      0.000
   109         21  (g)                -62    83    83   159     0   527   519      0.546     -1.246     -2.519      2.863      0.000
   110         21  (g)                -62    84    84   209   209   544   532     -0.558      0.805    196.606    196.609      0.000
   111          3  (s)                -61     1     0    96    96   516     0     -0.220     -1.313     12.925     12.993      0.000
   112         21  (g)                -61     2     0    97    97   515   516     -0.623     -0.235   -197.881    197.882      0.000
   113         21  (g)                -62    98    98   247   247   518   527      4.335     -1.661     -5.627      7.295      0.000
   114         21  (g)                -62    99    99   245   245   517   539     -5.333      2.494    -11.704     13.101      0.000
   115         21  (g)                -62   100   100   239   239   533   525      0.254     -1.152   -179.011    179.015      0.000
   116          3  (s)                -62   101   101   191   191   515     0     -0.099     -1.230     11.387     11.464      0.500
   117          2  (u)                -61     1     0    67    67   521     0      2.350     -1.390    125.378    125.407      0.000
   118         21  (g)                -61     2     0    68    68   520   521     -0.892     -0.726     -9.788      9.855      0.000
   119          2  (u)                -62    69    69   287   287   520     0      0.757      1.148    125.028    125.036      0.330
   120         21  (g)                -62    70    70   159     0   519   517      1.043     -3.399     -8.251      8.984      0.000
   121         21  (g)                -62    71    71   244   244   539   523     -0.342      0.134     -1.187      1.243      0.000
   122         21  (g)                -61     1     0    60    60   524   524     -0.298      0.309    854.860    854.861      0.000
   123         21  (g)                -61     2     0    61    61   522   522      1.304      0.806   -176.316    176.322      0.000
   124         21  (g)                -62    62    62   238   238   525   528     -1.265      1.469   -122.551    122.567      0.000
   125         21  (g)                -62    63    63   243   243   523   541      1.759      0.093     -8.967      9.139      0.000
   126         21  (g)                -62    64    64   249   249   526   543     -0.510     -2.404     -0.182      2.464      0.000
   127         21  (g)                -62    65    65   211   211   537   535      0.641      0.818    853.620    853.621      0.000
   128         21  (g)                -62    66    66   241   241   538   531      0.380      1.140    -43.375     43.392      0.000
   129         21  (g)                -61     1     0    41    41   529   529      0.746      0.009      7.791      7.826      0.000
   130         21  (g)                -61     2     0    42    42   530   530      0.474      0.107    -37.101     37.104      0.000
   131         21  (g)                -62    43    43   240   240   531   533      0.121     -1.149    -37.021     37.039      0.000
   132         21  (g)                -62    44    44   208   208   532   512      1.100      1.265      7.711      7.891      0.000
   133         21  (g)                -61     1     0    50    50   536   521     -0.140     -0.781    290.276    290.277      0.000
   134          2  (u)                -61     2     0    51    51   521     0      0.865     -0.182     -0.038      0.885      0.000
   135         21  (g)                -62    52    52   210   210   535   544      1.059     -0.427    290.424    290.426      0.000
   136          2  (u)                -62    53    53   160   160   536     0     -0.333     -0.535     -0.186      0.736      0.330
   137          1  (d)                -61     1     0    90    90   521     0      1.961      0.070      5.123      5.486      0.000
   138         21  (g)                -61     2     0    91    91   516   521      0.692      0.845     -8.277      8.349      0.000
   139         21  (g)                -62    92    92   248   248   543   518      0.638     -0.251     -0.118      0.696      0.000
   140         21  (g)                -62    93    93   158     0   541   545      0.416      0.478     -5.609      5.644      0.000
   141         21  (g)                -62    94    94   158     0   545   538      0.046      0.259     -2.319      2.334      0.000
   142          1  (d)                -62    95    95   169   169   516     0      1.553      0.430      4.891      5.160      0.330
   143          1  (d)                -63     1     0   168   168   546     0     -0.987      0.715   2213.683   2213.684      0.330
   144         -3  (sbar)             -63     1     0   161   161     0   536     -1.024      0.374     84.412     84.420      0.500
   145         -1  (dbar)             -63     1     0   212   212     0   537     -0.936     -0.049   1758.505   1758.505      0.330
   146          2  (u)                -63     2     0   237   237   528     0      0.093     -1.245     -0.597      1.423      0.330
   147       2103  (ud_1)             -63     2     0   288   288     0   520      0.587     -0.065  -5159.232   5159.232      0.771
   148          2  (u)                -63     2     0   170   170   521     0     -0.182     -0.075     -3.221      3.244      0.330
   149         -2  (ubar)             -63     2     0   192   192     0   515      0.099      0.012   -855.627    855.627      0.330
   150          5  (b)                -23   104     0   205   205   511     0     35.381    -37.540     58.114     77.862      4.920
   151         24  (W+)               -22   104     0   154   155     0     0    -91.012    -41.774    413.833    433.289     80.335
   152         -5  (bbar)             -23   105     0   251   251     0   513     37.508     42.424    262.322    268.409      4.920
   153        -24  (W-)               -22   105     0   156   157     0     0     17.662     38.183     57.827    107.914     80.818
   154        -13  mu+                 23   151     0     0     0     0     0    -35.022     21.913    176.227    181.005      0.106
   155         14  nu_mu               23   151     0     0     0     0     0    -55.990    -63.687    237.606    252.284      0.000
   156         15  (tau-)             -23   153     0   396   398     0     0    -25.905     -8.056     12.831     30.063      1.777
   157        -16  nu_taubar           23   153     0     0     0     0     0     43.567     46.239     44.997     77.851      0.000
   158         21  (g)                -73   140   141   242   242   541   538      0.462      0.736     -7.927      7.978      0.218
   159         21  (g)                -73   109   120   246   246   527   517      1.590     -4.644    -10.770     11.847      0.514
   160          2  (u)                -71   136   136   162   167   536     0     -0.333     -0.535     -0.186      0.736      0.330
   161         -3  (sbar)             -71   144   144   162   167     0   536     -1.024      0.374     84.412     84.420      0.500
   162        111  (pi0)              -83   160   161   399   400     0     0     -0.043      0.202      0.063      0.255      0.135
   163       2114  (Delta0)           -83   160   161   308   309     0     0     -0.032     -0.855      2.315      2.805      1.333
   164       -313  (K*bar0)           -84   160   161   310   311     0     0     -0.265     -0.085      6.680      6.740      0.860
   165      -3112  Sigmabar+           84   160   161     0     0     0     0     -0.109      0.487      5.037      5.202      1.197
   166        221  (eta)              -84   160   161   401   403     0     0     -0.244     -0.114     18.304     18.314      0.548
   167        313  (K*0)              -84   160   161   312   313     0     0     -0.665      0.204     51.827     51.841      0.937
   168          1  (d)                -71   143   143   171   190   546     0     -0.987      0.715   2213.683   2213.684      0.330
   169          1  (d)                -71   142   142   171   190   516     0      1.553      0.430      4.891      5.160      0.330
   170          2  (u)                -71   148   148   171   190   521     0     -0.182     -0.075     -3.221      3.244      0.330
   171        211  pi+                 86   168   170     0     0     0     0     -0.119      0.142      0.170      0.287      0.140
   172       -213  (rho-)             -86   168   170   314   315     0     0      0.293     -0.303     -0.993      1.464      0.989
   173        211  pi+                 86   168   170     0     0     0     0     -0.079      0.202     -0.897      0.934      0.140
   174       -211  pi-                 86   168   170     0     0     0     0     -0.032      0.022      0.107      0.180      0.140
   175        111  (pi0)              -86   168   170   404   405     0     0     -0.199     -0.041      0.173      0.299      0.135
   176        111  (pi0)              -86   168   170   406   407     0     0      0.168      0.271     -0.438      0.558      0.135
   177        221  (eta)              -86   168   170   408   410     0     0     -0.072     -0.388      0.811      1.055      0.548
   178        113  (rho0)             -86   168   170   316   317     0     0      0.808      0.249      1.102      1.615      0.822
   179        223  (omega)            -83   168   170   411   413     0     0     -0.637      0.733   1726.795   1726.795      0.791
   180       -211  pi-                 83   168   170     0     0     0     0     -0.096     -0.217     81.747     81.747      0.140
   181        111  (pi0)              -83   168   170   414   415     0     0     -0.192      0.314     35.614     35.616      0.135
   182        213  (rho+)             -83   168   170   318   319     0     0      0.281     -0.410     70.301     70.307      0.797
   183        331  (eta')             -83   168   170   416   417     0     0     -0.117      0.197    113.582    113.586      0.958
   184        111  (pi0)              -83   168   170   418   419     0     0     -0.075      0.232    124.096    124.096      0.135
   185       -211  pi-                 84   168   170     0     0     0     0     -0.039     -0.577     13.680     13.693      0.140
   186        213  (rho+)             -84   168   170   320   321     0     0     -0.082      0.718     26.429     26.455      0.921
   187       -211  pi-                 84   168   170     0     0     0     0      0.469     -0.265     17.099     17.109      0.140
   188        211  pi+                 84   168   170     0     0     0     0     -0.382      0.150      1.223      1.298      0.140
   189       -211  pi-                 84   168   170     0     0     0     0      0.132      0.031      0.572      0.604      0.140
   190       2214  (Delta+)           -88   168   170   322   323     0     0      0.353      0.012      4.180      4.389      1.290
   191          3  (s)                -71   116   116   193   204   515     0     -0.099     -1.230     11.387     11.464      0.500
   192         -2  (ubar)             -71   149   149   193   204     0   515      0.099      0.012   -855.627    855.627      0.330
   193       -313  (K*bar0)           -83   191   192   324   325     0     0     -0.110     -0.587      3.525      3.691      0.914
   194        113  (rho0)             -83   191   192   326   327     0     0      0.196     -0.192      3.489      3.565      0.678
   195       2114  (Delta0)           -83   191   192   328   329     0     0      0.092     -0.704      2.050      2.495      1.231
   196      -3214  (Sigma*bar0)       -83   191   192   330   331     0     0     -0.211      0.307      1.352      1.968      1.380
   197       -313  (K*bar0)           -83   191   192   332   333     0     0     -0.015      0.140     -0.628      1.079      0.866
   198       -211  pi-                 83   191   192     0     0     0     0     -0.160     -0.277     -0.264      0.438      0.140
   199        211  pi+                 83   191   192     0     0     0     0      0.561     -0.259     -3.032      3.097      0.140
   200       -211  pi-                 84   191   192     0     0     0     0     -0.401      0.602    -16.960     16.976      0.140
   201        211  pi+                 84   191   192     0     0     0     0     -0.367      0.061   -160.625    160.626      0.140
   202        221  (eta)              -84   191   192   420   422     0     0      0.171     -0.369    -62.678     62.682      0.548
   203        313  (K*0)              -84   191   192   334   335     0     0      0.175      0.079   -116.363    116.367      0.913
   204       -321  K-                  84   191   192     0     0     0     0      0.068     -0.019   -494.108    494.108      0.494
   205          5  (b)                -71   150   150   213   236   511     0     35.381    -37.540     58.114     77.862      4.920
   206         21  (g)                -71   106   106   213   236   514   511     -4.600      1.193    104.885    104.993      0.000
   207         21  (g)                -71   107   107   213   236   512   514      1.647      0.325      2.598      3.093      0.000
   208         21  (g)                -71   132   132   213   236   532   512      1.100      1.265      7.711      7.891      0.000
   209         21  (g)                -71   110   110   213   236   544   532     -0.558      0.805    196.606    196.609      0.000
   210         21  (g)                -71   135   135   213   236   535   544      1.059     -0.427    290.424    290.426      0.000
   211         21  (g)                -71   127   127   213   236   537   535      0.641      0.818    853.620    853.621      0.000
   212         -1  (dbar)             -71   145   145   213   236     0   537     -0.936     -0.049   1758.505   1758.505      0.330
   213       -511  (Bbar0)            -83   205   212   423   424     0     0     30.515    -32.455     50.628     67.643      5.280
   214       -213  (rho-)             -83   205   212   336   337     0     0      3.851     -3.889      5.947      8.128      0.866
   215        213  (rho+)             -83   205   212   338   339     0     0      1.004     -1.154      2.645      3.158      0.799
   216       -213  (rho-)             -83   205   212   340   341     0     0     -1.821      0.075     28.190     28.255      0.566
   217        111  (pi0)              -83   205   212   425   426     0     0      0.110      0.398     13.205     13.212      0.135
   218        213  (rho+)             -83   205   212   342   343     0     0     -0.402     -0.001     10.139     10.172      0.712
   219        113  (rho0)             -83   205   212   344   345     0     0     -1.558     -0.730     21.800     21.885      0.844
   220       -211  pi-                 83   205   212     0     0     0     0     -0.222      0.110      6.503      6.509      0.140
   221        211  pi+                 83   205   212     0     0     0     0     -0.329      0.092      1.492      1.537      0.140
   222       -211  pi-                 83   205   212     0     0     0     0     -0.231      0.005     10.792     10.796      0.140
   223       2212  p+                  84   205   212     0     0     0     0      0.719      1.775     14.497     14.653      0.938
   224       -323  (K*-)              -84   205   212   346   347     0     0      0.606      0.558      2.693      2.961      0.915
   225      -3122  Lambdabar0          84   205   212     0     0     0     0      0.737      0.034     11.200     11.280      1.116
   226       2212  p+                  84   205   212     0     0     0     0      0.040     -0.186     17.397     17.423      0.938
   227        111  (pi0)              -84   205   212   427   428     0     0      0.499      0.759     13.088     13.120      0.135
   228      -2112  nbar0               84   205   212     0     0     0     0     -0.201      0.208     43.571     43.583      0.940
   229        311  (K0)               -84   205   212   348   348     0     0      0.238     -0.258    130.843    130.844      0.498
   230       -311  (Kbar0)            -84   205   212   349   349     0     0      0.364     -0.016     54.672     54.676      0.498
   231       -211  pi-                 84   205   212     0     0     0     0     -0.011     -0.104    119.412    119.412      0.140
   232        323  (K*+)              -84   205   212   350   351     0     0      0.289      0.688    400.564    400.566      0.952
   233       -311  (Kbar0)            -84   205   212   352   352     0     0      0.092      0.526    128.785    128.787      0.498
   234       2112  n0                  84   205   212     0     0     0     0     -0.369     -0.368    478.570    478.572      0.940
   235      -2212  pbar-               84   205   212     0     0     0     0      0.317     -0.055    842.449    842.450      0.938
   236        211  pi+                 84   205   212     0     0     0     0     -0.503      0.378    863.381    863.381      0.140
   237          2  (u)                -71   146   146   252   286   528     0      0.093     -1.245     -0.597      1.423      0.330
   238         21  (g)                -71   124   124   252   286   525   528     -1.265      1.469   -122.551    122.567      0.000
   239         21  (g)                -71   115   115   252   286   533   525      0.254     -1.152   -179.011    179.015      0.000
   240         21  (g)                -71   131   131   252   286   531   533      0.121     -1.149    -37.021     37.039      0.000
   241         21  (g)                -71   128   128   252   286   538   531      0.380      1.140    -43.375     43.392      0.000
   242         21  (g)                -71   158   158   252   286   541   538      0.462      0.736     -7.927      7.978      0.218
   243         21  (g)                -71   125   125   252   286   523   541      1.759      0.093     -8.967      9.139      0.000
   244         21  (g)                -71   121   121   252   286   539   523     -0.342      0.134     -1.187      1.243      0.000
   245         21  (g)                -71   114   114   252   286   517   539     -5.333      2.494    -11.704     13.101      0.000
   246         21  (g)                -71   159   159   252   286   527   517      1.590     -4.644    -10.770     11.847      0.514
   247         21  (g)                -71   113   113   252   286   518   527      4.335     -1.661     -5.627      7.295      0.000
   248         21  (g)                -71   139   139   252   286   543   518      0.638     -0.251     -0.118      0.696      0.000
   249         21  (g)                -71   126   126   252   286   526   543     -0.510     -2.404     -0.182      2.464      0.000
   250         21  (g)                -71   108   108   252   286   513   526     -0.441      0.442      1.458      1.586      0.000
   251         -5  (bbar)             -71   152   152   252   286     0   513     37.508     42.424    262.322    268.409      4.920
   252        111  (pi0)              -83   237   251   429   430     0     0      0.123     -0.240     -0.017      0.302      0.135
   253        211  pi+                 83   237   251     0     0     0     0      0.268     -0.050     -0.137      0.336      0.140
   254       -211  pi-                 83   237   251     0     0     0     0     -0.702     -0.785     -2.767      2.964      0.140
   255        213  (rho+)             -83   237   251   353   354     0     0      0.450      0.419     -5.413      5.531      0.958
   256       -213  (rho-)             -83   237   251   355   356     0     0     -0.382     -0.805    -24.007     24.030      0.559
   257        221  (eta)              -83   237   251   431   432     0     0     -0.265      0.802    -53.104     53.114      0.548
   258        321  K+                  83   237   251     0     0     0     0     -0.001     -0.498    -60.076     60.081      0.494
   259       -321  K-                  83   237   251     0     0     0     0      0.118      0.044    -18.715     18.722      0.494
   260       2224  (Delta++)          -83   237   251   357   358     0     0     -0.232      0.104    -89.229     89.238      1.222
   261      -2224  (Deltabar--)       -83   237   251   359   360     0     0     -0.432      0.215    -91.475     91.490      1.596
   262        213  (rho+)             -83   237   251   361   362     0     0      1.082     -0.295    -21.832     21.894      1.195
   263        111  (pi0)              -83   237   251   433   434     0     0      0.065     -0.461     -3.936      3.966      0.135
   264        113  (rho0)             -83   237   251   363   364     0     0      0.451      1.302    -23.049     23.100      0.651
   265        223  (omega)            -83   237   251   435   437     0     0      0.420      0.900     -4.385      4.565      0.789
   266       -211  pi-                 83   237   251     0     0     0     0     -0.223     -0.424     -1.511      1.591      0.140
   267        323  (K*+)              -83   237   251   365   366     0     0     -0.701      0.411     -3.839      4.059      1.035
   268       -323  (K*-)              -83   237   251   367   368     0     0     -2.155      0.988     -5.185      5.793      1.029
   269        213  (rho+)             -83   237   251   369   370     0     0     -1.304      0.641     -2.527      2.995      0.688
   270        111  (pi0)              -84   237   251   438   439     0     0      0.103     -0.876     -2.745      2.886      0.135
   271       -211  pi-                 84   237   251     0     0     0     0      0.351     -0.711     -1.959      2.117      0.140
   272        211  pi+                 84   237   251     0     0     0     0     -0.001     -0.203     -0.376      0.449      0.140
   273        113  (rho0)             -84   237   251   371   372     0     0      0.290     -0.348     -1.898      2.068      0.685
   274        311  (K0)               -84   237   251   373   373     0     0      0.371     -0.341     -1.045      1.263      0.498
   275       -311  (Kbar0)            -84   237   251   374   374     0     0      0.188     -1.108     -2.281      2.591      0.498
   276        111  (pi0)              -84   237   251   440   441     0     0      1.863     -1.558     -4.154      4.813      0.135
   277        111  (pi0)              -84   237   251   442   443     0     0      0.184     -0.156     -0.061      0.283      0.135
   278       -213  (rho-)             -84   237   251   375   376     0     0      0.442     -0.254     -0.357      0.948      0.715
   279        213  (rho+)             -84   237   251   377   378     0     0      1.899     -1.848     -3.083      4.192      1.023
   280       -211  pi-                 84   237   251     0     0     0     0      0.090     -0.064      0.635      0.659      0.140
   281        221  (eta)              -84   237   251   444   446     0     0     -0.062      0.258     -0.073      0.613      0.548
   282       2212  p+                  84   237   251     0     0     0     0      0.580     -0.156      2.073      2.353      0.938
   283      -2112  nbar0               84   237   251     0     0     0     0     -0.719     -0.479      0.704      1.458      0.940
   284       -213  (rho-)             -84   237   251   379   380     0     0      1.350      0.862     10.108     10.317      1.309
   285        213  (rho+)             -84   237   251   381   382     0     0      3.101      4.762     23.234     23.930      0.751
   286        511  (B0)               -84   237   251   447   449     0     0     32.639     36.376    227.225    232.481      5.280
   287          2  (u)                -71   119   119   289   307   520     0      0.757      1.148    125.028    125.036      0.330
   288       2103  (ud_1)             -71   147   147   289   307     0   520      0.587     -0.065  -5159.232   5159.232      0.771
   289        211  pi+                 83   287   288     0     0     0     0      0.414      0.487     47.758     47.763      0.140
   290        221  (eta)              -83   287   288   450   452     0     0      0.064     -0.005      7.278      7.299      0.548
   291        221  (eta)              -83   287   288   453   455     0     0      0.204      0.711     37.133     37.145      0.548
   292        111  (pi0)              -83   287   288   456   457     0     0     -0.307     -0.001     11.688     11.693      0.135
   293       -211  pi-                 83   287   288     0     0     0     0      0.355     -0.374     14.772     14.782      0.140
   294        211  pi+                 83   287   288     0     0     0     0     -0.174     -0.044      2.924      2.933      0.140
   295       -211  pi-                 84   287   288     0     0     0     0      0.060      0.225      0.075      0.282      0.140
   296       3212  (Sigma0)           -84   287   288   458   459     0     0     -0.126      0.290      2.416      2.713      1.193
   297      -3212  (Sigmabar0)        -84   287   288   460   461     0     0      0.853     -0.286     -1.201      1.917      1.193
   298        111  (pi0)              -84   287   288   462   463     0     0     -0.398     -0.235      0.003      0.482      0.135
   299        111  (pi0)              -84   287   288   464   465     0     0     -0.385     -0.199     -0.612      0.762      0.135
   300        213  (rho+)             -84   287   288   383   384     0     0     -0.058      0.458    -12.706     12.746      0.898
   301       -211  pi-                 84   287   288     0     0     0     0     -0.176      0.121    -22.476     22.478      0.140
   302        321  K+                  84   287   288     0     0     0     0      0.649     -0.041    -34.759     34.769      0.494
   303       -311  (Kbar0)            -84   287   288   385   385     0     0      0.040     -0.189   -246.007    246.008      0.498
   304        311  (K0)               -84   287   288   386   386     0     0      0.304      0.237    -28.604     28.611      0.498
   305       -313  (K*bar0)           -84   287   288   387   388     0     0     -0.520      0.147  -1312.149   1312.150      0.905
   306        111  (pi0)              -84   287   288   466   467     0     0      0.134     -0.074   -389.141    389.141      0.135
   307       2114  (Delta0)           -84   287   288   389   390     0     0      0.411     -0.144  -3110.596   3110.596      1.305
   308       2112  n0                  91   163     0     0     0     0     0     -0.131     -0.496      2.092      2.350      0.940
   309        111  (pi0)              -91   163     0   468   469     0     0      0.099     -0.359      0.223      0.455      0.135
   310       -321  K-                  91   164     0     0     0     0     0      0.059      0.096      3.890      3.922      0.494
   311        211  pi+                 91   164     0     0     0     0     0     -0.324     -0.182      2.790      2.818      0.140
   312        321  K+                  91   167     0     0     0     0     0     -0.469      0.161     48.111     48.116      0.494
   313       -211  pi-                 91   167     0     0     0     0     0     -0.196      0.043      3.716      3.724      0.140
   314       -211  pi-                 91   172     0     0     0     0     0      0.548     -0.125     -0.220      0.620      0.140
   315        111  (pi0)              -91   172     0   470   471     0     0     -0.255     -0.178     -0.773      0.844      0.135
   316        211  pi+                 91   178     0     0     0     0     0      0.215      0.336      0.850      0.949      0.140
   317       -211  pi-                 91   178     0     0     0     0     0      0.593     -0.087      0.252      0.666      0.140
   318        211  pi+                 91   182     0     0     0     0     0      0.520     -0.380     46.207     46.212      0.140
   319        111  (pi0)              -91   182     0   472   473     0     0     -0.239     -0.030     24.094     24.096      0.135
   320        211  pi+                 91   186     0     0     0     0     0     -0.194      0.873     23.059     23.077      0.140
   321        111  (pi0)              -91   186     0   474   475     0     0      0.112     -0.156      3.370      3.378      0.135
   322       2212  p+                  91   190     0     0     0     0     0      0.547      0.041      3.166      3.347      0.938
   323        111  (pi0)              -91   190     0   476   477     0     0     -0.193     -0.029      1.014      1.042      0.135
   324       -311  (Kbar0)            -91   193     0   391   391     0     0      0.144     -0.507      1.817      1.956      0.498
   325        111  (pi0)              -91   193     0   478   479     0     0     -0.254     -0.079      1.709      1.734      0.135
   326        211  pi+                 91   194     0     0     0     0     0     -0.200      0.043      1.087      1.115      0.140
   327       -211  pi-                 91   194     0     0     0     0     0      0.397     -0.236      2.402      2.450      0.140
   328       2212  p+                  91   195     0     0     0     0     0     -0.030     -0.336      1.589      1.876      0.938
   329       -211  pi-                 91   195     0     0     0     0     0      0.122     -0.368      0.461      0.619      0.140
   330      -3122  Lambdabar0          91   196     0     0     0     0     0      0.031      0.224      1.114      1.593      1.116
   331        111  (pi0)              -91   196     0   480   481     0     0     -0.243      0.083      0.238      0.375      0.135
   332       -321  K-                  91   197     0     0     0     0     0      0.111      0.017     -0.681      0.848      0.494
   333        211  pi+                 91   197     0     0     0     0     0     -0.126      0.123      0.053      0.231      0.140
   334        321  K+                  91   203     0     0     0     0     0     -0.084     -0.102    -44.919     44.922      0.494
   335       -211  pi-                 91   203     0     0     0     0     0      0.258      0.181    -71.445     71.445      0.140
   336       -211  pi-                 91   214     0     0     0     0     0      0.175     -0.456      0.488      0.704      0.140
   337        111  (pi0)              -91   214     0   482   483     0     0      3.675     -3.434      5.458      7.424      0.135
   338        211  pi+                 91   215     0     0     0     0     0      0.477     -0.245      0.425      0.698      0.140
   339        111  (pi0)              -91   215     0   484   485     0     0      0.526     -0.910      2.219      2.459      0.135
   340       -211  pi-                 91   216     0     0     0     0     0     -0.477      0.231      7.864      7.883      0.140
   341        111  (pi0)              -91   216     0   486   487     0     0     -1.345     -0.156     20.326     20.372      0.135
   342        211  pi+                 91   218     0     0     0     0     0     -0.157     -0.321      4.054      4.072      0.140
   343        111  (pi0)              -91   218     0   488   489     0     0     -0.246      0.320      6.086      6.100      0.135
   344        211  pi+                 91   219     0     0     0     0     0     -0.910     -0.020     12.353     12.387      0.140
   345       -211  pi-                 91   219     0     0     0     0     0     -0.648     -0.710      9.447      9.497      0.140
   346       -311  (Kbar0)            -91   224     0   392   392     0     0      0.185      0.078      0.847      1.003      0.498
   347       -211  pi-                 91   224     0     0     0     0     0      0.421      0.480      1.846      1.959      0.140
   348        130  K_L0                91   229   229     0     0     0     0      0.238     -0.258    130.843    130.844      0.498
   349        310  K_S0                91   230   230     0     0     0     0      0.364     -0.016     54.672     54.676      0.498
   350        321  K+                  91   232     0     0     0     0     0      0.472      0.698    309.704    309.706      0.494
   351        111  (pi0)              -91   232     0   490   491     0     0     -0.183     -0.010     90.860     90.860      0.135
   352        130  K_L0                91   233   233     0     0     0     0      0.092      0.526    128.785    128.787      0.498
   353        211  pi+                 91   255     0     0     0     0     0      0.378     -0.076     -0.905      0.994      0.140
   354        111  (pi0)              -91   255     0   492   493     0     0      0.072      0.495     -4.508      4.537      0.135
   355       -211  pi-                 91   256     0     0     0     0     0     -0.059      0.012     -2.435      2.440      0.140
   356        111  (pi0)              -91   256     0   494   495     0     0     -0.323     -0.817    -21.572     21.590      0.135
   357       2212  p+                  91   260     0     0     0     0     0     -0.324      0.252    -74.753     74.760      0.938
   358        211  pi+                 91   260     0     0     0     0     0      0.093     -0.147    -14.476     14.478      0.140
   359      -2212  pbar-               91   261     0     0     0     0     0     -0.470     -0.332    -62.222     62.232      0.938
   360       -211  pi-                 91   261     0     0     0     0     0      0.038      0.546    -29.253     29.258      0.140
   361        211  pi+                 91   262     0     0     0     0     0      0.441     -0.708     -9.711      9.748      0.140
   362        111  (pi0)              -91   262     0   496   497     0     0      0.641      0.413    -12.121     12.146      0.135
   363        211  pi+                 91   264     0     0     0     0     0      0.134      1.059    -14.514     14.554      0.140
   364       -211  pi-                 91   264     0     0     0     0     0      0.316      0.243     -8.536      8.546      0.140
   365        311  (K0)               -91   267     0   393   393     0     0     -0.743      0.466     -3.741      3.874      0.498
   366        211  pi+                 91   267     0     0     0     0     0      0.042     -0.055     -0.099      0.184      0.140
   367       -311  (Kbar0)            -91   268     0   394   394     0     0     -1.115      0.925     -3.156      3.508      0.498
   368       -211  pi-                 91   268     0     0     0     0     0     -1.040      0.062     -2.029      2.285      0.140
   369        211  pi+                 91   269     0     0     0     0     0     -0.172      0.367     -0.561      0.706      0.140
   370        111  (pi0)              -91   269     0   498   499     0     0     -1.133      0.275     -1.966      2.289      0.135
   371        211  pi+                 91   273     0     0     0     0     0      0.075      0.150     -0.877      0.903      0.140
   372       -211  pi-                 91   273     0     0     0     0     0      0.215     -0.498     -1.022      1.165      0.140
   373        310  K_S0                91   274   274     0     0     0     0      0.371     -0.341     -1.045      1.263      0.498
   374        310  K_S0                91   275   275     0     0     0     0      0.188     -1.108     -2.281      2.591      0.498
   375       -211  pi-                 91   278     0     0     0     0     0      0.258     -0.174      0.161      0.377      0.140
   376        111  (pi0)              -91   278     0   500   501     0     0      0.183     -0.081     -0.517      0.571      0.135
   377        211  pi+                 91   279     0     0     0     0     0      1.627     -0.955     -1.932      2.704      0.140
   378        111  (pi0)              -91   279     0   502   503     0     0      0.272     -0.893     -1.151      1.488      0.135
   379       -211  pi-                 91   284     0     0     0     0     0     -0.174      0.399      1.796      1.853      0.140
   380        111  (pi0)              -91   284     0   504   505     0     0      1.524      0.463      8.312      8.464      0.135
   381        211  pi+                 91   285     0     0     0     0     0      2.909      4.228     20.297     20.936      0.140
   382        111  (pi0)              -91   285     0   506   507     0     0      0.192      0.533      2.937      2.994      0.135
   383        211  pi+                 91   300     0     0     0     0     0      0.149     -0.030     -0.758      0.786      0.140
   384        111  (pi0)              -91   300     0   508   509     0     0     -0.207      0.488    -11.947     11.960      0.135
   385        130  K_L0                91   303   303     0     0     0     0      0.040     -0.189   -246.007    246.008      0.498
   386        310  (K_S0)             -91   304   304   510   511     0     0      0.304      0.237    -28.604     28.611      0.498
   387       -311  (Kbar0)            -91   305     0   395   395     0     0     -0.216     -0.194   -753.136    753.136      0.498
   388        111  (pi0)              -91   305     0   512   513     0     0     -0.303      0.341   -559.013    559.014      0.135
   389       2212  p+                  91   307     0     0     0     0     0      0.102     -0.256  -1900.168   1900.168      0.938
   390       -211  pi-                 91   307     0     0     0     0     0      0.309      0.112  -1210.428   1210.428      0.140
   391        310  K_S0                91   324   324     0     0     0     0      0.144     -0.507      1.817      1.956      0.498
   392        310  K_S0                91   346   346     0     0     0     0      0.185      0.078      0.847      1.003      0.498
   393        310  K_S0                91   365   365     0     0     0     0     -0.743      0.466     -3.741      3.874      0.498
   394        130  K_L0                91   367   367     0     0     0     0     -1.115      0.925     -3.156      3.508      0.498
   395        130  K_L0                91   387   387     0     0     0     0     -0.216     -0.194   -753.136    753.136      0.498
   396         16  nu_tau              91   156     0     0     0     0     0     -5.530     -1.587      2.070      6.115      0.000
   397         13  mu-                 91   156     0     0     0     0     0    -11.579     -3.643      6.577     13.806      0.106
   398        -14  nu_mubar            91   156     0     0     0     0     0     -8.796     -2.826      4.184     10.142      0.000
   399         22  gamma               91   162     0     0     0     0     0     -0.004     -0.020      0.014      0.024      0.000
   400         22  gamma               91   162     0     0     0     0     0     -0.040      0.221      0.049      0.230      0.000
   401        111  (pi0)              -91   166     0   514   515     0     0     -0.277     -0.084      9.865      9.871      0.135
   402        111  (pi0)              -91   166     0   516   517     0     0     -0.002      0.023      4.818      4.819      0.135
   403        111  (pi0)              -91   166     0   518   519     0     0      0.034     -0.053      3.621      3.624      0.135
   404         22  gamma               91   175     0     0     0     0     0     -0.183      0.012      0.106      0.212      0.000
   405         22  gamma               91   175     0     0     0     0     0     -0.016     -0.054      0.067      0.088      0.000
   406         22  gamma               91   176     0     0     0     0     0      0.021     -0.014     -0.034      0.043      0.000
   407         22  gamma               91   176     0     0     0     0     0      0.147      0.285     -0.404      0.515      0.000
   408        211  pi+                 91   177     0     0     0     0     0     -0.084     -0.186      0.403      0.473      0.140
   409       -211  pi-                 91   177     0     0     0     0     0     -0.095     -0.117      0.068      0.216      0.140
   410         22  gamma               91   177     0     0     0     0     0      0.107     -0.085      0.340      0.366      0.000
   411        211  pi+                 91   179     0     0     0     0     0      0.064      0.291    354.422    354.422      0.140
   412       -211  pi-                 91   179     0     0     0     0     0     -0.238      0.125    320.299    320.299      0.140
   413        111  (pi0)              -91   179     0   520   521     0     0     -0.463      0.317   1052.074   1052.074      0.135
   414         22  gamma               91   181     0     0     0     0     0     -0.139      0.271     23.636     23.638      0.000
   415         22  gamma               91   181     0     0     0     0     0     -0.053      0.043     11.977     11.978      0.000
   416        113  (rho0)             -91   183     0   522   523     0     0     -0.112      0.218    113.393    113.396      0.793
   417         22  gamma               91   183     0     0     0     0     0     -0.005     -0.021      0.189      0.190      0.000
   418         22  gamma               91   184     0     0     0     0     0     -0.011     -0.007     25.044     25.044      0.000
   419         22  gamma               91   184     0     0     0     0     0     -0.064      0.239     99.052     99.053      0.000
   420        211  pi+                 91   202     0     0     0     0     0      0.050     -0.182    -14.491     14.493      0.140
   421       -211  pi-                 91   202     0     0     0     0     0     -0.020     -0.110    -31.328     31.329      0.140
   422        111  (pi0)              -91   202     0   524   525     0     0      0.140     -0.077    -16.859     16.860      0.135
   423     -20433  (D*_1s-)           -91   213     0   526   527     0     0     24.519    -25.739     40.088     53.636      2.471
   424        413  (D*+)              -91   213     0   528   529     0     0      5.995     -6.716     10.541     14.007      2.010
   425         22  gamma               91   217     0     0     0     0     0      0.102      0.348     12.533     12.538      0.000
   426         22  gamma               91   217     0     0     0     0     0      0.008      0.050      0.672      0.674      0.000
   427         22  gamma               91   227     0     0     0     0     0      0.496      0.692     12.183     12.213      0.000
   428         22  gamma               91   227     0     0     0     0     0      0.003      0.067      0.905      0.907      0.000
   429         22  gamma               91   252     0     0     0     0     0      0.059     -0.228     -0.022      0.237      0.000
   430         22  gamma               91   252     0     0     0     0     0      0.064     -0.012      0.005      0.065      0.000
   431         22  gamma               91   257     0     0     0     0     0     -0.076      0.671    -47.537     47.542      0.000
   432         22  gamma               91   257     0     0     0     0     0     -0.189      0.132     -5.567      5.572      0.000
   433         22  gamma               91   263     0     0     0     0     0     -0.000     -0.382     -3.163      3.186      0.000
   434         22  gamma               91   263     0     0     0     0     0      0.065     -0.079     -0.773      0.780      0.000
   435        211  pi+                 91   265     0     0     0     0     0      0.356      0.515     -2.205      2.297      0.140
   436       -211  pi-                 91   265     0     0     0     0     0      0.220      0.136     -0.843      0.893      0.140
   437        111  (pi0)              -91   265     0   530   531     0     0     -0.156      0.249     -1.337      1.375      0.135
   438         22  gamma               91   270     0     0     0     0     0      0.004      0.002     -0.053      0.054      0.000
   439         22  gamma               91   270     0     0     0     0     0      0.099     -0.877     -2.692      2.833      0.000
   440         22  gamma               91   276     0     0     0     0     0      1.624     -1.296     -3.546      4.110      0.000
   441         22  gamma               91   276     0     0     0     0     0      0.239     -0.262     -0.607      0.703      0.000
   442         22  gamma               91   277     0     0     0     0     0      0.199     -0.162     -0.045      0.260      0.000
   443         22  gamma               91   277     0     0     0     0     0     -0.015      0.006     -0.016      0.023      0.000
   444        111  (pi0)              -91   281     0   532   533     0     0     -0.095      0.151     -0.099      0.245      0.135
   445        111  (pi0)              -91   281     0   534   535     0     0      0.052     -0.031      0.078      0.167      0.135
   446        111  (pi0)              -91   281     0   536   537     0     0     -0.019      0.139     -0.053      0.201      0.135
   447         12  nu_e                91   286     0     0     0     0     0     24.259     28.029    170.803    174.779      0.000
   448        -11  e+                  91   286     0     0     0     0     0      3.225      2.746     18.545     19.023      0.001
   449       -411  (D-)               -91   286     0   538   540     0     0      5.156      5.600     37.877     38.679      1.870
   450        211  pi+                 91   290     0     0     0     0     0      0.035      0.028      2.759      2.762      0.140
   451       -211  pi-                 91   290     0     0     0     0     0     -0.043      0.110      2.046      2.054      0.140
   452        111  (pi0)              -91   290     0   541   542     0     0      0.071     -0.143      2.474      2.482      0.135
   453        211  pi+                 91   291     0     0     0     0     0      0.010      0.317     16.166     16.169      0.140
   454       -211  pi-                 91   291     0     0     0     0     0      0.028      0.034      6.430      6.432      0.140
   455        111  (pi0)              -91   291     0   543   544     0     0      0.166      0.360     14.538     14.544      0.135
   456         22  gamma               91   292     0     0     0     0     0     -0.085      0.044      5.146      5.147      0.000
   457         22  gamma               91   292     0     0     0     0     0     -0.223     -0.045      6.542      6.546      0.000
   458       3122  Lambda0             91   296     0     0     0     0     0     -0.105      0.327      2.396      2.666      1.116
   459         22  gamma               91   296     0     0     0     0     0     -0.020     -0.038      0.019      0.047      0.000
   460      -3122  Lambdabar0          91   297     0     0     0     0     0      0.875     -0.313     -1.197      1.882      1.116
   461         22  gamma               91   297     0     0     0     0     0     -0.022      0.027     -0.004      0.035      0.000
   462         22  gamma               91   298     0     0     0     0     0     -0.204     -0.197      0.009      0.284      0.000
   463         22  gamma               91   298     0     0     0     0     0     -0.194     -0.038     -0.006      0.198      0.000
   464         22  gamma               91   299     0     0     0     0     0     -0.223     -0.091     -0.230      0.333      0.000
   465         22  gamma               91   299     0     0     0     0     0     -0.162     -0.108     -0.383      0.429      0.000
   466         22  gamma               91   306     0     0     0     0     0      0.158     -0.061   -288.817    288.817      0.000
   467         22  gamma               91   306     0     0     0     0     0     -0.024     -0.013   -100.324    100.324      0.000
   468         22  gamma               91   309     0     0     0     0     0      0.095     -0.117      0.115      0.190      0.000
   469         22  gamma               91   309     0     0     0     0     0      0.004     -0.242      0.108      0.265      0.000
   470         22  gamma               91   315     0     0     0     0     0     -0.007      0.018     -0.080      0.082      0.000
   471         22  gamma               91   315     0     0     0     0     0     -0.248     -0.196     -0.693      0.762      0.000
   472         22  gamma               91   319     0     0     0     0     0     -0.231     -0.062     22.294     22.296      0.000
   473         22  gamma               91   319     0     0     0     0     0     -0.008      0.032      1.800      1.800      0.000
   474         22  gamma               91   321     0     0     0     0     0      0.038     -0.005      1.528      1.529      0.000
   475         22  gamma               91   321     0     0     0     0     0      0.074     -0.151      1.842      1.850      0.000
   476         22  gamma               91   323     0     0     0     0     0      0.021     -0.005      0.093      0.096      0.000
   477         22  gamma               91   323     0     0     0     0     0     -0.214     -0.024      0.921      0.946      0.000
   478         22  gamma               91   325     0     0     0     0     0     -0.270     -0.078      1.640      1.664      0.000
   479         22  gamma               91   325     0     0     0     0     0      0.016     -0.001      0.069      0.071      0.000
   480         22  gamma               91   331     0     0     0     0     0     -0.073     -0.030      0.107      0.133      0.000
   481         22  gamma               91   331     0     0     0     0     0     -0.169      0.113      0.132      0.242      0.000
   482         22  gamma               91   337     0     0     0     0     0      0.646     -0.663      1.048      1.399      0.000
   483         22  gamma               91   337     0     0     0     0     0      3.029     -2.770      4.410      6.025      0.000
   484         22  gamma               91   339     0     0     0     0     0      0.235     -0.537      1.192      1.328      0.000
   485         22  gamma               91   339     0     0     0     0     0      0.291     -0.373      1.028      1.131      0.000
   486         22  gamma               91   341     0     0     0     0     0     -0.746     -0.028     11.668     11.692      0.000
   487         22  gamma               91   341     0     0     0     0     0     -0.599     -0.128      8.658      8.680      0.000
   488         22  gamma               91   343     0     0     0     0     0     -0.010      0.022      1.145      1.145      0.000
   489         22  gamma               91   343     0     0     0     0     0     -0.236      0.298      4.941      4.956      0.000
   490         22  gamma               91   351     0     0     0     0     0     -0.010      0.006     37.671     37.671      0.000
   491         22  gamma               91   351     0     0     0     0     0     -0.173     -0.016     53.188     53.189      0.000
   492         22  gamma               91   354     0     0     0     0     0      0.060      0.481     -3.989      4.019      0.000
   493         22  gamma               91   354     0     0     0     0     0      0.012      0.014     -0.518      0.519      0.000
   494         22  gamma               91   356     0     0     0     0     0     -0.071     -0.326     -7.228      7.235      0.000
   495         22  gamma               91   356     0     0     0     0     0     -0.252     -0.491    -14.344     14.355      0.000
   496         22  gamma               91   362     0     0     0     0     0      0.241      0.094     -3.506      3.516      0.000
   497         22  gamma               91   362     0     0     0     0     0      0.400      0.319     -8.614      8.630      0.000
   498         22  gamma               91   370     0     0     0     0     0     -0.918      0.182     -1.499      1.767      0.000
   499         22  gamma               91   370     0     0     0     0     0     -0.214      0.092     -0.467      0.522      0.000
   500         22  gamma               91   376     0     0     0     0     0      0.175     -0.106     -0.388      0.439      0.000
   501         22  gamma               91   376     0     0     0     0     0      0.008      0.026     -0.129      0.132      0.000
   502         22  gamma               91   378     0     0     0     0     0      0.038     -0.321     -0.442      0.548      0.000
   503         22  gamma               91   378     0     0     0     0     0      0.234     -0.572     -0.709      0.941      0.000
   504         22  gamma               91   380     0     0     0     0     0      0.310      0.093      1.417      1.454      0.000
   505         22  gamma               91   380     0     0     0     0     0      1.214      0.370      6.894      7.010      0.000
   506         22  gamma               91   382     0     0     0     0     0      0.147      0.225      1.235      1.264      0.000
   507         22  gamma               91   382     0     0     0     0     0      0.044      0.308      1.702      1.730      0.000
   508         22  gamma               91   384     0     0     0     0     0     -0.124      0.366     -9.691      9.699      0.000
   509         22  gamma               91   384     0     0     0     0     0     -0.083      0.121     -2.256      2.261      0.000
   510        211  pi+                 91   386     0     0     0     0     0      0.082      0.297    -12.101     12.106      0.140
   511       -211  pi-                 91   386     0     0     0     0     0      0.222     -0.060    -16.503     16.505      0.140
   512         22  gamma               91   388     0     0     0     0     0     -0.205      0.310   -421.906    421.906      0.000
   513         22  gamma               91   388     0     0     0     0     0     -0.098      0.031   -137.108    137.108      0.000
   514         22  gamma               91   401     0     0     0     0     0     -0.244     -0.108      9.226      9.230      0.000
   515         22  gamma               91   401     0     0     0     0     0     -0.033      0.024      0.639      0.641      0.000
   516         22  gamma               91   402     0     0     0     0     0      0.049      0.002      3.911      3.912      0.000
   517         22  gamma               91   402     0     0     0     0     0     -0.050      0.021      0.906      0.908      0.000
   518         22  gamma               91   403     0     0     0     0     0      0.057     -0.088      2.207      2.209      0.000
   519         22  gamma               91   403     0     0     0     0     0     -0.022      0.034      1.414      1.415      0.000
   520         22  gamma               91   413     0     0     0     0     0     -0.346      0.231    874.254    874.254      0.000
   521         22  gamma               91   413     0     0     0     0     0     -0.117      0.086    177.820    177.820      0.000
   522        211  pi+                 91   416     0     0     0     0     0      0.017     -0.264     51.658     51.659      0.140
   523       -211  pi-                 91   416     0     0     0     0     0     -0.129      0.482     61.735     61.737      0.140
   524         22  gamma               91   422     0     0     0     0     0      0.080     -0.039     -3.545      3.546      0.000
   525         22  gamma               91   422     0     0     0     0     0      0.061     -0.038    -13.314     13.315      0.000
   526       -433  (D*_s-)            -91   423     0   545   546     0     0     23.189    -24.496     37.662     50.603      2.112
   527         22  gamma               91   423     0     0     0     0     0      1.330     -1.243      2.425      3.033      0.000
   528        421  (D0)               -91   424     0   547   549     0     0      5.600     -6.318      9.855     13.110      1.865
   529        211  pi+                 91   424     0     0     0     0     0      0.395     -0.398      0.686      0.897      0.140
   530         22  gamma               91   437     0     0     0     0     0     -0.175      0.248     -1.279      1.315      0.000
   531         22  gamma               91   437     0     0     0     0     0      0.019      0.001     -0.058      0.061      0.000
   532         22  gamma               91   444     0     0     0     0     0     -0.087      0.176     -0.077      0.210      0.000
   533         22  gamma               91   444     0     0     0     0     0     -0.008     -0.025     -0.022      0.034      0.000
   534         22  gamma               91   445     0     0     0     0     0      0.098     -0.019      0.063      0.118      0.000
   535         22  gamma               91   445     0     0     0     0     0     -0.046     -0.012      0.015      0.049      0.000
   536         22  gamma               91   446     0     0     0     0     0     -0.063      0.035     -0.052      0.089      0.000
   537         22  gamma               91   446     0     0     0     0     0      0.044      0.104     -0.001      0.113      0.000
   538        321  K+                  91   449     0     0     0     0     0      1.585      1.061      8.986      9.200      0.494
   539       -211  pi-                 91   449     0     0     0     0     0      1.264      1.472     12.109     12.264      0.140
   540       -211  pi-                 91   449     0     0     0     0     0      2.306      3.068     16.782     17.215      0.140
   541         22  gamma               91   452     0     0     0     0     0      0.109     -0.087      1.487      1.493      0.000
   542         22  gamma               91   452     0     0     0     0     0     -0.038     -0.056      0.987      0.989      0.000
   543         22  gamma               91   455     0     0     0     0     0      0.122      0.115      5.101      5.104      0.000
   544         22  gamma               91   455     0     0     0     0     0      0.044      0.245      9.437      9.440      0.000
   545       -431  (D_s-)             -91   526     0   550   552     0     0     21.707    -23.122     35.346     47.529      1.968
   546         22  gamma               91   526     0     0     0     0     0      1.483     -1.374      2.316      3.074      0.000
   547       -321  K-                  91   528     0     0     0     0     0      2.364     -1.788      3.261      4.434      0.494
   548        211  pi+                 91   528     0     0     0     0     0      1.564     -2.484      4.063      5.014      0.140
   549        111  (pi0)              -91   528     0   553   554     0     0      1.672     -2.047      2.530      3.662      0.135
   550        221  (eta)              -91   545     0   555   557     0     0      7.115     -7.533     10.599     14.833      0.548
   551       -211  pi-                 91   545     0     0     0     0     0      0.624     -0.584      1.114      1.411      0.140
   552        111  (pi0)              -91   545     0   558   559     0     0     13.967    -15.005     23.632     31.285      0.135
   553         22  gamma               91   549     0     0     0     0     0      1.380     -1.673      2.145      3.050      0.000
   554         22  gamma               91   549     0     0     0     0     0      0.293     -0.373      0.386      0.611      0.000
   555        211  pi+                 91   550     0     0     0     0     0      3.585     -3.760      5.200      7.352      0.140
   556       -211  pi-                 91   550     0     0     0     0     0      1.065     -1.038      1.581      2.175      0.140
   557        111  (pi0)              -91   550     0   560   561     0     0      2.464     -2.735      3.818      5.305      0.135
   558         22  gamma               91   552     0     0     0     0     0      8.514     -9.113     14.283     18.962      0.000
   559         22  gamma               91   552     0     0     0     0     0      5.453     -5.891      9.349     12.323      0.000
   560         22  gamma               91   557     0     0     0     0     0      0.116     -0.128      0.223      0.282      0.000
   561         22  gamma               91   557     0     0     0     0     0      2.348     -2.606      3.595      5.023      0.000
                                   Charge sum:  2.000           Momentum sum:     -0.000     -0.000     -0.000  13000.000  13000.000

 --------  End PYTHIA Event Listing  -----------------------------------------------------------------------------------------------
#--------------------------------------------------------------------------
#                     FastJet release 3.4.0 [fjcore]
#                 M. Cacciari, G.P. Salam and G. Soyez                  
#     A software package for jet finding and analysis at colliders      
#                           http://fastjet.fr                           
#	                                                                      
# Please cite EPJC72(2012)1896 [arXiv:1111.6097] if you use this package
# for scientific work and optionally PLB641(2006)57 [hep-ph/0512210].   
#                                                                       
# FastJet is provided without warranty under the GNU GPL v2 or higher.  
# It uses T. Chan's closest pair algorithm, S. Fortune's Voronoi code
# and 3rd party plugin jet algorithms. See COPYING file for details.
#--------------------------------------------------------------------------
 PYTHIA Warning in SimpleSpaceShower::pT2nextQCD: weight above unity  
 PYTHIA Warning in SimpleSpaceShower::pT2nextQCD: small daughter PDF  
 PYTHIA Warning in StringFragmentation::fragmentToJunction: bad convergence junction rest frame  
 PYTHIA Warning in TauDecays::decay: maximum decay weight exceeded in tau decay  
 PYTHIA Error in BeamRemnants::setKinematics: kinematics construction failed  
 PYTHIA Warning in Pythia::check: not quite matched particle energy/momentum/mass  

 Pythia::next(): 1000 events have been generated 

 Pythia::next(): 2000 events have been generated 

 Pythia::next(): 3000 events have been generated 
 PYTHIA Warning in Pythia::check: energy-momentum not quite conserved  

 Pythia::next(): 4000 events have been generated 
 PYTHIA Warning in ColConfig::collect: negative-energy parton encountered  
 PYTHIA Error in Pythia::check: unmatched particle energy/momentum/mass  
 PYTHIA Error in Pythia::next: check of event revealed problems  
 PYTHIA Error in StringFragmentation::fragment: stuck in joining  
 PYTHIA Error in Pythia::next: hadronLevel failed; try again  

 Pythia::next(): 5000 events have been generated 
 PYTHIA Warning in MultipartonInteractions::pTnext: weight above unity  
 PYTHIA Error in SimpleSpaceShower::pT2nearThreshold: stuck in loop  

 Pythia::next(): 6000 events have been generated 

 Pythia::next(): 7000 events have been generated 

 Pythia::next(): 8000 events have been generated 

 Pythia::next(): 9000 events have been generated 

 *-------  PYTHIA Event and Cross Section Statistics  -------------------------------------------------------------*
 |                                                                                                                 |
 | Subprocess                                    Code |            Number of events       |      sigma +- delta    |
 |                                                    |       Tried   Selected   Accepted |     (estimated) (mb)   |
 |                                                    |                                   |                        |
 |-----------------------------------------------------------------------------------------------------------------|
 |                                                    |                                   |                        |
 | Les Houches User Process(es)                  9999 |       10000      10000      10000 |   8.245e-08  0.000e+00 |
 |    ... whereof user classification code     322200 |       10000      10000      10000 |                        | 
 |                                                    |                                   |                        |
 | sum                                                |       10000      10000      10000 |   8.245e-08  0.000e+00 |
 |                                                                                                                 |
 *-------  End PYTHIA Event and Cross Section Statistics ----------------------------------------------------------*

 *-------  PYTHIA Error and Warning Messages Statistics  ----------------------------------------------------------* 
 |                                                                                                                 | 
 |  times   message                                                                                                | 
 |                                                                                                                 | 
 |      4   Error in BeamRemnants::setKinematics: kinematics construction failed                                   | 
 |      2   Error in Pythia::check: unmatched particle energy/momentum/mass                                        | 
 |      2   Error in Pythia::next: check of event revealed problems                                                | 
 |      4   Error in Pythia::next: hadronLevel failed; try again                                                   | 
 |      5   Error in SimpleSpaceShower::pT2nearThreshold: stuck in loop                                            | 
 |      4   Error in StringFragmentation::fragment: stuck in joining                                               | 
 |      4   Warning in ColConfig::collect: negative-energy parton encountered                                      | 
 |      2   Warning in MultipartonInteractions::pTnext: weight above unity                                         | 
 |      1   Warning in Pythia::check: energy-momentum not quite conserved                                          | 
 |      5   Warning in Pythia::check: not quite matched particle energy/momentum/mass                              | 
 |   1647   Warning in SimpleSpaceShower::pT2nextQCD: small daughter PDF                                           | 
 |   4347   Warning in SimpleSpaceShower::pT2nextQCD: weight above unity                                           | 
 |     35   Warning in StringFragmentation::fragmentToJunction: bad convergence junction rest frame                | 
 |      1   Warning in TauDecays::decay: maximum decay weight exceeded in tau decay                                | 
 |      2   Warning in TimeShower::init: pTmin too low                                                             | 
 |                                                                                                                 | 
 *-------  End PYTHIA Error and Warning Messages Statistics  ------------------------------------------------------* 
Using LHE File: /nfs/dust/cms/user/amoroso/powheg/POWHEG-BOX-V2/ttJ_MiNNLOPS_v1.0_beta1/decay-ll/pwgevents-0597.lhe
less then 10000 events in LHE, using all LHE events
np.shape(P0) = (10000, 3, 9)
np.shape(nJets) = (10000, 2)
np.shape(jets_4vectors) = (10000, 20, 6)
