Configured CUDA from: /cvmfs/sft.cern.ch/lcg/releases/cuda/12.4-4899e/x86_64-el9-gcc11-opt

 *------------------------------------------------------------------------------------* 
 |                                                                                    | 
 |  *------------------------------------------------------------------------------*  | 
 |  |                                                                              |  | 
 |  |                                                                              |  | 
 |  |   PPP   Y   Y  TTTTT  H   H  III    A      Welcome to the Lund Monte Carlo!  |  | 
 |  |   P  P   Y Y     T    H   H   I    A A     This is PYTHIA version 8.309      |  | 
 |  |   PPP     Y      T    HHHHH   I   AAAAA    Last date of change: 16 Feb 2023  |  | 
 |  |   P       Y      T    H   H   I   A   A                                      |  | 
 |  |   P       Y      T    H   H  III  A   A    Now is 03 Sep 2024 at 19:04:21    |  | 
 |  |                                                                              |  | 
 |  |   Program documentation and an archive of historic versions is found on:     |  | 
 |  |                                                                              |  | 
 |  |                               https://pythia.org/                            |  | 
 |  |                                                                              |  | 
 |  |   PYTHIA is authored by a collaboration consisting of:                       |  | 
 |  |                                                                              |  | 
 |  |   Christian Bierlich, Nishita Desai, Leif Gellersen, Ilkka Helenius, Philip  |  | 
 |  |   Ilten, Leif Lonnblad, Stephen Mrenna, Stefan Prestel, Christian Preuss,    |  | 
 |  |   Torbjorn Sjostrand, Peter Skands, Marius Utheim and Rob Verheyen.          |  | 
 |  |                                                                              |  | 
 |  |   The complete list of authors, including contact information and            |  | 
 |  |   affiliations, can be found on https://pythia.org/.                         |  | 
 |  |   Problems or bugs should be reported on email at authors@pythia.org.        |  | 
 |  |                                                                              |  | 
 |  |   The main program reference is C. Bierlich et al,                           |  | 
 |  |   'A comprehensive guide to the physics and usage of Pythia 8.3',            |  | 
 |  |   SciPost Phys. Codebases 8-r8.3 (2022) [arXiv:2203.11601 [hep-ph]]          |  | 
 |  |                                                                              |  | 
 |  |   PYTHIA is released under the GNU General Public Licence version 2 or later.|  | 
 |  |   Please respect the MCnet Guidelines for Event Generator Authors and Users. |  | 
 |  |                                                                              |  | 
 |  |   Disclaimer: this program comes without any guarantees.                     |  | 
 |  |   Beware of errors and use common sense when interpreting results.           |  | 
 |  |                                                                              |  | 
 |  |   Copyright (C) 2023 Torbjorn Sjostrand                                      |  | 
 |  |                                                                              |  | 
 |  |                                                                              |  | 
 |  *------------------------------------------------------------------------------*  | 
 |                                                                                    | 
 *------------------------------------------------------------------------------------* 


 *-------  PYTHIA Process Initialization  --------------------------*
 |                                                                  |
 | We collide p+ with p+ at a CM energy of 1.300e+04 GeV            |
 |                                                                  |
 |------------------------------------------------------------------|
 |                                                    |             |
 | Subprocess                                    Code |   Estimated |
 |                                                    |    max (mb) |
 |                                                    |             |
 |------------------------------------------------------------------|
 |                                                    |             |
 | Les Houches User Process(es)                  9999 |   1.000e-09 |
 |                                                                  |
 *-------  End PYTHIA Process Initialization -----------------------*
 PYTHIA Warning in TimeShower::init: pTmin too low , raised to 0.611

 *-------  PYTHIA Multiparton Interactions Initialization  ---------* 
 |                                                                  | 
 |                   sigmaNonDiffractive =    55.51 mb              | 
 |                                                                  | 
 |    pT0 =  1.44 gives sigmaInteraction =   400.15 mb: accepted    | 
 |                                                                  | 
 *-------  End PYTHIA Multiparton Interactions Initialization  -----* 

 *-------  PYTHIA Flag + Mode + Parm + Word + FVec + MVec + PVec + WVec Settings (changes only)  ------------------* 
 |                                                                                                                 | 
 | Name                                          |                      Now |      Default         Min         Max | 
 |                                               |                          |                                      | 
 | Beams:frameType                               |                        4 |            1           1           5 | 
 | Beams:LHEF                                    | /nfs/dust/cms/user/amoroso/powheg/POWHEG-BOX-V2/ttJ_MiNNLOPS_v1.0_beta1/decay-ll/pwgevents-0114.lhe |         void | 
 | ColourReconnection:range                      |                  5.17600 |      1.80000         0.0    10.00000 | 
 | Main:timesAllowErrors                         |                      500 |           10           0             | 
 | MultipartonInteractions:alphaSorder           |                        2 |            1           0           3 | 
 | MultipartonInteractions:alphaSvalue           |                  0.11800 |      0.13000   0.0600000     0.25000 | 
 | MultipartonInteractions:bProfile              |                        2 |            3           0           4 | 
 | MultipartonInteractions:coreFraction          |                  0.63000 |      0.50000         0.0     1.00000 | 
 | MultipartonInteractions:coreRadius            |                  0.76340 |      0.40000     0.10000     1.00000 | 
 | MultipartonInteractions:ecmPow                |                0.0334400 |      0.21500         0.0     0.50000 | 
 | MultipartonInteractions:pT0Ref                |                  1.41000 |      2.28000     0.50000    10.00000 | 
 | ParticleDecays:limitTau                       |                       on |          off                         | 
 | PartonLevel:FSR                               |                      off |           on                         | 
 | PDF:pSet                                      |                       20 |           13                         | 
 | Random:seed                                   |                      114 |           -1               900000000 | 
 | Random:setSeed                                |                       on |          off                         | 
 | SigmaProcess:alphaSorder                      |                        2 |            1           0           3 | 
 | SigmaProcess:alphaSvalue                      |                  0.11800 |      0.13000   0.0600000     0.25000 | 
 | SigmaTotal:mode                               |                        0 |            1           0           4 | 
 | SigmaTotal:sigmaEl                            |                 21.89000 |     25.00000         0.0             | 
 | SigmaTotal:sigmaTot                           |                100.30900 |    100.00000         0.0             | 
 | SigmaTotal:zeroAXB                            |                      off |           on                         | 
 | SpaceShower:alphaSorder                       |                        2 |            1           0           3 | 
 | SpaceShower:alphaSvalue                       |                  0.11800 |      0.13650   0.0600000     0.25000 | 
 | SpaceShower:dipoleRecoil                      |                       on |          off                         | 
 | SpaceShower:pTmaxMatch                        |                        1 |            0           0           2 | 
 | TimeShower:alphaSorder                        |                        2 |            1           0           3 | 
 | TimeShower:alphaSvalue                        |                  0.11800 |      0.13650   0.0600000     0.25000 | 
 |                                                                                                                 | 
 *-------  End PYTHIA Flag + Mode + Parm + Word + FVec + MVec + PVec + WVec Settings  -----------------------------* 

 --------  PYTHIA Particle Data Table (changed only)  ------------------------------------------------------------------------------
 
      id   name            antiName         spn chg col      m0        mWidth      mMin       mMax       tau0    res dec ext vis wid
             no onMode   bRatio   meMode     products 

       6  t                tbar               2   2   1  173.00000    1.36916   86.00000    0.00000  1.44122e-13   1   1   0   1   0
              0     1   0.0000664    0       24        1 
              1     1   0.0017361    0       24        3 
              2     1   0.9981975    0       24        5 
              3     1   0.0000000    0       37        5 

 --------  End PYTHIA Particle Data Table  -----------------------------------------------------------------------------------------


 --------  LHA event information and listing  ---------------------------------------------------------------------- 

    process =   322200    weight =   1.0325e+02     scale =   6.4349e+01 (GeV) 
                        alpha_em =  -1.0000e+00    alpha_strong =   1.3310e-01

    Participating Particles 
    no        id stat     mothers     colours      p_x        p_y        p_z         e          m        tau    spin 
     1        21   -1     0     0   511   512      0.000      0.000    230.777    230.777      0.000   0.000   9.000
     2        21   -1     0     0   513   514      0.000      0.000   -490.440    490.440      0.000   0.000   9.000
     3         6    2     1     2   511     0      5.542    121.163     -5.381    211.231    172.854   0.000   9.000
     4        -6    2     1     2     0   514   -145.871     11.084    -68.856    235.687    171.482   0.000   9.000
     5        21    1     1     2   513   515     87.248    -52.192    -66.752    121.622      0.000   0.000   9.000
     6        21    1     1     2   515   512     53.081    -80.055   -118.674    152.676      0.000   0.000   9.000
     7         5    1     3     3   511     0     24.587     97.863    -46.084    111.039      4.920   0.000  -1.000
     8        24    2     3     3     0     0    -19.045     23.300     40.703    100.192     86.465   0.000   9.000
     9        -5    1     4     4     0   514    -12.377     38.882     30.143     50.969      4.920   0.000   1.000
    10       -24    2     4     4     0     0   -133.494    -27.799    -98.999    184.718     75.674   0.000   9.000
    11       -11    1     8     8     0     0    -14.741     24.484    -22.783     36.549      0.001   0.000   1.000
    12        12    1     8     8     0     0     -4.303     -1.184     63.486     63.643      0.000   0.000  -1.000
    13        13    1    10    10     0     0    -16.547    -19.434    -52.898     58.734      0.106   0.000  -1.000
    14       -14    1    10    10     0     0   -116.947     -8.365    -46.100    125.984      0.000   0.000   1.000

 --------  End LHA event information and listing  ------------------------------------------------------------------ 

 --------  PYTHIA Info Listing  ---------------------------------------- 
 
 Beam A: id =   2212, pz =  6.500e+03, e =  6.500e+03, m =  9.383e-01.
 Beam B: id =   2212, pz = -6.500e+03, e =  6.500e+03, m =  9.383e-01.

 In 1: id =   21, x =  3.550e-02, pdf =  0.000e+00 at Q2 =  4.141e+03.
 In 2: id =   21, x =  7.545e-02, pdf =  0.000e+00 at same Q2.

 Process Les Houches User Process(es) with code 9999 is 2 -> 4.
 Subprocess user process 322200 with code 322200 is 2 -> 4.
     alphaEM =  7.787e-03,  alphaS =  1.331e-01    at Q2 =  4.141e+03.

 Impact parameter b =  8.787e-01 gives enhancement factor =  9.010e-01.
 Max pT scale for MPI =  1.300e+04, ISR =  6.435e+01, FSR =  6.435e+01.
 Number of MPI =     3, ISR =     4, FSRproc =     0, FSRreson =     0.

 --------  End PYTHIA Info Listing  ------------------------------------

 --------  PYTHIA Event Listing  (hard process)  -----------------------------------------------------------------------------------
 
    no         id  name            status     mothers   daughters     colours      p_x        p_y        p_z         e          m 
     0         90  (system)           -11     0     0     0     0     0     0      0.000      0.000      0.000  13000.000  13000.000
     1       2212  (p+)               -12     0     0     3     0     0     0      0.000      0.000   6500.000   6500.000      0.938
     2       2212  (p+)               -12     0     0     4     0     0     0      0.000      0.000  -6500.000   6500.000      0.938
     3         21  (g)                -21     1     0     5     8   511   512      0.000      0.000    230.777    230.777      0.000
     4         21  (g)                -21     2     0     5     8   513   514      0.000      0.000   -490.440    490.440      0.000
     5          6  (t)                -22     3     4     9    10   511     0      5.542    121.163     -5.381    211.231    172.854
     6         -6  (tbar)             -22     3     4    11    12     0   514   -145.871     11.084    -68.856    235.687    171.482
     7         21  g                   23     3     4     0     0   513   515     87.248    -52.192    -66.752    121.622      0.000
     8         21  g                   23     3     4     0     0   515   512     53.081    -80.055   -118.674    152.676      0.000
     9          5  b                   23     5     0     0     0   511     0     24.587     97.863    -46.084    111.039      4.920
    10         24  (W+)               -22     5     0    13    14     0     0    -19.045     23.300     40.703    100.192     86.465
    11         -5  bbar                23     6     0     0     0     0   514    -12.377     38.882     30.143     50.969      4.920
    12        -24  (W-)               -22     6     0    15    16     0     0   -133.494    -27.799    -98.999    184.718     75.674
    13        -11  e+                  23    10     0     0     0     0     0    -14.741     24.484    -22.783     36.549      0.001
    14         12  nu_e                23    10     0     0     0     0     0     -4.303     -1.184     63.486     63.643      0.000
    15         13  mu-                 23    12     0     0     0     0     0    -16.547    -19.434    -52.898     58.734      0.106
    16        -14  nu_mubar            23    12     0     0     0     0     0   -116.947     -8.365    -46.100    125.984      0.000
                                   Charge sum:  0.000           Momentum sum:      0.000      0.000   -259.663    721.217    672.851

 --------  End PYTHIA Event Listing  -----------------------------------------------------------------------------------------------

 --------  PYTHIA Event Listing  (complete event)  ---------------------------------------------------------------------------------
 
    no         id  name            status     mothers   daughters     colours      p_x        p_y        p_z         e          m 
     0         90  (system)           -11     0     0     0     0     0     0      0.000      0.000      0.000  13000.000  13000.000
     1       2212  (p+)               -12     0     0    46     0     0     0      0.000      0.000   6500.000   6500.000      0.938
     2       2212  (p+)               -12     0     0    47     0     0     0      0.000      0.000  -6500.000   6500.000      0.938
     3         21  (g)                -21     9     9     5     8   511   512      0.000      0.000    230.777    230.777      0.000
     4         21  (g)                -21    10     0     5     8   513   514      0.000      0.000   -490.440    490.440      0.000
     5          6  (t)                -22     3     4    11    11   511     0      5.542    121.163     -5.381    211.231    172.854
     6         -6  (tbar)             -22     3     4    12    12     0   514   -145.871     11.084    -68.856    235.687    171.482
     7         21  (g)                -23     3     4    13    13   513   515     87.248    -52.192    -66.752    121.622      0.000
     8         21  (g)                -23     3     4    14    14   515   512     53.081    -80.055   -118.674    152.676      0.000
     9         21  (g)                -42    16     0     3     3   511   512      0.000      0.000    230.777    230.777      0.000
    10         21  (g)                -41    17    17    15     4   513   516      0.000     -0.000   -803.644    803.644      0.000
    11          6  (t)                -44     5     5    18    18   511     0      5.542    121.163     -5.381    211.231    172.854
    12         -6  (tbar)             -44     6     6    19    19     0   514   -145.871     11.084    -68.856    235.687    171.482
    13         21  (g)                -44     7     7    20    20   513   515    112.999    -89.108   -183.064    232.855      0.000
    14         21  (g)                -44     8     8    21    21   515   512     53.081    -80.055   -118.674    152.676      0.000
    15         21  (g)                -43    10     0    22    22   514   516    -25.751     36.916   -196.892    201.972      0.000
    16         21  (g)                -41    24    24    23     9   511   517     -0.000     -0.000    288.341    288.341      0.000
    17         21  (g)                -42    25     0    10    10   513   516      0.000     -0.000   -803.644    803.644      0.000
    18          6  (t)                -44    11    11    26    26   511     0    -11.968     71.752     -9.584    187.781    172.854
    19         -6  (tbar)             -44    12    12    27    27     0   514   -145.871     11.084    -68.856    235.687    171.482
    20         21  (g)                -44    13    13    28    28   513   515    112.999    -89.108   -183.064    232.855      0.000
    21         21  (g)                -44    14    14    29    29   515   512     53.081    -80.055   -118.674    152.676      0.000
    22         21  (g)                -44    15    15    30    30   514   516    -25.751     36.916   -196.892    201.972      0.000
    23         21  (g)                -43    16     0    31    31   512   517     17.510     49.411     61.767     81.014      0.000
    24         21  (g)                -42    46    46    16    16   511   517     -0.000     -0.000    288.341    288.341      0.000
    25         21  (g)                -41    47    47    32    17   513   518      0.000     -0.000  -1016.857   1016.857      0.000
    26          6  (t)                -44    18    18    48    48   511     0    -11.968     71.752     -9.584    187.781    172.854
    27         -6  (tbar)             -44    19    19    49    49     0   514   -145.871     11.084    -68.856    235.687    171.482
    28         21  (g)                -44    20    20    50    50   513   515    102.366    -85.649   -155.061    204.593      0.000
    29         21  (g)                -44    21    21    51    51   515   512     53.081    -80.055   -118.674    152.676      0.000
    30         21  (g)                -44    22    22    52    52   514   516    -25.751     36.916   -196.892    201.972      0.000
    31         21  (g)                -44    23    23    53    53   512   517     17.510     49.411     61.767     81.014      0.000
    32         21  (g)                -43    25     0    54    54   516   518     10.633     -3.460   -241.216    241.475      0.000
    33          1  (d)                -31    37    37    35    36   519     0      0.000      0.000      0.320      0.320      0.000
    34          2  (u)                -31    38     0    35    36   520     0      0.000      0.000   -144.851    144.851      0.000
    35          1  (d)                -33    33    34    39    39   520     0     -0.881     -0.379     -0.490      1.126      0.330
    36          2  (u)                -33    33    34    40    40   519     0      0.881      0.379   -144.041    144.044      0.330
    37          1  (d)                -42    55    55    33    33   519     0      0.000      0.000      0.320      0.320      0.000
    38          2  (u)                -41    56    56    41    34   521     0      0.000      0.000   -163.276    163.276      0.000
    39          1  (d)                -44    35    35    57    57   520     0     -1.071      0.054     -0.684      1.314      0.330
    40          2  (u)                -44    36    36    58    58   519     0      0.881      0.379   -144.041    144.044      0.330
    41         21  (g)                -43    38     0    59    59   521   520      0.190     -0.433    -18.232     18.238      0.000
    42         21  (g)                -31    60    60    44    45   523   524      0.000      0.000      0.381      0.381      0.000
    43          1  (d)                -31    61    61    44    45   522     0      0.000      0.000    -55.043     55.043      0.000
    44         21  (g)                -33    42    43    62    62   522   524      0.169     -0.145      0.348      0.413      0.000
    45          1  (d)                -33    42    43    63    63   523     0     -0.169      0.145    -55.010     55.011      0.330
    46         21  (g)                -61     1     0    24    24   511   517      0.306      0.139    288.341    288.341      0.000
    47         21  (g)                -61     2     0    25    25   513   518     -0.929     -0.984  -1016.857   1016.858      0.000
    48          6  (t)                -62    26    26    69    70   511     0    -11.964     71.699     -9.624    187.763    172.854
    49         -6  (tbar)             -62    27    27    71    72     0   514   -145.922     10.977    -68.720    235.674    171.482
    50         21  (g)                -62    28    28   126   126   513   515    102.228    -85.811   -155.100    204.622      0.000
    51         21  (g)                -62    29    29   125   125   515   522     52.975    -80.178   -118.669    152.700      0.000
    52         21  (g)                -62    30    30   173   173   514   516    -25.931     36.725   -196.894    201.961      0.000
    53         21  (g)                -62    31    31   123   123   512   517     17.577     49.436     61.714     81.003      0.000
    54         21  (g)                -62    32    32   172   172   516   521     10.413     -3.693   -241.224    241.477      0.000
    55          1  (d)                -61     1     0    37    37   519     0     -0.498     -0.366      0.020      0.618      0.000
    56          2  (u)                -61     2     0    38    38   520     0      0.241     -1.297   -164.077    164.083      0.000
    57          1  (d)                -62    39    39    77    77   520     0     -1.558     -0.320     -1.792      2.419      0.330
    58          2  (u)                -62    40    40   103   103   519     0      1.090     -0.760   -143.844    143.850      0.330
    59         21  (g)                -62    41    41   171   171   521   518      0.212     -0.583    -18.422     18.432      0.000
    60         21  (g)                -61     1     0    42    42   517   518      0.155     -1.330     -0.832      1.576      0.000
    61          1  (d)                -61     2     0    43    43   518     0      1.739      0.883    -55.051     55.086      0.000
    62         21  (g)                -62    44    44   124   124   522   512      0.333     -1.468     -1.145      1.891      0.000
    63          1  (d)                -62    45    45   122   122   517     0      1.562      1.022    -54.738     54.770      0.330
    64       2101  (ud_0)             -63     1     0   104   104     0   519      0.370      0.607   3538.696   3538.696      0.579
    65          2  (u)                -63     1     0   170   170   518     0     -0.176      0.616   2305.838   2305.838      0.330
    66         -1  (dbar)             -63     1     0    87    87     0   511     -0.157      0.333    366.412    366.412      0.330
    67       2101  (ud_0)             -63     2     0   127   127     0   513     -0.555      0.393  -5036.670   5036.670      0.579
    68         -1  (dbar)             -63     2     0    78    78     0   520     -0.497      1.005   -225.819    225.822      0.330
    69          5  (b)                -23    48     0    86    86   511     0     15.806     73.054    -48.212     89.081      4.920
    70         24  (W+)               -22    48     0    73    74     0     0    -27.770     -1.355     38.588     98.682     86.465
    71         -5  (bbar)             -23    49     0   174   174     0   514    -12.388     38.859     30.172     50.971      4.920
    72        -24  (W-)               -22    49     0    75    76     0     0   -133.534    -27.883    -98.892    184.702     75.674
    73        -11  e+                  23    70     0     0     0     0     0    -17.814     15.803    -23.528     33.476      0.001
    74         12  nu_e                23    70     0     0     0     0     0     -9.956    -17.158     62.116     65.207      0.000
    75         13  mu-                 23    72     0     0     0     0     0    -16.560    -19.461    -52.865     58.716      0.106
    76        -14  nu_mubar            23    72     0     0     0     0     0   -116.974     -8.422    -46.028    125.986      0.000
    77          1  (d)                -71    57    57    79    85   520     0     -1.558     -0.320     -1.792      2.419      0.330
    78         -1  (dbar)             -71    68    68    79    85     0   520     -0.497      1.005   -225.819    225.822      0.330
    79        221  (eta)              -83    77    78   294   296     0     0     -1.102     -0.434     -1.308      1.847      0.548
    80       -211  pi-                 83    77    78     0     0     0     0     -0.048      0.679    -12.292     12.312      0.140
    81        323  (K*+)              -83    77    78   215   216     0     0     -0.721     -0.657    -16.142     16.192      0.821
    82       -321  K-                  83    77    78     0     0     0     0      0.303      0.531    -23.199     23.212      0.494
    83        211  pi+                 84    77    78     0     0     0     0      0.123     -0.207    -74.225     74.226      0.140
    84       -211  pi-                 84    77    78     0     0     0     0     -0.626      0.611    -65.576     65.582      0.140
    85        211  pi+                 84    77    78     0     0     0     0      0.015      0.163    -34.869     34.870      0.140
    86          5  (b)                -71    69    69    88   102   511     0     15.806     73.054    -48.212     89.081      4.920
    87         -1  (dbar)             -71    66    66    88   102     0   511     -0.157      0.333    366.412    366.412      0.330
    88       -523  (B*-)              -83    86    87   297   298     0     0     11.770     54.069    -35.368     65.889      5.325
    89        321  K+                  83    86    87     0     0     0     0      3.393     14.863    -10.338     18.426      0.494
    90       -323  (K*-)              -83    86    87   217   218     0     0      0.316      1.899     -0.717      2.259      0.940
    91        223  (omega)            -83    86    87   299   301     0     0      0.254      1.749     -0.917      2.141      0.786
    92        211  pi+                 83    86    87     0     0     0     0     -0.077     -0.013      0.296      0.337      0.140
    93       -211  pi-                 83    86    87     0     0     0     0      0.281     -0.148      0.211      0.406      0.140
    94       2214  (Delta+)           -83    86    87   219   220     0     0     -0.335      0.613      3.907      4.371      1.830
    95       -311  (Kbar0)            -83    86    87   221   221     0     0      0.065     -0.161      0.829      0.982      0.498
    96      -3224  (Sigma*bar-)       -83    86    87   222   223     0     0      0.168     -0.200      2.945      3.261      1.375
    97        213  (rho+)             -84    86    87   224   225     0     0     -0.167      0.663      8.427      8.477      0.622
    98       2112  n0                  84    86    87     0     0     0     0     -0.097     -0.440     63.990     63.999      0.940
    99       -211  pi-                 84    86    87     0     0     0     0      0.191      0.200     52.540     52.540      0.140
   100      -1114  (Deltabar+)        -84    86    87   226   227     0     0     -0.418      0.179     91.062     91.071      1.222
   101       -211  pi-                 84    86    87     0     0     0     0      0.374     -0.041     70.337     70.338      0.140
   102        211  pi+                 84    86    87     0     0     0     0     -0.069      0.155     70.996     70.996      0.140
   103          2  (u)                -71    58    58   105   121   519     0      1.090     -0.760   -143.844    143.850      0.330
   104       2101  (ud_0)             -71    64    64   105   121     0   519      0.370      0.607   3538.696   3538.696      0.579
   105        323  (K*+)              -83   103   104   228   229     0     0      0.403     -0.222    -61.604     61.612      0.883
   106       -323  (K*-)              -83   103   104   230   231     0     0      0.743     -0.567    -58.127     58.141      0.856
   107        331  (eta')             -83   103   104   302   304     0     0     -0.200      0.246    -11.007     11.053      0.958
   108       2212  p+                  83   103   104     0     0     0     0     -0.301      0.163     -4.098      4.218      0.938
   109      -3122  Lambdabar0          83   103   104     0     0     0     0      0.577     -0.477     -3.565      3.810      1.116
   110       -311  (Kbar0)            -83   103   104   232   232     0     0     -0.563      0.123     -4.303      4.370      0.498
   111       -213  (rho-)             -84   103   104   233   234     0     0      0.233      0.051     -0.613      0.908      0.626
   112        223  (omega)            -84   103   104   305   307     0     0     -0.041     -0.270      5.891      5.950      0.789
   113        211  pi+                 84   103   104     0     0     0     0      0.492      0.486      4.847      4.898      0.140
   114        113  (rho0)             -84   103   104   235   236     0     0     -0.084     -0.240      5.394      5.456      0.779
   115        313  (K*0)              -84   103   104   237   238     0     0      0.254     -0.172      8.959      9.004      0.837
   116        333  (phi)              -84   103   104   308   309     0     0     -0.301      0.411     15.364     15.406      1.018
   117       -321  K-                  84   103   104     0     0     0     0     -0.032     -0.233    113.625    113.626      0.494
   118        211  pi+                 84   103   104     0     0     0     0     -0.177     -0.264     62.748     62.749      0.140
   119       -211  pi-                 84   103   104     0     0     0     0      0.428      0.118     42.370     42.372      0.140
   120       2224  (Delta++)          -84   103   104   239   240     0     0     -0.210     -0.047    954.600    954.601      1.229
   121       -211  pi-                 84   103   104     0     0     0     0      0.237      0.742   2324.372   2324.372      0.140
   122          1  (d)                -71    63    63   128   169   517     0      1.562      1.022    -54.738     54.770      0.330
   123         21  (g)                -71    53    53   128   169   512   517     17.577     49.436     61.714     81.003      0.000
   124         21  (g)                -71    62    62   128   169   522   512      0.333     -1.468     -1.145      1.891      0.000
   125         21  (g)                -71    51    51   128   169   515   522     52.975    -80.178   -118.669    152.700      0.000
   126         21  (g)                -71    50    50   128   169   513   515    102.228    -85.811   -155.100    204.622      0.000
   127       2101  (ud_0)             -71    67    67   128   169     0   513     -0.555      0.393  -5036.670   5036.670      0.579
   128        113  (rho0)             -83   122   127   241   242     0     0      0.643      0.612    -35.195     35.223      1.108
   129        311  (K0)               -83   122   127   243   243     0     0      0.307      0.124     -4.678      4.716      0.498
   130       -311  (Kbar0)            -83   122   127   244   244     0     0      0.282      0.075     -2.925      2.982      0.498
   131        113  (rho0)             -83   122   127   245   246     0     0      0.136      0.583    -10.733     10.775      0.742
   132       -211  pi-                 83   122   127     0     0     0     0      0.787      0.044     -0.241      0.836      0.140
   133        211  pi+                 83   122   127     0     0     0     0     -0.895      0.040     -0.204      0.929      0.140
   134       -213  (rho-)             -83   122   127   247   248     0     0      2.073      4.762      5.825      7.838      0.723
   135        113  (rho0)             -83   122   127   249   250     0     0      4.885     12.255     15.023     20.041      1.374
   136        211  pi+                 83   122   127     0     0     0     0      4.071     12.699     16.057     20.873      0.140
   137        221  (eta)              -83   122   127   310   311     0     0      6.408     15.995     20.501     26.786      0.548
   138       -213  (rho-)             -83   122   127   251   252     0     0      0.070      1.661      2.289      2.950      0.837
   139        211  pi+                 83   122   127     0     0     0     0      0.289      1.329      0.531      1.467      0.140
   140        221  (eta)              -83   122   127   312   313     0     0     -0.079     -0.376     -0.728      0.989      0.548
   141       -211  pi-                 83   122   127     0     0     0     0      0.544     -0.354      0.483      0.821      0.140
   142        211  pi+                 83   122   127     0     0     0     0      1.453     -2.826     -3.473      4.709      0.140
   143        111  (pi0)              -83   122   127   314   315     0     0      0.125     -0.364     -0.676      0.789      0.135
   144        221  (eta)              -83   122   127   316   317     0     0      6.142     -9.576    -14.285     18.270      0.548
   145       -213  (rho-)             -83   122   127   253   254     0     0     14.064    -20.064    -30.470     39.107      0.777
   146        213  (rho+)             -83   122   127   255   256     0     0     12.891    -19.002    -27.331     35.704      0.731
   147       -211  pi-                 83   122   127     0     0     0     0     10.662    -16.867    -25.154     32.108      0.140
   148        213  (rho+)             -83   122   127   257   258     0     0      5.862     -9.409    -13.403     17.422      1.001
   149       2112  n0                  83   122   127     0     0     0     0     12.210    -10.970    -19.432     25.454      0.940
   150      -2112  nbar0               84   122   127     0     0     0     0     31.722    -26.442    -47.823     63.194      0.940
   151        111  (pi0)              -84   122   127   318   319     0     0      9.771     -8.745    -15.567     20.354      0.135
   152       2112  n0                  84   122   127     0     0     0     0     28.406    -23.937    -43.749     57.400      0.940
   153        111  (pi0)              -84   122   127   320   321     0     0     12.493    -10.526    -18.144     24.414      0.135
   154      -2212  pbar-               84   122   127     0     0     0     0      2.165     -1.671     -3.954      4.899      0.938
   155        113  (rho0)             -84   122   127   259   260     0     0      5.476     -4.453     -7.715     10.530      1.241
   156        113  (rho0)             -84   122   127   261   262     0     0      1.476     -0.970     -3.791      4.244      0.723
   157        111  (pi0)              -84   122   127   322   323     0     0      0.026     -0.521     -1.526      1.618      0.135
   158        323  (K*+)              -84   122   127   263   264     0     0      0.391      0.120    -15.037     15.074      0.978
   159       -311  (Kbar0)            -84   122   127   265   265     0     0     -0.160     -0.055    -14.812     14.822      0.498
   160       -211  pi-                 84   122   127     0     0     0     0      0.062      0.187     -4.633      4.640      0.140
   161        211  pi+                 84   122   127     0     0     0     0     -0.150     -0.114     -4.770      4.776      0.140
   162        221  (eta)              -84   122   127   324   325     0     0      0.321     -0.271    -19.301     19.314      0.548
   163       -211  pi-                 84   122   127     0     0     0     0     -0.425     -0.105    -12.381     12.389      0.140
   164        111  (pi0)              -84   122   127   326   327     0     0      0.049      0.084     -4.044      4.047      0.135
   165        223  (omega)            -84   122   127   328   330     0     0      0.240      0.363    -59.446     59.453      0.780
   166        113  (rho0)             -84   122   127   266   267     0     0      0.487     -0.245   -393.921    393.922      0.765
   167        211  pi+                 84   122   127     0     0     0     0     -0.903     -0.279   -231.484    231.486      0.140
   168        223  (omega)            -84   122   127   331   333     0     0      0.399      0.020   -610.393    610.394      0.777
   169       2112  n0                  84   122   127     0     0     0     0     -0.658      0.579  -3663.897   3663.897      0.940
   170          2  (u)                -71    65    65   175   214   518     0     -0.176      0.616   2305.838   2305.838      0.330
   171         21  (g)                -71    59    59   175   214   521   518      0.212     -0.583    -18.422     18.432      0.000
   172         21  (g)                -71    54    54   175   214   516   521     10.413     -3.693   -241.224    241.477      0.000
   173         21  (g)                -71    52    52   175   214   514   516    -25.931     36.725   -196.894    201.961      0.000
   174         -5  (bbar)             -71    71    71   175   214     0   514    -12.388     38.859     30.172     50.971      4.920
   175        211  pi+                 83   170   174     0     0     0     0      0.278      0.002   1137.022   1137.022      0.140
   176        311  (K0)               -83   170   174   268   268     0     0     -0.259      0.089    492.220    492.220      0.498
   177       -321  K-                  83   170   174     0     0     0     0     -0.421      0.046    202.900    202.901      0.494
   178        321  K+                  83   170   174     0     0     0     0      0.235      1.141    301.037    301.039      0.494
   179       -321  K-                  83   170   174     0     0     0     0     -0.199     -0.474     65.330     65.334      0.494
   180        321  K+                  83   170   174     0     0     0     0      0.221     -0.536     96.186     96.189      0.494
   181        221  (eta)              -83   170   174   334   336     0     0      0.079      0.528     10.121     10.150      0.548
   182       -311  (Kbar0)            -83   170   174   269   269     0     0      0.094     -0.326      0.402      0.724      0.498
   183       -211  pi-                 83   170   174     0     0     0     0     -0.072     -0.004     -0.942      0.955      0.140
   184        211  pi+                 83   170   174     0     0     0     0      0.013     -0.412     -0.367      0.569      0.140
   185        313  (K*0)              -83   170   174   270   271     0     0     -0.280      0.665     -2.979      3.194      0.895
   186       -311  (Kbar0)            -83   170   174   272   272     0     0      0.312     -0.388     -0.924      1.162      0.498
   187       -211  pi-                 83   170   174     0     0     0     0     -0.154     -0.185     -1.343      1.371      0.140
   188        211  pi+                 83   170   174     0     0     0     0      0.275      0.380     -6.874      6.892      0.140
   189        111  (pi0)              -83   170   174   337   338     0     0      0.707     -1.223     -6.475      6.628      0.135
   190       -211  pi-                 83   170   174     0     0     0     0      0.115      0.748    -13.938     13.959      0.140
   191        323  (K*+)              -83   170   174   273   274     0     0      3.033     -1.322    -69.551     69.637      0.995
   192       -311  (Kbar0)            -83   170   174   275   275     0     0      0.432     -0.269    -14.331     14.348      0.498
   193       2112  n0                  83   170   174     0     0     0     0      0.323     -0.132    -18.481     18.508      0.940
   194        111  (pi0)              -83   170   174   339   340     0     0      2.829     -0.994    -60.352     60.427      0.135
   195      -2112  nbar0               83   170   174     0     0     0     0      2.256     -0.834    -51.302     51.367      0.940
   196       -211  pi-                 83   170   174     0     0     0     0     -0.253      0.456     -5.400      5.427      0.140
   197        213  (rho+)             -83   170   174   276   277     0     0      0.279      0.210     -6.669      6.731      0.838
   198        223  (omega)            -83   170   174   341   343     0     0     -1.305      1.742    -10.261     10.519      0.784
   199        221  (eta)              -84   170   174   344   346     0     0     -1.158      1.284    -11.841     11.980      0.548
   200        113  (rho0)             -84   170   174   278   279     0     0     -9.137     12.430    -64.017     65.854      0.776
   201        313  (K*0)              -84   170   174   280   281     0     0     -5.661      8.781    -46.896     48.054      0.878
   202       -321  K-                  84   170   174     0     0     0     0     -3.610      5.204    -28.692     29.387      0.494
   203        321  K+                  84   170   174     0     0     0     0     -3.152      4.952    -26.026     26.684      0.494
   204       -311  (Kbar0)            -84   170   174   282   282     0     0     -0.379      0.780     -4.100      4.220      0.498
   205        111  (pi0)              -84   170   174   347   348     0     0     -0.108      0.049     -0.743      0.764      0.135
   206       -211  pi-                 84   170   174     0     0     0     0     -0.697      0.239     -1.424      1.610      0.140
   207        223  (omega)            -84   170   174   349   351     0     0      0.009      0.857     -0.576      1.286      0.766
   208        223  (omega)            -84   170   174   352   354     0     0     -0.430      0.392     -0.132      0.990      0.790
   209        213  (rho+)             -84   170   174   283   284     0     0      0.153      0.607      0.456      0.997      0.627
   210        223  (omega)            -84   170   174   355   357     0     0      0.034      0.552      0.544      1.089      0.764
   211       -213  (rho-)             -84   170   174   285   286     0     0     -1.151      1.982      0.741      2.502      0.673
   212        111  (pi0)              -84   170   174   358   359     0     0     -0.756      2.230      1.489      2.790      0.135
   213        111  (pi0)              -84   170   174   360   361     0     0     -0.269      1.980      1.473      2.486      0.135
   214        523  (B*+)              -84   170   174   362   363     0     0    -10.095     30.697     24.187     40.714      5.325
   215        311  (K0)               -91    81     0   287   287     0     0     -0.192     -0.241     -7.912      7.933      0.498
   216        211  pi+                 91    81     0     0     0     0     0     -0.529     -0.416     -8.230      8.259      0.140
   217       -311  (Kbar0)            -91    90     0   288   288     0     0      0.229      0.542     -0.331      0.839      0.498
   218       -211  pi-                 91    90     0     0     0     0     0      0.087      1.357     -0.385      1.420      0.140
   219       2112  n0                  91    94     0     0     0     0     0     -0.330      0.550      1.179      1.639      0.940
   220        211  pi+                 91    94     0     0     0     0     0     -0.005      0.063      2.728      2.732      0.140
   221        310  K_S0                91    95    95     0     0     0     0      0.065     -0.161      0.829      0.982      0.498
   222      -3122  (Lambdabar0)       -91    96     0   364   365     0     0      0.244      0.003      2.385      2.644      1.116
   223       -211  pi-                 91    96     0     0     0     0     0     -0.076     -0.203      0.560      0.617      0.140
   224        211  pi+                 91    97     0     0     0     0     0      0.166      0.072      2.472      2.483      0.140
   225        111  (pi0)              -91    97     0   366   367     0     0     -0.332      0.591      5.955      5.995      0.135
   226      -2112  nbar0               91   100     0     0     0     0     0     -0.229     -0.059     68.232     68.239      0.940
   227        211  pi+                 91   100     0     0     0     0     0     -0.190      0.238     22.830     22.832      0.140
   228        311  (K0)               -91   105     0   289   289     0     0     -0.008     -0.236    -29.933     29.938      0.498
   229        211  pi+                 91   105     0     0     0     0     0      0.411      0.014    -31.671     31.674      0.140
   230       -321  K-                  91   106     0     0     0     0     0      0.524     -0.473    -52.594     52.601      0.494
   231        111  (pi0)              -91   106     0   368   369     0     0      0.218     -0.094     -5.533      5.540      0.135
   232        130  K_L0                91   110   110     0     0     0     0     -0.563      0.123     -4.303      4.370      0.498
   233       -211  pi-                 91   111     0     0     0     0     0     -0.134      0.032     -0.019      0.197      0.140
   234        111  (pi0)              -91   111     0   370   371     0     0      0.367      0.019     -0.593      0.711      0.135
   235        211  pi+                 91   114     0     0     0     0     0      0.104      0.036      4.295      4.299      0.140
   236       -211  pi-                 91   114     0     0     0     0     0     -0.188     -0.276      1.098      1.157      0.140
   237        311  (K0)               -91   115     0   290   290     0     0      0.195      0.079      4.083      4.118      0.498
   238        111  (pi0)              -91   115     0   372   373     0     0      0.059     -0.251      4.877      4.885      0.135
   239       2212  p+                  91   120     0     0     0     0     0     -0.231     -0.235    698.942    698.943      0.938
   240        211  pi+                 91   120     0     0     0     0     0      0.021      0.188    255.658    255.658      0.140
   241        211  pi+                 91   128     0     0     0     0     0      0.173     -0.145     -2.155      2.172      0.140
   242       -211  pi-                 91   128     0     0     0     0     0      0.470      0.757    -33.039     33.052      0.140
   243        310  K_S0                91   129   129     0     0     0     0      0.307      0.124     -4.678      4.716      0.498
   244        130  K_L0                91   130   130     0     0     0     0      0.282      0.075     -2.925      2.982      0.498
   245        211  pi+                 91   131     0     0     0     0     0      0.152      0.282     -1.673      1.710      0.140
   246       -211  pi-                 91   131     0     0     0     0     0     -0.016      0.301     -9.060      9.066      0.140
   247       -211  pi-                 91   134     0     0     0     0     0      0.069      0.221      0.212      0.344      0.140
   248        111  (pi0)              -91   134     0   374   375     0     0      2.004      4.540      5.613      7.494      0.135
   249        211  pi+                 91   135     0     0     0     0     0      2.522      6.887      9.299     11.845      0.140
   250       -211  pi-                 91   135     0     0     0     0     0      2.363      5.368      5.724      8.196      0.140
   251       -211  pi-                 91   138     0     0     0     0     0     -0.300      1.108      1.196      1.663      0.140
   252        111  (pi0)              -91   138     0   376   377     0     0      0.370      0.553      1.093      1.287      0.135
   253       -211  pi-                 91   145     0     0     0     0     0      3.571     -4.944     -8.060     10.109      0.140
   254        111  (pi0)              -91   145     0   378   379     0     0     10.492    -15.119    -22.410     28.998      0.135
   255        211  pi+                 91   146     0     0     0     0     0      3.079     -4.963     -6.705      8.893      0.140
   256        111  (pi0)              -91   146     0   380   381     0     0      9.811    -14.039    -20.627     26.811      0.135
   257        211  pi+                 91   148     0     0     0     0     0      4.635     -6.756     -9.540     12.576      0.140
   258        111  (pi0)              -91   148     0   382   383     0     0      1.227     -2.652     -3.864      4.846      0.135
   259        211  pi+                 91   155     0     0     0     0     0      5.342     -4.408     -7.269     10.041      0.140
   260       -211  pi-                 91   155     0     0     0     0     0      0.134     -0.044     -0.447      0.489      0.140
   261        211  pi+                 91   156     0     0     0     0     0      0.034      0.017     -0.185      0.235      0.140
   262       -211  pi-                 91   156     0     0     0     0     0      1.442     -0.987     -3.606      4.009      0.140
   263        311  (K0)               -91   158     0   291   291     0     0      0.577      0.128     -9.072      9.105      0.498
   264        211  pi+                 91   158     0     0     0     0     0     -0.186     -0.007     -5.965      5.970      0.140
   265        310  (K_S0)             -91   159   159   384   385     0     0     -0.160     -0.055    -14.812     14.822      0.498
   266        211  pi+                 91   166     0     0     0     0     0      0.047     -0.194   -287.777    287.777      0.140
   267       -211  pi-                 91   166     0     0     0     0     0      0.440     -0.051   -106.144    106.145      0.140
   268        130  K_L0                91   176   176     0     0     0     0     -0.259      0.089    492.220    492.220      0.498
   269        130  K_L0                91   182   182     0     0     0     0      0.094     -0.326      0.402      0.724      0.498
   270        311  (K0)               -91   185     0   292   292     0     0     -0.223      0.387     -1.095      1.283      0.498
   271        111  (pi0)              -91   185     0   386   387     0     0     -0.057      0.278     -1.884      1.911      0.135
   272        130  K_L0                91   186   186     0     0     0     0      0.312     -0.388     -0.924      1.162      0.498
   273        311  (K0)               -91   191     0   293   293     0     0      1.066     -0.425    -30.607     30.632      0.498
   274        211  pi+                 91   191     0     0     0     0     0      1.967     -0.897    -38.944     39.004      0.140
   275        310  K_S0                91   192   192     0     0     0     0      0.432     -0.269    -14.331     14.348      0.498
   276        211  pi+                 91   197     0     0     0     0     0      0.501      0.191     -5.710      5.737      0.140
   277        111  (pi0)              -91   197     0   388   389     0     0     -0.222      0.018     -0.959      0.994      0.135
   278        211  pi+                 91   200     0     0     0     0     0     -4.917      6.465    -32.264     33.271      0.140
   279       -211  pi-                 91   200     0     0     0     0     0     -4.220      5.965    -31.753     32.583      0.140
   280        321  K+                  91   201     0     0     0     0     0     -4.069      6.755    -34.868     35.752      0.494
   281       -211  pi-                 91   201     0     0     0     0     0     -1.592      2.027    -12.028     12.302      0.140
   282        310  (K_S0)             -91   204   204   390   391     0     0     -0.379      0.780     -4.100      4.220      0.498
   283        211  pi+                 91   209     0     0     0     0     0      0.318      0.145      0.169      0.413      0.140
   284        111  (pi0)              -91   209     0   392   393     0     0     -0.165      0.461      0.288      0.584      0.135
   285       -211  pi-                 91   211     0     0     0     0     0     -1.153      1.891      0.738      2.339      0.140
   286        111  (pi0)              -91   211     0   394   395     0     0      0.001      0.091      0.003      0.163      0.135
   287        310  (K_S0)             -91   215   215   396   397     0     0     -0.192     -0.241     -7.912      7.933      0.498
   288        310  (K_S0)             -91   217   217   398   399     0     0      0.229      0.542     -0.331      0.839      0.498
   289        130  K_L0                91   228   228     0     0     0     0     -0.008     -0.236    -29.933     29.938      0.498
   290        310  K_S0                91   237   237     0     0     0     0      0.195      0.079      4.083      4.118      0.498
   291        310  K_S0                91   263   263     0     0     0     0      0.577      0.128     -9.072      9.105      0.498
   292        310  (K_S0)             -91   270   270   400   401     0     0     -0.223      0.387     -1.095      1.283      0.498
   293        310  (K_S0)             -91   273   273   402   403     0     0      1.066     -0.425    -30.607     30.632      0.498
   294        111  (pi0)              -91    79     0   404   405     0     0     -0.456     -0.243     -0.470      0.712      0.135
   295        111  (pi0)              -91    79     0   406   407     0     0     -0.476     -0.198     -0.698      0.878      0.135
   296        111  (pi0)              -91    79     0   408   409     0     0     -0.170      0.006     -0.140      0.258      0.135
   297       -521  (B-)               -91    88     0   410   414     0     0     11.660     53.479    -35.034     65.201      5.279
   298         22  gamma               91    88     0     0     0     0     0      0.110      0.590     -0.335      0.687      0.000
   299        211  pi+                 91    91     0     0     0     0     0     -0.095      0.327     -0.302      0.476      0.140
   300       -211  pi-                 91    91     0     0     0     0     0      0.347      0.893     -0.226      0.995      0.140
   301        111  (pi0)              -91    91     0   415   416     0     0      0.002      0.528     -0.389      0.670      0.135
   302        211  pi+                 91   107     0     0     0     0     0     -0.103     -0.080     -2.553      2.560      0.140
   303       -211  pi-                 91   107     0     0     0     0     0     -0.122      0.098     -1.673      1.686      0.140
   304        221  (eta)              -91   107     0   417   419     0     0      0.025      0.228     -6.782      6.808      0.548
   305        211  pi+                 91   112     0     0     0     0     0      0.180     -0.182      3.856      3.867      0.140
   306       -211  pi-                 91   112     0     0     0     0     0     -0.192     -0.138      1.610      1.634      0.140
   307        111  (pi0)              -91   112     0   420   421     0     0     -0.029      0.051      0.425      0.450      0.135
   308        130  K_L0                91   116     0     0     0     0     0     -0.255      0.247      7.996      8.019      0.498
   309        310  K_S0                91   116     0     0     0     0     0     -0.046      0.164      7.368      7.387      0.498
   310         22  gamma               91   137     0     0     0     0     0      1.501      4.083      4.864      6.526      0.000
   311         22  gamma               91   137     0     0     0     0     0      4.907     11.912     15.637     20.260      0.000
   312         22  gamma               91   140     0     0     0     0     0      0.003      0.127     -0.289      0.316      0.000
   313         22  gamma               91   140     0     0     0     0     0     -0.082     -0.504     -0.440      0.674      0.000
   314         22  gamma               91   143     0     0     0     0     0      0.042     -0.158     -0.420      0.451      0.000
   315         22  gamma               91   143     0     0     0     0     0      0.083     -0.205     -0.256      0.338      0.000
   316         22  gamma               91   144     0     0     0     0     0      3.374     -4.850     -7.156      9.280      0.000
   317         22  gamma               91   144     0     0     0     0     0      2.768     -4.726     -7.129      8.990      0.000
   318         22  gamma               91   151     0     0     0     0     0      5.488     -4.919     -8.852     11.518      0.000
   319         22  gamma               91   151     0     0     0     0     0      4.283     -3.826     -6.715      8.836      0.000
   320         22  gamma               91   153     0     0     0     0     0      1.388     -1.217     -2.084      2.784      0.000
   321         22  gamma               91   153     0     0     0     0     0     11.105     -9.309    -16.060     21.631      0.000
   322         22  gamma               91   157     0     0     0     0     0      0.016     -0.167     -0.696      0.716      0.000
   323         22  gamma               91   157     0     0     0     0     0      0.010     -0.354     -0.830      0.902      0.000
   324         22  gamma               91   162     0     0     0     0     0     -0.125     -0.202     -5.996      6.001      0.000
   325         22  gamma               91   162     0     0     0     0     0      0.446     -0.069    -13.305     13.312      0.000
   326         22  gamma               91   164     0     0     0     0     0      0.084      0.057     -1.710      1.713      0.000
   327         22  gamma               91   164     0     0     0     0     0     -0.035      0.027     -2.334      2.334      0.000
   328        211  pi+                 91   165     0     0     0     0     0      0.247      0.080    -22.021     22.023      0.140
   329       -211  pi-                 91   165     0     0     0     0     0      0.058     -0.099    -13.626     13.627      0.140
   330        111  (pi0)              -91   165     0   422   423     0     0     -0.066      0.382    -23.799     23.802      0.135
   331        211  pi+                 91   168     0     0     0     0     0     -0.097     -0.091   -225.693    225.693      0.140
   332       -211  pi-                 91   168     0     0     0     0     0      0.373      0.048   -177.373    177.373      0.140
   333        111  (pi0)              -91   168     0   424   425     0     0      0.124      0.063   -207.328    207.328      0.135
   334        111  (pi0)              -91   181     0   426   427     0     0      0.028      0.153      1.617      1.630      0.135
   335        111  (pi0)              -91   181     0   428   429     0     0     -0.026      0.249      3.394      3.406      0.135
   336        111  (pi0)              -91   181     0   430   431     0     0      0.078      0.126      5.110      5.114      0.135
   337         22  gamma               91   189     0     0     0     0     0      0.470     -0.696     -3.684      3.779      0.000
   338         22  gamma               91   189     0     0     0     0     0      0.238     -0.527     -2.790      2.849      0.000
   339         22  gamma               91   194     0     0     0     0     0      2.309     -0.804    -50.216     50.276      0.000
   340         22  gamma               91   194     0     0     0     0     0      0.520     -0.190    -10.136     10.151      0.000
   341        211  pi+                 91   198     0     0     0     0     0     -0.223      0.466     -2.929      2.978      0.140
   342       -211  pi-                 91   198     0     0     0     0     0     -0.962      1.244     -6.481      6.670      0.140
   343        111  (pi0)              -91   198     0   432   433     0     0     -0.119      0.032     -0.851      0.870      0.135
   344        111  (pi0)              -91   199     0   434   435     0     0     -0.372      0.381     -2.646      2.702      0.135
   345        111  (pi0)              -91   199     0   436   437     0     0     -0.461      0.523     -5.443      5.489      0.135
   346        111  (pi0)              -91   199     0   438   439     0     0     -0.325      0.380     -3.753      3.788      0.135
   347         22  gamma               91   205     0     0     0     0     0     -0.071      0.032     -0.141      0.162      0.000
   348         22  gamma               91   205     0     0     0     0     0     -0.038      0.016     -0.601      0.603      0.000
   349        211  pi+                 91   207     0     0     0     0     0      0.025      0.180     -0.383      0.446      0.140
   350       -211  pi-                 91   207     0     0     0     0     0     -0.112      0.142      0.042      0.232      0.140
   351        111  (pi0)              -91   207     0   440   441     0     0      0.096      0.535     -0.234      0.607      0.135
   352        211  pi+                 91   208     0     0     0     0     0     -0.220      0.408     -0.128      0.501      0.140
   353       -211  pi-                 91   208     0     0     0     0     0     -0.069      0.042      0.160      0.227      0.140
   354        111  (pi0)              -91   208     0   442   443     0     0     -0.141     -0.058     -0.164      0.262      0.135
   355        211  pi+                 91   210     0     0     0     0     0      0.183      0.066      0.342      0.418      0.140
   356       -211  pi-                 91   210     0     0     0     0     0      0.019      0.287      0.008      0.320      0.140
   357        111  (pi0)              -91   210     0   444   445     0     0     -0.168      0.200      0.193      0.352      0.135
   358         22  gamma               91   212     0     0     0     0     0     -0.755      2.154      1.445      2.702      0.000
   359         22  gamma               91   212     0     0     0     0     0     -0.001      0.076      0.044      0.088      0.000
   360         22  gamma               91   213     0     0     0     0     0     -0.128      1.376      1.045      1.733      0.000
   361         22  gamma               91   213     0     0     0     0     0     -0.141      0.604      0.428      0.754      0.000
   362        521  (B+)               -91   214     0   446   447     0     0    -10.037     30.573     24.039     40.511      5.279
   363         22  gamma               91   214     0     0     0     0     0     -0.058      0.124      0.149      0.202      0.000
   364      -2112  nbar0               91   222     0     0     0     0     0      0.179      0.071      2.177      2.379      0.940
   365        111  (pi0)              -91   222     0   448   449     0     0      0.065     -0.069      0.208      0.265      0.135
   366         22  gamma               91   225     0     0     0     0     0     -0.288      0.400      4.467      4.494      0.000
   367         22  gamma               91   225     0     0     0     0     0     -0.044      0.191      1.488      1.500      0.000
   368         22  gamma               91   231     0     0     0     0     0      0.128     -0.084     -4.550      4.553      0.000
   369         22  gamma               91   231     0     0     0     0     0      0.090     -0.010     -0.983      0.987      0.000
   370         22  gamma               91   234     0     0     0     0     0      0.328      0.029     -0.424      0.537      0.000
   371         22  gamma               91   234     0     0     0     0     0      0.039     -0.010     -0.169      0.174      0.000
   372         22  gamma               91   238     0     0     0     0     0      0.101     -0.209      3.843      3.850      0.000
   373         22  gamma               91   238     0     0     0     0     0     -0.041     -0.042      1.033      1.035      0.000
   374         22  gamma               91   248     0     0     0     0     0      1.872      4.226      5.175      6.938      0.000
   375         22  gamma               91   248     0     0     0     0     0      0.132      0.315      0.438      0.556      0.000
   376         22  gamma               91   252     0     0     0     0     0      0.174      0.377      0.687      0.802      0.000
   377         22  gamma               91   252     0     0     0     0     0      0.196      0.177      0.406      0.485      0.000
   378         22  gamma               91   254     0     0     0     0     0      5.117     -7.379    -11.041     14.231      0.000
   379         22  gamma               91   254     0     0     0     0     0      5.376     -7.740    -11.369     14.767      0.000
   380         22  gamma               91   256     0     0     0     0     0      9.666    -13.855    -20.332     26.435      0.000
   381         22  gamma               91   256     0     0     0     0     0      0.145     -0.184     -0.294      0.376      0.000
   382         22  gamma               91   258     0     0     0     0     0      0.653     -1.464     -2.014      2.574      0.000
   383         22  gamma               91   258     0     0     0     0     0      0.574     -1.188     -1.850      2.272      0.000
   384        111  (pi0)              -91   265     0   450   451     0     0     -0.202      0.042    -12.703     12.706      0.135
   385        111  (pi0)              -91   265     0   452   453     0     0      0.041     -0.097     -2.109      2.116      0.135
   386         22  gamma               91   271     0     0     0     0     0     -0.033      0.238     -1.164      1.189      0.000
   387         22  gamma               91   271     0     0     0     0     0     -0.024      0.040     -0.720      0.722      0.000
   388         22  gamma               91   277     0     0     0     0     0     -0.066     -0.055     -0.267      0.280      0.000
   389         22  gamma               91   277     0     0     0     0     0     -0.156      0.074     -0.693      0.714      0.000
   390        211  pi+                 91   282     0     0     0     0     0     -0.393      0.713     -3.102      3.210      0.140
   391       -211  pi-                 91   282     0     0     0     0     0      0.014      0.067     -0.998      1.010      0.140
   392         22  gamma               91   284     0     0     0     0     0     -0.066      0.216      0.210      0.308      0.000
   393         22  gamma               91   284     0     0     0     0     0     -0.099      0.246      0.078      0.276      0.000
   394         22  gamma               91   286     0     0     0     0     0      0.038      0.107     -0.023      0.115      0.000
   395         22  gamma               91   286     0     0     0     0     0     -0.037     -0.015      0.026      0.047      0.000
   396        211  pi+                 91   287     0     0     0     0     0     -0.294     -0.103     -3.669      3.685      0.140
   397       -211  pi-                 91   287     0     0     0     0     0      0.102     -0.138     -4.242      4.248      0.140
   398        211  pi+                 91   288     0     0     0     0     0      0.328      0.398     -0.302      0.613      0.140
   399       -211  pi-                 91   288     0     0     0     0     0     -0.099      0.144     -0.030      0.225      0.140
   400        211  pi+                 91   292     0     0     0     0     0     -0.107      0.425     -0.915      1.024      0.140
   401       -211  pi-                 91   292     0     0     0     0     0     -0.116     -0.039     -0.180      0.259      0.140
   402        211  pi+                 91   293     0     0     0     0     0      0.181     -0.235     -6.688      6.696      0.140
   403       -211  pi-                 91   293     0     0     0     0     0      0.885     -0.190    -23.919     23.936      0.140
   404         22  gamma               91   294     0     0     0     0     0     -0.059      0.008     -0.086      0.105      0.000
   405         22  gamma               91   294     0     0     0     0     0     -0.397     -0.251     -0.384      0.607      0.000
   406         22  gamma               91   295     0     0     0     0     0     -0.306     -0.069     -0.477      0.571      0.000
   407         22  gamma               91   295     0     0     0     0     0     -0.169     -0.129     -0.221      0.307      0.000
   408         22  gamma               91   296     0     0     0     0     0     -0.086      0.047     -0.011      0.099      0.000
   409         22  gamma               91   296     0     0     0     0     0     -0.083     -0.041     -0.129      0.159      0.000
   410        421  (D0)               -91   297     0   454   456     0     0      5.809     23.581    -15.819     29.044      1.865
   411        111  (pi0)              -91   297     0   457   458     0     0      0.085      0.115     -0.155      0.250      0.135
   412       -211  pi-                 91   297     0     0     0     0     0      0.573      1.367     -1.149      1.880      0.140
   413        111  (pi0)              -91   297     0   459   460     0     0      1.381      5.640     -4.074      7.095      0.135
   414        223  (omega)            -91   297     0   461   463     0     0      3.811     22.776    -13.837     26.932      0.782
   415         22  gamma               91   301     0     0     0     0     0     -0.008      0.438     -0.252      0.505      0.000
   416         22  gamma               91   301     0     0     0     0     0      0.010      0.091     -0.138      0.165      0.000
   417        211  pi+                 91   304     0     0     0     0     0      0.040      0.229     -2.417      2.432      0.140
   418       -211  pi-                 91   304     0     0     0     0     0      0.027      0.005     -3.021      3.024      0.140
   419        111  (pi0)              -91   304     0   464   465     0     0     -0.042     -0.006     -1.343      1.351      0.135
   420         22  gamma               91   307     0     0     0     0     0     -0.012      0.078      0.403      0.410      0.000
   421         22  gamma               91   307     0     0     0     0     0     -0.017     -0.028      0.022      0.039      0.000
   422         22  gamma               91   330     0     0     0     0     0     -0.085      0.118     -8.352      8.353      0.000
   423         22  gamma               91   330     0     0     0     0     0      0.020      0.265    -15.447     15.449      0.000
   424         22  gamma               91   333     0     0     0     0     0     -0.018     -0.010    -62.133     62.133      0.000
   425         22  gamma               91   333     0     0     0     0     0      0.142      0.073   -145.195    145.195      0.000
   426         22  gamma               91   334     0     0     0     0     0      0.060      0.029      0.835      0.837      0.000
   427         22  gamma               91   334     0     0     0     0     0     -0.032      0.124      0.782      0.793      0.000
   428         22  gamma               91   335     0     0     0     0     0     -0.081      0.167      2.297      2.304      0.000
   429         22  gamma               91   335     0     0     0     0     0      0.055      0.082      1.097      1.102      0.000
   430         22  gamma               91   336     0     0     0     0     0      0.084      0.134      5.076      5.079      0.000
   431         22  gamma               91   336     0     0     0     0     0     -0.007     -0.007      0.034      0.036      0.000
   432         22  gamma               91   343     0     0     0     0     0     -0.068      0.084     -0.448      0.461      0.000
   433         22  gamma               91   343     0     0     0     0     0     -0.051     -0.052     -0.403      0.410      0.000
   434         22  gamma               91   344     0     0     0     0     0     -0.282      0.195     -1.633      1.669      0.000
   435         22  gamma               91   344     0     0     0     0     0     -0.090      0.186     -1.012      1.033      0.000
   436         22  gamma               91   345     0     0     0     0     0     -0.150      0.090     -1.525      1.535      0.000
   437         22  gamma               91   345     0     0     0     0     0     -0.311      0.434     -3.918      3.954      0.000
   438         22  gamma               91   346     0     0     0     0     0     -0.014     -0.009     -0.228      0.228      0.000
   439         22  gamma               91   346     0     0     0     0     0     -0.311      0.389     -3.525      3.560      0.000
   440         22  gamma               91   351     0     0     0     0     0     -0.027      0.169     -0.044      0.177      0.000
   441         22  gamma               91   351     0     0     0     0     0      0.123      0.366     -0.190      0.430      0.000
   442         22  gamma               91   354     0     0     0     0     0     -0.048     -0.092     -0.072      0.126      0.000
   443         22  gamma               91   354     0     0     0     0     0     -0.093      0.034     -0.093      0.136      0.000
   444         22  gamma               91   357     0     0     0     0     0     -0.184      0.199      0.160      0.314      0.000
   445         22  gamma               91   357     0     0     0     0     0      0.016      0.001      0.034      0.037      0.000
   446      10431  (D*_0s+)           -91   362     0   466   467     0     0     -7.918     23.508     17.125     30.231      2.312
   447       -421  (Dbar0)            -91   362     0   468   470     0     0     -2.118      7.066      6.914     10.281      1.865
   448         22  gamma               91   365     0     0     0     0     0      0.018     -0.080      0.041      0.092      0.000
   449         22  gamma               91   365     0     0     0     0     0      0.046      0.011      0.166      0.173      0.000
   450         22  gamma               91   384     0     0     0     0     0     -0.139      0.091     -8.984      8.986      0.000
   451         22  gamma               91   384     0     0     0     0     0     -0.063     -0.049     -3.719      3.720      0.000
   452         22  gamma               91   385     0     0     0     0     0      0.068     -0.032     -0.514      0.520      0.000
   453         22  gamma               91   385     0     0     0     0     0     -0.026     -0.065     -1.595      1.596      0.000
   454       -321  K-                  91   410     0     0     0     0     0      1.899     10.692     -7.355     13.125      0.494
   455        211  pi+                 91   410     0     0     0     0     0      1.153      3.435     -2.509      4.410      0.140
   456        111  (pi0)              -91   410     0   471   472     0     0      2.757      9.454     -5.955     11.509      0.135
   457         22  gamma               91   411     0     0     0     0     0      0.095      0.138     -0.152      0.226      0.000
   458         22  gamma               91   411     0     0     0     0     0     -0.010     -0.022     -0.003      0.025      0.000
   459         22  gamma               91   413     0     0     0     0     0      1.206      5.056     -3.612      6.329      0.000
   460         22  gamma               91   413     0     0     0     0     0      0.175      0.585     -0.462      0.765      0.000
   461        211  pi+                 91   414     0     0     0     0     0      1.575      9.290     -5.936     11.137      0.140
   462       -211  pi-                 91   414     0     0     0     0     0      0.698      3.527     -2.012      4.123      0.140
   463        111  (pi0)              -91   414     0   473   474     0     0      1.538      9.958     -5.888     11.672      0.135
   464         22  gamma               91   419     0     0     0     0     0      0.039      0.002     -0.835      0.836      0.000
   465         22  gamma               91   419     0     0     0     0     0     -0.081     -0.008     -0.508      0.514      0.000
   466        431  (D_s+)             -91   446     0   475   476     0     0     -5.888     17.945     13.179     23.114      1.968
   467        111  (pi0)              -91   446     0   477   478     0     0     -2.031      5.562      3.945      7.117      0.135
   468         11  e-                  91   447     0     0     0     0     0      0.069      0.806      0.977      1.268      0.001
   469        -12  nu_ebar             91   447     0     0     0     0     0     -0.453      0.475      1.002      1.198      0.000
   470        321  K+                  91   447     0     0     0     0     0     -1.735      5.784      4.935      7.815      0.494
   471         22  gamma               91   456     0     0     0     0     0      0.535      2.010     -1.228      2.415      0.000
   472         22  gamma               91   456     0     0     0     0     0      2.222      7.444     -4.727      9.094      0.000
   473         22  gamma               91   463     0     0     0     0     0      0.262      1.871     -1.052      2.162      0.000
   474         22  gamma               91   463     0     0     0     0     0      1.277      8.088     -4.837      9.510      0.000
   475        333  (phi)              -91   466     0   479   480     0     0     -3.133      8.687      6.087     11.108      1.028
   476        213  (rho+)             -91   466     0   481   482     0     0     -2.754      9.258      7.092     12.006      0.737
   477         22  gamma               91   467     0     0     0     0     0     -1.575      4.432      3.177      5.676      0.000
   478         22  gamma               91   467     0     0     0     0     0     -0.456      1.131      0.768      1.441      0.000
   479        321  K+                  91   475     0     0     0     0     0     -1.759      4.545      3.308      5.911      0.494
   480       -321  K-                  91   475     0     0     0     0     0     -1.374      4.142      2.779      5.197      0.494
   481        211  pi+                 91   476     0     0     0     0     0     -1.614      6.247      4.458      7.844      0.140
   482        111  (pi0)              -91   476     0   483   484     0     0     -1.140      3.011      2.634      4.162      0.135
   483         22  gamma               91   482     0     0     0     0     0     -0.780      1.876      1.662      2.625      0.000
   484         22  gamma               91   482     0     0     0     0     0     -0.360      1.135      0.972      1.537      0.000
                                   Charge sum:  2.000           Momentum sum:      0.000      0.000     -0.000  13000.000  13000.000

 --------  End PYTHIA Event Listing  -----------------------------------------------------------------------------------------------
#--------------------------------------------------------------------------
#                     FastJet release 3.4.0 [fjcore]
#                 M. Cacciari, G.P. Salam and G. Soyez                  
#     A software package for jet finding and analysis at colliders      
#                           http://fastjet.fr                           
#	                                                                      
# Please cite EPJC72(2012)1896 [arXiv:1111.6097] if you use this package
# for scientific work and optionally PLB641(2006)57 [hep-ph/0512210].   
#                                                                       
# FastJet is provided without warranty under the GNU GPL v2 or higher.  
# It uses T. Chan's closest pair algorithm, S. Fortune's Voronoi code
# and 3rd party plugin jet algorithms. See COPYING file for details.
#--------------------------------------------------------------------------
 PYTHIA Warning in SimpleSpaceShower::pT2nextQCD: weight above unity  
 PYTHIA Warning in StringFragmentation::fragmentToJunction: bad convergence junction rest frame  
 PYTHIA Warning in SimpleSpaceShower::pT2nextQCD: small daughter PDF  
 PYTHIA Error in BeamRemnants::setKinematics: kinematics construction failed  
 PYTHIA Error in StringFragmentation::fragment: stuck in joining  
 PYTHIA Error in Pythia::next: hadronLevel failed; try again  

 Pythia::next(): 1000 events have been generated 
 PYTHIA Warning in MultipartonInteractions::pTnext: weight above unity  
 PYTHIA Warning in Pythia::check: energy-momentum not quite conserved  

 Pythia::next(): 2000 events have been generated 

 Pythia::next(): 3000 events have been generated 
 PYTHIA Error in SimpleSpaceShower::pT2nearThreshold: stuck in loop  

 Pythia::next(): 4000 events have been generated 

 Pythia::next(): 5000 events have been generated 
 PYTHIA Warning in TauDecays::decay: maximum decay weight exceeded in tau decay  
 PYTHIA Warning in ColConfig::collect: negative-energy parton encountered  
 PYTHIA Warning in Pythia::check: not quite matched particle energy/momentum/mass  

 Pythia::next(): 6000 events have been generated 

 Pythia::next(): 7000 events have been generated 
 PYTHIA Warning in StringFragmentation::fragmentToJunction: Negative invariant masses in junction rest frame  

 Pythia::next(): 8000 events have been generated 

 Pythia::next(): 9000 events have been generated 

 *-------  PYTHIA Event and Cross Section Statistics  -------------------------------------------------------------*
 |                                                                                                                 |
 | Subprocess                                    Code |            Number of events       |      sigma +- delta    |
 |                                                    |       Tried   Selected   Accepted |     (estimated) (mb)   |
 |                                                    |                                   |                        |
 |-----------------------------------------------------------------------------------------------------------------|
 |                                                    |                                   |                        |
 | Les Houches User Process(es)                  9999 |       10000      10000      10000 |   8.313e-08  0.000e+00 |
 |    ... whereof user classification code     322200 |       10000      10000      10000 |                        | 
 |                                                    |                                   |                        |
 | sum                                                |       10000      10000      10000 |   8.313e-08  0.000e+00 |
 |                                                                                                                 |
 *-------  End PYTHIA Event and Cross Section Statistics ----------------------------------------------------------*

 *-------  PYTHIA Error and Warning Messages Statistics  ----------------------------------------------------------* 
 |                                                                                                                 | 
 |  times   message                                                                                                | 
 |                                                                                                                 | 
 |      5   Error in BeamRemnants::setKinematics: kinematics construction failed                                   | 
 |      1   Error in Pythia::next: hadronLevel failed; try again                                                   | 
 |     17   Error in SimpleSpaceShower::pT2nearThreshold: stuck in loop                                            | 
 |      1   Error in StringFragmentation::fragment: stuck in joining                                               | 
 |      2   Warning in ColConfig::collect: negative-energy parton encountered                                      | 
 |      4   Warning in MultipartonInteractions::pTnext: weight above unity                                         | 
 |      1   Warning in Pythia::check: energy-momentum not quite conserved                                          | 
 |      1   Warning in Pythia::check: not quite matched particle energy/momentum/mass                              | 
 |   1622   Warning in SimpleSpaceShower::pT2nextQCD: small daughter PDF                                           | 
 |   4487   Warning in SimpleSpaceShower::pT2nextQCD: weight above unity                                           | 
 |      1   Warning in StringFragmentation::fragmentToJunction: Negative invariant masses in junction rest frame   | 
 |     38   Warning in StringFragmentation::fragmentToJunction: bad convergence junction rest frame                | 
 |      1   Warning in TauDecays::decay: maximum decay weight exceeded in tau decay                                | 
 |      2   Warning in TimeShower::init: pTmin too low                                                             | 
 |                                                                                                                 | 
 *-------  End PYTHIA Error and Warning Messages Statistics  ------------------------------------------------------* 
Using LHE File: /nfs/dust/cms/user/amoroso/powheg/POWHEG-BOX-V2/ttJ_MiNNLOPS_v1.0_beta1/decay-ll/pwgevents-0114.lhe
less then 10000 events in LHE, using all LHE events
np.shape(P0) = (10000, 3, 9)
np.shape(nJets) = (10000, 2)
np.shape(jets_4vectors) = (10000, 20, 6)
