Configured CUDA from: /cvmfs/sft.cern.ch/lcg/releases/cuda/12.4-4899e/x86_64-el9-gcc11-opt

 *------------------------------------------------------------------------------------* 
 |                                                                                    | 
 |  *------------------------------------------------------------------------------*  | 
 |  |                                                                              |  | 
 |  |                                                                              |  | 
 |  |   PPP   Y   Y  TTTTT  H   H  III    A      Welcome to the Lund Monte Carlo!  |  | 
 |  |   P  P   Y Y     T    H   H   I    A A     This is PYTHIA version 8.309      |  | 
 |  |   PPP     Y      T    HHHHH   I   AAAAA    Last date of change: 16 Feb 2023  |  | 
 |  |   P       Y      T    H   H   I   A   A                                      |  | 
 |  |   P       Y      T    H   H  III  A   A    Now is 03 Sep 2024 at 19:05:22    |  | 
 |  |                                                                              |  | 
 |  |   Program documentation and an archive of historic versions is found on:     |  | 
 |  |                                                                              |  | 
 |  |                               https://pythia.org/                            |  | 
 |  |                                                                              |  | 
 |  |   PYTHIA is authored by a collaboration consisting of:                       |  | 
 |  |                                                                              |  | 
 |  |   Christian Bierlich, Nishita Desai, Leif Gellersen, Ilkka Helenius, Philip  |  | 
 |  |   Ilten, Leif Lonnblad, Stephen Mrenna, Stefan Prestel, Christian Preuss,    |  | 
 |  |   Torbjorn Sjostrand, Peter Skands, Marius Utheim and Rob Verheyen.          |  | 
 |  |                                                                              |  | 
 |  |   The complete list of authors, including contact information and            |  | 
 |  |   affiliations, can be found on https://pythia.org/.                         |  | 
 |  |   Problems or bugs should be reported on email at authors@pythia.org.        |  | 
 |  |                                                                              |  | 
 |  |   The main program reference is C. Bierlich et al,                           |  | 
 |  |   'A comprehensive guide to the physics and usage of Pythia 8.3',            |  | 
 |  |   SciPost Phys. Codebases 8-r8.3 (2022) [arXiv:2203.11601 [hep-ph]]          |  | 
 |  |                                                                              |  | 
 |  |   PYTHIA is released under the GNU General Public Licence version 2 or later.|  | 
 |  |   Please respect the MCnet Guidelines for Event Generator Authors and Users. |  | 
 |  |                                                                              |  | 
 |  |   Disclaimer: this program comes without any guarantees.                     |  | 
 |  |   Beware of errors and use common sense when interpreting results.           |  | 
 |  |                                                                              |  | 
 |  |   Copyright (C) 2023 Torbjorn Sjostrand                                      |  | 
 |  |                                                                              |  | 
 |  |                                                                              |  | 
 |  *------------------------------------------------------------------------------*  | 
 |                                                                                    | 
 *------------------------------------------------------------------------------------* 


 *-------  PYTHIA Process Initialization  --------------------------*
 |                                                                  |
 | We collide p+ with p+ at a CM energy of 1.300e+04 GeV            |
 |                                                                  |
 |------------------------------------------------------------------|
 |                                                    |             |
 | Subprocess                                    Code |   Estimated |
 |                                                    |    max (mb) |
 |                                                    |             |
 |------------------------------------------------------------------|
 |                                                    |             |
 | Les Houches User Process(es)                  9999 |   1.000e-09 |
 |                                                                  |
 *-------  End PYTHIA Process Initialization -----------------------*
 PYTHIA Warning in TimeShower::init: pTmin too low , raised to 0.611

 *-------  PYTHIA Multiparton Interactions Initialization  ---------* 
 |                                                                  | 
 |                   sigmaNonDiffractive =    55.51 mb              | 
 |                                                                  | 
 |    pT0 =  1.44 gives sigmaInteraction =   398.07 mb: accepted    | 
 |                                                                  | 
 *-------  End PYTHIA Multiparton Interactions Initialization  -----* 

 *-------  PYTHIA Flag + Mode + Parm + Word + FVec + MVec + PVec + WVec Settings (changes only)  ------------------* 
 |                                                                                                                 | 
 | Name                                          |                      Now |      Default         Min         Max | 
 |                                               |                          |                                      | 
 | Beams:frameType                               |                        4 |            1           1           5 | 
 | Beams:LHEF                                    | /nfs/dust/cms/user/amoroso/powheg/POWHEG-BOX-V2/ttJ_MiNNLOPS_v1.0_beta1/decay-ll/pwgevents-0591.lhe |         void | 
 | ColourReconnection:range                      |                  5.17600 |      1.80000         0.0    10.00000 | 
 | Main:timesAllowErrors                         |                      500 |           10           0             | 
 | MultipartonInteractions:alphaSorder           |                        2 |            1           0           3 | 
 | MultipartonInteractions:alphaSvalue           |                  0.11800 |      0.13000   0.0600000     0.25000 | 
 | MultipartonInteractions:bProfile              |                        2 |            3           0           4 | 
 | MultipartonInteractions:coreFraction          |                  0.63000 |      0.50000         0.0     1.00000 | 
 | MultipartonInteractions:coreRadius            |                  0.76340 |      0.40000     0.10000     1.00000 | 
 | MultipartonInteractions:ecmPow                |                0.0334400 |      0.21500         0.0     0.50000 | 
 | MultipartonInteractions:pT0Ref                |                  1.41000 |      2.28000     0.50000    10.00000 | 
 | ParticleDecays:limitTau                       |                       on |          off                         | 
 | PartonLevel:FSR                               |                      off |           on                         | 
 | PDF:pSet                                      |                       20 |           13                         | 
 | Random:seed                                   |                      591 |           -1               900000000 | 
 | Random:setSeed                                |                       on |          off                         | 
 | SigmaProcess:alphaSorder                      |                        2 |            1           0           3 | 
 | SigmaProcess:alphaSvalue                      |                  0.11800 |      0.13000   0.0600000     0.25000 | 
 | SigmaTotal:mode                               |                        0 |            1           0           4 | 
 | SigmaTotal:sigmaEl                            |                 21.89000 |     25.00000         0.0             | 
 | SigmaTotal:sigmaTot                           |                100.30900 |    100.00000         0.0             | 
 | SigmaTotal:zeroAXB                            |                      off |           on                         | 
 | SpaceShower:alphaSorder                       |                        2 |            1           0           3 | 
 | SpaceShower:alphaSvalue                       |                  0.11800 |      0.13650   0.0600000     0.25000 | 
 | SpaceShower:dipoleRecoil                      |                       on |          off                         | 
 | SpaceShower:pTmaxMatch                        |                        1 |            0           0           2 | 
 | TimeShower:alphaSorder                        |                        2 |            1           0           3 | 
 | TimeShower:alphaSvalue                        |                  0.11800 |      0.13650   0.0600000     0.25000 | 
 |                                                                                                                 | 
 *-------  End PYTHIA Flag + Mode + Parm + Word + FVec + MVec + PVec + WVec Settings  -----------------------------* 

 --------  PYTHIA Particle Data Table (changed only)  ------------------------------------------------------------------------------
 
      id   name            antiName         spn chg col      m0        mWidth      mMin       mMax       tau0    res dec ext vis wid
             no onMode   bRatio   meMode     products 

       6  t                tbar               2   2   1  173.00000    1.36916   86.00000    0.00000  1.44122e-13   1   1   0   1   0
              0     1   0.0000664    0       24        1 
              1     1   0.0017361    0       24        3 
              2     1   0.9981975    0       24        5 
              3     1   0.0000000    0       37        5 

 --------  End PYTHIA Particle Data Table  -----------------------------------------------------------------------------------------


 --------  LHA event information and listing  ---------------------------------------------------------------------- 

    process =   322200    weight =   1.0325e+02     scale =   1.1506e+01 (GeV) 
                        alpha_em =  -1.0000e+00    alpha_strong =   1.8885e-01

    Participating Particles 
    no        id stat     mothers     colours      p_x        p_y        p_z         e          m        tau    spin 
     1        21   -1     0     0   511   515      0.000      0.000    484.371    484.371      0.000   0.000   9.000
     2        21   -1     0     0   512   513      0.000      0.000   -197.461    197.461      0.000   0.000   9.000
     3         6    2     1     2   511     0     34.388     54.873     24.242    185.773    172.425   0.000   9.000
     4        -6    2     1     2     0   514    -31.203    -29.986    283.564    333.249    169.628   0.000   9.000
     5        21    1     1     2   514   513    -12.029    -17.527    -90.142     92.615      0.000   0.000   9.000
     6        21    1     1     2   512   515      8.844     -7.361     69.246     70.195      0.000   0.000   9.000
     7         5    1     3     3   511     0     47.981    -36.647     15.072     62.422      4.920   0.000  -1.000
     8        24    2     3     3     0     0    -13.593     91.520      9.170    123.351     81.059   0.000   9.000
     9        -5    1     4     4     0   514    -38.437     32.185     26.528     56.932      4.920   0.000   1.000
    10       -24    2     4     4     0     0      7.234    -62.171    257.036    276.318     79.788   0.000   9.000
    11       -15    1     8     8     0     0    -47.196     42.253      5.096     63.576      1.777   0.000   1.000
    12        16    1     8     8     0     0     33.603     49.268      4.074     59.775      0.000   0.000  -1.000
    13        11    1    10    10     0     0    -13.107    -12.400    187.756    188.621      0.001   0.000  -1.000
    14       -12    1    10    10     0     0     20.341    -49.771     69.280     87.696      0.000   0.000   1.000

 --------  End LHA event information and listing  ------------------------------------------------------------------ 

 --------  PYTHIA Info Listing  ---------------------------------------- 
 
 Beam A: id =   2212, pz =  6.500e+03, e =  6.500e+03, m =  9.383e-01.
 Beam B: id =   2212, pz = -6.500e+03, e =  6.500e+03, m =  9.383e-01.

 In 1: id =   21, x =  7.452e-02, pdf =  0.000e+00 at Q2 =  1.324e+02.
 In 2: id =   21, x =  3.038e-02, pdf =  0.000e+00 at same Q2.

 Process Les Houches User Process(es) with code 9999 is 2 -> 4.
 Subprocess user process 322200 with code 322200 is 2 -> 4.
     alphaEM =  7.638e-03,  alphaS =  1.889e-01    at Q2 =  1.324e+02.

 Impact parameter b =  7.072e-01 gives enhancement factor =  1.549e+00.
 Max pT scale for MPI =  1.300e+04, ISR =  1.151e+01, FSR =  1.151e+01.
 Number of MPI =     6, ISR =     5, FSRproc =     0, FSRreson =     0.

 --------  End PYTHIA Info Listing  ------------------------------------

 --------  PYTHIA Event Listing  (hard process)  -----------------------------------------------------------------------------------
 
    no         id  name            status     mothers   daughters     colours      p_x        p_y        p_z         e          m 
     0         90  (system)           -11     0     0     0     0     0     0      0.000      0.000      0.000  13000.000  13000.000
     1       2212  (p+)               -12     0     0     3     0     0     0      0.000      0.000   6500.000   6500.000      0.938
     2       2212  (p+)               -12     0     0     4     0     0     0      0.000      0.000  -6500.000   6500.000      0.938
     3         21  (g)                -21     1     0     5     8   511   515      0.000      0.000    484.371    484.371      0.000
     4         21  (g)                -21     2     0     5     8   512   513      0.000      0.000   -197.461    197.461      0.000
     5          6  (t)                -22     3     4     9    10   511     0     34.388     54.873     24.242    185.773    172.425
     6         -6  (tbar)             -22     3     4    11    12     0   514    -31.203    -29.986    283.564    333.249    169.628
     7         21  g                   23     3     4     0     0   514   513    -12.029    -17.527    -90.142     92.615      0.000
     8         21  g                   23     3     4     0     0   512   515      8.844     -7.361     69.246     70.195      0.000
     9          5  b                   23     5     0     0     0   511     0     47.981    -36.647     15.072     62.422      4.920
    10         24  (W+)               -22     5     0    13    14     0     0    -13.593     91.520      9.170    123.351     81.059
    11         -5  bbar                23     6     0     0     0     0   514    -38.437     32.185     26.528     56.932      4.920
    12        -24  (W-)               -22     6     0    15    16     0     0      7.234    -62.171    257.036    276.318     79.788
    13        -15  tau+                23    10     0     0     0     0     0    -47.196     42.253      5.096     63.576      1.777
    14         16  nu_tau              23    10     0     0     0     0     0     33.603     49.268      4.074     59.775      0.000
    15         11  e-                  23    12     0     0     0     0     0    -13.107    -12.400    187.756    188.621      0.001
    16        -12  nu_ebar             23    12     0     0     0     0     0     20.341    -49.771     69.280     87.696      0.000
                                   Charge sum:  0.000           Momentum sum:     -0.000     -0.000    286.910    681.833    618.529

 --------  End PYTHIA Event Listing  -----------------------------------------------------------------------------------------------

 --------  PYTHIA Event Listing  (complete event)  ---------------------------------------------------------------------------------
 
    no         id  name            status     mothers   daughters     colours      p_x        p_y        p_z         e          m 
     0         90  (system)           -11     0     0     0     0     0     0      0.000      0.000      0.000  13000.000  13000.000
     1       2212  (p+)               -12     0     0    60     0     0     0      0.000      0.000   6500.000   6500.000      0.938
     2       2212  (p+)               -12     0     0    61     0     0     0      0.000      0.000  -6500.000   6500.000      0.938
     3         21  (g)                -21    13     0     5     8   511   515      0.000      0.000    484.371    484.371      0.000
     4         21  (g)                -21    14    14     5     8   512   513      0.000      0.000   -197.461    197.461      0.000
     5          6  (t)                -22     3     4    15    15   511     0     34.388     54.873     24.242    185.773    172.425
     6         -6  (tbar)             -22     3     4    16    16     0   514    -31.203    -29.986    283.564    333.249    169.628
     7         21  (g)                -23     3     4    17    17   514   513    -12.029    -17.527    -90.142     92.615      0.000
     8         21  (g)                -23     3     4    18    18   512   515      8.844     -7.361     69.246     70.195      0.000
     9         21  (g)                -31    20     0    11    12   516   517      0.000      0.000      1.593      1.593      0.000
    10         21  (g)                -31    21    21    11    12   518   516      0.000      0.000   -135.742    135.742      0.000
    11         21  (g)                -33     9    10    22    22   518   519     -8.475     -2.322   -122.135    122.450      0.000
    12         21  (g)                -33     9    10    23    23   519   517      8.475      2.322    -12.015     14.885      0.000
    13         21  (g)                -41    25    25    19     3   511   520      0.000      0.000    518.380    518.380      0.000
    14         21  (g)                -42    26     0     4     4   512   513      0.000      0.000   -197.461    197.461      0.000
    15          6  (t)                -44     5     5    27    27   511     0     40.877     53.655     26.123    186.983    172.425
    16         -6  (tbar)             -44     6     6    28    28     0   514    -31.203    -29.986    283.564    333.249    169.628
    17         21  (g)                -44     7     7    29    29   514   513    -12.029    -17.527    -90.142     92.615      0.000
    18         21  (g)                -44     8     8    30    30   512   515      8.844     -7.361     69.246     70.195      0.000
    19         21  (g)                -43    13     0    31    31   515   520     -6.489      1.218     32.128     32.799      0.000
    20         21  (g)                -41    37    37    24     9   521   517      0.000      0.000     55.981     55.981      0.000
    21         21  (g)                -42    38     0    10    10   518   516      0.000      0.000   -135.742    135.742      0.000
    22         21  (g)                -44    11    11    39    39   518   519     -8.475     -2.322   -122.135    122.450      0.000
    23         21  (g)                -44    12    12    40    40   519   517      8.401     -1.426    -12.029     14.742      0.000
    24         21  (g)                -43    20     0    41    41   521   516      0.074      3.748     54.402     54.531      0.000
    25         21  (g)                -42    60    60    13    13   511   520      0.000      0.000    518.380    518.380      0.000
    26          1  (d)                -41    61    61    32    14   512     0     -0.000     -0.000  -1267.386   1267.386      0.000
    27          6  (t)                -44    15    15    62    62   511     0     40.877     53.655     26.123    186.983    172.425
    28         -6  (tbar)             -44    16    16    63    63     0   514    -31.203    -29.986    283.564    333.249    169.628
    29         21  (g)                -44    17    17    64    64   514   513    -14.508    -15.939    -92.861     95.330      0.000
    30         21  (g)                -44    18    18    65    65   512   515      8.844     -7.361     69.246     70.195      0.000
    31         21  (g)                -44    19    19    66    66   515   520     -6.489      1.218     32.128     32.799      0.000
    32          1  (d)                -43    26     0    67    67   513     0      2.479     -1.587  -1067.206   1067.210      0.330
    33         21  (g)                -31    47    47    35    36   523   522      0.000      0.000     32.418     32.418      0.000
    34         21  (g)                -31    48     0    35    36   522   524      0.000      0.000     -9.216      9.216      0.000
    35         21  (g)                -33    33    34    49    49   525   524     -1.393      0.087     -9.148      9.254      0.000
    36         21  (g)                -33    33    34    50    50   523   525      1.393     -0.087     32.350     32.380      0.000
    37         21  (g)                -42    68    68    20    20   521   517      0.000      0.000     55.981     55.981      0.000
    38         21  (g)                -41    69    69    42    21   518   526     -0.000     -0.000   -135.791    135.791      0.000
    39         21  (g)                -44    22    22    70    70   518   519     -8.475     -2.322   -122.135    122.450      0.000
    40         21  (g)                -44    23    23    71    71   519   517      8.401     -1.426    -12.029     14.742      0.000
    41         21  (g)                -44    24    24    72    72   521   516     -0.724      3.022     49.914     50.011      0.000
    42         21  (g)                -43    38     0    73    73   516   526      0.798      0.726      4.440      4.569      0.000
    43         21  (g)                -31    79    79    45    46   527   528      0.000      0.000    185.483    185.483      0.000
    44         -1  (dbar)             -31    80    80    45    46     0   527      0.000      0.000     -0.009      0.009      0.000
    45         21  (g)                -33    43    44    81    81   529   528     -0.175      0.833    158.652    158.655      0.000
    46         -1  (dbar)             -33    43    44    82    82     0   529      0.175     -0.833     26.822     26.837      0.330
    47         21  (g)                -42    74    74    33    33   523   522      0.000      0.000     32.418     32.418      0.000
    48         21  (g)                -41    75    75    51    34   530   524     -0.000      0.000    -34.116     34.116      0.000
    49         21  (g)                -44    35    35    76    76   525   524     -1.905      0.375    -20.113     20.207      0.000
    50         21  (g)                -44    36    36    77    77   523   525      1.393     -0.087     32.350     32.380      0.000
    51         21  (g)                -43    48     0    78    78   530   522      0.512     -0.288    -13.935     13.947      0.000
    52         21  (g)                -31    83    83    54    55   531   532      0.000      0.000    113.468    113.468      0.000
    53         21  (g)                -31    84    84    54    55   533   534      0.000      0.000     -0.006      0.006      0.000
    54         21  (g)                -33    52    53    85    85   531   534      0.238      0.649     87.720     87.723      0.000
    55         21  (g)                -33    52    53    86    86   533   532     -0.238     -0.649     25.742     25.751      0.000
    56         21  (g)                -31    87    87    58    59   536   535      0.000      0.000      2.155      2.155      0.000
    57         21  (g)                -31    88    88    58    59   535   537      0.000      0.000     -6.775      6.775      0.000
    58         21  (g)                -33    56    57    89    89   538   537     -0.264     -0.479     -6.729      6.752      0.000
    59         21  (g)                -33    56    57    90    90   536   538      0.264      0.479      2.109      2.178      0.000
    60         21  (g)                -61     1     0    25    25   511   520     -1.649     -0.013    518.379    518.381      0.000
    61          1  (d)                -61     2     0    26    26   512     0      0.551     -0.246  -1267.385   1267.385      0.000
    62          6  (t)                -62    27    27    97    98   511     0     40.573     53.637     26.192    186.921    172.425
    63         -6  (tbar)             -62    28    28    99   100     0   514    -32.173    -29.998    283.509    333.296    169.628
    64         21  (g)                -62    29    29   123   123   514   513    -14.471    -15.958    -92.886     95.351      0.000
    65         21  (g)                -62    30    30   189   189   512   515      8.622     -7.362     69.262     70.184      0.000
    66         21  (g)                -62    31    31   188   188   515   520     -6.592      1.217     32.116     32.808      0.000
    67          1  (d)                -62    32    32   122   122   513     0      2.943     -1.795  -1067.200   1067.206      0.330
    68         21  (g)                -61     1     0    37    37   520   517      1.572      1.601     55.953     55.998      0.000
    69         21  (g)                -61     2     0    38    38   518   526      0.760     -2.272   -135.771    135.792      0.000
    70         21  (g)                -62    39    39   150   150   518   525     -7.787     -4.362   -121.969    122.295      0.000
    71         21  (g)                -62    40    40   147   147   519   536      8.515     -1.612    -12.090     14.875      0.000
    72         21  (g)                -62    41    41   187   187   520   516      0.680      4.449     49.829     50.032      0.000
    73         21  (g)                -62    42    42   186   186   516   530      0.924      0.853      4.412      4.588      0.000
    74         21  (g)                -61     1     0    47    47   524   524     -0.681      0.968     32.403     32.425      0.000
    75         21  (g)                -61     2     0    48    48   522   522      0.326     -0.740    -34.102     34.111      0.000
    76         21  (g)                -62    49    49   149   149   525   538     -1.713     -0.061    -20.143     20.216      0.000
    77         21  (g)                -62    50    50   142   142   523   517      0.713      0.879     32.359     32.379      0.000
    78         21  (g)                -62    51    51   185   185   530   526      0.645     -0.591    -13.914     13.941      0.000
    79         21  (g)                -61     1     0    43    43   512   511     -0.062     -0.666    188.262    188.263      0.000
    80         -1  (dbar)             -61     2     0    44    44     0   512     -0.247      0.141      2.360      2.377      0.000
    81         21  (g)                -62    45    45   144   144   529   531     -0.263      0.248    170.875    170.875      0.000
    82         -1  (dbar)             -62    46    46   113   113     0   511     -0.047     -0.773     19.747     19.765      0.330
    83         21  (g)                -61     1     0    52    52   534   534      0.400     -0.270    114.111    114.112      0.000
    84         21  (g)                -61     2     0    53    53   532   532     -0.195      0.003      1.689      1.700      0.000
    85         21  (g)                -62    54    54   143   143   531   523      0.491      0.450     84.945     84.948      0.000
    86         21  (g)                -62    55    55   145   145   533   529     -0.286     -0.717     30.855     30.865      0.000
    87         21  (g)                -61     1     0    56    56   537   537     -0.964     -1.023      1.772      2.262      0.000
    88         21  (g)                -61     2     0    57    57   535   535     -0.612      2.326     -6.555      6.982      0.000
    89         21  (g)                -62    58    58   148   148   538   519     -0.876      1.882     -6.758      7.070      0.000
    90         21  (g)                -62    59    59   146   146   536   533     -0.700     -0.580      1.975      2.174      0.000
    91          2  (u)                -63     1     0   141   141   517     0      1.019     -0.642     89.805     89.813      0.330
    92       2101  (ud_0)             -63     1     0   190   190     0   512      0.365      0.046   5494.734   5494.734      0.579
    93          2  (u)                -63     2     0   184   184   526     0     -0.170      0.393   -600.908    600.908      0.330
    94       2101  (ud_0)             -63     2     0   106   106     0   542      0.278     -0.466  -3903.050   3903.050      0.579
    95         -1  (dbar)             -63     2     0   151   151     0   518     -0.174      0.419   -510.876    510.877      0.330
    96          1  (d)                -63     2     0   105   105   542     0     -0.517      0.443    -40.821     40.828      0.330
    97          5  (b)                -23    62     0   112   112   511     0     50.086    -37.068     15.736     64.455      4.920
    98         24  (W+)               -22    62     0   101   102     0     0     -9.514     90.705     10.457    122.465     81.059
    99         -5  (bbar)             -23    63     0   124   124     0   514    -38.603     32.183     26.518     57.038      4.920
   100        -24  (W-)               -22    63     0   103   104     0     0      6.430    -62.181    256.991    276.258     79.788
   101        -15  (tau+)             -23    98     0   307   309     0     0    -45.115     41.837      5.752     61.822      1.777
   102         16  nu_tau              23    98     0     0     0     0     0     35.601     48.868      4.705     60.644      0.000
   103         11  e-                  23   100     0     0     0     0     0    -13.656    -12.407    187.725    188.630      0.001
   104        -12  nu_ebar             23   100     0     0     0     0     0     20.086    -49.774     69.266     87.628      0.000
   105          1  (d)                -71    96    96   107   111   542     0     -0.517      0.443    -40.821     40.828      0.330
   106       2101  (ud_0)             -71    94    94   107   111     0   542      0.278     -0.466  -3903.050   3903.050      0.579
   107       -213  (rho-)             -83   105   106   228   229     0     0     -0.184      0.514   -122.217    122.222      0.845
   108        211  pi+                 83   105   106     0     0     0     0     -0.165     -0.378    -60.167     60.169      0.140
   109       -211  pi-                 83   105   106     0     0     0     0     -0.214      0.573   -561.040    561.040      0.140
   110        221  (eta)              -84   105   106   310   312     0     0      0.414     -0.224   -317.274    317.275      0.548
   111       2212  p+                  84   105   106     0     0     0     0     -0.091     -0.508  -2883.173   2883.173      0.938
   112          5  (b)                -71    97    97   114   121   511     0     50.086    -37.068     15.736     64.455      4.920
   113         -1  (dbar)             -71    82    82   114   121     0   511     -0.047     -0.773     19.747     19.765      0.330
   114       -523  (B*-)              -83   112   113   313   314     0     0     47.798    -35.237     15.372     61.571      5.325
   115        211  pi+                 83   112   113     0     0     0     0      0.729     -1.024      0.175      1.276      0.140
   116       -213  (rho-)             -83   112   113   230   231     0     0      0.932     -0.151      0.872      1.545      0.857
   117        111  (pi0)              -83   112   113   315   316     0     0      0.107     -0.515      0.492      0.733      0.135
   118        323  (K*+)              -83   112   113   232   233     0     0      0.339     -0.261      1.308      1.647      0.905
   119       -321  K-                  84   112   113     0     0     0     0      0.079     -0.127      4.322      4.353      0.494
   120        111  (pi0)              -84   112   113   317   318     0     0     -0.270      0.095      0.565      0.648      0.135
   121        213  (rho+)             -84   112   113   234   235     0     0      0.325     -0.621     12.376     12.447      1.130
   122          1  (d)                -71    67    67   125   140   513     0      2.943     -1.795  -1067.200   1067.206      0.330
   123         21  (g)                -71    64    64   125   140   514   513    -14.471    -15.958    -92.886     95.351      0.000
   124         -5  (bbar)             -71    99    99   125   140     0   514    -38.603     32.183     26.518     57.038      4.920
   125        313  (K*0)              -83   122   124   236   237     0     0      1.679     -1.047   -557.607    557.611      0.899
   126        333  (phi)              -83   122   124   319   320     0     0      0.328     -0.028   -206.052    206.055      1.019
   127       -323  (K*-)              -83   122   124   238   239     0     0      0.856     -0.470   -220.133    220.137      0.884
   128        211  pi+                 83   122   124     0     0     0     0     -0.070     -0.539    -61.540     61.542      0.140
   129        223  (omega)            -83   122   124   321   323     0     0      0.091      0.104     -7.386      7.428      0.780
   130        113  (rho0)             -83   122   124   240   241     0     0     -0.113     -0.273     -8.530      8.570      0.766
   131       -211  pi-                 83   122   124     0     0     0     0     -0.835     -0.631    -11.147     11.197      0.140
   132       2224  (Delta++)          -83   122   124   242   243     0     0     -4.549     -4.497    -27.958     28.705      1.188
   133       -213  (rho-)             -83   122   124   244   245     0     0     -6.676     -7.775    -45.686     46.830      0.886
   134      -2112  nbar0               84   122   124     0     0     0     0     -1.470     -1.559     -8.483      8.800      0.940
   135       -213  (rho-)             -84   122   124   246   247     0     0     -0.700     -0.507     -4.699      4.871      0.950
   136        211  pi+                 84   122   124     0     0     0     0     -0.788      0.146     -0.042      0.814      0.140
   137       -213  (rho-)             -84   122   124   248   249     0     0      0.118      0.274     -0.078      0.795      0.733
   138        213  (rho+)             -84   122   124   250   251     0     0     -2.353      1.199      1.407      3.257      1.286
   139       -213  (rho-)             -84   122   124   252   253     0     0     -2.166      2.108      1.886      3.645      0.772
   140        521  (B+)               -84   122   124   324   330     0     0    -33.481     27.925     22.481     49.337      5.279
   141          2  (u)                -71    91    91   152   183   517     0      1.019     -0.642     89.805     89.813      0.330
   142         21  (g)                -71    77    77   152   183   523   517      0.713      0.879     32.359     32.379      0.000
   143         21  (g)                -71    85    85   152   183   531   523      0.491      0.450     84.945     84.948      0.000
   144         21  (g)                -71    81    81   152   183   529   531     -0.263      0.248    170.875    170.875      0.000
   145         21  (g)                -71    86    86   152   183   533   529     -0.286     -0.717     30.855     30.865      0.000
   146         21  (g)                -71    90    90   152   183   536   533     -0.700     -0.580      1.975      2.174      0.000
   147         21  (g)                -71    71    71   152   183   519   536      8.515     -1.612    -12.090     14.875      0.000
   148         21  (g)                -71    89    89   152   183   538   519     -0.876      1.882     -6.758      7.070      0.000
   149         21  (g)                -71    76    76   152   183   525   538     -1.713     -0.061    -20.143     20.216      0.000
   150         21  (g)                -71    70    70   152   183   518   525     -7.787     -4.362   -121.969    122.295      0.000
   151         -1  (dbar)             -71    95    95   152   183     0   518     -0.174      0.419   -510.876    510.877      0.330
   152        323  (K*+)              -83   141   151   254   255     0     0      1.165      0.472     79.206     79.221      0.910
   153       -311  (Kbar0)            -83   141   151   256   256     0     0     -0.048     -0.338     75.889     75.892      0.498
   154        113  (rho0)             -83   141   151   257   258     0     0      0.210     -0.000     80.439     80.448      1.180
   155       -213  (rho-)             -83   141   151   259   260     0     0      0.850     -0.142     92.855     92.863      0.905
   156        111  (pi0)              -83   141   151   331   332     0     0     -0.404      0.479     26.932     26.940      0.135
   157        211  pi+                 83   141   151     0     0     0     0      0.094      0.276     22.316     22.319      0.140
   158        113  (rho0)             -83   141   151   261   262     0     0     -0.289     -0.787     13.931     13.983      0.866
   159       -211  pi-                 83   141   151     0     0     0     0     -0.068      0.394      3.097      3.125      0.140
   160       2224  (Delta++)          -83   141   151   263   264     0     0     -0.281     -0.440      7.035      7.216      1.517
   161      -2224  (Deltabar--)       -83   141   151   265   266     0     0      0.253      0.384      6.534      6.684      1.330
   162        223  (omega)            -83   141   151   333   335     0     0      0.284     -0.578      1.932      2.180      0.777
   163        211  pi+                 83   141   151     0     0     0     0     -0.103     -0.198     -0.545      0.606      0.140
   164       -211  pi-                 83   141   151     0     0     0     0     -0.144     -0.198     -0.010      0.282      0.140
   165        211  pi+                 83   141   151     0     0     0     0      0.370      0.235     -0.083      0.468      0.140
   166        111  (pi0)              -83   141   151   336   337     0     0      0.071     -0.211     -0.044      0.264      0.135
   167       1114  (Delta-)           -83   141   151   267   268     0     0      3.240     -0.771     -4.982      6.113      1.205
   168        211  pi+                 83   141   151     0     0     0     0      3.172     -0.202     -4.552      5.553      0.140
   169      -2212  pbar-               84   141   151     0     0     0     0      0.279     -0.084     -1.193      1.546      0.938
   170        113  (rho0)             -84   141   151   269   270     0     0     -0.168      1.079     -3.481      3.781      0.992
   171        211  pi+                 84   141   151     0     0     0     0      0.515     -0.544     -5.756      5.806      0.140
   172       1114  (Delta-)           -84   141   151   271   272     0     0     -1.690     -0.005    -16.232     16.366      1.223
   173        211  pi+                 84   141   151     0     0     0     0      0.000      0.335     -3.047      3.068      0.140
   174      -2212  pbar-               84   141   151     0     0     0     0     -0.831     -0.386    -11.239     11.315      0.938
   175        211  pi+                 84   141   151     0     0     0     0     -1.182     -0.806    -15.552     15.618      0.140
   176       2112  n0                  84   141   151     0     0     0     0     -1.590     -0.270    -26.568     26.633      0.940
   177      -2212  pbar-               84   141   151     0     0     0     0     -2.099     -0.606    -29.925     30.020      0.938
   178        211  pi+                 84   141   151     0     0     0     0     -0.107     -0.409    -22.603     22.607      0.140
   179       -213  (rho-)             -84   141   151   273   274     0     0     -1.549     -0.483    -29.254     29.314      0.957
   180        213  (rho+)             -84   141   151   275   276     0     0     -0.547     -0.575    -19.793     19.823      0.727
   181        111  (pi0)              -84   141   151   338   339     0     0     -0.045     -0.092     -8.193      8.194      0.135
   182        313  (K*0)              -84   141   151   277   278     0     0     -0.182      0.058   -143.750    143.752      0.762
   183       -311  (Kbar0)            -84   141   151   279   279     0     0     -0.237      0.319   -324.387    324.388      0.498
   184          2  (u)                -71    93    93   191   227   526     0     -0.170      0.393   -600.908    600.908      0.330
   185         21  (g)                -71    78    78   191   227   530   526      0.645     -0.591    -13.914     13.941      0.000
   186         21  (g)                -71    73    73   191   227   516   530      0.924      0.853      4.412      4.588      0.000
   187         21  (g)                -71    72    72   191   227   520   516      0.680      4.449     49.829     50.032      0.000
   188         21  (g)                -71    66    66   191   227   515   520     -6.592      1.217     32.116     32.808      0.000
   189         21  (g)                -71    65    65   191   227   512   515      8.622     -7.362     69.262     70.184      0.000
   190       2101  (ud_0)             -71    92    92   191   227     0   512      0.365      0.046   5494.734   5494.734      0.579
   191        213  (rho+)             -83   184   190   280   281     0     0     -0.061      0.051   -391.051    391.052      0.670
   192        311  (K0)               -83   184   190   282   282     0     0     -0.187      0.101    -17.840     17.849      0.498
   193        333  (phi)              -83   184   190   340   341     0     0      0.550     -0.218    -64.509     64.520      1.017
   194       -311  (Kbar0)            -83   184   190   283   283     0     0     -0.107      0.263    -40.686     40.690      0.498
   195       -211  pi-                 83   184   190     0     0     0     0      0.012     -0.226    -20.791     20.793      0.140
   196        211  pi+                 83   184   190     0     0     0     0     -0.161      0.372    -60.004     60.006      0.140
   197       -211  pi-                 83   184   190     0     0     0     0      0.293     -0.705     -7.201      7.243      0.140
   198       2224  (Delta++)          -83   184   190   284   285     0     0     -0.189      0.282     -9.399      9.488      1.249
   199       -211  pi-                 83   184   190     0     0     0     0      0.088     -0.331     -1.505      1.550      0.140
   200      -2212  pbar-               83   184   190     0     0     0     0      0.477      0.023     -0.407      1.129      0.938
   201        111  (pi0)              -83   184   190   342   343     0     0     -0.103      0.455     -0.331      0.588      0.135
   202        211  pi+                 83   184   190     0     0     0     0      0.453     -0.080      0.335      0.585      0.140
   203        111  (pi0)              -83   184   190   344   345     0     0     -0.433      0.022      1.525      1.592      0.135
   204       -211  pi-                 83   184   190     0     0     0     0      0.053      0.048      0.119      0.197      0.140
   205        113  (rho0)             -83   184   190   286   287     0     0      0.791      0.544      0.794      1.432      0.707
   206        111  (pi0)              -83   184   190   346   347     0     0     -0.534      0.441      5.395      5.441      0.135
   207        221  (eta)              -83   184   190   348   349     0     0     -0.284      0.130      3.637      3.691      0.548
   208        213  (rho+)             -83   184   190   288   289     0     0      0.454      1.371     14.000     14.120      1.140
   209       -211  pi-                 83   184   190     0     0     0     0      0.344     -0.072      1.309      1.362      0.140
   210        111  (pi0)              -83   184   190   350   351     0     0      0.038      2.222     25.587     25.684      0.135
   211        221  (eta)              -83   184   190   352   353     0     0     -0.636     -0.089      3.233      3.342      0.548
   212        111  (pi0)              -83   184   190   354   355     0     0     -1.213      1.064      9.909     10.040      0.135
   213       2114  (Delta0)           -83   184   190   290   291     0     0     -1.892      0.268      9.865     10.122      1.219
   214        213  (rho+)             -84   184   190   292   293     0     0     -0.299     -0.496      9.944      9.992      0.784
   215      -2114  (Deltabar0)        -84   184   190   294   295     0     0     -0.354      0.354      4.040      4.244      1.200
   216       -213  (rho-)             -84   184   190   296   297     0     0      0.172     -1.373      9.045      9.189      0.845
   217        211  pi+                 84   184   190     0     0     0     0      0.768     -0.415      3.798      3.900      0.140
   218        311  (K0)               -84   184   190   298   298     0     0      1.018     -0.693     12.544     12.614      0.498
   219       -321  K-                  84   184   190     0     0     0     0      1.651     -1.646     15.250     15.435      0.494
   220        213  (rho+)             -84   184   190   299   300     0     0      2.279     -2.435     18.034     18.348      0.559
   221       -211  pi-                 84   184   190     0     0     0     0      0.900      0.103     22.245     22.264      0.140
   222        111  (pi0)              -84   184   190   356   357     0     0     -0.169      0.171     16.053     16.055      0.135
   223        223  (omega)            -84   184   190   358   360     0     0      0.572     -0.472     15.542     15.579      0.763
   224        213  (rho+)             -84   184   190   301   302     0     0     -0.339     -0.212     57.348     57.354      0.737
   225        111  (pi0)              -84   184   190   361   362     0     0      0.177      0.175    312.153    312.153      0.135
   226        111  (pi0)              -84   184   190   363   364     0     0      0.642     -0.132   1805.734   1805.734      0.135
   227       2112  n0                  84   184   190     0     0     0     0     -0.296      0.139   3271.822   3271.822      0.940
   228       -211  pi-                 91   107     0     0     0     0     0      0.038      0.457    -30.573     30.577      0.140
   229        111  (pi0)              -91   107     0   365   366     0     0     -0.222      0.058    -91.644     91.645      0.135
   230       -211  pi-                 91   116     0     0     0     0     0      0.285     -0.023      0.809      0.869      0.140
   231        111  (pi0)              -91   116     0   367   368     0     0      0.646     -0.128      0.063      0.676      0.135
   232        321  K+                  91   118     0     0     0     0     0      0.314     -0.339      0.547      0.870      0.494
   233        111  (pi0)              -91   118     0   369   370     0     0      0.025      0.079      0.761      0.778      0.135
   234        211  pi+                 91   121     0     0     0     0     0     -0.078      0.009      0.247      0.294      0.140
   235        111  (pi0)              -91   121     0   371   372     0     0      0.403     -0.630     12.129     12.153      0.135
   236        311  (K0)               -91   125     0   303   303     0     0      1.458     -0.696   -389.362    389.366      0.498
   237        111  (pi0)              -91   125     0   373   374     0     0      0.221     -0.352   -168.245    168.246      0.135
   238       -311  (Kbar0)            -91   127     0   304   304     0     0      0.448     -0.089    -83.648     83.651      0.498
   239       -211  pi-                 91   127     0     0     0     0     0      0.407     -0.381   -136.485    136.486      0.140
   240        211  pi+                 91   130     0     0     0     0     0     -0.144     -0.299     -1.689      1.727      0.140
   241       -211  pi-                 91   130     0     0     0     0     0      0.030      0.025     -6.841      6.842      0.140
   242       2212  p+                  91   132     0     0     0     0     0     -4.153     -4.012    -25.720     26.377      0.938
   243        211  pi+                 91   132     0     0     0     0     0     -0.396     -0.484     -2.239      2.329      0.140
   244       -211  pi-                 91   133     0     0     0     0     0     -4.053     -5.143    -27.780     28.541      0.140
   245        111  (pi0)              -91   133     0   375   376     0     0     -2.623     -2.632    -17.906     18.288      0.135
   246       -211  pi-                 91   135     0     0     0     0     0      0.185     -0.265     -1.119      1.173      0.140
   247        111  (pi0)              -91   135     0   377   378     0     0     -0.885     -0.241     -3.580      3.698      0.135
   248       -211  pi-                 91   137     0     0     0     0     0     -0.195      0.336      0.070      0.418      0.140
   249        111  (pi0)              -91   137     0   379   380     0     0      0.313     -0.062     -0.148      0.377      0.135
   250        211  pi+                 91   138     0     0     0     0     0      0.127      0.145      0.140      0.276      0.140
   251        111  (pi0)              -91   138     0   381   382     0     0     -2.480      1.054      1.267      2.981      0.135
   252       -211  pi-                 91   139     0     0     0     0     0     -1.942      1.513      1.560      2.918      0.140
   253        111  (pi0)              -91   139     0   383   384     0     0     -0.223      0.596      0.326      0.727      0.135
   254        311  (K0)               -91   152     0   305   305     0     0      1.131      0.284     57.785     57.799      0.498
   255        211  pi+                 91   152     0     0     0     0     0      0.035      0.189     21.420     21.422      0.140
   256        130  K_L0                91   153   153     0     0     0     0     -0.048     -0.338     75.889     75.892      0.498
   257        211  pi+                 91   154     0     0     0     0     0      0.495     -0.078     16.692     16.700      0.140
   258       -211  pi-                 91   154     0     0     0     0     0     -0.285      0.078     63.747     63.748      0.140
   259       -211  pi-                 91   155     0     0     0     0     0      0.691     -0.201     33.575     33.583      0.140
   260        111  (pi0)              -91   155     0   385   386     0     0      0.158      0.059     59.279     59.280      0.135
   261        211  pi+                 91   158     0     0     0     0     0     -0.411     -0.071      3.860      3.885      0.140
   262       -211  pi-                 91   158     0     0     0     0     0      0.121     -0.716     10.071     10.098      0.140
   263       2212  p+                  91   160     0     0     0     0     0      0.006      0.103      3.508      3.632      0.938
   264        211  pi+                 91   160     0     0     0     0     0     -0.287     -0.543      3.527      3.583      0.140
   265      -2212  pbar-               91   161     0     0     0     0     0     -0.085      0.346      5.373      5.466      0.938
   266       -211  pi-                 91   161     0     0     0     0     0      0.338      0.038      1.161      1.217      0.140
   267       2112  n0                  91   167     0     0     0     0     0      2.483     -0.584     -4.174      4.981      0.940
   268       -211  pi-                 91   167     0     0     0     0     0      0.757     -0.187     -0.808      1.132      0.140
   269        211  pi+                 91   170     0     0     0     0     0      0.034      0.214     -0.091      0.274      0.140
   270       -211  pi-                 91   170     0     0     0     0     0     -0.203      0.865     -3.390      3.507      0.140
   271       2112  n0                  91   172     0     0     0     0     0     -1.122      0.012    -10.067     10.173      0.940
   272       -211  pi-                 91   172     0     0     0     0     0     -0.568     -0.017     -6.165      6.193      0.140
   273       -211  pi-                 91   179     0     0     0     0     0     -1.384     -0.266    -17.699     17.756      0.140
   274        111  (pi0)              -91   179     0   387   388     0     0     -0.165     -0.217    -11.554     11.558      0.135
   275        211  pi+                 91   180     0     0     0     0     0     -0.262     -0.627    -16.282     16.297      0.140
   276        111  (pi0)              -91   180     0   389   390     0     0     -0.285      0.051     -3.512      3.526      0.135
   277        311  (K0)               -91   182     0   306   306     0     0     -0.308      0.067   -118.818    118.819      0.498
   278        111  (pi0)              -91   182     0   391   392     0     0      0.126     -0.009    -24.932     24.933      0.135
   279        310  K_S0                91   183   183     0     0     0     0     -0.237      0.319   -324.387    324.388      0.498
   280        211  pi+                 91   191     0     0     0     0     0      0.256     -0.065   -140.404    140.405      0.140
   281        111  (pi0)              -91   191     0   393   394     0     0     -0.317      0.116   -250.647    250.647      0.135
   282        130  K_L0                91   192   192     0     0     0     0     -0.187      0.101    -17.840     17.849      0.498
   283        310  K_S0                91   194   194     0     0     0     0     -0.107      0.263    -40.686     40.690      0.498
   284       2212  p+                  91   198     0     0     0     0     0     -0.273      0.028     -7.736      7.798      0.938
   285        211  pi+                 91   198     0     0     0     0     0      0.084      0.254     -1.663      1.690      0.140
   286        211  pi+                 91   205     0     0     0     0     0      0.149      0.476      0.456      0.690      0.140
   287       -211  pi-                 91   205     0     0     0     0     0      0.642      0.068      0.338      0.742      0.140
   288        211  pi+                 91   208     0     0     0     0     0      0.222      0.949      4.467      4.575      0.140
   289        111  (pi0)              -91   208     0   395   396     0     0      0.232      0.421      9.532      9.545      0.135
   290       2212  p+                  91   213     0     0     0     0     0     -1.575      0.058      7.403      7.627      0.938
   291       -211  pi-                 91   213     0     0     0     0     0     -0.316      0.210      2.462      2.495      0.140
   292        211  pi+                 91   214     0     0     0     0     0      0.046     -0.394      2.310      2.348      0.140
   293        111  (pi0)              -91   214     0   397   398     0     0     -0.345     -0.102      7.634      7.644      0.135
   294      -2112  nbar0               91   215     0     0     0     0     0     -0.360      0.420      3.851      4.002      0.940
   295        111  (pi0)              -91   215     0   399   400     0     0      0.006     -0.066      0.189      0.241      0.135
   296       -211  pi-                 91   216     0     0     0     0     0     -0.241     -1.002      5.323      5.424      0.140
   297        111  (pi0)              -91   216     0   401   402     0     0      0.413     -0.371      3.722      3.766      0.135
   298        310  K_S0                91   218   218     0     0     0     0      1.018     -0.693     12.544     12.614      0.498
   299        211  pi+                 91   220     0     0     0     0     0      1.867     -1.708     13.329     13.568      0.140
   300        111  (pi0)              -91   220     0   403   404     0     0      0.412     -0.727      4.705      4.781      0.135
   301        211  pi+                 91   224     0     0     0     0     0     -0.302     -0.387     50.244     50.247      0.140
   302        111  (pi0)              -91   224     0   405   406     0     0     -0.037      0.175      7.103      7.107      0.135
   303        130  K_L0                91   236   236     0     0     0     0      1.458     -0.696   -389.362    389.366      0.498
   304        310  (K_S0)             -91   238   238   407   408     0     0      0.448     -0.089    -83.648     83.651      0.498
   305        130  K_L0                91   254   254     0     0     0     0      1.131      0.284     57.785     57.799      0.498
   306        310  K_S0                91   277   277     0     0     0     0     -0.308      0.067   -118.818    118.819      0.498
   307        -16  nu_taubar           91   101     0     0     0     0     0    -16.662     15.512      2.360     22.887      0.000
   308        -13  mu+                 91   101     0     0     0     0     0    -11.000     10.948      1.017     15.553      0.106
   309         14  nu_mu               91   101     0     0     0     0     0    -17.452     15.377      2.375     23.381      0.000
   310        111  (pi0)              -91   110     0   409   410     0     0     -0.043     -0.033    -60.043     60.043      0.135
   311        111  (pi0)              -91   110     0   411   412     0     0      0.239     -0.158   -149.928    149.928      0.135
   312        111  (pi0)              -91   110     0   413   414     0     0      0.218     -0.033   -107.304    107.304      0.135
   313       -521  (B-)               -91   114     0   415   418     0     0     47.384    -34.989     15.245     61.072      5.279
   314         22  gamma               91   114     0     0     0     0     0      0.414     -0.248      0.127      0.499      0.000
   315         22  gamma               91   117     0     0     0     0     0      0.043     -0.178      0.089      0.204      0.000
   316         22  gamma               91   117     0     0     0     0     0      0.064     -0.337      0.403      0.529      0.000
   317         22  gamma               91   120     0     0     0     0     0     -0.166      0.085      0.473      0.509      0.000
   318         22  gamma               91   120     0     0     0     0     0     -0.104      0.009      0.092      0.139      0.000
   319        321  K+                  91   126     0     0     0     0     0      0.143     -0.134    -96.147     96.149      0.494
   320       -321  K-                  91   126     0     0     0     0     0      0.184      0.106   -109.905    109.906      0.494
   321        211  pi+                 91   129     0     0     0     0     0     -0.071      0.090     -5.467      5.470      0.140
   322       -211  pi-                 91   129     0     0     0     0     0      0.120     -0.031     -1.541      1.552      0.140
   323        111  (pi0)              -91   129     0   419   420     0     0      0.042      0.044     -0.377      0.405      0.135
   324       -421  (Dbar0)            -91   140     0   421   423     0     0    -11.553      9.762      7.730     17.088      1.865
   325        211  pi+                 91   140     0     0     0     0     0     -0.656      0.568      0.460      0.992      0.140
   326       2112  n0                  91   140     0     0     0     0     0     -5.684      4.712      3.756      8.337      0.940
   327      -2212  pbar-               91   140     0     0     0     0     0     -7.441      6.038      5.085     10.889      0.938
   328        113  (rho0)             -91   140     0   424   425     0     0     -6.190      5.251      4.042      9.126      1.035
   329        211  pi+                 91   140     0     0     0     0     0     -1.016      0.806      0.756      1.507      0.140
   330        111  (pi0)              -91   140     0   426   427     0     0     -0.942      0.789      0.652      1.397      0.135
   331         22  gamma               91   156     0     0     0     0     0      0.004      0.046      1.979      1.979      0.000
   332         22  gamma               91   156     0     0     0     0     0     -0.408      0.433     24.953     24.961      0.000
   333        211  pi+                 91   162     0     0     0     0     0      0.062     -0.427      0.680      0.817      0.140
   334       -211  pi-                 91   162     0     0     0     0     0      0.128      0.051      0.205      0.284      0.140
   335        111  (pi0)              -91   162     0   428   430     0     0      0.094     -0.202      1.047      1.079      0.135
   336         22  gamma               91   166     0     0     0     0     0      0.021     -0.026     -0.063      0.072      0.000
   337         22  gamma               91   166     0     0     0     0     0      0.051     -0.185      0.019      0.193      0.000
   338         22  gamma               91   181     0     0     0     0     0     -0.008     -0.103     -3.369      3.370      0.000
   339         22  gamma               91   181     0     0     0     0     0     -0.037      0.011     -4.824      4.824      0.000
   340        321  K+                  91   193     0     0     0     0     0      0.414     -0.128    -35.578     35.584      0.494
   341       -321  K-                  91   193     0     0     0     0     0      0.137     -0.089    -28.931     28.936      0.494
   342         22  gamma               91   201     0     0     0     0     0     -0.123      0.432     -0.283      0.531      0.000
   343         22  gamma               91   201     0     0     0     0     0      0.020      0.023     -0.048      0.057      0.000
   344         22  gamma               91   203     0     0     0     0     0      0.010      0.002      0.020      0.022      0.000
   345         22  gamma               91   203     0     0     0     0     0     -0.443      0.020      1.506      1.569      0.000
   346         22  gamma               91   206     0     0     0     0     0     -0.228      0.168      1.724      1.747      0.000
   347         22  gamma               91   206     0     0     0     0     0     -0.306      0.272      3.671      3.693      0.000
   348         22  gamma               91   207     0     0     0     0     0     -0.427      0.199      2.813      2.852      0.000
   349         22  gamma               91   207     0     0     0     0     0      0.143     -0.069      0.824      0.839      0.000
   350         22  gamma               91   210     0     0     0     0     0     -0.014      0.056      0.507      0.510      0.000
   351         22  gamma               91   210     0     0     0     0     0      0.052      2.166     25.081     25.174      0.000
   352         22  gamma               91   211     0     0     0     0     0      0.093     -0.002      0.195      0.216      0.000
   353         22  gamma               91   211     0     0     0     0     0     -0.729     -0.087      3.038      3.125      0.000
   354         22  gamma               91   212     0     0     0     0     0     -1.153      0.985      9.438      9.559      0.000
   355         22  gamma               91   212     0     0     0     0     0     -0.060      0.079      0.470      0.481      0.000
   356         22  gamma               91   222     0     0     0     0     0     -0.097      0.169      9.628      9.630      0.000
   357         22  gamma               91   222     0     0     0     0     0     -0.073      0.003      6.425      6.425      0.000
   358        211  pi+                 91   223     0     0     0     0     0      0.295     -0.387      7.060      7.078      0.140
   359       -211  pi-                 91   223     0     0     0     0     0      0.361     -0.072      6.418      6.430      0.140
   360        111  (pi0)              -91   223     0   431   432     0     0     -0.084     -0.012      2.064      2.071      0.135
   361         22  gamma               91   225     0     0     0     0     0      0.087      0.152    150.744    150.744      0.000
   362         22  gamma               91   225     0     0     0     0     0      0.090      0.023    161.408    161.408      0.000
   363         22  gamma               91   226     0     0     0     0     0      0.116      0.026    285.387    285.387      0.000
   364         22  gamma               91   226     0     0     0     0     0      0.526     -0.158   1520.347   1520.347      0.000
   365         22  gamma               91   229     0     0     0     0     0     -0.208      0.052    -60.071     60.071      0.000
   366         22  gamma               91   229     0     0     0     0     0     -0.014      0.006    -31.573     31.573      0.000
   367         22  gamma               91   231     0     0     0     0     0      0.406     -0.024      0.003      0.407      0.000
   368         22  gamma               91   231     0     0     0     0     0      0.240     -0.104      0.060      0.269      0.000
   369         22  gamma               91   233     0     0     0     0     0      0.081      0.039      0.443      0.452      0.000
   370         22  gamma               91   233     0     0     0     0     0     -0.056      0.040      0.319      0.326      0.000
   371         22  gamma               91   235     0     0     0     0     0      0.128     -0.320      5.219      5.231      0.000
   372         22  gamma               91   235     0     0     0     0     0      0.275     -0.309      6.910      6.922      0.000
   373         22  gamma               91   237     0     0     0     0     0      0.093     -0.250   -118.216    118.217      0.000
   374         22  gamma               91   237     0     0     0     0     0      0.127     -0.102    -50.029     50.029      0.000
   375         22  gamma               91   245     0     0     0     0     0     -0.631     -0.556     -3.983      4.071      0.000
   376         22  gamma               91   245     0     0     0     0     0     -1.992     -2.076    -13.924     14.218      0.000
   377         22  gamma               91   247     0     0     0     0     0     -0.546     -0.163     -1.959      2.040      0.000
   378         22  gamma               91   247     0     0     0     0     0     -0.339     -0.078     -1.621      1.658      0.000
   379         22  gamma               91   249     0     0     0     0     0      0.127     -0.089     -0.094      0.181      0.000
   380         22  gamma               91   249     0     0     0     0     0      0.186      0.027     -0.054      0.196      0.000
   381         22  gamma               91   251     0     0     0     0     0     -2.176      0.919      1.158      2.631      0.000
   382         22  gamma               91   251     0     0     0     0     0     -0.304      0.135      0.109      0.350      0.000
   383         22  gamma               91   253     0     0     0     0     0     -0.066      0.236      0.197      0.315      0.000
   384         22  gamma               91   253     0     0     0     0     0     -0.157      0.359      0.129      0.413      0.000
   385         22  gamma               91   260     0     0     0     0     0      0.055     -0.034     29.528     29.528      0.000
   386         22  gamma               91   260     0     0     0     0     0      0.103      0.093     29.752     29.752      0.000
   387         22  gamma               91   274     0     0     0     0     0     -0.051     -0.175     -7.249      7.252      0.000
   388         22  gamma               91   274     0     0     0     0     0     -0.114     -0.042     -4.305      4.307      0.000
   389         22  gamma               91   276     0     0     0     0     0     -0.041      0.060     -1.013      1.016      0.000
   390         22  gamma               91   276     0     0     0     0     0     -0.244     -0.009     -2.498      2.510      0.000
   391         22  gamma               91   278     0     0     0     0     0      0.088     -0.028     -6.744      6.744      0.000
   392         22  gamma               91   278     0     0     0     0     0      0.038      0.019    -18.188     18.188      0.000
   393         22  gamma               91   281     0     0     0     0     0     -0.268      0.111   -169.077    169.077      0.000
   394         22  gamma               91   281     0     0     0     0     0     -0.049      0.005    -81.570     81.570      0.000
   395         22  gamma               91   289     0     0     0     0     0      0.100      0.278      6.582      6.589      0.000
   396         22  gamma               91   289     0     0     0     0     0      0.133      0.144      2.950      2.956      0.000
   397         22  gamma               91   293     0     0     0     0     0     -0.065      0.003      2.574      2.574      0.000
   398         22  gamma               91   293     0     0     0     0     0     -0.280     -0.105      5.060      5.069      0.000
   399         22  gamma               91   295     0     0     0     0     0      0.064     -0.067      0.108      0.142      0.000
   400         22  gamma               91   295     0     0     0     0     0     -0.058      0.001      0.081      0.100      0.000
   401         22  gamma               91   297     0     0     0     0     0      0.092     -0.142      1.428      1.438      0.000
   402         22  gamma               91   297     0     0     0     0     0      0.320     -0.229      2.294      2.327      0.000
   403         22  gamma               91   300     0     0     0     0     0      0.129     -0.361      2.211      2.244      0.000
   404         22  gamma               91   300     0     0     0     0     0      0.283     -0.366      2.495      2.537      0.000
   405         22  gamma               91   302     0     0     0     0     0      0.017      0.024      3.311      3.311      0.000
   406         22  gamma               91   302     0     0     0     0     0     -0.054      0.151      3.792      3.796      0.000
   407        211  pi+                 91   304     0     0     0     0     0      0.301      0.113    -59.508     59.509      0.140
   408       -211  pi-                 91   304     0     0     0     0     0      0.148     -0.202    -24.141     24.142      0.140
   409         22  gamma               91   310     0     0     0     0     0      0.040      0.023    -17.193     17.193      0.000
   410         22  gamma               91   310     0     0     0     0     0     -0.083     -0.056    -42.850     42.850      0.000
   411         22  gamma               91   311     0     0     0     0     0      0.011     -0.070    -27.529     27.529      0.000
   412         22  gamma               91   311     0     0     0     0     0      0.228     -0.088   -122.399    122.399      0.000
   413         22  gamma               91   312     0     0     0     0     0      0.083     -0.075    -59.016     59.017      0.000
   414         22  gamma               91   312     0     0     0     0     0      0.135      0.042    -48.287     48.287      0.000
   415        421  (D0)               -91   313     0   433   434     0     0     15.710    -12.145      5.726     20.750      1.865
   416       -323  (K*-)              -91   313     0   435   436     0     0     12.789    -10.212      4.476     16.990      0.889
   417        321  K+                  91   313     0     0     0     0     0     17.350    -11.513      4.195     21.247      0.494
   418       -211  pi-                 91   313     0     0     0     0     0      1.536     -1.119      0.847      2.085      0.140
   419         22  gamma               91   323     0     0     0     0     0     -0.039     -0.016     -0.167      0.172      0.000
   420         22  gamma               91   323     0     0     0     0     0      0.081      0.060     -0.210      0.233      0.000
   421         13  mu-                 91   324     0     0     0     0     0     -3.279      3.261      2.607      5.310      0.106
   422        -14  nu_mubar            91   324     0     0     0     0     0     -1.132      0.516      0.665      1.411      0.000
   423        323  (K*+)              -91   324     0   437   438     0     0     -7.142      5.986      4.458     10.368      0.885
   424        211  pi+                 91   328     0     0     0     0     0     -2.600      1.582      1.579      3.431      0.140
   425       -211  pi-                 91   328     0     0     0     0     0     -3.590      3.669      2.463      5.695      0.140
   426         22  gamma               91   330     0     0     0     0     0     -0.398      0.252      0.227      0.523      0.000
   427         22  gamma               91   330     0     0     0     0     0     -0.544      0.537      0.425      0.874      0.000
   428         22  gamma               91   335     0     0     0     0     0      0.114     -0.210      0.971      0.999      0.000
   429         11  e-                  91   335     0     0     0     0     0     -0.001      0.002      0.014      0.014      0.001
   430        -11  e+                  91   335     0     0     0     0     0     -0.018      0.005      0.062      0.065      0.001
   431         22  gamma               91   360     0     0     0     0     0      0.015      0.016      1.176      1.176      0.000
   432         22  gamma               91   360     0     0     0     0     0     -0.099     -0.028      0.889      0.894      0.000
   433      20213  (a_1(1260)+)       -91   415     0   439   440     0     0      8.902     -6.523      3.309     11.582      1.190
   434       -321  K-                  91   415     0     0     0     0     0      6.809     -5.622      2.417      9.168      0.494
   435       -311  (Kbar0)            -91   416     0   441   441     0     0     12.075     -9.514      4.155     15.932      0.498
   436       -211  pi-                 91   416     0     0     0     0     0      0.714     -0.699      0.321      1.058      0.140
   437        321  K+                  91   423     0     0     0     0     0     -5.895      4.664      3.450      8.286      0.494
   438        111  (pi0)              -91   423     0   442   443     0     0     -1.247      1.321      1.008      2.082      0.135
   439        213  (rho+)             -91   433     0   444   445     0     0      7.229     -5.633      2.738      9.599      0.809
   440        111  (pi0)              -91   433     0   446   447     0     0      1.672     -0.889      0.571      1.983      0.135
   441        130  K_L0                91   435   435     0     0     0     0     12.075     -9.514      4.155     15.932      0.498
   442         22  gamma               91   438     0     0     0     0     0     -0.515      0.623      0.401      0.902      0.000
   443         22  gamma               91   438     0     0     0     0     0     -0.732      0.698      0.608      1.180      0.000
   444        211  pi+                 91   439     0     0     0     0     0      2.827     -1.814      1.207      3.572      0.140
   445        111  (pi0)              -91   439     0   448   449     0     0      4.402     -3.820      1.531      6.028      0.135
   446         22  gamma               91   440     0     0     0     0     0      0.233     -0.172      0.062      0.296      0.000
   447         22  gamma               91   440     0     0     0     0     0      1.440     -0.718      0.509      1.687      0.000
   448         22  gamma               91   445     0     0     0     0     0      1.948     -1.623      0.621      2.611      0.000
   449         22  gamma               91   445     0     0     0     0     0      2.454     -2.196      0.910      3.417      0.000
                                   Charge sum:  2.000           Momentum sum:     -0.000     -0.000      0.000  13000.000  13000.000

 --------  End PYTHIA Event Listing  -----------------------------------------------------------------------------------------------
#--------------------------------------------------------------------------
#                     FastJet release 3.4.0 [fjcore]
#                 M. Cacciari, G.P. Salam and G. Soyez                  
#     A software package for jet finding and analysis at colliders      
#                           http://fastjet.fr                           
#	                                                                      
# Please cite EPJC72(2012)1896 [arXiv:1111.6097] if you use this package
# for scientific work and optionally PLB641(2006)57 [hep-ph/0512210].   
#                                                                       
# FastJet is provided without warranty under the GNU GPL v2 or higher.  
# It uses T. Chan's closest pair algorithm, S. Fortune's Voronoi code
# and 3rd party plugin jet algorithms. See COPYING file for details.
#--------------------------------------------------------------------------
 PYTHIA Warning in SimpleSpaceShower::pT2nextQCD: weight above unity  
 PYTHIA Warning in SimpleSpaceShower::pT2nextQCD: small daughter PDF  
 PYTHIA Warning in StringFragmentation::fragmentToJunction: bad convergence junction rest frame  
 PYTHIA Error in SimpleSpaceShower::pT2nearThreshold: stuck in loop  
 PYTHIA Error in BeamRemnants::setKinematics: kinematics construction failed  
 PYTHIA Warning in ColConfig::collect: negative-energy parton encountered  

 Pythia::next(): 1000 events have been generated 
 PYTHIA Warning in Pythia::check: not quite matched particle energy/momentum/mass  

 Pythia::next(): 2000 events have been generated 
 PYTHIA Warning in MultipartonInteractions::pTnext: weight above unity  
 PYTHIA Error in StringFragmentation::fragment: stuck in joining  
 PYTHIA Error in Pythia::next: hadronLevel failed; try again  

 Pythia::next(): 3000 events have been generated 

 Pythia::next(): 4000 events have been generated 

 Pythia::next(): 5000 events have been generated 

 Pythia::next(): 6000 events have been generated 

 Pythia::next(): 7000 events have been generated 

 Pythia::next(): 8000 events have been generated 
 PYTHIA Warning in TauDecays::decay: maximum decay weight exceeded in tau decay  

 Pythia::next(): 9000 events have been generated 
 PYTHIA Warning in Pythia::check: energy-momentum not quite conserved  

 *-------  PYTHIA Event and Cross Section Statistics  -------------------------------------------------------------*
 |                                                                                                                 |
 | Subprocess                                    Code |            Number of events       |      sigma +- delta    |
 |                                                    |       Tried   Selected   Accepted |     (estimated) (mb)   |
 |                                                    |                                   |                        |
 |-----------------------------------------------------------------------------------------------------------------|
 |                                                    |                                   |                        |
 | Les Houches User Process(es)                  9999 |       10000      10000      10000 |   8.307e-08  0.000e+00 |
 |    ... whereof user classification code     322200 |       10000      10000      10000 |                        | 
 |                                                    |                                   |                        |
 | sum                                                |       10000      10000      10000 |   8.307e-08  0.000e+00 |
 |                                                                                                                 |
 *-------  End PYTHIA Event and Cross Section Statistics ----------------------------------------------------------*

 *-------  PYTHIA Error and Warning Messages Statistics  ----------------------------------------------------------* 
 |                                                                                                                 | 
 |  times   message                                                                                                | 
 |                                                                                                                 | 
 |      3   Error in BeamRemnants::setKinematics: kinematics construction failed                                   | 
 |      6   Error in Pythia::next: hadronLevel failed; try again                                                   | 
 |      1   Error in SimpleSpaceShower::pT2nearThreshold: stuck in loop                                            | 
 |      6   Error in StringFragmentation::fragment: stuck in joining                                               | 
 |      1   Warning in ColConfig::collect: negative-energy parton encountered                                      | 
 |      1   Warning in MultipartonInteractions::pTnext: weight above unity                                         | 
 |      1   Warning in Pythia::check: energy-momentum not quite conserved                                          | 
 |      3   Warning in Pythia::check: not quite matched particle energy/momentum/mass                              | 
 |   1653   Warning in SimpleSpaceShower::pT2nextQCD: small daughter PDF                                           | 
 |   4340   Warning in SimpleSpaceShower::pT2nextQCD: weight above unity                                           | 
 |     40   Warning in StringFragmentation::fragmentToJunction: bad convergence junction rest frame                | 
 |      1   Warning in TauDecays::decay: maximum decay weight exceeded in tau decay                                | 
 |      2   Warning in TimeShower::init: pTmin too low                                                             | 
 |                                                                                                                 | 
 *-------  End PYTHIA Error and Warning Messages Statistics  ------------------------------------------------------* 
Using LHE File: /nfs/dust/cms/user/amoroso/powheg/POWHEG-BOX-V2/ttJ_MiNNLOPS_v1.0_beta1/decay-ll/pwgevents-0591.lhe
less then 10000 events in LHE, using all LHE events
np.shape(P0) = (10000, 3, 9)
np.shape(nJets) = (10000, 2)
np.shape(jets_4vectors) = (10000, 20, 6)
