Configured CUDA from: /cvmfs/sft.cern.ch/lcg/releases/cuda/12.4-4899e/x86_64-el9-gcc11-opt

 *------------------------------------------------------------------------------------* 
 |                                                                                    | 
 |  *------------------------------------------------------------------------------*  | 
 |  |                                                                              |  | 
 |  |                                                                              |  | 
 |  |   PPP   Y   Y  TTTTT  H   H  III    A      Welcome to the Lund Monte Carlo!  |  | 
 |  |   P  P   Y Y     T    H   H   I    A A     This is PYTHIA version 8.309      |  | 
 |  |   PPP     Y      T    HHHHH   I   AAAAA    Last date of change: 16 Feb 2023  |  | 
 |  |   P       Y      T    H   H   I   A   A                                      |  | 
 |  |   P       Y      T    H   H  III  A   A    Now is 03 Sep 2024 at 19:06:16    |  | 
 |  |                                                                              |  | 
 |  |   Program documentation and an archive of historic versions is found on:     |  | 
 |  |                                                                              |  | 
 |  |                               https://pythia.org/                            |  | 
 |  |                                                                              |  | 
 |  |   PYTHIA is authored by a collaboration consisting of:                       |  | 
 |  |                                                                              |  | 
 |  |   Christian Bierlich, Nishita Desai, Leif Gellersen, Ilkka Helenius, Philip  |  | 
 |  |   Ilten, Leif Lonnblad, Stephen Mrenna, Stefan Prestel, Christian Preuss,    |  | 
 |  |   Torbjorn Sjostrand, Peter Skands, Marius Utheim and Rob Verheyen.          |  | 
 |  |                                                                              |  | 
 |  |   The complete list of authors, including contact information and            |  | 
 |  |   affiliations, can be found on https://pythia.org/.                         |  | 
 |  |   Problems or bugs should be reported on email at authors@pythia.org.        |  | 
 |  |                                                                              |  | 
 |  |   The main program reference is C. Bierlich et al,                           |  | 
 |  |   'A comprehensive guide to the physics and usage of Pythia 8.3',            |  | 
 |  |   SciPost Phys. Codebases 8-r8.3 (2022) [arXiv:2203.11601 [hep-ph]]          |  | 
 |  |                                                                              |  | 
 |  |   PYTHIA is released under the GNU General Public Licence version 2 or later.|  | 
 |  |   Please respect the MCnet Guidelines for Event Generator Authors and Users. |  | 
 |  |                                                                              |  | 
 |  |   Disclaimer: this program comes without any guarantees.                     |  | 
 |  |   Beware of errors and use common sense when interpreting results.           |  | 
 |  |                                                                              |  | 
 |  |   Copyright (C) 2023 Torbjorn Sjostrand                                      |  | 
 |  |                                                                              |  | 
 |  |                                                                              |  | 
 |  *------------------------------------------------------------------------------*  | 
 |                                                                                    | 
 *------------------------------------------------------------------------------------* 


 *-------  PYTHIA Process Initialization  --------------------------*
 |                                                                  |
 | We collide p+ with p+ at a CM energy of 1.300e+04 GeV            |
 |                                                                  |
 |------------------------------------------------------------------|
 |                                                    |             |
 | Subprocess                                    Code |   Estimated |
 |                                                    |    max (mb) |
 |                                                    |             |
 |------------------------------------------------------------------|
 |                                                    |             |
 | Les Houches User Process(es)                  9999 |   1.000e-09 |
 |                                                                  |
 *-------  End PYTHIA Process Initialization -----------------------*
 PYTHIA Warning in TimeShower::init: pTmin too low , raised to 0.611

 *-------  PYTHIA Multiparton Interactions Initialization  ---------* 
 |                                                                  | 
 |                   sigmaNonDiffractive =    55.51 mb              | 
 |                                                                  | 
 |    pT0 =  1.44 gives sigmaInteraction =   397.42 mb: accepted    | 
 |                                                                  | 
 *-------  End PYTHIA Multiparton Interactions Initialization  -----* 
 PYTHIA Warning in MultipartonInteractions::init: maximum increased by factor 1.001

 *-------  PYTHIA Flag + Mode + Parm + Word + FVec + MVec + PVec + WVec Settings (changes only)  ------------------* 
 |                                                                                                                 | 
 | Name                                          |                      Now |      Default         Min         Max | 
 |                                               |                          |                                      | 
 | Beams:frameType                               |                        4 |            1           1           5 | 
 | Beams:LHEF                                    | /nfs/dust/cms/user/amoroso/powheg/POWHEG-BOX-V2/ttJ_MiNNLOPS_v1.0_beta1/decay-ll/pwgevents-0956.lhe |         void | 
 | ColourReconnection:range                      |                  5.17600 |      1.80000         0.0    10.00000 | 
 | Main:timesAllowErrors                         |                      500 |           10           0             | 
 | MultipartonInteractions:alphaSorder           |                        2 |            1           0           3 | 
 | MultipartonInteractions:alphaSvalue           |                  0.11800 |      0.13000   0.0600000     0.25000 | 
 | MultipartonInteractions:bProfile              |                        2 |            3           0           4 | 
 | MultipartonInteractions:coreFraction          |                  0.63000 |      0.50000         0.0     1.00000 | 
 | MultipartonInteractions:coreRadius            |                  0.76340 |      0.40000     0.10000     1.00000 | 
 | MultipartonInteractions:ecmPow                |                0.0334400 |      0.21500         0.0     0.50000 | 
 | MultipartonInteractions:pT0Ref                |                  1.41000 |      2.28000     0.50000    10.00000 | 
 | ParticleDecays:limitTau                       |                       on |          off                         | 
 | PartonLevel:FSR                               |                      off |           on                         | 
 | PDF:pSet                                      |                       20 |           13                         | 
 | Random:seed                                   |                      956 |           -1               900000000 | 
 | Random:setSeed                                |                       on |          off                         | 
 | SigmaProcess:alphaSorder                      |                        2 |            1           0           3 | 
 | SigmaProcess:alphaSvalue                      |                  0.11800 |      0.13000   0.0600000     0.25000 | 
 | SigmaTotal:mode                               |                        0 |            1           0           4 | 
 | SigmaTotal:sigmaEl                            |                 21.89000 |     25.00000         0.0             | 
 | SigmaTotal:sigmaTot                           |                100.30900 |    100.00000         0.0             | 
 | SigmaTotal:zeroAXB                            |                      off |           on                         | 
 | SpaceShower:alphaSorder                       |                        2 |            1           0           3 | 
 | SpaceShower:alphaSvalue                       |                  0.11800 |      0.13650   0.0600000     0.25000 | 
 | SpaceShower:dipoleRecoil                      |                       on |          off                         | 
 | SpaceShower:pTmaxMatch                        |                        1 |            0           0           2 | 
 | TimeShower:alphaSorder                        |                        2 |            1           0           3 | 
 | TimeShower:alphaSvalue                        |                  0.11800 |      0.13650   0.0600000     0.25000 | 
 |                                                                                                                 | 
 *-------  End PYTHIA Flag + Mode + Parm + Word + FVec + MVec + PVec + WVec Settings  -----------------------------* 

 --------  PYTHIA Particle Data Table (changed only)  ------------------------------------------------------------------------------
 
      id   name            antiName         spn chg col      m0        mWidth      mMin       mMax       tau0    res dec ext vis wid
             no onMode   bRatio   meMode     products 

       6  t                tbar               2   2   1  173.00000    1.36916   86.00000    0.00000  1.44122e-13   1   1   0   1   0
              0     1   0.0000664    0       24        1 
              1     1   0.0017361    0       24        3 
              2     1   0.9981975    0       24        5 
              3     1   0.0000000    0       37        5 

 --------  End PYTHIA Particle Data Table  -----------------------------------------------------------------------------------------


 --------  LHA event information and listing  ---------------------------------------------------------------------- 

    process =   322200    weight =   1.0325e+02     scale =   1.5615e+01 (GeV) 
                        alpha_em =  -1.0000e+00    alpha_strong =   1.7570e-01

    Participating Particles 
    no        id stat     mothers     colours      p_x        p_y        p_z         e          m        tau    spin 
     1        21   -1     0     0   513   514      0.000      0.000    302.247    302.247      0.000   0.000   9.000
     2        21   -1     0     0   511   512      0.000      0.000   -231.703    231.703      0.000   0.000   9.000
     3         6    2     1     2   511     0      4.655    102.998     51.269    206.983    171.997   0.000   9.000
     4        -6    2     1     2     0   514     91.663    -82.625      2.706    213.049    173.648   0.000   9.000
     5        21    1     1     2   513   515   -101.025    -25.633     10.767    104.781      0.000   0.000   9.000
     6        21    1     1     2   515   512      4.707      5.260      5.803      9.138      0.000   0.000   9.000
     7         5    1     3     3   511     0    -31.475    -21.150     40.660     55.816      4.920   0.000  -1.000
     8        24    2     3     3     0     0     36.130    124.148     10.609    151.166     77.593   0.000   9.000
     9        -5    1     4     4     0   514     33.487    -10.786    -63.903     73.113      4.920   0.000   1.000
    10       -24    2     4     4     0     0     58.176    -71.838     66.608    139.936     81.241   0.000   9.000
    11       -13    1     8     8     0     0     54.730     96.560    -10.933    111.529      0.106   0.000   1.000
    12        14    1     8     8     0     0    -18.600     27.588     21.541     39.637      0.000   0.000  -1.000
    13        11    1    10    10     0     0     12.519    -21.460    -18.521     30.988      0.001   0.000  -1.000
    14       -12    1    10    10     0     0     45.657    -50.378     85.129    108.947      0.000   0.000   1.000

 --------  End LHA event information and listing  ------------------------------------------------------------------ 

 --------  PYTHIA Info Listing  ---------------------------------------- 
 
 Beam A: id =   2212, pz =  6.500e+03, e =  6.500e+03, m =  9.383e-01.
 Beam B: id =   2212, pz = -6.500e+03, e =  6.500e+03, m =  9.383e-01.

 In 1: id =   21, x =  4.650e-02, pdf =  0.000e+00 at Q2 =  2.438e+02.
 In 2: id =   21, x =  3.565e-02, pdf =  0.000e+00 at same Q2.

 Process Les Houches User Process(es) with code 9999 is 2 -> 4.
 Subprocess user process 322200 with code 322200 is 2 -> 4.
     alphaEM =  7.664e-03,  alphaS =  1.757e-01    at Q2 =  2.438e+02.

 Impact parameter b =  9.709e-01 gives enhancement factor =  6.463e-01.
 Max pT scale for MPI =  1.300e+04, ISR =  1.562e+01, FSR =  1.562e+01.
 Number of MPI =     4, ISR =    13, FSRproc =     0, FSRreson =     0.

 --------  End PYTHIA Info Listing  ------------------------------------

 --------  PYTHIA Event Listing  (hard process)  -----------------------------------------------------------------------------------
 
    no         id  name            status     mothers   daughters     colours      p_x        p_y        p_z         e          m 
     0         90  (system)           -11     0     0     0     0     0     0      0.000      0.000      0.000  13000.000  13000.000
     1       2212  (p+)               -12     0     0     3     0     0     0      0.000      0.000   6500.000   6500.000      0.938
     2       2212  (p+)               -12     0     0     4     0     0     0      0.000      0.000  -6500.000   6500.000      0.938
     3         21  (g)                -21     1     0     5     8   513   514      0.000      0.000    302.247    302.247      0.000
     4         21  (g)                -21     2     0     5     8   511   512      0.000      0.000   -231.703    231.703      0.000
     5          6  (t)                -22     3     4     9    10   511     0      4.655    102.998     51.269    206.983    171.997
     6         -6  (tbar)             -22     3     4    11    12     0   514     91.663    -82.625      2.706    213.049    173.648
     7         21  g                   23     3     4     0     0   513   515   -101.025    -25.633     10.767    104.781      0.000
     8         21  g                   23     3     4     0     0   515   512      4.707      5.260      5.803      9.138      0.000
     9          5  b                   23     5     0     0     0   511     0    -31.475    -21.150     40.660     55.816      4.920
    10         24  (W+)               -22     5     0    13    14     0     0     36.130    124.148     10.609    151.166     77.593
    11         -5  bbar                23     6     0     0     0     0   514     33.487    -10.786    -63.903     73.113      4.920
    12        -24  (W-)               -22     6     0    15    16     0     0     58.176    -71.838     66.608    139.936     81.241
    13        -13  mu+                 23    10     0     0     0     0     0     54.730     96.560    -10.933    111.529      0.106
    14         14  nu_mu               23    10     0     0     0     0     0    -18.600     27.588     21.541     39.637      0.000
    15         11  e-                  23    12     0     0     0     0     0     12.519    -21.460    -18.521     30.988      0.001
    16        -12  nu_ebar             23    12     0     0     0     0     0     45.657    -50.378     85.129    108.947      0.000
                                   Charge sum:  0.000           Momentum sum:      0.000      0.000     70.544    533.950    529.269

 --------  End PYTHIA Event Listing  -----------------------------------------------------------------------------------------------

 --------  PYTHIA Event Listing  (complete event)  ---------------------------------------------------------------------------------
 
    no         id  name            status     mothers   daughters     colours      p_x        p_y        p_z         e          m 
     0         90  (system)           -11     0     0     0     0     0     0      0.000      0.000      0.000  13000.000  13000.000
     1       2212  (p+)               -12     0     0   125     0     0     0      0.000      0.000   6500.000   6500.000      0.938
     2       2212  (p+)               -12     0     0   126     0     0     0      0.000      0.000  -6500.000   6500.000      0.938
     3         21  (g)                -21     9     9     5     8   513   514      0.000      0.000    302.247    302.247      0.000
     4         21  (g)                -21    10     0     5     8   511   512      0.000      0.000   -231.703    231.703      0.000
     5          6  (t)                -22     3     4    11    11   511     0      4.655    102.998     51.269    206.983    171.997
     6         -6  (tbar)             -22     3     4    12    12     0   514     91.663    -82.625      2.706    213.049    173.648
     7         21  (g)                -23     3     4    13    13   513   515   -101.025    -25.633     10.767    104.781      0.000
     8         21  (g)                -23     3     4    14    14   515   512      4.707      5.260      5.803      9.138      0.000
     9         21  (g)                -42    16    16     3     3   513   514      0.000      0.000    302.247    302.247      0.000
    10         21  (g)                -41    17     0    15     4   516   512     -0.000      0.000   -240.603    240.603      0.000
    11          6  (t)                -44     5     5    18    18   511     0     -1.259    108.682     40.146    207.384    171.997
    12         -6  (tbar)             -44     6     6    19    19     0   514     91.663    -82.625      2.706    213.049    173.648
    13         21  (g)                -44     7     7    20    20   513   515   -101.025    -25.633     10.767    104.781      0.000
    14         21  (g)                -44     8     8    21    21   515   512      4.707      5.260      5.803      9.138      0.000
    15         21  (g)                -43    10     0    22    22   516   511      5.914     -5.684      2.223      8.499      0.000
    16         21  (g)                -42    24     0     9     9   513   514      0.000      0.000    302.247    302.247      0.000
    17         21  (g)                -41    25    25    23    10   516   517     -0.000      0.000   -597.005    597.005      0.000
    18          6  (t)                -44    11    11    26    26   511     0     -1.259    108.682     40.146    207.384    171.997
    19         -6  (tbar)             -44    12    12    27    27     0   514     91.663    -82.625      2.706    213.049    173.648
    20         21  (g)                -44    13    13    28    28   513   515   -101.025    -25.633     10.767    104.781      0.000
    21         21  (g)                -44    14    14    29    29   515   512     -6.084     11.290      1.776     12.948      0.000
    22         21  (g)                -44    15    15    30    30   516   511      5.914     -5.684      2.223      8.499      0.000
    23         21  (g)                -43    17     0    31    31   512   517     10.791     -6.031   -352.375    352.591      0.000
    24         21  (g)                -41    33    33    32    16   513   518      0.000     -0.000    318.491    318.491      0.000
    25         21  (g)                -42    34     0    17    17   516   517     -0.000      0.000   -597.005    597.005      0.000
    26          6  (t)                -44    18    18    35    35   511     0     -1.259    108.682     40.146    207.384    171.997
    27         -6  (tbar)             -44    19    19    36    36     0   514     91.663    -82.625      2.706    213.049    173.648
    28         21  (g)                -44    20    20    37    37   513   515   -106.465    -25.800     18.761    111.142      0.000
    29         21  (g)                -44    21    21    38    38   515   512     -6.084     11.290      1.776     12.948      0.000
    30         21  (g)                -44    22    22    39    39   516   511      5.914     -5.684      2.223      8.499      0.000
    31         21  (g)                -44    23    23    40    40   512   517     10.791     -6.031   -352.375    352.591      0.000
    32         21  (g)                -43    24     0    41    41   514   518      5.440      0.166      8.250      9.884      0.000
    33         21  (g)                -42    71     0    24    24   513   518      0.000     -0.000    318.491    318.491      0.000
    34         21  (g)                -41    72    72    42    25   516   519     -0.000      0.000  -1048.763   1048.763      0.000
    35          6  (t)                -44    26    26    73    73   511     0     -1.259    108.682     40.146    207.384    171.997
    36         -6  (tbar)             -44    27    27    74    74     0   514     91.663    -82.625      2.706    213.049    173.648
    37         21  (g)                -44    28    28    75    75   513   515   -106.465    -25.800     18.761    111.142      0.000
    38         21  (g)                -44    29    29    76    76   515   512     -6.084     11.290      1.776     12.948      0.000
    39         21  (g)                -44    30    30    77    77   516   511      5.914     -5.684      2.223      8.499      0.000
    40         21  (g)                -44    31    31    78    78   512   517     11.934     -8.145   -503.771    503.978      0.000
    41         21  (g)                -44    32    32    79    79   514   518      5.440      0.166      8.250      9.884      0.000
    42         21  (g)                -43    34     0    80    80   517   519     -1.143      2.114   -300.362    300.372      0.000
    43         21  (g)                -31    47    47    45    46   521   520      0.000      0.000   1264.774   1264.774      0.000
    44         21  (g)                -31    48     0    45    46   523   522      0.000      0.000   -152.644    152.644      0.000
    45         21  (g)                -33    43    44    49    49   523   520      0.691     -1.936   -152.637    152.650      0.000
    46         21  (g)                -33    43    44    50    50   521   522     -0.691      1.936   1264.766   1264.768      0.000
    47         21  (g)                -42    56     0    43    43   521   520      0.000      0.000   1264.774   1264.774      0.000
    48         21  (g)                -41    57    57    51    44   524   522      0.000      0.000   -152.692    152.692      0.000
    49         21  (g)                -44    45    45    58    58   523   520      0.691     -1.936   -152.637    152.650      0.000
    50         21  (g)                -44    46    46    59    59   521   522     -1.370      3.490   1248.870   1248.876      0.000
    51         21  (g)                -43    48     0    60    60   524   523      0.680     -1.554     15.849     15.940      0.000
    52         21  (g)                -31    62    62    54    55   526   525      0.000      0.000    102.104    102.104      0.000
    53         21  (g)                -31    63     0    54    55   527   526      0.000      0.000     -5.277      5.277      0.000
    54         21  (g)                -33    52    53    64    64   528   525     -0.711      1.448    101.974    101.987      0.000
    55         21  (g)                -33    52    53    65    65   527   528      0.711     -1.448     -5.148      5.395      0.000
    56         21  (g)                -41   138   138    61    47   529   520     -0.000      0.000   1280.305   1280.305      0.000
    57         21  (g)                -42   139   139    48    48   524   522      0.000      0.000   -152.692    152.692      0.000
    58         21  (g)                -44    49    49   140   140   523   520      2.293     -1.968   -152.587    152.617      0.000
    59         21  (g)                -44    50    50   141   141   521   522     -1.370      3.490   1248.870   1248.876      0.000
    60         21  (g)                -44    51    51   142   142   524   523      0.680     -1.554     15.849     15.940      0.000
    61         21  (g)                -43    56     0   143   143   529   521     -1.602      0.031     15.482     15.564      0.000
    62         21  (g)                -42    94     0    52    52   526   525      0.000      0.000    102.104    102.104      0.000
    63          2  (u)                -41    95    95    66    53   527     0     -0.000      0.000  -2168.352   2168.352      0.000
    64         21  (g)                -44    54    54    96    96   528   525     -0.711      1.448    101.974    101.987      0.000
    65         21  (g)                -44    55    55    97    97   527   528     -0.506     -2.409    -12.181     12.427      0.000
    66          2  (u)                -43    63     0    98    98   526     0      1.217      0.961  -2156.041   2156.042      0.330
    67         21  (g)                -31   120   120    69    70   530   531      0.000      0.000     11.512     11.512      0.000
    68         21  (g)                -31   121     0    69    70   532   530      0.000      0.000    -41.392     41.392      0.000
    69         21  (g)                -33    67    68   122   122   532   533      0.601      1.416    -41.326     41.355      0.000
    70         21  (g)                -33    67    68   123   123   533   531     -0.601     -1.416     11.446     11.549      0.000
    71         21  (g)                -41    82     0    81    33   513   534      0.000      0.000    369.935    369.935      0.000
    72         21  (g)                -42    83    83    34    34   516   519     -0.000      0.000  -1048.763   1048.763      0.000
    73          6  (t)                -44    35    35    84    84   511     0     -1.259    108.682     40.146    207.384    171.997
    74         -6  (tbar)             -44    36    36    85    85     0   514     91.663    -82.625      2.706    213.049    173.648
    75         21  (g)                -44    37    37    86    86   513   515   -106.465    -25.800     18.761    111.142      0.000
    76         21  (g)                -44    38    38    87    87   515   512     -6.084     11.290      1.776     12.948      0.000
    77         21  (g)                -44    39    39    88    88   516   511      5.914     -5.684      2.223      8.499      0.000
    78         21  (g)                -44    40    40    89    89   512   517     11.934     -8.145   -503.771    503.978      0.000
    79         21  (g)                -44    41    41    90    90   514   518      6.418      0.353     11.916     13.539      0.000
    80         21  (g)                -44    42    42    91    91   517   519     -1.143      2.114   -300.362    300.372      0.000
    81         21  (g)                -43    71     0    92    92   518   534     -0.978     -0.187     47.778     47.788      0.000
    82         21  (g)                -41   107   107    93    71   513   535     -0.000     -0.000    542.048    542.048      0.000
    83         21  (g)                -42   108     0    72    72   516   519     -0.000      0.000  -1048.763   1048.763      0.000
    84          6  (t)                -44    73    73   109   109   511     0     -1.259    108.682     40.146    207.384    171.997
    85         -6  (tbar)             -44    74    74   110   110     0   514     91.663    -82.625      2.706    213.049    173.648
    86         21  (g)                -44    75    75   111   111   513   515   -106.465    -25.800     18.761    111.142      0.000
    87         21  (g)                -44    76    76   112   112   515   512     -6.084     11.290      1.776     12.948      0.000
    88         21  (g)                -44    77    77   113   113   516   511      5.914     -5.684      2.223      8.499      0.000
    89         21  (g)                -44    78    78   114   114   512   517     11.934     -8.145   -503.771    503.978      0.000
    90         21  (g)                -44    79    79   115   115   514   518      6.418      0.353     11.916     13.539      0.000
    91         21  (g)                -44    80    80   116   116   517   519     -1.143      2.114   -300.362    300.372      0.000
    92         21  (g)                -44    81    81   117   117   518   534     -0.846     -0.976    113.012    113.020      0.000
    93         21  (g)                -43    82     0   118   118   534   535     -0.132      0.789    106.878    106.881      0.000
    94         21  (g)                -41   100     0    99    62   536   525      0.000      0.000    102.124    102.124      0.000
    95          2  (u)                -42   101   101    63    63   527     0     -0.000      0.000  -2168.352   2168.352      0.000
    96         21  (g)                -44    64    64   102   102   528   525     -0.711      1.448    101.974    101.987      0.000
    97         21  (g)                -44    65    65   103   103   527   528     -0.506     -2.409    -12.181     12.427      0.000
    98          2  (u)                -44    66    66   104   104   526     0      1.670      0.355  -2148.930   2148.930      0.330
    99         21  (g)                -43    94     0   105   105   536   526     -0.453      0.606     -7.091      7.131      0.000
   100         21  (g)                -41   144   144   106    94   536   537     -0.000      0.000    102.760    102.760      0.000
   101          2  (u)                -42   145   145    95    95   527     0     -0.000      0.000  -2168.352   2168.352      0.000
   102         21  (g)                -44    96    96   146   146   528   525     -0.711      1.448    101.974    101.987      0.000
   103         21  (g)                -44    97    97   147   147   527   528     -0.506     -2.409    -12.181     12.427      0.000
   104          2  (u)                -44    98    98   148   148   526     0      1.670      0.355  -2148.930   2148.930      0.330
   105         21  (g)                -44    99    99   149   149   536   526     -1.119      0.832     -6.830      6.970      0.000
   106         21  (g)                -43   100     0   150   150   525   537      0.666     -0.226      0.374      0.797      0.000
   107         21  (g)                -42   125   125    82    82   513   535     -0.000     -0.000    542.048    542.048      0.000
   108         21  (g)                -41   126   126   119    83   516   538     -0.000      0.000  -1198.136   1198.136      0.000
   109          6  (t)                -44    84    84   127   127   511     0     -1.259    108.682     40.146    207.384    171.997
   110         -6  (tbar)             -44    85    85   128   128     0   514     91.663    -82.625      2.706    213.049    173.648
   111         21  (g)                -44    86    86   129   129   513   515   -106.465    -25.800     18.761    111.142      0.000
   112         21  (g)                -44    87    87   130   130   515   512     -6.084     11.290      1.776     12.948      0.000
   113         21  (g)                -44    88    88   131   131   516   511      5.595     -6.282      2.059      8.661      0.000
   114         21  (g)                -44    89    89   132   132   512   517     11.934     -8.145   -503.771    503.978      0.000
   115         21  (g)                -44    90    90   133   133   514   518      6.418      0.353     11.916     13.539      0.000
   116         21  (g)                -44    91    91   134   134   517   519     -1.143      2.114   -300.362    300.372      0.000
   117         21  (g)                -44    92    92   135   135   518   534     -0.846     -0.976    113.012    113.020      0.000
   118         21  (g)                -44    93    93   136   136   534   535     -0.132      0.789    106.878    106.881      0.000
   119         21  (g)                -43   108     0   137   137   519   538      0.319      0.598   -149.209    149.211      0.000
   120         21  (g)                -42   151   151    67    67   530   531      0.000      0.000     11.512     11.512      0.000
   121         21  (g)                -41   152   152   124    68   539   530      0.000      0.000    -47.110     47.110      0.000
   122         21  (g)                -44    69    69   153   153   532   533      0.259      0.991    -36.670     36.685      0.000
   123         21  (g)                -44    70    70   154   154   533   531     -0.601     -1.416     11.446     11.549      0.000
   124         21  (g)                -43   121     0   155   155   539   532      0.341      0.425    -10.374     10.388      0.000
   125         21  (g)                -61     1     0   107   107   528   526      1.811     -1.946    542.046    542.052      0.000
   126         21  (g)                -61     2     0   108   108   527   537     -0.274     -0.763  -1198.135   1198.135      0.000
   127          6  (t)                -62   109   109   159   160   511     0     -0.865    108.185     40.308    207.153    171.997
   128         -6  (tbar)             -62   110   110   161   162     0   514     91.999    -83.079      2.420    213.367    173.648
   129         21  (g)                -62   111   111   248   248   513   515   -106.259    -26.062     18.912    111.031      0.000
   130         21  (g)                -62   112   112   247   247   515   536     -6.061     11.260      1.803     12.914      0.000
   131         21  (g)                -62   113   113   170   170   516   525      5.612     -6.304      2.040      8.683      0.000
   132         21  (g)                -62   114   114   244   244   512   523     11.820     -8.466   -503.804    504.013      0.000
   133         21  (g)                -62   115   115   197   197   514   524      6.461      0.307     11.905     13.549      0.000
   134         21  (g)                -62   116   116   242   242   517   519     -1.212      1.923   -300.357    300.365      0.000
   135         21  (g)                -62   117   117   195   195   518   521     -0.468     -1.382    113.012    113.021      0.000
   136         21  (g)                -62   118   118   193   193   534   526      0.225      0.406    106.879    106.880      0.000
   137         21  (g)                -62   119   119   241   241   519   537      0.285      0.503   -149.209    149.210      0.000
   138         21  (g)                -61     1     0    56    56   522   522      0.186     -0.929   1280.306   1280.306      0.000
   139         21  (g)                -61     2     0    57    57   520   520     -0.121     -0.026   -152.691    152.692      0.000
   140         21  (g)                -62    58    58   243   243   523   517      2.172     -1.994   -152.589    152.617      0.000
   141         21  (g)                -62    59    59   194   194   521   534     -1.188      2.584   1248.872   1248.875      0.000
   142         21  (g)                -62    60    60   196   196   524   518      0.682     -1.565     15.848     15.940      0.000
   143         21  (g)                -62    61    61   250   250   529   533     -1.600      0.020     15.482     15.565      0.000
   144         21  (g)                -61     1     0   100   100   526   537      0.086      0.840    102.758    102.762      0.000
   145          2  (u)                -61     2     0   101   101   537     0      1.744      0.463  -2168.356   2168.356      0.000
   146         21  (g)                -62   102   102   251   251   528   529     -0.626      2.282    101.967    101.994      0.000
   147         21  (g)                -62   103   103   171   171   527   516     -0.496     -2.406    -12.171     12.417      0.000
   148          2  (u)                -62   104   104   192   192   526     0      3.398      0.814  -2148.935   2148.938      0.330
   149         21  (g)                -62   105   105   246   246   536   532     -1.113      0.834     -6.833      6.973      0.000
   150         21  (g)                -62   106   106   169   169   525   511      0.667     -0.221      0.375      0.796      0.000
   151         21  (g)                -61     1     0   120   120   530   530     -1.582      0.967     11.454     11.603      0.000
   152         21  (g)                -61     2     0   121   121   531   531     -0.651      0.964    -47.123     47.137      0.000
   153         21  (g)                -62   122   122   167     0   532   539     -0.249      1.743    -36.696     36.738      0.000
   154         21  (g)                -62   123   123   249   249   533   513     -2.181     -0.449     11.396     11.611      0.000
   155         21  (g)                -62   124   124   167     0   539   512      0.197      0.638    -10.369     10.391      0.000
   156       2101  (ud_0)             -63     1     0   252   252     0   528     -0.163      0.546   4376.446   4376.446      0.579
   157          2  (u)                -63     1     0   240   240   537     0     -0.338      0.521    186.903    186.904      0.330
   158       2101  (ud_0)             -63     2     0   172   172     0   527     -0.698     -0.638  -2933.607   2933.607      0.579
   159          5  (b)                -23   127     0   168   168   511     0    -32.940    -19.773     37.752     54.087      4.920
   160         24  (W+)               -22   127     0   163   164     0     0     32.075    127.958      2.557    153.066     77.593
   161         -5  (bbar)             -23   128     0   198   198     0   514     33.603    -10.942    -64.001     73.275      4.920
   162        -24  (W-)               -22   128     0   165   166     0     0     58.397    -72.137     66.421    140.092     81.241
   163        -13  mu+                 23   160     0     0     0     0     0     51.734     99.376    -16.883    113.300      0.106
   164         14  nu_mu               23   160     0     0     0     0     0    -19.659     28.583     19.440     39.766      0.000
   165         11  e-                  23   162     0     0     0     0     0     12.568    -21.526    -18.563     31.079      0.001
   166        -12  nu_ebar             23   162     0     0     0     0     0     45.829    -50.611     84.983    109.013      0.000
   167         21  (g)                -73   153   155   245   245   532   512     -0.052      2.381    -47.065     47.129      0.572
   168          5  (b)                -71   159   159   173   191   511     0    -32.940    -19.773     37.752     54.087      4.920
   169         21  (g)                -71   150   150   173   191   525   511      0.667     -0.221      0.375      0.796      0.000
   170         21  (g)                -71   131   131   173   191   516   525      5.612     -6.304      2.040      8.683      0.000
   171         21  (g)                -71   147   147   173   191   527   516     -0.496     -2.406    -12.171     12.417      0.000
   172       2101  (ud_0)             -71   158   158   173   191     0   527     -0.698     -0.638  -2933.607   2933.607      0.579
   173       -531  (B_sbar0)          -83   168   172   389   390     0     0    -32.742    -19.895     37.822     54.103      5.367
   174       -321  K-                  83   168   172     0     0     0     0      1.239     -0.756      0.520      1.619      0.494
   175        221  (eta)              -83   168   172   391   392     0     0      0.462     -1.377      0.367      1.595      0.548
   176        211  pi+                 83   168   172     0     0     0     0      0.711     -0.546      0.387      0.986      0.140
   177       -211  pi-                 83   168   172     0     0     0     0      1.286     -1.710      0.097      2.146      0.140
   178        111  (pi0)              -83   168   172   393   394     0     0      1.238     -0.738     -0.162      1.457      0.135
   179        211  pi+                 83   168   172     0     0     0     0      0.211     -0.166      0.215      0.371      0.140
   180       2112  n0                  83   168   172     0     0     0     0      0.631     -1.356      0.252      1.784      0.940
   181      -2112  nbar0               83   168   172     0     0     0     0      0.252     -0.179     -2.136      2.354      0.940
   182       -211  pi-                 84   168   172     0     0     0     0      0.046     -1.299     -8.583      8.682      0.140
   183        213  (rho+)             -84   168   172   316   317     0     0     -0.008     -0.422     -6.441      6.521      0.925
   184        313  (K*0)              -84   168   172   318   319     0     0     -0.797      0.219    -70.839     70.848      0.822
   185       -313  (K*bar0)           -84   168   172   320   321     0     0      0.134     -0.339    -74.475     74.481      0.864
   186       -211  pi-                 84   168   172     0     0     0     0      0.300     -0.728   -106.684    106.687      0.140
   187        221  (eta)              -84   168   172   395   397     0     0     -0.753      0.365   -275.893    275.895      0.548
   188        213  (rho+)             -84   168   172   322   323     0     0      0.518      0.034   -585.331    585.332      0.963
   189       -211  pi-                 84   168   172     0     0     0     0      0.051      0.057   -226.676    226.676      0.140
   190       2212  p+                  84   168   172     0     0     0     0     -0.961      0.005   -730.281    730.283      0.938
   191        221  (eta)              -84   168   172   398   400     0     0      0.327     -0.512   -857.769    857.770      0.548
   192          2  (u)                -71   148   148   199   239   526     0      3.398      0.814  -2148.935   2148.938      0.330
   193         21  (g)                -71   136   136   199   239   534   526      0.225      0.406    106.879    106.880      0.000
   194         21  (g)                -71   141   141   199   239   521   534     -1.188      2.584   1248.872   1248.875      0.000
   195         21  (g)                -71   135   135   199   239   518   521     -0.468     -1.382    113.012    113.021      0.000
   196         21  (g)                -71   142   142   199   239   524   518      0.682     -1.565     15.848     15.940      0.000
   197         21  (g)                -71   133   133   199   239   514   524      6.461      0.307     11.905     13.549      0.000
   198         -5  (bbar)             -71   161   161   199   239     0   514     33.603    -10.942    -64.001     73.275      4.920
   199        211  pi+                 83   192   198     0     0     0     0      0.054     -0.032    -27.250     27.251      0.140
   200       -213  (rho-)             -83   192   198   324   325     0     0      2.027      0.618  -1600.475   1600.477      1.137
   201        223  (omega)            -83   192   198   401   403     0     0      0.415      0.105   -170.709    170.712      0.788
   202        111  (pi0)              -83   192   198   404   405     0     0      0.620      0.300   -177.342    177.343      0.135
   203        211  pi+                 83   192   198     0     0     0     0     -0.001     -0.542   -110.802    110.803      0.140
   204       -213  (rho-)             -83   192   198   326   327     0     0      0.247      0.132    -35.598     35.617      1.137
   205        113  (rho0)             -83   192   198   328   329     0     0     -0.581      0.412    -12.478     12.533      0.935
   206        211  pi+                 83   192   198     0     0     0     0      1.010     -0.310     -8.933      8.996      0.140
   207       2112  n0                  83   192   198     0     0     0     0     -0.261      0.032     -2.279      2.479      0.940
   208        111  (pi0)              -83   192   198   406   407     0     0     -0.331      0.266     -0.811      0.925      0.135
   209      -2212  pbar-               83   192   198     0     0     0     0      0.430     -0.225     -1.000      1.455      0.938
   210        211  pi+                 83   192   198     0     0     0     0     -0.100     -0.160     -0.403      0.466      0.140
   211        223  (omega)            -83   192   198   408   410     0     0     -0.204      0.194      0.400      0.918      0.777
   212        311  (K0)               -83   192   198   330   330     0     0      0.288      0.133      5.235      5.269      0.498
   213       -311  (Kbar0)            -83   192   198   331   331     0     0     -0.564     -0.162      4.697      4.759      0.498
   214        113  (rho0)             -83   192   198   332   333     0     0     -0.036      0.369      3.791      3.858      0.614
   215        311  (K0)               -83   192   198   334   334     0     0      0.364     -0.252      4.330      4.381      0.498
   216       -313  (K*bar0)           -83   192   198   335   336     0     0     -0.280      0.930    371.137    371.140      0.897
   217       -211  pi-                 83   192   198     0     0     0     0      0.489     -0.013     45.638     45.641      0.140
   218        211  pi+                 84   192   198     0     0     0     0     -1.024      0.896    453.586    453.588      0.140
   219       2112  n0                  84   192   198     0     0     0     0      0.118      0.582    409.217    409.218      0.940
   220      -2212  pbar-               84   192   198     0     0     0     0     -0.294     -0.033     60.783     60.791      0.938
   221        321  K+                  84   192   198     0     0     0     0      0.025     -0.219     24.727     24.733      0.494
   222       -323  (K*-)              -84   192   198   337   338     0     0     -0.375     -0.427     50.580     50.589      0.778
   223        111  (pi0)              -84   192   198   411   412     0     0      0.575     -0.619     15.350     15.374      0.135
   224        211  pi+                 84   192   198     0     0     0     0     -0.389     -0.235      6.714      6.731      0.140
   225        311  (K0)               -84   192   198   339   339     0     0      0.114     -0.058      8.924      8.939      0.498
   226       -323  (K*-)              -84   192   198   340   341     0     0      0.015     -0.154     12.571     12.603      0.891
   227        113  (rho0)             -84   192   198   342   343     0     0      0.741      0.033      2.751      2.951      0.769
   228        111  (pi0)              -84   192   198   413   414     0     0      2.328     -0.292      5.415      5.903      0.135
   229        111  (pi0)              -84   192   198   415   416     0     0      0.073      0.310      0.468      0.582      0.135
   230        223  (omega)            -84   192   198   417   419     0     0      0.785     -0.323      4.563      4.712      0.811
   231        111  (pi0)              -84   192   198   420   421     0     0      0.684     -0.142      1.808      1.943      0.135
   232        111  (pi0)              -84   192   198   422   423     0     0      1.259     -0.210      0.883      1.558      0.135
   233        211  pi+                 84   192   198     0     0     0     0      0.092      0.075      0.152      0.238      0.140
   234        113  (rho0)             -84   192   198   344   345     0     0      0.876     -0.370      0.427      1.253      0.697
   235       2112  n0                  84   192   198     0     0     0     0      0.000      0.638      0.119      1.142      0.940
   236      -2212  pbar-               84   192   198     0     0     0     0      0.529     -0.838     -0.942      1.658      0.938
   237        111  (pi0)              -84   192   198   424   425     0     0      2.049     -0.303     -3.311      3.908      0.135
   238        211  pi+                 84   192   198     0     0     0     0      4.421     -1.049     -7.679      8.923      0.140
   239        513  (B*0)              -84   192   198   426   427     0     0     26.523     -8.835    -50.674     58.119      5.325
   240          2  (u)                -71   157   157   253   315   537     0     -0.338      0.521    186.903    186.904      0.330
   241         21  (g)                -71   137   137   253   315   519   537      0.285      0.503   -149.209    149.210      0.000
   242         21  (g)                -71   134   134   253   315   517   519     -1.212      1.923   -300.357    300.365      0.000
   243         21  (g)                -71   140   140   253   315   523   517      2.172     -1.994   -152.589    152.617      0.000
   244         21  (g)                -71   132   132   253   315   512   523     11.820     -8.466   -503.804    504.013      0.000
   245         21  (g)                -71   167   167   253   315   532   512     -0.052      2.381    -47.065     47.129      0.572
   246         21  (g)                -71   149   149   253   315   536   532     -1.113      0.834     -6.833      6.973      0.000
   247         21  (g)                -71   130   130   253   315   515   536     -6.061     11.260      1.803     12.914      0.000
   248         21  (g)                -71   129   129   253   315   513   515   -106.259    -26.062     18.912    111.031      0.000
   249         21  (g)                -71   154   154   253   315   533   513     -2.181     -0.449     11.396     11.611      0.000
   250         21  (g)                -71   143   143   253   315   529   533     -1.600      0.020     15.482     15.565      0.000
   251         21  (g)                -71   146   146   253   315   528   529     -0.626      2.282    101.967    101.994      0.000
   252       2101  (ud_0)             -71   156   156   253   315     0   528     -0.163      0.546   4376.446   4376.446      0.579
   253       2212  p+                  83   240   252     0     0     0     0     -0.371     -0.010     54.783     54.793      0.938
   254      -2212  pbar-               83   240   252     0     0     0     0      0.467      0.459     83.895     83.903      0.938
   255        223  (omega)            -83   240   252   428   430     0     0     -0.481     -0.037     34.583     34.595      0.784
   256        213  (rho+)             -83   240   252   346   347     0     0      0.162      0.486      9.277      9.322      0.759
   257        311  (K0)               -83   240   252   348   348     0     0     -0.330     -0.506      3.053      3.152      0.498
   258       -321  K-                  83   240   252     0     0     0     0     -0.012      0.027      0.697      0.854      0.494
   259        213  (rho+)             -83   240   252   349   350     0     0     -0.257     -0.103     -0.137      0.863      0.806
   260       -213  (rho-)             -83   240   252   351   352     0     0      0.703      0.126     -3.748      3.889      0.751
   261        213  (rho+)             -83   240   252   353   354     0     0     -0.166      0.071    -30.338     30.348      0.758
   262        311  (K0)               -83   240   252   355   355     0     0      0.363      0.676    -28.668     28.682      0.498
   263       -311  (Kbar0)            -83   240   252   356   356     0     0     -0.942      0.403   -146.746    146.750      0.498
   264        223  (omega)            -83   240   252   431   433     0     0      0.426     -0.063    -25.515     25.531      0.776
   265       2214  (Delta+)           -83   240   252   357   358     0     0      0.243      0.437   -236.004    236.007      1.191
   266       -213  (rho-)             -83   240   252   359   360     0     0      0.371     -0.240    -29.823     29.835      0.727
   267      -2212  pbar-               83   240   252     0     0     0     0      0.335     -0.285    -54.076     54.086      0.938
   268        223  (omega)            -83   240   252   434   436     0     0      6.886     -4.374   -352.517    352.612      0.790
   269        211  pi+                 83   240   252     0     0     0     0      3.239     -3.292   -122.090    122.178      0.140
   270        111  (pi0)              -83   240   252   437   438     0     0      0.995     -0.398    -28.350     28.371      0.135
   271        111  (pi0)              -83   240   252   439   440     0     0      0.446     -0.058    -29.988     29.992      0.135
   272       -211  pi-                 83   240   252     0     0     0     0      0.567     -0.284    -10.551     10.571      0.140
   273        111  (pi0)              -83   240   252   441   442     0     0     -0.315      0.500    -22.084     22.092      0.135
   274        221  (eta)              -83   240   252   443   445     0     0      0.019      0.370     -5.941      5.978      0.548
   275        213  (rho+)             -83   240   252   361   362     0     0     -0.218      0.428    -16.951     16.975      0.769
   276        223  (omega)            -83   240   252   446   448     0     0      0.013      1.144     -9.815      9.913      0.787
   277        113  (rho0)             -83   240   252   363   364     0     0     -0.051      0.134     -2.120      2.380      1.071
   278       -211  pi-                 83   240   252     0     0     0     0     -0.384      0.504     -2.366      2.454      0.140
   279        111  (pi0)              -83   240   252   449   450     0     0      0.022     -0.083     -0.107      0.192      0.135
   280        211  pi+                 83   240   252     0     0     0     0     -0.248     -0.229     -0.478      0.601      0.140
   281        111  (pi0)              -83   240   252   451   452     0     0     -1.308      1.675     -0.278      2.147      0.135
   282       -211  pi-                 83   240   252     0     0     0     0      0.013      1.358     -0.090      1.368      0.140
   283        213  (rho+)             -84   240   252   365   366     0     0     -1.867      2.582      0.461      3.315      0.789
   284        113  (rho0)             -84   240   252   367   368     0     0     -0.804      1.445      0.245      1.838      0.764
   285       -211  pi-                 84   240   252     0     0     0     0     -0.337      0.400     -0.209      0.581      0.140
   286        113  (rho0)             -84   240   252   369   370     0     0     -1.019      1.590      0.829      2.194      0.750
   287        211  pi+                 84   240   252     0     0     0     0     -1.288      0.637      0.060      1.445      0.140
   288        111  (pi0)              -84   240   252   453   454     0     0      0.206      0.510     -0.123      0.579      0.135
   289        311  (K0)               -84   240   252   371   371     0     0     -2.420     -0.134      0.652      2.558      0.498
   290       -311  (Kbar0)            -84   240   252   372   372     0     0     -2.783     -0.856      0.498      2.996      0.498
   291        111  (pi0)              -84   240   252   455   457     0     0     -1.915      0.126      0.122      1.928      0.135
   292       -211  pi-                 84   240   252     0     0     0     0     -1.620     -0.670      0.729      1.903      0.140
   293       2212  p+                  84   240   252     0     0     0     0    -28.300     -6.496      4.655     29.422      0.938
   294      -2212  pbar-               84   240   252     0     0     0     0    -15.743     -4.181      2.818     16.557      0.938
   295        213  (rho+)             -84   240   252   373   374     0     0    -40.260     -9.653      7.114     42.013      0.700
   296        313  (K*0)              -84   240   252   375   376     0     0     -5.489     -1.675      1.287      5.958      0.954
   297       -313  (K*bar0)           -84   240   252   377   378     0     0     -4.537     -1.210      1.247      4.940      0.898
   298       -213  (rho-)             -84   240   252   379   380     0     0     -0.821     -0.057      0.459      1.233      0.794
   299       2212  p+                  84   240   252     0     0     0     0     -1.776      0.090      0.403      2.050      0.938
   300      -2112  nbar0               84   240   252     0     0     0     0     -1.208     -0.537      6.049      6.263      0.940
   301       -211  pi-                 84   240   252     0     0     0     0     -0.079     -0.277      2.632      2.651      0.140
   302        111  (pi0)              -84   240   252   458   459     0     0     -0.420      0.155      1.652      1.717      0.135
   303        111  (pi0)              -84   240   252   460   461     0     0     -0.428      0.122      2.959      2.995      0.135
   304        211  pi+                 84   240   252     0     0     0     0     -0.289     -0.290      4.579      4.600      0.140
   305       -211  pi-                 84   240   252     0     0     0     0     -0.281     -0.374      2.237      2.289      0.140
   306        213  (rho+)             -84   240   252   381   382     0     0     -0.910      0.457     13.581     13.650      0.914
   307       -211  pi-                 84   240   252     0     0     0     0      0.086      0.192     46.905     46.906      0.140
   308        211  pi+                 84   240   252     0     0     0     0     -0.470      1.098     29.061     29.086      0.140
   309       -211  pi-                 84   240   252     0     0     0     0      0.047     -0.343      5.923      5.935      0.140
   310        223  (omega)            -84   240   252   462   463     0     0     -0.078      0.423     79.630     79.635      0.784
   311        211  pi+                 84   240   252     0     0     0     0     -0.874      0.114    161.796    161.799      0.140
   312        111  (pi0)              -84   240   252   464   465     0     0      0.509     -0.151     65.411     65.413      0.135
   313        113  (rho0)             -84   240   252   383   384     0     0     -0.083      0.425     89.552     89.557      0.857
   314       -211  pi-                 84   240   252     0     0     0     0     -0.385      0.842   1042.227   1042.228      0.140
   315       2212  p+                  84   240   252     0     0     0     0      0.120      0.159   2950.106   2950.107      0.938
   316        211  pi+                 91   183     0     0     0     0     0     -0.213     -0.510     -2.229      2.301      0.140
   317        111  (pi0)              -91   183     0   466   467     0     0      0.204      0.088     -4.212      4.220      0.135
   318        311  (K0)               -91   184     0   385   385     0     0     -0.702     -0.034    -50.721     50.729      0.498
   319        111  (pi0)              -91   184     0   468   469     0     0     -0.095      0.254    -20.117     20.119      0.135
   320       -311  (Kbar0)            -91   185     0   386   386     0     0      0.304     -0.231    -38.592     38.597      0.498
   321        111  (pi0)              -91   185     0   470   471     0     0     -0.169     -0.108    -35.884     35.884      0.135
   322        211  pi+                 91   188     0     0     0     0     0      0.087      0.064   -481.848    481.848      0.140
   323        111  (pi0)              -91   188     0   472   473     0     0      0.431     -0.031   -103.484    103.485      0.135
   324       -211  pi-                 91   200     0     0     0     0     0     -0.068      0.217   -192.399    192.400      0.140
   325        111  (pi0)              -91   200     0   474   475     0     0      2.095      0.402  -1408.076   1408.078      0.135
   326       -211  pi-                 91   204     0     0     0     0     0      0.372     -0.142     -5.095      5.112      0.140
   327        111  (pi0)              -91   204     0   476   477     0     0     -0.125      0.274    -30.503     30.505      0.135
   328        211  pi+                 91   205     0     0     0     0     0      0.119      0.084     -0.684      0.713      0.140
   329       -211  pi-                 91   205     0     0     0     0     0     -0.700      0.329    -11.795     11.821      0.140
   330        130  K_L0                91   212   212     0     0     0     0      0.288      0.133      5.235      5.269      0.498
   331        130  K_L0                91   213   213     0     0     0     0     -0.564     -0.162      4.697      4.759      0.498
   332        211  pi+                 91   214     0     0     0     0     0     -0.036      0.291      3.574      3.589      0.140
   333       -211  pi-                 91   214     0     0     0     0     0      0.001      0.077      0.217      0.269      0.140
   334        130  K_L0                91   215   215     0     0     0     0      0.364     -0.252      4.330      4.381      0.498
   335       -321  K-                  91   216     0     0     0     0     0     -0.122      0.697    331.022    331.024      0.494
   336        211  pi+                 91   216     0     0     0     0     0     -0.158      0.233     40.115     40.116      0.140
   337       -311  (Kbar0)            -91   222     0   387   387     0     0     -0.331     -0.432     47.474     47.480      0.498
   338       -211  pi-                 91   222     0     0     0     0     0     -0.044      0.005      3.105      3.109      0.140
   339        130  K_L0                91   225   225     0     0     0     0      0.114     -0.058      8.924      8.939      0.498
   340       -311  (Kbar0)            -91   226     0   388   388     0     0      0.089     -0.254     11.647     11.660      0.498
   341       -211  pi-                 91   226     0     0     0     0     0     -0.074      0.100      0.924      0.943      0.140
   342        211  pi+                 91   227     0     0     0     0     0      0.117      0.173      0.210      0.328      0.140
   343       -211  pi-                 91   227     0     0     0     0     0      0.624     -0.140      2.540      2.623      0.140
   344        211  pi+                 91   234     0     0     0     0     0      0.178     -0.015     -0.149      0.271      0.140
   345       -211  pi-                 91   234     0     0     0     0     0      0.698     -0.354      0.577      0.982      0.140
   346        211  pi+                 91   256     0     0     0     0     0      0.425      0.194      5.741      5.762      0.140
   347        111  (pi0)              -91   256     0   478   479     0     0     -0.263      0.292      3.535      3.560      0.135
   348        130  K_L0                91   257   257     0     0     0     0     -0.330     -0.506      3.053      3.152      0.498
   349        211  pi+                 91   259     0     0     0     0     0     -0.345      0.004      0.238      0.442      0.140
   350        111  (pi0)              -91   259     0   480   481     0     0      0.087     -0.107     -0.375      0.422      0.135
   351       -211  pi-                 91   260     0     0     0     0     0      0.239     -0.287     -1.567      1.617      0.140
   352        111  (pi0)              -91   260     0   482   483     0     0      0.464      0.413     -2.181      2.272      0.135
   353        211  pi+                 91   261     0     0     0     0     0      0.164      0.142    -22.602     22.603      0.140
   354        111  (pi0)              -91   261     0   484   485     0     0     -0.330     -0.070     -7.736      7.744      0.135
   355        310  K_S0                91   262   262     0     0     0     0      0.363      0.676    -28.668     28.682      0.498
   356        130  K_L0                91   263   263     0     0     0     0     -0.942      0.403   -146.746    146.750      0.498
   357       2212  p+                  91   265     0     0     0     0     0      0.378      0.427   -195.072    195.075      0.938
   358        111  (pi0)              -91   265     0   486   487     0     0     -0.135      0.011    -40.932     40.933      0.135
   359       -211  pi-                 91   266     0     0     0     0     0      0.124      0.029     -1.889      1.898      0.140
   360        111  (pi0)              -91   266     0   488   489     0     0      0.247     -0.269    -27.934     27.937      0.135
   361        211  pi+                 91   275     0     0     0     0     0     -0.113      0.094     -1.028      1.048      0.140
   362        111  (pi0)              -91   275     0   490   491     0     0     -0.104      0.335    -15.923     15.928      0.135
   363        211  pi+                 91   277     0     0     0     0     0      0.001      0.544     -1.625      1.720      0.140
   364       -211  pi-                 91   277     0     0     0     0     0     -0.052     -0.410     -0.495      0.660      0.140
   365        211  pi+                 91   283     0     0     0     0     0     -1.330      2.033      0.637      2.516      0.140
   366        111  (pi0)              -91   283     0   492   493     0     0     -0.537      0.549     -0.176      0.799      0.135
   367        211  pi+                 91   284     0     0     0     0     0     -0.757      1.170     -0.060      1.402      0.140
   368       -211  pi-                 91   284     0     0     0     0     0     -0.047      0.275      0.305      0.436      0.140
   369        211  pi+                 91   286     0     0     0     0     0     -0.508      0.690      0.750      1.147      0.140
   370       -211  pi-                 91   286     0     0     0     0     0     -0.511      0.900      0.079      1.047      0.140
   371        130  K_L0                91   289   289     0     0     0     0     -2.420     -0.134      0.652      2.558      0.498
   372        310  K_S0                91   290   290     0     0     0     0     -2.783     -0.856      0.498      2.996      0.498
   373        211  pi+                 91   295     0     0     0     0     0    -23.317     -5.756      4.405     24.418      0.140
   374        111  (pi0)              -91   295     0   494   495     0     0    -16.942     -3.898      2.709     17.595      0.135
   375        321  K+                  91   296     0     0     0     0     0     -3.716     -0.883      1.085      4.001      0.494
   376       -211  pi-                 91   296     0     0     0     0     0     -1.774     -0.792      0.203      1.958      0.140
   377       -321  K-                  91   297     0     0     0     0     0     -4.055     -1.008      1.283      4.399      0.494
   378        211  pi+                 91   297     0     0     0     0     0     -0.481     -0.201     -0.035      0.541      0.140
   379       -211  pi-                 91   298     0     0     0     0     0     -0.695      0.042     -0.019      0.711      0.140
   380        111  (pi0)              -91   298     0   496   497     0     0     -0.126     -0.099      0.478      0.522      0.135
   381        211  pi+                 91   306     0     0     0     0     0      0.047      0.158      5.694      5.698      0.140
   382        111  (pi0)              -91   306     0   498   499     0     0     -0.958      0.300      7.887      7.952      0.135
   383        211  pi+                 91   313     0     0     0     0     0      0.176     -0.035      7.749      7.752      0.140
   384       -211  pi-                 91   313     0     0     0     0     0     -0.259      0.459     81.803     81.805      0.140
   385        310  K_S0                91   318   318     0     0     0     0     -0.702     -0.034    -50.721     50.729      0.498
   386        310  K_S0                91   320   320     0     0     0     0      0.304     -0.231    -38.592     38.597      0.498
   387        310  (K_S0)             -91   337   337   500   501     0     0     -0.331     -0.432     47.474     47.480      0.498
   388        130  K_L0                91   340   340     0     0     0     0      0.089     -0.254     11.647     11.660      0.498
   389        431  (D_s+)             -92   173     0   502   503     0     0     -7.972     -3.777      9.765     13.305      1.968
   390       -431  (D_s-)             -92   173     0   504   505     0     0    -24.771    -16.118     28.058     40.798      1.968
   391         22  gamma               91   175     0     0     0     0     0      0.218     -0.789      0.480      0.949      0.000
   392         22  gamma               91   175     0     0     0     0     0      0.244     -0.587     -0.112      0.646      0.000
   393         22  gamma               91   178     0     0     0     0     0      0.851     -0.436     -0.125      0.965      0.000
   394         22  gamma               91   178     0     0     0     0     0      0.387     -0.302     -0.037      0.492      0.000
   395        211  pi+                 91   187     0     0     0     0     0     -0.273      0.049   -100.131    100.131      0.140
   396       -211  pi-                 91   187     0     0     0     0     0     -0.275      0.284    -79.151     79.153      0.140
   397         22  gamma               91   187     0     0     0     0     0     -0.206      0.033    -96.611     96.611      0.000
   398        111  (pi0)              -91   191     0   506   507     0     0      0.151     -0.301   -548.541    548.541      0.135
   399        111  (pi0)              -91   191     0   508   509     0     0      0.046     -0.091   -179.146    179.146      0.135
   400        111  (pi0)              -91   191     0   510   511     0     0      0.130     -0.121   -130.082    130.082      0.135
   401        211  pi+                 91   201     0     0     0     0     0      0.305     -0.138    -96.826     96.827      0.140
   402       -211  pi-                 91   201     0     0     0     0     0      0.017      0.074    -54.551     54.552      0.140
   403        111  (pi0)              -91   201     0   512   513     0     0      0.093      0.170    -19.332     19.333      0.135
   404         22  gamma               91   202     0     0     0     0     0      0.387      0.186   -126.330    126.331      0.000
   405         22  gamma               91   202     0     0     0     0     0      0.233      0.114    -51.012     51.013      0.000
   406         22  gamma               91   208     0     0     0     0     0     -0.098      0.013     -0.141      0.172      0.000
   407         22  gamma               91   208     0     0     0     0     0     -0.233      0.253     -0.670      0.753      0.000
   408        211  pi+                 91   211     0     0     0     0     0     -0.199     -0.136     -0.014      0.279      0.140
   409       -211  pi-                 91   211     0     0     0     0     0      0.036      0.158      0.060      0.222      0.140
   410        111  (pi0)              -91   211     0   514   515     0     0     -0.041      0.171      0.353      0.417      0.135
   411         22  gamma               91   223     0     0     0     0     0      0.447     -0.468     12.675     12.691      0.000
   412         22  gamma               91   223     0     0     0     0     0      0.128     -0.151      2.675      2.683      0.000
   413         22  gamma               91   228     0     0     0     0     0      0.974     -0.152      2.126      2.343      0.000
   414         22  gamma               91   228     0     0     0     0     0      1.354     -0.140      3.289      3.560      0.000
   415         22  gamma               91   229     0     0     0     0     0      0.069      0.127      0.117      0.186      0.000
   416         22  gamma               91   229     0     0     0     0     0      0.004      0.183      0.351      0.396      0.000
   417        211  pi+                 91   230     0     0     0     0     0      0.355     -0.333      2.669      2.716      0.140
   418       -211  pi-                 91   230     0     0     0     0     0      0.200      0.130      1.348      1.376      0.140
   419        111  (pi0)              -91   230     0   516   517     0     0      0.229     -0.119      0.547      0.619      0.135
   420         22  gamma               91   231     0     0     0     0     0      0.057      0.004      0.074      0.094      0.000
   421         22  gamma               91   231     0     0     0     0     0      0.627     -0.145      1.734      1.849      0.000
   422         22  gamma               91   232     0     0     0     0     0      0.840     -0.108      0.651      1.068      0.000
   423         22  gamma               91   232     0     0     0     0     0      0.419     -0.102      0.232      0.490      0.000
   424         22  gamma               91   237     0     0     0     0     0      0.505     -0.109     -0.738      0.900      0.000
   425         22  gamma               91   237     0     0     0     0     0      1.544     -0.194     -2.573      3.007      0.000
   426        511  (B0)               -91   239     0   518   522     0     0     26.264     -8.711    -50.215     57.577      5.280
   427         22  gamma               91   239     0     0     0     0     0      0.259     -0.124     -0.460      0.542      0.000
   428        211  pi+                 91   255     0     0     0     0     0     -0.311      0.025     13.529     13.533      0.140
   429       -211  pi-                 91   255     0     0     0     0     0     -0.270     -0.197     12.322     12.328      0.140
   430        111  (pi0)              -91   255     0   523   524     0     0      0.099      0.135      8.731      8.734      0.135
   431        211  pi+                 91   264     0     0     0     0     0     -0.099     -0.026     -6.004      6.006      0.140
   432       -211  pi-                 91   264     0     0     0     0     0      0.368      0.131    -14.415     14.420      0.140
   433        111  (pi0)              -91   264     0   525   526     0     0      0.157     -0.168     -5.097      5.104      0.135
   434        211  pi+                 91   268     0     0     0     0     0      2.003     -1.101    -89.067     89.097      0.140
   435       -211  pi-                 91   268     0     0     0     0     0      2.857     -1.881   -148.086    148.126      0.140
   436        111  (pi0)              -91   268     0   527   528     0     0      2.025     -1.392   -115.363    115.389      0.135
   437         22  gamma               91   270     0     0     0     0     0      0.088     -0.077     -3.490      3.492      0.000
   438         22  gamma               91   270     0     0     0     0     0      0.907     -0.321    -24.860     24.879      0.000
   439         22  gamma               91   271     0     0     0     0     0      0.242     -0.061    -20.247     20.248      0.000
   440         22  gamma               91   271     0     0     0     0     0      0.204      0.003     -9.741      9.743      0.000
   441         22  gamma               91   273     0     0     0     0     0     -0.130      0.110     -5.130      5.133      0.000
   442         22  gamma               91   273     0     0     0     0     0     -0.185      0.390    -16.954     16.959      0.000
   443        211  pi+                 91   274     0     0     0     0     0      0.139      0.202     -3.845      3.855      0.140
   444       -211  pi-                 91   274     0     0     0     0     0     -0.151      0.134     -1.187      1.212      0.140
   445         22  gamma               91   274     0     0     0     0     0      0.031      0.033     -0.909      0.910      0.000
   446        211  pi+                 91   276     0     0     0     0     0     -0.086      0.968     -7.294      7.359      0.140
   447       -211  pi-                 91   276     0     0     0     0     0      0.002      0.136     -1.859      1.869      0.140
   448        111  (pi0)              -91   276     0   529   530     0     0      0.097      0.039     -0.663      0.684      0.135
   449         22  gamma               91   279     0     0     0     0     0     -0.051     -0.057     -0.025      0.080      0.000
   450         22  gamma               91   279     0     0     0     0     0      0.073     -0.027     -0.082      0.112      0.000
   451         22  gamma               91   281     0     0     0     0     0     -1.197      1.525     -0.291      1.960      0.000
   452         22  gamma               91   281     0     0     0     0     0     -0.110      0.150      0.013      0.187      0.000
   453         22  gamma               91   288     0     0     0     0     0      0.185      0.356     -0.136      0.423      0.000
   454         22  gamma               91   288     0     0     0     0     0      0.021      0.154      0.013      0.156      0.000
   455         22  gamma               91   291     0     0     0     0     0     -0.243     -0.005      0.056      0.250      0.000
   456         11  e-                  91   291     0     0     0     0     0     -0.639      0.046      0.026      0.641      0.001
   457        -11  e+                  91   291     0     0     0     0     0     -1.033      0.085      0.041      1.037      0.001
   458         22  gamma               91   302     0     0     0     0     0     -0.288      0.041      0.954      0.998      0.000
   459         22  gamma               91   302     0     0     0     0     0     -0.131      0.114      0.697      0.719      0.000
   460         22  gamma               91   303     0     0     0     0     0      0.006      0.013      0.051      0.053      0.000
   461         22  gamma               91   303     0     0     0     0     0     -0.434      0.109      2.908      2.942      0.000
   462        111  (pi0)              -91   310     0   531   532     0     0      0.093      0.389     75.665     75.666      0.135
   463         22  gamma               91   310     0     0     0     0     0     -0.171      0.034      3.965      3.969      0.000
   464         22  gamma               91   312     0     0     0     0     0      0.442     -0.090     50.335     50.337      0.000
   465         22  gamma               91   312     0     0     0     0     0      0.067     -0.061     15.076     15.076      0.000
   466         22  gamma               91   317     0     0     0     0     0      0.026      0.062     -0.645      0.648      0.000
   467         22  gamma               91   317     0     0     0     0     0      0.178      0.027     -3.567      3.572      0.000
   468         22  gamma               91   319     0     0     0     0     0     -0.117      0.231    -15.514     15.516      0.000
   469         22  gamma               91   319     0     0     0     0     0      0.022      0.023     -4.604      4.604      0.000
   470         22  gamma               91   321     0     0     0     0     0     -0.024      0.007     -0.950      0.950      0.000
   471         22  gamma               91   321     0     0     0     0     0     -0.146     -0.116    -34.934     34.935      0.000
   472         22  gamma               91   323     0     0     0     0     0      0.008     -0.009    -12.207     12.207      0.000
   473         22  gamma               91   323     0     0     0     0     0      0.423     -0.022    -91.276     91.277      0.000
   474         22  gamma               91   325     0     0     0     0     0      1.143      0.188   -724.936    724.937      0.000
   475         22  gamma               91   325     0     0     0     0     0      0.951      0.214   -683.140    683.141      0.000
   476         22  gamma               91   327     0     0     0     0     0     -0.146      0.172    -21.091     21.092      0.000
   477         22  gamma               91   327     0     0     0     0     0      0.021      0.102     -9.412      9.413      0.000
   478         22  gamma               91   347     0     0     0     0     0     -0.044      0.032      0.210      0.217      0.000
   479         22  gamma               91   347     0     0     0     0     0     -0.219      0.260      3.326      3.343      0.000
   480         22  gamma               91   350     0     0     0     0     0      0.052     -0.111     -0.364      0.385      0.000
   481         22  gamma               91   350     0     0     0     0     0      0.035      0.005     -0.011      0.037      0.000
   482         22  gamma               91   352     0     0     0     0     0      0.432      0.399     -2.133      2.213      0.000
   483         22  gamma               91   352     0     0     0     0     0      0.031      0.014     -0.048      0.059      0.000
   484         22  gamma               91   354     0     0     0     0     0     -0.025     -0.033     -1.897      1.897      0.000
   485         22  gamma               91   354     0     0     0     0     0     -0.305     -0.037     -5.839      5.847      0.000
   486         22  gamma               91   358     0     0     0     0     0     -0.074     -0.024    -34.008     34.008      0.000
   487         22  gamma               91   358     0     0     0     0     0     -0.061      0.035     -6.924      6.924      0.000
   488         22  gamma               91   360     0     0     0     0     0      0.040     -0.025     -8.079      8.079      0.000
   489         22  gamma               91   360     0     0     0     0     0      0.207     -0.244    -19.855     19.858      0.000
   490         22  gamma               91   362     0     0     0     0     0     -0.064      0.156     -4.867      4.869      0.000
   491         22  gamma               91   362     0     0     0     0     0     -0.040      0.179    -11.057     11.058      0.000
   492         22  gamma               91   366     0     0     0     0     0     -0.266      0.208     -0.026      0.339      0.000
   493         22  gamma               91   366     0     0     0     0     0     -0.271      0.341     -0.150      0.460      0.000
   494         22  gamma               91   374     0     0     0     0     0     -5.321     -1.232      0.914      5.538      0.000
   495         22  gamma               91   374     0     0     0     0     0    -11.621     -2.666      1.795     12.057      0.000
   496         22  gamma               91   380     0     0     0     0     0     -0.029     -0.089      0.128      0.158      0.000
   497         22  gamma               91   380     0     0     0     0     0     -0.097     -0.010      0.350      0.364      0.000
   498         22  gamma               91   382     0     0     0     0     0     -0.017     -0.011      0.227      0.228      0.000
   499         22  gamma               91   382     0     0     0     0     0     -0.941      0.311      7.660      7.724      0.000
   500        211  pi+                 91   387     0     0     0     0     0     -0.075     -0.393     22.447     22.451      0.140
   501       -211  pi-                 91   387     0     0     0     0     0     -0.256     -0.039     25.028     25.029      0.140
   502        313  (K*0)              -91   389     0   533   534     0     0     -5.046     -3.101      5.941      8.441      0.943
   503        211  pi+                 91   389     0     0     0     0     0     -2.926     -0.676      3.824      4.864      0.140
   504        331  (eta')             -91   390     0   535   537     0     0    -12.331     -8.077     14.612     20.777      0.957
   505       -213  (rho-)             -91   390     0   538   539     0     0    -12.440     -8.041     13.446     20.021      0.788
   506         22  gamma               91   398     0     0     0     0     0      0.071     -0.178   -207.245    207.245      0.000
   507         22  gamma               91   398     0     0     0     0     0      0.081     -0.123   -341.296    341.296      0.000
   508         22  gamma               91   399     0     0     0     0     0      0.045      0.003    -19.198     19.198      0.000
   509         22  gamma               91   399     0     0     0     0     0      0.002     -0.094   -159.948    159.948      0.000
   510         22  gamma               91   400     0     0     0     0     0      0.073     -0.056    -27.447     27.447      0.000
   511         22  gamma               91   400     0     0     0     0     0      0.057     -0.064   -102.636    102.636      0.000
   512         22  gamma               91   403     0     0     0     0     0      0.011      0.116    -14.326     14.326      0.000
   513         22  gamma               91   403     0     0     0     0     0      0.083      0.054     -5.006      5.007      0.000
   514         22  gamma               91   410     0     0     0     0     0      0.040      0.039      0.044      0.071      0.000
   515         22  gamma               91   410     0     0     0     0     0     -0.081      0.132      0.309      0.346      0.000
   516         22  gamma               91   419     0     0     0     0     0      0.158     -0.125      0.290      0.353      0.000
   517         22  gamma               91   419     0     0     0     0     0      0.070      0.005      0.256      0.266      0.000
   518       -413  (D*-)              -91   426     0   540   541     0     0      6.650     -1.444    -13.279     15.056      2.010
   519        211  pi+                 91   426     0     0     0     0     0      7.830     -2.799    -13.875     16.177      0.140
   520       -211  pi-                 91   426     0     0     0     0     0      5.191     -1.803     -9.969     11.384      0.140
   521        211  pi+                 91   426     0     0     0     0     0      5.579     -2.110     -9.850     11.516      0.140
   522        111  (pi0)              -91   426     0   542   543     0     0      1.015     -0.556     -3.240      3.443      0.135
   523         22  gamma               91   430     0     0     0     0     0     -0.015      0.027      0.417      0.418      0.000
   524         22  gamma               91   430     0     0     0     0     0      0.114      0.108      8.314      8.316      0.000
   525         22  gamma               91   433     0     0     0     0     0      0.000     -0.043     -0.336      0.339      0.000
   526         22  gamma               91   433     0     0     0     0     0      0.157     -0.125     -4.761      4.766      0.000
   527         22  gamma               91   436     0     0     0     0     0      0.425     -0.235    -21.579     21.585      0.000
   528         22  gamma               91   436     0     0     0     0     0      1.601     -1.158    -93.784     93.805      0.000
   529         22  gamma               91   448     0     0     0     0     0      0.104      0.038     -0.667      0.676      0.000
   530         22  gamma               91   448     0     0     0     0     0     -0.007      0.001      0.005      0.008      0.000
   531         22  gamma               91   462     0     0     0     0     0      0.086      0.126     21.688     21.689      0.000
   532         22  gamma               91   462     0     0     0     0     0      0.007      0.264     53.976     53.977      0.000
   533        311  (K0)               -91   502     0   544   544     0     0     -2.942     -2.028      3.216      4.833      0.498
   534        111  (pi0)              -91   502     0   545   546     0     0     -2.104     -1.072      2.725      3.608      0.135
   535        211  pi+                 91   504     0     0     0     0     0     -2.257     -1.500      2.615      3.769      0.140
   536       -211  pi-                 91   504     0     0     0     0     0     -4.084     -2.653      5.061      7.025      0.140
   537        221  (eta)              -91   504     0   547   548     0     0     -5.990     -3.924      6.935      9.983      0.548
   538       -211  pi-                 91   505     0     0     0     0     0     -2.032     -1.415      2.590      3.586      0.140
   539        111  (pi0)              -91   505     0   549   550     0     0    -10.408     -6.627     10.856     16.435      0.135
   540       -421  (Dbar0)            -91   518     0   551   553     0     0      6.131     -1.295    -12.257     13.892      1.865
   541       -211  pi-                 91   518     0     0     0     0     0      0.518     -0.149     -1.022      1.164      0.140
   542         22  gamma               91   522     0     0     0     0     0      0.941     -0.471     -2.930      3.114      0.000
   543         22  gamma               91   522     0     0     0     0     0      0.073     -0.085     -0.310      0.330      0.000
   544        130  K_L0                91   533   533     0     0     0     0     -2.942     -2.028      3.216      4.833      0.498
   545         22  gamma               91   534     0     0     0     0     0     -1.432     -0.800      1.891      2.503      0.000
   546         22  gamma               91   534     0     0     0     0     0     -0.671     -0.272      0.834      1.105      0.000
   547         22  gamma               91   537     0     0     0     0     0     -1.036     -0.602      0.902      1.500      0.000
   548         22  gamma               91   537     0     0     0     0     0     -4.954     -3.321      6.033      8.484      0.000
   549         22  gamma               91   539     0     0     0     0     0     -1.048     -0.621      1.084      1.630      0.000
   550         22  gamma               91   539     0     0     0     0     0     -9.360     -6.006      9.772     14.805      0.000
   551        313  (K*0)              -91   540     0   554   555     0     0      5.054     -1.191    -10.916     12.120      0.883
   552       -211  pi-                 91   540     0     0     0     0     0      0.817     -0.176     -1.065      1.361      0.140
   553        211  pi+                 91   540     0     0     0     0     0      0.260      0.072     -0.276      0.410      0.140
   554        321  K+                  91   551     0     0     0     0     0      2.524     -0.796     -5.968      6.547      0.494
   555       -211  pi-                 91   551     0     0     0     0     0      2.531     -0.395     -4.948      5.574      0.140
                                   Charge sum:  2.000           Momentum sum:      0.000      0.000      0.000  13000.000  13000.000

 --------  End PYTHIA Event Listing  -----------------------------------------------------------------------------------------------
#--------------------------------------------------------------------------
#                     FastJet release 3.4.0 [fjcore]
#                 M. Cacciari, G.P. Salam and G. Soyez                  
#     A software package for jet finding and analysis at colliders      
#                           http://fastjet.fr                           
#	                                                                      
# Please cite EPJC72(2012)1896 [arXiv:1111.6097] if you use this package
# for scientific work and optionally PLB641(2006)57 [hep-ph/0512210].   
#                                                                       
# FastJet is provided without warranty under the GNU GPL v2 or higher.  
# It uses T. Chan's closest pair algorithm, S. Fortune's Voronoi code
# and 3rd party plugin jet algorithms. See COPYING file for details.
#--------------------------------------------------------------------------
 PYTHIA Warning in SimpleSpaceShower::pT2nextQCD: weight above unity  
 PYTHIA Warning in SimpleSpaceShower::pT2nextQCD: small daughter PDF  
 PYTHIA Warning in StringFragmentation::fragmentToJunction: bad convergence junction rest frame  

 Pythia::next(): 1000 events have been generated 

 Pythia::next(): 2000 events have been generated 
 PYTHIA Warning in HadronWidths::pickMasses: angular momentum and running widths not used  
 PYTHIA Warning in MultipartonInteractions::pTnext: weight above unity  

 Pythia::next(): 3000 events have been generated 
 PYTHIA Error in BeamRemnants::setKinematics: kinematics construction failed  
 PYTHIA Error in StringFragmentation::fragment: stuck in joining  
 PYTHIA Error in Pythia::next: hadronLevel failed; try again  

 Pythia::next(): 4000 events have been generated 
 PYTHIA Warning in Pythia::check: energy-momentum not quite conserved  

 Pythia::next(): 5000 events have been generated 
 PYTHIA Warning in Pythia::check: not quite matched particle energy/momentum/mass  

 *-------  PYTHIA Event and Cross Section Statistics  -------------------------------------------------------------*
 |                                                                                                                 |
 | Subprocess                                    Code |            Number of events       |      sigma +- delta    |
 |                                                    |       Tried   Selected   Accepted |     (estimated) (mb)   |
 |                                                    |                                   |                        |
 |-----------------------------------------------------------------------------------------------------------------|
 |                                                    |                                   |                        |
 | Les Houches User Process(es)                  9999 |        6000       6000       6000 |   8.390e-08  0.000e+00 |
 |    ... whereof user classification code     322200 |        6000       6000       6000 |                        | 
 |                                                    |                                   |                        |
 | sum                                                |        6000       6000       6000 |   8.390e-08  0.000e+00 |
 |                                                                                                                 |
 *-------  End PYTHIA Event and Cross Section Statistics ----------------------------------------------------------*

 *-------  PYTHIA Error and Warning Messages Statistics  ----------------------------------------------------------* 
 |                                                                                                                 | 
 |  times   message                                                                                                | 
 |                                                                                                                 | 
 |      3   Error in BeamRemnants::setKinematics: kinematics construction failed                                   | 
 |      2   Error in Pythia::next: hadronLevel failed; try again                                                   | 
 |      2   Error in StringFragmentation::fragment: stuck in joining                                               | 
 |      1   Warning in HadronWidths::pickMasses: angular momentum and running widths not used                      | 
 |      1   Warning in MultipartonInteractions::init: maximum increased                                            | 
 |      2   Warning in MultipartonInteractions::pTnext: weight above unity                                         | 
 |      1   Warning in Pythia::check: energy-momentum not quite conserved                                          | 
 |      1   Warning in Pythia::check: not quite matched particle energy/momentum/mass                              | 
 |    962   Warning in SimpleSpaceShower::pT2nextQCD: small daughter PDF                                           | 
 |   2685   Warning in SimpleSpaceShower::pT2nextQCD: weight above unity                                           | 
 |     26   Warning in StringFragmentation::fragmentToJunction: bad convergence junction rest frame                | 
 |      2   Warning in TimeShower::init: pTmin too low                                                             | 
 |                                                                                                                 | 
 *-------  End PYTHIA Error and Warning Messages Statistics  ------------------------------------------------------* 
Using LHE File: /nfs/dust/cms/user/amoroso/powheg/POWHEG-BOX-V2/ttJ_MiNNLOPS_v1.0_beta1/decay-ll/pwgevents-0956.lhe
less then 10000 events in LHE, using all LHE events
np.shape(P0) = (6000, 3, 9)
np.shape(nJets) = (6000, 2)
np.shape(jets_4vectors) = (6000, 20, 6)
