Configured CUDA from: /cvmfs/sft.cern.ch/lcg/releases/cuda/12.4-4899e/x86_64-el9-gcc11-opt

 *------------------------------------------------------------------------------------* 
 |                                                                                    | 
 |  *------------------------------------------------------------------------------*  | 
 |  |                                                                              |  | 
 |  |                                                                              |  | 
 |  |   PPP   Y   Y  TTTTT  H   H  III    A      Welcome to the Lund Monte Carlo!  |  | 
 |  |   P  P   Y Y     T    H   H   I    A A     This is PYTHIA version 8.309      |  | 
 |  |   PPP     Y      T    HHHHH   I   AAAAA    Last date of change: 16 Feb 2023  |  | 
 |  |   P       Y      T    H   H   I   A   A                                      |  | 
 |  |   P       Y      T    H   H  III  A   A    Now is 03 Sep 2024 at 15:25:59    |  | 
 |  |                                                                              |  | 
 |  |   Program documentation and an archive of historic versions is found on:     |  | 
 |  |                                                                              |  | 
 |  |                               https://pythia.org/                            |  | 
 |  |                                                                              |  | 
 |  |   PYTHIA is authored by a collaboration consisting of:                       |  | 
 |  |                                                                              |  | 
 |  |   Christian Bierlich, Nishita Desai, Leif Gellersen, Ilkka Helenius, Philip  |  | 
 |  |   Ilten, Leif Lonnblad, Stephen Mrenna, Stefan Prestel, Christian Preuss,    |  | 
 |  |   Torbjorn Sjostrand, Peter Skands, Marius Utheim and Rob Verheyen.          |  | 
 |  |                                                                              |  | 
 |  |   The complete list of authors, including contact information and            |  | 
 |  |   affiliations, can be found on https://pythia.org/.                         |  | 
 |  |   Problems or bugs should be reported on email at authors@pythia.org.        |  | 
 |  |                                                                              |  | 
 |  |   The main program reference is C. Bierlich et al,                           |  | 
 |  |   'A comprehensive guide to the physics and usage of Pythia 8.3',            |  | 
 |  |   SciPost Phys. Codebases 8-r8.3 (2022) [arXiv:2203.11601 [hep-ph]]          |  | 
 |  |                                                                              |  | 
 |  |   PYTHIA is released under the GNU General Public Licence version 2 or later.|  | 
 |  |   Please respect the MCnet Guidelines for Event Generator Authors and Users. |  | 
 |  |                                                                              |  | 
 |  |   Disclaimer: this program comes without any guarantees.                     |  | 
 |  |   Beware of errors and use common sense when interpreting results.           |  | 
 |  |                                                                              |  | 
 |  |   Copyright (C) 2023 Torbjorn Sjostrand                                      |  | 
 |  |                                                                              |  | 
 |  |                                                                              |  | 
 |  *------------------------------------------------------------------------------*  | 
 |                                                                                    | 
 *------------------------------------------------------------------------------------* 


 *-------  PYTHIA Process Initialization  --------------------------*
 |                                                                  |
 | We collide p+ with p+ at a CM energy of 1.300e+04 GeV            |
 |                                                                  |
 |------------------------------------------------------------------|
 |                                                    |             |
 | Subprocess                                    Code |   Estimated |
 |                                                    |    max (mb) |
 |                                                    |             |
 |------------------------------------------------------------------|
 |                                                    |             |
 | Les Houches User Process(es)                  9999 |   1.000e-09 |
 |                                                                  |
 *-------  End PYTHIA Process Initialization -----------------------*
 PYTHIA Warning in TimeShower::init: pTmin too low , raised to 0.611

 *-------  PYTHIA Multiparton Interactions Initialization  ---------* 
 |                                                                  | 
 |                   sigmaNonDiffractive =    55.51 mb              | 
 |                                                                  | 
 |    pT0 =  1.44 gives sigmaInteraction =   397.57 mb: accepted    | 
 |                                                                  | 
 *-------  End PYTHIA Multiparton Interactions Initialization  -----* 

 *-------  PYTHIA Flag + Mode + Parm + Word + FVec + MVec + PVec + WVec Settings (changes only)  ------------------* 
 |                                                                                                                 | 
 | Name                                          |                      Now |      Default         Min         Max | 
 |                                               |                          |                                      | 
 | Beams:frameType                               |                        4 |            1           1           5 | 
 | Beams:LHEF                                    | /nfs/dust/cms/user/amoroso/powheg/POWHEG-BOX-V2/ttJ_MiNNLOPS_v1.0_beta1/decay-ll/pwgevents-0949.lhe |         void | 
 | ColourReconnection:range                      |                  5.17600 |      1.80000         0.0    10.00000 | 
 | Main:timesAllowErrors                         |                      500 |           10           0             | 
 | MultipartonInteractions:alphaSorder           |                        2 |            1           0           3 | 
 | MultipartonInteractions:alphaSvalue           |                  0.11800 |      0.13000   0.0600000     0.25000 | 
 | MultipartonInteractions:bProfile              |                        2 |            3           0           4 | 
 | MultipartonInteractions:coreFraction          |                  0.63000 |      0.50000         0.0     1.00000 | 
 | MultipartonInteractions:coreRadius            |                  0.76340 |      0.40000     0.10000     1.00000 | 
 | MultipartonInteractions:ecmPow                |                0.0334400 |      0.21500         0.0     0.50000 | 
 | MultipartonInteractions:pT0Ref                |                  1.41000 |      2.28000     0.50000    10.00000 | 
 | ParticleDecays:limitTau                       |                       on |          off                         | 
 | PDF:pSet                                      |                       20 |           13                         | 
 | Random:seed                                   |                      949 |           -1               900000000 | 
 | Random:setSeed                                |                       on |          off                         | 
 | SigmaProcess:alphaSorder                      |                        2 |            1           0           3 | 
 | SigmaProcess:alphaSvalue                      |                  0.11800 |      0.13000   0.0600000     0.25000 | 
 | SigmaTotal:mode                               |                        0 |            1           0           4 | 
 | SigmaTotal:sigmaEl                            |                 21.89000 |     25.00000         0.0             | 
 | SigmaTotal:sigmaTot                           |                100.30900 |    100.00000         0.0             | 
 | SigmaTotal:zeroAXB                            |                      off |           on                         | 
 | SpaceShower:alphaSorder                       |                        2 |            1           0           3 | 
 | SpaceShower:alphaSvalue                       |                  0.11800 |      0.13650   0.0600000     0.25000 | 
 | SpaceShower:dipoleRecoil                      |                       on |          off                         | 
 | SpaceShower:pTmaxMatch                        |                        1 |            0           0           2 | 
 | TimeShower:alphaSorder                        |                        2 |            1           0           3 | 
 | TimeShower:alphaSvalue                        |                  0.11800 |      0.13650   0.0600000     0.25000 | 
 |                                                                                                                 | 
 *-------  End PYTHIA Flag + Mode + Parm + Word + FVec + MVec + PVec + WVec Settings  -----------------------------* 

 --------  PYTHIA Particle Data Table (changed only)  ------------------------------------------------------------------------------
 
      id   name            antiName         spn chg col      m0        mWidth      mMin       mMax       tau0    res dec ext vis wid
             no onMode   bRatio   meMode     products 

       6  t                tbar               2   2   1  173.00000    1.36916   86.00000    0.00000  1.44122e-13   1   1   0   1   0
              0     1   0.0000664    0       24        1 
              1     1   0.0017361    0       24        3 
              2     1   0.9981975    0       24        5 
              3     1   0.0000000    0       37        5 

 --------  End PYTHIA Particle Data Table  -----------------------------------------------------------------------------------------


 --------  LHA event information and listing  ---------------------------------------------------------------------- 

    process =   322200    weight =   1.0325e+02     scale =   8.3787e+00 (GeV) 
                        alpha_em =  -1.0000e+00    alpha_strong =   2.0484e-01

    Participating Particles 
    no        id stat     mothers     colours      p_x        p_y        p_z         e          m        tau    spin 
     1        21   -1     0     0   513   514      0.000      0.000    298.734    298.734      0.000   0.000   9.000
     2        21   -1     0     0   511   515      0.000      0.000   -556.561    556.561      0.000   0.000   9.000
     3         6    2     1     2   511     0     79.095     -2.154   -109.234    218.848    172.342   0.000   9.000
     4        -6    2     1     2     0   514    -63.743     -4.522    -27.041    188.502    175.265   0.000   9.000
     5        21    1     1     2   513   512     -7.354      4.179    163.026    163.245      0.000   0.000   9.000
     6        21    1     1     2   512   515     -7.998      2.497   -284.577    284.700      0.000   0.000   9.000
     7         5    1     3     3   511     0     -6.461     37.255     19.335     42.752      4.920   0.000  -1.000
     8        24    2     3     3     0     0     85.557    -39.409   -128.569    176.096     74.879   0.000   9.000
     9        -5    1     4     4     0   514     28.145    -10.899     39.144     49.672      4.920   0.000   1.000
    10       -24    2     4     4     0     0    -91.888      6.377    -66.185    138.829     80.056   0.000   9.000
    11       -15    1     8     8     0     0     68.537     -3.667    -40.933     79.933      1.777   0.000   1.000
    12        16    1     8     8     0     0     17.020    -35.742    -87.636     96.163      0.000   0.000  -1.000
    13        15    1    10    10     0     0      9.068     -5.150      7.794     13.140      1.777   0.000  -1.000
    14       -16    1    10    10     0     0   -100.956     11.527    -73.979    125.690      0.000   0.000   1.000

 --------  End LHA event information and listing  ------------------------------------------------------------------ 

 --------  PYTHIA Info Listing  ---------------------------------------- 
 
 Beam A: id =   2212, pz =  6.500e+03, e =  6.500e+03, m =  9.383e-01.
 Beam B: id =   2212, pz = -6.500e+03, e =  6.500e+03, m =  9.383e-01.

 In 1: id =   21, x =  4.596e-02, pdf =  0.000e+00 at Q2 =  7.020e+01.
 In 2: id =   21, x =  8.562e-02, pdf =  0.000e+00 at same Q2.

 Process Les Houches User Process(es) with code 9999 is 2 -> 4.
 Subprocess user process 322200 with code 322200 is 2 -> 4.
     alphaEM =  7.612e-03,  alphaS =  2.048e-01    at Q2 =  7.020e+01.

 Impact parameter b =  1.178e+00 gives enhancement factor =  2.759e-01.
 Max pT scale for MPI =  1.300e+04, ISR =  8.379e+00, FSR =  8.379e+00.
 Number of MPI =     1, ISR =     5, FSRproc =    16, FSRreson =     2.

 --------  End PYTHIA Info Listing  ------------------------------------

 --------  PYTHIA Event Listing  (hard process)  -----------------------------------------------------------------------------------
 
    no         id  name            status     mothers   daughters     colours      p_x        p_y        p_z         e          m 
     0         90  (system)           -11     0     0     0     0     0     0      0.000      0.000      0.000  13000.000  13000.000
     1       2212  (p+)               -12     0     0     3     0     0     0      0.000      0.000   6500.000   6500.000      0.938
     2       2212  (p+)               -12     0     0     4     0     0     0      0.000      0.000  -6500.000   6500.000      0.938
     3         21  (g)                -21     1     0     5     8   513   514      0.000      0.000    298.734    298.734      0.000
     4         21  (g)                -21     2     0     5     8   511   515      0.000      0.000   -556.561    556.561      0.000
     5          6  (t)                -22     3     4     9    10   511     0     79.095     -2.154   -109.234    218.848    172.342
     6         -6  (tbar)             -22     3     4    11    12     0   514    -63.743     -4.522    -27.041    188.502    175.265
     7         21  g                   23     3     4     0     0   513   512     -7.354      4.179    163.026    163.245      0.000
     8         21  g                   23     3     4     0     0   512   515     -7.998      2.497   -284.577    284.700      0.000
     9          5  b                   23     5     0     0     0   511     0     -6.461     37.255     19.335     42.752      4.920
    10         24  (W+)               -22     5     0    13    14     0     0     85.557    -39.409   -128.569    176.096     74.879
    11         -5  bbar                23     6     0     0     0     0   514     28.145    -10.899     39.144     49.672      4.920
    12        -24  (W-)               -22     6     0    15    16     0     0    -91.888      6.377    -66.185    138.829     80.056
    13        -15  tau+                23    10     0     0     0     0     0     68.537     -3.667    -40.933     79.933      1.777
    14         16  nu_tau              23    10     0     0     0     0     0     17.020    -35.742    -87.636     96.163      0.000
    15         15  tau-                23    12     0     0     0     0     0      9.068     -5.150      7.794     13.140      1.777
    16        -16  nu_taubar           23    12     0     0     0     0     0   -100.956     11.527    -73.979    125.690      0.000
                                   Charge sum:  0.000           Momentum sum:     -0.000     -0.000   -257.827    855.295    815.509

 --------  End PYTHIA Event Listing  -----------------------------------------------------------------------------------------------

 --------  PYTHIA Event Listing  (complete event)  ---------------------------------------------------------------------------------
 
    no         id  name            status     mothers   daughters     colours      p_x        p_y        p_z         e          m 
     0         90  (system)           -11     0     0     0     0     0     0      0.000      0.000      0.000  13000.000  13000.000
     1       2212  (p+)               -12     0     0   115     0     0     0      0.000      0.000   6500.000   6500.000      0.938
     2       2212  (p+)               -12     0     0   116     0     0     0      0.000      0.000  -6500.000   6500.000      0.938
     3         21  (g)                -21     9     0     5     8   513   514      0.000      0.000    298.734    298.734      0.000
     4         21  (g)                -21    10    10     5     8   511   515      0.000      0.000   -556.561    556.561      0.000
     5          6  (t)                -22     3     4    11    11   511     0     79.095     -2.154   -109.234    218.848    172.342
     6         -6  (tbar)             -22     3     4    12    12     0   514    -63.743     -4.522    -27.041    188.502    175.265
     7         21  (g)                -23     3     4    13    13   513   512     -7.354      4.179    163.026    163.245      0.000
     8         21  (g)                -23     3     4    14    14   512   515     -7.998      2.497   -284.577    284.700      0.000
     9         21  (g)                -41    19     0    15     3   516   514     -0.000     -0.000    310.073    310.073      0.000
    10         21  (g)                -42    20    20     4     4   511   515      0.000      0.000   -556.561    556.561      0.000
    11          6  (t)                -44     5     5    21    21   511     0     79.095     -2.154   -109.234    218.848    172.342
    12         -6  (tbar)             -44     6     6    22    22     0   514    -67.050      0.903    -24.223    189.212    175.265
    13         21  (g)                -44     7     7    16    17   513   512     -7.354      4.179    163.026    163.245      0.000
    14         21  (g)                -44     8     8    24    24   512   515     -7.998      2.497   -284.577    284.700      0.000
    15         21  (g)                -43     9     0    18    18   516   513      3.307     -5.425      8.520     10.628      0.000
    16         21  (g)                -51    13     0    23    23   517   512     -4.603      0.351    160.341    160.407      0.000
    17         21  (g)                -51    13     0    26    26   513   517     -1.800      2.267      5.136      5.895      0.000
    18         21  (g)                -52    15    15    25    25   516   513      2.355     -3.864      6.069      7.570      0.000
    19         21  (g)                -41    37     0    27     9   516   518     -0.000     -0.000    348.872    348.872      0.000
    20         21  (g)                -42    38    38    10    10   511   515      0.000      0.000   -556.561    556.561      0.000
    21          6  (t)                -44    11    11    39    39   511     0     79.095     -2.154   -109.234    218.848    172.342
    22         -6  (tbar)             -44    12    12    36    36     0   514    -68.779      6.174    -23.225    189.805    175.265
    23         21  (g)                -44    16    16    28    29   517   512     -4.603      0.351    160.341    160.407      0.000
    24         21  (g)                -44    14    14    30    30   512   515     -7.998      2.497   -284.577    284.700      0.000
    25         21  (g)                -44    18    18    43    43   516   513      2.355     -3.864      6.069      7.570      0.000
    26         21  (g)                -44    17    17    44    44   513   517     -1.800      2.267      5.136      5.895      0.000
    27         21  (g)                -43    19     0    34    35   514   518      1.729     -5.271     37.801     38.206      0.000
    28         21  (g)                -51    23     0    33    33   517   519     -9.548      0.793    155.113    155.409      0.000
    29         21  (g)                -51    23     0    31    32   519   512      4.908     -0.431      3.926      6.300      0.000
    30         21  (g)                -52    24    24    42    42   512   515     -7.961      2.486   -283.276    283.399      0.000
    31         -4  (cbar)             -51    29     0    46    46     0   512      1.707     -1.902      0.708      3.047      1.500
    32          4  (c)                -51    29     0    47    47   519     0      1.271      1.632     34.567     34.661      1.500
    33         21  (g)                -52    28    28    41    41   517   519     -7.618      0.633    123.765    124.001      0.000
    34         -3  (sbar)             -51    27     0    45    45     0   518     -1.677     -3.623     34.333     34.568      0.500
    35          3  (s)                -51    27     0    48    48   514     0      2.866     -1.462      2.289      3.980      0.500
    36         -6  (tbar)             -52    22    22    40    40     0   514    -68.239      5.988    -22.046    189.463    175.265
    37         21  (g)                -41    50    50    49    19   520   518      0.000      0.000    513.007    513.007      0.000
    38         21  (g)                -42    51     0    20    20   511   515      0.000      0.000   -556.561    556.561      0.000
    39          6  (t)                -44    21    21    52    52   511     0     79.095     -2.154   -109.234    218.848    172.342
    40         -6  (tbar)             -44    36    36    53    53     0   514    -68.239      5.988    -22.046    189.463    175.265
    41         21  (g)                -44    33    33    54    54   517   519     -7.618      0.633    123.765    124.001      0.000
    42         21  (g)                -44    30    30    55    55   512   515     -7.961      2.486   -283.276    283.399      0.000
    43         21  (g)                -44    25    25    56    56   516   513      2.355     -3.864      6.069      7.570      0.000
    44         21  (g)                -44    26    26    57    57   513   517     -1.800      2.267      5.136      5.895      0.000
    45         -3  (sbar)             -44    34    34    58    58     0   518      0.867     -3.517     30.888     31.104      0.500
    46         -4  (cbar)             -44    31    31    59    59     0   512      1.707     -1.902      0.708      3.047      1.500
    47          4  (c)                -44    32    32    60    60   519     0      1.271      1.632     34.567     34.661      1.500
    48          3  (s)                -44    35    35    61    61   514     0      2.866     -1.462      2.289      3.980      0.500
    49         21  (g)                -43    37     0    62    62   520   516     -2.545     -0.107    167.580    167.599      0.000
    50         21  (g)                -42    64     0    37    37   520   518      0.000      0.000    513.007    513.007      0.000
    51         21  (g)                -41    65    65    63    38   511   521     -0.000      0.000   -946.941    946.941      0.000
    52          6  (t)                -44    39    39    66    66   511     0     81.117     -0.854   -110.709    220.315    172.342
    53         -6  (tbar)             -44    40    40    67    67     0   514    -68.239      5.988    -22.046    189.463    175.265
    54         21  (g)                -44    41    41    68    68   517   519     -7.618      0.633    123.765    124.001      0.000
    55         21  (g)                -44    42    42    69    69   512   515     -7.961      2.486   -283.276    283.399      0.000
    56         21  (g)                -44    43    43    70    70   516   513      2.355     -3.864      6.069      7.570      0.000
    57         21  (g)                -44    44    44    71    71   513   517     -1.800      2.267      5.136      5.895      0.000
    58         -3  (sbar)             -44    45    45    72    72     0   518      0.867     -3.517     30.888     31.104      0.500
    59         -4  (cbar)             -44    46    46    73    73     0   512      1.707     -1.902      0.708      3.047      1.500
    60          4  (c)                -44    47    47    74    74   519     0      1.271      1.632     34.567     34.661      1.500
    61          3  (s)                -44    48    48    75    75   514     0      2.866     -1.462      2.289      3.980      0.500
    62         21  (g)                -44    49    49    76    76   520   516     -2.545     -0.107    167.580    167.599      0.000
    63         21  (g)                -43    51     0    77    77   515   521     -2.021     -1.301   -388.906    388.913      0.000
    64         21  (g)                -41   115   115    78    50   522   518     -0.000      0.000   1366.635   1366.635      0.000
    65         21  (g)                -42   116   116    51    51   511   521     -0.000      0.000   -946.941    946.941      0.000
    66          6  (t)                -44    52    52   117   117   511     0     81.117     -0.854   -110.709    220.315    172.342
    67         -6  (tbar)             -44    53    53   102   102     0   514    -68.239      5.988    -22.046    189.463    175.265
    68         21  (g)                -44    54    54    91    92   517   519     -7.618      0.633    123.765    124.001      0.000
    69         21  (g)                -44    55    55    82    83   512   515     -7.961      2.486   -283.276    283.399      0.000
    70         21  (g)                -44    56    56    81    81   516   513      2.355     -3.864      6.069      7.570      0.000
    71         21  (g)                -44    57    57    97    98   513   517     -1.800      2.267      5.136      5.895      0.000
    72         -3  (sbar)             -44    58    58   123   123     0   518      0.867     -3.517     30.888     31.104      0.500
    73         -4  (cbar)             -44    59    59    84    84     0   512      1.707     -1.902      0.708      3.047      1.500
    74          4  (c)                -44    60    60    93    93   519     0      1.271      1.632     34.567     34.661      1.500
    75          3  (s)                -44    61    61   100   101   514     0      2.866     -1.462      2.289      3.980      0.500
    76         21  (g)                -44    62    62    79    80   520   516     -0.594      1.328     64.923     64.939      0.000
    77         21  (g)                -44    63    63    87    87   515   521     -2.021     -1.301   -388.906    388.913      0.000
    78         21  (g)                -43    64     0   111   111   522   520     -1.951     -1.435    956.284    956.288      0.000
    79         21  (g)                -51    76     0   108   108   520   523     -1.516      1.736     59.644     59.689      0.000
    80         21  (g)                -51    76     0   106   107   523   516      1.313     -1.049      6.285      6.505      0.000
    81         21  (g)                -52    70    70    99    99   516   513      1.965     -3.224      5.063      6.316      0.000
    82         21  (g)                -51    69     0    85    86   525   515     -6.822      2.722   -276.456    276.554      0.000
    83         21  (g)                -51    69     0    88    89   512   525     -1.107     -0.272     -6.795      6.890      0.000
    84         -4  (cbar)             -52    73    73    90    90     0   512      1.675     -1.866      0.683      3.001      1.500
    85         21  (g)                -51    82     0    94    95   525   526     -2.782      0.081   -143.598    143.625      0.000
    86         21  (g)                -51    82     0   112   113   526   515     -4.233      2.517   -170.065    170.136      0.000
    87         21  (g)                -52    77    77   114   114   515   521     -1.828     -1.176   -351.699    351.705      0.000
    88         -2  (ubar)             -51    83     0    96    96     0   525      0.492     -0.827     -1.883      2.140      0.330
    89          2  (u)                -51    83     0   133   133   512     0     -1.411      0.360     -4.775      5.003      0.330
    90         -4  (cbar)             -52    84    84   124   124     0   512      1.487     -1.671      0.546      2.748      1.500
    91          3  (s)                -51    68     0   119   119   517     0     -6.610      0.511    118.519    118.705      0.500
    92         -3  (sbar)             -51    68     0   134   134     0   519     -0.779      0.311      8.134      8.193      0.500
    93          4  (c)                -52    74    74   125   125   519     0      1.042      1.443     31.679     31.764      1.500
    94         21  (g)                -51    85     0   120   120   527   526     -2.011      0.106    -60.986     61.019      0.000
    95         21  (g)                -51    85     0   135   135   525   527     -0.752     -0.056    -82.668     82.672      0.000
    96         -2  (ubar)             -52    88    88   131   131     0   525      0.473     -0.796     -1.828      2.075      0.330
    97         21  (g)                -51    71     0   122   122   528   517     -1.296      2.254      5.477      6.063      0.000
    98         21  (g)                -51    71     0   105   105   513   528     -0.306     -0.312      0.168      0.468      0.000
    99         21  (g)                -52    81    81   103   104   516   513      1.767     -2.899      4.554      5.680      0.000
   100          3  (s)                -51    75     0   126   126   529     0      1.315     -1.069      1.920      2.609      0.500
   101         21  (g)                -51    75     0   137   137   514   529      1.380     -0.337      0.268      1.446      0.000
   102         -6  (tbar)             -52    67    67   118   118     0   514    -68.068      5.933    -21.945    189.388    175.265
   103         21  (g)                -51    99     0   121   121   516   531      0.646     -1.570      1.170      2.062      0.000
   104         21  (g)                -51    99     0   138   138   531   513      0.920     -1.534      3.494      3.925      0.000
   105         21  (g)                -52    98    98   136   136   513   528     -0.105     -0.107      0.058      0.161      0.000
   106         21  (g)                -51    80     0   130   130   532   516      1.015     -0.413      2.771      2.980      0.000
   107         21  (g)                -51    80     0   139   139   523   532      0.168     -0.488      8.580      8.595      0.000
   108         21  (g)                -52    79    79   109   110   520   523     -1.387      1.588     54.579     54.619      0.000
   109         21  (g)                -51   108     0   127   127   533   523     -0.308      0.408      5.787      5.809      0.000
   110         21  (g)                -51   108     0   140   140   520   533     -1.124      1.148     70.524     70.542      0.000
   111         21  (g)                -52    78    78   129   129   522   520     -1.907     -1.402    934.552    934.555      0.000
   112         21  (g)                -51    86     0   132   132   526   534     -3.360      2.613   -153.713    153.772      0.000
   113         21  (g)                -51    86     0   141   141   534   515     -0.994     -0.174    -39.746     39.758      0.000
   114         21  (g)                -52    87    87   128   128   515   521     -1.706     -1.098   -328.305    328.311      0.000
   115         21  (g)                -61     1     0    64    64   522   518      1.663     -0.555   1366.634   1366.635      0.000
   116         21  (g)                -61     2     0    65    65   511   521      2.997     -2.351   -946.939    946.947      0.000
   117          6  (t)                -62    66    66   146   147   511     0     81.708     -1.287   -110.629    220.495    172.342
   118         -6  (tbar)             -62   102   102   148   149     0   514    -67.631      5.637    -22.017    189.231    175.265
   119          3  (s)                -62    91    91   205   205   517     0     -6.465      0.462    118.512    118.690      0.500
   120         21  (g)                -62    94    94   190   190   527   526     -1.818     -0.046    -60.988     61.015      0.000
   121         21  (g)                -62   103   103   209   209   516   531      0.649     -1.572      1.172      2.066      0.000
   122         21  (g)                -62    97    97   206   206   528   517     -1.288      2.251      5.473      6.057      0.000
   123         -3  (sbar)             -62    72    72   170   170     0   518      0.906     -3.529     30.893     31.111      0.500
   124         -4  (cbar)             -62    90    90   165   165     0   512      1.492     -1.674      0.550      2.754      1.500
   125          4  (c)                -62    93    93   160   160   519     0      1.081      1.430     31.679     31.765      1.500
   126          3  (s)                -62   100   100   176   176   529     0      1.319     -1.071      1.922      2.614      0.500
   127         21  (g)                -62   109   109   212   212   533   523     -0.301      0.405      5.786      5.808      0.000
   128         21  (g)                -62   114   114   187   187   515   521     -0.668     -1.913   -328.305    328.311      0.000
   129         21  (g)                -62   111   111   214   214   522   520     -0.770     -1.781    934.552    934.554      0.000
   130         21  (g)                -62   106   106   210   210   532   516      1.019     -0.414      2.772      2.983      0.000
   131         -2  (ubar)             -62    96    96   192   192     0   525      0.479     -0.801     -1.826      2.077      0.330
   132         21  (g)                -62   112   112   189   189   526   534     -2.874      2.231   -153.718    153.762      0.000
   133          2  (u)                -62    89    89   164   164   512     0     -1.395      0.348     -4.777      5.000      0.330
   134         -3  (sbar)             -62    92    92   161   161     0   519     -0.769      0.308      8.133      8.191      0.500
   135         21  (g)                -62    95    95   191   191   525   527     -0.490     -0.261    -82.669     82.671      0.000
   136         21  (g)                -62   105   105   207   207   513   528     -0.105     -0.107      0.058      0.161      0.000
   137         21  (g)                -62   101   101   177   177   514   529      1.383     -0.339      0.270      1.449      0.000
   138         21  (g)                -62   104   104   208   208   531   513      0.926     -1.536      3.497      3.930      0.000
   139         21  (g)                -62   107   107   211   211   523   532      0.179     -0.492      8.580      8.596      0.000
   140         21  (g)                -62   110   110   213   213   520   533     -1.038      1.119     70.522     70.538      0.000
   141         21  (g)                -62   113   113   188   188   534   515     -0.869     -0.273    -39.746     39.757      0.000
   142          2  (u)                -63     1     0   169   169   518     0     -1.100      0.038    103.107    103.113      0.330
   143       2101  (ud_0)             -63     1     0   215   215     0   522     -0.563      0.517   5030.246   5030.246      0.579
   144       2101  (ud_0)             -63     2     0   243   243     0   511     -1.751      0.563  -5295.396   5295.396      0.579
   145          2  (u)                -63     2     0   186   186   521     0     -1.245      1.788   -257.652    257.662      0.330
   146          5  (b)                -23   117     0   242   242   511     0     -5.953     37.424     19.064     42.704      4.920
   147         24  (W+)               -22   117     0   156   157     0     0     87.661    -38.711   -129.692    177.791     74.879
   148         -5  (bbar)             -23   118     0   150   151     0   514     27.122     -8.228     40.465     49.648      4.920
   149        -24  (W-)               -22   118     0   152   152     0     0    -94.754     13.865    -62.482    139.583     80.056
   150         -5  (bbar)             -51   148     0   155   155     0   541     14.430     -7.667     25.141     30.386      4.920
   151         21  (g)                -51   148     0   153   154   541   514     12.409     -0.513     15.106     19.556      0.000
   152        -24  (W-)               -52   149   149   158   159     0     0    -94.471     13.817    -62.264    139.289     80.056
   153         21  (g)                -51   151     0   178   178   542   514      7.377     -0.932      9.796     12.298      0.000
   154         21  (g)                -51   151     0   179   179   541   542      5.169      0.209      5.695      7.694      0.000
   155         -5  (bbar)             -52   150   150   180   180     0   541     14.293     -7.458     24.756     29.950      4.920
   156        -15  (tau+)             -23   147     0   297   300     0     0     69.493     -3.350    -41.443     81.002      1.777
   157         16  nu_tau              23   147     0     0     0     0     0     18.167    -35.361    -88.249     96.790      0.000
   158         15  (tau-)             -23   152     0   301   303     0     0      8.826     -4.452      8.161     12.941      1.777
   159        -16  nu_taubar           23   152     0     0     0     0     0   -103.296     18.269    -70.426    126.348      0.000
   160          4  (c)                -71   125   125   162   163   519     0      1.081      1.430     31.679     31.765      1.500
   161         -3  (sbar)             -71   134   134   162   163     0   519     -0.769      0.308      8.133      8.191      0.500
   162        421  (D0)               -82   160   161   304   306     0     0     -0.059      1.959     33.664     33.772      1.865
   163        321  K+                  82   160   161     0     0     0     0      0.371     -0.222      6.148      6.183      0.494
   164          2  (u)                -71   133   133   166   168   512     0     -1.395      0.348     -4.777      5.000      0.330
   165         -4  (cbar)             -71   124   124   166   168     0   512      1.492     -1.674      0.550      2.754      1.500
   166        223  (omega)            -83   164   165   307   309     0     0     -1.180      0.213     -3.221      3.526      0.785
   167        211  pi+                 83   164   165     0     0     0     0     -0.035      0.464     -1.084      1.188      0.140
   168       -411  (D-)               -84   164   165   310   311     0     0      1.313     -2.004      0.078      3.040      1.870
   169          2  (u)                -71   142   142   171   175   518     0     -1.100      0.038    103.107    103.113      0.330
   170         -3  (sbar)             -71   123   123   171   175     0   518      0.906     -3.529     30.893     31.111      0.500
   171        213  (rho+)             -83   169   170   255   256     0     0     -0.017     -0.179     35.444     35.451      0.690
   172       -213  (rho-)             -83   169   170   257   258     0     0     -0.815      0.311     56.107     56.120      0.827
   173        211  pi+                 84   169   170     0     0     0     0      0.253     -0.436      4.159      4.192      0.140
   174       -211  pi-                 84   169   170     0     0     0     0     -0.391     -2.199     26.636     26.730      0.140
   175        321  K+                  84   169   170     0     0     0     0      0.776     -0.989     11.652     11.730      0.494
   176          3  (s)                -71   126   126   181   185   529     0      1.319     -1.071      1.922      2.614      0.500
   177         21  (g)                -71   137   137   181   185   514   529      1.383     -0.339      0.270      1.449      0.000
   178         21  (g)                -71   153   153   181   185   542   514      7.377     -0.932      9.796     12.298      0.000
   179         21  (g)                -71   154   154   181   185   541   542      5.169      0.209      5.695      7.694      0.000
   180         -5  (bbar)             -71   155   155   181   185     0   541     14.293     -7.458     24.756     29.950      4.920
   181       -321  K-                  83   176   180     0     0     0     0      1.089     -1.221      1.553      2.309      0.494
   182       2114  (Delta0)           -83   176   180   259   260     0     0      2.957     -0.356      3.042      4.439      1.258
   183       -313  (K*bar0)           -84   176   180   261   262     0     0      4.921     -0.548      6.481      8.208      0.918
   184      -3214  (Sigma*bar0)       -84   176   180   263   264     0     0      5.848     -0.416      7.078      9.314      1.508
   185        521  (B+)               -84   176   180   312   318     0     0     14.726     -7.049     24.286     29.735      5.279
   186          2  (u)                -71   145   145   193   204   521     0     -1.245      1.788   -257.652    257.662      0.330
   187         21  (g)                -71   128   128   193   204   515   521     -0.668     -1.913   -328.305    328.311      0.000
   188         21  (g)                -71   141   141   193   204   534   515     -0.869     -0.273    -39.746     39.757      0.000
   189         21  (g)                -71   132   132   193   204   526   534     -2.874      2.231   -153.718    153.762      0.000
   190         21  (g)                -71   120   120   193   204   527   526     -1.818     -0.046    -60.988     61.015      0.000
   191         21  (g)                -71   135   135   193   204   525   527     -0.490     -0.261    -82.669     82.671      0.000
   192         -2  (ubar)             -71   131   131   193   204     0   525      0.479     -0.801     -1.826      2.077      0.330
   193        211  pi+                 83   186   192     0     0     0     0      0.012     -0.052     -9.219      9.220      0.140
   194       -213  (rho-)             -83   186   192   265   266     0     0     -1.164      0.935   -250.126    250.132      0.662
   195        113  (rho0)             -83   186   192   267   268     0     0     -0.222     -0.477   -108.752    108.756      0.874
   196       2214  (Delta+)           -83   186   192   269   270     0     0     -1.827      1.452   -156.289    156.311      1.141
   197        211  pi+                 83   186   192     0     0     0     0     -0.721     -1.448   -159.730    159.739      0.140
   198      -2212  pbar-               84   186   192     0     0     0     0     -1.373      0.551    -68.007     68.030      0.938
   199       -211  pi-                 84   186   192     0     0     0     0     -0.613      0.487    -26.936     26.947      0.140
   200        213  (rho+)             -84   186   192   271   272     0     0     -0.667     -0.100    -56.857     56.866      0.761
   201       -213  (rho-)             -84   186   192   273   274     0     0     -1.448      0.129    -70.105     70.124      0.795
   202        213  (rho+)             -84   186   192   275   276     0     0      0.115      0.173     -8.039      8.076      0.740
   203        221  (eta)              -84   186   192   319   321     0     0      0.289      0.137     -5.494      5.531      0.548
   204       -213  (rho-)             -84   186   192   277   278     0     0      0.135     -1.063     -5.351      5.522      0.848
   205          3  (s)                -71   119   119   216   241   517     0     -6.465      0.462    118.512    118.690      0.500
   206         21  (g)                -71   122   122   216   241   528   517     -1.288      2.251      5.473      6.057      0.000
   207         21  (g)                -71   136   136   216   241   513   528     -0.105     -0.107      0.058      0.161      0.000
   208         21  (g)                -71   138   138   216   241   531   513      0.926     -1.536      3.497      3.930      0.000
   209         21  (g)                -71   121   121   216   241   516   531      0.649     -1.572      1.172      2.066      0.000
   210         21  (g)                -71   130   130   216   241   532   516      1.019     -0.414      2.772      2.983      0.000
   211         21  (g)                -71   139   139   216   241   523   532      0.179     -0.492      8.580      8.596      0.000
   212         21  (g)                -71   127   127   216   241   533   523     -0.301      0.405      5.786      5.808      0.000
   213         21  (g)                -71   140   140   216   241   520   533     -1.038      1.119     70.522     70.538      0.000
   214         21  (g)                -71   129   129   216   241   522   520     -0.770     -1.781    934.552    934.554      0.000
   215       2101  (ud_0)             -71   143   143   216   241     0   522     -0.563      0.517   5030.246   5030.246      0.579
   216       -321  K-                  83   205   215     0     0     0     0     -2.814      0.608     60.955     61.025      0.494
   217        211  pi+                 83   205   215     0     0     0     0     -1.117     -0.518     10.714     10.785      0.140
   218        313  (K*0)              -83   205   215   279   280     0     0     -2.346      0.376     40.343     40.422      0.884
   219       -311  (Kbar0)            -83   205   215   281   281     0     0     -0.209      0.648      1.843      2.027      0.498
   220        111  (pi0)              -83   205   215   322   323     0     0     -0.619      0.062      1.973      2.073      0.135
   221       -211  pi-                 83   205   215     0     0     0     0      0.321      0.507      2.307      2.387      0.140
   222        211  pi+                 83   205   215     0     0     0     0     -0.374     -0.378      5.111      5.140      0.140
   223        221  (eta)              -83   205   215   324   325     0     0     -0.266      0.377      1.083      1.299      0.548
   224        223  (omega)            -83   205   215   326   328     0     0     -0.180     -0.592      1.010      1.420      0.782
   225       -211  pi-                 83   205   215     0     0     0     0      0.670     -0.314      1.616      1.783      0.140
   226        321  K+                  83   205   215     0     0     0     0      0.313      0.040      0.968      1.131      0.494
   227       -311  (Kbar0)            -83   205   215   282   282     0     0      0.958     -1.306      2.881      3.343      0.498
   228        111  (pi0)              -83   205   215   329   330     0     0     -0.089     -0.161      0.036      0.231      0.135
   229        221  (eta)              -84   205   215   331   333     0     0     -0.067      0.046      6.381      6.405      0.548
   230        113  (rho0)             -84   205   215   283   284     0     0      0.477      0.024      3.490      3.620      0.835
   231        221  (eta)              -84   205   215   334   335     0     0     -0.265      0.086     10.526     10.544      0.548
   232       -213  (rho-)             -84   205   215   285   286     0     0     -0.349     -0.335     18.931     18.961      0.949
   233        111  (pi0)              -84   205   215   336   337     0     0     -0.008      0.410     21.799     21.803      0.135
   234        223  (omega)            -84   205   215   338   340     0     0      0.314     -0.122     30.656     30.669      0.832
   235        211  pi+                 84   205   215     0     0     0     0     -0.674      0.504     40.655     40.664      0.140
   236        221  (eta)              -84   205   215   341   342     0     0     -0.162     -0.628    290.859    290.860      0.548
   237        111  (pi0)              -84   205   215   343   344     0     0      0.267      0.035    116.285    116.286      0.135
   238       -213  (rho-)             -84   205   215   287   288     0     0     -0.482     -0.674   1052.027   1052.028      0.905
   239        213  (rho+)             -84   205   215   289   290     0     0     -0.465      0.192    712.357    712.358      0.749
   240       -211  pi-                 84   205   215     0     0     0     0     -0.580     -0.149   1737.477   1737.478      0.140
   241       2212  p+                  84   205   215     0     0     0     0     -0.010      0.115   2008.886   2008.886      0.938
   242          5  (b)                -71   146   146   244   254   511     0     -5.953     37.424     19.064     42.704      4.920
   243       2101  (ud_0)             -71   144   144   244   254     0   511     -1.751      0.563  -5295.396   5295.396      0.579
   244       -513  (B*bar0)           -83   242   243   345   346     0     0     -5.329     36.688     18.665     41.847      5.325
   245        311  (K0)               -83   242   243   291   291     0     0     -0.325      0.372      0.349      0.783      0.498
   246       -323  (K*-)              -83   242   243   292   293     0     0     -0.230      0.531     -5.838      5.933      0.888
   247        211  pi+                 83   242   243     0     0     0     0     -0.415     -0.485    -18.888     18.900      0.140
   248       -213  (rho-)             -83   242   243   294   295     0     0      0.271      0.684    -77.717     77.726      0.952
   249        111  (pi0)              -83   242   243   347   348     0     0      0.034      0.087     -2.272      2.278      0.135
   250        321  K+                  84   242   243     0     0     0     0     -0.013     -0.310   -470.997    470.997      0.494
   251       -321  K-                  84   242   243     0     0     0     0      0.023     -0.213   -274.251    274.251      0.494
   252        111  (pi0)              -84   242   243   349   350     0     0     -0.534      0.140   -724.860    724.860      0.135
   253       2212  p+                  84   242   243     0     0     0     0     -0.311      0.313  -1208.448   1208.449      0.938
   254        223  (omega)            -84   242   243   351   353     0     0     -0.876      0.180  -2512.077   2512.077      0.783
   255        211  pi+                 91   171     0     0     0     0     0     -0.322     -0.068     16.297     16.301      0.140
   256        111  (pi0)              -91   171     0   354   355     0     0      0.306     -0.112     19.147     19.150      0.135
   257       -211  pi-                 91   172     0     0     0     0     0     -0.667      0.239     21.308     21.320      0.140
   258        111  (pi0)              -91   172     0   356   357     0     0     -0.148      0.072     34.800     34.800      0.135
   259       2212  p+                  91   182     0     0     0     0     0      2.257     -0.507      2.475      3.515      0.938
   260       -211  pi-                 91   182     0     0     0     0     0      0.699      0.151      0.567      0.923      0.140
   261       -321  K-                  91   183     0     0     0     0     0      2.372     -0.306      2.720      3.655      0.494
   262        211  pi+                 91   183     0     0     0     0     0      2.549     -0.242      3.761      4.552      0.140
   263      -3112  Sigmabar+           91   184     0     0     0     0     0      4.921     -0.462      6.286      8.086      1.197
   264       -211  pi-                 91   184     0     0     0     0     0      0.927      0.046      0.792      1.228      0.140
   265       -211  pi-                 91   194     0     0     0     0     0      0.010      0.169    -41.121     41.121      0.140
   266        111  (pi0)              -91   194     0   358   359     0     0     -1.175      0.766   -209.006    209.010      0.135
   267        211  pi+                 91   195     0     0     0     0     0     -0.206      0.011     -8.868      8.872      0.140
   268       -211  pi-                 91   195     0     0     0     0     0     -0.016     -0.488    -99.883     99.884      0.140
   269       2212  p+                  91   196     0     0     0     0     0     -1.432      1.114   -115.626    115.644      0.938
   270        111  (pi0)              -91   196     0   360   361     0     0     -0.395      0.338    -40.663     40.666      0.135
   271        211  pi+                 91   200     0     0     0     0     0     -0.238      0.304    -21.610     21.614      0.140
   272        111  (pi0)              -91   200     0   362   363     0     0     -0.429     -0.404    -35.247     35.252      0.135
   273       -211  pi-                 91   201     0     0     0     0     0     -0.616      0.407    -37.298     37.306      0.140
   274        111  (pi0)              -91   201     0   364   365     0     0     -0.832     -0.278    -32.807     32.819      0.135
   275        211  pi+                 91   202     0     0     0     0     0      0.369      0.099     -2.941      2.969      0.140
   276        111  (pi0)              -91   202     0   366   367     0     0     -0.254      0.074     -5.098      5.107      0.135
   277       -211  pi-                 91   204     0     0     0     0     0     -0.249     -0.746     -2.469      2.595      0.140
   278        111  (pi0)              -91   204     0   368   369     0     0      0.384     -0.317     -2.882      2.928      0.135
   279        321  K+                  91   218     0     0     0     0     0     -0.994      0.371     20.011     20.045      0.494
   280       -211  pi-                 91   218     0     0     0     0     0     -1.352      0.005     20.332     20.377      0.140
   281        310  K_S0                91   219   219     0     0     0     0     -0.209      0.648      1.843      2.027      0.498
   282        310  K_S0                91   227   227     0     0     0     0      0.958     -1.306      2.881      3.343      0.498
   283        211  pi+                 91   230     0     0     0     0     0      0.077     -0.083      2.785      2.791      0.140
   284       -211  pi-                 91   230     0     0     0     0     0      0.399      0.107      0.704      0.828      0.140
   285       -211  pi-                 91   232     0     0     0     0     0      0.223     -0.314     11.249     11.256      0.140
   286        111  (pi0)              -91   232     0   370   371     0     0     -0.573     -0.021      7.683      7.705      0.135
   287       -211  pi-                 91   238     0     0     0     0     0     -0.230     -0.262    853.366    853.366      0.140
   288        111  (pi0)              -91   238     0   372   373     0     0     -0.252     -0.412    198.661    198.662      0.135
   289        211  pi+                 91   239     0     0     0     0     0     -0.209     -0.237    394.360    394.360      0.140
   290        111  (pi0)              -91   239     0   374   375     0     0     -0.256      0.428    317.997    317.998      0.135
   291        310  (K_S0)             -91   245   245   376   377     0     0     -0.325      0.372      0.349      0.783      0.498
   292       -311  (Kbar0)            -91   246     0   296   296     0     0      0.028      0.449     -4.939      4.984      0.498
   293       -211  pi-                 91   246     0     0     0     0     0     -0.258      0.083     -0.899      0.949      0.140
   294       -211  pi-                 91   248     0     0     0     0     0     -0.035      0.698    -67.636     67.640      0.140
   295        111  (pi0)              -91   248     0   378   379     0     0      0.306     -0.014    -10.081     10.087      0.135
   296        130  K_L0                91   292   292     0     0     0     0      0.028      0.449     -4.939      4.984      0.498
   297        -16  nu_taubar           91   156     0     0     0     0     0      5.003      0.084     -2.876      5.771      0.000
   298        111  (pi0)              -91   156     0   380   381     0     0     13.572     -0.739     -8.530     16.048      0.135
   299        111  (pi0)              -91   156     0   382   383     0     0     14.999     -0.993     -8.668     17.352      0.135
   300        211  pi+                 91   156     0     0     0     0     0     35.919     -1.701    -21.369     41.830      0.140
   301         16  nu_tau              91   158     0     0     0     0     0      7.189     -3.762      6.821     10.600      0.000
   302         11  e-                  91   158     0     0     0     0     0      0.469      0.001      0.055      0.472      0.001
   303        -12  nu_ebar             91   158     0     0     0     0     0      1.168     -0.690      1.286      1.869      0.000
   304        -11  e+                  91   162     0     0     0     0     0      0.035      0.311      3.410      3.424      0.001
   305         12  nu_e                91   162     0     0     0     0     0     -0.125     -0.066      2.413      2.417      0.000
   306       -325  (K*_2(1430)-)      -91   162     0   384   385     0     0      0.031      1.714     27.842     27.932      1.444
   307        211  pi+                 91   166     0     0     0     0     0     -0.504      0.135     -1.387      1.489      0.140
   308       -211  pi-                 91   166     0     0     0     0     0     -0.263      0.066     -1.360      1.394      0.140
   309        111  (pi0)              -91   166     0   386   387     0     0     -0.413      0.012     -0.474      0.643      0.135
   310     -20213  (a_1(1260)-)       -91   168     0   388   389     0     0      0.570     -0.948      0.062      1.656      1.231
   311       -311  (Kbar0)            -91   168     0   390   390     0     0      0.743     -1.055      0.016      1.383      0.498
   312        211  pi+                 91   185     0     0     0     0     0      0.526     -0.189      0.777      0.967      0.140
   313       -423  (D*bar0)           -91   185     0   391   392     0     0      5.904     -2.853      9.835     11.990      2.007
   314        321  K+                  91   185     0     0     0     0     0      1.427     -0.711      2.365      2.894      0.494
   315       -211  pi-                 91   185     0     0     0     0     0      0.342     -0.108      0.463      0.602      0.140
   316       -213  (rho-)             -91   185     0   393   394     0     0      1.938     -1.079      3.152      3.927      0.753
   317        223  (omega)            -91   185     0   395   397     0     0      2.104     -0.871      3.437      4.195      0.777
   318        213  (rho+)             -91   185     0   398   399     0     0      2.485     -1.238      4.256      5.159      0.891
   319        111  (pi0)              -91   203     0   400   401     0     0      0.095     -0.094     -1.768      1.778      0.135
   320        111  (pi0)              -91   203     0   402   403     0     0      0.005      0.140     -1.585      1.597      0.135
   321        111  (pi0)              -91   203     0   404   406     0     0      0.189      0.090     -2.142      2.156      0.135
   322         22  gamma               91   220     0     0     0     0     0     -0.334     -0.032      0.981      1.036      0.000
   323         22  gamma               91   220     0     0     0     0     0     -0.285      0.093      0.992      1.036      0.000
   324         22  gamma               91   223     0     0     0     0     0     -0.127      0.450      0.460      0.656      0.000
   325         22  gamma               91   223     0     0     0     0     0     -0.139     -0.073      0.623      0.643      0.000
   326        211  pi+                 91   224     0     0     0     0     0      0.080     -0.039      0.206      0.264      0.140
   327       -211  pi-                 91   224     0     0     0     0     0     -0.214     -0.611      0.724      0.981      0.140
   328        111  (pi0)              -91   224     0   407   408     0     0     -0.047      0.058      0.080      0.174      0.135
   329         22  gamma               91   228     0     0     0     0     0     -0.087     -0.105     -0.034      0.141      0.000
   330         22  gamma               91   228     0     0     0     0     0     -0.002     -0.056      0.071      0.090      0.000
   331        211  pi+                 91   229     0     0     0     0     0     -0.004     -0.129      1.780      1.790      0.140
   332       -211  pi-                 91   229     0     0     0     0     0     -0.041      0.162      2.554      2.563      0.140
   333        111  (pi0)              -91   229     0   409   410     0     0     -0.022      0.012      2.048      2.053      0.135
   334         22  gamma               91   231     0     0     0     0     0      0.102     -0.143      3.792      3.796      0.000
   335         22  gamma               91   231     0     0     0     0     0     -0.366      0.230      6.735      6.748      0.000
   336         22  gamma               91   233     0     0     0     0     0     -0.025      0.307     18.669     18.672      0.000
   337         22  gamma               91   233     0     0     0     0     0      0.016      0.103      3.130      3.132      0.000
   338        211  pi+                 91   234     0     0     0     0     0     -0.084     -0.249      8.505      8.510      0.140
   339       -211  pi-                 91   234     0     0     0     0     0      0.389      0.044     13.218     13.225      0.140
   340        111  (pi0)              -91   234     0   411   412     0     0      0.009      0.083      8.932      8.934      0.135
   341         22  gamma               91   236     0     0     0     0     0      0.038     -0.413     83.208     83.209      0.000
   342         22  gamma               91   236     0     0     0     0     0     -0.200     -0.216    207.651    207.651      0.000
   343         22  gamma               91   237     0     0     0     0     0      0.099     -0.050     37.328     37.328      0.000
   344         22  gamma               91   237     0     0     0     0     0      0.167      0.086     78.958     78.958      0.000
   345       -511  (Bbar0)            -91   244     0   413   414     0     0     -5.313     36.645     18.615     41.778      5.280
   346         22  gamma               91   244     0     0     0     0     0     -0.016      0.043      0.050      0.068      0.000
   347         22  gamma               91   249     0     0     0     0     0     -0.013     -0.030     -0.749      0.750      0.000
   348         22  gamma               91   249     0     0     0     0     0      0.047      0.117     -1.523      1.528      0.000
   349         22  gamma               91   252     0     0     0     0     0     -0.419      0.158   -538.030    538.030      0.000
   350         22  gamma               91   252     0     0     0     0     0     -0.115     -0.018   -186.830    186.830      0.000
   351        211  pi+                 91   254     0     0     0     0     0     -0.464     -0.086   -681.210    681.210      0.140
   352       -211  pi-                 91   254     0     0     0     0     0     -0.222      0.256   -907.430    907.430      0.140
   353        111  (pi0)              -91   254     0   415   416     0     0     -0.190      0.011   -923.436    923.437      0.135
   354         22  gamma               91   256     0     0     0     0     0      0.098     -0.095      9.528      9.529      0.000
   355         22  gamma               91   256     0     0     0     0     0      0.208     -0.016      9.619      9.621      0.000
   356         22  gamma               91   258     0     0     0     0     0     -0.004     -0.023     10.778     10.778      0.000
   357         22  gamma               91   258     0     0     0     0     0     -0.145      0.096     24.022     24.022      0.000
   358         22  gamma               91   266     0     0     0     0     0     -0.216      0.083    -35.986     35.987      0.000
   359         22  gamma               91   266     0     0     0     0     0     -0.959      0.683   -173.019    173.023      0.000
   360         22  gamma               91   270     0     0     0     0     0     -0.164      0.212    -17.485     17.487      0.000
   361         22  gamma               91   270     0     0     0     0     0     -0.232      0.126    -23.178     23.180      0.000
   362         22  gamma               91   272     0     0     0     0     0     -0.427     -0.361    -31.799     31.804      0.000
   363         22  gamma               91   272     0     0     0     0     0     -0.002     -0.043     -3.448      3.448      0.000
   364         22  gamma               91   274     0     0     0     0     0     -0.628     -0.181    -26.178     26.186      0.000
   365         22  gamma               91   274     0     0     0     0     0     -0.203     -0.097     -6.629      6.633      0.000
   366         22  gamma               91   276     0     0     0     0     0     -0.093     -0.038     -1.826      1.829      0.000
   367         22  gamma               91   276     0     0     0     0     0     -0.161      0.112     -3.272      3.278      0.000
   368         22  gamma               91   278     0     0     0     0     0      0.183     -0.067     -1.031      1.050      0.000
   369         22  gamma               91   278     0     0     0     0     0      0.201     -0.250     -1.851      1.878      0.000
   370         22  gamma               91   286     0     0     0     0     0     -0.462     -0.001      6.744      6.760      0.000
   371         22  gamma               91   286     0     0     0     0     0     -0.111     -0.020      0.938      0.945      0.000
   372         22  gamma               91   288     0     0     0     0     0     -0.196     -0.315    125.763    125.763      0.000
   373         22  gamma               91   288     0     0     0     0     0     -0.056     -0.097     72.898     72.899      0.000
   374         22  gamma               91   290     0     0     0     0     0     -0.247      0.433    316.060    316.061      0.000
   375         22  gamma               91   290     0     0     0     0     0     -0.009     -0.005      1.937      1.937      0.000
   376        211  pi+                 91   291     0     0     0     0     0     -0.197      0.297      0.004      0.383      0.140
   377       -211  pi-                 91   291     0     0     0     0     0     -0.128      0.075      0.345      0.400      0.140
   378         22  gamma               91   295     0     0     0     0     0      0.138      0.058     -5.055      5.057      0.000
   379         22  gamma               91   295     0     0     0     0     0      0.168     -0.073     -5.026      5.030      0.000
   380         22  gamma               91   298     0     0     0     0     0      7.446     -0.378     -4.607      8.764      0.000
   381         22  gamma               91   298     0     0     0     0     0      6.126     -0.362     -3.923      7.284      0.000
   382         22  gamma               91   299     0     0     0     0     0      5.365     -0.411     -3.140      6.229      0.000
   383         22  gamma               91   299     0     0     0     0     0      9.634     -0.582     -5.528     11.123      0.000
   384       -311  (Kbar0)            -91   306     0   417   417     0     0     -0.032      1.900     26.048     26.122      0.498
   385       -211  pi-                 91   306     0     0     0     0     0      0.063     -0.186      1.794      1.810      0.140
   386         22  gamma               91   309     0     0     0     0     0     -0.026      0.034     -0.024      0.050      0.000
   387         22  gamma               91   309     0     0     0     0     0     -0.387     -0.023     -0.450      0.593      0.000
   388       -213  (rho-)             -91   310     0   418   419     0     0      0.619     -0.868     -0.186      1.359      0.822
   389        111  (pi0)              -91   310     0   420   421     0     0     -0.049     -0.080      0.248      0.298      0.135
   390        130  K_L0                91   311   311     0     0     0     0      0.743     -1.055      0.016      1.383      0.498
   391       -421  (Dbar0)            -91   313     0   422   423     0     0      5.449     -2.666      9.153     11.138      1.865
   392        111  (pi0)              -91   313     0   424   426     0     0      0.456     -0.186      0.683      0.852      0.135
   393       -211  pi-                 91   316     0     0     0     0     0      1.087     -0.205      1.525      1.889      0.140
   394        111  (pi0)              -91   316     0   427   428     0     0      0.851     -0.874      1.627      2.038      0.135
   395        211  pi+                 91   317     0     0     0     0     0      1.199     -0.531      1.679      2.135      0.140
   396       -211  pi-                 91   317     0     0     0     0     0      0.601     -0.206      0.762      1.002      0.140
   397        111  (pi0)              -91   317     0   429   430     0     0      0.304     -0.134      0.996      1.059      0.135
   398        211  pi+                 91   318     0     0     0     0     0      2.229     -1.196      4.120      4.836      0.140
   399        111  (pi0)              -91   318     0   431   432     0     0      0.256     -0.042      0.137      0.323      0.135
   400         22  gamma               91   319     0     0     0     0     0      0.121     -0.067     -1.606      1.612      0.000
   401         22  gamma               91   319     0     0     0     0     0     -0.026     -0.027     -0.162      0.166      0.000
   402         22  gamma               91   320     0     0     0     0     0      0.049      0.066     -1.182      1.185      0.000
   403         22  gamma               91   320     0     0     0     0     0     -0.044      0.074     -0.403      0.412      0.000
   404         22  gamma               91   321     0     0     0     0     0      0.194      0.054     -1.725      1.736      0.000
   405         11  e-                  91   321     0     0     0     0     0     -0.006      0.021     -0.362      0.363      0.001
   406        -11  e+                  91   321     0     0     0     0     0     -0.000      0.015     -0.055      0.057      0.001
   407         22  gamma               91   328     0     0     0     0     0     -0.064      0.013      0.102      0.121      0.000
   408         22  gamma               91   328     0     0     0     0     0      0.017      0.045     -0.021      0.053      0.000
   409         22  gamma               91   333     0     0     0     0     0     -0.013      0.066      0.645      0.649      0.000
   410         22  gamma               91   333     0     0     0     0     0     -0.010     -0.054      1.403      1.404      0.000
   411         22  gamma               91   340     0     0     0     0     0      0.042      0.085      8.276      8.277      0.000
   412         22  gamma               91   340     0     0     0     0     0     -0.033     -0.003      0.656      0.657      0.000
   413     -20433  (D*_1s-)           -91   345     0   433   434     0     0     -3.561     15.918      7.810     18.253      2.472
   414        413  (D*+)              -91   345     0   435   436     0     0     -1.752     20.727     10.805     23.526      2.010
   415         22  gamma               91   353     0     0     0     0     0     -0.086     -0.053   -558.051    558.051      0.000
   416         22  gamma               91   353     0     0     0     0     0     -0.104      0.064   -365.385    365.385      0.000
   417        310  (K_S0)             -91   384   384   437   438     0     0     -0.032      1.900     26.048     26.122      0.498
   418       -211  pi-                 91   388     0     0     0     0     0      0.454     -0.028     -0.112      0.489      0.140
   419        111  (pi0)              -91   388     0   439   440     0     0      0.165     -0.840     -0.075      0.870      0.135
   420         22  gamma               91   389     0     0     0     0     0      0.005      0.036      0.053      0.064      0.000
   421         22  gamma               91   389     0     0     0     0     0     -0.054     -0.116      0.195      0.233      0.000
   422       -311  (Kbar0)            -91   391     0   441   441     0     0      2.129     -1.758      3.721      4.660      0.498
   423        223  (omega)            -91   391     0   442   444     0     0      3.319     -0.909      5.432      6.478      0.782
   424         22  gamma               91   392     0     0     0     0     0      0.387     -0.149      0.480      0.634      0.000
   425         11  e-                  91   392     0     0     0     0     0      0.029     -0.024      0.078      0.087      0.001
   426        -11  e+                  91   392     0     0     0     0     0      0.040     -0.013      0.125      0.132      0.001
   427         22  gamma               91   394     0     0     0     0     0      0.582     -0.656      1.089      1.398      0.000
   428         22  gamma               91   394     0     0     0     0     0      0.269     -0.218      0.538      0.640      0.000
   429         22  gamma               91   397     0     0     0     0     0     -0.001     -0.003     -0.004      0.005      0.000
   430         22  gamma               91   397     0     0     0     0     0      0.305     -0.132      1.000      1.054      0.000
   431         22  gamma               91   399     0     0     0     0     0      0.245     -0.018      0.155      0.290      0.000
   432         22  gamma               91   399     0     0     0     0     0      0.011     -0.024     -0.018      0.033      0.000
   433       -433  (D*_s-)            -91   413     0   445   446     0     0     -3.162     14.005      7.209     16.204      2.112
   434        111  (pi0)              -91   413     0   447   448     0     0     -0.399      1.912      0.600      2.048      0.135
   435        421  (D0)               -91   414     0   449   451     0     0     -1.579     18.954      9.862     21.506      1.865
   436        211  pi+                 91   414     0     0     0     0     0     -0.173      1.773      0.942      2.020      0.140
   437        111  (pi0)              -91   417     0   452   453     0     0     -0.171      1.072     12.770     12.817      0.135
   438        111  (pi0)              -91   417     0   454   455     0     0      0.139      0.828     13.278     13.305      0.135
   439         22  gamma               91   419     0     0     0     0     0      0.127     -0.355     -0.069      0.383      0.000
   440         22  gamma               91   419     0     0     0     0     0      0.038     -0.485     -0.005      0.487      0.000
   441        130  K_L0                91   422   422     0     0     0     0      2.129     -1.758      3.721      4.660      0.498
   442        211  pi+                 91   423     0     0     0     0     0      1.969     -0.595      3.223      3.826      0.140
   443       -211  pi-                 91   423     0     0     0     0     0      0.228     -0.179      0.386      0.502      0.140
   444        111  (pi0)              -91   423     0   456   457     0     0      1.123     -0.135      1.823      2.150      0.135
   445       -431  (D_s-)             -91   433     0   458   460     0     0     -3.016     13.168      6.635     15.178      1.968
   446         22  gamma               91   433     0     0     0     0     0     -0.146      0.837      0.574      1.026      0.000
   447         22  gamma               91   434     0     0     0     0     0     -0.121      0.879      0.243      0.920      0.000
   448         22  gamma               91   434     0     0     0     0     0     -0.278      1.033      0.357      1.128      0.000
   449       -321  K-                  91   435     0     0     0     0     0     -1.328      8.799      4.385      9.932      0.494
   450        211  pi+                 91   435     0     0     0     0     0      0.021      4.945      2.231      5.427      0.140
   451        111  (pi0)              -91   435     0   461   462     0     0     -0.272      5.210      3.246      6.146      0.135
   452         22  gamma               91   437     0     0     0     0     0     -0.000      0.400      4.876      4.893      0.000
   453         22  gamma               91   437     0     0     0     0     0     -0.170      0.671      7.894      7.924      0.000
   454         22  gamma               91   438     0     0     0     0     0      0.083      0.703     10.516     10.540      0.000
   455         22  gamma               91   438     0     0     0     0     0      0.057      0.125      2.762      2.765      0.000
   456         22  gamma               91   444     0     0     0     0     0      0.986     -0.073      1.597      1.879      0.000
   457         22  gamma               91   444     0     0     0     0     0      0.137     -0.061      0.226      0.271      0.000
   458         13  mu-                 91   445     0     0     0     0     0     -0.252      0.533      0.577      0.832      0.106
   459        -14  nu_mubar            91   445     0     0     0     0     0     -1.428      6.248      2.902      7.035      0.000
   460        331  (eta')             -91   445     0   463   464     0     0     -1.336      6.387      3.155      7.311      0.958
   461         22  gamma               91   451     0     0     0     0     0     -0.214      2.926      1.857      3.472      0.000
   462         22  gamma               91   451     0     0     0     0     0     -0.058      2.285      1.389      2.674      0.000
   463        113  (rho0)             -91   460     0   465   466     0     0     -1.158      6.009      2.873      6.807      0.793
   464         22  gamma               91   460     0     0     0     0     0     -0.178      0.378      0.283      0.505      0.000
   465        211  pi+                 91   463     0     0     0     0     0     -0.132      2.343      1.290      2.682      0.140
   466       -211  pi-                 91   463     0     0     0     0     0     -1.026      3.666      1.583      4.125      0.140
                                   Charge sum:  2.000           Momentum sum:     -0.000     -0.000     -0.000  13000.000  13000.000

 --------  End PYTHIA Event Listing  -----------------------------------------------------------------------------------------------
#--------------------------------------------------------------------------
#                     FastJet release 3.4.0 [fjcore]
#                 M. Cacciari, G.P. Salam and G. Soyez                  
#     A software package for jet finding and analysis at colliders      
#                           http://fastjet.fr                           
#	                                                                      
# Please cite EPJC72(2012)1896 [arXiv:1111.6097] if you use this package
# for scientific work and optionally PLB641(2006)57 [hep-ph/0512210].   
#                                                                       
# FastJet is provided without warranty under the GNU GPL v2 or higher.  
# It uses T. Chan's closest pair algorithm, S. Fortune's Voronoi code
# and 3rd party plugin jet algorithms. See COPYING file for details.
#--------------------------------------------------------------------------
 PYTHIA Warning in SimpleSpaceShower::pT2nextQCD: weight above unity  
 PYTHIA Warning in SimpleTimeShower::findMEcorr: ME weight above PS one  
 PYTHIA Warning in SimpleSpaceShower::pT2nextQCD: small daughter PDF  
 PYTHIA Warning in StringFragmentation::fragmentToJunction: bad convergence junction rest frame  
 PYTHIA Warning in MultipartonInteractions::pTnext: weight above unity  
 PYTHIA Warning in SimpleTimeShower::pTnext: negative dipole mass.  
 PYTHIA Error in BeamRemnants::setKinematics: kinematics construction failed  

 Pythia::next(): 1000 events have been generated 
 PYTHIA Error in SimpleSpaceShower::pT2nearThreshold: stuck in loop  

 Pythia::next(): 2000 events have been generated 

 Pythia::next(): 3000 events have been generated 

 Pythia::next(): 4000 events have been generated 
 PYTHIA Warning in ColConfig::collect: negative-energy parton encountered  
 PYTHIA Warning in Pythia::check: not quite matched particle energy/momentum/mass  
 PYTHIA Error in StringFragmentation::fragment: stuck in joining  
 PYTHIA Error in Pythia::next: hadronLevel failed; try again  

 Pythia::next(): 5000 events have been generated 
 PYTHIA Warning in HadronWidths::pickMasses: angular momentum and running widths not used  

 Pythia::next(): 6000 events have been generated 

 Pythia::next(): 7000 events have been generated 

 Pythia::next(): 8000 events have been generated 
 PYTHIA Error in Pythia::check: unmatched particle energy/momentum/mass  
 PYTHIA Error in Pythia::next: check of event revealed problems  

 Pythia::next(): 9000 events have been generated 

 *-------  PYTHIA Event and Cross Section Statistics  -------------------------------------------------------------*
 |                                                                                                                 |
 | Subprocess                                    Code |            Number of events       |      sigma +- delta    |
 |                                                    |       Tried   Selected   Accepted |     (estimated) (mb)   |
 |                                                    |                                   |                        |
 |-----------------------------------------------------------------------------------------------------------------|
 |                                                    |                                   |                        |
 | Les Houches User Process(es)                  9999 |       10000      10000      10000 |   8.346e-08  0.000e+00 |
 |    ... whereof user classification code     322200 |       10000      10000      10000 |                        | 
 |                                                    |                                   |                        |
 | sum                                                |       10000      10000      10000 |   8.346e-08  0.000e+00 |
 |                                                                                                                 |
 *-------  End PYTHIA Event and Cross Section Statistics ----------------------------------------------------------*

 *-------  PYTHIA Error and Warning Messages Statistics  ----------------------------------------------------------* 
 |                                                                                                                 | 
 |  times   message                                                                                                | 
 |                                                                                                                 | 
 |     18   Error in BeamRemnants::setKinematics: kinematics construction failed                                   | 
 |      3   Error in Pythia::check: unmatched particle energy/momentum/mass                                        | 
 |      1   Error in Pythia::next: check of event revealed problems                                                | 
 |      2   Error in Pythia::next: hadronLevel failed; try again                                                   | 
 |      2   Error in SimpleSpaceShower::pT2nearThreshold: stuck in loop                                            | 
 |      2   Error in StringFragmentation::fragment: stuck in joining                                               | 
 |      2   Warning in ColConfig::collect: negative-energy parton encountered                                      | 
 |      1   Warning in HadronWidths::pickMasses: angular momentum and running widths not used                      | 
 |      3   Warning in MultipartonInteractions::pTnext: weight above unity                                         | 
 |      2   Warning in Pythia::check: not quite matched particle energy/momentum/mass                              | 
 |   4802   Warning in SimpleSpaceShower::pT2nextQCD: small daughter PDF                                           | 
 |   3452   Warning in SimpleSpaceShower::pT2nextQCD: weight above unity                                           | 
 |     90   Warning in SimpleTimeShower::findMEcorr: ME weight above PS one                                        | 
 |     28   Warning in SimpleTimeShower::pTnext: negative dipole mass.                                             | 
 |     23   Warning in StringFragmentation::fragmentToJunction: bad convergence junction rest frame                | 
 |      2   Warning in TimeShower::init: pTmin too low                                                             | 
 |                                                                                                                 | 
 *-------  End PYTHIA Error and Warning Messages Statistics  ------------------------------------------------------* 
Using LHE File: /nfs/dust/cms/user/amoroso/powheg/POWHEG-BOX-V2/ttJ_MiNNLOPS_v1.0_beta1/decay-ll/pwgevents-0949.lhe
less then 10000 events in LHE, using all LHE events
np.shape(P0) = (10000, 3, 9)
np.shape(nJets) = (10000, 2)
np.shape(jets_4vectors) = (10000, 20, 6)
