Configured CUDA from: /cvmfs/sft.cern.ch/lcg/releases/cuda/12.4-4899e/x86_64-el9-gcc11-opt

 *------------------------------------------------------------------------------------* 
 |                                                                                    | 
 |  *------------------------------------------------------------------------------*  | 
 |  |                                                                              |  | 
 |  |                                                                              |  | 
 |  |   PPP   Y   Y  TTTTT  H   H  III    A      Welcome to the Lund Monte Carlo!  |  | 
 |  |   P  P   Y Y     T    H   H   I    A A     This is PYTHIA version 8.309      |  | 
 |  |   PPP     Y      T    HHHHH   I   AAAAA    Last date of change: 16 Feb 2023  |  | 
 |  |   P       Y      T    H   H   I   A   A                                      |  | 
 |  |   P       Y      T    H   H  III  A   A    Now is 03 Sep 2024 at 15:25:22    |  | 
 |  |                                                                              |  | 
 |  |   Program documentation and an archive of historic versions is found on:     |  | 
 |  |                                                                              |  | 
 |  |                               https://pythia.org/                            |  | 
 |  |                                                                              |  | 
 |  |   PYTHIA is authored by a collaboration consisting of:                       |  | 
 |  |                                                                              |  | 
 |  |   Christian Bierlich, Nishita Desai, Leif Gellersen, Ilkka Helenius, Philip  |  | 
 |  |   Ilten, Leif Lonnblad, Stephen Mrenna, Stefan Prestel, Christian Preuss,    |  | 
 |  |   Torbjorn Sjostrand, Peter Skands, Marius Utheim and Rob Verheyen.          |  | 
 |  |                                                                              |  | 
 |  |   The complete list of authors, including contact information and            |  | 
 |  |   affiliations, can be found on https://pythia.org/.                         |  | 
 |  |   Problems or bugs should be reported on email at authors@pythia.org.        |  | 
 |  |                                                                              |  | 
 |  |   The main program reference is C. Bierlich et al,                           |  | 
 |  |   'A comprehensive guide to the physics and usage of Pythia 8.3',            |  | 
 |  |   SciPost Phys. Codebases 8-r8.3 (2022) [arXiv:2203.11601 [hep-ph]]          |  | 
 |  |                                                                              |  | 
 |  |   PYTHIA is released under the GNU General Public Licence version 2 or later.|  | 
 |  |   Please respect the MCnet Guidelines for Event Generator Authors and Users. |  | 
 |  |                                                                              |  | 
 |  |   Disclaimer: this program comes without any guarantees.                     |  | 
 |  |   Beware of errors and use common sense when interpreting results.           |  | 
 |  |                                                                              |  | 
 |  |   Copyright (C) 2023 Torbjorn Sjostrand                                      |  | 
 |  |                                                                              |  | 
 |  |                                                                              |  | 
 |  *------------------------------------------------------------------------------*  | 
 |                                                                                    | 
 *------------------------------------------------------------------------------------* 


 *-------  PYTHIA Process Initialization  --------------------------*
 |                                                                  |
 | We collide p+ with p+ at a CM energy of 1.300e+04 GeV            |
 |                                                                  |
 |------------------------------------------------------------------|
 |                                                    |             |
 | Subprocess                                    Code |   Estimated |
 |                                                    |    max (mb) |
 |                                                    |             |
 |------------------------------------------------------------------|
 |                                                    |             |
 | Les Houches User Process(es)                  9999 |   1.000e-09 |
 |                                                                  |
 *-------  End PYTHIA Process Initialization -----------------------*
 PYTHIA Warning in TimeShower::init: pTmin too low , raised to 0.611

 *-------  PYTHIA Multiparton Interactions Initialization  ---------* 
 |                                                                  | 
 |                   sigmaNonDiffractive =    55.51 mb              | 
 |                                                                  | 
 |    pT0 =  1.44 gives sigmaInteraction =   396.69 mb: accepted    | 
 |                                                                  | 
 *-------  End PYTHIA Multiparton Interactions Initialization  -----* 

 *-------  PYTHIA Flag + Mode + Parm + Word + FVec + MVec + PVec + WVec Settings (changes only)  ------------------* 
 |                                                                                                                 | 
 | Name                                          |                      Now |      Default         Min         Max | 
 |                                               |                          |                                      | 
 | Beams:frameType                               |                        4 |            1           1           5 | 
 | Beams:LHEF                                    | /nfs/dust/cms/user/amoroso/powheg/POWHEG-BOX-V2/ttJ_MiNNLOPS_v1.0_beta1/decay-ll/pwgevents-0818.lhe |         void | 
 | ColourReconnection:range                      |                  5.17600 |      1.80000         0.0    10.00000 | 
 | Main:timesAllowErrors                         |                      500 |           10           0             | 
 | MultipartonInteractions:alphaSorder           |                        2 |            1           0           3 | 
 | MultipartonInteractions:alphaSvalue           |                  0.11800 |      0.13000   0.0600000     0.25000 | 
 | MultipartonInteractions:bProfile              |                        2 |            3           0           4 | 
 | MultipartonInteractions:coreFraction          |                  0.63000 |      0.50000         0.0     1.00000 | 
 | MultipartonInteractions:coreRadius            |                  0.76340 |      0.40000     0.10000     1.00000 | 
 | MultipartonInteractions:ecmPow                |                0.0334400 |      0.21500         0.0     0.50000 | 
 | MultipartonInteractions:pT0Ref                |                  1.41000 |      2.28000     0.50000    10.00000 | 
 | ParticleDecays:limitTau                       |                       on |          off                         | 
 | PDF:pSet                                      |                       20 |           13                         | 
 | Random:seed                                   |                      818 |           -1               900000000 | 
 | Random:setSeed                                |                       on |          off                         | 
 | SigmaProcess:alphaSorder                      |                        2 |            1           0           3 | 
 | SigmaProcess:alphaSvalue                      |                  0.11800 |      0.13000   0.0600000     0.25000 | 
 | SigmaTotal:mode                               |                        0 |            1           0           4 | 
 | SigmaTotal:sigmaEl                            |                 21.89000 |     25.00000         0.0             | 
 | SigmaTotal:sigmaTot                           |                100.30900 |    100.00000         0.0             | 
 | SigmaTotal:zeroAXB                            |                      off |           on                         | 
 | SpaceShower:alphaSorder                       |                        2 |            1           0           3 | 
 | SpaceShower:alphaSvalue                       |                  0.11800 |      0.13650   0.0600000     0.25000 | 
 | SpaceShower:dipoleRecoil                      |                       on |          off                         | 
 | SpaceShower:pTmaxMatch                        |                        1 |            0           0           2 | 
 | TimeShower:alphaSorder                        |                        2 |            1           0           3 | 
 | TimeShower:alphaSvalue                        |                  0.11800 |      0.13650   0.0600000     0.25000 | 
 |                                                                                                                 | 
 *-------  End PYTHIA Flag + Mode + Parm + Word + FVec + MVec + PVec + WVec Settings  -----------------------------* 

 --------  PYTHIA Particle Data Table (changed only)  ------------------------------------------------------------------------------
 
      id   name            antiName         spn chg col      m0        mWidth      mMin       mMax       tau0    res dec ext vis wid
             no onMode   bRatio   meMode     products 

       6  t                tbar               2   2   1  173.00000    1.36916   86.00000    0.00000  1.44122e-13   1   1   0   1   0
              0     1   0.0000664    0       24        1 
              1     1   0.0017361    0       24        3 
              2     1   0.9981975    0       24        5 
              3     1   0.0000000    0       37        5 

 --------  End PYTHIA Particle Data Table  -----------------------------------------------------------------------------------------


 --------  LHA event information and listing  ---------------------------------------------------------------------- 

    process =   322200    weight =   1.0325e+02     scale =   1.4066e+01 (GeV) 
                        alpha_em =  -1.0000e+00    alpha_strong =   1.7999e-01

    Participating Particles 
    no        id stat     mothers     colours      p_x        p_y        p_z         e          m        tau    spin 
     1        21   -1     0     0   511   515      0.000      0.000    211.093    211.093      0.000   0.000   9.000
     2        21   -1     0     0   512   513      0.000      0.000   -394.640    394.640      0.000   0.000   9.000
     3         6    2     1     2   511     0     -1.261    -75.859     49.829    194.896    172.468   0.000   9.000
     4        -6    2     1     2     0   514    -16.222     47.397    -53.879    197.111    182.867   0.000   9.000
     5        21    1     1     2   514   513     19.558     14.550   -192.819    194.354      0.000   0.000   9.000
     6        21    1     1     2   512   515     -2.075     13.912     13.322     19.373      0.000   0.000   9.000
     7         5    1     3     3   511     0     45.681     14.776    -13.514     50.119      4.920   0.000  -1.000
     8        24    2     3     3     0     0    -46.943    -90.635     63.343    144.776     80.805   0.000   9.000
     9        -5    1     4     4     0   514    -22.271     51.869    -90.455    106.736      4.920   0.000   1.000
    10       -24    2     4     4     0     0      6.049     -4.472     36.576     90.375     82.300   0.000   9.000
    11       -11    1     8     8     0     0    -64.995    -51.129     23.837     86.062      0.001   0.000   1.000
    12        12    1     8     8     0     0     18.052    -39.505     39.506     58.714      0.000   0.000  -1.000
    13        11    1    10    10     0     0    -25.355     13.532    -10.843     30.718      0.001   0.000  -1.000
    14       -12    1    10    10     0     0     31.404    -18.004     47.419     59.657      0.000   0.000   1.000

 --------  End LHA event information and listing  ------------------------------------------------------------------ 

 --------  PYTHIA Info Listing  ---------------------------------------- 
 
 Beam A: id =   2212, pz =  6.500e+03, e =  6.500e+03, m =  9.383e-01.
 Beam B: id =   2212, pz = -6.500e+03, e =  6.500e+03, m =  9.383e-01.

 In 1: id =   21, x =  3.248e-02, pdf =  0.000e+00 at Q2 =  1.978e+02.
 In 2: id =   21, x =  6.071e-02, pdf =  0.000e+00 at same Q2.

 Process Les Houches User Process(es) with code 9999 is 2 -> 4.
 Subprocess user process 322200 with code 322200 is 2 -> 4.
     alphaEM =  7.655e-03,  alphaS =  1.800e-01    at Q2 =  1.978e+02.

 Impact parameter b =  9.185e-01 gives enhancement factor =  7.844e-01.
 Max pT scale for MPI =  1.300e+04, ISR =  1.407e+01, FSR =  1.407e+01.
 Number of MPI =     5, ISR =     4, FSRproc =    17, FSRreson =     4.

 --------  End PYTHIA Info Listing  ------------------------------------

 --------  PYTHIA Event Listing  (hard process)  -----------------------------------------------------------------------------------
 
    no         id  name            status     mothers   daughters     colours      p_x        p_y        p_z         e          m 
     0         90  (system)           -11     0     0     0     0     0     0      0.000      0.000      0.000  13000.000  13000.000
     1       2212  (p+)               -12     0     0     3     0     0     0      0.000      0.000   6500.000   6500.000      0.938
     2       2212  (p+)               -12     0     0     4     0     0     0      0.000      0.000  -6500.000   6500.000      0.938
     3         21  (g)                -21     1     0     5     8   511   515      0.000      0.000    211.093    211.093      0.000
     4         21  (g)                -21     2     0     5     8   512   513      0.000      0.000   -394.640    394.640      0.000
     5          6  (t)                -22     3     4     9    10   511     0     -1.261    -75.859     49.829    194.896    172.468
     6         -6  (tbar)             -22     3     4    11    12     0   514    -16.222     47.397    -53.879    197.111    182.867
     7         21  g                   23     3     4     0     0   514   513     19.558     14.550   -192.819    194.354      0.000
     8         21  g                   23     3     4     0     0   512   515     -2.075     13.912     13.322     19.373      0.000
     9          5  b                   23     5     0     0     0   511     0     45.681     14.776    -13.514     50.119      4.920
    10         24  (W+)               -22     5     0    13    14     0     0    -46.943    -90.635     63.343    144.776     80.805
    11         -5  bbar                23     6     0     0     0     0   514    -22.271     51.869    -90.455    106.736      4.920
    12        -24  (W-)               -22     6     0    15    16     0     0      6.049     -4.472     36.576     90.375     82.300
    13        -11  e+                  23    10     0     0     0     0     0    -64.995    -51.129     23.837     86.062      0.001
    14         12  nu_e                23    10     0     0     0     0     0     18.052    -39.505     39.506     58.714      0.000
    15         11  e-                  23    12     0     0     0     0     0    -25.355     13.532    -10.843     30.718      0.001
    16        -12  nu_ebar             23    12     0     0     0     0     0     31.404    -18.004     47.419     59.657      0.000
                                   Charge sum:  0.000           Momentum sum:      0.000      0.000   -183.547    605.733    577.255

 --------  End PYTHIA Event Listing  -----------------------------------------------------------------------------------------------

 --------  PYTHIA Event Listing  (complete event)  ---------------------------------------------------------------------------------
 
    no         id  name            status     mothers   daughters     colours      p_x        p_y        p_z         e          m 
     0         90  (system)           -11     0     0     0     0     0     0      0.000      0.000      0.000  13000.000  13000.000
     1       2212  (p+)               -12     0     0   115     0     0     0      0.000      0.000   6500.000   6500.000      0.938
     2       2212  (p+)               -12     0     0   116     0     0     0      0.000      0.000  -6500.000   6500.000      0.938
     3         21  (g)                -21    15    15     5     8   511   515      0.000      0.000    211.093    211.093      0.000
     4         21  (g)                -21    16     0     5     8   512   513      0.000      0.000   -394.640    394.640      0.000
     5          6  (t)                -22     3     4    17    17   511     0     -1.261    -75.859     49.829    194.896    172.468
     6         -6  (tbar)             -22     3     4    11    11     0   514    -16.222     47.397    -53.879    197.111    182.867
     7         21  (g)                -23     3     4     9    10   514   513     19.558     14.550   -192.819    194.354      0.000
     8         21  (g)                -23     3     4    20    20   512   515     -2.075     13.912     13.322     19.373      0.000
     9         21  (g)                -51     7     0    14    14   516   513     27.258      8.907   -173.024    175.385      0.000
    10         21  (g)                -51     7     0    12    13   514   516     -9.126      6.681    -13.284     17.447      0.000
    11         -6  (tbar)             -52     6     6    18    18     0   514    -14.796     46.359    -60.390    198.633    182.867
    12         21  (g)                -51    10     0    21    21   514   517     -5.099     11.827    -15.070     19.824      0.000
    13         21  (g)                -51    10     0    22    22   517   516      7.467     -1.390    -71.177     71.581      0.000
    14         21  (g)                -52     9     9    19    19   516   513     15.764      5.151   -100.062    101.427      0.000
    15         21  (g)                -42    36     0     3     3   511   515      0.000      0.000    211.093    211.093      0.000
    16          2  (u)                -41    37    37    23     4   512     0      0.000      0.000  -3599.331   3599.331      0.000
    17          6  (t)                -44     5     5    38    38   511     0     -1.261    -75.859     49.829    194.896    172.468
    18         -6  (tbar)             -44    11    11    39    39     0   514    -14.796     46.359    -60.390    198.633    182.867
    19         21  (g)                -44    14    14    26    26   516   513     25.213     -1.960   -237.570    238.912      0.000
    20         21  (g)                -44     8     8    41    41   512   515     -2.075     13.912     13.322     19.373      0.000
    21         21  (g)                -44    12    12    42    42   514   517     -5.099     11.827    -15.070     19.824      0.000
    22         21  (g)                -44    13    13    43    43   517   516      7.467     -1.390    -71.177     71.581      0.000
    23          2  (u)                -43    16     0    24    25   513     0     -9.449      7.112  -3067.183   3067.206      0.330
    24          2  (u)                -51    23     0    44    44   518     0     -7.361      2.405  -2994.831   2994.841      0.330
    25         21  (g)                -51    23     0    45    45   513   518     -0.170      4.557    -90.428     90.543      0.000
    26         21  (g)                -52    19    19    40    40   516   513     23.294     -1.811   -219.494    220.734      0.000
    27         21  (g)                -31    31     0    29    30   519   520      0.000      0.000      6.644      6.644      0.000
    28         21  (g)                -31    32    32    29    30   521   519      0.000      0.000     -5.617      5.617      0.000
    29         21  (g)                -33    27    28    33    33   521   522     -2.560     -2.325     -4.540      5.707      0.000
    30         21  (g)                -33    27    28    34    34   522   520      2.560      2.325      5.567      6.554      0.000
    31         21  (g)                -41   137   137    35    27   519   523     -0.000     -0.000    993.176    993.176      0.000
    32         21  (g)                -42   138   138    28    28   521   519      0.000      0.000     -5.617      5.617      0.000
    33         21  (g)                -44    29    29    77    78   521   522     -2.560     -2.325     -4.540      5.707      0.000
    34         21  (g)                -44    30    30    59    59   522   520      0.187      2.019      1.598      2.582      0.000
    35         21  (g)                -43    31     0    57    58   520   523      2.373      0.306    990.501    990.504      0.000
    36         21  (g)                -41    60     0    46    15   524   515     -0.000      0.000    211.710    211.710      0.000
    37          2  (u)                -42    61    61    16    16   512     0      0.000      0.000  -3599.331   3599.331      0.000
    38          6  (t)                -44    17    17    62    62   511     0     -1.261    -75.859     49.829    194.896    172.468
    39         -6  (tbar)             -44    18    18    63    63     0   514    -14.796     46.359    -60.390    198.633    182.867
    40         21  (g)                -44    26    26    51    52   516   513     23.294     -1.811   -219.494    220.734      0.000
    41         21  (g)                -44    20    20    65    65   512   515     -1.437      3.302      2.557      4.417      0.000
    42         21  (g)                -44    21    21    56    56   514   517     -5.099     11.827    -15.070     19.824      0.000
    43         21  (g)                -44    22    22    54    55   517   516      7.467     -1.390    -71.177     71.581      0.000
    44          2  (u)                -44    24    24    68    68   518     0     -7.361      2.405  -2994.831   2994.841      0.330
    45         21  (g)                -44    25    25    53    53   513   518     -0.170      4.557    -90.428     90.543      0.000
    46         21  (g)                -43    36     0    70    70   524   511     -0.637     10.610     11.382     15.573      0.000
    47          1  (d)                -31   146   146    49    50   525     0      0.000      0.000    832.145    832.145      0.000
    48          1  (d)                -31   147   147    49    50   526     0      0.000      0.000     -0.033      0.033      0.000
    49          1  (d)                -33    47    48   148   148   525     0      0.572     -1.301     16.457     16.521      0.330
    50          1  (d)                -33    47    48   149   149   526     0     -0.572      1.301    815.655    815.657      0.330
    51         21  (g)                -51    40     0    64    64   516   527     19.157     -0.812   -191.103    192.063      0.000
    52         21  (g)                -51    40     0    71    71   527   513      4.132     -0.857    -31.197     31.481      0.000
    53         21  (g)                -52    45    45    69    69   513   518     -0.165      4.416    -87.621     87.732      0.000
    54         21  (g)                -51    43     0    67    67   528   516     -0.183     -0.659     -6.612      6.648      0.000
    55         21  (g)                -51    43     0    72    72   517   528      7.571     -0.546    -64.799     65.242      0.000
    56         21  (g)                -52    42    42    66    66   514   517     -5.020     11.643    -14.834     19.514      0.000
    57         21  (g)                -51    35     0   141   141   529   523      2.305     -0.746    773.484    773.488      0.000
    58         21  (g)                -51    35     0    80    81   520   529      0.068      1.059    217.023    217.026      0.000
    59         21  (g)                -52    34    34    79    79   522   520      0.187      2.012      1.592      2.573      0.000
    60         21  (g)                -41   115   115    73    36   530   515     -0.000      0.000    326.867    326.867      0.000
    61          2  (u)                -42   116   116    37    37   512     0      0.000      0.000  -3599.331   3599.331      0.000
    62          6  (t)                -44    38    38    92    92   511     0     -1.261    -75.859     49.829    194.896    172.468
    63         -6  (tbar)             -44    39    39   118   118     0   514    -14.796     46.359    -60.390    198.633    182.867
    64         21  (g)                -44    51    51   101   101   516   527     19.157     -0.812   -191.103    192.063      0.000
    65         21  (g)                -44    41    41   120   120   512   515     -1.437      3.302      2.557      4.417      0.000
    66         21  (g)                -44    56    56   121   121   514   517     -5.020     11.643    -14.834     19.514      0.000
    67         21  (g)                -44    54    54    99   100   528   516     -0.183     -0.659     -6.612      6.648      0.000
    68          2  (u)                -44    44    44    76    76   518     0     -7.361      2.405  -2994.831   2994.841      0.330
    69         21  (g)                -44    53    53    74    75   513   518     -0.165      4.416    -87.621     87.732      0.000
    70         21  (g)                -44    46    46    90    91   524   511     -1.630     10.963     12.579     16.766      0.000
    71         21  (g)                -44    52    52    93    94   527   513      4.132     -0.857    -31.197     31.481      0.000
    72         21  (g)                -44    55    55   127   127   517   528      7.571     -0.546    -64.799     65.242      0.000
    73         21  (g)                -43    60     0    96    97   530   524      0.993     -0.353    113.960    113.965      0.000
    74         21  (g)                -51    69     0    95    95   513   531      0.823      2.316    -44.125     44.194      0.000
    75         21  (g)                -51    69     0   105   106   531   518     -1.039      2.117    -64.602     64.645      0.000
    76          2  (u)                -52    68    68   107   107   518     0     -7.309      2.388  -2973.725   2973.735      0.330
    77         21  (g)                -51    33     0   139   139   521   532     -2.941     -1.724     -3.336      4.771      0.000
    78         21  (g)                -51    33     0   143   143   532   522      0.399     -0.403     -1.047      1.190      0.000
    79         21  (g)                -52    59    59    82    82   522   520      0.168      1.814      1.435      2.319      0.000
    80         21  (g)                -51    58     0   142   142   533   529      0.715     -0.428     52.809     52.815      0.000
    81         21  (g)                -51    58     0    89    89   520   533     -0.644      1.512    164.234    164.243      0.000
    82         21  (g)                -52    79    79    87    88   522   520      0.166      1.789      1.415      2.287      0.000
    83          1  (d)                -31   150   150    85    86   534     0      0.000      0.000      7.485      7.485      0.000
    84         21  (g)                -31   151   151    85    86   535   536      0.000      0.000     -5.222      5.222      0.000
    85          1  (d)                -33    83    84   152   152   535     0      0.688      0.540      7.419      7.477      0.330
    86         21  (g)                -33    83    84   153   153   534   536     -0.688     -0.540     -5.156      5.230      0.000
    87          1  (d)                -51    82     0   140   140   522     0      0.771      1.701      2.555      3.182      0.330
    88         -1  (dbar)             -51    82     0   145   145     0   520     -0.613      0.106      0.891      1.136      0.330
    89         21  (g)                -52    81    81   144   144   520   533     -0.636      1.493    162.204    162.212      0.000
    90         21  (g)                -51    70     0    98    98   524   538     -0.945     10.538     11.421     15.569      0.000
    91         21  (g)                -51    70     0   130   130   538   511     -0.666      0.171      1.071      1.273      0.000
    92          6  (t)                -52    62    62   117   117   511     0     -1.280    -75.605     49.916    194.819    172.468
    93          1  (d)                -51    71     0   126   126   527     0      3.889     -0.200    -31.897     32.135      0.330
    94         -1  (dbar)             -51    71     0   102   103     0   513      0.326     -0.424     -3.738      3.790      0.330
    95         21  (g)                -52    74    74   104   104   513   531      0.740      2.083    -39.689     39.750      0.000
    96         21  (g)                -51    73     0   128   128   530   539      1.239     -0.861     94.557     94.569      0.000
    97         21  (g)                -51    73     0   132   132   539   524     -0.250      0.550     19.448     19.458      0.000
    98         21  (g)                -52    90    90   125   125   524   538     -0.941     10.496     11.376     15.507      0.000
    99         21  (g)                -51    67     0   122   122   528   540     -0.218     -0.522     -3.534      3.579      0.000
   100         21  (g)                -51    67     0   133   133   540   516      2.581     -0.245    -28.474     28.592      0.000
   101         21  (g)                -52    64    64   119   119   516   527     16.612     -0.704   -165.708    166.540      0.000
   102         -1  (dbar)             -51    94     0   131   131     0   542      0.519     -0.201    -14.296     14.311      0.330
   103         21  (g)                -51    94     0   134   134   542   513      0.031      0.408     -1.453      1.510      0.000
   104         21  (g)                -52    95    95   110   110   513   531      0.516      1.453    -27.676     27.719      0.000
   105         21  (g)                -51    75     0   108   109   531   543     -1.267      1.979    -87.959     87.990      0.000
   106         21  (g)                -51    75     0   135   135   543   518      0.165      0.158     -2.222      2.234      0.000
   107          2  (u)                -52    76    76   123   123   518     0     -7.246      2.368  -2948.146   2948.155      0.330
   108         21  (g)                -51   105     0   129   129   544   543     -0.647      0.241    -17.722     17.735      0.000
   109         21  (g)                -51   105     0   136   136   531   544     -0.445      2.230    -79.624     79.657      0.000
   110         21  (g)                -52   104   104   124   124   513   531      0.341      0.960    -18.289     18.317      0.000
   111         21  (g)                -31   154   154   113   114   545   546      0.000      0.000      0.000      0.000      0.000
   112         21  (g)                -31   155   155   113   114   547   548      0.000      0.000   -212.181    212.181      0.000
   113         21  (g)                -33   111   112   156   156   545   548     -0.090     -0.217    -69.974     69.975      0.000
   114         21  (g)                -33   111   112   157   157   547   546      0.090      0.217   -142.206    142.207      0.000
   115         21  (g)                -61     1     0    60    60   529   515      0.459      2.640    326.862    326.873      0.000
   116          2  (u)                -61     2     0    61    61   547     0     -0.792      0.328  -3599.329   3599.329      0.000
   117          6  (t)                -62    92    92   162   163   511     0     -1.124    -74.610     50.217    194.512    172.468
   118         -6  (tbar)             -62    63    63   173   174     0   514    -14.727     46.929    -60.564    198.815    182.867
   119         21  (g)                -62   101   101   245   245   516   527     16.576     -0.686   -165.719    166.547      0.000
   120         21  (g)                -62    65    65   291   291   512   520     -1.433      3.330      2.545      4.429      0.000
   121         21  (g)                -62    66    66   250   250   514   532     -5.020     11.663    -14.877     19.559      0.000
   122         21  (g)                -62    99    99   247   247   528   540     -0.219     -0.522     -3.531      3.576      0.000
   123          2  (u)                -62   107   107   187   187   518     0     -7.894      2.636  -2948.147   2948.159      0.330
   124         21  (g)                -62   110   110   191   191   513   531      0.337      0.962    -18.293     18.321      0.000
   125         21  (g)                -62    98    98   210   210   524   538     -0.923     10.605     11.334     15.549      0.000
   126          1  (d)                -62    93    93   244   244   527     0      3.882     -0.196    -31.899     32.137      0.330
   127         21  (g)                -62    72    72   248   248   517   528      7.557     -0.538    -64.803     65.245      0.000
   128         21  (g)                -62    96    96   228   228   530   539      1.372     -0.098     94.558     94.568      0.000
   129         21  (g)                -62   108   108   189   189   544   543     -0.651      0.243    -17.722     17.736      0.000
   130         21  (g)                -62    91    91   209   209   538   511     -0.664      0.181      1.071      1.273      0.000
   131         -1  (dbar)             -62   102   102   193   193     0   542      0.516     -0.200    -14.296     14.311      0.330
   132         21  (g)                -62    97    97   227   227   539   522     -0.223      0.707     19.446     19.460      0.000
   133         21  (g)                -62   100   100   246   246   540   516      2.575     -0.242    -28.475     28.593      0.000
   134         21  (g)                -62   103   103   192   192   542   513      0.030      0.408     -1.455      1.511      0.000
   135         21  (g)                -62   106   106   188   188   543   518      0.164      0.159     -2.223      2.235      0.000
   136         21  (g)                -62   109   109   190   190   531   544     -0.462      2.238    -79.633     79.665      0.000
   137         21  (g)                -61     1     0    31    31   519   519     -0.767     -2.727    993.226    993.230      0.000
   138         21  (g)                -61     2     0    32    32   523   523      0.786      0.635     -5.570      5.661      0.000
   139         21  (g)                -62    77    77   292   292   521   512     -2.374     -1.267     -3.610      4.502      0.000
   140          1  (d)                -62    87    87   226   226   522     0      0.813      1.728      2.711      3.333      0.330
   141         21  (g)                -62    57    57   230   230   529   533      1.708     -2.869    773.642    773.649      0.000
   142         21  (g)                -62    80    80   229   229   533   530      0.674     -0.573     52.837     52.844      0.000
   143         21  (g)                -62    78    78   249   249   532   517      0.556     -0.276     -1.033      1.205      0.000
   144         21  (g)                -62    89    89   290   290   520   515     -0.761      1.048    162.253    162.259      0.000
   145         -1  (dbar)             -62    88    88   211   211     0   524     -0.597      0.117      0.855      1.100      0.330
   146          1  (d)                -61     1     0    47    47   515     0      0.096      0.186    829.842    829.842      0.000
   147          1  (d)                -61     2     0    48    48   526     0      0.216     -0.639      3.415      3.481      0.000
   148          1  (d)                -62    49    49   289   289   515     0      0.787     -1.921     34.255     34.319      0.330
   149          1  (d)                -62    50    50   183   183   526     0     -0.476      1.468    799.002    799.004      0.330
   150          1  (d)                -61     1     0    83    83   526     0      1.803      0.399      7.395      7.622      0.000
   151         21  (g)                -61     2     0    84    84   535   526     -0.045     -1.137     -5.107      5.232      0.000
   152          1  (d)                -62    85    85   275   275   535     0      2.473      0.919      7.172      7.649      0.330
   153         21  (g)                -62    86    86   293   293   534   521     -0.715     -1.657     -4.883      5.206      0.000
   154         21  (g)                -61     1     0   111   111   548   548     -0.006      0.000     -0.027      0.028      0.000
   155         21  (g)                -61     2     0   112   112   546   546      0.000      0.037   -212.747    212.747      0.000
   156         21  (g)                -62   113   113   182     0   545   534     -0.094     -0.205    -71.035     71.035      0.000
   157         21  (g)                -62   114   114   182     0   547   545      0.089      0.242   -141.739    141.739      0.000
   158       2203  (uu_1)             -63     1     0   184   184     0   526     -0.693     -0.413   3280.302   3280.302      0.771
   159         -1  (dbar)             -63     1     0   231   231     0   529     -0.893     -0.086   1058.693   1058.693      0.330
   160       2101  (ud_0)             -63     2     0   276   276     0   535     -0.008      0.239  -2614.525   2614.525      0.579
   161         -1  (dbar)             -63     2     0   295   295     0   547     -0.158      0.537    -62.431     62.435      0.330
   162          5  (b)                -23   117     0   164   165   511     0     45.717     15.098    -13.414     50.221      4.920
   163         24  (W+)               -22   117     0   166   166     0     0    -46.841    -89.708     63.631    144.291     80.805
   164          5  (b)                -51   162     0   169   169   553     0     17.275      4.751     -1.579     18.647      4.920
   165         21  (g)                -51   162     0   167   168   511   553     28.158      9.963    -11.557     32.027      0.000
   166         24  (W+)               -52   163   163   175   176     0     0    -46.557    -89.324     63.353    143.838     80.805
   167         21  (g)                -51   165     0   170   171   511   554      5.997      2.176     -3.111      7.098      0.000
   168         21  (g)                -51   165     0   206   206   554   553     22.212      7.770     -8.326     24.961      0.000
   169          5  (b)                -52   164   164   172   172   553     0     17.224      4.768     -1.699     18.614      4.920
   170         21  (g)                -51   167     0   207   207   555   554      2.513      0.687     -1.766      3.147      0.000
   171         21  (g)                -51   167     0   208   208   511   555      3.922      1.535     -1.020      4.333      0.000
   172          5  (b)                -52   169   169   205   205   553     0     16.787      4.723     -2.023     18.232      4.920
   173         -5  (bbar)             -23   118     0   251   251     0   514    -21.454     51.613    -94.107    109.565      4.920
   174        -24  (W-)               -22   118     0   177   178     0     0      6.727     -4.684     33.543     89.250     82.300
   175        -11  e+                  23   166     0     0     0     0     0    -64.766    -50.351     23.843     85.430      0.001
   176         12  nu_e                23   166     0     0     0     0     0     18.209    -38.974     39.510     58.409      0.000
   177         11  (e-)               -23   174     0   179   180     0     0    -25.123     13.459    -11.884     30.879      0.001
   178        -12  (nu_ebar)          -23   174     0   181   181     0     0     31.850    -18.144     45.427     58.371      0.000
   179         11  e-                  51   177     0     0     0     0     0    -25.120     13.458    -11.882     30.876      0.001
   180         22  gamma               51   177     0     0     0     0     0     -0.003      0.002     -0.001      0.003      0.000
   181        -12  nu_ebar             52   178   178     0     0     0     0     31.850    -18.144     45.427     58.371      0.000
   182         21  (g)                -73   156   157   294   294   547   534     -0.005      0.037   -212.774    212.774      0.500
   183          1  (d)                -71   149   149   185   186   526     0     -0.476      1.468    799.002    799.004      0.330
   184       2203  (uu_1)             -71   158   158   185   186     0   526     -0.693     -0.413   3280.302   3280.302      0.771
   185       2214  (Delta+)           -83   183   184   320   321     0     0     -0.644      1.701   1564.481   1564.482      1.311
   186        111  (pi0)              -84   183   184   378   379     0     0     -0.525     -0.646   2514.824   2514.824      0.135
   187          2  (u)                -71   123   123   194   204   518     0     -7.894      2.636  -2948.147   2948.159      0.330
   188         21  (g)                -71   135   135   194   204   543   518      0.164      0.159     -2.223      2.235      0.000
   189         21  (g)                -71   129   129   194   204   544   543     -0.651      0.243    -17.722     17.736      0.000
   190         21  (g)                -71   136   136   194   204   531   544     -0.462      2.238    -79.633     79.665      0.000
   191         21  (g)                -71   124   124   194   204   513   531      0.337      0.962    -18.293     18.321      0.000
   192         21  (g)                -71   134   134   194   204   542   513      0.030      0.408     -1.455      1.511      0.000
   193         -1  (dbar)             -71   131   131   194   204     0   542      0.516     -0.200    -14.296     14.311      0.330
   194        211  pi+                 83   187   193     0     0     0     0     -1.167      0.501   -396.623    396.625      0.140
   195       -211  pi-                 83   187   193     0     0     0     0     -4.918      2.034  -1985.255   1985.262      0.140
   196        113  (rho0)             -83   187   193   322   323     0     0     -1.578      0.080   -384.339    384.344      1.154
   197        221  (eta)              -83   187   193   380   382     0     0      0.146      0.167   -118.583    118.584      0.548
   198        211  pi+                 83   187   193     0     0     0     0      0.028     -0.426    -18.541     18.547      0.140
   199       -211  pi-                 83   187   193     0     0     0     0     -0.683      0.855    -48.351     48.364      0.140
   200        321  K+                  83   187   193     0     0     0     0      0.266      0.802    -41.836     41.847      0.494
   201       -321  K-                  83   187   193     0     0     0     0     -0.416      1.404    -43.470     43.498      0.494
   202        211  pi+                 84   187   193     0     0     0     0     -0.351      0.630     -5.412      5.462      0.140
   203        223  (omega)            -84   187   193   383   385     0     0      0.455      0.222    -28.030     28.046      0.785
   204        223  (omega)            -84   187   193   386   387     0     0      0.256      0.175    -11.330     11.361      0.785
   205          5  (b)                -71   172   172   212   225   553     0     16.787      4.723     -2.023     18.232      4.920
   206         21  (g)                -71   168   168   212   225   554   553     22.212      7.770     -8.326     24.961      0.000
   207         21  (g)                -71   170   170   212   225   555   554      2.513      0.687     -1.766      3.147      0.000
   208         21  (g)                -71   171   171   212   225   511   555      3.922      1.535     -1.020      4.333      0.000
   209         21  (g)                -71   130   130   212   225   538   511     -0.664      0.181      1.071      1.273      0.000
   210         21  (g)                -71   125   125   212   225   524   538     -0.923     10.605     11.334     15.549      0.000
   211         -1  (dbar)             -71   145   145   212   225     0   524     -0.597      0.117      0.855      1.100      0.330
   212       -513  (B*bar0)           -83   205   211   388   389     0     0     19.828      5.602     -3.098     21.506      5.325
   213       -211  pi-                 83   205   211     0     0     0     0      4.556      2.132     -1.662      5.300      0.140
   214        111  (pi0)              -83   205   211   390   391     0     0      3.778      0.960     -1.759      4.279      0.135
   215        211  pi+                 83   205   211     0     0     0     0      4.850      1.731     -2.061      5.549      0.140
   216       -213  (rho-)             -84   205   211   324   325     0     0      5.463      1.488     -1.805      6.008      0.882
   217        113  (rho0)             -84   205   211   326   327     0     0      3.581      1.960     -1.433      4.412      0.863
   218        211  pi+                 84   205   211     0     0     0     0      0.273     -0.116     -0.097      0.342      0.140
   219        113  (rho0)             -84   205   211   328   329     0     0      1.210      0.043     -0.734      1.633      0.813
   220       2112  n0                  84   205   211     0     0     0     0      0.972      0.583      0.152      1.480      0.940
   221      -2212  pbar-               84   205   211     0     0     0     0      0.390      0.482      0.590      1.270      0.938
   222        211  pi+                 84   205   211     0     0     0     0     -0.127      3.766      2.742      4.663      0.140
   223       2114  (Delta0)           -84   205   211   330   331     0     0     -0.716      2.156      3.208      4.090      1.130
   224      -2214  (Deltabar-)        -84   205   211   332   333     0     0     -0.383      4.355      4.837      6.657      1.348
   225        211  pi+                 84   205   211     0     0     0     0     -0.427      0.477      1.247      1.408      0.140
   226          1  (d)                -71   140   140   232   243   522     0      0.813      1.728      2.711      3.333      0.330
   227         21  (g)                -71   132   132   232   243   539   522     -0.223      0.707     19.446     19.460      0.000
   228         21  (g)                -71   128   128   232   243   530   539      1.372     -0.098     94.558     94.568      0.000
   229         21  (g)                -71   142   142   232   243   533   530      0.674     -0.573     52.837     52.844      0.000
   230         21  (g)                -71   141   141   232   243   529   533      1.708     -2.869    773.642    773.649      0.000
   231         -1  (dbar)             -71   159   159   232   243     0   529     -0.893     -0.086   1058.693   1058.693      0.330
   232        113  (rho0)             -83   226   231   334   335     0     0      0.450      1.145      2.902      3.232      0.713
   233       -211  pi-                 83   226   231     0     0     0     0     -0.023      0.312      0.539      0.639      0.140
   234        113  (rho0)             -83   226   231   336   337     0     0     -0.005      0.049      4.412      4.520      0.982
   235       2212  p+                  83   226   231     0     0     0     0      0.443      0.966     14.265     14.335      0.938
   236      -2112  nbar0               83   226   231     0     0     0     0      0.445     -0.533     27.228     27.253      0.940
   237        311  (K0)               -83   226   231   338   338     0     0     -0.112      0.587     29.739     29.749      0.498
   238       -321  K-                  84   226   231     0     0     0     0      0.847     -1.203    227.747    227.753      0.494
   239        223  (omega)            -84   226   231   392   394     0     0      1.016     -0.612    231.843    231.848      0.782
   240        323  (K*+)              -84   226   231   339   340     0     0     -0.074     -0.617    137.495    137.499      0.933
   241       -323  (K*-)              -84   226   231   341   342     0     0      0.763     -1.207    598.174    598.176      0.911
   242        111  (pi0)              -84   226   231   395   396     0     0     -0.603      0.101    662.242    662.243      0.135
   243        211  pi+                 84   226   231     0     0     0     0      0.303     -0.177     65.300     65.301      0.140
   244          1  (d)                -71   126   126   252   274   527     0      3.882     -0.196    -31.899     32.137      0.330
   245         21  (g)                -71   119   119   252   274   516   527     16.576     -0.686   -165.719    166.547      0.000
   246         21  (g)                -71   133   133   252   274   540   516      2.575     -0.242    -28.475     28.593      0.000
   247         21  (g)                -71   122   122   252   274   528   540     -0.219     -0.522     -3.531      3.576      0.000
   248         21  (g)                -71   127   127   252   274   517   528      7.557     -0.538    -64.803     65.245      0.000
   249         21  (g)                -71   143   143   252   274   532   517      0.556     -0.276     -1.033      1.205      0.000
   250         21  (g)                -71   121   121   252   274   514   532     -5.020     11.663    -14.877     19.559      0.000
   251         -5  (bbar)             -71   173   173   252   274     0   514    -21.454     51.613    -94.107    109.565      4.920
   252       2112  n0                  83   244   251     0     0     0     0     11.832     -0.917   -114.387    115.005      0.940
   253        111  (pi0)              -83   244   251   397   398     0     0      1.031      0.332    -11.270     11.323      0.135
   254      -2212  pbar-               83   244   251     0     0     0     0      4.435     -0.374    -42.927     43.167      0.938
   255        111  (pi0)              -83   244   251   399   400     0     0      0.229     -0.083     -5.575      5.582      0.135
   256        211  pi+                 83   244   251     0     0     0     0      2.784     -0.141    -24.933     25.089      0.140
   257       -211  pi-                 83   244   251     0     0     0     0      2.596     -0.164    -21.959     22.113      0.140
   258        111  (pi0)              -83   244   251   401   402     0     0      0.550     -0.243     -9.340      9.360      0.135
   259        211  pi+                 83   244   251     0     0     0     0      1.601      0.128    -15.299     15.383      0.140
   260        111  (pi0)              -83   244   251   403   404     0     0      1.659     -0.468    -14.200     14.305      0.135
   261        111  (pi0)              -83   244   251   405   406     0     0      1.771     -0.404    -17.193     17.289      0.135
   262        221  (eta)              -84   244   251   407   409     0     0      1.048      0.612     -5.138      5.308      0.548
   263        111  (pi0)              -84   244   251   410   411     0     0     -0.035     -0.251     -2.470      2.486      0.135
   264       -211  pi-                 84   244   251     0     0     0     0     -0.043      0.089     -2.729      2.734      0.140
   265        211  pi+                 84   244   251     0     0     0     0      0.492     -0.255     -0.865      1.037      0.140
   266        113  (rho0)             -84   244   251   343   344     0     0      0.183      0.626     -6.024      6.124      0.890
   267       -211  pi-                 84   244   251     0     0     0     0      0.005     -0.018     -0.132      0.193      0.140
   268        223  (omega)            -84   244   251   412   414     0     0      0.314      0.634     -1.994      2.256      0.783
   269        111  (pi0)              -84   244   251   415   416     0     0     -1.875      2.204     -2.899      4.098      0.135
   270        113  (rho0)             -84   244   251   345   346     0     0     -0.453      2.469     -5.092      5.727      0.753
   271        211  pi+                 84   244   251     0     0     0     0     -0.792      1.445     -1.793      2.439      0.140
   272        113  (rho0)             -84   244   251   347   348     0     0     -1.468      4.518     -6.717      8.268      0.822
   273       -213  (rho-)             -84   244   251   349   350     0     0     -3.377      8.890    -16.032     18.652      0.666
   274        523  (B*+)              -84   244   251   417   418     0     0    -18.035     42.185    -75.478     88.488      5.325
   275          1  (d)                -71   152   152   277   288   535     0      2.473      0.919      7.172      7.649      0.330
   276       2101  (ud_0)             -71   160   160   277   288     0   535     -0.008      0.239  -2614.525   2614.525      0.579
   277       -211  pi-                 83   275   276     0     0     0     0      0.243      0.045      0.264      0.388      0.140
   278        223  (omega)            -83   275   276   419   421     0     0      2.170      0.596      6.469      6.893      0.773
   279        113  (rho0)             -83   275   276   351   352     0     0     -0.095      0.342     -1.500      1.699      0.714
   280        111  (pi0)              -83   275   276   422   423     0     0      0.393      0.078      0.020      0.423      0.135
   281        113  (rho0)             -83   275   276   353   354     0     0     -0.223     -0.208     -4.001      4.127      0.963
   282        113  (rho0)             -83   275   276   355   356     0     0     -0.174      0.172    -24.364     24.376      0.751
   283        211  pi+                 84   275   276     0     0     0     0      0.540     -0.139    -31.771     31.777      0.140
   284        113  (rho0)             -84   275   276   357   358     0     0     -0.084     -0.061    -22.957     22.971      0.782
   285        111  (pi0)              -84   275   276   424   425     0     0     -0.360     -0.267    -26.983     26.987      0.135
   286        223  (omega)            -84   275   276   426   428     0     0      0.668      0.514   -243.870    243.873      0.813
   287        223  (omega)            -84   275   276   429   431     0     0     -0.625      0.125  -1392.963   1392.963      0.785
   288       2112  n0                  84   275   276     0     0     0     0      0.013     -0.039   -865.697    865.697      0.940
   289          1  (d)                -71   148   148   296   319   515     0      0.787     -1.921     34.255     34.319      0.330
   290         21  (g)                -71   144   144   296   319   520   515     -0.761      1.048    162.253    162.259      0.000
   291         21  (g)                -71   120   120   296   319   512   520     -1.433      3.330      2.545      4.429      0.000
   292         21  (g)                -71   139   139   296   319   521   512     -2.374     -1.267     -3.610      4.502      0.000
   293         21  (g)                -71   153   153   296   319   534   521     -0.715     -1.657     -4.883      5.206      0.000
   294         21  (g)                -71   182   182   296   319   547   534     -0.005      0.037   -212.774    212.774      0.500
   295         -1  (dbar)             -71   161   161   296   319     0   547     -0.158      0.537    -62.431     62.435      0.330
   296       -213  (rho-)             -83   289   295   359   360     0     0      0.597     -0.986     25.085     25.124      0.778
   297        213  (rho+)             -83   289   295   361   362     0     0      0.017     -0.180     36.862     36.870      0.727
   298       -211  pi-                 83   289   295     0     0     0     0     -0.376     -0.062     24.111     24.114      0.140
   299        111  (pi0)              -83   289   295   432   433     0     0     -0.231      0.183     19.503     19.505      0.135
   300        223  (omega)            -83   289   295   434   436     0     0      0.306     -0.308     23.801     23.818      0.783
   301       2212  p+                  83   289   295     0     0     0     0     -0.028      0.167     30.861     30.876      0.938
   302        221  (eta)              -83   289   295   437   438     0     0     -0.073     -0.361     14.647     14.662      0.548
   303      -2214  (Deltabar-)        -83   289   295   363   364     0     0     -0.200      0.601     13.414     13.482      1.194
   304        211  pi+                 83   289   295     0     0     0     0     -0.406      0.438      1.600      1.713      0.140
   305        113  (rho0)             -83   289   295   365   366     0     0     -0.151      0.386      4.942      5.049      0.947
   306       -213  (rho-)             -84   289   295   367   368     0     0     -0.175      0.127      2.603      2.738      0.822
   307        113  (rho0)             -84   289   295   369   370     0     0      0.193      1.677      0.906      2.072      0.789
   308        213  (rho+)             -84   289   295   371   372     0     0     -1.150     -0.068     -0.839      1.688      0.905
   309       -213  (rho-)             -84   289   295   373   374     0     0     -1.115     -0.360     -1.723      2.226      0.785
   310        211  pi+                 84   289   295     0     0     0     0      0.184     -0.408      0.202      0.510      0.140
   311       -211  pi-                 84   289   295     0     0     0     0     -0.533      0.503     -1.629      1.792      0.140
   312        211  pi+                 84   289   295     0     0     0     0     -0.788     -0.822     -1.693      2.046      0.140
   313       -213  (rho-)             -84   289   295   375   376     0     0     -0.089     -0.566     -2.986      3.185      0.949
   314        211  pi+                 84   289   295     0     0     0     0     -0.575     -0.230     -1.668      1.785      0.140
   315        221  (eta)              -84   289   295   439   441     0     0     -0.228     -0.345    -19.983     19.995      0.548
   316        223  (omega)            -84   289   295   442   444     0     0     -0.206      0.389    -67.186     67.192      0.780
   317       -211  pi-                 84   289   295     0     0     0     0      0.452     -0.165    -40.995     40.998      0.140
   318        111  (pi0)              -84   289   295   445   446     0     0      0.239      0.655   -100.098    100.101      0.135
   319        211  pi+                 84   289   295     0     0     0     0     -0.324     -0.155    -44.382     44.384      0.140
   320       2212  p+                  91   185     0     0     0     0     0     -0.685      1.640   1522.147   1522.149      0.938
   321        111  (pi0)              -91   185     0   447   448     0     0      0.041      0.061     42.333     42.334      0.135
   322        211  pi+                 91   196     0     0     0     0     0     -1.695     -0.095   -337.010    337.014      0.140
   323       -211  pi-                 91   196     0     0     0     0     0      0.117      0.176    -47.329     47.330      0.140
   324       -211  pi-                 91   216     0     0     0     0     0      1.070      0.124     -0.640      1.261      0.140
   325        111  (pi0)              -91   216     0   449   450     0     0      4.392      1.364     -1.165      4.746      0.135
   326        211  pi+                 91   217     0     0     0     0     0      0.306     -0.013     -0.035      0.339      0.140
   327       -211  pi-                 91   217     0     0     0     0     0      3.275      1.973     -1.399      4.073      0.140
   328        211  pi+                 91   219     0     0     0     0     0      0.664     -0.278     -0.648      0.979      0.140
   329       -211  pi-                 91   219     0     0     0     0     0      0.546      0.321     -0.086      0.654      0.140
   330       2112  n0                  91   223     0     0     0     0     0     -0.581      1.958      2.710      3.521      0.940
   331        111  (pi0)              -91   223     0   451   452     0     0     -0.135      0.198      0.499      0.569      0.135
   332      -2112  nbar0               91   224     0     0     0     0     0     -0.457      3.874      3.915      5.606      0.940
   333       -211  pi-                 91   224     0     0     0     0     0      0.074      0.481      0.922      1.052      0.140
   334        211  pi+                 91   232     0     0     0     0     0      0.531      0.751      1.487      1.754      0.140
   335       -211  pi-                 91   232     0     0     0     0     0     -0.081      0.394      1.415      1.478      0.140
   336        211  pi+                 91   234     0     0     0     0     0      0.375      0.276      2.824      2.866      0.140
   337       -211  pi-                 91   234     0     0     0     0     0     -0.380     -0.228      1.587      1.654      0.140
   338        130  K_L0                91   237   237     0     0     0     0     -0.112      0.587     29.739     29.749      0.498
   339        321  K+                  91   240     0     0     0     0     0      0.012     -0.739     97.040     97.044      0.494
   340        111  (pi0)              -91   240     0   453   454     0     0     -0.086      0.122     40.455     40.455      0.135
   341       -311  (Kbar0)            -91   241     0   377   377     0     0      0.549     -0.499    393.411    393.413      0.498
   342       -211  pi-                 91   241     0     0     0     0     0      0.214     -0.708    204.762    204.764      0.140
   343        211  pi+                 91   266     0     0     0     0     0      0.347      0.710     -5.388      5.448      0.140
   344       -211  pi-                 91   266     0     0     0     0     0     -0.163     -0.085     -0.635      0.676      0.140
   345        211  pi+                 91   270     0     0     0     0     0     -0.049      1.751     -3.822      4.207      0.140
   346       -211  pi-                 91   270     0     0     0     0     0     -0.404      0.718     -1.270      1.520      0.140
   347        211  pi+                 91   272     0     0     0     0     0     -0.502      0.713     -1.449      1.697      0.140
   348       -211  pi-                 91   272     0     0     0     0     0     -0.967      3.805     -5.268      6.571      0.140
   349       -211  pi-                 91   273     0     0     0     0     0     -0.963      1.902     -3.762      4.326      0.140
   350        111  (pi0)              -91   273     0   455   456     0     0     -2.414      6.989    -12.269     14.326      0.135
   351        211  pi+                 91   279     0     0     0     0     0     -0.363      0.299     -0.976      1.092      0.140
   352       -211  pi-                 91   279     0     0     0     0     0      0.268      0.044     -0.524      0.607      0.140
   353        211  pi+                 91   281     0     0     0     0     0     -0.371      0.081     -0.716      0.822      0.140
   354       -211  pi-                 91   281     0     0     0     0     0      0.148     -0.289     -3.285      3.304      0.140
   355        211  pi+                 91   282     0     0     0     0     0     -0.151      0.098    -23.277     23.279      0.140
   356       -211  pi-                 91   282     0     0     0     0     0     -0.024      0.074     -1.086      1.098      0.140
   357        211  pi+                 91   284     0     0     0     0     0      0.207     -0.279     -8.414      8.422      0.140
   358       -211  pi-                 91   284     0     0     0     0     0     -0.291      0.218    -14.543     14.549      0.140
   359       -211  pi-                 91   296     0     0     0     0     0     -0.043     -0.512     13.455     13.466      0.140
   360        111  (pi0)              -91   296     0   457   458     0     0      0.640     -0.474     11.630     11.658      0.135
   361        211  pi+                 91   297     0     0     0     0     0     -0.234     -0.045     28.931     28.932      0.140
   362        111  (pi0)              -91   297     0   459   460     0     0      0.251     -0.135      7.931      7.938      0.135
   363      -2112  nbar0               91   303     0     0     0     0     0     -0.183      0.627     12.819     12.870      0.940
   364       -211  pi-                 91   303     0     0     0     0     0     -0.017     -0.026      0.595      0.612      0.140
   365        211  pi+                 91   305     0     0     0     0     0     -0.326      0.030      0.692      0.778      0.140
   366       -211  pi-                 91   305     0     0     0     0     0      0.175      0.356      4.250      4.270      0.140
   367       -211  pi-                 91   306     0     0     0     0     0     -0.082      0.307      2.388      2.413      0.140
   368        111  (pi0)              -91   306     0   461   462     0     0     -0.093     -0.181      0.214      0.325      0.135
   369        211  pi+                 91   307     0     0     0     0     0      0.172      1.451      1.015      1.785      0.140
   370       -211  pi-                 91   307     0     0     0     0     0      0.022      0.226     -0.109      0.288      0.140
   371        211  pi+                 91   308     0     0     0     0     0     -0.329      0.284     -0.001      0.456      0.140
   372        111  (pi0)              -91   308     0   463   464     0     0     -0.821     -0.352     -0.837      1.232      0.135
   373       -211  pi-                 91   309     0     0     0     0     0     -0.441     -0.335     -0.297      0.643      0.140
   374        111  (pi0)              -91   309     0   465   466     0     0     -0.674     -0.025     -1.426      1.583      0.135
   375       -211  pi-                 91   313     0     0     0     0     0     -0.405     -0.619     -1.866      2.012      0.140
   376        111  (pi0)              -91   313     0   467   468     0     0      0.316      0.053     -1.120      1.173      0.135
   377        310  K_S0                91   341   341     0     0     0     0      0.549     -0.499    393.411    393.413      0.498
   378         22  gamma               91   186     0     0     0     0     0     -0.206     -0.310    952.295    952.295      0.000
   379         22  gamma               91   186     0     0     0     0     0     -0.319     -0.336   1562.529   1562.529      0.000
   380        111  (pi0)              -91   197     0   469   470     0     0      0.116     -0.031    -32.290     32.291      0.135
   381        111  (pi0)              -91   197     0   471   472     0     0     -0.003      0.229    -57.453     57.453      0.135
   382        111  (pi0)              -91   197     0   473   474     0     0      0.033     -0.031    -28.840     28.840      0.135
   383        211  pi+                 91   203     0     0     0     0     0      0.139      0.283     -7.489      7.497      0.140
   384       -211  pi-                 91   203     0     0     0     0     0      0.027     -0.165     -6.613      6.616      0.140
   385        111  (pi0)              -91   203     0   475   476     0     0      0.290      0.105    -13.929     13.933      0.135
   386        211  pi+                 91   204     0     0     0     0     0      0.308     -0.115     -9.163      9.170      0.140
   387       -211  pi-                 91   204     0     0     0     0     0     -0.052      0.290     -2.167      2.191      0.140
   388       -511  (Bbar0)            -91   212     0   477   480     0     0     19.542      5.509     -3.022     21.196      5.280
   389         22  gamma               91   212     0     0     0     0     0      0.286      0.092     -0.075      0.310      0.000
   390         22  gamma               91   214     0     0     0     0     0      2.566      0.698     -1.151      2.897      0.000
   391         22  gamma               91   214     0     0     0     0     0      1.212      0.262     -0.609      1.382      0.000
   392        211  pi+                 91   239     0     0     0     0     0      0.192      0.086     33.510     33.511      0.140
   393       -211  pi-                 91   239     0     0     0     0     0      0.432     -0.425    136.154    136.156      0.140
   394        111  (pi0)              -91   239     0   481   482     0     0      0.392     -0.273     62.179     62.181      0.135
   395         22  gamma               91   242     0     0     0     0     0     -0.447      0.134    499.219    499.219      0.000
   396         22  gamma               91   242     0     0     0     0     0     -0.155     -0.033    163.023    163.024      0.000
   397         22  gamma               91   253     0     0     0     0     0     -0.000     -0.006     -0.056      0.056      0.000
   398         22  gamma               91   253     0     0     0     0     0      1.031      0.338    -11.214     11.267      0.000
   399         22  gamma               91   255     0     0     0     0     0      0.207     -0.016     -4.219      4.224      0.000
   400         22  gamma               91   255     0     0     0     0     0      0.022     -0.067     -1.356      1.358      0.000
   401         22  gamma               91   258     0     0     0     0     0      0.442     -0.168     -6.436      6.454      0.000
   402         22  gamma               91   258     0     0     0     0     0      0.109     -0.074     -2.904      2.907      0.000
   403         22  gamma               91   260     0     0     0     0     0      1.544     -0.470    -13.276     13.374      0.000
   404         22  gamma               91   260     0     0     0     0     0      0.115      0.002     -0.924      0.931      0.000
   405         22  gamma               91   261     0     0     0     0     0      0.152     -0.055     -1.245      1.255      0.000
   406         22  gamma               91   261     0     0     0     0     0      1.619     -0.349    -15.948     16.033      0.000
   407        211  pi+                 91   262     0     0     0     0     0      0.699      0.302     -3.065      3.161      0.140
   408       -211  pi-                 91   262     0     0     0     0     0      0.304      0.146     -1.660      1.700      0.140
   409         22  gamma               91   262     0     0     0     0     0      0.045      0.165     -0.413      0.447      0.000
   410         22  gamma               91   263     0     0     0     0     0     -0.070     -0.239     -2.052      2.067      0.000
   411         22  gamma               91   263     0     0     0     0     0      0.035     -0.013     -0.417      0.419      0.000
   412        211  pi+                 91   268     0     0     0     0     0      0.310      0.321     -0.771      0.902      0.140
   413       -211  pi-                 91   268     0     0     0     0     0     -0.044     -0.056     -0.567      0.588      0.140
   414        111  (pi0)              -91   268     0   483   484     0     0      0.048      0.368     -0.657      0.766      0.135
   415         22  gamma               91   269     0     0     0     0     0     -0.524      0.580     -0.707      1.054      0.000
   416         22  gamma               91   269     0     0     0     0     0     -1.350      1.624     -2.193      3.044      0.000
   417        521  (B+)               -91   274     0   485   488     0     0    -17.992     42.000    -75.127     88.089      5.279
   418         22  gamma               91   274     0     0     0     0     0     -0.043      0.185     -0.351      0.399      0.000
   419        211  pi+                 91   278     0     0     0     0     0      0.813      0.491      2.710      2.875      0.140
   420       -211  pi-                 91   278     0     0     0     0     0      0.277     -0.048      0.696      0.764      0.140
   421        111  (pi0)              -91   278     0   489   490     0     0      1.080      0.153      3.063      3.254      0.135
   422         22  gamma               91   280     0     0     0     0     0      0.038      0.037      0.039      0.065      0.000
   423         22  gamma               91   280     0     0     0     0     0      0.355      0.042     -0.019      0.358      0.000
   424         22  gamma               91   285     0     0     0     0     0     -0.010     -0.060     -3.107      3.108      0.000
   425         22  gamma               91   285     0     0     0     0     0     -0.350     -0.207    -23.876     23.880      0.000
   426        211  pi+                 91   286     0     0     0     0     0      0.229      0.007    -25.191     25.192      0.140
   427       -211  pi-                 91   286     0     0     0     0     0      0.325      0.469   -151.450    151.451      0.140
   428        111  (pi0)              -91   286     0   491   492     0     0      0.114      0.038    -67.230     67.230      0.135
   429        211  pi+                 91   287     0     0     0     0     0     -0.309      0.001   -307.783    307.783      0.140
   430       -211  pi-                 91   287     0     0     0     0     0     -0.374     -0.027   -810.120    810.120      0.140
   431        111  (pi0)              -91   287     0   493   494     0     0      0.059      0.151   -275.059    275.059      0.135
   432         22  gamma               91   299     0     0     0     0     0     -0.072     -0.010      3.716      3.716      0.000
   433         22  gamma               91   299     0     0     0     0     0     -0.159      0.193     15.787     15.789      0.000
   434        211  pi+                 91   300     0     0     0     0     0      0.002      0.108      1.996      2.004      0.140
   435       -211  pi-                 91   300     0     0     0     0     0      0.027     -0.221      8.580      8.584      0.140
   436        111  (pi0)              -91   300     0   495   496     0     0      0.277     -0.195     13.225     13.230      0.135
   437         22  gamma               91   302     0     0     0     0     0      0.223     -0.127      8.076      8.080      0.000
   438         22  gamma               91   302     0     0     0     0     0     -0.295     -0.234      6.571      6.582      0.000
   439        111  (pi0)              -91   315     0   497   499     0     0     -0.049     -0.128     -3.075      3.081      0.135
   440        111  (pi0)              -91   315     0   500   501     0     0     -0.026     -0.016     -3.562      3.565      0.135
   441        111  (pi0)              -91   315     0   502   503     0     0     -0.153     -0.200    -13.346     13.349      0.135
   442        211  pi+                 91   316     0     0     0     0     0     -0.054     -0.014     -6.187      6.189      0.140
   443       -211  pi-                 91   316     0     0     0     0     0      0.007     -0.011    -33.032     33.032      0.140
   444        111  (pi0)              -91   316     0   504   505     0     0     -0.160      0.414    -27.967     27.971      0.135
   445         22  gamma               91   318     0     0     0     0     0      0.092      0.395    -51.211     51.213      0.000
   446         22  gamma               91   318     0     0     0     0     0      0.147      0.260    -48.887     48.888      0.000
   447         22  gamma               91   321     0     0     0     0     0      0.049     -0.028      9.917      9.917      0.000
   448         22  gamma               91   321     0     0     0     0     0     -0.007      0.089     32.417     32.417      0.000
   449         22  gamma               91   325     0     0     0     0     0      0.137      0.067     -0.046      0.159      0.000
   450         22  gamma               91   325     0     0     0     0     0      4.256      1.298     -1.119      4.588      0.000
   451         22  gamma               91   331     0     0     0     0     0     -0.008      0.131      0.227      0.263      0.000
   452         22  gamma               91   331     0     0     0     0     0     -0.127      0.067      0.271      0.307      0.000
   453         22  gamma               91   340     0     0     0     0     0     -0.027      0.004     22.524     22.524      0.000
   454         22  gamma               91   340     0     0     0     0     0     -0.058      0.118     17.930     17.931      0.000
   455         22  gamma               91   350     0     0     0     0     0     -1.824      5.134     -8.973     10.498      0.000
   456         22  gamma               91   350     0     0     0     0     0     -0.590      1.854     -3.296      3.828      0.000
   457         22  gamma               91   360     0     0     0     0     0      0.182     -0.202      3.446      3.457      0.000
   458         22  gamma               91   360     0     0     0     0     0      0.457     -0.272      8.184      8.201      0.000
   459         22  gamma               91   362     0     0     0     0     0      0.154     -0.073      6.242      6.244      0.000
   460         22  gamma               91   362     0     0     0     0     0      0.098     -0.062      1.689      1.693      0.000
   461         22  gamma               91   368     0     0     0     0     0      0.004     -0.085      0.020      0.088      0.000
   462         22  gamma               91   368     0     0     0     0     0     -0.096     -0.095      0.194      0.237      0.000
   463         22  gamma               91   372     0     0     0     0     0     -0.297     -0.178     -0.261      0.433      0.000
   464         22  gamma               91   372     0     0     0     0     0     -0.525     -0.174     -0.576      0.798      0.000
   465         22  gamma               91   374     0     0     0     0     0     -0.258      0.024     -0.679      0.727      0.000
   466         22  gamma               91   374     0     0     0     0     0     -0.416     -0.050     -0.747      0.856      0.000
   467         22  gamma               91   376     0     0     0     0     0      0.087      0.027     -0.556      0.564      0.000
   468         22  gamma               91   376     0     0     0     0     0      0.229      0.026     -0.564      0.609      0.000
   469         22  gamma               91   380     0     0     0     0     0      0.134     -0.029    -31.459     31.459      0.000
   470         22  gamma               91   380     0     0     0     0     0     -0.018     -0.003     -0.831      0.831      0.000
   471         22  gamma               91   381     0     0     0     0     0     -0.037      0.216    -53.398     53.398      0.000
   472         22  gamma               91   381     0     0     0     0     0      0.034      0.013     -4.055      4.055      0.000
   473         22  gamma               91   382     0     0     0     0     0     -0.028     -0.017    -22.980     22.980      0.000
   474         22  gamma               91   382     0     0     0     0     0      0.060     -0.014     -5.860      5.860      0.000
   475         22  gamma               91   385     0     0     0     0     0      0.132      0.071     -4.104      4.107      0.000
   476         22  gamma               91   385     0     0     0     0     0      0.158      0.033     -9.825      9.826      0.000
   477      10441  (chi_0c)           -92   388     0   506   510     0     0     15.003      3.975     -3.030     16.177      3.408
   478        311  (K0)               -92   388     0   511   511     0     0      2.415      0.220     -0.253      2.488      0.498
   479        211  pi+                 92   388     0     0     0     0     0      0.643      0.425      0.054      0.785      0.140
   480       -211  pi-                 92   388     0     0     0     0     0      1.481      0.889      0.206      1.745      0.140
   481         22  gamma               91   394     0     0     0     0     0      0.312     -0.144     45.012     45.014      0.000
   482         22  gamma               91   394     0     0     0     0     0      0.080     -0.129     17.167     17.167      0.000
   483         22  gamma               91   414     0     0     0     0     0      0.011     -0.010     -0.014      0.020      0.000
   484         22  gamma               91   414     0     0     0     0     0      0.037      0.378     -0.643      0.746      0.000
   485        221  (eta)              -91   417     0   512   513     0     0     -1.096      2.698     -5.159      5.949      0.548
   486        411  (D+)               -91   417     0   514   516     0     0     -7.341     17.998    -32.553     37.961      1.870
   487       -411  (D-)               -91   417     0   517   519     0     0     -7.909     17.202    -31.013     36.384      1.870
   488        321  K+                  91   417     0     0     0     0     0     -1.645      4.103     -6.402      7.795      0.494
   489         22  gamma               91   421     0     0     0     0     0      0.669      0.150      1.807      1.933      0.000
   490         22  gamma               91   421     0     0     0     0     0      0.411      0.003      1.255      1.321      0.000
   491         22  gamma               91   428     0     0     0     0     0      0.048     -0.003     -5.949      5.949      0.000
   492         22  gamma               91   428     0     0     0     0     0      0.066      0.041    -61.281     61.281      0.000
   493         22  gamma               91   431     0     0     0     0     0      0.049      0.097   -249.029    249.029      0.000
   494         22  gamma               91   431     0     0     0     0     0      0.011      0.053    -26.030     26.030      0.000
   495         22  gamma               91   436     0     0     0     0     0      0.147     -0.177      9.247      9.250      0.000
   496         22  gamma               91   436     0     0     0     0     0      0.130     -0.018      3.978      3.981      0.000
   497         22  gamma               91   439     0     0     0     0     0     -0.033      0.023     -0.783      0.784      0.000
   498         11  e-                  91   439     0     0     0     0     0     -0.012     -0.129     -1.957      1.961      0.001
   499        -11  e+                  91   439     0     0     0     0     0     -0.005     -0.022     -0.336      0.337      0.001
   500         22  gamma               91   440     0     0     0     0     0     -0.061     -0.055     -2.522      2.524      0.000
   501         22  gamma               91   440     0     0     0     0     0      0.035      0.040     -1.040      1.041      0.000
   502         22  gamma               91   441     0     0     0     0     0      0.018     -0.053     -1.883      1.884      0.000
   503         22  gamma               91   441     0     0     0     0     0     -0.171     -0.147    -11.463     11.465      0.000
   504         22  gamma               91   444     0     0     0     0     0     -0.184      0.377    -25.342     25.346      0.000
   505         22  gamma               91   444     0     0     0     0     0      0.024      0.037     -2.624      2.625      0.000
   506        111  (pi0)              -91   477     0   520   521     0     0      0.450      0.144     -0.110      0.504      0.135
   507        313  (K*0)              -91   477     0   522   523     0     0      5.004      0.945     -1.062      5.326      1.142
   508       -323  (K*-)              -91   477     0   524   525     0     0      5.412      1.447     -1.037      5.765      0.885
   509        223  (omega)            -91   477     0   526   528     0     0      3.421      1.078     -0.844      3.767      0.784
   510        211  pi+                 91   477     0     0     0     0     0      0.717      0.361      0.024      0.815      0.140
   511        310  (K_S0)             -91   478   478   529   530     0     0      2.415      0.220     -0.253      2.488      0.498
   512         22  gamma               91   485     0     0     0     0     0     -0.172      1.063     -1.670      1.987      0.000
   513         22  gamma               91   485     0     0     0     0     0     -0.924      1.635     -3.489      3.962      0.000
   514        311  (K0)               -91   486     0   531   531     0     0     -6.573     14.426    -26.339     30.746      0.498
   515        211  pi+                 91   486     0     0     0     0     0     -0.351      1.614     -2.933      3.369      0.140
   516        111  (pi0)              -91   486     0   532   533     0     0     -0.417      1.958     -3.281      3.846      0.135
   517        321  K+                  91   487     0     0     0     0     0     -1.365      3.227     -5.365      6.427      0.494
   518       -211  pi-                 91   487     0     0     0     0     0     -0.154      0.329     -0.923      1.002      0.140
   519       -211  pi-                 91   487     0     0     0     0     0     -6.390     13.646    -24.725     28.955      0.140
   520         22  gamma               91   506     0     0     0     0     0      0.021      0.036     -0.036      0.056      0.000
   521         22  gamma               91   506     0     0     0     0     0      0.429      0.108     -0.074      0.448      0.000
   522        321  K+                  91   507     0     0     0     0     0      4.074      0.506     -0.559      4.172      0.494
   523       -211  pi-                 91   507     0     0     0     0     0      0.930      0.439     -0.503      1.153      0.140
   524       -311  (Kbar0)            -91   508     0   534   534     0     0      4.599      1.008     -0.800      4.802      0.498
   525       -211  pi-                 91   508     0     0     0     0     0      0.813      0.439     -0.237      0.964      0.140
   526        211  pi+                 91   509     0     0     0     0     0      0.203      0.137     -0.147      0.318      0.140
   527       -211  pi-                 91   509     0     0     0     0     0      0.647      0.119     -0.079      0.677      0.140
   528        111  (pi0)              -91   509     0   535   536     0     0      2.571      0.823     -0.618      2.772      0.135
   529        111  (pi0)              -91   511     0   537   538     0     0      2.120      0.289     -0.222      2.155      0.135
   530        111  (pi0)              -91   511     0   539   540     0     0      0.295     -0.069     -0.030      0.333      0.135
   531        310  (K_S0)             -91   514   514   541   542     0     0     -6.573     14.426    -26.339     30.746      0.498
   532         22  gamma               91   516     0     0     0     0     0     -0.105      0.795     -1.274      1.506      0.000
   533         22  gamma               91   516     0     0     0     0     0     -0.313      1.163     -2.007      2.340      0.000
   534        130  K_L0                91   524   524     0     0     0     0      4.599      1.008     -0.800      4.802      0.498
   535         22  gamma               91   528     0     0     0     0     0      2.008      0.629     -0.537      2.172      0.000
   536         22  gamma               91   528     0     0     0     0     0      0.563      0.193     -0.081      0.601      0.000
   537         22  gamma               91   529     0     0     0     0     0      1.623      0.200     -0.116      1.639      0.000
   538         22  gamma               91   529     0     0     0     0     0      0.497      0.089     -0.106      0.516      0.000
   539         22  gamma               91   530     0     0     0     0     0      0.197     -0.006      0.034      0.200      0.000
   540         22  gamma               91   530     0     0     0     0     0      0.098     -0.062     -0.064      0.133      0.000
   541        211  pi+                 91   531     0     0     0     0     0     -1.043      2.072     -3.974      4.604      0.140
   542       -211  pi-                 91   531     0     0     0     0     0     -5.530     12.353    -22.365     26.142      0.140
                                   Charge sum:  2.000           Momentum sum:      0.000      0.000      0.000  13000.000  13000.000

 --------  End PYTHIA Event Listing  -----------------------------------------------------------------------------------------------
#--------------------------------------------------------------------------
#                     FastJet release 3.4.0 [fjcore]
#                 M. Cacciari, G.P. Salam and G. Soyez                  
#     A software package for jet finding and analysis at colliders      
#                           http://fastjet.fr                           
#	                                                                      
# Please cite EPJC72(2012)1896 [arXiv:1111.6097] if you use this package
# for scientific work and optionally PLB641(2006)57 [hep-ph/0512210].   
#                                                                       
# FastJet is provided without warranty under the GNU GPL v2 or higher.  
# It uses T. Chan's closest pair algorithm, S. Fortune's Voronoi code
# and 3rd party plugin jet algorithms. See COPYING file for details.
#--------------------------------------------------------------------------
 PYTHIA Warning in SimpleSpaceShower::pT2nextQCD: weight above unity  
 PYTHIA Warning in SimpleSpaceShower::pT2nextQCD: small daughter PDF  
 PYTHIA Warning in SimpleTimeShower::findMEcorr: ME weight above PS one  
 PYTHIA Warning in SimpleTimeShower::pTnext: negative dipole mass.  
 PYTHIA Error in BeamRemnants::setKinematics: kinematics construction failed  
 PYTHIA Warning in StringFragmentation::fragmentToJunction: bad convergence junction rest frame  
 PYTHIA Warning in MultipartonInteractions::pTnext: weight above unity  

 Pythia::next(): 1000 events have been generated 

 Pythia::next(): 2000 events have been generated 

 Pythia::next(): 3000 events have been generated 
 PYTHIA Warning in ColConfig::collect: negative-energy parton encountered  

 Pythia::next(): 4000 events have been generated 
 PYTHIA Warning in Pythia::check: energy-momentum not quite conserved  
 PYTHIA Error in StringFragmentation::fragment: stuck in joining  
 PYTHIA Error in Pythia::next: hadronLevel failed; try again  

 Pythia::next(): 5000 events have been generated 

 Pythia::next(): 6000 events have been generated 
 PYTHIA Warning in TauDecays::decay: maximum decay weight exceeded in tau decay  

 Pythia::next(): 7000 events have been generated 
 PYTHIA Error in Pythia::check: unmatched particle energy/momentum/mass  
 PYTHIA Error in Pythia::next: check of event revealed problems  

 Pythia::next(): 8000 events have been generated 

 Pythia::next(): 9000 events have been generated 

 *-------  PYTHIA Event and Cross Section Statistics  -------------------------------------------------------------*
 |                                                                                                                 |
 | Subprocess                                    Code |            Number of events       |      sigma +- delta    |
 |                                                    |       Tried   Selected   Accepted |     (estimated) (mb)   |
 |                                                    |                                   |                        |
 |-----------------------------------------------------------------------------------------------------------------|
 |                                                    |                                   |                        |
 | Les Houches User Process(es)                  9999 |       10000      10000      10000 |   8.369e-08  0.000e+00 |
 |    ... whereof user classification code     322200 |       10000      10000      10000 |                        | 
 |                                                    |                                   |                        |
 | sum                                                |       10000      10000      10000 |   8.369e-08  0.000e+00 |
 |                                                                                                                 |
 *-------  End PYTHIA Event and Cross Section Statistics ----------------------------------------------------------*

 *-------  PYTHIA Error and Warning Messages Statistics  ----------------------------------------------------------* 
 |                                                                                                                 | 
 |  times   message                                                                                                | 
 |                                                                                                                 | 
 |      9   Error in BeamRemnants::setKinematics: kinematics construction failed                                   | 
 |      1   Error in Pythia::check: unmatched particle energy/momentum/mass                                        | 
 |      1   Error in Pythia::next: check of event revealed problems                                                | 
 |      3   Error in Pythia::next: hadronLevel failed; try again                                                   | 
 |      3   Error in StringFragmentation::fragment: stuck in joining                                               | 
 |      4   Warning in ColConfig::collect: negative-energy parton encountered                                      | 
 |      1   Warning in MultipartonInteractions::pTnext: weight above unity                                         | 
 |      3   Warning in Pythia::check: energy-momentum not quite conserved                                          | 
 |   5502   Warning in SimpleSpaceShower::pT2nextQCD: small daughter PDF                                           | 
 |   3549   Warning in SimpleSpaceShower::pT2nextQCD: weight above unity                                           | 
 |     85   Warning in SimpleTimeShower::findMEcorr: ME weight above PS one                                        | 
 |     39   Warning in SimpleTimeShower::pTnext: negative dipole mass.                                             | 
 |     23   Warning in StringFragmentation::fragmentToJunction: bad convergence junction rest frame                | 
 |      2   Warning in TauDecays::decay: maximum decay weight exceeded in tau decay                                | 
 |      2   Warning in TimeShower::init: pTmin too low                                                             | 
 |                                                                                                                 | 
 *-------  End PYTHIA Error and Warning Messages Statistics  ------------------------------------------------------* 
Using LHE File: /nfs/dust/cms/user/amoroso/powheg/POWHEG-BOX-V2/ttJ_MiNNLOPS_v1.0_beta1/decay-ll/pwgevents-0818.lhe
less then 10000 events in LHE, using all LHE events
np.shape(P0) = (10000, 3, 9)
np.shape(nJets) = (10000, 2)
np.shape(jets_4vectors) = (10000, 20, 6)
