Configured CUDA from: /cvmfs/sft.cern.ch/lcg/releases/cuda/12.4-4899e/x86_64-el9-gcc11-opt

 *------------------------------------------------------------------------------------* 
 |                                                                                    | 
 |  *------------------------------------------------------------------------------*  | 
 |  |                                                                              |  | 
 |  |                                                                              |  | 
 |  |   PPP   Y   Y  TTTTT  H   H  III    A      Welcome to the Lund Monte Carlo!  |  | 
 |  |   P  P   Y Y     T    H   H   I    A A     This is PYTHIA version 8.309      |  | 
 |  |   PPP     Y      T    HHHHH   I   AAAAA    Last date of change: 16 Feb 2023  |  | 
 |  |   P       Y      T    H   H   I   A   A                                      |  | 
 |  |   P       Y      T    H   H  III  A   A    Now is 03 Sep 2024 at 19:05:25    |  | 
 |  |                                                                              |  | 
 |  |   Program documentation and an archive of historic versions is found on:     |  | 
 |  |                                                                              |  | 
 |  |                               https://pythia.org/                            |  | 
 |  |                                                                              |  | 
 |  |   PYTHIA is authored by a collaboration consisting of:                       |  | 
 |  |                                                                              |  | 
 |  |   Christian Bierlich, Nishita Desai, Leif Gellersen, Ilkka Helenius, Philip  |  | 
 |  |   Ilten, Leif Lonnblad, Stephen Mrenna, Stefan Prestel, Christian Preuss,    |  | 
 |  |   Torbjorn Sjostrand, Peter Skands, Marius Utheim and Rob Verheyen.          |  | 
 |  |                                                                              |  | 
 |  |   The complete list of authors, including contact information and            |  | 
 |  |   affiliations, can be found on https://pythia.org/.                         |  | 
 |  |   Problems or bugs should be reported on email at authors@pythia.org.        |  | 
 |  |                                                                              |  | 
 |  |   The main program reference is C. Bierlich et al,                           |  | 
 |  |   'A comprehensive guide to the physics and usage of Pythia 8.3',            |  | 
 |  |   SciPost Phys. Codebases 8-r8.3 (2022) [arXiv:2203.11601 [hep-ph]]          |  | 
 |  |                                                                              |  | 
 |  |   PYTHIA is released under the GNU General Public Licence version 2 or later.|  | 
 |  |   Please respect the MCnet Guidelines for Event Generator Authors and Users. |  | 
 |  |                                                                              |  | 
 |  |   Disclaimer: this program comes without any guarantees.                     |  | 
 |  |   Beware of errors and use common sense when interpreting results.           |  | 
 |  |                                                                              |  | 
 |  |   Copyright (C) 2023 Torbjorn Sjostrand                                      |  | 
 |  |                                                                              |  | 
 |  |                                                                              |  | 
 |  *------------------------------------------------------------------------------*  | 
 |                                                                                    | 
 *------------------------------------------------------------------------------------* 


 *-------  PYTHIA Process Initialization  --------------------------*
 |                                                                  |
 | We collide p+ with p+ at a CM energy of 1.300e+04 GeV            |
 |                                                                  |
 |------------------------------------------------------------------|
 |                                                    |             |
 | Subprocess                                    Code |   Estimated |
 |                                                    |    max (mb) |
 |                                                    |             |
 |------------------------------------------------------------------|
 |                                                    |             |
 | Les Houches User Process(es)                  9999 |   1.000e-09 |
 |                                                                  |
 *-------  End PYTHIA Process Initialization -----------------------*
 PYTHIA Warning in TimeShower::init: pTmin too low , raised to 0.611

 *-------  PYTHIA Multiparton Interactions Initialization  ---------* 
 |                                                                  | 
 |                   sigmaNonDiffractive =    55.51 mb              | 
 |                                                                  | 
 |    pT0 =  1.44 gives sigmaInteraction =   400.55 mb: accepted    | 
 |                                                                  | 
 *-------  End PYTHIA Multiparton Interactions Initialization  -----* 

 *-------  PYTHIA Flag + Mode + Parm + Word + FVec + MVec + PVec + WVec Settings (changes only)  ------------------* 
 |                                                                                                                 | 
 | Name                                          |                      Now |      Default         Min         Max | 
 |                                               |                          |                                      | 
 | Beams:frameType                               |                        4 |            1           1           5 | 
 | Beams:LHEF                                    | /nfs/dust/cms/user/amoroso/powheg/POWHEG-BOX-V2/ttJ_MiNNLOPS_v1.0_beta1/decay-ll/pwgevents-0586.lhe |         void | 
 | ColourReconnection:range                      |                  5.17600 |      1.80000         0.0    10.00000 | 
 | Main:timesAllowErrors                         |                      500 |           10           0             | 
 | MultipartonInteractions:alphaSorder           |                        2 |            1           0           3 | 
 | MultipartonInteractions:alphaSvalue           |                  0.11800 |      0.13000   0.0600000     0.25000 | 
 | MultipartonInteractions:bProfile              |                        2 |            3           0           4 | 
 | MultipartonInteractions:coreFraction          |                  0.63000 |      0.50000         0.0     1.00000 | 
 | MultipartonInteractions:coreRadius            |                  0.76340 |      0.40000     0.10000     1.00000 | 
 | MultipartonInteractions:ecmPow                |                0.0334400 |      0.21500         0.0     0.50000 | 
 | MultipartonInteractions:pT0Ref                |                  1.41000 |      2.28000     0.50000    10.00000 | 
 | ParticleDecays:limitTau                       |                       on |          off                         | 
 | PartonLevel:FSR                               |                      off |           on                         | 
 | PDF:pSet                                      |                       20 |           13                         | 
 | Random:seed                                   |                      586 |           -1               900000000 | 
 | Random:setSeed                                |                       on |          off                         | 
 | SigmaProcess:alphaSorder                      |                        2 |            1           0           3 | 
 | SigmaProcess:alphaSvalue                      |                  0.11800 |      0.13000   0.0600000     0.25000 | 
 | SigmaTotal:mode                               |                        0 |            1           0           4 | 
 | SigmaTotal:sigmaEl                            |                 21.89000 |     25.00000         0.0             | 
 | SigmaTotal:sigmaTot                           |                100.30900 |    100.00000         0.0             | 
 | SigmaTotal:zeroAXB                            |                      off |           on                         | 
 | SpaceShower:alphaSorder                       |                        2 |            1           0           3 | 
 | SpaceShower:alphaSvalue                       |                  0.11800 |      0.13650   0.0600000     0.25000 | 
 | SpaceShower:dipoleRecoil                      |                       on |          off                         | 
 | SpaceShower:pTmaxMatch                        |                        1 |            0           0           2 | 
 | TimeShower:alphaSorder                        |                        2 |            1           0           3 | 
 | TimeShower:alphaSvalue                        |                  0.11800 |      0.13650   0.0600000     0.25000 | 
 |                                                                                                                 | 
 *-------  End PYTHIA Flag + Mode + Parm + Word + FVec + MVec + PVec + WVec Settings  -----------------------------* 

 --------  PYTHIA Particle Data Table (changed only)  ------------------------------------------------------------------------------
 
      id   name            antiName         spn chg col      m0        mWidth      mMin       mMax       tau0    res dec ext vis wid
             no onMode   bRatio   meMode     products 

       6  t                tbar               2   2   1  173.00000    1.36916   86.00000    0.00000  1.44122e-13   1   1   0   1   0
              0     1   0.0000664    0       24        1 
              1     1   0.0017361    0       24        3 
              2     1   0.9981975    0       24        5 
              3     1   0.0000000    0       37        5 

 --------  End PYTHIA Particle Data Table  -----------------------------------------------------------------------------------------


 --------  LHA event information and listing  ---------------------------------------------------------------------- 

    process =   322200    weight =   1.0325e+02     scale =   3.4316e+01 (GeV) 
                        alpha_em =  -1.0000e+00    alpha_strong =   1.4910e-01

    Participating Particles 
    no        id stat     mothers     colours      p_x        p_y        p_z         e          m        tau    spin 
     1        21   -1     0     0   514   513      0.000      0.000    308.103    308.103      0.000   0.000   9.000
     2        21   -1     0     0   511   512      0.000      0.000  -1573.437   1573.437      0.000   0.000   9.000
     3         6    2     1     2   511     0     45.124    -86.761   -105.027    224.270    172.345   0.000   9.000
     4        -6    2     1     2     0   513      6.151    -12.867  -1372.190   1383.189    173.504   0.000   9.000
     5        -1    1     1     2     0   512    -46.523     65.642     25.259     84.329      0.000   0.000   9.000
     6         1    1     1     2   514     0     -4.752     33.985    186.623    189.752      0.000   0.000   9.000
     7         5    1     3     3   511     0     43.228    -77.991      0.660     89.307      4.920   0.000  -1.000
     8        24    2     3     3     0     0      1.897     -8.770   -105.687    134.963     83.455   0.000   9.000
     9        -5    1     4     4     0   513    -34.400     52.063   -566.621    570.068      4.920   0.000   1.000
    10       -24    2     4     4     0     0     40.551    -64.930   -805.569    813.121     79.778   0.000   9.000
    11       -13    1     8     8     0     0      3.868    -23.973   -114.658    117.201      0.106   0.000   1.000
    12        14    1     8     8     0     0     -1.972     15.202      8.971     17.762      0.000   0.000  -1.000
    13        11    1    10    10     0     0     -7.968    -60.824   -488.131    491.971      0.001   0.000  -1.000
    14       -12    1    10    10     0     0     48.519     -4.105   -317.437    321.150      0.000   0.000   1.000

 --------  End LHA event information and listing  ------------------------------------------------------------------ 

 --------  PYTHIA Info Listing  ---------------------------------------- 
 
 Beam A: id =   2212, pz =  6.500e+03, e =  6.500e+03, m =  9.383e-01.
 Beam B: id =   2212, pz = -6.500e+03, e =  6.500e+03, m =  9.383e-01.

 In 1: id =   21, x =  4.740e-02, pdf =  0.000e+00 at Q2 =  1.178e+03.
 In 2: id =   21, x =  2.421e-01, pdf =  0.000e+00 at same Q2.

 Process Les Houches User Process(es) with code 9999 is 2 -> 4.
 Subprocess user process 322200 with code 322200 is 2 -> 4.
     alphaEM =  7.732e-03,  alphaS =  1.491e-01    at Q2 =  1.178e+03.

 Impact parameter b =  1.513e+00 gives enhancement factor =  5.242e-02.
 Max pT scale for MPI =  1.300e+04, ISR =  3.432e+01, FSR =  3.432e+01.
 Number of MPI =     1, ISR =     9, FSRproc =     0, FSRreson =     0.

 --------  End PYTHIA Info Listing  ------------------------------------

 --------  PYTHIA Event Listing  (hard process)  -----------------------------------------------------------------------------------
 
    no         id  name            status     mothers   daughters     colours      p_x        p_y        p_z         e          m 
     0         90  (system)           -11     0     0     0     0     0     0      0.000      0.000      0.000  13000.000  13000.000
     1       2212  (p+)               -12     0     0     3     0     0     0      0.000      0.000   6500.000   6500.000      0.938
     2       2212  (p+)               -12     0     0     4     0     0     0      0.000      0.000  -6500.000   6500.000      0.938
     3         21  (g)                -21     1     0     5     8   514   513      0.000      0.000    308.103    308.103      0.000
     4         21  (g)                -21     2     0     5     8   511   512      0.000      0.000  -1573.437   1573.437      0.000
     5          6  (t)                -22     3     4     9    10   511     0     45.124    -86.761   -105.027    224.270    172.345
     6         -6  (tbar)             -22     3     4    11    12     0   513      6.151    -12.867  -1372.190   1383.189    173.504
     7         -1  dbar                23     3     4     0     0     0   512    -46.523     65.642     25.259     84.329      0.000
     8          1  d                   23     3     4     0     0   514     0     -4.752     33.985    186.623    189.752      0.000
     9          5  b                   23     5     0     0     0   511     0     43.228    -77.991      0.660     89.307      4.920
    10         24  (W+)               -22     5     0    13    14     0     0      1.897     -8.770   -105.687    134.963     83.455
    11         -5  bbar                23     6     0     0     0     0   513    -34.400     52.063   -566.621    570.068      4.920
    12        -24  (W-)               -22     6     0    15    16     0     0     40.551    -64.930   -805.569    813.121     79.778
    13        -13  mu+                 23    10     0     0     0     0     0      3.868    -23.973   -114.658    117.201      0.106
    14         14  nu_mu               23    10     0     0     0     0     0     -1.972     15.202      8.971     17.762      0.000
    15         11  e-                  23    12     0     0     0     0     0     -7.968    -60.824   -488.131    491.971      0.001
    16        -12  nu_ebar             23    12     0     0     0     0     0     48.519     -4.105   -317.437    321.150      0.000
                                   Charge sum:  0.000           Momentum sum:     -0.000     -0.000  -1265.335   1881.540   1392.523

 --------  End PYTHIA Event Listing  -----------------------------------------------------------------------------------------------

 --------  PYTHIA Event Listing  (complete event)  ---------------------------------------------------------------------------------
 
    no         id  name            status     mothers   daughters     colours      p_x        p_y        p_z         e          m 
     0         90  (system)           -11     0     0     0     0     0     0      0.000      0.000      0.000  13000.000  13000.000
     1       2212  (p+)               -12     0     0   108     0     0     0      0.000      0.000   6500.000   6500.000      0.938
     2       2212  (p+)               -12     0     0   109     0     0     0      0.000      0.000  -6500.000   6500.000      0.938
     3         21  (g)                -21     9     0     5     8   514   513      0.000      0.000    308.103    308.103      0.000
     4         21  (g)                -21    10    10     5     8   511   512      0.000      0.000  -1573.437   1573.437      0.000
     5          6  (t)                -22     3     4    11    11   511     0     45.124    -86.761   -105.027    224.270    172.345
     6         -6  (tbar)             -22     3     4    12    12     0   513      6.151    -12.867  -1372.190   1383.189    173.504
     7         -1  (dbar)             -23     3     4    13    13     0   512    -46.523     65.642     25.259     84.329      0.000
     8          1  (d)                -23     3     4    14    14   514     0     -4.752     33.985    186.623    189.752      0.000
     9         21  (g)                -41    16     0    15     3   515   513      0.000      0.000    479.562    479.562      0.000
    10         21  (g)                -42    17    17     4     4   511   512      0.000      0.000  -1573.437   1573.437      0.000
    11          6  (t)                -44     5     5    18    18   511     0     45.124    -86.761   -105.027    224.270    172.345
    12         -6  (tbar)             -44     6     6    19    19     0   513    -14.405    -38.446  -1370.342   1381.892    173.504
    13         -1  (dbar)             -44     7     7    20    20     0   512    -46.523     65.642     25.259     84.329      0.000
    14          1  (d)                -44     8     8    21    21   514     0     -4.752     33.985    186.623    189.752      0.000
    15         21  (g)                -43     9     0    22    22   515   514     20.557     25.579    169.611    172.757      0.000
    16         21  (g)                -41    24    24    23     9   516   513      0.000      0.000   1032.306   1032.306      0.000
    17         21  (g)                -42    25     0    10    10   511   512      0.000      0.000  -1573.437   1573.437      0.000
    18          6  (t)                -44    11    11    26    26   511     0     45.124    -86.761   -105.027    224.270    172.345
    19         -6  (tbar)             -44    12    12    27    27     0   513    -14.405    -38.446  -1370.342   1381.892    173.504
    20         -1  (dbar)             -44    13    13    28    28     0   512    -46.523     65.642     25.259     84.329      0.000
    21          1  (d)                -44    14    14    29    29   514     0     -4.752     33.985    186.623    189.752      0.000
    22         21  (g)                -44    15    15    30    30   515   514     24.994     41.275    431.756    434.444      0.000
    23         21  (g)                -43    16     0    31    31   516   515     -4.437    -15.696    290.599    291.056      0.000
    24         21  (g)                -42    33    33    16    16   516   513      0.000      0.000   1032.306   1032.306      0.000
    25         21  (g)                -41    34     0    32    17   517   512     -0.000      0.000  -1597.402   1597.402      0.000
    26          6  (t)                -44    18    18    35    35   511     0     51.692    -73.645   -107.338    222.081    172.345
    27         -6  (tbar)             -44    19    19    36    36     0   513    -14.405    -38.446  -1370.342   1381.892    173.504
    28         -1  (dbar)             -44    20    20    37    37     0   512    -46.523     65.642     25.259     84.329      0.000
    29          1  (d)                -44    21    21    38    38   514     0     -4.752     33.985    186.623    189.752      0.000
    30         21  (g)                -44    22    22    39    39   515   514     24.994     41.275    431.756    434.444      0.000
    31         21  (g)                -44    23    23    40    40   516   515     -4.437    -15.696    290.599    291.056      0.000
    32         21  (g)                -43    25     0    41    41   517   511     -6.568    -13.116    -21.654     26.154      0.000
    33         21  (g)                -42    43     0    24    24   516   513      0.000      0.000   1032.306   1032.306      0.000
    34         21  (g)                -41    44    44    42    25   517   518      0.000     -0.000  -1643.629   1643.629      0.000
    35          6  (t)                -44    26    26    45    45   511     0     51.692    -73.645   -107.338    222.081    172.345
    36         -6  (tbar)             -44    27    27    46    46     0   513    -14.405    -38.446  -1370.342   1381.892    173.504
    37         -1  (dbar)             -44    28    28    47    47     0   512    -35.146     71.742     24.285     83.498      0.000
    38          1  (d)                -44    29    29    48    48   514     0     -4.752     33.985    186.623    189.752      0.000
    39         21  (g)                -44    30    30    49    49   515   514     24.994     41.275    431.756    434.444      0.000
    40         21  (g)                -44    31    31    50    50   516   515     -4.437    -15.696    290.599    291.056      0.000
    41         21  (g)                -44    32    32    51    51   517   511     -6.568    -13.116    -21.654     26.154      0.000
    42         21  (g)                -43    34     0    52    52   512   518    -11.377     -6.099    -45.252     47.058      0.000
    43         21  (g)                -41    54     0    53    33   519   513      0.000      0.000   1218.266   1218.266      0.000
    44         21  (g)                -42    55    55    34    34   517   518      0.000     -0.000  -1643.629   1643.629      0.000
    45          6  (t)                -44    35    35    56    56   511     0     51.692    -73.645   -107.338    222.081    172.345
    46         -6  (tbar)             -44    36    36    57    57     0   513    -16.819    -35.355  -1370.349   1381.844    173.504
    47         -1  (dbar)             -44    37    37    58    58     0   512    -35.146     71.742     24.285     83.498      0.000
    48          1  (d)                -44    38    38    59    59   514     0     -4.752     33.985    186.623    189.752      0.000
    49         21  (g)                -44    39    39    60    60   515   514     24.994     41.275    431.756    434.444      0.000
    50         21  (g)                -44    40    40    61    61   516   515     -4.437    -15.696    290.599    291.056      0.000
    51         21  (g)                -44    41    41    62    62   517   511     -6.568    -13.116    -21.654     26.154      0.000
    52         21  (g)                -44    42    42    63    63   512   518    -11.377     -6.099    -45.252     47.058      0.000
    53         21  (g)                -43    43     0    64    64   519   516      2.413     -3.090    185.967    186.009      0.000
    54         21  (g)                -41    66    66    65    43   520   513      0.000      0.000   1370.559   1370.559      0.000
    55         21  (g)                -42    67     0    44    44   517   518      0.000     -0.000  -1643.629   1643.629      0.000
    56          6  (t)                -44    45    45    68    68   511     0     51.692    -73.645   -107.338    222.081    172.345
    57         -6  (tbar)             -44    46    46    69    69     0   513    -18.597    -37.880  -1370.288   1381.873    173.504
    58         -1  (dbar)             -44    47    47    70    70     0   512    -35.146     71.742     24.285     83.498      0.000
    59          1  (d)                -44    48    48    71    71   514     0     -4.752     33.985    186.623    189.752      0.000
    60         21  (g)                -44    49    49    72    72   515   514     24.994     41.275    431.756    434.444      0.000
    61         21  (g)                -44    50    50    73    73   516   515     -4.437    -15.696    290.599    291.056      0.000
    62         21  (g)                -44    51    51    74    74   517   511     -6.568    -13.116    -21.654     26.154      0.000
    63         21  (g)                -44    52    52    75    75   512   518    -11.377     -6.099    -45.252     47.058      0.000
    64         21  (g)                -44    53    53    76    76   519   516      2.413     -3.090    185.967    186.009      0.000
    65         21  (g)                -43    54     0    77    77   520   519      1.778      2.525    152.232    152.263      0.000
    66         21  (g)                -42    79    79    54    54   520   513      0.000      0.000   1370.559   1370.559      0.000
    67         21  (g)                -41    80     0    78    55   521   518      0.000      0.000  -1749.119   1749.119      0.000
    68          6  (t)                -44    56    56    81    81   511     0     51.692    -73.645   -107.338    222.081    172.345
    69         -6  (tbar)             -44    57    57    82    82     0   513    -18.597    -37.880  -1370.288   1381.873    173.504
    70         -1  (dbar)             -44    58    58    83    83     0   512    -35.146     71.742     24.285     83.498      0.000
    71          1  (d)                -44    59    59    84    84   514     0     -4.752     33.985    186.623    189.752      0.000
    72         21  (g)                -44    60    60    85    85   515   514     24.994     41.275    431.756    434.444      0.000
    73         21  (g)                -44    61    61    86    86   516   515     -4.437    -15.696    290.599    291.056      0.000
    74         21  (g)                -44    62    62    87    87   517   511     -6.568    -13.116    -21.654     26.154      0.000
    75         21  (g)                -44    63    63    88    88   512   518    -12.009     -8.118    -58.105     59.886      0.000
    76         21  (g)                -44    64    64    89    89   519   516      2.413     -3.090    185.967    186.009      0.000
    77         21  (g)                -44    65    65    90    90   520   519      1.778      2.525    152.232    152.263      0.000
    78         21  (g)                -43    67     0    91    91   521   517      0.633      2.019    -92.637     92.661      0.000
    79         21  (g)                -42    93     0    66    66   520   513      0.000      0.000   1370.559   1370.559      0.000
    80          2  (u)                -41    94    94    92    67   521     0     -0.000     -0.000  -2746.815   2746.815      0.000
    81          6  (t)                -44    68    68    95    95   511     0     51.692    -73.645   -107.338    222.081    172.345
    82         -6  (tbar)             -44    69    69    96    96     0   513    -18.597    -37.880  -1370.288   1381.873    173.504
    83         -1  (dbar)             -44    70    70    97    97     0   512    -35.146     71.742     24.285     83.498      0.000
    84          1  (d)                -44    71    71    98    98   514     0     -4.752     33.985    186.623    189.752      0.000
    85         21  (g)                -44    72    72    99    99   515   514     24.994     41.275    431.756    434.444      0.000
    86         21  (g)                -44    73    73   100   100   516   515     -4.437    -15.696    290.599    291.056      0.000
    87         21  (g)                -44    74    74   101   101   517   511     -6.568    -13.116    -21.654     26.154      0.000
    88         21  (g)                -44    75    75   102   102   512   518    -12.009     -8.118    -58.105     59.886      0.000
    89         21  (g)                -44    76    76   103   103   519   516      2.413     -3.090    185.967    186.009      0.000
    90         21  (g)                -44    77    77   104   104   520   519      1.778      2.525    152.232    152.263      0.000
    91         21  (g)                -44    78    78   105   105   521   517     -1.381      1.712   -109.927    109.949      0.000
    92          2  (u)                -43    80     0   106   106   518     0      2.013      0.308   -980.406    980.408      0.330
    93         21  (g)                -41   108   108   107    79   520   522      0.000      0.000   1415.733   1415.733      0.000
    94          2  (u)                -42   109   109    80    80   521     0     -0.000     -0.000  -2746.815   2746.815      0.000
    95          6  (t)                -44    81    81   110   110   511     0     51.692    -73.645   -107.338    222.081    172.345
    96         -6  (tbar)             -44    82    82   111   111     0   513    -18.597    -37.880  -1370.288   1381.873    173.504
    97         -1  (dbar)             -44    83    83   112   112     0   512    -35.146     71.742     24.285     83.498      0.000
    98          1  (d)                -44    84    84   113   113   514     0     -4.752     33.985    186.623    189.752      0.000
    99         21  (g)                -44    85    85   114   114   515   514     24.994     41.275    431.756    434.444      0.000
   100         21  (g)                -44    86    86   115   115   516   515     -4.437    -15.696    290.599    291.056      0.000
   101         21  (g)                -44    87    87   116   116   517   511     -6.568    -13.116    -21.654     26.154      0.000
   102         21  (g)                -44    88    88   117   117   512   518    -12.009     -8.118    -58.105     59.886      0.000
   103         21  (g)                -44    89    89   118   118   519   516      2.413     -3.090    185.967    186.009      0.000
   104         21  (g)                -44    90    90   119   119   520   519      1.288      2.463    130.956    130.986      0.000
   105         21  (g)                -44    91    91   120   120   521   517     -1.381      1.712   -109.927    109.949      0.000
   106          2  (u)                -44    92    92   121   121   518     0      2.013      0.308   -980.406    980.408      0.330
   107         21  (g)                -43    93     0   122   122   513   522      0.490      0.062     66.450     66.451      0.000
   108         21  (g)                -61     1     0    93    93   520   522      0.687      0.658   1415.733   1415.733      0.000
   109          2  (u)                -61     2     0    94    94   521     0      0.113     -0.701  -2746.815   2746.815      0.000
   110          6  (t)                -62    95    95   126   127   511     0     51.726    -73.661   -107.323    222.087    172.345
   111         -6  (tbar)             -62    96    96   128   129     0   513    -18.538    -38.229  -1370.270   1381.864    173.504
   112         -1  (dbar)             -62    97    97   174   174     0   512    -35.119     71.759     24.267     83.496      0.000
   113          1  (d)                -62    98    98   134   134   514     0     -4.661     34.072    186.612    189.754      0.000
   114         21  (g)                -62    99    99   135   135   515   514     25.204     41.475    431.736    434.455      0.000
   115         21  (g)                -62   100   100   136   136   516   515     -4.296    -15.561    290.605    291.053      0.000
   116         21  (g)                -62   101   101   200   200   517   511     -6.566    -13.121    -21.648     26.151      0.000
   117         21  (g)                -62   102   102   173   173   512   518    -12.006     -8.133    -58.099     59.882      0.000
   118         21  (g)                -62   103   103   137   137   519   516      2.504     -3.004    185.968    186.009      0.000
   119         21  (g)                -62   104   104   138   138   520   519      1.351      2.523    130.955    130.986      0.000
   120         21  (g)                -62   105   105   201   201   521   517     -1.376      1.684   -109.927    109.949      0.000
   121          2  (u)                -62   106   106   172   172   518     0      2.054      0.058   -980.407    980.409      0.330
   122         21  (g)                -62   107   107   227   227   513   522      0.523      0.093     66.449     66.452      0.000
   123       2101  (ud_0)             -63     1     0   139   139     0   520     -0.394     -0.402   2699.053   2699.053      0.579
   124          2  (u)                -63     1     0   226   226   522     0     -0.293     -0.255   2385.214   2385.214      0.330
   125       2103  (ud_1)             -63     2     0   202   202     0   521     -0.113      0.701  -3753.185   3753.185      0.771
   126          5  (b)                -23   110     0   199   199   511     0     45.824    -72.840     -0.243     86.196      4.920
   127         24  (W+)               -22   110     0   130   131     0     0      5.903     -0.821   -107.080    135.891     83.455
   128         -5  (bbar)             -23   111     0   228   228     0   513    -44.571     41.614   -565.830    569.128      4.920
   129        -24  (W-)               -22   111     0   132   133     0     0     26.034    -79.843   -804.440    812.736     79.778
   130        -13  mu+                 23   127     0     0     0     0     0      7.338    -17.089   -115.865    117.348      0.106
   131         14  nu_mu               23   127     0     0     0     0     0     -1.435     16.268      8.784     18.544      0.000
   132         11  e-                  23   129     0     0     0     0     0    -16.760    -69.856   -487.448    492.713      0.001
   133        -12  nu_ebar             23   129     0     0     0     0     0     42.794     -9.986   -316.992    320.023      0.000
   134          1  (d)                -71   113   113   140   171   514     0     -4.661     34.072    186.612    189.754      0.000
   135         21  (g)                -71   114   114   140   171   515   514     25.204     41.475    431.736    434.455      0.000
   136         21  (g)                -71   115   115   140   171   516   515     -4.296    -15.561    290.605    291.053      0.000
   137         21  (g)                -71   118   118   140   171   519   516      2.504     -3.004    185.968    186.009      0.000
   138         21  (g)                -71   119   119   140   171   520   519      1.351      2.523    130.955    130.986      0.000
   139       2101  (ud_0)             -71   123   123   140   171     0   520     -0.394     -0.402   2699.053   2699.053      0.579
   140       -213  (rho-)             -83   134   139   246   247     0     0     -3.173     20.057    109.192    111.067      0.776
   141        113  (rho0)             -83   134   139   248   249     0     0     -1.099      9.366     51.699     52.558      0.768
   142       2212  p+                  83   134   139     0     0     0     0      0.672      4.119     30.197     30.498      0.938
   143      -2112  nbar0               83   134   139     0     0     0     0      0.332      1.469     11.417     11.554      0.940
   144        221  (eta)              -83   134   139   308   310     0     0      1.483      3.234     29.714     29.932      0.548
   145       -211  pi-                 83   134   139     0     0     0     0      0.446      0.620      4.917      4.978      0.140
   146        213  (rho+)             -83   134   139   250   251     0     0      1.008      2.459     26.020     26.170      0.871
   147       -211  pi-                 83   134   139     0     0     0     0      5.879      8.835     93.530     94.130      0.140
   148        211  pi+                 83   134   139     0     0     0     0      1.928      3.825     40.613     40.838      0.140
   149        221  (eta)              -83   134   139   311   312     0     0      1.816      2.660     25.703     25.910      0.548
   150        221  (eta)              -83   134   139   313   314     0     0      3.394      5.339     52.811     53.192      0.548
   151        223  (omega)            -83   134   139   315   317     0     0      6.334     11.546    121.773    122.485      0.781
   152       -211  pi-                 83   134   139     0     0     0     0      1.548      1.536     22.594     22.700      0.140
   153        213  (rho+)             -83   134   139   252   253     0     0     -0.452     -1.099     20.201     20.252      0.785
   154        221  (eta)              -83   134   139   318   319     0     0     -0.512     -0.597     10.466     10.510      0.548
   155        311  (K0)               -83   134   139   254   254     0     0     -0.101     -1.972     40.471     40.522      0.498
   156       -321  K-                  83   134   139     0     0     0     0     -1.730     -3.505     79.830     79.927      0.494
   157        111  (pi0)              -83   134   139   320   321     0     0      0.675     -1.174     26.152     26.188      0.135
   158        111  (pi0)              -83   134   139   322   323     0     0      0.059     -0.374      4.780      4.796      0.135
   159        223  (omega)            -83   134   139   324   326     0     0     -1.731     -5.395    110.870    111.017      0.779
   160        211  pi+                 84   134   139     0     0     0     0      0.369     -0.941     30.979     30.995      0.140
   161       2114  (Delta0)           -84   134   139   255   256     0     0      0.993     -0.281     58.801     58.828      1.461
   162        211  pi+                 84   134   139     0     0     0     0     -0.189     -0.491     27.933     27.939      0.140
   163      -2212  pbar-               84   134   139     0     0     0     0      0.894     -0.893     54.217     54.240      0.938
   164       3112  Sigma-              84   134   139     0     0     0     0     -0.097      0.403     52.029     52.045      1.197
   165        113  (rho0)             -84   134   139   257   258     0     0      0.777     -0.452     84.429     84.437      0.773
   166      -3212  (Sigmabar0)        -84   134   139   327   328     0     0      0.106      0.645    175.282    175.287      1.193
   167        211  pi+                 84   134   139     0     0     0     0      0.734      0.020     87.361     87.364      0.140
   168       -211  pi-                 84   134   139     0     0     0     0     -0.821      0.365    193.230    193.232      0.140
   169        213  (rho+)             -84   134   139   259   260     0     0      0.443     -0.380    539.917    539.918      0.813
   170       -213  (rho-)             -84   134   139   261   262     0     0      0.029      0.139    261.484    261.486      0.796
   171       2212  p+                  84   134   139     0     0     0     0     -0.309      0.021   1446.315   1446.316      0.938
   172          2  (u)                -71   121   121   175   198   518     0      2.054      0.058   -980.407    980.409      0.330
   173         21  (g)                -71   117   117   175   198   512   518    -12.006     -8.133    -58.099     59.882      0.000
   174         -1  (dbar)             -71   112   112   175   198     0   512    -35.119     71.759     24.267     83.496      0.000
   175        213  (rho+)             -83   172   174   263   264     0     0      1.650     -0.246   -661.764    661.767      1.088
   176       -211  pi-                 83   172   174     0     0     0     0     -0.159      0.543    -97.689     97.691      0.140
   177        211  pi+                 83   172   174     0     0     0     0      0.213      0.000   -107.531    107.532      0.140
   178       -211  pi-                 83   172   174     0     0     0     0     -0.133     -0.360    -45.284     45.285      0.140
   179        211  pi+                 83   172   174     0     0     0     0      0.143     -0.277    -13.237     13.242      0.140
   180       -213  (rho-)             -83   172   174   265   266     0     0      0.177      0.383    -17.373     17.395      0.767
   181        211  pi+                 83   172   174     0     0     0     0      0.070     -0.284     -4.282      4.295      0.140
   182       -211  pi-                 83   172   174     0     0     0     0     -0.504      0.110     -7.257      7.277      0.140
   183        211  pi+                 83   172   174     0     0     0     0      0.184     -0.230    -13.791     13.795      0.140
   184        113  (rho0)             -83   172   174   267   268     0     0     -0.244      0.017     -8.470      8.508      0.760
   185        221  (eta)              -83   172   174   329   331     0     0     -0.372     -0.196     -5.246      5.291      0.548
   186       -213  (rho-)             -84   172   174   269   270     0     0     -2.443     -1.303    -11.089     11.463      0.868
   187        213  (rho+)             -84   172   174   271   272     0     0     -1.347     -1.231     -7.597      7.844      0.694
   188       -211  pi-                 84   172   174     0     0     0     0     -2.448     -1.485    -14.902     15.175      0.140
   189        221  (eta)              -84   172   174   332   333     0     0     -1.090     -0.757     -4.286      4.520      0.548
   190        113  (rho0)             -84   172   174   273   274     0     0     -2.355     -2.758    -12.932     13.459      0.860
   191        323  (K*+)              -84   172   174   275   276     0     0     -0.945      0.615     -3.945      4.199      0.891
   192        333  (phi)              -84   172   174   334   335     0     0     -0.007      0.048     -1.066      1.481      1.027
   193        333  (phi)              -84   172   174   336   337     0     0     -1.675      1.364      0.083      2.390      1.018
   194       -323  (K*-)              -84   172   174   277   278     0     0     -1.530      3.009      1.446      3.781      0.903
   195        111  (pi0)              -84   172   174   338   339     0     0     -7.063     14.729      4.692     16.996      0.135
   196        221  (eta)              -84   172   174   340   342     0     0     -0.921      2.579      0.528      2.842      0.548
   197        321  K+                  84   172   174     0     0     0     0    -10.193     21.075      7.497     24.587      0.494
   198       -311  (Kbar0)            -84   172   174   279   279     0     0    -14.080     28.339      9.257     32.974      0.498
   199          5  (b)                -71   126   126   203   225   511     0     45.824    -72.840     -0.243     86.196      4.920
   200         21  (g)                -71   116   116   203   225   517   511     -6.566    -13.121    -21.648     26.151      0.000
   201         21  (g)                -71   120   120   203   225   521   517     -1.376      1.684   -109.927    109.949      0.000
   202       2103  (ud_1)             -71   125   125   203   225     0   521     -0.113      0.701  -3753.185   3753.185      0.771
   203       -523  (B*-)              -83   199   202   343   344     0     0     37.507    -59.748     -0.389     70.747      5.325
   204        111  (pi0)              -83   199   202   345   346     0     0      1.167     -2.096      0.145      2.407      0.135
   205        221  (eta)              -83   199   202   347   348     0     0      1.547     -1.941     -0.030      2.542      0.548
   206        213  (rho+)             -83   199   202   280   281     0     0      4.565     -7.476     -0.669      8.859      1.143
   207       -211  pi-                 83   199   202     0     0     0     0      0.746     -1.683      0.291      1.869      0.140
   208        111  (pi0)              -83   199   202   349   350     0     0     -0.270     -0.183     -1.152      1.205      0.135
   209        223  (omega)            -83   199   202   351   353     0     0     -1.545     -3.654     -5.241      6.619      0.777
   210        323  (K*+)              -83   199   202   282   283     0     0     -1.102     -2.324     -3.720      4.605      0.871
   211       -321  K-                  83   199   202     0     0     0     0     -0.958     -1.775     -2.562      3.298      0.494
   212       2214  (Delta+)           -83   199   202   284   285     0     0     -1.272     -2.335     -5.617      6.366      1.377
   213        113  (rho0)             -83   199   202   286   287     0     0     -0.813     -1.068     -3.762      4.063      0.744
   214      -2112  nbar0               83   199   202     0     0     0     0      0.312     -1.167     -2.777      3.171      0.940
   215       -211  pi-                 84   199   202     0     0     0     0     -0.475      0.471     -2.898      2.977      0.140
   216        211  pi+                 84   199   202     0     0     0     0      0.208     -0.318     -2.209      2.246      0.140
   217       -211  pi-                 84   199   202     0     0     0     0     -0.438     -0.168    -11.771     11.781      0.140
   218        113  (rho0)             -84   199   202   288   289     0     0     -0.536      0.023    -21.908     21.939      1.043
   219        223  (omega)            -84   199   202   354   356     0     0     -0.190      0.187    -10.023     10.058      0.790
   220        321  K+                  84   199   202     0     0     0     0      0.175     -0.060    -50.783     50.786      0.494
   221       -321  K-                  84   199   202     0     0     0     0     -0.529      0.694    -51.165     51.175      0.494
   222        221  (eta)              -84   199   202   357   359     0     0      0.008      0.546    -67.949     67.954      0.548
   223        323  (K*+)              -84   199   202   290   291     0     0     -0.381     -0.230   -292.544    292.545      0.875
   224       3214  (Sigma*0)          -84   199   202   292   293     0     0      0.341      0.751  -2877.873   2877.874      1.423
   225        221  (eta)              -84   199   202   360   362     0     0     -0.299     -0.024   -470.396    470.397      0.548
   226          2  (u)                -71   124   124   229   245   522     0     -0.293     -0.255   2385.214   2385.214      0.330
   227         21  (g)                -71   122   122   229   245   513   522      0.523      0.093     66.449     66.452      0.000
   228         -5  (bbar)             -71   128   128   229   245     0   513    -44.571     41.614   -565.830    569.128      4.920
   229        223  (omega)            -83   226   228   363   365     0     0     -0.352     -0.555   1493.456   1493.456      0.840
   230        321  K+                  83   226   228     0     0     0     0      0.312      0.273    824.732    824.732      0.494
   231       -321  K-                  83   226   228     0     0     0     0      0.065     -0.294     40.193     40.197      0.494
   232        213  (rho+)             -83   226   228   294   295     0     0      0.102      0.073     50.224     50.232      0.875
   233        113  (rho0)             -83   226   228   296   297     0     0      0.194      0.346     21.838     21.857      0.817
   234        111  (pi0)              -83   226   228   366   367     0     0     -0.624     -0.026      5.147      5.187      0.135
   235       2112  n0                  83   226   228     0     0     0     0      0.870     -0.399     12.701     12.772      0.940
   236      -2212  pbar-               83   226   228     0     0     0     0     -0.268      0.421      1.888      2.166      0.938
   237        211  pi+                 84   226   228     0     0     0     0      0.055     -0.183      0.003      0.236      0.140
   238       -211  pi-                 84   226   228     0     0     0     0     -0.245      0.127      0.139      0.339      0.140
   239        211  pi+                 84   226   228     0     0     0     0      0.135     -0.044      0.456      0.497      0.140
   240       -211  pi-                 84   226   228     0     0     0     0      0.249      0.076     -0.180      0.346      0.140
   241        113  (rho0)             -84   226   228   298   299     0     0     -0.729      0.212     -0.300      0.941      0.467
   242        113  (rho0)             -84   226   228   300   301     0     0     -0.690      1.316    -16.227     16.317      0.858
   243        113  (rho0)             -84   226   228   302   303     0     0     -0.654      0.419     -5.266      5.378      0.767
   244        113  (rho0)             -84   226   228   304   305     0     0     -1.993      1.260    -24.786     24.910      0.787
   245        523  (B*+)              -84   226   228   368   369     0     0    -40.769     38.429   -518.183    521.230      5.325
   246       -211  pi-                 91   140     0     0     0     0     0     -2.796     17.190     92.374     94.002      0.140
   247        111  (pi0)              -91   140     0   370   371     0     0     -0.377      2.867     16.818     17.065      0.135
   248        211  pi+                 91   141     0     0     0     0     0     -0.428      5.255     27.194     27.701      0.140
   249       -211  pi-                 91   141     0     0     0     0     0     -0.671      4.110     24.505     24.857      0.140
   250        211  pi+                 91   146     0     0     0     0     0      0.094      1.317     12.227     12.299      0.140
   251        111  (pi0)              -91   146     0   372   373     0     0      0.914      1.142     13.793     13.871      0.135
   252        211  pi+                 91   153     0     0     0     0     0     -0.472     -0.917     11.455     11.502      0.140
   253        111  (pi0)              -91   153     0   374   375     0     0      0.020     -0.182      8.747      8.750      0.135
   254        130  K_L0                91   155   155     0     0     0     0     -0.101     -1.972     40.471     40.522      0.498
   255       2112  n0                  91   161     0     0     0     0     0      0.211     -0.245     33.458     33.473      0.940
   256        111  (pi0)              -91   161     0   376   377     0     0      0.782     -0.036     25.343     25.355      0.135
   257        211  pi+                 91   165     0     0     0     0     0      0.868     -0.499     73.769     73.776      0.140
   258       -211  pi-                 91   165     0     0     0     0     0     -0.091      0.047     10.660     10.662      0.140
   259        211  pi+                 91   169     0     0     0     0     0      0.213     -0.581    414.406    414.407      0.140
   260        111  (pi0)              -91   169     0   378   379     0     0      0.230      0.200    125.511    125.511      0.135
   261       -211  pi-                 91   170     0     0     0     0     0     -0.082      0.408    104.700    104.701      0.140
   262        111  (pi0)              -91   170     0   380   381     0     0      0.111     -0.269    156.785    156.785      0.135
   263        211  pi+                 91   175     0     0     0     0     0      0.326     -0.183    -51.634     51.636      0.140
   264        111  (pi0)              -91   175     0   382   383     0     0      1.324     -0.063   -610.130    610.131      0.135
   265       -211  pi-                 91   180     0     0     0     0     0      0.406      0.032     -7.680      7.692      0.140
   266        111  (pi0)              -91   180     0   384   385     0     0     -0.229      0.352     -9.692      9.702      0.135
   267        211  pi+                 91   184     0     0     0     0     0     -0.074     -0.242     -1.401      1.430      0.140
   268       -211  pi-                 91   184     0     0     0     0     0     -0.170      0.258     -7.070      7.078      0.140
   269       -211  pi-                 91   186     0     0     0     0     0     -1.010     -0.800     -6.461      6.589      0.140
   270        111  (pi0)              -91   186     0   386   387     0     0     -1.433     -0.503     -4.629      4.873      0.135
   271        211  pi+                 91   187     0     0     0     0     0     -0.749     -0.264     -2.993      3.100      0.140
   272        111  (pi0)              -91   187     0   388   389     0     0     -0.599     -0.967     -4.603      4.744      0.135
   273        211  pi+                 91   190     0     0     0     0     0     -1.039     -1.410     -4.847      5.155      0.140
   274       -211  pi-                 91   190     0     0     0     0     0     -1.316     -1.348     -8.085      8.303      0.140
   275        311  (K0)               -91   191     0   306   306     0     0     -0.914      0.607     -3.830      4.015      0.498
   276        211  pi+                 91   191     0     0     0     0     0     -0.031      0.008     -0.115      0.184      0.140
   277       -311  (Kbar0)            -91   194     0   307   307     0     0     -1.421      2.930      1.311      3.546      0.498
   278       -211  pi-                 91   194     0     0     0     0     0     -0.108      0.079      0.135      0.236      0.140
   279        130  K_L0                91   198   198     0     0     0     0    -14.080     28.339      9.257     32.974      0.498
   280        211  pi+                 91   206     0     0     0     0     0      0.771     -1.487      0.283      1.704      0.140
   281        111  (pi0)              -91   206     0   390   391     0     0      3.794     -5.988     -0.952      7.154      0.135
   282        321  K+                  91   210     0     0     0     0     0     -0.848     -1.507     -2.070      2.742      0.494
   283        111  (pi0)              -91   210     0   392   393     0     0     -0.253     -0.817     -1.650      1.863      0.135
   284       2212  p+                  91   212     0     0     0     0     0     -0.656     -1.358     -2.777      3.296      0.938
   285        111  (pi0)              -91   212     0   394   395     0     0     -0.616     -0.977     -2.841      3.070      0.135
   286        211  pi+                 91   213     0     0     0     0     0     -0.263     -0.871     -2.007      2.208      0.140
   287       -211  pi-                 91   213     0     0     0     0     0     -0.550     -0.197     -1.754      1.854      0.140
   288        211  pi+                 91   218     0     0     0     0     0     -0.549      0.448    -12.611     12.631      0.140
   289       -211  pi-                 91   218     0     0     0     0     0      0.013     -0.425     -9.297      9.308      0.140
   290        321  K+                  91   223     0     0     0     0     0     -0.308      0.108   -150.893    150.894      0.494
   291        111  (pi0)              -91   223     0   396   398     0     0     -0.073     -0.338   -141.651    141.651      0.135
   292       3122  Lambda0             91   224     0     0     0     0     0      0.513      0.542  -2344.034   2344.034      1.116
   293        111  (pi0)              -91   224     0   399   400     0     0     -0.172      0.208   -533.839    533.839      0.135
   294        211  pi+                 91   232     0     0     0     0     0      0.015     -0.354     15.034     15.039      0.140
   295        111  (pi0)              -91   232     0   401   402     0     0      0.087      0.427     35.190     35.193      0.135
   296        211  pi+                 91   233     0     0     0     0     0      0.439      0.015     13.083     13.091      0.140
   297       -211  pi-                 91   233     0     0     0     0     0     -0.245      0.331      8.755      8.765      0.140
   298        211  pi+                 91   241     0     0     0     0     0     -0.540      0.234     -0.351      0.699      0.140
   299       -211  pi-                 91   241     0     0     0     0     0     -0.190     -0.022      0.050      0.242      0.140
   300        211  pi+                 91   242     0     0     0     0     0     -0.816      0.754    -10.138     10.200      0.140
   301       -211  pi-                 91   242     0     0     0     0     0      0.127      0.563     -6.089      6.117      0.140
   302        211  pi+                 91   243     0     0     0     0     0     -0.279      0.193     -0.714      0.803      0.140
   303       -211  pi-                 91   243     0     0     0     0     0     -0.375      0.226     -4.553      4.576      0.140
   304        211  pi+                 91   244     0     0     0     0     0     -0.192      0.156     -5.749      5.756      0.140
   305       -211  pi-                 91   244     0     0     0     0     0     -1.800      1.103    -19.037     19.155      0.140
   306        310  K_S0                91   275   275     0     0     0     0     -0.914      0.607     -3.830      4.015      0.498
   307        310  (K_S0)             -91   277   277   403   404     0     0     -1.421      2.930      1.311      3.546      0.498
   308        211  pi+                 91   144     0     0     0     0     0      0.235      0.803      6.798      6.850      0.140
   309       -211  pi-                 91   144     0     0     0     0     0      0.407      0.929      8.747      8.806      0.140
   310        111  (pi0)              -91   144     0   405   406     0     0      0.841      1.502     14.170     14.275      0.135
   311         22  gamma               91   149     0     0     0     0     0      1.140      2.075     17.956     18.112      0.000
   312         22  gamma               91   149     0     0     0     0     0      0.676      0.585      7.747      7.798      0.000
   313         22  gamma               91   150     0     0     0     0     0      0.362      0.845      8.752      8.800      0.000
   314         22  gamma               91   150     0     0     0     0     0      3.032      4.494     44.059     44.391      0.000
   315        211  pi+                 91   151     0     0     0     0     0      0.474      1.019      9.880      9.945      0.140
   316       -211  pi-                 91   151     0     0     0     0     0      4.503      8.103     87.472     87.962      0.140
   317        111  (pi0)              -91   151     0   407   408     0     0      1.357      2.425     24.420     24.578      0.135
   318         22  gamma               91   154     0     0     0     0     0     -0.181     -0.429      8.234      8.247      0.000
   319         22  gamma               91   154     0     0     0     0     0     -0.331     -0.168      2.232      2.262      0.000
   320         22  gamma               91   157     0     0     0     0     0      0.161     -0.389      7.516      7.528      0.000
   321         22  gamma               91   157     0     0     0     0     0      0.514     -0.786     18.636     18.660      0.000
   322         22  gamma               91   158     0     0     0     0     0     -0.042     -0.088      1.352      1.355      0.000
   323         22  gamma               91   158     0     0     0     0     0      0.100     -0.286      3.428      3.441      0.000
   324        211  pi+                 91   159     0     0     0     0     0     -0.579     -1.711     37.302     37.346      0.140
   325       -211  pi-                 91   159     0     0     0     0     0     -0.975     -3.342     67.356     67.446      0.140
   326        111  (pi0)              -91   159     0   409   410     0     0     -0.177     -0.342      6.211      6.225      0.135
   327      -3122  Lambdabar0          91   166     0     0     0     0     0      0.055      0.664    170.782    170.787      1.116
   328         22  gamma               91   166     0     0     0     0     0      0.051     -0.019      4.500      4.500      0.000
   329        111  (pi0)              -91   185     0   411   412     0     0     -0.115     -0.071     -0.733      0.758      0.135
   330        111  (pi0)              -91   185     0   413   414     0     0     -0.115     -0.155     -2.381      2.392      0.135
   331        111  (pi0)              -91   185     0   415   416     0     0     -0.141      0.029     -2.132      2.141      0.135
   332         22  gamma               91   189     0     0     0     0     0     -0.057      0.078     -0.175      0.199      0.000
   333         22  gamma               91   189     0     0     0     0     0     -1.033     -0.835     -4.111      4.320      0.000
   334        321  K+                  91   192     0     0     0     0     0      0.114     -0.011     -0.632      0.810      0.494
   335       -321  K-                  91   192     0     0     0     0     0     -0.121      0.059     -0.433      0.670      0.494
   336        130  K_L0                91   193     0     0     0     0     0     -0.936      0.732     -0.050      1.289      0.498
   337        310  K_S0                91   193     0     0     0     0     0     -0.740      0.632      0.133      1.101      0.498
   338         22  gamma               91   195     0     0     0     0     0     -5.979     12.457      3.919     14.363      0.000
   339         22  gamma               91   195     0     0     0     0     0     -1.084      2.271      0.774      2.633      0.000
   340        211  pi+                 91   196     0     0     0     0     0     -0.372      1.324      0.295      1.413      0.140
   341       -211  pi-                 91   196     0     0     0     0     0     -0.441      0.831      0.135      0.960      0.140
   342        111  (pi0)              -91   196     0   417   418     0     0     -0.108      0.425      0.097      0.469      0.135
   343       -521  (B-)               -91   203     0   419   422     0     0     37.484    -59.670     -0.395     70.666      5.279
   344         22  gamma               91   203     0     0     0     0     0      0.023     -0.077      0.007      0.081      0.000
   345         22  gamma               91   204     0     0     0     0     0      0.064     -0.074      0.024      0.100      0.000
   346         22  gamma               91   204     0     0     0     0     0      1.103     -2.022      0.121      2.307      0.000
   347         22  gamma               91   205     0     0     0     0     0      1.335     -1.882      0.049      2.308      0.000
   348         22  gamma               91   205     0     0     0     0     0      0.213     -0.059     -0.079      0.234      0.000
   349         22  gamma               91   208     0     0     0     0     0     -0.159     -0.142     -0.521      0.563      0.000
   350         22  gamma               91   208     0     0     0     0     0     -0.111     -0.041     -0.632      0.643      0.000
   351        211  pi+                 91   209     0     0     0     0     0     -0.265     -1.140     -1.380      1.815      0.140
   352       -211  pi-                 91   209     0     0     0     0     0     -0.555     -0.975     -1.257      1.690      0.140
   353        111  (pi0)              -91   209     0   423   424     0     0     -0.725     -1.539     -2.605      3.114      0.135
   354        211  pi+                 91   219     0     0     0     0     0     -0.121     -0.166     -1.665      1.683      0.140
   355       -211  pi-                 91   219     0     0     0     0     0      0.064      0.105     -4.423      4.427      0.140
   356        111  (pi0)              -91   219     0   425   426     0     0     -0.133      0.247     -3.935      3.947      0.135
   357        111  (pi0)              -91   222     0   427   428     0     0     -0.032      0.183    -12.504     12.506      0.135
   358        111  (pi0)              -91   222     0   429   430     0     0      0.074      0.324    -38.371     38.373      0.135
   359        111  (pi0)              -91   222     0   431   432     0     0     -0.035      0.039    -17.074     17.075      0.135
   360        211  pi+                 91   225     0     0     0     0     0     -0.071     -0.100    -99.992     99.992      0.140
   361       -211  pi-                 91   225     0     0     0     0     0     -0.097      0.136   -158.522    158.522      0.140
   362        111  (pi0)              -91   225     0   433   434     0     0     -0.131     -0.059   -211.882    211.883      0.135
   363        211  pi+                 91   229     0     0     0     0     0     -0.115      0.076    356.062    356.062      0.140
   364       -211  pi-                 91   229     0     0     0     0     0      0.087     -0.393    664.426    664.426      0.140
   365        111  (pi0)              -91   229     0   435   436     0     0     -0.324     -0.238    472.968    472.968      0.135
   366         22  gamma               91   234     0     0     0     0     0     -0.187     -0.069      1.687      1.699      0.000
   367         22  gamma               91   234     0     0     0     0     0     -0.437      0.044      3.460      3.488      0.000
   368        521  (B+)               -91   245     0   437   438     0     0    -40.226     37.967   -511.462    514.472      5.279
   369         22  gamma               91   245     0     0     0     0     0     -0.544      0.462     -6.721      6.759      0.000
   370         22  gamma               91   247     0     0     0     0     0     -0.326      2.552     14.705     14.929      0.000
   371         22  gamma               91   247     0     0     0     0     0     -0.051      0.315      2.113      2.137      0.000
   372         22  gamma               91   251     0     0     0     0     0      0.466      0.676      8.028      8.070      0.000
   373         22  gamma               91   251     0     0     0     0     0      0.447      0.465      5.765      5.801      0.000
   374         22  gamma               91   253     0     0     0     0     0      0.029     -0.049      5.392      5.392      0.000
   375         22  gamma               91   253     0     0     0     0     0     -0.009     -0.133      3.355      3.357      0.000
   376         22  gamma               91   256     0     0     0     0     0      0.375      0.028     10.510     10.517      0.000
   377         22  gamma               91   256     0     0     0     0     0      0.407     -0.064     14.833     14.838      0.000
   378         22  gamma               91   260     0     0     0     0     0      0.189      0.082     71.071     71.071      0.000
   379         22  gamma               91   260     0     0     0     0     0      0.041      0.118     54.440     54.440      0.000
   380         22  gamma               91   262     0     0     0     0     0      0.092     -0.228    148.636    148.636      0.000
   381         22  gamma               91   262     0     0     0     0     0      0.019     -0.041      8.149      8.149      0.000
   382         22  gamma               91   264     0     0     0     0     0      0.688     -0.067   -290.811    290.812      0.000
   383         22  gamma               91   264     0     0     0     0     0      0.636      0.004   -319.319    319.319      0.000
   384         22  gamma               91   266     0     0     0     0     0      0.015      0.022     -0.336      0.337      0.000
   385         22  gamma               91   266     0     0     0     0     0     -0.243      0.329     -9.356      9.365      0.000
   386         22  gamma               91   270     0     0     0     0     0     -1.016     -0.381     -3.118      3.301      0.000
   387         22  gamma               91   270     0     0     0     0     0     -0.417     -0.122     -1.511      1.572      0.000
   388         22  gamma               91   272     0     0     0     0     0     -0.369     -0.673     -2.891      2.991      0.000
   389         22  gamma               91   272     0     0     0     0     0     -0.229     -0.293     -1.712      1.752      0.000
   390         22  gamma               91   281     0     0     0     0     0      1.261     -1.887     -0.335      2.295      0.000
   391         22  gamma               91   281     0     0     0     0     0      2.533     -4.101     -0.617      4.860      0.000
   392         22  gamma               91   283     0     0     0     0     0     -0.148     -0.280     -0.667      0.738      0.000
   393         22  gamma               91   283     0     0     0     0     0     -0.105     -0.537     -0.983      1.125      0.000
   394         22  gamma               91   285     0     0     0     0     0     -0.598     -0.887     -2.576      2.790      0.000
   395         22  gamma               91   285     0     0     0     0     0     -0.018     -0.090     -0.265      0.280      0.000
   396         22  gamma               91   291     0     0     0     0     0     -0.031     -0.311   -109.276    109.277      0.000
   397         11  e-                  91   291     0     0     0     0     0     -0.022     -0.016    -17.800     17.800      0.001
   398        -11  e+                  91   291     0     0     0     0     0     -0.020     -0.011    -14.575     14.575      0.001
   399         22  gamma               91   293     0     0     0     0     0     -0.055      0.045    -58.539     58.539      0.000
   400         22  gamma               91   293     0     0     0     0     0     -0.117      0.163   -475.300    475.300      0.000
   401         22  gamma               91   295     0     0     0     0     0      0.097      0.387     28.062     28.064      0.000
   402         22  gamma               91   295     0     0     0     0     0     -0.010      0.040      7.129      7.129      0.000
   403        111  (pi0)              -91   307     0   439   440     0     0     -1.081      2.478      0.998      2.885      0.135
   404        111  (pi0)              -91   307     0   441   442     0     0     -0.340      0.452      0.313      0.660      0.135
   405         22  gamma               91   310     0     0     0     0     0      0.204      0.375      3.053      3.083      0.000
   406         22  gamma               91   310     0     0     0     0     0      0.637      1.127     11.117     11.192      0.000
   407         22  gamma               91   317     0     0     0     0     0      0.009      0.016      0.292      0.293      0.000
   408         22  gamma               91   317     0     0     0     0     0      1.348      2.409     24.128     24.285      0.000
   409         22  gamma               91   326     0     0     0     0     0     -0.028     -0.027      1.500      1.500      0.000
   410         22  gamma               91   326     0     0     0     0     0     -0.149     -0.316      4.711      4.724      0.000
   411         22  gamma               91   329     0     0     0     0     0      0.009     -0.007      0.000      0.011      0.000
   412         22  gamma               91   329     0     0     0     0     0     -0.124     -0.064     -0.733      0.746      0.000
   413         22  gamma               91   330     0     0     0     0     0     -0.026     -0.099     -0.615      0.623      0.000
   414         22  gamma               91   330     0     0     0     0     0     -0.089     -0.055     -1.766      1.769      0.000
   415         22  gamma               91   331     0     0     0     0     0      0.027      0.009     -0.332      0.333      0.000
   416         22  gamma               91   331     0     0     0     0     0     -0.168      0.020     -1.800      1.808      0.000
   417         22  gamma               91   342     0     0     0     0     0      0.010     -0.001     -0.010      0.014      0.000
   418         22  gamma               91   342     0     0     0     0     0     -0.118      0.425      0.108      0.454      0.000
   419        413  (D*+)              -91   343     0   443   444     0     0     13.959    -20.977     -0.033     25.277      2.010
   420       -211  pi-                 91   343     0     0     0     0     0      7.805    -10.441     -0.408     13.043      0.140
   421       -211  pi-                 91   343     0     0     0     0     0      7.558    -14.058     -0.375     15.966      0.140
   422        111  (pi0)              -91   343     0   445   446     0     0      8.162    -14.194      0.420     16.379      0.135
   423         22  gamma               91   353     0     0     0     0     0     -0.479     -1.070     -1.686      2.054      0.000
   424         22  gamma               91   353     0     0     0     0     0     -0.246     -0.469     -0.919      1.061      0.000
   425         22  gamma               91   356     0     0     0     0     0     -0.118      0.258     -3.341      3.353      0.000
   426         22  gamma               91   356     0     0     0     0     0     -0.014     -0.011     -0.594      0.594      0.000
   427         22  gamma               91   357     0     0     0     0     0      0.028      0.130     -5.338      5.340      0.000
   428         22  gamma               91   357     0     0     0     0     0     -0.060      0.053     -7.166      7.166      0.000
   429         22  gamma               91   358     0     0     0     0     0      0.004      0.259    -25.308     25.309      0.000
   430         22  gamma               91   358     0     0     0     0     0      0.070      0.065    -13.063     13.064      0.000
   431         22  gamma               91   359     0     0     0     0     0     -0.046     -0.042     -7.822      7.822      0.000
   432         22  gamma               91   359     0     0     0     0     0      0.012      0.081     -9.252      9.253      0.000
   433         22  gamma               91   362     0     0     0     0     0     -0.083      0.036    -92.244     92.244      0.000
   434         22  gamma               91   362     0     0     0     0     0     -0.048     -0.095   -119.639    119.639      0.000
   435         22  gamma               91   365     0     0     0     0     0     -0.298     -0.173    424.469    424.469      0.000
   436         22  gamma               91   365     0     0     0     0     0     -0.026     -0.065     48.499     48.499      0.000
   437      20433  (D*_1s+)           -91   368     0   447   448     0     0    -30.870     28.573   -396.466    398.699      2.441
   438       -421  (Dbar0)            -91   368     0   449   451     0     0     -9.355      9.394   -114.996    115.773      1.865
   439         22  gamma               91   403     0     0     0     0     0     -0.630      1.574      0.668      1.823      0.000
   440         22  gamma               91   403     0     0     0     0     0     -0.451      0.904      0.330      1.063      0.000
   441         22  gamma               91   404     0     0     0     0     0     -0.251      0.366      0.300      0.536      0.000
   442         22  gamma               91   404     0     0     0     0     0     -0.089      0.086      0.013      0.124      0.000
   443        421  (D0)               -91   419     0   452   453     0     0     12.987    -19.565     -0.003     23.557      1.865
   444        211  pi+                 91   419     0     0     0     0     0      0.972     -1.412     -0.030      1.721      0.140
   445         22  gamma               91   422     0     0     0     0     0      1.362     -2.457      0.098      2.811      0.000
   446         22  gamma               91   422     0     0     0     0     0      6.800    -11.737      0.323     13.569      0.000
   447        433  (D*_s+)            -91   437     0   454   455     0     0    -26.109     24.399   -338.863    340.748      2.112
   448        111  (pi0)              -91   437     0   456   457     0     0     -4.761      4.174    -57.604     57.951      0.135
   449        321  K+                  91   438     0     0     0     0     0     -5.531      5.546    -69.076     69.521      0.494
   450       -211  pi-                 91   438     0     0     0     0     0     -0.608      0.309     -3.987      4.047      0.140
   451        111  (pi0)              -91   438     0   458   459     0     0     -3.216      3.538    -41.933     42.205      0.135
   452        311  (K0)               -91   443     0   460   460     0     0      5.614     -9.098      0.769     10.730      0.498
   453        111  (pi0)              -91   443     0   461   462     0     0      7.373    -10.467     -0.772     12.827      0.135
   454        431  (D_s+)             -91   447     0   463   464     0     0    -26.066     24.358   -337.919    339.803      1.968
   455         22  gamma               91   447     0     0     0     0     0     -0.043      0.041     -0.943      0.945      0.000
   456         22  gamma               91   448     0     0     0     0     0     -0.904      0.760    -10.324     10.391      0.000
   457         22  gamma               91   448     0     0     0     0     0     -3.858      3.414    -47.280     47.560      0.000
   458         22  gamma               91   451     0     0     0     0     0     -1.565      1.636    -20.158     20.285      0.000
   459         22  gamma               91   451     0     0     0     0     0     -1.652      1.902    -21.775     21.920      0.000
   460        310  K_S0                91   452   452     0     0     0     0      5.614     -9.098      0.769     10.730      0.498
   461         22  gamma               91   453     0     0     0     0     0      3.355     -4.805     -0.291      5.868      0.000
   462         22  gamma               91   453     0     0     0     0     0      4.018     -5.662     -0.482      6.960      0.000
   463        221  (eta)              -91   454     0   465   467     0     0    -12.123     11.700   -151.537    152.472      0.548
   464        211  pi+                 91   454     0     0     0     0     0    -13.943     12.658   -186.382    187.331      0.140
   465        211  pi+                 91   463     0     0     0     0     0     -2.967      2.947    -38.578     38.804      0.140
   466       -211  pi-                 91   463     0     0     0     0     0     -6.038      5.682    -73.592     74.058      0.140
   467        111  (pi0)              -91   463     0   468   469     0     0     -3.119      3.072    -39.367     39.610      0.135
   468         22  gamma               91   467     0     0     0     0     0     -2.603      2.599    -33.450     33.652      0.000
   469         22  gamma               91   467     0     0     0     0     0     -0.516      0.473     -5.917      5.958      0.000
                                   Charge sum:  2.000           Momentum sum:      0.000     -0.000     -0.000  13000.000  13000.000

 --------  End PYTHIA Event Listing  -----------------------------------------------------------------------------------------------
#--------------------------------------------------------------------------
#                     FastJet release 3.4.0 [fjcore]
#                 M. Cacciari, G.P. Salam and G. Soyez                  
#     A software package for jet finding and analysis at colliders      
#                           http://fastjet.fr                           
#	                                                                      
# Please cite EPJC72(2012)1896 [arXiv:1111.6097] if you use this package
# for scientific work and optionally PLB641(2006)57 [hep-ph/0512210].   
#                                                                       
# FastJet is provided without warranty under the GNU GPL v2 or higher.  
# It uses T. Chan's closest pair algorithm, S. Fortune's Voronoi code
# and 3rd party plugin jet algorithms. See COPYING file for details.
#--------------------------------------------------------------------------
 PYTHIA Warning in SimpleSpaceShower::pT2nextQCD: weight above unity  
 PYTHIA Warning in SimpleSpaceShower::pT2nextQCD: small daughter PDF  
 PYTHIA Warning in StringFragmentation::fragmentToJunction: bad convergence junction rest frame  
 PYTHIA Warning in Pythia::check: not quite matched particle energy/momentum/mass  
 PYTHIA Warning in Pythia::check: energy-momentum not quite conserved  
 PYTHIA Error in StringFragmentation::fragment: stuck in joining  
 PYTHIA Error in Pythia::next: hadronLevel failed; try again  

 Pythia::next(): 1000 events have been generated 
 PYTHIA Error in Pythia::check: unmatched particle energy/momentum/mass  
 PYTHIA Error in Pythia::next: check of event revealed problems  

 Pythia::next(): 2000 events have been generated 

 Pythia::next(): 3000 events have been generated 

 Pythia::next(): 4000 events have been generated 
 PYTHIA Error in SimpleSpaceShower::pT2nearThreshold: stuck in loop  

 Pythia::next(): 5000 events have been generated 
 PYTHIA Warning in ColConfig::collect: negative-energy parton encountered  

 Pythia::next(): 6000 events have been generated 
 PYTHIA Error in BeamRemnants::setKinematics: kinematics construction failed  

 Pythia::next(): 7000 events have been generated 

 Pythia::next(): 8000 events have been generated 

 Pythia::next(): 9000 events have been generated 

 *-------  PYTHIA Event and Cross Section Statistics  -------------------------------------------------------------*
 |                                                                                                                 |
 | Subprocess                                    Code |            Number of events       |      sigma +- delta    |
 |                                                    |       Tried   Selected   Accepted |     (estimated) (mb)   |
 |                                                    |                                   |                        |
 |-----------------------------------------------------------------------------------------------------------------|
 |                                                    |                                   |                        |
 | Les Houches User Process(es)                  9999 |       10000      10000      10000 |   8.284e-08  0.000e+00 |
 |    ... whereof user classification code     322200 |       10000      10000      10000 |                        | 
 |                                                    |                                   |                        |
 | sum                                                |       10000      10000      10000 |   8.284e-08  0.000e+00 |
 |                                                                                                                 |
 *-------  End PYTHIA Event and Cross Section Statistics ----------------------------------------------------------*

 *-------  PYTHIA Error and Warning Messages Statistics  ----------------------------------------------------------* 
 |                                                                                                                 | 
 |  times   message                                                                                                | 
 |                                                                                                                 | 
 |      4   Error in BeamRemnants::setKinematics: kinematics construction failed                                   | 
 |     19   Error in Pythia::check: unmatched particle energy/momentum/mass                                        | 
 |      2   Error in Pythia::next: check of event revealed problems                                                | 
 |      4   Error in Pythia::next: hadronLevel failed; try again                                                   | 
 |     15   Error in SimpleSpaceShower::pT2nearThreshold: stuck in loop                                            | 
 |      4   Error in StringFragmentation::fragment: stuck in joining                                               | 
 |      4   Warning in ColConfig::collect: negative-energy parton encountered                                      | 
 |      3   Warning in Pythia::check: energy-momentum not quite conserved                                          | 
 |      4   Warning in Pythia::check: not quite matched particle energy/momentum/mass                              | 
 |   1511   Warning in SimpleSpaceShower::pT2nextQCD: small daughter PDF                                           | 
 |   4488   Warning in SimpleSpaceShower::pT2nextQCD: weight above unity                                           | 
 |     34   Warning in StringFragmentation::fragmentToJunction: bad convergence junction rest frame                | 
 |      2   Warning in TimeShower::init: pTmin too low                                                             | 
 |                                                                                                                 | 
 *-------  End PYTHIA Error and Warning Messages Statistics  ------------------------------------------------------* 
Using LHE File: /nfs/dust/cms/user/amoroso/powheg/POWHEG-BOX-V2/ttJ_MiNNLOPS_v1.0_beta1/decay-ll/pwgevents-0586.lhe
less then 10000 events in LHE, using all LHE events
np.shape(P0) = (10000, 3, 9)
np.shape(nJets) = (10000, 2)
np.shape(jets_4vectors) = (10000, 20, 6)
