Configured CUDA from: /cvmfs/sft.cern.ch/lcg/releases/cuda/12.4-4899e/x86_64-el9-gcc11-opt

 *------------------------------------------------------------------------------------* 
 |                                                                                    | 
 |  *------------------------------------------------------------------------------*  | 
 |  |                                                                              |  | 
 |  |                                                                              |  | 
 |  |   PPP   Y   Y  TTTTT  H   H  III    A      Welcome to the Lund Monte Carlo!  |  | 
 |  |   P  P   Y Y     T    H   H   I    A A     This is PYTHIA version 8.309      |  | 
 |  |   PPP     Y      T    HHHHH   I   AAAAA    Last date of change: 16 Feb 2023  |  | 
 |  |   P       Y      T    H   H   I   A   A                                      |  | 
 |  |   P       Y      T    H   H  III  A   A    Now is 03 Sep 2024 at 19:05:19    |  | 
 |  |                                                                              |  | 
 |  |   Program documentation and an archive of historic versions is found on:     |  | 
 |  |                                                                              |  | 
 |  |                               https://pythia.org/                            |  | 
 |  |                                                                              |  | 
 |  |   PYTHIA is authored by a collaboration consisting of:                       |  | 
 |  |                                                                              |  | 
 |  |   Christian Bierlich, Nishita Desai, Leif Gellersen, Ilkka Helenius, Philip  |  | 
 |  |   Ilten, Leif Lonnblad, Stephen Mrenna, Stefan Prestel, Christian Preuss,    |  | 
 |  |   Torbjorn Sjostrand, Peter Skands, Marius Utheim and Rob Verheyen.          |  | 
 |  |                                                                              |  | 
 |  |   The complete list of authors, including contact information and            |  | 
 |  |   affiliations, can be found on https://pythia.org/.                         |  | 
 |  |   Problems or bugs should be reported on email at authors@pythia.org.        |  | 
 |  |                                                                              |  | 
 |  |   The main program reference is C. Bierlich et al,                           |  | 
 |  |   'A comprehensive guide to the physics and usage of Pythia 8.3',            |  | 
 |  |   SciPost Phys. Codebases 8-r8.3 (2022) [arXiv:2203.11601 [hep-ph]]          |  | 
 |  |                                                                              |  | 
 |  |   PYTHIA is released under the GNU General Public Licence version 2 or later.|  | 
 |  |   Please respect the MCnet Guidelines for Event Generator Authors and Users. |  | 
 |  |                                                                              |  | 
 |  |   Disclaimer: this program comes without any guarantees.                     |  | 
 |  |   Beware of errors and use common sense when interpreting results.           |  | 
 |  |                                                                              |  | 
 |  |   Copyright (C) 2023 Torbjorn Sjostrand                                      |  | 
 |  |                                                                              |  | 
 |  |                                                                              |  | 
 |  *------------------------------------------------------------------------------*  | 
 |                                                                                    | 
 *------------------------------------------------------------------------------------* 


 *-------  PYTHIA Process Initialization  --------------------------*
 |                                                                  |
 | We collide p+ with p+ at a CM energy of 1.300e+04 GeV            |
 |                                                                  |
 |------------------------------------------------------------------|
 |                                                    |             |
 | Subprocess                                    Code |   Estimated |
 |                                                    |    max (mb) |
 |                                                    |             |
 |------------------------------------------------------------------|
 |                                                    |             |
 | Les Houches User Process(es)                  9999 |   1.000e-09 |
 |                                                                  |
 *-------  End PYTHIA Process Initialization -----------------------*
 PYTHIA Warning in TimeShower::init: pTmin too low , raised to 0.611

 *-------  PYTHIA Multiparton Interactions Initialization  ---------* 
 |                                                                  | 
 |                   sigmaNonDiffractive =    55.51 mb              | 
 |                                                                  | 
 |    pT0 =  1.44 gives sigmaInteraction =   399.56 mb: accepted    | 
 |                                                                  | 
 *-------  End PYTHIA Multiparton Interactions Initialization  -----* 

 *-------  PYTHIA Flag + Mode + Parm + Word + FVec + MVec + PVec + WVec Settings (changes only)  ------------------* 
 |                                                                                                                 | 
 | Name                                          |                      Now |      Default         Min         Max | 
 |                                               |                          |                                      | 
 | Beams:frameType                               |                        4 |            1           1           5 | 
 | Beams:LHEF                                    | /nfs/dust/cms/user/amoroso/powheg/POWHEG-BOX-V2/ttJ_MiNNLOPS_v1.0_beta1/decay-ll/pwgevents-0519.lhe |         void | 
 | ColourReconnection:range                      |                  5.17600 |      1.80000         0.0    10.00000 | 
 | Main:timesAllowErrors                         |                      500 |           10           0             | 
 | MultipartonInteractions:alphaSorder           |                        2 |            1           0           3 | 
 | MultipartonInteractions:alphaSvalue           |                  0.11800 |      0.13000   0.0600000     0.25000 | 
 | MultipartonInteractions:bProfile              |                        2 |            3           0           4 | 
 | MultipartonInteractions:coreFraction          |                  0.63000 |      0.50000         0.0     1.00000 | 
 | MultipartonInteractions:coreRadius            |                  0.76340 |      0.40000     0.10000     1.00000 | 
 | MultipartonInteractions:ecmPow                |                0.0334400 |      0.21500         0.0     0.50000 | 
 | MultipartonInteractions:pT0Ref                |                  1.41000 |      2.28000     0.50000    10.00000 | 
 | ParticleDecays:limitTau                       |                       on |          off                         | 
 | PartonLevel:FSR                               |                      off |           on                         | 
 | PDF:pSet                                      |                       20 |           13                         | 
 | Random:seed                                   |                      519 |           -1               900000000 | 
 | Random:setSeed                                |                       on |          off                         | 
 | SigmaProcess:alphaSorder                      |                        2 |            1           0           3 | 
 | SigmaProcess:alphaSvalue                      |                  0.11800 |      0.13000   0.0600000     0.25000 | 
 | SigmaTotal:mode                               |                        0 |            1           0           4 | 
 | SigmaTotal:sigmaEl                            |                 21.89000 |     25.00000         0.0             | 
 | SigmaTotal:sigmaTot                           |                100.30900 |    100.00000         0.0             | 
 | SigmaTotal:zeroAXB                            |                      off |           on                         | 
 | SpaceShower:alphaSorder                       |                        2 |            1           0           3 | 
 | SpaceShower:alphaSvalue                       |                  0.11800 |      0.13650   0.0600000     0.25000 | 
 | SpaceShower:dipoleRecoil                      |                       on |          off                         | 
 | SpaceShower:pTmaxMatch                        |                        1 |            0           0           2 | 
 | TimeShower:alphaSorder                        |                        2 |            1           0           3 | 
 | TimeShower:alphaSvalue                        |                  0.11800 |      0.13650   0.0600000     0.25000 | 
 |                                                                                                                 | 
 *-------  End PYTHIA Flag + Mode + Parm + Word + FVec + MVec + PVec + WVec Settings  -----------------------------* 

 --------  PYTHIA Particle Data Table (changed only)  ------------------------------------------------------------------------------
 
      id   name            antiName         spn chg col      m0        mWidth      mMin       mMax       tau0    res dec ext vis wid
             no onMode   bRatio   meMode     products 

       6  t                tbar               2   2   1  173.00000    1.36916   86.00000    0.00000  1.44122e-13   1   1   0   1   0
              0     1   0.0000664    0       24        1 
              1     1   0.0017361    0       24        3 
              2     1   0.9981975    0       24        5 
              3     1   0.0000000    0       37        5 

 --------  End PYTHIA Particle Data Table  -----------------------------------------------------------------------------------------


 --------  LHA event information and listing  ---------------------------------------------------------------------- 

    process =   322200    weight =   1.0325e+02     scale =   5.5380e+01 (GeV) 
                        alpha_em =  -1.0000e+00    alpha_strong =   1.3659e-01

    Participating Particles 
    no        id stat     mothers     colours      p_x        p_y        p_z         e          m        tau    spin 
     1        21   -1     0     0   511   515      0.000      0.000    386.060    386.060      0.000   0.000   9.000
     2        21   -1     0     0   513   514      0.000      0.000   -383.494    383.494      0.000   0.000   9.000
     3         6    2     1     2   511     0      5.181     14.605     90.431    193.450    170.308   0.000   9.000
     4        -6    2     1     2     0   514    123.704   -131.944   -223.074    337.636    177.549   0.000   9.000
     5        21    1     1     2   513   512    -73.584    120.287     99.307    172.468      0.000   0.000   9.000
     6        21    1     1     2   512   515    -55.302     -2.948     35.903     66.000      0.000   0.000   9.000
     7         5    1     3     3   511     0    -56.947      2.593     81.062     99.222      4.920   0.000  -1.000
     8        24    2     3     3     0     0     62.128     12.011      9.368     94.228     69.188   0.000   9.000
     9        -5    1     4     4     0   514    117.661    -68.558    -68.613    152.565      4.920   0.000   1.000
    10       -24    2     4     4     0     0      6.044    -63.386   -154.462    185.071     79.615   0.000   9.000
    11       -11    1     8     8     0     0     26.480    -12.593    -25.315     38.738      0.001   0.000   1.000
    12        12    1     8     8     0     0     35.648     24.605     34.684     55.490      0.000   0.000  -1.000
    13        15    1    10    10     0     0     35.627    -38.821    -45.908     69.908      1.777   0.000  -1.000
    14       -16    1    10    10     0     0    -29.584    -24.565   -108.554    115.163      0.000   0.000   1.000

 --------  End LHA event information and listing  ------------------------------------------------------------------ 

 --------  PYTHIA Info Listing  ---------------------------------------- 
 
 Beam A: id =   2212, pz =  6.500e+03, e =  6.500e+03, m =  9.383e-01.
 Beam B: id =   2212, pz = -6.500e+03, e =  6.500e+03, m =  9.383e-01.

 In 1: id =   21, x =  5.939e-02, pdf =  0.000e+00 at Q2 =  3.067e+03.
 In 2: id =   21, x =  5.900e-02, pdf =  0.000e+00 at same Q2.

 Process Les Houches User Process(es) with code 9999 is 2 -> 4.
 Subprocess user process 322200 with code 322200 is 2 -> 4.
     alphaEM =  7.774e-03,  alphaS =  1.366e-01    at Q2 =  3.067e+03.

 Impact parameter b =  1.209e+00 gives enhancement factor =  2.391e-01.
 Max pT scale for MPI =  1.300e+04, ISR =  5.538e+01, FSR =  5.538e+01.
 Number of MPI =     4, ISR =     6, FSRproc =     0, FSRreson =     0.

 --------  End PYTHIA Info Listing  ------------------------------------

 --------  PYTHIA Event Listing  (hard process)  -----------------------------------------------------------------------------------
 
    no         id  name            status     mothers   daughters     colours      p_x        p_y        p_z         e          m 
     0         90  (system)           -11     0     0     0     0     0     0      0.000      0.000      0.000  13000.000  13000.000
     1       2212  (p+)               -12     0     0     3     0     0     0      0.000      0.000   6500.000   6500.000      0.938
     2       2212  (p+)               -12     0     0     4     0     0     0      0.000      0.000  -6500.000   6500.000      0.938
     3         21  (g)                -21     1     0     5     8   511   515      0.000      0.000    386.060    386.060      0.000
     4         21  (g)                -21     2     0     5     8   513   514      0.000      0.000   -383.494    383.494      0.000
     5          6  (t)                -22     3     4     9    10   511     0      5.181     14.605     90.431    193.450    170.308
     6         -6  (tbar)             -22     3     4    11    12     0   514    123.704   -131.944   -223.074    337.636    177.549
     7         21  g                   23     3     4     0     0   513   512    -73.584    120.287     99.307    172.468      0.000
     8         21  g                   23     3     4     0     0   512   515    -55.302     -2.948     35.903     66.000      0.000
     9          5  b                   23     5     0     0     0   511     0    -56.947      2.593     81.062     99.222      4.920
    10         24  (W+)               -22     5     0    13    14     0     0     62.128     12.011      9.368     94.228     69.188
    11         -5  bbar                23     6     0     0     0     0   514    117.661    -68.558    -68.613    152.565      4.920
    12        -24  (W-)               -22     6     0    15    16     0     0      6.044    -63.386   -154.462    185.071     79.615
    13        -11  e+                  23    10     0     0     0     0     0     26.480    -12.593    -25.315     38.738      0.001
    14         12  nu_e                23    10     0     0     0     0     0     35.648     24.605     34.684     55.490      0.000
    15         15  tau-                23    12     0     0     0     0     0     35.627    -38.821    -45.908     69.908      1.777
    16        -16  nu_taubar           23    12     0     0     0     0     0    -29.584    -24.565   -108.554    115.163      0.000
                                   Charge sum:  0.000           Momentum sum:      0.000     -0.000      2.566    769.554    769.550

 --------  End PYTHIA Event Listing  -----------------------------------------------------------------------------------------------

 --------  PYTHIA Event Listing  (complete event)  ---------------------------------------------------------------------------------
 
    no         id  name            status     mothers   daughters     colours      p_x        p_y        p_z         e          m 
     0         90  (system)           -11     0     0     0     0     0     0      0.000      0.000      0.000  13000.000  13000.000
     1       2212  (p+)               -12     0     0    61     0     0     0      0.000      0.000   6500.000   6500.000      0.938
     2       2212  (p+)               -12     0     0    62     0     0     0      0.000      0.000  -6500.000   6500.000      0.938
     3         21  (g)                -21     9     0     5     8   511   515      0.000      0.000    386.060    386.060      0.000
     4         21  (g)                -21    10    10     5     8   513   514      0.000      0.000   -383.494    383.494      0.000
     5          6  (t)                -22     3     4    11    11   511     0      5.181     14.605     90.431    193.450    170.308
     6         -6  (tbar)             -22     3     4    12    12     0   514    123.704   -131.944   -223.074    337.636    177.549
     7         21  (g)                -23     3     4    13    13   513   512    -73.584    120.287     99.307    172.468      0.000
     8         21  (g)                -23     3     4    14    14   512   515    -55.302     -2.948     35.903     66.000      0.000
     9         21  (g)                -41    20     0    15     3   511   516      0.000      0.000    400.517    400.517      0.000
    10         21  (g)                -42    21    21     4     4   513   514      0.000      0.000   -383.494    383.494      0.000
    11          6  (t)                -44     5     5    22    22   511     0      5.181     14.605     90.431    193.450    170.308
    12         -6  (tbar)             -44     6     6    23    23     0   514    123.704   -131.944   -223.074    337.636    177.549
    13         21  (g)                -44     7     7    24    24   513   512    -73.584    120.287     99.307    172.468      0.000
    14         21  (g)                -44     8     8    25    25   512   515    -46.499      3.970     25.473     53.168      0.000
    15         21  (g)                -43     9     0    26    26   515   516     -8.803     -6.918     24.887     27.289      0.000
    16         21  (g)                -31    37    37    18    19   518   517      0.000      0.000     58.749     58.749      0.000
    17         21  (g)                -31    38     0    18    19   517   519      0.000      0.000    -24.139     24.139      0.000
    18         21  (g)                -33    16    17    39    39   520   519     -5.880     -0.476    -23.627     24.353      0.000
    19         21  (g)                -33    16    17    40    40   518   520      5.880      0.476     58.237     58.535      0.000
    20         21  (g)                -41    28    28    27     9   521   516     -0.000     -0.000    638.173    638.173      0.000
    21         21  (g)                -42    29     0    10    10   513   514      0.000      0.000   -383.494    383.494      0.000
    22          6  (t)                -44    11    11    30    30   511     0      5.181     14.605     90.431    193.450    170.308
    23         -6  (tbar)             -44    12    12    31    31     0   514    123.704   -131.944   -223.074    337.636    177.549
    24         21  (g)                -44    13    13    32    32   513   512    -73.584    120.287     99.307    172.468      0.000
    25         21  (g)                -44    14    14    33    33   512   515    -46.499      3.970     25.473     53.168      0.000
    26         21  (g)                -44    15    15    34    34   515   516    -13.980     -6.216     48.879     51.218      0.000
    27         21  (g)                -43    20     0    35    35   521   511      5.177     -0.702    213.663    213.727      0.000
    28         21  (g)                -42    61    61    20    20   521   516     -0.000     -0.000    638.173    638.173      0.000
    29         21  (g)                -41    62    62    36    21   522   514     -0.000     -0.000   -610.535    610.535      0.000
    30          6  (t)                -44    22    22    63    63   511     0      5.181     14.605     90.431    193.450    170.308
    31         -6  (tbar)             -44    23    23    64    64     0   514    123.704   -131.944   -223.074    337.636    177.549
    32         21  (g)                -44    24    24    65    65   513   512    -74.047    116.600    100.769    170.976      0.000
    33         21  (g)                -44    25    25    66    66   512   515    -46.499      3.970     25.473     53.168      0.000
    34         21  (g)                -44    26    26    67    67   515   516    -13.980     -6.216     48.879     51.218      0.000
    35         21  (g)                -44    27    27    68    68   521   511      5.177     -0.702    213.663    213.727      0.000
    36         21  (g)                -43    29     0    69    69   522   513      0.463      3.687   -228.503    228.533      0.000
    37         21  (g)                -42    70    70    16    16   518   517     -0.000     -0.000     58.749     58.749      0.000
    38         21  (g)                -41    71    71    41    17   517   523      0.000      0.000    -71.005     71.005      0.000
    39         21  (g)                -44    18    18    72    72   520   519     -7.997     -1.893    -23.330     24.735      0.000
    40         21  (g)                -44    19    19    73    73   518   520      5.867      0.467     57.862     58.160      0.000
    41         21  (g)                -43    38     0    74    74   519   523      2.130      1.426    -46.789     46.859      0.000
    42         21  (g)                -31    46    46    44    45   524   525      0.000      0.000    326.559    326.559      0.000
    43         21  (g)                -31    47     0    44    45   526   527      0.000      0.000   -690.657    690.657      0.000
    44         21  (g)                -33    42    43    48    48   524   527     -0.890     -0.584   -690.656    690.656      0.000
    45         21  (g)                -33    42    43    49    49   526   525      0.890      0.584    326.558    326.560      0.000
    46         21  (g)                -42    55     0    42    42   524   525      0.000      0.000    326.559    326.559      0.000
    47         21  (g)                -41    56    56    50    43   526   528      0.000      0.000   -690.680    690.680      0.000
    48         21  (g)                -44    44    44    57    57   524   527     -0.890     -0.584   -690.656    690.656      0.000
    49         21  (g)                -44    45    45    58    58   526   525      0.214      0.974    320.058    320.059      0.000
    50         21  (g)                -43    47     0    59    59   527   528      0.676     -0.390      6.477      6.524      0.000
    51         21  (g)                -31    81    81    53    54   529   530      0.000      0.000    131.569    131.569      0.000
    52         -1  (dbar)             -31    82    82    53    54     0   529      0.000      0.000     -0.015      0.015      0.000
    53         21  (g)                -33    51    52    83    83   531   530      0.471      0.284    124.201    124.202      0.000
    54         -1  (dbar)             -33    51    52    84    84     0   531     -0.471     -0.284      7.354      7.381      0.330
    55         21  (g)                -41    75    75    60    46   532   525      0.000      0.000    326.560    326.560      0.000
    56         21  (g)                -42    76    76    47    47   526   528      0.000      0.000   -690.680    690.680      0.000
    57         21  (g)                -44    48    48    77    77   524   527     -1.244     -0.496   -606.435    606.436      0.000
    58         21  (g)                -44    49    49    78    78   526   525      0.214      0.974    320.058    320.059      0.000
    59         21  (g)                -44    50    50    79    79   527   528      0.676     -0.390      6.477      6.524      0.000
    60         21  (g)                -43    55     0    80    80   532   524      0.354     -0.088    -84.220     84.221      0.000
    61         21  (g)                -61     1     0    28    28   521   516      1.767      0.726    638.172    638.175      0.000
    62         21  (g)                -61     2     0    29    29   522   514      0.111     -0.691   -610.534    610.534      0.000
    63          6  (t)                -62    30    30    90    91   511     0      5.584     14.708     90.407    193.458    170.308
    64         -6  (tbar)             -62    31    31    92    93     0   514    123.914   -132.196   -223.084    337.818    177.549
    65         21  (g)                -62    32    32   140   140   513   512    -73.664    116.715    100.732    170.868      0.000
    66         21  (g)                -62    33    33   151   151   512   515    -46.388      3.999     25.528     53.099      0.000
    67         21  (g)                -62    34    34   150   150   515   516    -13.841     -6.161     48.904     51.197      0.000
    68         21  (g)                -62    35    35    99    99   521   511      5.769     -0.458    213.657    213.736      0.000
    69         21  (g)                -62    36    36   141   141   522   513      0.504      3.428   -228.507    228.533      0.000
    70         21  (g)                -61     1     0    37    37   516   517      1.595     -2.033     58.723     58.780      0.000
    71         21  (g)                -61     2     0    38    38   517   522     -0.585      0.578    -70.981     70.986      0.000
    72         21  (g)                -62    39    39   145   145   520   519     -8.175     -1.723    -23.221     24.678      0.000
    73         21  (g)                -62    40    40   146   146   518   520      7.440     -1.539     57.743     58.241      0.000
    74         21  (g)                -62    41    41   144   144   519   532      1.745      1.806    -46.780     46.848      0.000
    75         21  (g)                -61     1     0    55    55   528   528      0.376     -1.266    326.559    326.562      0.000
    76         21  (g)                -61     2     0    56    56   525   525      0.037     -0.832   -690.680    690.681      0.000
    77         21  (g)                -62    57    57   142   142   524   522     -1.212     -1.226   -606.435    606.437      0.000
    78         21  (g)                -62    58    58   149   149   516   531      0.583     -0.267    320.058    320.059      0.000
    79         21  (g)                -62    59    59   147   147   527   518      0.683     -0.415      6.476      6.525      0.000
    80         21  (g)                -62    60    60   143   143   532   524      0.359     -0.190    -84.221     84.222      0.000
    81         21  (g)                -61     1     0    51    51   529   521     -1.488      0.403    150.721    150.729      0.000
    82         -1  (dbar)             -61     2     0    52    52     0   529      0.019      0.124      0.296      0.321      0.000
    83         21  (g)                -62    53    53   148   148   531   527     -0.950      0.675    144.074    144.078      0.000
    84         -1  (dbar)             -62    54    54   100   100     0   521     -0.519     -0.147      6.943      6.972      0.330
    85       2203  (uu_1)             -63     1     0   225   225     0   529     -1.513      1.092   5311.597   5311.598      0.771
    86          1  (d)                -63     1     0   121   121   517     0     -0.738      1.078     13.847     13.912      0.330
    87          2  (u)                -63     2     0   224   224   529     0      0.483      0.157  -1534.585   1534.585      0.330
    88       2101  (ud_0)             -63     2     0   122   122     0   517     -0.386      0.447  -3395.527   3395.527      0.579
    89          1  (d)                -63     2     0   112   112   514     0      0.322      0.217   -197.608    197.609      0.330
    90          5  (b)                -23    63     0    98    98   511     0    -56.740      2.646     81.050     99.095      4.920
    91         24  (W+)               -22    63     0    94    95     0     0     62.324     12.062      9.357     94.362     69.188
    92         -5  (bbar)             -23    64     0   113   113     0   514    117.755    -68.672    -68.617    152.691      4.920
    93        -24  (W-)               -22    64     0    96    97     0     0      6.159    -63.524   -154.467    185.127     79.615
    94        -11  e+                  23    91     0     0     0     0     0     26.560    -12.573    -25.320     38.789      0.001
    95         12  nu_e                23    91     0     0     0     0     0     35.764     24.634     34.677     55.573      0.000
    96         15  (tau-)             -23    93     0   340   342     0     0     35.671    -38.873    -45.910     69.960      1.777
    97        -16  nu_taubar           23    93     0     0     0     0     0    -29.512    -24.651   -108.557    115.166      0.000
    98          5  (b)                -71    90    90   101   111   511     0    -56.740      2.646     81.050     99.095      4.920
    99         21  (g)                -71    68    68   101   111   521   511      5.769     -0.458    213.657    213.736      0.000
   100         -1  (dbar)             -71    84    84   101   111     0   521     -0.519     -0.147      6.943      6.972      0.330
   101       -511  (Bbar0)            -83    98   100   343   346     0     0    -53.897      2.314     77.407     94.498      5.280
   102       -213  (rho-)             -83    98   100   251   252     0     0     -1.769      0.424      3.063      3.642      0.759
   103        111  (pi0)              -83    98   100   347   348     0     0     -1.115     -0.658      3.354      3.598      0.135
   104        211  pi+                 83    98   100     0     0     0     0      0.189      0.401      0.972      1.078      0.140
   105       -213  (rho-)             -83    98   100   253   254     0     0      0.655      0.305     24.481     24.505      0.818
   106        323  (K*+)              -83    98   100   255   256     0     0      0.701      0.325     34.575     34.595      0.895
   107       -323  (K*-)              -84    98   100   257   258     0     0      2.570     -0.993     99.239     99.282      0.939
   108        111  (pi0)              -84    98   100   349   350     0     0      0.581     -0.111     15.128     15.141      0.135
   109        211  pi+                 84    98   100     0     0     0     0      0.007      0.201     14.055     14.057      0.140
   110        311  (K0)               -84    98   100   259   259     0     0      0.415     -0.026      8.936      8.960      0.498
   111       -311  (Kbar0)            -84    98   100   260   260     0     0      0.172     -0.140     20.439     20.447      0.498
   112          1  (d)                -71    89    89   114   120   514     0      0.322      0.217   -197.608    197.609      0.330
   113         -5  (bbar)             -71    92    92   114   120     0   514    117.755    -68.672    -68.617    152.691      4.920
   114        111  (pi0)              -83   112   113   351   352     0     0     -0.316     -0.165    -28.457     28.460      0.135
   115       2114  (Delta0)           -83   112   113   261   262     0     0      0.776      0.206   -128.877    128.886      1.289
   116      -2214  (Deltabar-)        -83   112   113   263   264     0     0      0.145      0.329    -31.257     31.305      1.695
   117        113  (rho0)             -83   112   113   265   266     0     0     -0.324     -0.697     -8.407      8.473      0.724
   118        211  pi+                 83   112   113     0     0     0     0      0.246     -0.359     -1.131      1.220      0.140
   119        311  (K0)               -83   112   113   267   267     0     0      6.650     -3.311     -3.228      8.115      0.498
   120        531  (B_s0)             -84   112   113   353   354     0     0    110.901    -64.458    -64.869    143.842      5.367
   121          1  (d)                -71    86    86   123   139   517     0     -0.738      1.078     13.847     13.912      0.330
   122       2101  (ud_0)             -71    88    88   123   139     0   517     -0.386      0.447  -3395.527   3395.527      0.579
   123        111  (pi0)              -83   121   122   355   356     0     0     -0.047      0.120      1.341      1.354      0.135
   124       -213  (rho-)             -83   121   122   268   269     0     0      0.221      0.771      4.546      4.684      0.797
   125        321  K+                  83   121   122     0     0     0     0     -1.236     -0.457      4.946      5.142      0.494
   126        333  (phi)              -83   121   122   357   358     0     0     -0.036      0.928      2.009      2.437      1.021
   127       -311  (Kbar0)            -83   121   122   270   270     0     0      0.199     -0.377      0.419      0.778      0.498
   128       -211  pi-                 83   121   122     0     0     0     0      0.119      0.229     -5.353      5.361      0.140
   129        331  (eta')             -84   121   122   359   360     0     0      0.159     -0.019     -6.036      6.114      0.959
   130        211  pi+                 84   121   122     0     0     0     0     -0.075     -0.171    -14.956     14.958      0.140
   131       -213  (rho-)             -84   121   122   271   272     0     0      0.046      0.170    -63.614     63.619      0.842
   132        111  (pi0)              -84   121   122   361   362     0     0      0.050     -0.057    -14.444     14.445      0.135
   133        111  (pi0)              -84   121   122   363   364     0     0     -0.187     -0.099    -14.778     14.780      0.135
   134        211  pi+                 84   121   122     0     0     0     0     -0.281     -0.068    -49.157     49.158      0.140
   135        221  (eta)              -84   121   122   365   366     0     0      0.555     -0.221   -325.152    325.153      0.548
   136       -213  (rho-)             -84   121   122   273   274     0     0     -0.398      0.054   -180.135    180.137      0.726
   137        211  pi+                 84   121   122     0     0     0     0     -0.031      0.655    -67.212     67.216      0.140
   138       -211  pi-                 84   121   122     0     0     0     0      0.146      0.008   -616.339    616.339      0.140
   139       2212  p+                  84   121   122     0     0     0     0     -0.328      0.060  -2037.764   2037.765      0.938
   140         21  (g)                -71    65    65   152   223   513   512    -73.664    116.715    100.732    170.868      0.000
   141         21  (g)                -71    69    69   152   223   522   513      0.504      3.428   -228.507    228.533      0.000
   142         21  (g)                -71    77    77   152   223   524   522     -1.212     -1.226   -606.435    606.437      0.000
   143         21  (g)                -71    80    80   152   223   532   524      0.359     -0.190    -84.221     84.222      0.000
   144         21  (g)                -71    74    74   152   223   519   532      1.745      1.806    -46.780     46.848      0.000
   145         21  (g)                -71    72    72   152   223   520   519     -8.175     -1.723    -23.221     24.678      0.000
   146         21  (g)                -71    73    73   152   223   518   520      7.440     -1.539     57.743     58.241      0.000
   147         21  (g)                -71    79    79   152   223   527   518      0.683     -0.415      6.476      6.525      0.000
   148         21  (g)                -71    83    83   152   223   531   527     -0.950      0.675    144.074    144.078      0.000
   149         21  (g)                -71    78    78   152   223   516   531      0.583     -0.267    320.058    320.059      0.000
   150         21  (g)                -71    67    67   152   223   515   516    -13.841     -6.161     48.904     51.197      0.000
   151         21  (g)                -71    66    66   152   223   512   515    -46.388      3.999     25.528     53.099      0.000
   152        311  (K0)               -83   140   151   275   275     0     0     -1.047      1.113      1.325      2.083      0.498
   153       3322  Xi0                 83   140   151     0     0     0     0     -1.624      2.943      2.568      4.429      1.315
   154      -3212  (Sigmabar0)        -83   140   151   367   368     0     0     -0.401      0.982     -0.174      1.605      1.193
   155        111  (pi0)              -83   140   151   369   370     0     0      0.358      0.060     -1.661      1.706      0.135
   156        111  (pi0)              -83   140   151   371   372     0     0     -0.630      0.090     -1.397      1.542      0.135
   157        111  (pi0)              -83   140   151   373   374     0     0      0.547      0.328     -0.315      0.724      0.135
   158       2114  (Delta0)           -83   140   151   276   277     0     0     -0.582      0.093    -18.996     19.045      1.241
   159        213  (rho+)             -83   140   151   278   279     0     0      0.122      1.315    -77.516     77.536      1.204
   160      -2214  (Deltabar-)        -83   140   151   280   281     0     0     -0.027      0.238    -67.375     67.387      1.243
   161       -213  (rho-)             -83   140   151   282   283     0     0     -0.283     -0.160   -338.007    338.008      0.836
   162        221  (eta)              -83   140   151   375   377     0     0      0.513      0.781    -57.536     57.546      0.548
   163        323  (K*+)              -83   140   151   284   285     0     0     -0.530      0.416   -100.148    100.155      0.911
   164       -311  (Kbar0)            -83   140   151   286   286     0     0      0.325      0.009    -61.828     61.831      0.498
   165        111  (pi0)              -83   140   151   378   379     0     0     -0.386     -0.243   -110.010    110.011      0.135
   166        223  (omega)            -83   140   151   380   382     0     0      0.102      0.175    -34.904     34.913      0.782
   167       -211  pi-                 83   140   151     0     0     0     0      0.520      0.302    -15.003     15.016      0.140
   168        113  (rho0)             -83   140   151   287   288     0     0     -0.032      0.309    -45.411     45.422      0.936
   169        211  pi+                 83   140   151     0     0     0     0     -0.457     -0.880    -14.111     14.146      0.140
   170        311  (K0)               -83   140   151   289   289     0     0      0.444      0.363     -4.516      4.580      0.498
   171       -321  K-                  83   140   151     0     0     0     0      0.448      0.394    -11.090     11.117      0.494
   172        113  (rho0)             -83   140   151   290   291     0     0     -0.545      0.179     -4.264      4.377      0.802
   173        211  pi+                 83   140   151     0     0     0     0     -1.850     -0.418     -7.173      7.420      0.140
   174       1114  (Delta-)           -83   140   151   292   293     0     0     -1.161      0.372     -4.850      5.154      1.248
   175       -313  (K*bar0)           -83   140   151   294   295     0     0     -2.048     -1.208     -6.082      6.596      0.933
   176      -3112  Sigmabar+           83   140   151     0     0     0     0     -1.459     -0.076     -3.834      4.274      1.197
   177        113  (rho0)             -83   140   151   296   297     0     0     -0.195      0.181     -0.106      0.930      0.885
   178       -211  pi-                 83   140   151     0     0     0     0      0.235     -0.352      0.096      0.456      0.140
   179        211  pi+                 83   140   151     0     0     0     0      0.098      0.353     -0.154      0.421      0.140
   180        223  (omega)            -83   140   151   383   385     0     0     -0.279     -0.480     -0.444      1.057      0.782
   181       3212  (Sigma0)           -83   140   151   386   387     0     0      0.132      0.252      5.264      5.405      1.193
   182      -3212  (Sigmabar0)        -83   140   151   388   389     0     0      0.631      0.105      3.200      3.474      1.193
   183       -213  (rho-)             -83   140   151   298   299     0     0      1.014     -0.614      6.065      6.249      0.926
   184        211  pi+                 83   140   151     0     0     0     0     -0.088      0.043      1.653      1.662      0.140
   185       2112  n0                  83   140   151     0     0     0     0      2.335     -0.211     15.797     15.998      0.940
   186      -2212  pbar-               84   140   151     0     0     0     0      2.640     -0.727     24.905     25.072      0.938
   187        211  pi+                 84   140   151     0     0     0     0      0.299     -0.176      1.687      1.728      0.140
   188       -211  pi-                 84   140   151     0     0     0     0      0.083     -0.286      3.502      3.517      0.140
   189        213  (rho+)             -84   140   151   300   301     0     0      0.675     -0.245     38.851     38.867      0.863
   190        111  (pi0)              -84   140   151   390   391     0     0     -0.544      0.206     17.830     17.840      0.135
   191       -211  pi-                 84   140   151     0     0     0     0      0.427      0.545    160.482    160.483      0.140
   192        113  (rho0)             -84   140   151   302   303     0     0     -0.070     -0.199     43.477     43.484      0.769
   193        221  (eta)              -84   140   151   392   394     0     0     -0.241      0.143     90.157     90.159      0.548
   194        211  pi+                 84   140   151     0     0     0     0     -0.242      0.428     49.503     49.506      0.140
   195       -213  (rho-)             -84   140   151   304   305     0     0      0.180     -0.450     27.286     27.298      0.662
   196        211  pi+                 84   140   151     0     0     0     0     -0.247     -0.281     15.364     15.369      0.140
   197       -211  pi-                 84   140   151     0     0     0     0      0.017     -0.177      0.603      0.644      0.140
   198       2212  p+                  84   140   151     0     0     0     0     -1.154     -0.347     12.317     12.411      0.938
   199      -2212  pbar-               84   140   151     0     0     0     0      0.201     -0.455      4.544      4.666      0.938
   200       2114  (Delta0)           -84   140   151   306   307     0     0     -1.496      0.168     13.355     13.493      1.202
   201        211  pi+                 84   140   151     0     0     0     0     -0.228     -0.046      1.752      1.773      0.140
   202      -2112  nbar0               84   140   151     0     0     0     0     -4.256     -1.866     14.098     14.874      0.940
   203       3212  (Sigma0)           -84   140   151   395   396     0     0     -2.129     -1.026      8.737      9.130      1.193
   204      -3212  (Sigmabar0)        -84   140   151   397   398     0     0     -5.163     -2.505     15.383     16.462      1.193
   205        111  (pi0)              -84   140   151   399   400     0     0     -1.793      0.854      1.286      2.370      0.135
   206        221  (eta)              -84   140   151   401   402     0     0    -20.875      1.436     11.430     23.849      0.548
   207       -211  pi-                 84   140   151     0     0     0     0     -0.217      0.127      0.331      0.438      0.140
   208       2224  (Delta++)          -84   140   151   308   309     0     0    -11.558      1.518      6.356     13.322      1.094
   209      -2224  (Deltabar--)       -84   140   151   310   311     0     0     -5.488      0.078      2.932      6.345      1.246
   210        211  pi+                 84   140   151     0     0     0     0     -5.051      0.953      3.283      6.101      0.140
   211        331  (eta')             -84   140   151   403   404     0     0     -0.798      1.457      1.493      2.430      0.958
   212       2112  n0                  84   140   151     0     0     0     0     -3.449      4.266      3.832      6.758      0.940
   213      -3122  Lambdabar0          84   140   151     0     0     0     0     -2.665      4.346      3.777      6.442      1.116
   214       -311  (Kbar0)            -84   140   151   312   312     0     0     -2.269      2.996      2.809      4.718      0.498
   215       -211  pi-                 84   140   151     0     0     0     0     -4.672      7.293      6.056     10.569      0.140
   216        211  pi+                 84   140   151     0     0     0     0     -0.220      0.406      0.243      0.540      0.140
   217       -211  pi-                 84   140   151     0     0     0     0    -23.131     36.466     31.734     53.590      0.140
   218        111  (pi0)              -84   140   151   405   406     0     0     -0.373      0.613      0.351      0.810      0.135
   219        213  (rho+)             -84   140   151   313   314     0     0     -9.194     14.713     12.687     21.511      0.869
   220       -211  pi-                 84   140   151     0     0     0     0     -1.694      2.794      2.707      4.246      0.140
   221        223  (omega)            -84   140   151   407   409     0     0    -14.384     22.458     19.400     32.989      0.784
   222        213  (rho+)             -84   140   151   315   316     0     0     -6.752     10.789      8.944     15.580      0.864
   223        113  (rho0)             -84   140   151   317   318     0     0     -1.289      2.080      1.803      3.126      0.730
   224          2  (u)                -71    87    87   226   250   529     0      0.483      0.157  -1534.585   1534.585      0.330
   225       2203  (uu_1)             -71    85    85   226   250     0   529     -1.513      1.092   5311.597   5311.598      0.771
   226        221  (eta)              -83   224   225   410   411     0     0     -0.420      0.058   -404.157    404.157      0.548
   227        111  (pi0)              -83   224   225   412   413     0     0      0.498      0.333   -360.976    360.976      0.135
   228        213  (rho+)             -83   224   225   319   320     0     0      0.078     -0.186   -560.148    560.149      0.899
   229       -211  pi-                 83   224   225     0     0     0     0      0.096     -0.117    -87.894     87.894      0.140
   230        213  (rho+)             -83   224   225   321   322     0     0      0.104      0.025    -30.372     30.382      0.789
   231        223  (omega)            -83   224   225   414   416     0     0      0.459     -0.231    -33.244     33.257      0.789
   232        221  (eta)              -83   224   225   417   419     0     0     -0.625      0.173    -21.504     21.521      0.548
   233        221  (eta)              -83   224   225   420   422     0     0      0.432     -0.284    -29.067     29.077      0.548
   234        313  (K*0)              -83   224   225   323   324     0     0      0.187      0.101     -4.978      5.055      0.854
   235        333  (phi)              -83   224   225   423   425     0     0     -0.150      0.032     -1.268      1.634      1.019
   236       -311  (Kbar0)            -83   224   225   325   325     0     0      0.013      0.217      0.028      0.544      0.498
   237        113  (rho0)             -83   224   225   326   327     0     0      0.047      0.323      0.936      1.327      0.881
   238       -211  pi-                 83   224   225     0     0     0     0     -0.010     -0.251      0.383      0.479      0.140
   239        111  (pi0)              -83   224   225   426   427     0     0     -0.060     -0.248      0.813      0.862      0.135
   240        211  pi+                 83   224   225     0     0     0     0     -0.616      0.290      0.607      0.923      0.140
   241       -211  pi-                 84   224   225     0     0     0     0      0.715     -0.326      6.420      6.469      0.140
   242        211  pi+                 84   224   225     0     0     0     0     -0.040      0.184      3.349      3.357      0.140
   243        223  (omega)            -84   224   225   428   430     0     0     -0.325      0.215     25.973     25.987      0.783
   244        111  (pi0)              -84   224   225   431   432     0     0      0.308      0.172     14.952     14.957      0.135
   245       1114  (Delta-)           -84   224   225   328   329     0     0     -0.293     -0.147    142.768    142.774      1.293
   246        213  (rho+)             -84   224   225   330   331     0     0      0.196      0.265    206.860    206.862      0.891
   247      -2114  (Deltabar0)        -84   224   225   332   333     0     0     -0.351     -0.297    236.858    236.865      1.696
   248        311  (K0)               -84   224   225   334   334     0     0     -0.257      0.346    485.593    485.593      0.498
   249       3224  (Sigma*+)          -84   224   225   335   336     0     0     -0.565      0.035   1328.209   1328.210      1.411
   250        223  (omega)            -84   224   225   433   435     0     0     -0.453      0.566   2856.870   2856.870      0.783
   251       -211  pi-                 91   102     0     0     0     0     0     -1.559      0.110      2.470      2.926      0.140
   252        111  (pi0)              -91   102     0   436   437     0     0     -0.209      0.314      0.593      0.716      0.135
   253       -211  pi-                 91   105     0     0     0     0     0      0.359      0.490     19.630     19.640      0.140
   254        111  (pi0)              -91   105     0   438   439     0     0      0.296     -0.185      4.851      4.865      0.135
   255        311  (K0)               -91   106     0   337   337     0     0      0.405     -0.022     14.030     14.044      0.498
   256        211  pi+                 91   106     0     0     0     0     0      0.296      0.346     20.545     20.551      0.140
   257       -311  (Kbar0)            -91   107     0   338   338     0     0      1.045     -0.596     38.183     38.205      0.498
   258       -211  pi-                 91   107     0     0     0     0     0      1.525     -0.398     61.056     61.076      0.140
   259        310  (K_S0)             -91   110   110   440   441     0     0      0.415     -0.026      8.936      8.960      0.498
   260        130  K_L0                91   111   111     0     0     0     0      0.172     -0.140     20.439     20.447      0.498
   261       2212  p+                  91   115     0     0     0     0     0      0.332     -0.004    -76.798     76.805      0.938
   262       -211  pi-                 91   115     0     0     0     0     0      0.444      0.210    -52.079     52.081      0.140
   263      -2212  pbar-               91   116     0     0     0     0     0      0.501     -0.048    -25.734     25.756      0.938
   264        111  (pi0)              -91   116     0   442   443     0     0     -0.356      0.378     -5.523      5.549      0.135
   265        211  pi+                 91   117     0     0     0     0     0     -0.286     -0.130     -1.400      1.442      0.140
   266       -211  pi-                 91   117     0     0     0     0     0     -0.038     -0.567     -7.007      7.031      0.140
   267        130  K_L0                91   119   119     0     0     0     0      6.650     -3.311     -3.228      8.115      0.498
   268       -211  pi-                 91   124     0     0     0     0     0     -0.119      0.606      3.623      3.678      0.140
   269        111  (pi0)              -91   124     0   444   445     0     0      0.340      0.165      0.922      1.006      0.135
   270        310  K_S0                91   127   127     0     0     0     0      0.199     -0.377      0.419      0.778      0.498
   271       -211  pi-                 91   131     0     0     0     0     0      0.059     -0.191    -49.418     49.418      0.140
   272        111  (pi0)              -91   131     0   446   447     0     0     -0.013      0.360    -14.196     14.201      0.135
   273       -211  pi-                 91   136     0     0     0     0     0     -0.331      0.243    -55.934     55.935      0.140
   274        111  (pi0)              -91   136     0   448   449     0     0     -0.068     -0.189   -124.201    124.201      0.135
   275        310  (K_S0)             -91   152   152   450   451     0     0     -1.047      1.113      1.325      2.083      0.498
   276       2212  p+                  91   158     0     0     0     0     0     -0.445      0.277    -13.344     13.388      0.938
   277       -211  pi-                 91   158     0     0     0     0     0     -0.137     -0.184     -5.651      5.658      0.140
   278        211  pi+                 91   159     0     0     0     0     0     -0.152      0.419    -53.366     53.368      0.140
   279        111  (pi0)              -91   159     0   452   453     0     0      0.274      0.896    -24.149     24.168      0.135
   280      -2212  pbar-               91   160     0     0     0     0     0      0.125      0.132    -61.434     61.442      0.938
   281        111  (pi0)              -91   160     0   454   455     0     0     -0.153      0.106     -5.941      5.945      0.135
   282       -211  pi-                 91   161     0     0     0     0     0      0.199     -0.278   -171.247    171.247      0.140
   283        111  (pi0)              -91   161     0   456   458     0     0     -0.481      0.118   -166.760    166.761      0.135
   284        321  K+                  91   163     0     0     0     0     0     -0.273      0.381    -88.922     88.925      0.494
   285        111  (pi0)              -91   163     0   459   460     0     0     -0.257      0.036    -11.226     11.230      0.135
   286        310  K_S0                91   164   164     0     0     0     0      0.325      0.009    -61.828     61.831      0.498
   287        211  pi+                 91   168     0     0     0     0     0     -0.188     -0.123    -33.483     33.484      0.140
   288       -211  pi-                 91   168     0     0     0     0     0      0.156      0.432    -11.928     11.938      0.140
   289        130  K_L0                91   170   170     0     0     0     0      0.444      0.363     -4.516      4.580      0.498
   290        211  pi+                 91   172     0     0     0     0     0     -0.275      0.162     -3.834      3.850      0.140
   291       -211  pi-                 91   172     0     0     0     0     0     -0.270      0.017     -0.430      0.527      0.140
   292       2112  n0                  91   174     0     0     0     0     0     -0.930      0.341     -3.157      3.440      0.940
   293       -211  pi-                 91   174     0     0     0     0     0     -0.230      0.031     -1.693      1.714      0.140
   294       -321  K-                  91   175     0     0     0     0     0     -1.350     -0.448     -3.835      4.120      0.494
   295        211  pi+                 91   175     0     0     0     0     0     -0.698     -0.760     -2.246      2.476      0.140
   296        211  pi+                 91   177     0     0     0     0     0     -0.524      0.055     -0.074      0.550      0.140
   297       -211  pi-                 91   177     0     0     0     0     0      0.329      0.126     -0.033      0.380      0.140
   298       -211  pi-                 91   183     0     0     0     0     0      0.115     -0.449      1.150      1.248      0.140
   299        111  (pi0)              -91   183     0   461   462     0     0      0.899     -0.165      4.914      5.000      0.135
   300        211  pi+                 91   189     0     0     0     0     0      0.720     -0.414     34.814     34.824      0.140
   301        111  (pi0)              -91   189     0   463   464     0     0     -0.045      0.169      4.036      4.042      0.135
   302        211  pi+                 91   192     0     0     0     0     0     -0.257     -0.246     11.333     11.340      0.140
   303       -211  pi-                 91   192     0     0     0     0     0      0.187      0.047     32.144     32.144      0.140
   304       -211  pi-                 91   195     0     0     0     0     0      0.042     -0.162     21.962     21.963      0.140
   305        111  (pi0)              -91   195     0   465   466     0     0      0.137     -0.288      5.324      5.335      0.135
   306       2112  n0                  91   200     0     0     0     0     0     -0.979      0.129     10.525     10.613      0.940
   307        111  (pi0)              -91   200     0   467   468     0     0     -0.517      0.039      2.830      2.880      0.135
   308       2212  p+                  91   208     0     0     0     0     0     -9.615      1.251      5.227     11.055      0.938
   309        211  pi+                 91   208     0     0     0     0     0     -1.943      0.267      1.129      2.267      0.140
   310      -2212  pbar-               91   209     0     0     0     0     0     -4.661     -0.157      2.473      5.362      0.938
   311       -211  pi-                 91   209     0     0     0     0     0     -0.826      0.235      0.458      0.984      0.140
   312        130  K_L0                91   214   214     0     0     0     0     -2.269      2.996      2.809      4.718      0.498
   313        211  pi+                 91   219     0     0     0     0     0     -4.741      7.006      6.522     10.683      0.140
   314        111  (pi0)              -91   219     0   469   470     0     0     -4.453      7.707      6.165     10.828      0.135
   315        211  pi+                 91   222     0     0     0     0     0     -6.004      9.364      7.529     13.433      0.140
   316        111  (pi0)              -91   222     0   471   472     0     0     -0.748      1.425      1.415      2.147      0.135
   317        211  pi+                 91   223     0     0     0     0     0     -0.809      1.024      1.320      1.862      0.140
   318       -211  pi-                 91   223     0     0     0     0     0     -0.480      1.057      0.482      1.264      0.140
   319        211  pi+                 91   228     0     0     0     0     0     -0.337     -0.260   -353.923    353.923      0.140
   320        111  (pi0)              -91   228     0   473   474     0     0      0.415      0.074   -206.225    206.225      0.135
   321        211  pi+                 91   230     0     0     0     0     0     -0.002      0.203     -3.242      3.252      0.140
   322        111  (pi0)              -91   230     0   475   476     0     0      0.106     -0.177    -27.130     27.131      0.135
   323        311  (K0)               -91   234     0   339   339     0     0      0.194     -0.178     -3.498      3.543      0.498
   324        111  (pi0)              -91   234     0   477   478     0     0     -0.007      0.279     -1.480      1.512      0.135
   325        130  K_L0                91   236   236     0     0     0     0      0.013      0.217      0.028      0.544      0.498
   326        211  pi+                 91   237     0     0     0     0     0      0.031     -0.245      0.090      0.297      0.140
   327       -211  pi-                 91   237     0     0     0     0     0      0.016      0.568      0.847      1.029      0.140
   328       2112  n0                  91   245     0     0     0     0     0     -0.497     -0.041    113.836    113.841      0.940
   329       -211  pi-                 91   245     0     0     0     0     0      0.205     -0.106     28.932     28.933      0.140
   330        211  pi+                 91   246     0     0     0     0     0      0.526      0.188    141.031    141.032      0.140
   331        111  (pi0)              -91   246     0   479   480     0     0     -0.329      0.077     65.829     65.830      0.135
   332      -2112  nbar0               91   247     0     0     0     0     0     -0.173     -0.557    221.211    221.214      0.940
   333        111  (pi0)              -91   247     0   481   482     0     0     -0.178      0.260     15.647     15.651      0.135
   334        310  K_S0                91   248   248     0     0     0     0     -0.257      0.346    485.593    485.593      0.498
   335       3122  Lambda0             91   249     0     0     0     0     0     -0.489      0.188    940.942    940.943      1.116
   336        211  pi+                 91   249     0     0     0     0     0     -0.077     -0.153    387.267    387.267      0.140
   337        310  K_S0                91   255   255     0     0     0     0      0.405     -0.022     14.030     14.044      0.498
   338        310  (K_S0)             -91   257   257   483   484     0     0      1.045     -0.596     38.183     38.205      0.498
   339        310  K_S0                91   323   323     0     0     0     0      0.194     -0.178     -3.498      3.543      0.498
   340         16  nu_tau              91    96     0     0     0     0     0     13.659    -13.768    -16.614     25.537      0.000
   341        111  (pi0)              -91    96     0   485   486     0     0     12.054    -14.122    -16.188     24.633      0.135
   342       -211  pi-                 91    96     0     0     0     0     0      9.958    -10.983    -13.108     19.790      0.140
   343       -413  (D*-)              -92   101     0   487   488     0     0    -19.827      0.195     28.322     34.631      2.010
   344        213  (rho+)             -92   101     0   489   490     0     0    -11.754      1.195     16.450     20.266      0.720
   345        221  (eta)              -92   101     0   491   493     0     0     -7.087      0.904     10.929     13.069      0.548
   346        331  (eta')             -92   101     0   494   495     0     0    -15.228      0.020     21.706     26.532      0.958
   347         22  gamma               91   103     0     0     0     0     0     -0.813     -0.442      2.532      2.696      0.000
   348         22  gamma               91   103     0     0     0     0     0     -0.302     -0.216      0.822      0.902      0.000
   349         22  gamma               91   108     0     0     0     0     0      0.528     -0.122     14.380     14.391      0.000
   350         22  gamma               91   108     0     0     0     0     0      0.053      0.011      0.748      0.750      0.000
   351         22  gamma               91   114     0     0     0     0     0     -0.175     -0.157    -15.431     15.432      0.000
   352         22  gamma               91   114     0     0     0     0     0     -0.142     -0.008    -13.026     13.027      0.000
   353        433  (D*_s+)            -92   120     0   496   497     0     0     80.384    -46.463    -48.379    104.715      2.112
   354       -431  (D_s-)             -92   120     0   498   500     0     0     30.517    -17.994    -16.491     39.127      1.968
   355         22  gamma               91   123     0     0     0     0     0     -0.024      0.002      0.036      0.044      0.000
   356         22  gamma               91   123     0     0     0     0     0     -0.022      0.118      1.304      1.310      0.000
   357        130  K_L0                91   126     0     0     0     0     0     -0.116      0.545      1.066      1.302      0.498
   358        310  (K_S0)             -91   126     0   501   502     0     0      0.080      0.382      0.943      1.135      0.498
   359        113  (rho0)             -91   129     0   503   504     0     0      0.238     -0.041     -5.801      5.865      0.829
   360         22  gamma               91   129     0     0     0     0     0     -0.079      0.022     -0.234      0.248      0.000
   361         22  gamma               91   132     0     0     0     0     0      0.063     -0.009     -2.767      2.767      0.000
   362         22  gamma               91   132     0     0     0     0     0     -0.013     -0.048    -11.678     11.678      0.000
   363         22  gamma               91   133     0     0     0     0     0     -0.007     -0.025     -5.634      5.634      0.000
   364         22  gamma               91   133     0     0     0     0     0     -0.180     -0.075     -9.144      9.146      0.000
   365         22  gamma               91   135     0     0     0     0     0      0.192     -0.290    -83.135     83.136      0.000
   366         22  gamma               91   135     0     0     0     0     0      0.364      0.069   -242.017    242.017      0.000
   367      -3122  (Lambdabar0)       -91   154     0   505   506     0     0     -0.311      0.870     -0.125      1.454      1.116
   368         22  gamma               91   154     0     0     0     0     0     -0.090      0.112     -0.049      0.151      0.000
   369         22  gamma               91   155     0     0     0     0     0      0.105      0.060     -0.767      0.777      0.000
   370         22  gamma               91   155     0     0     0     0     0      0.253      0.000     -0.894      0.929      0.000
   371         22  gamma               91   156     0     0     0     0     0     -0.350      0.027     -0.914      0.979      0.000
   372         22  gamma               91   156     0     0     0     0     0     -0.281      0.063     -0.483      0.562      0.000
   373         22  gamma               91   157     0     0     0     0     0      0.079      0.064     -0.108      0.149      0.000
   374         22  gamma               91   157     0     0     0     0     0      0.468      0.264     -0.207      0.576      0.000
   375        211  pi+                 91   162     0     0     0     0     0      0.241      0.191    -22.732     22.735      0.140
   376       -211  pi-                 91   162     0     0     0     0     0      0.097      0.111    -10.684     10.685      0.140
   377        111  (pi0)              -91   162     0   507   508     0     0      0.175      0.478    -24.121     24.126      0.135
   378         22  gamma               91   165     0     0     0     0     0     -0.273     -0.096    -63.336     63.337      0.000
   379         22  gamma               91   165     0     0     0     0     0     -0.113     -0.147    -46.673     46.674      0.000
   380        211  pi+                 91   166     0     0     0     0     0      0.177     -0.101     -7.119      7.123      0.140
   381       -211  pi-                 91   166     0     0     0     0     0     -0.152      0.166     -8.519      8.523      0.140
   382        111  (pi0)              -91   166     0   509   510     0     0      0.077      0.111    -19.266     19.267      0.135
   383        211  pi+                 91   180     0     0     0     0     0     -0.123     -0.398     -0.117      0.455      0.140
   384       -211  pi-                 91   180     0     0     0     0     0     -0.077      0.120     -0.017      0.201      0.140
   385        111  (pi0)              -91   180     0   511   512     0     0     -0.079     -0.202     -0.310      0.401      0.135
   386       3122  Lambda0             91   181     0     0     0     0     0      0.053      0.250      4.833      4.967      1.116
   387         22  gamma               91   181     0     0     0     0     0      0.079      0.002      0.431      0.438      0.000
   388      -3122  Lambdabar0          91   182     0     0     0     0     0      0.653      0.152      3.075      3.339      1.116
   389         22  gamma               91   182     0     0     0     0     0     -0.022     -0.047      0.125      0.135      0.000
   390         22  gamma               91   190     0     0     0     0     0     -0.003      0.009      1.185      1.185      0.000
   391         22  gamma               91   190     0     0     0     0     0     -0.541      0.197     16.645     16.655      0.000
   392        111  (pi0)              -91   193     0   513   514     0     0      0.057      0.107     33.235     33.236      0.135
   393        111  (pi0)              -91   193     0   515   516     0     0     -0.119     -0.021     17.734     17.735      0.135
   394        111  (pi0)              -91   193     0   517   518     0     0     -0.179      0.057     39.188     39.189      0.135
   395       3122  Lambda0             91   203     0     0     0     0     0     -1.979     -0.877      8.090      8.449      1.116
   396         22  gamma               91   203     0     0     0     0     0     -0.150     -0.149      0.647      0.681      0.000
   397      -3122  Lambdabar0          91   204     0     0     0     0     0     -5.059     -2.488     14.959     16.025      1.116
   398         22  gamma               91   204     0     0     0     0     0     -0.104     -0.017      0.424      0.437      0.000
   399         22  gamma               91   205     0     0     0     0     0     -0.072      0.063      0.076      0.122      0.000
   400         22  gamma               91   205     0     0     0     0     0     -1.722      0.791      1.210      2.248      0.000
   401         22  gamma               91   206     0     0     0     0     0    -19.662      1.357     10.909     22.526      0.000
   402         22  gamma               91   206     0     0     0     0     0     -1.213      0.080      0.521      1.323      0.000
   403        223  (omega)            -91   211     0   519   521     0     0     -0.658      1.115      1.017      1.827      0.793
   404         22  gamma               91   211     0     0     0     0     0     -0.140      0.342      0.477      0.603      0.000
   405         22  gamma               91   218     0     0     0     0     0     -0.342      0.608      0.325      0.770      0.000
   406         22  gamma               91   218     0     0     0     0     0     -0.031      0.005      0.026      0.041      0.000
   407        211  pi+                 91   221     0     0     0     0     0     -9.243     14.431     12.550     21.242      0.140
   408       -211  pi-                 91   221     0     0     0     0     0     -2.877      4.172      3.593      6.214      0.140
   409        111  (pi0)              -91   221     0   522   523     0     0     -2.264      3.854      3.258      5.533      0.135
   410         22  gamma               91   226     0     0     0     0     0     -0.080     -0.228   -171.489    171.490      0.000
   411         22  gamma               91   226     0     0     0     0     0     -0.340      0.286   -232.668    232.668      0.000
   412         22  gamma               91   227     0     0     0     0     0      0.282      0.154   -156.150    156.150      0.000
   413         22  gamma               91   227     0     0     0     0     0      0.217      0.178   -204.826    204.826      0.000
   414        211  pi+                 91   231     0     0     0     0     0      0.061     -0.088     -3.240      3.244      0.140
   415       -211  pi-                 91   231     0     0     0     0     0      0.387     -0.230    -14.371     14.378      0.140
   416        111  (pi0)              -91   231     0   524   525     0     0      0.011      0.087    -15.633     15.634      0.135
   417        211  pi+                 91   232     0     0     0     0     0     -0.319      0.227     -9.250      9.259      0.140
   418       -211  pi-                 91   232     0     0     0     0     0     -0.196      0.004     -6.267      6.271      0.140
   419        111  (pi0)              -91   232     0   526   527     0     0     -0.110     -0.058     -5.987      5.990      0.135
   420        211  pi+                 91   233     0     0     0     0     0      0.297     -0.057    -13.725     13.729      0.140
   421       -211  pi-                 91   233     0     0     0     0     0      0.138     -0.076     -9.122      9.124      0.140
   422        111  (pi0)              -91   233     0   528   529     0     0     -0.003     -0.151     -6.221      6.224      0.135
   423        211  pi+                 91   235     0     0     0     0     0     -0.069      0.295     -0.920      0.979      0.140
   424       -211  pi-                 91   235     0     0     0     0     0     -0.110     -0.343     -0.298      0.488      0.140
   425        111  (pi0)              -91   235     0   530   531     0     0      0.029      0.080     -0.050      0.167      0.135
   426         22  gamma               91   239     0     0     0     0     0     -0.026     -0.185      0.377      0.420      0.000
   427         22  gamma               91   239     0     0     0     0     0     -0.034     -0.063      0.436      0.442      0.000
   428        211  pi+                 91   243     0     0     0     0     0     -0.098      0.097      3.713      3.718      0.140
   429       -211  pi-                 91   243     0     0     0     0     0     -0.392      0.019     14.489     14.495      0.140
   430        111  (pi0)              -91   243     0   532   533     0     0      0.165      0.099      7.770      7.774      0.135
   431         22  gamma               91   244     0     0     0     0     0      0.017      0.012      3.243      3.243      0.000
   432         22  gamma               91   244     0     0     0     0     0      0.291      0.160     11.710     11.714      0.000
   433        211  pi+                 91   250     0     0     0     0     0      0.004      0.204    955.274    955.274      0.140
   434       -211  pi-                 91   250     0     0     0     0     0     -0.365      0.332    853.911    853.911      0.140
   435        111  (pi0)              -91   250     0   534   535     0     0     -0.091      0.030   1047.685   1047.685      0.135
   436         22  gamma               91   252     0     0     0     0     0     -0.039      0.179      0.284      0.338      0.000
   437         22  gamma               91   252     0     0     0     0     0     -0.170      0.135      0.309      0.378      0.000
   438         22  gamma               91   254     0     0     0     0     0      0.099     -0.060      0.888      0.896      0.000
   439         22  gamma               91   254     0     0     0     0     0      0.196     -0.125      3.963      3.969      0.000
   440        211  pi+                 91   259     0     0     0     0     0      0.378      0.135      6.522      6.536      0.140
   441       -211  pi-                 91   259     0     0     0     0     0      0.037     -0.161      2.414      2.424      0.140
   442         22  gamma               91   264     0     0     0     0     0     -0.132      0.071     -1.200      1.209      0.000
   443         22  gamma               91   264     0     0     0     0     0     -0.224      0.307     -4.323      4.340      0.000
   444         22  gamma               91   269     0     0     0     0     0      0.149      0.144      0.425      0.473      0.000
   445         22  gamma               91   269     0     0     0     0     0      0.191      0.022      0.497      0.533      0.000
   446         22  gamma               91   272     0     0     0     0     0     -0.059      0.234     -7.543      7.547      0.000
   447         22  gamma               91   272     0     0     0     0     0      0.046      0.126     -6.653      6.654      0.000
   448         22  gamma               91   274     0     0     0     0     0      0.040     -0.051    -41.021     41.021      0.000
   449         22  gamma               91   274     0     0     0     0     0     -0.108     -0.138    -83.180     83.180      0.000
   450        211  pi+                 91   275     0     0     0     0     0     -0.611      0.523      0.448      0.931      0.140
   451       -211  pi-                 91   275     0     0     0     0     0     -0.436      0.590      0.877      1.152      0.140
   452         22  gamma               91   279     0     0     0     0     0      0.118      0.192     -5.921      5.925      0.000
   453         22  gamma               91   279     0     0     0     0     0      0.156      0.704    -18.228     18.243      0.000
   454         22  gamma               91   281     0     0     0     0     0     -0.034      0.106     -2.991      2.993      0.000
   455         22  gamma               91   281     0     0     0     0     0     -0.119      0.001     -2.950      2.953      0.000
   456         22  gamma               91   283     0     0     0     0     0     -0.458      0.117   -163.791    163.792      0.000
   457         11  e-                  91   283     0     0     0     0     0     -0.001     -0.003     -0.246      0.246      0.001
   458        -11  e+                  91   283     0     0     0     0     0     -0.022      0.004     -2.723      2.723      0.001
   459         22  gamma               91   285     0     0     0     0     0     -0.227      0.009     -7.163      7.166      0.000
   460         22  gamma               91   285     0     0     0     0     0     -0.030      0.027     -4.064      4.064      0.000
   461         22  gamma               91   299     0     0     0     0     0      0.803     -0.135      4.560      4.632      0.000
   462         22  gamma               91   299     0     0     0     0     0      0.096     -0.030      0.355      0.369      0.000
   463         22  gamma               91   301     0     0     0     0     0     -0.023      0.162      2.254      2.260      0.000
   464         22  gamma               91   301     0     0     0     0     0     -0.021      0.008      1.783      1.783      0.000
   465         22  gamma               91   305     0     0     0     0     0      0.099     -0.127      3.529      3.532      0.000
   466         22  gamma               91   305     0     0     0     0     0      0.038     -0.160      1.796      1.803      0.000
   467         22  gamma               91   307     0     0     0     0     0     -0.069     -0.024      0.629      0.633      0.000
   468         22  gamma               91   307     0     0     0     0     0     -0.449      0.062      2.201      2.247      0.000
   469         22  gamma               91   314     0     0     0     0     0     -3.456      5.926      4.811      8.379      0.000
   470         22  gamma               91   314     0     0     0     0     0     -0.997      1.780      1.353      2.448      0.000
   471         22  gamma               91   316     0     0     0     0     0     -0.482      0.777      0.787      1.206      0.000
   472         22  gamma               91   316     0     0     0     0     0     -0.266      0.649      0.628      0.941      0.000
   473         22  gamma               91   320     0     0     0     0     0      0.106      0.024    -85.592     85.592      0.000
   474         22  gamma               91   320     0     0     0     0     0      0.309      0.050   -120.633    120.633      0.000
   475         22  gamma               91   322     0     0     0     0     0      0.084     -0.198    -24.588     24.589      0.000
   476         22  gamma               91   322     0     0     0     0     0      0.022      0.021     -2.541      2.542      0.000
   477         22  gamma               91   324     0     0     0     0     0      0.027     -0.001     -0.159      0.161      0.000
   478         22  gamma               91   324     0     0     0     0     0     -0.034      0.281     -1.321      1.351      0.000
   479         22  gamma               91   331     0     0     0     0     0     -0.292      0.043     61.627     61.628      0.000
   480         22  gamma               91   331     0     0     0     0     0     -0.037      0.034      4.202      4.202      0.000
   481         22  gamma               91   333     0     0     0     0     0     -0.192      0.262     14.403     14.407      0.000
   482         22  gamma               91   333     0     0     0     0     0      0.014     -0.002      1.244      1.244      0.000
   483        211  pi+                 91   338     0     0     0     0     0      0.988     -0.495     34.062     34.080      0.140
   484       -211  pi-                 91   338     0     0     0     0     0      0.058     -0.101      4.122      4.126      0.140
   485         22  gamma               91   341     0     0     0     0     0      3.141     -3.763     -4.308      6.526      0.000
   486         22  gamma               91   341     0     0     0     0     0      8.913    -10.359    -11.880     18.107      0.000
   487       -421  (Dbar0)            -91   343     0   536   537     0     0    -18.563      0.173     26.454     32.372      1.865
   488       -211  pi-                 91   343     0     0     0     0     0     -1.264      0.022      1.867      2.259      0.140
   489        211  pi+                 91   344     0     0     0     0     0     -2.920      0.414      4.552      5.426      0.140
   490        111  (pi0)              -91   344     0   538   539     0     0     -8.835      0.781     11.898     14.841      0.135
   491        211  pi+                 91   345     0     0     0     0     0     -3.107      0.356      4.806      5.735      0.140
   492       -211  pi-                 91   345     0     0     0     0     0     -2.824      0.445      4.192      5.076      0.140
   493        111  (pi0)              -91   345     0   540   541     0     0     -1.157      0.103      1.931      2.258      0.135
   494        223  (omega)            -91   346     0   542   544     0     0    -12.067     -0.072     16.975     20.841      0.779
   495         22  gamma               91   346     0     0     0     0     0     -3.161      0.092      4.731      5.691      0.000
   496        431  (D_s+)             -91   353     0   545   547     0     0     78.309    -45.386    -47.128    102.064      1.968
   497         22  gamma               91   353     0     0     0     0     0      2.075     -1.078     -1.251      2.652      0.000
   498         13  mu-                 91   354     0     0     0     0     0      6.741     -4.472     -4.346      9.183      0.106
   499        -14  nu_mubar            91   354     0     0     0     0     0      6.562     -3.650     -3.682      8.363      0.000
   500        221  (eta)              -91   354     0   548   549     0     0     17.215     -9.873     -8.463     21.581      0.548
   501        211  pi+                 91   358     0     0     0     0     0     -0.138      0.252      0.340      0.466      0.140
   502       -211  pi-                 91   358     0     0     0     0     0      0.218      0.131      0.603      0.669      0.140
   503        211  pi+                 91   359     0     0     0     0     0      0.186     -0.384     -4.036      4.061      0.140
   504       -211  pi-                 91   359     0     0     0     0     0      0.052      0.343     -1.766      1.805      0.140
   505      -2212  pbar-               91   367     0     0     0     0     0     -0.234      0.745     -0.010      1.221      0.938
   506        211  pi+                 91   367     0     0     0     0     0     -0.077      0.125     -0.116      0.233      0.140
   507         22  gamma               91   377     0     0     0     0     0      0.161      0.393    -17.368     17.373      0.000
   508         22  gamma               91   377     0     0     0     0     0      0.013      0.085     -6.753      6.753      0.000
   509         22  gamma               91   382     0     0     0     0     0      0.064      0.114     -9.103      9.104      0.000
   510         22  gamma               91   382     0     0     0     0     0      0.012     -0.003    -10.163     10.163      0.000
   511         22  gamma               91   385     0     0     0     0     0     -0.028     -0.002      0.002      0.028      0.000
   512         22  gamma               91   385     0     0     0     0     0     -0.052     -0.200     -0.311      0.374      0.000
   513         22  gamma               91   392     0     0     0     0     0      0.010      0.081      7.650      7.651      0.000
   514         22  gamma               91   392     0     0     0     0     0      0.047      0.026     25.585     25.585      0.000
   515         22  gamma               91   393     0     0     0     0     0     -0.127      0.028     12.146     12.147      0.000
   516         22  gamma               91   393     0     0     0     0     0      0.009     -0.049      5.588      5.588      0.000
   517         22  gamma               91   394     0     0     0     0     0     -0.060      0.073     24.933     24.933      0.000
   518         22  gamma               91   394     0     0     0     0     0     -0.119     -0.016     14.255     14.256      0.000
   519        211  pi+                 91   403     0     0     0     0     0     -0.127      0.173      0.102      0.276      0.140
   520       -211  pi-                 91   403     0     0     0     0     0     -0.598      0.798      0.887      1.342      0.140
   521        111  (pi0)              -91   403     0   550   551     0     0      0.066      0.144      0.028      0.210      0.135
   522         22  gamma               91   409     0     0     0     0     0     -0.891      1.410      1.259      2.090      0.000
   523         22  gamma               91   409     0     0     0     0     0     -1.373      2.445      1.999      3.443      0.000
   524         22  gamma               91   416     0     0     0     0     0     -0.057      0.051     -5.387      5.388      0.000
   525         22  gamma               91   416     0     0     0     0     0      0.068      0.036    -10.246     10.247      0.000
   526         22  gamma               91   419     0     0     0     0     0     -0.098      0.023     -3.010      3.011      0.000
   527         22  gamma               91   419     0     0     0     0     0     -0.012     -0.081     -2.977      2.979      0.000
   528         22  gamma               91   422     0     0     0     0     0      0.060     -0.092     -2.707      2.710      0.000
   529         22  gamma               91   422     0     0     0     0     0     -0.063     -0.059     -3.513      3.514      0.000
   530         22  gamma               91   425     0     0     0     0     0      0.061      0.060     -0.081      0.118      0.000
   531         22  gamma               91   425     0     0     0     0     0     -0.032      0.021      0.031      0.049      0.000
   532         22  gamma               91   430     0     0     0     0     0      0.151      0.122      5.539      5.542      0.000
   533         22  gamma               91   430     0     0     0     0     0      0.013     -0.022      2.231      2.232      0.000
   534         22  gamma               91   435     0     0     0     0     0     -0.087      0.043    365.245    365.245      0.000
   535         22  gamma               91   435     0     0     0     0     0     -0.004     -0.014    682.440    682.440      0.000
   536        313  (K*0)              -91   487     0   552   553     0     0    -10.530      0.028     13.760     17.348      0.854
   537        111  (pi0)              -91   487     0   554   555     0     0     -8.033      0.145     12.694     15.024      0.135
   538         22  gamma               91   490     0     0     0     0     0     -2.841      0.193      3.863      4.800      0.000
   539         22  gamma               91   490     0     0     0     0     0     -5.993      0.588      8.035     10.041      0.000
   540         22  gamma               91   493     0     0     0     0     0     -1.023      0.057      1.746      2.024      0.000
   541         22  gamma               91   493     0     0     0     0     0     -0.134      0.046      0.186      0.234      0.000
   542        211  pi+                 91   494     0     0     0     0     0     -2.051      0.196      2.912      3.570      0.140
   543       -211  pi-                 91   494     0     0     0     0     0     -3.809     -0.173      5.165      6.421      0.140
   544        111  (pi0)              -91   494     0   556   557     0     0     -6.206     -0.096      8.898     10.850      0.135
   545        -11  e+                  91   496     0     0     0     0     0      7.186     -4.013     -4.754      9.505      0.001
   546         12  nu_e                91   496     0     0     0     0     0     42.769    -24.888    -25.016     55.447      0.000
   547        221  (eta)              -91   496     0   558   559     0     0     28.354    -16.485    -17.358     37.112      0.548
   548         22  gamma               91   500     0     0     0     0     0     16.632     -9.497     -8.062     20.780      0.000
   549         22  gamma               91   500     0     0     0     0     0      0.583     -0.375     -0.401      0.801      0.000
   550         22  gamma               91   521     0     0     0     0     0      0.002      0.099     -0.040      0.107      0.000
   551         22  gamma               91   521     0     0     0     0     0      0.064      0.045      0.068      0.103      0.000
   552        321  K+                  91   536     0     0     0     0     0     -7.626     -0.117      9.609     12.278      0.494
   553       -211  pi-                 91   536     0     0     0     0     0     -2.904      0.146      4.151      5.070      0.140
   554         22  gamma               91   537     0     0     0     0     0     -4.163      0.140      6.546      7.759      0.000
   555         22  gamma               91   537     0     0     0     0     0     -3.870      0.005      6.149      7.265      0.000
   556         22  gamma               91   544     0     0     0     0     0     -2.758     -0.108      3.929      4.801      0.000
   557         22  gamma               91   544     0     0     0     0     0     -3.449      0.012      4.969      6.049      0.000
   558         22  gamma               91   547     0     0     0     0     0     11.268     -6.831     -7.106     14.971      0.000
   559         22  gamma               91   547     0     0     0     0     0     17.086     -9.654    -10.252     22.141      0.000
                                   Charge sum:  2.000           Momentum sum:      0.000     -0.000     -0.000  13000.000  13000.000

 --------  End PYTHIA Event Listing  -----------------------------------------------------------------------------------------------
#--------------------------------------------------------------------------
#                     FastJet release 3.4.0 [fjcore]
#                 M. Cacciari, G.P. Salam and G. Soyez                  
#     A software package for jet finding and analysis at colliders      
#                           http://fastjet.fr                           
#	                                                                      
# Please cite EPJC72(2012)1896 [arXiv:1111.6097] if you use this package
# for scientific work and optionally PLB641(2006)57 [hep-ph/0512210].   
#                                                                       
# FastJet is provided without warranty under the GNU GPL v2 or higher.  
# It uses T. Chan's closest pair algorithm, S. Fortune's Voronoi code
# and 3rd party plugin jet algorithms. See COPYING file for details.
#--------------------------------------------------------------------------
 PYTHIA Warning in SimpleSpaceShower::pT2nextQCD: weight above unity  
 PYTHIA Warning in SimpleSpaceShower::pT2nextQCD: small daughter PDF  
 PYTHIA Warning in StringFragmentation::fragmentToJunction: bad convergence junction rest frame  
 PYTHIA Warning in TauDecays::decay: maximum decay weight exceeded in tau decay  
 PYTHIA Warning in HadronWidths::pickMasses: angular momentum and running widths not used  
 PYTHIA Warning in ColConfig::collect: negative-energy parton encountered  
 PYTHIA Error in StringFragmentation::fragment: stuck in joining  
 PYTHIA Error in Pythia::next: hadronLevel failed; try again  

 Pythia::next(): 1000 events have been generated 
 PYTHIA Error in BeamRemnants::setKinematics: kinematics construction failed  

 Pythia::next(): 2000 events have been generated 

 Pythia::next(): 3000 events have been generated 

 Pythia::next(): 4000 events have been generated 
 PYTHIA Warning in Pythia::check: not quite matched particle energy/momentum/mass  
 PYTHIA Error in Pythia::check: unmatched particle energy/momentum/mass  
 PYTHIA Error in Pythia::next: check of event revealed problems  

 Pythia::next(): 5000 events have been generated 

 Pythia::next(): 6000 events have been generated 

 Pythia::next(): 7000 events have been generated 
 PYTHIA Warning in MultipartonInteractions::pTnext: weight above unity  

 Pythia::next(): 8000 events have been generated 

 Pythia::next(): 9000 events have been generated 
 PYTHIA Error in SimpleSpaceShower::pT2nearThreshold: stuck in loop  

 *-------  PYTHIA Event and Cross Section Statistics  -------------------------------------------------------------*
 |                                                                                                                 |
 | Subprocess                                    Code |            Number of events       |      sigma +- delta    |
 |                                                    |       Tried   Selected   Accepted |     (estimated) (mb)   |
 |                                                    |                                   |                        |
 |-----------------------------------------------------------------------------------------------------------------|
 |                                                    |                                   |                        |
 | Les Houches User Process(es)                  9999 |       10000      10000      10000 |   8.317e-08  0.000e+00 |
 |    ... whereof user classification code     322200 |       10000      10000      10000 |                        | 
 |                                                    |                                   |                        |
 | sum                                                |       10000      10000      10000 |   8.317e-08  0.000e+00 |
 |                                                                                                                 |
 *-------  End PYTHIA Event and Cross Section Statistics ----------------------------------------------------------*

 *-------  PYTHIA Error and Warning Messages Statistics  ----------------------------------------------------------* 
 |                                                                                                                 | 
 |  times   message                                                                                                | 
 |                                                                                                                 | 
 |      3   Error in BeamRemnants::setKinematics: kinematics construction failed                                   | 
 |      3   Error in Pythia::check: unmatched particle energy/momentum/mass                                        | 
 |      2   Error in Pythia::next: check of event revealed problems                                                | 
 |      3   Error in Pythia::next: hadronLevel failed; try again                                                   | 
 |      2   Error in SimpleSpaceShower::pT2nearThreshold: stuck in loop                                            | 
 |      3   Error in StringFragmentation::fragment: stuck in joining                                               | 
 |      5   Warning in ColConfig::collect: negative-energy parton encountered                                      | 
 |      2   Warning in HadronWidths::pickMasses: angular momentum and running widths not used                      | 
 |      1   Warning in MultipartonInteractions::pTnext: weight above unity                                         | 
 |      3   Warning in Pythia::check: not quite matched particle energy/momentum/mass                              | 
 |   1609   Warning in SimpleSpaceShower::pT2nextQCD: small daughter PDF                                           | 
 |   4443   Warning in SimpleSpaceShower::pT2nextQCD: weight above unity                                           | 
 |     38   Warning in StringFragmentation::fragmentToJunction: bad convergence junction rest frame                | 
 |      1   Warning in TauDecays::decay: maximum decay weight exceeded in tau decay                                | 
 |      2   Warning in TimeShower::init: pTmin too low                                                             | 
 |                                                                                                                 | 
 *-------  End PYTHIA Error and Warning Messages Statistics  ------------------------------------------------------* 
Using LHE File: /nfs/dust/cms/user/amoroso/powheg/POWHEG-BOX-V2/ttJ_MiNNLOPS_v1.0_beta1/decay-ll/pwgevents-0519.lhe
less then 10000 events in LHE, using all LHE events
np.shape(P0) = (10000, 3, 9)
np.shape(nJets) = (10000, 2)
np.shape(jets_4vectors) = (10000, 20, 6)
