Configured CUDA from: /cvmfs/sft.cern.ch/lcg/releases/cuda/12.4-4899e/x86_64-el9-gcc11-opt

 *------------------------------------------------------------------------------------* 
 |                                                                                    | 
 |  *------------------------------------------------------------------------------*  | 
 |  |                                                                              |  | 
 |  |                                                                              |  | 
 |  |   PPP   Y   Y  TTTTT  H   H  III    A      Welcome to the Lund Monte Carlo!  |  | 
 |  |   P  P   Y Y     T    H   H   I    A A     This is PYTHIA version 8.309      |  | 
 |  |   PPP     Y      T    HHHHH   I   AAAAA    Last date of change: 16 Feb 2023  |  | 
 |  |   P       Y      T    H   H   I   A   A                                      |  | 
 |  |   P       Y      T    H   H  III  A   A    Now is 03 Sep 2024 at 19:04:23    |  | 
 |  |                                                                              |  | 
 |  |   Program documentation and an archive of historic versions is found on:     |  | 
 |  |                                                                              |  | 
 |  |                               https://pythia.org/                            |  | 
 |  |                                                                              |  | 
 |  |   PYTHIA is authored by a collaboration consisting of:                       |  | 
 |  |                                                                              |  | 
 |  |   Christian Bierlich, Nishita Desai, Leif Gellersen, Ilkka Helenius, Philip  |  | 
 |  |   Ilten, Leif Lonnblad, Stephen Mrenna, Stefan Prestel, Christian Preuss,    |  | 
 |  |   Torbjorn Sjostrand, Peter Skands, Marius Utheim and Rob Verheyen.          |  | 
 |  |                                                                              |  | 
 |  |   The complete list of authors, including contact information and            |  | 
 |  |   affiliations, can be found on https://pythia.org/.                         |  | 
 |  |   Problems or bugs should be reported on email at authors@pythia.org.        |  | 
 |  |                                                                              |  | 
 |  |   The main program reference is C. Bierlich et al,                           |  | 
 |  |   'A comprehensive guide to the physics and usage of Pythia 8.3',            |  | 
 |  |   SciPost Phys. Codebases 8-r8.3 (2022) [arXiv:2203.11601 [hep-ph]]          |  | 
 |  |                                                                              |  | 
 |  |   PYTHIA is released under the GNU General Public Licence version 2 or later.|  | 
 |  |   Please respect the MCnet Guidelines for Event Generator Authors and Users. |  | 
 |  |                                                                              |  | 
 |  |   Disclaimer: this program comes without any guarantees.                     |  | 
 |  |   Beware of errors and use common sense when interpreting results.           |  | 
 |  |                                                                              |  | 
 |  |   Copyright (C) 2023 Torbjorn Sjostrand                                      |  | 
 |  |                                                                              |  | 
 |  |                                                                              |  | 
 |  *------------------------------------------------------------------------------*  | 
 |                                                                                    | 
 *------------------------------------------------------------------------------------* 


 *-------  PYTHIA Process Initialization  --------------------------*
 |                                                                  |
 | We collide p+ with p+ at a CM energy of 1.300e+04 GeV            |
 |                                                                  |
 |------------------------------------------------------------------|
 |                                                    |             |
 | Subprocess                                    Code |   Estimated |
 |                                                    |    max (mb) |
 |                                                    |             |
 |------------------------------------------------------------------|
 |                                                    |             |
 | Les Houches User Process(es)                  9999 |   1.000e-09 |
 |                                                                  |
 *-------  End PYTHIA Process Initialization -----------------------*
 PYTHIA Warning in TimeShower::init: pTmin too low , raised to 0.611

 *-------  PYTHIA Multiparton Interactions Initialization  ---------* 
 |                                                                  | 
 |                   sigmaNonDiffractive =    55.51 mb              | 
 |                                                                  | 
 |    pT0 =  1.44 gives sigmaInteraction =   398.46 mb: accepted    | 
 |                                                                  | 
 *-------  End PYTHIA Multiparton Interactions Initialization  -----* 

 *-------  PYTHIA Flag + Mode + Parm + Word + FVec + MVec + PVec + WVec Settings (changes only)  ------------------* 
 |                                                                                                                 | 
 | Name                                          |                      Now |      Default         Min         Max | 
 |                                               |                          |                                      | 
 | Beams:frameType                               |                        4 |            1           1           5 | 
 | Beams:LHEF                                    | /nfs/dust/cms/user/amoroso/powheg/POWHEG-BOX-V2/ttJ_MiNNLOPS_v1.0_beta1/decay-ll/pwgevents-0056.lhe |         void | 
 | ColourReconnection:range                      |                  5.17600 |      1.80000         0.0    10.00000 | 
 | Main:timesAllowErrors                         |                      500 |           10           0             | 
 | MultipartonInteractions:alphaSorder           |                        2 |            1           0           3 | 
 | MultipartonInteractions:alphaSvalue           |                  0.11800 |      0.13000   0.0600000     0.25000 | 
 | MultipartonInteractions:bProfile              |                        2 |            3           0           4 | 
 | MultipartonInteractions:coreFraction          |                  0.63000 |      0.50000         0.0     1.00000 | 
 | MultipartonInteractions:coreRadius            |                  0.76340 |      0.40000     0.10000     1.00000 | 
 | MultipartonInteractions:ecmPow                |                0.0334400 |      0.21500         0.0     0.50000 | 
 | MultipartonInteractions:pT0Ref                |                  1.41000 |      2.28000     0.50000    10.00000 | 
 | ParticleDecays:limitTau                       |                       on |          off                         | 
 | PartonLevel:FSR                               |                      off |           on                         | 
 | PDF:pSet                                      |                       20 |           13                         | 
 | Random:seed                                   |                       56 |           -1               900000000 | 
 | Random:setSeed                                |                       on |          off                         | 
 | SigmaProcess:alphaSorder                      |                        2 |            1           0           3 | 
 | SigmaProcess:alphaSvalue                      |                  0.11800 |      0.13000   0.0600000     0.25000 | 
 | SigmaTotal:mode                               |                        0 |            1           0           4 | 
 | SigmaTotal:sigmaEl                            |                 21.89000 |     25.00000         0.0             | 
 | SigmaTotal:sigmaTot                           |                100.30900 |    100.00000         0.0             | 
 | SigmaTotal:zeroAXB                            |                      off |           on                         | 
 | SpaceShower:alphaSorder                       |                        2 |            1           0           3 | 
 | SpaceShower:alphaSvalue                       |                  0.11800 |      0.13650   0.0600000     0.25000 | 
 | SpaceShower:dipoleRecoil                      |                       on |          off                         | 
 | SpaceShower:pTmaxMatch                        |                        1 |            0           0           2 | 
 | TimeShower:alphaSorder                        |                        2 |            1           0           3 | 
 | TimeShower:alphaSvalue                        |                  0.11800 |      0.13650   0.0600000     0.25000 | 
 |                                                                                                                 | 
 *-------  End PYTHIA Flag + Mode + Parm + Word + FVec + MVec + PVec + WVec Settings  -----------------------------* 

 --------  PYTHIA Particle Data Table (changed only)  ------------------------------------------------------------------------------
 
      id   name            antiName         spn chg col      m0        mWidth      mMin       mMax       tau0    res dec ext vis wid
             no onMode   bRatio   meMode     products 

       6  t                tbar               2   2   1  173.00000    1.36916   86.00000    0.00000  1.44122e-13   1   1   0   1   0
              0     1   0.0000664    0       24        1 
              1     1   0.0017361    0       24        3 
              2     1   0.9981975    0       24        5 
              3     1   0.0000000    0       37        5 

 --------  End PYTHIA Particle Data Table  -----------------------------------------------------------------------------------------


 --------  LHA event information and listing  ---------------------------------------------------------------------- 

    process =   322200    weight =   1.0325e+02     scale =   1.4873e+00 (GeV) 
                        alpha_em =  -1.0000e+00    alpha_strong =   4.4262e-01

    Participating Particles 
    no        id stat     mothers     colours      p_x        p_y        p_z         e          m        tau    spin 
     1         2   -1     0     0   511     0      0.000      0.000   1177.126   1177.126      0.000   0.000   9.000
     2        -2   -1     0     0     0   512      0.000      0.000    -39.622     39.622      0.000   0.000   9.000
     3         6    2     1     2   511     0    -12.373     34.952    715.504    736.860    172.165   0.000   9.000
     4        -6    2     1     2     0   513     12.376    -32.956    433.620    468.041    172.617   0.000   9.000
     5        21    1     1     2   514   512      0.372     -1.163     -4.316      4.485      0.000   0.000   9.000
     6        21    1     1     2   513   514     -0.376     -0.833     -7.305      7.361      0.000   0.000   9.000
     7         5    1     3     3   511     0    -26.105    -44.032    120.894    131.377      4.920   0.000  -1.000
     8        24    2     3     3     0     0     13.733     78.984    594.610    605.483     81.368   0.000   9.000
     9        -5    1     4     4     0   513      8.846    -45.086     27.212     53.625      4.920   0.000   1.000
    10       -24    2     4     4     0     0      3.530     12.130    406.408    414.415     80.084   0.000   9.000
    11       -15    1     8     8     0     0    -14.642     83.130    404.028    412.756      1.777   0.000   1.000
    12        16    1     8     8     0     0     28.375     -4.146    190.582    192.727      0.000   0.000  -1.000
    13        13    1    10    10     0     0     21.620     39.083    295.448    298.805      0.106   0.000  -1.000
    14       -14    1    10    10     0     0    -18.091    -26.953    110.959    115.610      0.000   0.000   1.000

 --------  End LHA event information and listing  ------------------------------------------------------------------ 

 --------  PYTHIA Info Listing  ---------------------------------------- 
 
 Beam A: id =   2212, pz =  6.500e+03, e =  6.500e+03, m =  9.383e-01.
 Beam B: id =   2212, pz = -6.500e+03, e =  6.500e+03, m =  9.383e-01.

 In 1: id =    2, x =  1.811e-01, pdf =  0.000e+00 at Q2 =  2.212e+00.
 In 2: id =   -2, x =  6.096e-03, pdf =  0.000e+00 at same Q2.

 Process Les Houches User Process(es) with code 9999 is 2 -> 4.
 Subprocess user process 322200 with code 322200 is 2 -> 4.
     alphaEM =  7.475e-03,  alphaS =  4.426e-01    at Q2 =  2.212e+00.

 Impact parameter b =  9.031e-01 gives enhancement factor =  8.279e-01.
 Max pT scale for MPI =  1.300e+04, ISR =  1.487e+00, FSR =  1.487e+00.
 Number of MPI =     9, ISR =     4, FSRproc =     0, FSRreson =     0.

 --------  End PYTHIA Info Listing  ------------------------------------

 --------  PYTHIA Event Listing  (hard process)  -----------------------------------------------------------------------------------
 
    no         id  name            status     mothers   daughters     colours      p_x        p_y        p_z         e          m 
     0         90  (system)           -11     0     0     0     0     0     0      0.000      0.000      0.000  13000.000  13000.000
     1       2212  (p+)               -12     0     0     3     0     0     0      0.000      0.000   6500.000   6500.000      0.938
     2       2212  (p+)               -12     0     0     4     0     0     0      0.000      0.000  -6500.000   6500.000      0.938
     3          2  (u)                -21     1     0     5     8   511     0      0.000      0.000   1177.126   1177.126      0.000
     4         -2  (ubar)             -21     2     0     5     8     0   512      0.000      0.000    -39.622     39.622      0.000
     5          6  (t)                -22     3     4     9    10   511     0    -12.373     34.952    715.504    736.860    172.165
     6         -6  (tbar)             -22     3     4    11    12     0   513     12.376    -32.956    433.620    468.041    172.617
     7         21  g                   23     3     4     0     0   514   512      0.372     -1.163     -4.316      4.485      0.000
     8         21  g                   23     3     4     0     0   513   514     -0.376     -0.833     -7.305      7.361      0.000
     9          5  b                   23     5     0     0     0   511     0    -26.105    -44.032    120.894    131.377      4.920
    10         24  (W+)               -22     5     0    13    14     0     0     13.733     78.984    594.610    605.483     81.368
    11         -5  bbar                23     6     0     0     0     0   513      8.846    -45.086     27.212     53.625      4.920
    12        -24  (W-)               -22     6     0    15    16     0     0      3.530     12.130    406.408    414.415     80.084
    13        -15  tau+                23    10     0     0     0     0     0    -14.642     83.130    404.028    412.756      1.777
    14         16  nu_tau              23    10     0     0     0     0     0     28.375     -4.146    190.582    192.727      0.000
    15         13  mu-                 23    12     0     0     0     0     0     21.620     39.083    295.448    298.805      0.106
    16        -14  nu_mubar            23    12     0     0     0     0     0    -18.091    -26.953    110.959    115.610      0.000
                                   Charge sum:  0.000           Momentum sum:      0.000     -0.000   1137.504   1216.747    431.924

 --------  End PYTHIA Event Listing  -----------------------------------------------------------------------------------------------

 --------  PYTHIA Event Listing  (complete event)  ---------------------------------------------------------------------------------
 
    no         id  name            status     mothers   daughters     colours      p_x        p_y        p_z         e          m 
     0         90  (system)           -11     0     0     0     0     0     0      0.000      0.000      0.000  13000.000  13000.000
     1       2212  (p+)               -12     0     0    61     0     0     0      0.000      0.000   6500.000   6500.000      0.938
     2       2212  (p+)               -12     0     0    62     0     0     0      0.000      0.000  -6500.000   6500.000      0.938
     3          2  (u)                -21    61    61     5     8   511     0      0.000      0.000   1177.126   1177.126      0.000
     4         -2  (ubar)             -21    62    62     5     8     0   512      0.000      0.000    -39.622     39.622      0.000
     5          6  (t)                -22     3     4    63    63   511     0    -12.373     34.952    715.504    736.860    172.165
     6         -6  (tbar)             -22     3     4    64    64     0   513     12.376    -32.956    433.620    468.041    172.617
     7         21  (g)                -23     3     4    65    65   514   512      0.372     -1.163     -4.316      4.485      0.000
     8         21  (g)                -23     3     4    66    66   513   514     -0.376     -0.833     -7.305      7.361      0.000
     9         21  (g)                -31    39    39    11    12   515   516      0.000      0.000    196.048    196.048      0.000
    10         21  (g)                -31    40     0    11    12   517   518      0.000      0.000     -0.399      0.399      0.000
    11         21  (g)                -33     9    10    41    41   515   518      2.432      4.710    176.441    176.520      0.000
    12         21  (g)                -33     9    10    42    42   517   516     -2.432     -4.710     19.209     19.927      0.000
    13         21  (g)                -31    21    21    15    16   519   520      0.000      0.000     62.706     62.706      0.000
    14         21  (g)                -31    22     0    15    16   520   521      0.000      0.000    -20.747     20.747      0.000
    15         21  (g)                -33    13    14    23    23   519   522     -0.771      3.896     62.452     62.578      0.000
    16         21  (g)                -33    13    14    24    24   522   521      0.771     -3.896    -20.493     20.874      0.000
    17         -3  (sbar)             -31    77    77    19    20     0   523      0.000      0.000      0.155      0.155      0.000
    18         21  (g)                -31    78    78    19    20   523   524      0.000      0.000  -2432.527   2432.527      0.000
    19         -3  (sbar)             -33    17    18    79    79     0   525      0.913      1.857     -7.183      7.491      0.500
    20         21  (g)                -33    17    18    80    80   525   524     -0.913     -1.857  -2425.190   2425.191      0.000
    21         21  (g)                -42    72    72    13    13   519   520      0.000      0.000     62.706     62.706      0.000
    22         21  (g)                -41    73    73    25    14   526   521      0.000     -0.000    -25.815     25.815      0.000
    23         21  (g)                -44    15    15    74    74   519   522     -0.771      3.896     62.452     62.578      0.000
    24         21  (g)                -44    16    16    75    75   522   521      1.355     -3.414    -21.414     21.727      0.000
    25         21  (g)                -43    22     0    76    76   526   520     -0.584     -0.482     -4.148      4.216      0.000
    26          1  (d)                -31    34    34    28    29   527     0      0.000      0.000      3.888      3.888      0.000
    27         21  (g)                -31    35     0    28    29   528   527      0.000      0.000     -1.053      1.053      0.000
    28          1  (d)                -33    26    27    36    36   529     0      0.651      0.456      3.681      3.780      0.330
    29         21  (g)                -33    26    27    37    37   528   529     -0.651     -0.456     -0.846      1.160      0.000
    30         21  (g)                -31    44     0    32    33   531   532      0.000      0.000      0.004      0.004      0.000
    31          2  (u)                -31    45    45    32    33   530     0      0.000      0.000   -136.233    136.233      0.000
    32         21  (g)                -33    30    31    46    46   530   532     -0.085     -0.722    -50.873     50.878      0.000
    33          2  (u)                -33    30    31    47    47   531     0      0.085      0.722    -85.356     85.360      0.330
    34          1  (d)                -42    81    81    26    26   527     0     -0.000      0.000      3.888      3.888      0.000
    35          1  (d)                -41    82    82    38    27   528     0      0.000     -0.000    -12.784     12.784      0.000
    36          1  (d)                -44    28    28    83    83   529     0      0.638      0.487      3.613      3.716      0.330
    37         21  (g)                -44    29    29    84    84   528   529     -0.915      0.184     -0.829      1.249      0.000
    38          1  (d)                -43    35     0    85    85   527     0      0.278     -0.672    -11.680     11.707      0.330
    39         21  (g)                -42    67    67     9     9   515   516      0.000      0.000    196.048    196.048      0.000
    40         21  (g)                -41    68    68    43    10   517   533      0.000      0.000    -91.399     91.399      0.000
    41         21  (g)                -44    11    11    69    69   515   518      2.432      4.710    176.441    176.520      0.000
    42         21  (g)                -44    12    12    70    70   517   516     -3.053     -4.350     19.206     19.927      0.000
    43         21  (g)                -43    40     0    71    71   518   533      0.621     -0.359    -90.997     91.000      0.000
    44         21  (g)                -41    86    86    48    30   531   534      0.000      0.000     31.578     31.578      0.000
    45          2  (u)                -42    87    87    31    31   530     0      0.000      0.000   -136.233    136.233      0.000
    46         21  (g)                -44    32    32    88    88   530   532     -0.085     -0.722    -50.873     50.878      0.000
    47          2  (u)                -44    33    33    89    89   531     0     -0.039      1.416    -85.348     85.360      0.330
    48         21  (g)                -43    44     0    90    90   532   534      0.124     -0.693     31.565     31.573      0.000
    49         21  (g)                -31    91    91    51    52   535   536      0.000      0.000     21.080     21.080      0.000
    50         21  (g)                -31    92    92    51    52   536   537      0.000      0.000   -224.633    224.633      0.000
    51         21  (g)                -33    49    50    93    93   535   538      0.060      0.537     21.076     21.083      0.000
    52         21  (g)                -33    49    50    94    94   538   537     -0.060     -0.537   -224.630    224.630      0.000
    53         21  (g)                -31    95    95    55    56   539   540      0.000      0.000      0.223      0.223      0.000
    54         21  (g)                -31    96    96    55    56   540   541      0.000      0.000    -33.059     33.059      0.000
    55         21  (g)                -33    53    54    97    97   539   542     -0.411     -0.079      0.023      0.419      0.000
    56         21  (g)                -33    53    54    98    98   542   541      0.411      0.079    -32.860     32.863      0.000
    57         21  (g)                -31    99    99    59    60   544   543      0.000      0.000      1.542      1.542      0.000
    58         21  (g)                -31   100   100    59    60   545   544      0.000      0.000    -52.546     52.546      0.000
    59         21  (g)                -33    57    58   101   101   546   543     -0.319     -0.015      1.525      1.558      0.000
    60         21  (g)                -33    57    58   102   102   545   546      0.319      0.015    -52.529     52.530      0.000
    61          2  (u)                -61     1     0     3     3   515     0     -0.940      0.729   1177.100   1177.100      0.000
    62         -2  (ubar)             -61     2     0     4     4     0   512      0.871      3.493    -39.541     39.705      0.000
    63          6  (t)                -62     5     5   109   110   511     0    -12.719     36.344    716.899    738.287    172.165
    64         -6  (tbar)             -62     6     6   111   112     0   517     12.395    -31.160    432.343    466.735    172.617
    65         21  (g)                -62     7     7   165   165   514   512      0.469     -0.775     -4.354      4.447      0.000
    66         21  (g)                -62     8     8   117     0   513   530     -0.214     -0.187     -7.330      7.336      0.000
    67         21  (g)                -61     1     0    39    39   533   533     -0.305      0.008    196.047    196.048      0.000
    68         21  (g)                -61     2     0    40    40   516   516     -0.390      0.865    -91.398     91.402      0.000
    69         21  (g)                -62    41    41   223   223   515   519      2.157      4.717    176.459    176.535      0.000
    70         21  (g)                -62    42    42   177   177   517   546     -3.085     -4.346     19.189     19.915      0.000
    71         21  (g)                -62    43    43   171   171   518   525      0.232      0.501    -90.998     91.000      0.000
    72         21  (g)                -61     1     0    21    21   521   521      2.271     -0.781     62.583     62.629      0.000
    73         21  (g)                -61     2     0    22    22   520   520     -2.294      2.583    -25.683     25.914      0.000
    74         21  (g)                -62    23    23   222   222   519   535      1.494      3.120     62.597     62.693      0.000
    75         21  (g)                -62    24    24   166   166   522   514     -0.562     -1.254    -21.580     21.624      0.000
    76         21  (g)                -62    25    25   173   173   526   545     -0.954     -0.064     -4.117      4.227      0.000
    77         -3  (sbar)             -61     1     0    17    17     0   515      0.381     -0.261     -0.190      0.500      0.000
    78         21  (g)                -61     2     0    18    18   515   524      0.341      0.088  -2432.627   2432.627      0.000
    79         -3  (sbar)             -62    19    19   121   121     0   524      1.294      1.596     -7.083      7.392      0.500
    80         21  (g)                -62    20    20   170   170   525   538     -0.572     -1.769  -2425.734   2425.735      0.000
    81          1  (d)                -61     1     0    34    34   527     0     -0.317      0.635      3.829      3.894      0.000
    82          1  (d)                -61     2     0    35    35   524     0      0.834     -0.883    -12.734     12.791      0.000
    83          1  (d)                -62    36    36   120   120   524     0      0.343      1.082      3.548      3.740      0.330
    84         21  (g)                -62    37    37   174   174   528   526     -0.861      0.142     -0.917      1.266      0.000
    85          1  (d)                -62    38    38   131   131   527     0      1.036     -1.472    -11.535     11.680      0.330
    86         21  (g)                -61     1     0    44    44   531   512     -0.592     -1.794     31.554     31.611      0.000
    87          2  (u)                -61     2     0    45    45   512     0     -0.851     -3.248   -136.293    136.335      0.000
    88         21  (g)                -62    46    46   117     0   530   522     -0.403     -1.936    -50.908     50.946      0.000
    89          2  (u)                -62    47    47   151   151   531     0     -0.572     -0.619    -85.362     85.367      0.330
    90         21  (g)                -62    48    48   220   220   532   511     -0.467     -2.487     31.531     31.632      0.000
    91         21  (g)                -61     1     0    49    49   537   537      1.187      0.022     21.060     21.093      0.000
    92         21  (g)                -61     2     0    50    50   536   536     -1.632     -1.247   -224.622    224.631      0.000
    93         21  (g)                -62    51    51   221   221   535   532      1.246      0.558     21.052     21.097      0.000
    94         21  (g)                -62    52    52   169   169   538   542     -1.692     -1.784   -224.615    224.628      0.000
    95         21  (g)                -61     1     0    53    53   541   541     -0.086      0.733     -0.403      0.841      0.000
    96         21  (g)                -61     2     0    54    54   540   540     -0.233     -0.673    -32.493     32.501      0.000
    97         21  (g)                -62    55    55   175   175   539   528     -0.498      0.648     -0.537      0.978      0.000
    98         21  (g)                -62    56    56   168   168   542   513      0.179     -0.588    -32.358     32.364      0.000
    99         21  (g)                -61     1     0    57    57   544   544     -0.475     -0.478      1.457      1.605      0.000
   100         21  (g)                -61     2     0    58    58   543   543      1.856     -0.259    -52.654     52.687      0.000
   101         21  (g)                -62    59    59   176   176   546   539     -0.791     -0.492      1.382      1.667      0.000
   102         21  (g)                -62    60    60   172   172   545   518      2.173     -0.244    -52.580     52.625      0.000
   103       2101  (ud_0)             -63     1     0   132   132     0   527     -0.427     -0.131   4102.849   4102.849      0.579
   104          3  (s)                -63     1     0   164   164   512     0     -0.574      0.527      1.820      2.042      0.500
   105         -1  (dbar)             -63     1     0   152   152     0   531     -0.125      0.792    900.762    900.762      0.330
   106       2101  (ud_0)             -63     2     0   224   224     0   515      0.616     -0.232  -3321.371   3321.371      0.579
   107          2  (u)                -63     2     0   118   119   551     0      0.244     -0.391    -94.535     94.536      0.330
   108         -1  (dbar)             -63     2     0   118   119     0   551      0.638     -0.096    -34.517     34.525      0.330
   109          5  (b)                -23    63     0   219   219   511     0    -26.167    -43.784    121.143    131.535      4.920
   110         24  (W+)               -22    63     0   113   114     0     0     13.448     80.128    595.757    606.752     81.368
   111         -5  (bbar)             -23    64     0   178   178     0   517      8.848    -44.880     27.066     53.379      4.920
   112        -24  (W-)               -22    64     0   115   116     0     0      3.547     13.720    405.277    413.357     80.084
   113        -15  (tau+)             -23   110     0   323   325     0     0    -14.836     83.910    404.810    413.685      1.777
   114         16  nu_tau              23   110     0     0     0     0     0     28.284     -3.782    190.947    193.067      0.000
   115         13  mu-                 23   112     0     0     0     0     0     21.633     40.230    294.633    298.153      0.106
   116        -14  nu_mubar            23   112     0     0     0     0     0    -18.086    -26.510    110.644    115.204      0.000
   117         21  (g)                -73    66    88   167   167   513   522     -0.618     -2.122    -58.238     58.282      0.478
   118        221  (eta)              -82   107   108   326   328     0     0      0.216      0.114    -66.727     66.730      0.548
   119        211  pi+                 82   107   108     0     0     0     0      0.667     -0.601    -62.325     62.331      0.140
   120          1  (d)                -71    83    83   122   130   524     0      0.343      1.082      3.548      3.740      0.330
   121         -3  (sbar)             -71    79    79   122   130     0   524      1.294      1.596     -7.083      7.392      0.500
   122       -213  (rho-)             -83   120   121   260   261     0     0      0.471      0.516      0.766      1.238      0.677
   123        111  (pi0)              -83   120   121   329   330     0     0     -0.244      0.586      1.290      1.444      0.135
   124        211  pi+                 83   120   121     0     0     0     0      0.282     -0.274     -0.035      0.419      0.140
   125       -213  (rho-)             -83   120   121   262   263     0     0      0.183      0.276     -0.541      1.057      0.846
   126        111  (pi0)              -84   120   121   331   332     0     0     -0.079      0.028      0.458      0.485      0.135
   127        211  pi+                 84   120   121     0     0     0     0     -0.070      0.885     -1.705      1.927      0.140
   128        223  (omega)            -84   120   121   333   335     0     0      0.733      0.214     -2.976      3.171      0.787
   129       -211  pi-                 84   120   121     0     0     0     0      0.374      0.502     -0.390      0.750      0.140
   130        321  K+                  84   120   121     0     0     0     0     -0.014     -0.055     -0.403      0.640      0.494
   131          1  (d)                -71    85    85   133   150   527     0      1.036     -1.472    -11.535     11.680      0.330
   132       2101  (ud_0)             -71   103   103   133   150     0   527     -0.427     -0.131   4102.849   4102.849      0.579
   133       -213  (rho-)             -83   131   132   264   265     0     0      0.833     -1.341     -9.728      9.884      0.755
   134        321  K+                  83   131   132     0     0     0     0     -0.232     -0.185     -1.385      1.500      0.494
   135       -321  K-                  83   131   132     0     0     0     0     -0.056      0.133      2.278      2.335      0.494
   136        211  pi+                 83   131   132     0     0     0     0      0.561     -0.358      0.854      1.092      0.140
   137        311  (K0)               -83   131   132   266   266     0     0      0.302      0.002      0.943      1.108      0.498
   138       -311  (Kbar0)            -83   131   132   267   267     0     0     -0.261      0.335      4.832      4.876      0.498
   139       2112  n0                  83   131   132     0     0     0     0     -0.213      0.128      4.396      4.502      0.940
   140      -2112  nbar0               83   131   132     0     0     0     0      0.104     -0.128     10.348     10.392      0.940
   141        223  (omega)            -83   131   132   336   338     0     0     -0.202      0.261      8.913      8.954      0.795
   142        331  (eta')             -84   131   132   339   341     0     0     -0.280     -0.353     50.774     50.785      0.958
   143       -211  pi-                 84   131   132     0     0     0     0      0.721      0.065    103.083    103.086      0.140
   144        111  (pi0)              -84   131   132   342   343     0     0     -0.181     -0.060     11.697     11.699      0.135
   145        113  (rho0)             -84   131   132   268   269     0     0      0.092      0.143     68.311     68.316      0.760
   146        211  pi+                 84   131   132     0     0     0     0     -0.523     -0.105    136.369    136.370      0.140
   147       -211  pi-                 84   131   132     0     0     0     0      0.262      0.431    427.588    427.588      0.140
   148        211  pi+                 84   131   132     0     0     0     0      0.009     -0.557   1214.934   1214.934      0.140
   149       2112  n0                  84   131   132     0     0     0     0     -0.277     -0.115   1734.445   1734.445      0.940
   150        111  (pi0)              -84   131   132   344   345     0     0     -0.050      0.099    322.663    322.663      0.135
   151          2  (u)                -71    89    89   153   163   531     0     -0.572     -0.619    -85.362     85.367      0.330
   152         -1  (dbar)             -71   105   105   153   163     0   531     -0.125      0.792    900.762    900.762      0.330
   153        223  (omega)            -83   151   152   346   347     0     0     -0.616     -0.637    -33.703     33.723      0.780
   154        323  (K*+)              -83   151   152   270   271     0     0      0.298      0.200    -38.609     38.621      0.892
   155       -313  (K*bar0)           -83   151   152   272   273     0     0     -0.408      0.240     -8.249      8.311      0.898
   156       -213  (rho-)             -83   151   152   274   275     0     0      0.359     -0.467     -4.360      4.475      0.818
   157        211  pi+                 83   151   152     0     0     0     0     -0.168      0.128      0.962      0.995      0.140
   158        111  (pi0)              -84   151   152   348   349     0     0     -0.033     -0.163     -0.223      0.309      0.135
   159        313  (K*0)              -84   151   152   276   277     0     0     -0.163      0.039      5.999      6.066      0.888
   160       -311  (Kbar0)            -84   151   152   278   278     0     0      0.377      0.250      6.226      6.262      0.498
   161       -213  (rho-)             -84   151   152   279   280     0     0     -0.533      0.303     44.021     44.028      0.547
   162        213  (rho+)             -84   151   152   281   282     0     0      0.123     -0.359    397.784    397.787      1.464
   163        221  (eta)              -84   151   152   350   352     0     0      0.068      0.641    445.550    445.551      0.548
   164          3  (s)                -71   104   104   179   218   512     0     -0.574      0.527      1.820      2.042      0.500
   165         21  (g)                -71    65    65   179   218   514   512      0.469     -0.775     -4.354      4.447      0.000
   166         21  (g)                -71    75    75   179   218   522   514     -0.562     -1.254    -21.580     21.624      0.000
   167         21  (g)                -71   117   117   179   218   513   522     -0.618     -2.122    -58.238     58.282      0.478
   168         21  (g)                -71    98    98   179   218   542   513      0.179     -0.588    -32.358     32.364      0.000
   169         21  (g)                -71    94    94   179   218   538   542     -1.692     -1.784   -224.615    224.628      0.000
   170         21  (g)                -71    80    80   179   218   525   538     -0.572     -1.769  -2425.734   2425.735      0.000
   171         21  (g)                -71    71    71   179   218   518   525      0.232      0.501    -90.998     91.000      0.000
   172         21  (g)                -71   102   102   179   218   545   518      2.173     -0.244    -52.580     52.625      0.000
   173         21  (g)                -71    76    76   179   218   526   545     -0.954     -0.064     -4.117      4.227      0.000
   174         21  (g)                -71    84    84   179   218   528   526     -0.861      0.142     -0.917      1.266      0.000
   175         21  (g)                -71    97    97   179   218   539   528     -0.498      0.648     -0.537      0.978      0.000
   176         21  (g)                -71   101   101   179   218   546   539     -0.791     -0.492      1.382      1.667      0.000
   177         21  (g)                -71    70    70   179   218   517   546     -3.085     -4.346     19.189     19.915      0.000
   178         -5  (bbar)             -71   111   111   179   218     0   517      8.848    -44.880     27.066     53.379      4.920
   179       -321  K-                  83   164   178     0     0     0     0     -0.295      0.386      1.424      1.583      0.494
   180        323  (K*+)              -83   164   178   283   284     0     0     -0.070      0.224     -0.823      1.218      0.866
   181       -313  (K*bar0)           -83   164   178   285   286     0     0      0.306     -0.516     -1.316      1.705      0.902
   182       -211  pi-                 83   164   178     0     0     0     0     -0.720     -0.317     -4.093      4.171      0.140
   183        223  (omega)            -83   164   178   353   355     0     0      0.318     -1.030    -14.247     14.309      0.783
   184        111  (pi0)              -83   164   178   356   357     0     0     -0.507     -0.260     -9.738      9.755      0.135
   185        111  (pi0)              -83   164   178   358   360     0     0      0.272     -0.158     -1.483      1.522      0.135
   186        213  (rho+)             -83   164   178   287   288     0     0      0.097     -0.726    -40.884     40.899      0.870
   187        221  (eta)              -83   164   178   361   363     0     0     -0.280     -0.572    -14.090     14.115      0.548
   188        111  (pi0)              -83   164   178   364   365     0     0     -0.543     -1.316    -75.206     75.219      0.135
   189       -211  pi-                 83   164   178     0     0     0     0     -0.005     -0.019     -3.147      3.150      0.140
   190        211  pi+                 83   164   178     0     0     0     0     -0.607     -0.608    -55.580     55.586      0.140
   191        113  (rho0)             -83   164   178   289   290     0     0     -0.387     -0.729    -82.269     82.277      0.795
   192       3212  (Sigma0)           -83   164   178   366   367     0     0     -0.457     -0.059   -607.224    607.226      1.193
   193      -3222  (Sigmabar-)        -83   164   178   368   369     0     0     -0.236     -0.819   -616.620    616.622      1.189
   194        323  (K*+)              -83   164   178   291   292     0     0     -0.202     -0.486   -906.847    906.847      0.899
   195       -311  (Kbar0)            -83   164   178   293   293     0     0     -0.230     -0.727   -233.146    233.148      0.498
   196        111  (pi0)              -83   164   178   370   371     0     0     -0.066      0.410   -137.396    137.396      0.135
   197        111  (pi0)              -84   164   178   372   373     0     0      1.044     -0.090    -34.703     34.720      0.135
   198        111  (pi0)              -84   164   178   374   376     0     0      0.426     -0.071    -25.419     25.423      0.135
   199       -213  (rho-)             -84   164   178   294   295     0     0      0.090     -0.180    -30.624     30.632      0.673
   200        211  pi+                 84   164   178     0     0     0     0      0.165      0.430     -1.609      1.680      0.140
   201       3212  (Sigma0)           -84   164   178   377   378     0     0     -0.324     -0.036    -10.002     10.078      1.193
   202        223  (omega)            -84   164   178   379   381     0     0      0.228     -0.107     -1.790      1.969      0.781
   203      -3222  Sigmabar-           84   164   178     0     0     0     0     -0.145      0.223     -3.041      3.276      1.189
   204        111  (pi0)              -84   164   178   382   383     0     0      0.031     -0.156     -0.292      0.359      0.135
   205        113  (rho0)             -84   164   178   296   297     0     0     -0.540     -0.118     -1.539      1.731      0.569
   206        211  pi+                 84   164   178     0     0     0     0     -0.362      0.216     -0.681      0.813      0.140
   207        111  (pi0)              -84   164   178   384   385     0     0      0.222     -0.409     -0.454      0.664      0.135
   208       -213  (rho-)             -84   164   178   298   299     0     0     -0.530      0.540     -0.371      1.163      0.802
   209        111  (pi0)              -84   164   178   386   387     0     0     -0.032      0.110      0.105      0.206      0.135
   210        211  pi+                 84   164   178     0     0     0     0     -0.246     -0.568      0.189      0.662      0.140
   211        223  (omega)            -84   164   178   388   390     0     0     -0.390     -0.700      2.008      2.301      0.788
   212       -211  pi-                 84   164   178     0     0     0     0      0.079      0.488      0.537      0.743      0.140
   213        213  (rho+)             -84   164   178   300   301     0     0     -1.791     -1.939      7.969      8.512      1.406
   214       -213  (rho-)             -84   164   178   302   303     0     0     -0.570     -0.809      3.476      3.657      0.555
   215        223  (omega)            -84   164   178   391   392     0     0     -0.764     -1.075      3.036      3.401      0.781
   216        211  pi+                 84   164   178     0     0     0     0     -0.373     -0.662      2.127      2.263      0.140
   217        223  (omega)            -84   164   178   393   395     0     0      1.074     -2.759      2.301      3.831      0.784
   218        513  (B*0)              -84   164   178   396   397     0     0      8.015    -41.508     24.891     49.346      5.325
   219          5  (b)                -71   109   109   225   259   511     0    -26.167    -43.784    121.143    131.535      4.920
   220         21  (g)                -71    90    90   225   259   532   511     -0.467     -2.487     31.531     31.632      0.000
   221         21  (g)                -71    93    93   225   259   535   532      1.246      0.558     21.052     21.097      0.000
   222         21  (g)                -71    74    74   225   259   519   535      1.494      3.120     62.597     62.693      0.000
   223         21  (g)                -71    69    69   225   259   515   519      2.157      4.717    176.459    176.535      0.000
   224       2101  (ud_0)             -71   106   106   225   259     0   515      0.616     -0.232  -3321.371   3321.371      0.579
   225       -521  (B-)               -83   219   224   398   401     0     0    -23.182    -38.110    106.758    115.822      5.279
   226        321  K+                  83   219   224     0     0     0     0     -0.798     -2.976      8.006      8.593      0.494
   227       -311  (Kbar0)            -83   219   224   304   304     0     0     -1.815     -1.640      5.877      6.385      0.498
   228       -211  pi-                 83   219   224     0     0     0     0      0.248     -0.331      2.893      2.925      0.140
   229        111  (pi0)              -83   219   224   402   403     0     0     -0.512     -1.191      6.661      6.787      0.135
   230        211  pi+                 83   219   224     0     0     0     0     -0.193     -0.263      2.013      2.044      0.140
   231       -211  pi-                 83   219   224     0     0     0     0     -0.323     -0.013      0.953      1.016      0.140
   232       2212  p+                  83   219   224     0     0     0     0      0.404     -0.839     17.645     17.694      0.938
   233      -2212  pbar-               83   219   224     0     0     0     0      0.568     -0.022     13.113     13.159      0.938
   234        211  pi+                 83   219   224     0     0     0     0     -0.358      0.201     10.750     10.759      0.140
   235        313  (K*0)              -83   219   224   305   306     0     0      0.578      0.923     24.576     24.618      0.934
   236       -323  (K*-)              -83   219   224   307   308     0     0      1.122      1.484     42.150     42.201      0.895
   237        213  (rho+)             -83   219   224   309   310     0     0      0.857      0.541     33.062     33.087      0.813
   238        111  (pi0)              -84   219   224   404   405     0     0     -0.232      0.838     21.405     21.423      0.135
   239        111  (pi0)              -84   219   224   406   407     0     0      0.629      0.764     20.685     20.710      0.135
   240        111  (pi0)              -84   219   224   408   409     0     0      0.778      1.102     53.066     53.083      0.135
   241        111  (pi0)              -84   219   224   410   411     0     0     -0.248      0.960     20.519     20.544      0.135
   242        113  (rho0)             -84   219   224   311   312     0     0      0.770      0.560     15.799     15.851      0.847
   243        111  (pi0)              -84   219   224   412   413     0     0      0.332     -0.381      2.558      2.611      0.135
   244        113  (rho0)             -84   219   224   313   314     0     0     -0.334     -0.100      1.855      2.037      0.767
   245        331  (eta')             -84   219   224   414   415     0     0      0.048      0.565      1.647      1.988      0.958
   246        113  (rho0)             -84   219   224   315   316     0     0      0.089      0.249     -0.833      1.506      1.227
   247        111  (pi0)              -84   219   224   416   417     0     0     -0.117     -0.056     -1.204      1.218      0.135
   248       -211  pi-                 84   219   224     0     0     0     0     -0.091     -0.228     -3.016      3.029      0.140
   249        213  (rho+)             -84   219   224   317   318     0     0     -0.019      0.396     -3.077      3.227      0.889
   250        223  (omega)            -84   219   224   418   419     0     0      0.115     -0.741    -12.773     12.819      0.783
   251       3212  (Sigma0)           -84   219   224   420   421     0     0      0.627      0.012    -33.967     33.994      1.193
   252      -3322  Xibar0              84   219   224     0     0     0     0     -0.693      0.541    -98.240     98.252      1.315
   253       -311  (Kbar0)            -84   219   224   319   319     0     0      0.248     -0.073    -48.107     48.110      0.498
   254       -211  pi-                 84   219   224     0     0     0     0     -0.038      0.084    -23.155     23.156      0.140
   255        211  pi+                 84   219   224     0     0     0     0     -0.110     -0.239   -107.826    107.826      0.140
   256        311  (K0)               -84   219   224   320   320     0     0      0.212      0.326   -388.976    388.977      0.498
   257       -311  (Kbar0)            -84   219   224   321   321     0     0      0.102     -0.285   -254.399    254.400      0.498
   258        331  (eta')             -84   219   224   422   423     0     0      0.276      0.080  -1037.041   1037.041      0.958
   259       2112  n0                  84   219   224     0     0     0     0     -0.061     -0.246  -1307.969   1307.969      0.940
   260       -211  pi-                 91   122     0     0     0     0     0     -0.078      0.225      0.450      0.528      0.140
   261        111  (pi0)              -91   122     0   424   425     0     0      0.549      0.292      0.316      0.710      0.135
   262       -211  pi-                 91   125     0     0     0     0     0     -0.099      0.385      0.003      0.421      0.140
   263        111  (pi0)              -91   125     0   426   427     0     0      0.282     -0.109     -0.543      0.636      0.135
   264       -211  pi-                 91   133     0     0     0     0     0      0.612     -1.192     -8.951      9.052      0.140
   265        111  (pi0)              -91   133     0   428   429     0     0      0.220     -0.149     -0.777      0.832      0.135
   266        130  K_L0                91   137   137     0     0     0     0      0.302      0.002      0.943      1.108      0.498
   267        130  K_L0                91   138   138     0     0     0     0     -0.261      0.335      4.832      4.876      0.498
   268        211  pi+                 91   145     0     0     0     0     0      0.035      0.390     24.964     24.968      0.140
   269       -211  pi-                 91   145     0     0     0     0     0      0.057     -0.247     43.347     43.348      0.140
   270        321  K+                  91   154     0     0     0     0     0     -0.034      0.068    -13.804     13.813      0.494
   271        111  (pi0)              -91   154     0   430   431     0     0      0.332      0.132    -24.805     24.808      0.135
   272       -321  K-                  91   155     0     0     0     0     0     -0.066      0.285     -6.365      6.391      0.494
   273        211  pi+                 91   155     0     0     0     0     0     -0.342     -0.045     -1.884      1.920      0.140
   274       -211  pi-                 91   156     0     0     0     0     0      0.461     -0.009     -2.773      2.815      0.140
   275        111  (pi0)              -91   156     0   432   433     0     0     -0.102     -0.459     -1.586      1.660      0.135
   276        321  K+                  91   159     0     0     0     0     0     -0.021     -0.189      2.540      2.594      0.494
   277       -211  pi-                 91   159     0     0     0     0     0     -0.142      0.228      3.459      3.472      0.140
   278        310  K_S0                91   160   160     0     0     0     0      0.377      0.250      6.226      6.262      0.498
   279       -211  pi-                 91   161     0     0     0     0     0     -0.566      0.343     35.329     35.336      0.140
   280        111  (pi0)              -91   161     0   434   435     0     0      0.032     -0.040      8.691      8.693      0.135
   281        211  pi+                 91   162     0     0     0     0     0      0.267     -0.584    378.380    378.380      0.140
   282        111  (pi0)              -91   162     0   436   437     0     0     -0.144      0.225     19.404     19.406      0.135
   283        311  (K0)               -91   180     0   322   322     0     0      0.115      0.038     -0.756      0.913      0.498
   284        211  pi+                 91   180     0     0     0     0     0     -0.185      0.186     -0.067      0.305      0.140
   285       -321  K-                  91   181     0     0     0     0     0      0.100     -0.070     -0.369      0.628      0.494
   286        211  pi+                 91   181     0     0     0     0     0      0.207     -0.446     -0.947      1.076      0.140
   287        211  pi+                 91   186     0     0     0     0     0     -0.274     -0.006    -13.537     13.540      0.140
   288        111  (pi0)              -91   186     0   438   439     0     0      0.370     -0.721    -27.347     27.359      0.135
   289        211  pi+                 91   191     0     0     0     0     0     -0.459     -0.405    -69.674     69.677      0.140
   290       -211  pi-                 91   191     0     0     0     0     0      0.072     -0.324    -12.595     12.600      0.140
   291        321  K+                  91   194     0     0     0     0     0     -0.002     -0.308   -789.873    789.873      0.494
   292        111  (pi0)              -91   194     0   440   441     0     0     -0.200     -0.178   -116.974    116.974      0.135
   293        130  K_L0                91   195   195     0     0     0     0     -0.230     -0.727   -233.146    233.148      0.498
   294       -211  pi-                 91   199     0     0     0     0     0      0.140     -0.355    -12.461     12.467      0.140
   295        111  (pi0)              -91   199     0   442   443     0     0     -0.050      0.175    -18.163     18.164      0.135
   296        211  pi+                 91   205     0     0     0     0     0     -0.201     -0.286     -0.901      0.977      0.140
   297       -211  pi-                 91   205     0     0     0     0     0     -0.339      0.168     -0.637      0.755      0.140
   298       -211  pi-                 91   208     0     0     0     0     0     -0.199     -0.139      0.055      0.285      0.140
   299        111  (pi0)              -91   208     0   444   445     0     0     -0.331      0.679     -0.426      0.878      0.135
   300        211  pi+                 91   213     0     0     0     0     0     -1.916     -1.867      6.514      7.043      0.140
   301        111  (pi0)              -91   213     0   446   447     0     0      0.125     -0.072      1.456      1.469      0.135
   302       -211  pi-                 91   214     0     0     0     0     0     -0.475     -0.375      2.492      2.569      0.140
   303        111  (pi0)              -91   214     0   448   449     0     0     -0.095     -0.434      0.984      1.088      0.135
   304        310  (K_S0)             -91   227   227   450   451     0     0     -1.815     -1.640      5.877      6.385      0.498
   305        321  K+                  91   235     0     0     0     0     0      0.674      0.595     15.205     15.240      0.494
   306       -211  pi-                 91   235     0     0     0     0     0     -0.096      0.327      9.371      9.379      0.140
   307       -321  K-                  91   236     0     0     0     0     0      0.720      1.127     35.038     35.067      0.494
   308        111  (pi0)              -91   236     0   452   453     0     0      0.401      0.357      7.112      7.134      0.135
   309        211  pi+                 91   237     0     0     0     0     0      0.219      0.545     11.696     11.711      0.140
   310        111  (pi0)              -91   237     0   454   455     0     0      0.638     -0.004     21.366     21.376      0.135
   311        211  pi+                 91   242     0     0     0     0     0      0.672      0.392      6.458      6.506      0.140
   312       -211  pi-                 91   242     0     0     0     0     0      0.098      0.167      9.341      9.344      0.140
   313        211  pi+                 91   244     0     0     0     0     0      0.188     -0.024      0.258      0.349      0.140
   314       -211  pi-                 91   244     0     0     0     0     0     -0.523     -0.076      1.597      1.688      0.140
   315        211  pi+                 91   246     0     0     0     0     0     -0.227      0.598     -0.163      0.675      0.140
   316       -211  pi-                 91   246     0     0     0     0     0      0.317     -0.349     -0.670      0.831      0.140
   317        211  pi+                 91   249     0     0     0     0     0     -0.140      0.336     -2.993      3.018      0.140
   318        111  (pi0)              -91   249     0   456   457     0     0      0.121      0.060     -0.084      0.209      0.135
   319        130  K_L0                91   253   253     0     0     0     0      0.248     -0.073    -48.107     48.110      0.498
   320        130  K_L0                91   256   256     0     0     0     0      0.212      0.326   -388.976    388.977      0.498
   321        130  K_L0                91   257   257     0     0     0     0      0.102     -0.285   -254.399    254.400      0.498
   322        310  K_S0                91   283   283     0     0     0     0      0.115      0.038     -0.756      0.913      0.498
   323        -16  nu_taubar           91   113     0     0     0     0     0     -6.206     31.138    151.840    155.124      0.000
   324        111  (pi0)              -91   113     0   458   459     0     0     -4.125     27.162    129.141    132.031      0.135
   325        211  pi+                 91   113     0     0     0     0     0     -4.506     25.610    123.829    126.530      0.140
   326        111  (pi0)              -91   118     0   460   461     0     0      0.060     -0.108    -16.937     16.938      0.135
   327        111  (pi0)              -91   118     0   462   463     0     0      0.031      0.086    -13.431     13.432      0.135
   328        111  (pi0)              -91   118     0   464   465     0     0      0.124      0.135    -36.359     36.360      0.135
   329         22  gamma               91   123     0     0     0     0     0     -0.124      0.402      0.955      1.043      0.000
   330         22  gamma               91   123     0     0     0     0     0     -0.120      0.184      0.335      0.401      0.000
   331         22  gamma               91   126     0     0     0     0     0     -0.107      0.033      0.236      0.261      0.000
   332         22  gamma               91   126     0     0     0     0     0      0.027     -0.005      0.222      0.223      0.000
   333        211  pi+                 91   128     0     0     0     0     0      0.586      0.083     -1.438      1.561      0.140
   334       -211  pi-                 91   128     0     0     0     0     0      0.127      0.198     -0.591      0.651      0.140
   335        111  (pi0)              -91   128     0   466   467     0     0      0.020     -0.067     -0.947      0.959      0.135
   336        211  pi+                 91   141     0     0     0     0     0     -0.172     -0.085      4.822      4.828      0.140
   337       -211  pi-                 91   141     0     0     0     0     0     -0.116      0.064      0.975      0.993      0.140
   338        111  (pi0)              -91   141     0   468   469     0     0      0.086      0.282      3.116      3.133      0.135
   339        211  pi+                 91   142     0     0     0     0     0     -0.131     -0.129     12.340     12.342      0.140
   340       -211  pi-                 91   142     0     0     0     0     0     -0.092      0.074     12.413     12.415      0.140
   341        221  (eta)              -91   142     0   470   471     0     0     -0.057     -0.297     26.021     26.029      0.548
   342         22  gamma               91   144     0     0     0     0     0     -0.184     -0.084     11.044     11.046      0.000
   343         22  gamma               91   144     0     0     0     0     0      0.003      0.025      0.653      0.653      0.000
   344         22  gamma               91   150     0     0     0     0     0     -0.053      0.012    229.712    229.712      0.000
   345         22  gamma               91   150     0     0     0     0     0      0.003      0.087     92.951     92.951      0.000
   346        111  (pi0)              -91   153     0   472   473     0     0     -0.103      0.075     -2.023      2.032      0.135
   347         22  gamma               91   153     0     0     0     0     0     -0.513     -0.713    -31.680     31.692      0.000
   348         22  gamma               91   158     0     0     0     0     0     -0.055     -0.150     -0.232      0.282      0.000
   349         22  gamma               91   158     0     0     0     0     0      0.022     -0.013      0.010      0.027      0.000
   350        211  pi+                 91   163     0     0     0     0     0      0.126      0.370    187.987    187.987      0.140
   351       -211  pi-                 91   163     0     0     0     0     0      0.020      0.048     87.688     87.689      0.140
   352        111  (pi0)              -91   163     0   474   475     0     0     -0.078      0.223    169.875    169.875      0.135
   353        211  pi+                 91   183     0     0     0     0     0     -0.040     -0.473     -4.413      4.440      0.140
   354       -211  pi-                 91   183     0     0     0     0     0      0.206     -0.567     -7.732      7.757      0.140
   355        111  (pi0)              -91   183     0   476   477     0     0      0.152      0.009     -2.102      2.112      0.135
   356         22  gamma               91   184     0     0     0     0     0     -0.103     -0.053     -3.044      3.046      0.000
   357         22  gamma               91   184     0     0     0     0     0     -0.404     -0.207     -6.694      6.709      0.000
   358         22  gamma               91   185     0     0     0     0     0      0.123     -0.028     -0.356      0.378      0.000
   359         11  e-                  91   185     0     0     0     0     0      0.136     -0.124     -1.049      1.065      0.001
   360        -11  e+                  91   185     0     0     0     0     0      0.013     -0.006     -0.077      0.079      0.001
   361         22  gamma               91   187     0     0     0     0     0     -0.256     -0.658    -13.482     13.500      0.000
   362         11  e-                  91   187     0     0     0     0     0     -0.015      0.055     -0.390      0.395      0.001
   363        -11  e+                  91   187     0     0     0     0     0     -0.009      0.031     -0.217      0.220      0.001
   364         22  gamma               91   188     0     0     0     0     0     -0.235     -0.415    -26.390     26.394      0.000
   365         22  gamma               91   188     0     0     0     0     0     -0.308     -0.901    -48.816     48.825      0.000
   366       3122  Lambda0             91   192     0     0     0     0     0     -0.446      0.006   -552.723    552.725      1.116
   367         22  gamma               91   192     0     0     0     0     0     -0.010     -0.065    -54.501     54.501      0.000
   368      -2212  pbar-               91   193     0     0     0     0     0     -0.011     -0.729   -552.530    552.531      0.938
   369         22  gamma               91   193     0     0     0     0     0     -0.225     -0.090    -64.090     64.091      0.000
   370         22  gamma               91   196     0     0     0     0     0      0.010      0.080    -45.111     45.111      0.000
   371         22  gamma               91   196     0     0     0     0     0     -0.076      0.330    -92.285     92.285      0.000
   372         22  gamma               91   197     0     0     0     0     0      0.800     -0.102    -28.073     28.085      0.000
   373         22  gamma               91   197     0     0     0     0     0      0.244      0.012     -6.631      6.635      0.000
   374         22  gamma               91   198     0     0     0     0     0      0.128     -0.068    -10.613     10.614      0.000
   375         11  e-                  91   198     0     0     0     0     0      0.162     -0.007     -8.732      8.734      0.001
   376        -11  e+                  91   198     0     0     0     0     0      0.136      0.004     -6.074      6.076      0.001
   377       3122  Lambda0             91   201     0     0     0     0     0     -0.260     -0.095     -9.324      9.395      1.116
   378         22  gamma               91   201     0     0     0     0     0     -0.063      0.059     -0.678      0.683      0.000
   379        211  pi+                 91   202     0     0     0     0     0      0.171     -0.316     -1.270      1.327      0.140
   380       -211  pi-                 91   202     0     0     0     0     0     -0.013      0.160     -0.343      0.403      0.140
   381        111  (pi0)              -91   202     0   478   479     0     0      0.070      0.049     -0.178      0.239      0.135
   382         22  gamma               91   204     0     0     0     0     0      0.019     -0.010     -0.160      0.161      0.000
   383         22  gamma               91   204     0     0     0     0     0      0.011     -0.146     -0.132      0.198      0.000
   384         22  gamma               91   207     0     0     0     0     0      0.027     -0.041     -0.002      0.049      0.000
   385         22  gamma               91   207     0     0     0     0     0      0.195     -0.367     -0.453      0.615      0.000
   386         22  gamma               91   209     0     0     0     0     0     -0.075      0.059      0.019      0.097      0.000
   387         22  gamma               91   209     0     0     0     0     0      0.042      0.051      0.086      0.109      0.000
   388        211  pi+                 91   211     0     0     0     0     0     -0.130     -0.577      1.384      1.511      0.140
   389       -211  pi-                 91   211     0     0     0     0     0     -0.234      0.017      0.456      0.531      0.140
   390        111  (pi0)              -91   211     0   480   481     0     0     -0.027     -0.140      0.168      0.258      0.135
   391        111  (pi0)              -91   215     0   482   483     0     0     -0.798     -1.137      2.525      2.885      0.135
   392         22  gamma               91   215     0     0     0     0     0      0.034      0.062      0.511      0.516      0.000
   393        211  pi+                 91   217     0     0     0     0     0      0.033     -0.445      0.189      0.504      0.140
   394       -211  pi-                 91   217     0     0     0     0     0      0.631     -1.635      1.331      2.205      0.140
   395        111  (pi0)              -91   217     0   484   485     0     0      0.410     -0.680      0.781      1.122      0.135
   396        511  (B0)               -91   218     0   486   487     0     0      7.993    -41.207     24.683     48.980      5.280
   397         22  gamma               91   218     0     0     0     0     0      0.022     -0.300      0.208      0.366      0.000
   398        421  (D0)               -91   225     0   488   490     0     0     -9.671    -15.908     44.478     48.253      1.865
   399       -213  (rho-)             -91   225     0   491   492     0     0     -5.360     -9.835     28.040     30.221      1.274
   400       -313  (K*bar0)           -91   225     0   493   494     0     0     -6.212     -8.717     24.016     26.310      0.919
   401        311  (K0)               -91   225     0   495   495     0     0     -1.939     -3.649     10.224     11.039      0.498
   402         22  gamma               91   229     0     0     0     0     0     -0.065     -0.110      0.485      0.501      0.000
   403         22  gamma               91   229     0     0     0     0     0     -0.447     -1.081      6.177      6.286      0.000
   404         22  gamma               91   238     0     0     0     0     0     -0.059      0.272      8.432      8.437      0.000
   405         22  gamma               91   238     0     0     0     0     0     -0.172      0.566     12.973     12.986      0.000
   406         22  gamma               91   239     0     0     0     0     0      0.006      0.045      0.689      0.690      0.000
   407         22  gamma               91   239     0     0     0     0     0      0.623      0.719     19.997     20.019      0.000
   408         22  gamma               91   240     0     0     0     0     0      0.282      0.510     23.683     23.690      0.000
   409         22  gamma               91   240     0     0     0     0     0      0.495      0.592     29.383     29.393      0.000
   410         22  gamma               91   241     0     0     0     0     0     -0.243      0.932     20.258     20.281      0.000
   411         22  gamma               91   241     0     0     0     0     0     -0.005      0.027      0.262      0.263      0.000
   412         22  gamma               91   243     0     0     0     0     0      0.261     -0.255      1.541      1.584      0.000
   413         22  gamma               91   243     0     0     0     0     0      0.070     -0.125      1.017      1.027      0.000
   414        113  (rho0)             -91   245     0   496   497     0     0      0.031      0.536      1.208      1.547      0.804
   415         22  gamma               91   245     0     0     0     0     0      0.017      0.029      0.440      0.441      0.000
   416         22  gamma               91   247     0     0     0     0     0     -0.046     -0.014     -0.955      0.956      0.000
   417         22  gamma               91   247     0     0     0     0     0     -0.071     -0.042     -0.248      0.262      0.000
   418        111  (pi0)              -91   250     0   498   499     0     0      0.159     -0.418     -2.665      2.706      0.135
   419         22  gamma               91   250     0     0     0     0     0     -0.044     -0.323    -10.108     10.113      0.000
   420       3122  Lambda0             91   251     0     0     0     0     0      0.527      0.038    -32.243     32.266      1.116
   421         22  gamma               91   251     0     0     0     0     0      0.100     -0.026     -1.724      1.727      0.000
   422        113  (rho0)             -91   258     0   500   501     0     0      0.299     -0.045   -747.120    747.120      0.766
   423         22  gamma               91   258     0     0     0     0     0     -0.023      0.124   -289.921    289.921      0.000
   424         22  gamma               91   261     0     0     0     0     0      0.385      0.197      0.286      0.519      0.000
   425         22  gamma               91   261     0     0     0     0     0      0.164      0.095      0.030      0.191      0.000
   426         22  gamma               91   263     0     0     0     0     0      0.104     -0.096     -0.323      0.353      0.000
   427         22  gamma               91   263     0     0     0     0     0      0.178     -0.013     -0.220      0.283      0.000
   428         22  gamma               91   265     0     0     0     0     0      0.215     -0.097     -0.704      0.742      0.000
   429         22  gamma               91   265     0     0     0     0     0      0.006     -0.052     -0.073      0.090      0.000
   430         22  gamma               91   271     0     0     0     0     0      0.284      0.113    -23.409     23.411      0.000
   431         22  gamma               91   271     0     0     0     0     0      0.048      0.018     -1.396      1.397      0.000
   432         22  gamma               91   275     0     0     0     0     0     -0.083     -0.266     -1.139      1.172      0.000
   433         22  gamma               91   275     0     0     0     0     0     -0.019     -0.192     -0.448      0.488      0.000
   434         22  gamma               91   280     0     0     0     0     0      0.047     -0.004      1.021      1.022      0.000
   435         22  gamma               91   280     0     0     0     0     0     -0.015     -0.036      7.671      7.671      0.000
   436         22  gamma               91   282     0     0     0     0     0     -0.125      0.151     16.909     16.910      0.000
   437         22  gamma               91   282     0     0     0     0     0     -0.019      0.074      2.495      2.496      0.000
   438         22  gamma               91   288     0     0     0     0     0      0.226     -0.313    -11.758     11.764      0.000
   439         22  gamma               91   288     0     0     0     0     0      0.144     -0.408    -15.589     15.595      0.000
   440         22  gamma               91   292     0     0     0     0     0     -0.068     -0.058    -68.229     68.229      0.000
   441         22  gamma               91   292     0     0     0     0     0     -0.132     -0.119    -48.745     48.745      0.000
   442         22  gamma               91   295     0     0     0     0     0     -0.044      0.089     -4.324      4.326      0.000
   443         22  gamma               91   295     0     0     0     0     0     -0.006      0.086    -13.838     13.839      0.000
   444         22  gamma               91   299     0     0     0     0     0     -0.248      0.524     -0.259      0.635      0.000
   445         22  gamma               91   299     0     0     0     0     0     -0.083      0.155     -0.168      0.243      0.000
   446         22  gamma               91   301     0     0     0     0     0      0.120     -0.107      1.127      1.138      0.000
   447         22  gamma               91   301     0     0     0     0     0      0.005      0.035      0.329      0.331      0.000
   448         22  gamma               91   303     0     0     0     0     0     -0.024     -0.213      0.623      0.659      0.000
   449         22  gamma               91   303     0     0     0     0     0     -0.071     -0.221      0.360      0.429      0.000
   450        211  pi+                 91   304     0     0     0     0     0     -0.330     -0.193      1.207      1.274      0.140
   451       -211  pi-                 91   304     0     0     0     0     0     -1.485     -1.446      4.670      5.111      0.140
   452         22  gamma               91   308     0     0     0     0     0      0.322      0.213      5.329      5.343      0.000
   453         22  gamma               91   308     0     0     0     0     0      0.080      0.144      1.783      1.791      0.000
   454         22  gamma               91   310     0     0     0     0     0      0.243      0.064      8.017      8.021      0.000
   455         22  gamma               91   310     0     0     0     0     0      0.395     -0.068     13.349     13.355      0.000
   456         22  gamma               91   318     0     0     0     0     0      0.076     -0.036     -0.047      0.096      0.000
   457         22  gamma               91   318     0     0     0     0     0      0.046      0.096     -0.037      0.113      0.000
   458         22  gamma               91   324     0     0     0     0     0     -1.978     13.473     64.034     65.466      0.000
   459         22  gamma               91   324     0     0     0     0     0     -2.147     13.688     65.107     66.565      0.000
   460         22  gamma               91   326     0     0     0     0     0      0.023     -0.037    -13.437     13.437      0.000
   461         22  gamma               91   326     0     0     0     0     0      0.038     -0.071     -3.500      3.501      0.000
   462         22  gamma               91   327     0     0     0     0     0      0.036     -0.002     -9.163      9.163      0.000
   463         22  gamma               91   327     0     0     0     0     0     -0.005      0.088     -4.268      4.269      0.000
   464         22  gamma               91   328     0     0     0     0     0      0.093      0.016    -10.647     10.647      0.000
   465         22  gamma               91   328     0     0     0     0     0      0.031      0.119    -25.712     25.712      0.000
   466         22  gamma               91   335     0     0     0     0     0     -0.037     -0.081     -0.660      0.666      0.000
   467         22  gamma               91   335     0     0     0     0     0      0.058      0.015     -0.288      0.294      0.000
   468         22  gamma               91   338     0     0     0     0     0      0.086      0.198      1.601      1.615      0.000
   469         22  gamma               91   338     0     0     0     0     0     -0.000      0.084      1.515      1.517      0.000
   470         22  gamma               91   341     0     0     0     0     0     -0.142     -0.323     25.239     25.242      0.000
   471         22  gamma               91   341     0     0     0     0     0      0.085      0.026      0.782      0.787      0.000
   472         22  gamma               91   346     0     0     0     0     0      0.006      0.015     -0.027      0.031      0.000
   473         22  gamma               91   346     0     0     0     0     0     -0.109      0.060     -1.996      2.000      0.000
   474         22  gamma               91   352     0     0     0     0     0      0.002      0.031      5.711      5.711      0.000
   475         22  gamma               91   352     0     0     0     0     0     -0.080      0.191    164.165    164.165      0.000
   476         22  gamma               91   355     0     0     0     0     0      0.101     -0.034     -1.773      1.776      0.000
   477         22  gamma               91   355     0     0     0     0     0      0.050      0.043     -0.329      0.336      0.000
   478         22  gamma               91   381     0     0     0     0     0      0.021     -0.008     -0.160      0.162      0.000
   479         22  gamma               91   381     0     0     0     0     0      0.049      0.057     -0.017      0.077      0.000
   480         22  gamma               91   390     0     0     0     0     0      0.005     -0.122      0.044      0.130      0.000
   481         22  gamma               91   390     0     0     0     0     0     -0.032     -0.018      0.123      0.129      0.000
   482         22  gamma               91   391     0     0     0     0     0     -0.057     -0.061      0.098      0.128      0.000
   483         22  gamma               91   391     0     0     0     0     0     -0.741     -1.076      2.427      2.757      0.000
   484         22  gamma               91   395     0     0     0     0     0      0.030     -0.007      0.017      0.035      0.000
   485         22  gamma               91   395     0     0     0     0     0      0.380     -0.673      0.764      1.087      0.000
   486       -433  (D*_s-)            -92   396     0   502   503     0     0      5.067    -26.739     14.247     30.791      2.112
   487        413  (D*+)              -92   396     0   504   505     0     0      2.926    -14.469     10.436     18.189      2.010
   488        211  pi+                 91   398     0     0     0     0     0     -5.787    -10.345     29.509     31.801      0.140
   489       -211  pi-                 91   398     0     0     0     0     0     -0.755     -1.061      2.517      2.837      0.140
   490        130  K_L0                91   398     0     0     0     0     0     -3.129     -4.502     12.453     13.615      0.498
   491       -211  pi-                 91   399     0     0     0     0     0     -1.916     -4.252     13.014     13.825      0.140
   492        111  (pi0)              -91   399     0   506   507     0     0     -3.445     -5.584     15.026     16.396      0.135
   493       -321  K-                  91   400     0     0     0     0     0     -2.203     -2.845      8.112      8.888      0.494
   494        211  pi+                 91   400     0     0     0     0     0     -4.009     -5.873     15.904     17.422      0.140
   495        310  K_S0                91   401   401     0     0     0     0     -1.939     -3.649     10.224     11.039      0.498
   496        211  pi+                 91   414     0     0     0     0     0     -0.038      0.489      1.273      1.372      0.140
   497       -211  pi-                 91   414     0     0     0     0     0      0.069      0.047     -0.066      0.175      0.140
   498         22  gamma               91   418     0     0     0     0     0      0.053     -0.313     -1.879      1.906      0.000
   499         22  gamma               91   418     0     0     0     0     0      0.106     -0.105     -0.786      0.800      0.000
   500        211  pi+                 91   422     0     0     0     0     0      0.424     -0.154   -665.198    665.198      0.140
   501       -211  pi-                 91   422     0     0     0     0     0     -0.125      0.109    -81.922     81.923      0.140
   502       -431  (D_s-)             -91   486     0   508   509     0     0      4.608    -23.869     12.809     27.548      1.968
   503         22  gamma               91   486     0     0     0     0     0      0.459     -2.870      1.438      3.243      0.000
   504        421  (D0)               -91   487     0   510   511     0     0      2.723    -13.455      9.753     16.942      1.865
   505        211  pi+                 91   487     0     0     0     0     0      0.203     -1.013      0.683      1.247      0.140
   506         22  gamma               91   492     0     0     0     0     0     -2.560     -4.252     11.422     12.453      0.000
   507         22  gamma               91   492     0     0     0     0     0     -0.884     -1.331      3.605      3.943      0.000
   508        221  (eta)              -91   502     0   512   513     0     0      1.440     -6.969      3.023      7.751      0.548
   509       -213  (rho-)             -91   502     0   514   515     0     0      3.168    -16.900      9.786     19.797      0.719
   510       -323  (K*-)              -91   504     0   516   517     0     0      0.736     -4.334      3.329      5.586      0.895
   511        213  (rho+)             -91   504     0   518   519     0     0      1.987     -9.121      6.424     11.356      0.743
   512         22  gamma               91   508     0     0     0     0     0      1.447     -6.416      2.692      7.107      0.000
   513         22  gamma               91   508     0     0     0     0     0     -0.006     -0.553      0.330      0.644      0.000
   514       -211  pi-                 91   509     0     0     0     0     0      2.773    -14.215      8.463     16.775      0.140
   515        111  (pi0)              -91   509     0   520   521     0     0      0.394     -2.685      1.323      3.022      0.135
   516       -311  (Kbar0)            -91   510     0   522   522     0     0      0.843     -3.531      2.724      4.565      0.498
   517       -211  pi-                 91   510     0     0     0     0     0     -0.107     -0.804      0.605      1.021      0.140
   518        211  pi+                 91   511     0     0     0     0     0      0.993     -4.034      3.253      5.278      0.140
   519        111  (pi0)              -91   511     0   523   525     0     0      0.993     -5.087      3.171      6.078      0.135
   520         22  gamma               91   515     0     0     0     0     0      0.258     -1.787      0.809      1.979      0.000
   521         22  gamma               91   515     0     0     0     0     0      0.136     -0.898      0.514      1.043      0.000
   522        310  K_S0                91   516   516     0     0     0     0      0.843     -3.531      2.724      4.565      0.498
   523         22  gamma               91   519     0     0     0     0     0      0.628     -3.438      2.192      4.126      0.000
   524         11  e-                  91   519     0     0     0     0     0      0.110     -0.500      0.297      0.592      0.001
   525        -11  e+                  91   519     0     0     0     0     0      0.255     -1.149      0.682      1.360      0.001
                                   Charge sum:  2.000           Momentum sum:      0.000     -0.000      0.000  13000.000  13000.000

 --------  End PYTHIA Event Listing  -----------------------------------------------------------------------------------------------
#--------------------------------------------------------------------------
#                     FastJet release 3.4.0 [fjcore]
#                 M. Cacciari, G.P. Salam and G. Soyez                  
#     A software package for jet finding and analysis at colliders      
#                           http://fastjet.fr                           
#	                                                                      
# Please cite EPJC72(2012)1896 [arXiv:1111.6097] if you use this package
# for scientific work and optionally PLB641(2006)57 [hep-ph/0512210].   
#                                                                       
# FastJet is provided without warranty under the GNU GPL v2 or higher.  
# It uses T. Chan's closest pair algorithm, S. Fortune's Voronoi code
# and 3rd party plugin jet algorithms. See COPYING file for details.
#--------------------------------------------------------------------------
 PYTHIA Warning in SimpleSpaceShower::pT2nextQCD: weight above unity  
 PYTHIA Warning in StringFragmentation::fragmentToJunction: bad convergence junction rest frame  
 PYTHIA Warning in SimpleSpaceShower::pT2nextQCD: small daughter PDF  
 PYTHIA Warning in ColConfig::collect: negative-energy parton encountered  

 Pythia::next(): 1000 events have been generated 
 PYTHIA Warning in TauDecays::decay: maximum decay weight exceeded in tau decay  

 Pythia::next(): 2000 events have been generated 
 PYTHIA Error in BeamRemnants::setKinematics: kinematics construction failed  

 Pythia::next(): 3000 events have been generated 

 Pythia::next(): 4000 events have been generated 

 Pythia::next(): 5000 events have been generated 
 PYTHIA Error in StringFragmentation::fragment: stuck in joining  
 PYTHIA Error in Pythia::next: hadronLevel failed; try again  

 Pythia::next(): 6000 events have been generated 
 PYTHIA Error in SimpleSpaceShower::pT2nearThreshold: stuck in loop  

 Pythia::next(): 7000 events have been generated 
 PYTHIA Warning in Pythia::check: energy-momentum not quite conserved  

 Pythia::next(): 8000 events have been generated 
 PYTHIA Warning in MultipartonInteractions::pTnext: weight above unity  

 Pythia::next(): 9000 events have been generated 

 *-------  PYTHIA Event and Cross Section Statistics  -------------------------------------------------------------*
 |                                                                                                                 |
 | Subprocess                                    Code |            Number of events       |      sigma +- delta    |
 |                                                    |       Tried   Selected   Accepted |     (estimated) (mb)   |
 |                                                    |                                   |                        |
 |-----------------------------------------------------------------------------------------------------------------|
 |                                                    |                                   |                        |
 | Les Houches User Process(es)                  9999 |       10000      10000      10000 |   8.297e-08  0.000e+00 |
 |    ... whereof user classification code     322200 |       10000      10000      10000 |                        | 
 |                                                    |                                   |                        |
 | sum                                                |       10000      10000      10000 |   8.297e-08  0.000e+00 |
 |                                                                                                                 |
 *-------  End PYTHIA Event and Cross Section Statistics ----------------------------------------------------------*

 *-------  PYTHIA Error and Warning Messages Statistics  ----------------------------------------------------------* 
 |                                                                                                                 | 
 |  times   message                                                                                                | 
 |                                                                                                                 | 
 |      6   Error in BeamRemnants::setKinematics: kinematics construction failed                                   | 
 |      6   Error in Pythia::next: hadronLevel failed; try again                                                   | 
 |      4   Error in SimpleSpaceShower::pT2nearThreshold: stuck in loop                                            | 
 |      6   Error in StringFragmentation::fragment: stuck in joining                                               | 
 |      6   Warning in ColConfig::collect: negative-energy parton encountered                                      | 
 |      1   Warning in MultipartonInteractions::pTnext: weight above unity                                         | 
 |      2   Warning in Pythia::check: energy-momentum not quite conserved                                          | 
 |   1801   Warning in SimpleSpaceShower::pT2nextQCD: small daughter PDF                                           | 
 |   4483   Warning in SimpleSpaceShower::pT2nextQCD: weight above unity                                           | 
 |     38   Warning in StringFragmentation::fragmentToJunction: bad convergence junction rest frame                | 
 |      3   Warning in TauDecays::decay: maximum decay weight exceeded in tau decay                                | 
 |      2   Warning in TimeShower::init: pTmin too low                                                             | 
 |                                                                                                                 | 
 *-------  End PYTHIA Error and Warning Messages Statistics  ------------------------------------------------------* 
Using LHE File: /nfs/dust/cms/user/amoroso/powheg/POWHEG-BOX-V2/ttJ_MiNNLOPS_v1.0_beta1/decay-ll/pwgevents-0056.lhe
less then 10000 events in LHE, using all LHE events
np.shape(P0) = (10000, 3, 9)
np.shape(nJets) = (10000, 2)
np.shape(jets_4vectors) = (10000, 20, 6)
