Configured CUDA from: /cvmfs/sft.cern.ch/lcg/releases/cuda/12.4-4899e/x86_64-el9-gcc11-opt

 *------------------------------------------------------------------------------------* 
 |                                                                                    | 
 |  *------------------------------------------------------------------------------*  | 
 |  |                                                                              |  | 
 |  |                                                                              |  | 
 |  |   PPP   Y   Y  TTTTT  H   H  III    A      Welcome to the Lund Monte Carlo!  |  | 
 |  |   P  P   Y Y     T    H   H   I    A A     This is PYTHIA version 8.309      |  | 
 |  |   PPP     Y      T    HHHHH   I   AAAAA    Last date of change: 16 Feb 2023  |  | 
 |  |   P       Y      T    H   H   I   A   A                                      |  | 
 |  |   P       Y      T    H   H  III  A   A    Now is 03 Sep 2024 at 19:05:21    |  | 
 |  |                                                                              |  | 
 |  |   Program documentation and an archive of historic versions is found on:     |  | 
 |  |                                                                              |  | 
 |  |                               https://pythia.org/                            |  | 
 |  |                                                                              |  | 
 |  |   PYTHIA is authored by a collaboration consisting of:                       |  | 
 |  |                                                                              |  | 
 |  |   Christian Bierlich, Nishita Desai, Leif Gellersen, Ilkka Helenius, Philip  |  | 
 |  |   Ilten, Leif Lonnblad, Stephen Mrenna, Stefan Prestel, Christian Preuss,    |  | 
 |  |   Torbjorn Sjostrand, Peter Skands, Marius Utheim and Rob Verheyen.          |  | 
 |  |                                                                              |  | 
 |  |   The complete list of authors, including contact information and            |  | 
 |  |   affiliations, can be found on https://pythia.org/.                         |  | 
 |  |   Problems or bugs should be reported on email at authors@pythia.org.        |  | 
 |  |                                                                              |  | 
 |  |   The main program reference is C. Bierlich et al,                           |  | 
 |  |   'A comprehensive guide to the physics and usage of Pythia 8.3',            |  | 
 |  |   SciPost Phys. Codebases 8-r8.3 (2022) [arXiv:2203.11601 [hep-ph]]          |  | 
 |  |                                                                              |  | 
 |  |   PYTHIA is released under the GNU General Public Licence version 2 or later.|  | 
 |  |   Please respect the MCnet Guidelines for Event Generator Authors and Users. |  | 
 |  |                                                                              |  | 
 |  |   Disclaimer: this program comes without any guarantees.                     |  | 
 |  |   Beware of errors and use common sense when interpreting results.           |  | 
 |  |                                                                              |  | 
 |  |   Copyright (C) 2023 Torbjorn Sjostrand                                      |  | 
 |  |                                                                              |  | 
 |  |                                                                              |  | 
 |  *------------------------------------------------------------------------------*  | 
 |                                                                                    | 
 *------------------------------------------------------------------------------------* 


 *-------  PYTHIA Process Initialization  --------------------------*
 |                                                                  |
 | We collide p+ with p+ at a CM energy of 1.300e+04 GeV            |
 |                                                                  |
 |------------------------------------------------------------------|
 |                                                    |             |
 | Subprocess                                    Code |   Estimated |
 |                                                    |    max (mb) |
 |                                                    |             |
 |------------------------------------------------------------------|
 |                                                    |             |
 | Les Houches User Process(es)                  9999 |   1.000e-09 |
 |                                                                  |
 *-------  End PYTHIA Process Initialization -----------------------*
 PYTHIA Warning in TimeShower::init: pTmin too low , raised to 0.611

 *-------  PYTHIA Multiparton Interactions Initialization  ---------* 
 |                                                                  | 
 |                   sigmaNonDiffractive =    55.51 mb              | 
 |                                                                  | 
 |    pT0 =  1.44 gives sigmaInteraction =   398.09 mb: accepted    | 
 |                                                                  | 
 *-------  End PYTHIA Multiparton Interactions Initialization  -----* 

 *-------  PYTHIA Flag + Mode + Parm + Word + FVec + MVec + PVec + WVec Settings (changes only)  ------------------* 
 |                                                                                                                 | 
 | Name                                          |                      Now |      Default         Min         Max | 
 |                                               |                          |                                      | 
 | Beams:frameType                               |                        4 |            1           1           5 | 
 | Beams:LHEF                                    | /nfs/dust/cms/user/amoroso/powheg/POWHEG-BOX-V2/ttJ_MiNNLOPS_v1.0_beta1/decay-ll/pwgevents-0561.lhe |         void | 
 | ColourReconnection:range                      |                  5.17600 |      1.80000         0.0    10.00000 | 
 | Main:timesAllowErrors                         |                      500 |           10           0             | 
 | MultipartonInteractions:alphaSorder           |                        2 |            1           0           3 | 
 | MultipartonInteractions:alphaSvalue           |                  0.11800 |      0.13000   0.0600000     0.25000 | 
 | MultipartonInteractions:bProfile              |                        2 |            3           0           4 | 
 | MultipartonInteractions:coreFraction          |                  0.63000 |      0.50000         0.0     1.00000 | 
 | MultipartonInteractions:coreRadius            |                  0.76340 |      0.40000     0.10000     1.00000 | 
 | MultipartonInteractions:ecmPow                |                0.0334400 |      0.21500         0.0     0.50000 | 
 | MultipartonInteractions:pT0Ref                |                  1.41000 |      2.28000     0.50000    10.00000 | 
 | ParticleDecays:limitTau                       |                       on |          off                         | 
 | PartonLevel:FSR                               |                      off |           on                         | 
 | PDF:pSet                                      |                       20 |           13                         | 
 | Random:seed                                   |                      561 |           -1               900000000 | 
 | Random:setSeed                                |                       on |          off                         | 
 | SigmaProcess:alphaSorder                      |                        2 |            1           0           3 | 
 | SigmaProcess:alphaSvalue                      |                  0.11800 |      0.13000   0.0600000     0.25000 | 
 | SigmaTotal:mode                               |                        0 |            1           0           4 | 
 | SigmaTotal:sigmaEl                            |                 21.89000 |     25.00000         0.0             | 
 | SigmaTotal:sigmaTot                           |                100.30900 |    100.00000         0.0             | 
 | SigmaTotal:zeroAXB                            |                      off |           on                         | 
 | SpaceShower:alphaSorder                       |                        2 |            1           0           3 | 
 | SpaceShower:alphaSvalue                       |                  0.11800 |      0.13650   0.0600000     0.25000 | 
 | SpaceShower:dipoleRecoil                      |                       on |          off                         | 
 | SpaceShower:pTmaxMatch                        |                        1 |            0           0           2 | 
 | TimeShower:alphaSorder                        |                        2 |            1           0           3 | 
 | TimeShower:alphaSvalue                        |                  0.11800 |      0.13650   0.0600000     0.25000 | 
 |                                                                                                                 | 
 *-------  End PYTHIA Flag + Mode + Parm + Word + FVec + MVec + PVec + WVec Settings  -----------------------------* 

 --------  PYTHIA Particle Data Table (changed only)  ------------------------------------------------------------------------------
 
      id   name            antiName         spn chg col      m0        mWidth      mMin       mMax       tau0    res dec ext vis wid
             no onMode   bRatio   meMode     products 

       6  t                tbar               2   2   1  173.00000    1.36916   86.00000    0.00000  1.44122e-13   1   1   0   1   0
              0     1   0.0000664    0       24        1 
              1     1   0.0017361    0       24        3 
              2     1   0.9981975    0       24        5 
              3     1   0.0000000    0       37        5 

 --------  End PYTHIA Particle Data Table  -----------------------------------------------------------------------------------------


 --------  LHA event information and listing  ---------------------------------------------------------------------- 

    process =   322200    weight =  -1.0325e+02     scale =   2.6182e+00 (GeV) 
                        alpha_em =  -1.0000e+00    alpha_strong =   3.1471e-01

    Participating Particles 
    no        id stat     mothers     colours      p_x        p_y        p_z         e          m        tau    spin 
     1        21   -1     0     0   512   513      0.000      0.000    109.943    109.943      0.000   0.000   9.000
     2        21   -1     0     0   515   512      0.000      0.000  -1009.262   1009.262      0.000   0.000   9.000
     3         6    2     1     2   511     0   -135.951    -67.525   -114.028    255.233    170.585   0.000   9.000
     4        -6    2     1     2     0   514    136.619     70.002   -712.537    749.329    173.841   0.000   9.000
     5        21    1     1     2   514   513     -2.856     -1.039     20.815     21.036      0.000   0.000   9.000
     6        21    1     1     2   515   511      2.188     -1.438    -93.570     93.607      0.000   0.000   9.000
     7         5    1     3     3   511     0    -74.340     29.132    -20.122     82.487      4.920   0.000  -1.000
     8        24    2     3     3     0     0    -61.611    -96.657    -93.906    172.746     88.793   0.000   9.000
     9        -5    1     4     4     0   514     70.088     79.225   -517.826    528.542      4.920   0.000   1.000
    10       -24    2     4     4     0     0     66.531     -9.223   -194.711    220.788     79.518   0.000   9.000
    11       -11    1     8     8     0     0    -64.772    -67.134   -105.537    140.856      0.001   0.000   1.000
    12        12    1     8     8     0     0      3.161    -29.524     11.632     31.889      0.000   0.000  -1.000
    13        13    1    10    10     0     0     20.013     27.067   -125.038    129.490      0.106   0.000  -1.000
    14       -14    1    10    10     0     0     46.518    -36.289    -69.673     91.298      0.000   0.000   1.000

 --------  End LHA event information and listing  ------------------------------------------------------------------ 

 --------  PYTHIA Info Listing  ---------------------------------------- 
 
 Beam A: id =   2212, pz =  6.500e+03, e =  6.500e+03, m =  9.383e-01.
 Beam B: id =   2212, pz = -6.500e+03, e =  6.500e+03, m =  9.383e-01.

 In 1: id =   21, x =  1.691e-02, pdf =  0.000e+00 at Q2 =  6.855e+00.
 In 2: id =   21, x =  1.553e-01, pdf =  0.000e+00 at same Q2.

 Process Les Houches User Process(es) with code 9999 is 2 -> 4.
 Subprocess user process 322200 with code 322200 is 2 -> 4.
     alphaEM =  7.519e-03,  alphaS =  3.147e-01    at Q2 =  6.855e+00.

 Impact parameter b =  7.926e-01 gives enhancement factor =  1.199e+00.
 Max pT scale for MPI =  1.300e+04, ISR =  2.618e+00, FSR =  2.618e+00.
 Number of MPI =     5, ISR =     8, FSRproc =     0, FSRreson =     0.

 --------  End PYTHIA Info Listing  ------------------------------------

 --------  PYTHIA Event Listing  (hard process)  -----------------------------------------------------------------------------------
 
    no         id  name            status     mothers   daughters     colours      p_x        p_y        p_z         e          m 
     0         90  (system)           -11     0     0     0     0     0     0      0.000      0.000      0.000  13000.000  13000.000
     1       2212  (p+)               -12     0     0     3     0     0     0      0.000      0.000   6500.000   6500.000      0.938
     2       2212  (p+)               -12     0     0     4     0     0     0      0.000      0.000  -6500.000   6500.000      0.938
     3         21  (g)                -21     1     0     5     8   512   513      0.000      0.000    109.943    109.943      0.000
     4         21  (g)                -21     2     0     5     8   515   512      0.000      0.000  -1009.262   1009.262      0.000
     5          6  (t)                -22     3     4     9    10   511     0   -135.951    -67.525   -114.028    255.233    170.585
     6         -6  (tbar)             -22     3     4    11    12     0   514    136.619     70.002   -712.537    749.329    173.841
     7         21  g                   23     3     4     0     0   514   513     -2.856     -1.039     20.815     21.036      0.000
     8         21  g                   23     3     4     0     0   515   511      2.188     -1.438    -93.570     93.607      0.000
     9          5  b                   23     5     0     0     0   511     0    -74.340     29.132    -20.122     82.487      4.920
    10         24  (W+)               -22     5     0    13    14     0     0    -61.611    -96.657    -93.906    172.746     88.793
    11         -5  bbar                23     6     0     0     0     0   514     70.088     79.225   -517.826    528.542      4.920
    12        -24  (W-)               -22     6     0    15    16     0     0     66.531     -9.223   -194.711    220.788     79.518
    13        -11  e+                  23    10     0     0     0     0     0    -64.772    -67.134   -105.537    140.856      0.001
    14         12  nu_e                23    10     0     0     0     0     0      3.161    -29.524     11.632     31.889      0.000
    15         13  mu-                 23    12     0     0     0     0     0     20.013     27.067   -125.038    129.490      0.106
    16        -14  nu_mubar            23    12     0     0     0     0     0     46.518    -36.289    -69.673     91.298      0.000
                                   Charge sum:  0.000           Momentum sum:      0.000     -0.000   -899.320   1119.205    666.216

 --------  End PYTHIA Event Listing  -----------------------------------------------------------------------------------------------

 --------  PYTHIA Event Listing  (complete event)  ---------------------------------------------------------------------------------
 
    no         id  name            status     mothers   daughters     colours      p_x        p_y        p_z         e          m 
     0         90  (system)           -11     0     0     0     0     0     0      0.000      0.000      0.000  13000.000  13000.000
     1       2212  (p+)               -12     0     0    79     0     0     0      0.000      0.000   6500.000   6500.000      0.938
     2       2212  (p+)               -12     0     0    80     0     0     0      0.000      0.000  -6500.000   6500.000      0.938
     3         21  (g)                -21     9     0     5     8   512   513      0.000      0.000    109.943    109.943      0.000
     4         21  (g)                -21    10    10     5     8   515   512      0.000      0.000  -1009.262   1009.262      0.000
     5          6  (t)                -22     3     4    11    11   511     0   -135.951    -67.525   -114.028    255.233    170.585
     6         -6  (tbar)             -22     3     4    12    12     0   514    136.619     70.002   -712.537    749.329    173.841
     7         21  (g)                -23     3     4    13    13   514   513     -2.856     -1.039     20.815     21.036      0.000
     8         21  (g)                -23     3     4    14    14   515   511      2.188     -1.438    -93.570     93.607      0.000
     9         21  (g)                -41    34     0    15     3   516   513     -0.000      0.000    110.981    110.981      0.000
    10         21  (g)                -42    35    35     4     4   515   512      0.000     -0.000  -1009.262   1009.262      0.000
    11          6  (t)                -44     5     5    36    36   511     0   -137.058    -66.704   -114.380    255.766    170.585
    12         -6  (tbar)             -44     6     6    37    37     0   514    136.330     70.216   -710.914    747.754    173.841
    13         21  (g)                -44     7     7    38    38   514   513     -3.184     -0.796     20.824     21.081      0.000
    14         21  (g)                -44     8     8    39    39   515   511      2.188     -1.438    -93.425     93.461      0.000
    15         21  (g)                -43     9     0    40    40   516   512      1.724     -1.278     -0.387      2.181      0.000
    16         21  (g)                -31    20     0    18    19   518   517      0.000      0.000      0.151      0.151      0.000
    17         21  (g)                -31    21    21    18    19   517   519      0.000      0.000   -260.780    260.780      0.000
    18         21  (g)                -33    16    17    22    22   520   519      1.716      0.898   -254.397    254.404      0.000
    19         21  (g)                -33    16    17    23    23   518   520     -1.716     -0.898     -6.233      6.527      0.000
    20          2  (u)                -41    89    89    24    16   518     0      0.000     -0.000    614.741    614.741      0.000
    21         21  (g)                -42    90    90    17    17   517   519      0.000      0.000   -260.780    260.780      0.000
    22         21  (g)                -44    18    18    91    91   520   519      1.711      0.853   -242.462    242.469      0.000
    23         21  (g)                -44    19    19    92    92   518   520     -1.911     -2.712    -18.163     18.463      0.000
    24          2  (u)                -43    20     0    93    93   517     0      0.200      1.860    614.585    614.588      0.330
    25         21  (g)                -31    29     0    27    28   521   522      0.000      0.000      0.523      0.523      0.000
    26         21  (g)                -31    30    30    27    28   523   524      0.000      0.000   -161.280    161.280      0.000
    27         21  (g)                -33    25    26    31    31   521   524     -1.748      0.483   -159.687    159.698      0.000
    28         21  (g)                -33    25    26    32    32   523   522      1.748     -0.483     -1.070      2.106      0.000
    29          2  (u)                -41    94    94    33    25   521     0      0.000     -0.000     71.380     71.380      0.000
    30         21  (g)                -42    95    95    26    26   523   524      0.000      0.000   -161.280    161.280      0.000
    31         21  (g)                -44    27    27    96    96   521   524     -1.748      0.483   -159.687    159.698      0.000
    32         21  (g)                -44    28    28    97    97   523   522      0.316     -1.288     -1.300      1.857      0.000
    33          2  (u)                -43    29     0    98    98   522     0      1.432      0.805     71.086     71.106      0.330
    34         21  (g)                -41    42     0    41     9   516   525      0.000     -0.000    112.193    112.193      0.000
    35         21  (g)                -42    43    43    10    10   515   512      0.000     -0.000  -1009.262   1009.262      0.000
    36          6  (t)                -44    11    11    44    44   511     0   -137.058    -66.704   -114.380    255.766    170.585
    37         -6  (tbar)             -44    12    12    45    45     0   514    136.330     70.216   -710.914    747.754    173.841
    38         21  (g)                -44    13    13    46    46   514   513     -3.184     -0.796     20.824     21.081      0.000
    39         21  (g)                -44    14    14    47    47   515   511      2.188     -1.438    -93.425     93.461      0.000
    40         21  (g)                -44    15    15    48    48   516   512      2.231     -0.910      1.171      2.679      0.000
    41         21  (g)                -43    34     0    49    49   513   525     -0.507     -0.368     -0.345      0.715      0.000
    42         21  (g)                -41    64     0    50    34   526   525      0.000     -0.000    115.093    115.093      0.000
    43         21  (g)                -42    65    65    35    35   515   512      0.000     -0.000  -1009.262   1009.262      0.000
    44          6  (t)                -44    36    36    66    66   511     0   -137.058    -66.704   -114.380    255.766    170.585
    45         -6  (tbar)             -44    37    37    67    67     0   514    136.330     70.216   -710.914    747.754    173.841
    46         21  (g)                -44    38    38    68    68   514   513     -3.184     -0.796     20.824     21.081      0.000
    47         21  (g)                -44    39    39    69    69   515   511      2.188     -1.438    -93.425     93.461      0.000
    48         21  (g)                -44    40    40    70    70   516   512      2.231     -0.910      1.171      2.679      0.000
    49         21  (g)                -44    41    41    71    71   513   525      0.019     -1.356      0.937      1.649      0.000
    50         21  (g)                -43    42     0    72    72   526   516     -0.526      0.987      1.617      1.967      0.000
    51         21  (g)                -31    74     0    53    54   527   528      0.000      0.000     10.421     10.421      0.000
    52         21  (g)                -31    75    75    53    54   529   530      0.000      0.000   -552.761    552.761      0.000
    53         21  (g)                -33    51    52    76    76   527   530      1.294     -0.070     10.380     10.460      0.000
    54         21  (g)                -33    51    52    77    77   529   528     -1.294      0.070   -552.720    552.721      0.000
    55         21  (g)                -31    59    59    57    58   531   532      0.000      0.000    389.506    389.506      0.000
    56         21  (g)                -31    60     0    57    58   533   534      0.000      0.000     -7.043      7.043      0.000
    57         21  (g)                -33    55    56    61    61   531   534      0.310      1.054     -6.999      7.085      0.000
    58         21  (g)                -33    55    56    62    62   533   532     -0.310     -1.054    389.463    389.464      0.000
    59         21  (g)                -42   104   104    55    55   531   532      0.000      0.000    389.506    389.506      0.000
    60         21  (g)                -41   105   105    63    56   533   535      0.000      0.000   -145.666    145.666      0.000
    61         21  (g)                -44    57    57   106   106   531   534     -0.144      0.278     -0.549      0.632      0.000
    62         21  (g)                -44    58    58   107   107   533   532     -0.310     -1.054    389.463    389.464      0.000
    63         21  (g)                -43    60     0   108   108   534   535      0.454      0.776   -145.073    145.076      0.000
    64         21  (g)                -41    79    79    73    42   526   536      0.000     -0.000    130.575    130.575      0.000
    65         21  (g)                -42    80    80    43    43   515   512      0.000     -0.000  -1009.262   1009.262      0.000
    66          6  (t)                -44    44    44    81    81   511     0   -137.058    -66.704   -114.380    255.766    170.585
    67         -6  (tbar)             -44    45    45    82    82     0   514    136.330     70.216   -710.914    747.754    173.841
    68         21  (g)                -44    46    46    83    83   514   513     -3.184     -0.796     20.824     21.081      0.000
    69         21  (g)                -44    47    47    84    84   515   511      2.188     -1.438    -93.425     93.461      0.000
    70         21  (g)                -44    48    48    85    85   516   512      2.231     -0.910      1.171      2.679      0.000
    71         21  (g)                -44    49    49    86    86   513   525      0.584     -0.803      0.366      1.058      0.000
    72         21  (g)                -44    50    50    87    87   526   516     -0.526      0.987      1.617      1.967      0.000
    73         21  (g)                -43    64     0    88    88   525   536     -0.564     -0.553     16.053     16.072      0.000
    74         21  (g)                -41    99    99    78    51   537   528     -0.000      0.000   1166.160   1166.160      0.000
    75         21  (g)                -42   100   100    52    52   529   530      0.000      0.000   -552.761    552.761      0.000
    76         21  (g)                -44    53    53   101   101   527   530      1.294     -0.070     10.380     10.460      0.000
    77         21  (g)                -44    54    54   102   102   529   528     -0.801      0.582   -552.720    552.721      0.000
    78         21  (g)                -43    74     0   103   103   537   527     -0.493     -0.512   1155.740   1155.740      0.000
    79         21  (g)                -61     1     0    64    64   527   519      1.039     -0.821    130.571    130.577      0.000
    80         21  (g)                -61     2     0    65    65   519   512      1.335      2.645  -1009.265   1009.270      0.000
    81          6  (t)                -62    66    66   115   116   511     0   -136.251    -66.664   -114.225    255.255    170.585
    82         -6  (tbar)             -62    67    67   117   118     0   531    137.442     72.012   -711.056    748.263    173.841
    83         21  (g)                -62    68    68   194   194   514   513     -3.017     -0.927     20.830     21.068      0.000
    84         21  (g)                -62    69    69   188   188   515   518      2.311     -1.193    -93.438     93.475      0.000
    85         21  (g)                -62    70    70   161   161   516   523      2.247     -0.920      1.159      2.691      0.000
    86         21  (g)                -62    71    71   193   193   513   525      0.590     -0.806      0.361      1.062      0.000
    87         21  (g)                -62    72    72   162   162   526   516     -0.511      0.977      1.623      1.962      0.000
    88         21  (g)                -62    73    73   192   192   525   533     -0.436     -0.654     16.052     16.071      0.000
    89          2  (u)                -61     1     0    20    20   519     0      0.771     -1.386    614.739    614.741      0.000
    90         21  (g)                -61     2     0    21    21   517   519     -1.535     -2.405   -260.774    260.790      0.000
    91         21  (g)                -62    22    22   189   189   519   515      0.284     -1.384   -242.466    242.470      0.000
    92         21  (g)                -62    23    23   187   187   518   511     -2.019     -2.882    -18.146     18.484      0.000
    93          2  (u)                -62    24    24   124   124   517     0      0.970      0.474    614.577    614.578      0.330
    94          2  (u)                -61     1     0    29    29   517     0      0.998     -1.303     71.373     71.392      0.000
    95         21  (g)                -61     2     0    30    30   522   517      0.420     -0.277   -161.278    161.279      0.000
    96         21  (g)                -62    31    31   123     0   521   529     -1.332      0.208   -159.671    159.677      0.000
    97         21  (g)                -62    32    32   160   160   523   534      0.324     -1.295     -1.312      1.872      0.000
    98          2  (u)                -62    33    33   134   134   522     0      2.426     -0.493     71.079     71.122      0.330
    99         21  (g)                -61     1     0    74    74   530   530      0.338     -0.080   1166.159   1166.159      0.000
   100         21  (g)                -61     2     0    75    75   528   528     -1.149     -2.156   -552.759    552.764      0.000
   101         21  (g)                -62    76    76   163   163   527   526      1.297     -0.070     10.378     10.459      0.000
   102         21  (g)                -62    77    77   158   158   529   512     -1.951     -1.574   -552.718    552.724      0.000
   103         21  (g)                -62    78    78   190   190   537   519     -0.158     -0.591   1155.740   1155.740      0.000
   104         21  (g)                -61     1     0    59    59   535   535     -1.527     -1.719    389.511    389.517      0.000
   105         21  (g)                -61     2     0    60    60   532   532     -1.658     -0.428   -145.662    145.672      0.000
   106         21  (g)                -62    61    61   195   195   531   514     -0.151      0.276     -0.548      0.632      0.000
   107         21  (g)                -62    62    62   191   191   533   537     -1.837     -2.772    389.467    389.482      0.000
   108         21  (g)                -62    63    63   123     0   534   521     -1.198      0.350   -145.071    145.076      0.000
   109       2101  (ud_0)             -63     1     0   125   125     0   517     -1.111      1.125   2328.796   2328.796      0.579
   110          2  (u)                -63     1     0   128   133   539     0     -0.540      1.114   1396.606   1396.607      0.330
   111         -2  (ubar)             -63     1     0   128   133     0   539     -0.238      1.675     10.116     10.262      0.330
   112         -2  (ubar)             -63     1     0   164   164     0   527      0.271      1.395    392.017    392.020      0.330
   113          2  (u)                -63     2     0   157   157   512     0      1.555      1.343   -613.974    613.978      0.330
   114       2101  (ud_0)             -63     2     0   135   135     0   522      1.033      1.278  -3756.174   3756.175      0.579
   115          5  (b)                -23    81     0   186   186   511     0    -74.437     29.411    -20.186     82.689      4.920
   116         24  (W+)               -22    81     0   119   120     0     0    -61.814    -96.075    -94.039    172.566     88.793
   117         -5  (bbar)             -23    82     0   196   196     0   531     70.668     80.643   -516.781    527.811      4.920
   118        -24  (W-)               -22    82     0   121   122     0     0     66.774     -8.631   -194.275    220.452     79.518
   119        -11  e+                  23   116     0     0     0     0     0    -64.938    -66.659   -105.646    140.789      0.001
   120         12  nu_e                23   116     0     0     0     0     0      3.124    -29.416     11.607     31.777      0.000
   121         13  mu-                 23   118     0     0     0     0     0     20.155     27.414   -124.782    129.338      0.106
   122        -14  nu_mubar            23   118     0     0     0     0     0     46.619    -36.045    -69.493     91.114      0.000
   123         21  (g)                -73    96   108   159   159   534   529     -2.530      0.558   -304.742    304.753      0.169
   124          2  (u)                -71    93    93   126   127   517     0      0.970      0.474    614.577    614.578      0.330
   125       2101  (ud_0)             -71   109   109   126   127     0   517     -1.111      1.125   2328.796   2328.796      0.579
   126        211  pi+                 83   124   125     0     0     0     0      0.971      0.260    649.000    649.001      0.140
   127       2112  n0                  84   124   125     0     0     0     0     -1.112      1.339   2294.372   2294.373      0.940
   128        211  pi+                 83   110   111     0     0     0     0     -0.838      0.802    954.220    954.221      0.140
   129        111  (pi0)              -83   110   111   324   325     0     0      0.218     -0.101     20.950     20.952      0.135
   130        311  (K0)               -83   110   111   248   248     0     0     -0.210      0.379    141.720    141.722      0.498
   131        333  (phi)              -83   110   111   326   327     0     0      0.182      0.035    244.571    244.573      1.020
   132        221  (eta)              -84   110   111   328   330     0     0      0.243      0.003     31.460     31.466      0.548
   133       -323  (K*-)              -84   110   111   249   250     0     0     -0.373      1.671     13.800     13.934      0.893
   134          2  (u)                -71    98    98   136   156   522     0      2.426     -0.493     71.079     71.122      0.330
   135       2101  (ud_0)             -71   114   114   136   156     0   522      1.033      1.278  -3756.174   3756.175      0.579
   136       2212  p+                  83   134   135     0     0     0     0      0.766     -0.268     19.111     19.151      0.938
   137      -2112  nbar0               83   134   135     0     0     0     0      0.859     -0.030     20.054     20.094      0.940
   138       -213  (rho-)             -83   134   135   251   252     0     0      0.123     -0.071     15.374     15.424      1.235
   139        321  K+                  83   134   135     0     0     0     0      0.315      0.233      6.635      6.665      0.494
   140       -321  K-                  83   134   135     0     0     0     0      0.367     -0.378      3.456      3.530      0.494
   141        223  (omega)            -83   134   135   331   333     0     0      0.086     -0.083      4.203      4.275      0.773
   142        221  (eta)              -83   134   135   334   336     0     0     -0.310      0.135      0.367      0.741      0.548
   143       2212  p+                  83   134   135     0     0     0     0     -0.083     -0.026      0.807      1.240      0.938
   144      -3122  Lambdabar0          83   134   135     0     0     0     0      0.169      0.469     -1.511      1.944      1.116
   145       -321  K-                  83   134   135     0     0     0     0      0.111     -0.435     -0.446      0.802      0.494
   146        321  K+                  83   134   135     0     0     0     0      0.151     -0.229     -1.659      1.752      0.494
   147       -321  K-                  83   134   135     0     0     0     0     -0.274      0.206     -2.446      2.518      0.494
   148        213  (rho+)             -83   134   135   253   254     0     0      0.371      0.020     -4.627      4.696      0.712
   149       -211  pi-                 83   134   135     0     0     0     0      0.259     -0.032     -2.579      2.596      0.140
   150        223  (omega)            -84   134   135   337   339     0     0     -0.837      0.004    -57.086     57.097      0.783
   151        213  (rho+)             -84   134   135   255   256     0     0      0.385     -0.316    -49.146     49.155      0.822
   152       2112  n0                  84   134   135     0     0     0     0     -0.215      0.199    -48.909     48.919      0.940
   153        113  (rho0)             -84   134   135   257   258     0     0      0.661      0.275   -372.237    372.239      0.695
   154      -2114  (Deltabar0)        -84   134   135   259   260     0     0     -0.063     -0.021   -744.110    744.111      1.214
   155       -211  pi-                 84   134   135     0     0     0     0      0.090      0.157    -43.545     43.546      0.140
   156       2212  p+                  84   134   135     0     0     0     0      0.529      0.976  -2426.801   2426.801      0.938
   157          2  (u)                -71   113   113   165   185   512     0      1.555      1.343   -613.974    613.978      0.330
   158         21  (g)                -71   102   102   165   185   529   512     -1.951     -1.574   -552.718    552.724      0.000
   159         21  (g)                -71   123   123   165   185   534   529     -2.530      0.558   -304.742    304.753      0.169
   160         21  (g)                -71    97    97   165   185   523   534      0.324     -1.295     -1.312      1.872      0.000
   161         21  (g)                -71    85    85   165   185   516   523      2.247     -0.920      1.159      2.691      0.000
   162         21  (g)                -71    87    87   165   185   526   516     -0.511      0.977      1.623      1.962      0.000
   163         21  (g)                -71   101   101   165   185   527   526      1.297     -0.070     10.378     10.459      0.000
   164         -2  (ubar)             -71   112   112   165   185     0   527      0.271      1.395    392.017    392.020      0.330
   165        211  pi+                 83   157   164     0     0     0     0      0.474      0.200   -264.466    264.466      0.140
   166       -211  pi-                 83   157   164     0     0     0     0     -0.277      0.698   -171.129    171.131      0.140
   167        213  (rho+)             -83   157   164   261   262     0     0      0.084     -0.674   -321.434    321.436      0.887
   168        111  (pi0)              -83   157   164   340   341     0     0      0.308      0.338    -53.846     53.848      0.135
   169       -211  pi-                 83   157   164     0     0     0     0     -0.425      0.240   -102.353    102.354      0.140
   170        211  pi+                 83   157   164     0     0     0     0     -1.220      0.128   -124.289    124.295      0.140
   171       -211  pi-                 83   157   164     0     0     0     0      0.302      0.063    -15.808     15.811      0.140
   172        213  (rho+)             -83   157   164   263   264     0     0     -1.194     -1.051   -214.404    214.412      0.837
   173        113  (rho0)             -83   157   164   265   266     0     0     -0.194      0.568    -74.110     74.117      0.819
   174       2114  (Delta0)           -83   157   164   267   268     0     0     -1.061     -0.619   -101.823    101.838      1.313
   175      -2114  (Deltabar0)        -83   157   164   269   270     0     0      0.532      0.181    -25.148     25.206      1.622
   176        223  (omega)            -83   157   164   342   344     0     0     -0.099     -0.742     -2.638      2.851      0.780
   177       -211  pi-                 83   157   164     0     0     0     0      0.257     -0.154     -0.027      0.332      0.140
   178        211  pi+                 84   157   164     0     0     0     0      0.181      0.604     -0.656      0.921      0.140
   179        113  (rho0)             -84   157   164   271   272     0     0      0.580     -1.332     -0.417      1.690      0.756
   180       2114  (Delta0)           -84   157   164   273   274     0     0      1.974      0.227      4.324      4.936      1.312
   181        113  (rho0)             -84   157   164   275   276     0     0     -0.041      0.427      7.567      7.615      0.745
   182      -2212  pbar-               84   157   164     0     0     0     0     -0.637      0.340     11.108     11.171      0.938
   183        213  (rho+)             -84   157   164   277   278     0     0      0.709      0.042     36.983     37.001      0.928
   184       -213  (rho-)             -84   157   164   279   280     0     0      0.288     -0.442     20.881     20.907      0.895
   185        223  (omega)            -84   157   164   345   347     0     0      0.160      1.372    324.117    324.121      0.796
   186          5  (b)                -71   115   115   197   247   511     0    -74.437     29.411    -20.186     82.689      4.920
   187         21  (g)                -71    92    92   197   247   518   511     -2.019     -2.882    -18.146     18.484      0.000
   188         21  (g)                -71    84    84   197   247   515   518      2.311     -1.193    -93.438     93.475      0.000
   189         21  (g)                -71    91    91   197   247   519   515      0.284     -1.384   -242.466    242.470      0.000
   190         21  (g)                -71   103   103   197   247   537   519     -0.158     -0.591   1155.740   1155.740      0.000
   191         21  (g)                -71   107   107   197   247   533   537     -1.837     -2.772    389.467    389.482      0.000
   192         21  (g)                -71    88    88   197   247   525   533     -0.436     -0.654     16.052     16.071      0.000
   193         21  (g)                -71    86    86   197   247   513   525      0.590     -0.806      0.361      1.062      0.000
   194         21  (g)                -71    83    83   197   247   514   513     -3.017     -0.927     20.830     21.068      0.000
   195         21  (g)                -71   106   106   197   247   531   514     -0.151      0.276     -0.548      0.632      0.000
   196         -5  (bbar)             -71   117   117   197   247     0   531     70.668     80.643   -516.781    527.811      4.920
   197       -513  (B*bar0)           -83   186   196   348   349     0     0    -69.860     28.012    -18.728     77.745      5.325
   198       -211  pi-                 83   186   196     0     0     0     0     -0.820      0.267     -0.004      0.874      0.140
   199        113  (rho0)             -83   186   196   281   282     0     0     -2.338      0.378     -2.389      3.453      0.777
   200        111  (pi0)              -83   186   196   350   351     0     0      0.073     -0.001     -0.009      0.154      0.135
   201        213  (rho+)             -83   186   196   283   284     0     0     -0.293      0.017     -1.097      1.424      0.859
   202       -211  pi-                 83   186   196     0     0     0     0     -0.235      0.230     -0.217      0.418      0.140
   203        113  (rho0)             -83   186   196   285   286     0     0     -0.953     -0.263     -1.165      1.639      0.593
   204       2224  (Delta++)          -83   186   196   287   288     0     0     -0.633     -1.285     -8.906      9.118      1.328
   205      -2214  (Deltabar-)        -83   186   196   289   290     0     0     -0.336      0.201     -5.188      5.361      1.292
   206        223  (omega)            -83   186   196   352   354     0     0     -0.019      0.224     -1.782      1.959      0.782
   207        223  (omega)            -83   186   196   355   357     0     0     -0.871     -1.155     -8.062      8.228      0.786
   208       -211  pi-                 83   186   196     0     0     0     0      0.572     -0.285     -9.145      9.168      0.140
   209        211  pi+                 83   186   196     0     0     0     0      0.537     -0.037     -9.635      9.651      0.140
   210       -211  pi-                 83   186   196     0     0     0     0      1.103     -1.824   -144.670    144.686      0.140
   211        211  pi+                 83   186   196     0     0     0     0      0.320      0.085    -50.342     50.343      0.140
   212       -213  (rho-)             -83   186   196   291   292     0     0     -0.161     -1.213    -72.637     72.651      0.736
   213        211  pi+                 83   186   196     0     0     0     0      0.099      0.897    -13.057     13.089      0.140
   214        111  (pi0)              -83   186   196   358   359     0     0     -0.148     -0.650    -16.779     16.793      0.135
   215       -211  pi-                 83   186   196     0     0     0     0     -0.084      0.507     -5.984      6.008      0.140
   216        323  (K*+)              -83   186   196   293   294     0     0      0.249     -0.025     -1.148      1.483      0.905
   217       3312  Xi-                 83   186   196     0     0     0     0      0.057     -0.007     -0.518      1.421      1.322
   218      -3212  (Sigmabar0)        -83   186   196   360   361     0     0     -0.061     -0.361     -0.941      1.563      1.193
   219        323  (K*+)              -83   186   196   295   296     0     0      0.089     -0.062     -0.154      0.923      0.904
   220       -323  (K*-)              -83   186   196   297   298     0     0     -0.045      0.413      0.900      1.343      0.906
   221        113  (rho0)             -83   186   196   299   300     0     0     -0.288      0.520      3.743      3.867      0.770
   222       2212  p+                  83   186   196     0     0     0     0      0.872     -0.248     14.674     14.732      0.938
   223      -2112  nbar0               84   186   196     0     0     0     0     -0.809     -0.466     61.465     61.479      0.940
   224       -211  pi-                 84   186   196     0     0     0     0      0.159      0.358     21.251     21.255      0.140
   225        213  (rho+)             -84   186   196   301   302     0     0      0.002     -0.639    311.598    311.600      0.795
   226        311  (K0)               -84   186   196   303   303     0     0     -0.115     -0.076    118.573    118.574      0.498
   227       -311  (Kbar0)            -84   186   196   304   304     0     0     -0.399      0.077    105.780    105.782      0.498
   228        221  (eta)              -84   186   196   362   363     0     0      0.485     -0.689    507.848    507.849      0.548
   229        111  (pi0)              -84   186   196   364   365     0     0     -1.125     -0.666    140.891    140.897      0.135
   230        111  (pi0)              -84   186   196   366   367     0     0      0.072     -1.005    110.810    110.815      0.135
   231       -213  (rho-)             -84   186   196   305   306     0     0     -0.932     -0.551     83.066     83.078      0.901
   232        213  (rho+)             -84   186   196   307   308     0     0      0.408     -0.175     22.523     22.542      0.793
   233       -213  (rho-)             -84   186   196   309   310     0     0     -1.121     -0.336     49.206     49.230      0.955
   234        211  pi+                 84   186   196     0     0     0     0      0.545     -0.237      5.102      5.138      0.140
   235        223  (omega)            -84   186   196   368   370     0     0     -0.100     -0.273      1.044      1.342      0.792
   236        221  (eta)              -84   186   196   371   372     0     0     -0.933     -0.404      8.787      8.863      0.548
   237       -211  pi-                 84   186   196     0     0     0     0     -0.138     -0.044      1.732      1.743      0.140
   238        213  (rho+)             -84   186   196   311   312     0     0     -0.217     -0.628      1.470      1.873      0.950
   239       -213  (rho-)             -84   186   196   313   314     0     0     -0.324     -0.125      2.446      2.601      0.812
   240        223  (omega)            -84   186   196   373   375     0     0     -0.196      0.012      5.046      5.115      0.816
   241        213  (rho+)             -84   186   196   315   316     0     0     -0.620     -0.365      1.599      1.915      0.770
   242       -213  (rho-)             -84   186   196   317   318     0     0     -0.300      0.689     -0.249      1.037      0.670
   243        211  pi+                 84   186   196     0     0     0     0      0.116     -0.926      0.144      0.955      0.140
   244       -211  pi-                 84   186   196     0     0     0     0      4.304      5.774    -28.712     29.602      0.140
   245        211  pi+                 84   186   196     0     0     0     0      1.683      1.908    -16.638     16.832      0.140
   246       -213  (rho-)             -84   186   196   319   320     0     0      3.738      4.010    -25.947     26.536      0.933
   247        521  (B+)               -84   186   196   376   378     0     0     60.791     69.562   -444.713    454.238      5.279
   248        310  K_S0                91   130   130     0     0     0     0     -0.210      0.379    141.720    141.722      0.498
   249       -321  K-                  91   133     0     0     0     0     0     -0.401      0.882      9.341      9.404      0.494
   250        111  (pi0)              -91   133     0   379   380     0     0      0.028      0.789      4.459      4.531      0.135
   251       -211  pi-                 91   138     0     0     0     0     0     -0.191     -0.430     12.359     12.369      0.140
   252        111  (pi0)              -91   138     0   381   382     0     0      0.314      0.359      3.015      3.055      0.135
   253        211  pi+                 91   148     0     0     0     0     0      0.167      0.276     -3.430      3.448      0.140
   254        111  (pi0)              -91   148     0   383   384     0     0      0.204     -0.256     -1.197      1.249      0.135
   255        211  pi+                 91   151     0     0     0     0     0      0.451      0.131    -24.439     24.444      0.140
   256        111  (pi0)              -91   151     0   385   386     0     0     -0.066     -0.447    -24.707     24.711      0.135
   257        211  pi+                 91   153     0     0     0     0     0     -0.016      0.112   -169.289    169.289      0.140
   258       -211  pi-                 91   153     0     0     0     0     0      0.677      0.163   -202.949    202.950      0.140
   259      -2212  pbar-               91   154     0     0     0     0     0     -0.240      0.047   -556.407    556.408      0.938
   260        211  pi+                 91   154     0     0     0     0     0      0.177     -0.068   -187.703    187.703      0.140
   261        211  pi+                 91   167     0     0     0     0     0     -0.218      0.093    -96.076     96.077      0.140
   262        111  (pi0)              -91   167     0   387   388     0     0      0.302     -0.767   -225.358    225.360      0.135
   263        211  pi+                 91   172     0     0     0     0     0     -0.338     -0.049    -83.797     83.798      0.140
   264        111  (pi0)              -91   172     0   389   390     0     0     -0.856     -1.002   -130.607    130.614      0.135
   265        211  pi+                 91   173     0     0     0     0     0      0.148      0.430    -58.706     58.708      0.140
   266       -211  pi-                 91   173     0     0     0     0     0     -0.341      0.138    -15.404     15.409      0.140
   267       2112  n0                  91   174     0     0     0     0     0     -1.031     -0.742    -83.471     83.486      0.940
   268        111  (pi0)              -91   174     0   391   392     0     0     -0.030      0.123    -18.352     18.353      0.135
   269      -2112  nbar0               91   175     0     0     0     0     0     -0.042      0.012    -20.003     20.025      0.940
   270        111  (pi0)              -91   175     0   393   394     0     0      0.574      0.169     -5.145      5.181      0.135
   271        211  pi+                 91   179     0     0     0     0     0      0.504     -0.891      0.042      1.034      0.140
   272       -211  pi-                 91   179     0     0     0     0     0      0.076     -0.440     -0.459      0.655      0.140
   273       2112  n0                  91   180     0     0     0     0     0      1.368     -0.103      3.283      3.680      0.940
   274        111  (pi0)              -91   180     0   395   396     0     0      0.606      0.330      1.040      1.255      0.135
   275        211  pi+                 91   181     0     0     0     0     0      0.056      0.538      3.566      3.609      0.140
   276       -211  pi-                 91   181     0     0     0     0     0     -0.097     -0.111      4.001      4.006      0.140
   277        211  pi+                 91   183     0     0     0     0     0      0.427      0.324     10.111     10.126      0.140
   278        111  (pi0)              -91   183     0   397   398     0     0      0.282     -0.282     26.872     26.875      0.135
   279       -211  pi-                 91   184     0     0     0     0     0      0.181     -0.279      2.668      2.692      0.140
   280        111  (pi0)              -91   184     0   399   400     0     0      0.107     -0.163     18.213     18.215      0.135
   281        211  pi+                 91   199     0     0     0     0     0     -1.253      0.467     -0.965      1.655      0.140
   282       -211  pi-                 91   199     0     0     0     0     0     -1.085     -0.089     -1.424      1.797      0.140
   283        211  pi+                 91   201     0     0     0     0     0      0.085     -0.236     -0.833      0.881      0.140
   284        111  (pi0)              -91   201     0   401   402     0     0     -0.378      0.252     -0.264      0.543      0.135
   285        211  pi+                 91   203     0     0     0     0     0     -0.118     -0.240     -0.250      0.392      0.140
   286       -211  pi-                 91   203     0     0     0     0     0     -0.835     -0.022     -0.915      1.247      0.140
   287       2212  p+                  91   204     0     0     0     0     0     -0.387     -1.303     -7.982      8.152      0.938
   288        211  pi+                 91   204     0     0     0     0     0     -0.246      0.018     -0.924      0.966      0.140
   289      -2212  pbar-               91   205     0     0     0     0     0     -0.318     -0.121     -3.693      3.826      0.938
   290        111  (pi0)              -91   205     0   403   404     0     0     -0.018      0.321     -1.495      1.535      0.135
   291       -211  pi-                 91   212     0     0     0     0     0     -0.262     -0.136    -13.195     13.199      0.140
   292        111  (pi0)              -91   212     0   405   406     0     0      0.101     -1.077    -59.443     59.453      0.135
   293        311  (K0)               -91   216     0   321   321     0     0      0.064     -0.138     -0.310      0.606      0.498
   294        211  pi+                 91   216     0     0     0     0     0      0.185      0.113     -0.839      0.878      0.140
   295        311  (K0)               -91   219     0   322   322     0     0      0.255     -0.204      0.044      0.597      0.498
   296        211  pi+                 91   219     0     0     0     0     0     -0.166      0.141     -0.198      0.326      0.140
   297       -311  (Kbar0)            -91   220     0   323   323     0     0      0.087      0.192      0.900      1.050      0.498
   298       -211  pi-                 91   220     0     0     0     0     0     -0.133      0.221      0.000      0.293      0.140
   299        221  (eta)              -91   221     0   407   408     0     0     -0.022      0.320      2.267      2.354      0.548
   300         22  gamma               91   221     0     0     0     0     0     -0.267      0.200      1.476      1.513      0.000
   301        211  pi+                 91   225     0     0     0     0     0      0.364     -0.247    122.211    122.211      0.140
   302        111  (pi0)              -91   225     0   409   410     0     0     -0.362     -0.392    189.388    189.388      0.135
   303        130  K_L0                91   226   226     0     0     0     0     -0.115     -0.076    118.573    118.574      0.498
   304        130  K_L0                91   227   227     0     0     0     0     -0.399      0.077    105.780    105.782      0.498
   305       -211  pi-                 91   231     0     0     0     0     0     -0.997     -0.210     56.991     57.001      0.140
   306        111  (pi0)              -91   231     0   411   412     0     0      0.066     -0.341     26.075     26.078      0.135
   307        211  pi+                 91   232     0     0     0     0     0      0.396      0.175     16.755     16.761      0.140
   308        111  (pi0)              -91   232     0   413   414     0     0      0.013     -0.350      5.768      5.781      0.135
   309       -211  pi-                 91   233     0     0     0     0     0     -1.193     -0.070     38.974     38.993      0.140
   310        111  (pi0)              -91   233     0   415   416     0     0      0.073     -0.266     10.232     10.237      0.135
   311        211  pi+                 91   238     0     0     0     0     0     -0.333     -0.413      0.219      0.591      0.140
   312        111  (pi0)              -91   238     0   417   418     0     0      0.117     -0.216      1.251      1.282      0.135
   313       -211  pi-                 91   239     0     0     0     0     0      0.246      0.001      0.717      0.771      0.140
   314        111  (pi0)              -91   239     0   419   420     0     0     -0.570     -0.126      1.729      1.830      0.135
   315        211  pi+                 91   241     0     0     0     0     0     -0.223     -0.420      0.379      0.623      0.140
   316        111  (pi0)              -91   241     0   421   422     0     0     -0.397      0.055      1.220      1.291      0.135
   317       -211  pi-                 91   242     0     0     0     0     0     -0.195      0.471      0.152      0.550      0.140
   318        111  (pi0)              -91   242     0   423   424     0     0     -0.105      0.219     -0.401      0.488      0.135
   319       -211  pi-                 91   246     0     0     0     0     0      0.613      0.284     -3.655      3.719      0.140
   320        111  (pi0)              -91   246     0   425   426     0     0      3.125      3.726    -22.292     22.817      0.135
   321        310  K_S0                91   293   293     0     0     0     0      0.064     -0.138     -0.310      0.606      0.498
   322        310  K_S0                91   295   295     0     0     0     0      0.255     -0.204      0.044      0.597      0.498
   323        130  K_L0                91   297   297     0     0     0     0      0.087      0.192      0.900      1.050      0.498
   324         22  gamma               91   129     0     0     0     0     0      0.046     -0.082      5.088      5.088      0.000
   325         22  gamma               91   129     0     0     0     0     0      0.172     -0.019     15.863     15.864      0.000
   326        130  K_L0                91   131     0     0     0     0     0      0.005     -0.057    118.338    118.339      0.498
   327        310  (K_S0)             -91   131     0   427   428     0     0      0.177      0.092    126.234    126.235      0.498
   328        111  (pi0)              -91   132     0   429   430     0     0     -0.025      0.097      8.247      8.248      0.135
   329        111  (pi0)              -91   132     0   431   432     0     0      0.198     -0.104     17.533     17.535      0.135
   330        111  (pi0)              -91   132     0   433   434     0     0      0.070      0.010      5.681      5.683      0.135
   331        211  pi+                 91   141     0     0     0     0     0     -0.151      0.038      2.540      2.548      0.140
   332       -211  pi-                 91   141     0     0     0     0     0      0.024     -0.086      1.049      1.062      0.140
   333        111  (pi0)              -91   141     0   435   436     0     0      0.213     -0.034      0.614      0.665      0.135
   334        111  (pi0)              -91   142     0   437   438     0     0     -0.130     -0.035      0.265      0.326      0.135
   335        111  (pi0)              -91   142     0   439   440     0     0     -0.001      0.094      0.061      0.175      0.135
   336        111  (pi0)              -91   142     0   441   442     0     0     -0.178      0.076      0.042      0.240      0.135
   337        211  pi+                 91   150     0     0     0     0     0     -0.499     -0.056    -27.122     27.127      0.140
   338       -211  pi-                 91   150     0     0     0     0     0     -0.079     -0.095     -3.945      3.950      0.140
   339        111  (pi0)              -91   150     0   443   444     0     0     -0.259      0.155    -26.018     26.021      0.135
   340         22  gamma               91   168     0     0     0     0     0      0.045      0.130    -18.905     18.906      0.000
   341         22  gamma               91   168     0     0     0     0     0      0.264      0.209    -34.941     34.942      0.000
   342        211  pi+                 91   176     0     0     0     0     0     -0.221     -0.295     -0.706      0.809      0.140
   343       -211  pi-                 91   176     0     0     0     0     0      0.165     -0.182     -0.461      0.541      0.140
   344        111  (pi0)              -91   176     0   445   446     0     0     -0.043     -0.265     -1.471      1.502      0.135
   345        211  pi+                 91   185     0     0     0     0     0      0.324      0.771    138.633    138.636      0.140
   346       -211  pi-                 91   185     0     0     0     0     0     -0.064      0.170     47.725     47.726      0.140
   347        111  (pi0)              -91   185     0   447   448     0     0     -0.100      0.430    137.759    137.759      0.135
   348       -511  (Bbar0)            -91   197     0   449   451     0     0    -68.720     27.565    -18.407     76.478      5.280
   349         22  gamma               91   197     0     0     0     0     0     -1.141      0.447     -0.321      1.267      0.000
   350         22  gamma               91   200     0     0     0     0     0     -0.013     -0.042     -0.034      0.055      0.000
   351         22  gamma               91   200     0     0     0     0     0      0.086      0.041      0.025      0.098      0.000
   352        211  pi+                 91   206     0     0     0     0     0     -0.100      0.030     -0.061      0.184      0.140
   353       -211  pi-                 91   206     0     0     0     0     0      0.141      0.015     -0.798      0.823      0.140
   354        111  (pi0)              -91   206     0   452   453     0     0     -0.060      0.179     -0.923      0.952      0.135
   355        211  pi+                 91   207     0     0     0     0     0     -0.000     -0.121     -1.228      1.242      0.140
   356       -211  pi-                 91   207     0     0     0     0     0     -0.306     -0.494     -3.973      4.018      0.140
   357        111  (pi0)              -91   207     0   454   455     0     0     -0.565     -0.539     -2.860      2.968      0.135
   358         22  gamma               91   214     0     0     0     0     0     -0.039     -0.375    -10.601     10.608      0.000
   359         22  gamma               91   214     0     0     0     0     0     -0.109     -0.275     -6.178      6.185      0.000
   360      -3122  Lambdabar0          91   218     0     0     0     0     0     -0.081     -0.294     -0.803      1.408      1.116
   361         22  gamma               91   218     0     0     0     0     0      0.020     -0.067     -0.138      0.155      0.000
   362         22  gamma               91   228     0     0     0     0     0      0.278     -0.712    336.930    336.931      0.000
   363         22  gamma               91   228     0     0     0     0     0      0.207      0.023    170.917    170.918      0.000
   364         22  gamma               91   229     0     0     0     0     0     -0.184     -0.078     17.523     17.524      0.000
   365         22  gamma               91   229     0     0     0     0     0     -0.941     -0.588    123.368    123.373      0.000
   366         22  gamma               91   230     0     0     0     0     0      0.092     -0.437     51.970     51.972      0.000
   367         22  gamma               91   230     0     0     0     0     0     -0.020     -0.568     58.841     58.843      0.000
   368        211  pi+                 91   235     0     0     0     0     0      0.085      0.011      0.053      0.172      0.140
   369       -211  pi-                 91   235     0     0     0     0     0     -0.098      0.049      0.628      0.652      0.140
   370        111  (pi0)              -91   235     0   456   457     0     0     -0.087     -0.333      0.363      0.518      0.135
   371         22  gamma               91   236     0     0     0     0     0     -0.951     -0.281      8.332      8.391      0.000
   372         22  gamma               91   236     0     0     0     0     0      0.019     -0.123      0.455      0.472      0.000
   373        211  pi+                 91   240     0     0     0     0     0     -0.090      0.120      0.399      0.448      0.140
   374       -211  pi-                 91   240     0     0     0     0     0      0.019     -0.091      0.924      0.939      0.140
   375        111  (pi0)              -91   240     0   458   459     0     0     -0.125     -0.017      3.723      3.728      0.135
   376         12  nu_e                91   247     0     0     0     0     0     19.775     24.160   -151.372    154.558      0.000
   377        -11  e+                  91   247     0     0     0     0     0     14.407     15.768   -107.969    110.062      0.001
   378     -20423  (D*_1bar0)         -91   247     0   460   461     0     0     26.608     29.635   -185.372    189.618      2.466
   379         22  gamma               91   250     0     0     0     0     0      0.057      0.166      1.107      1.121      0.000
   380         22  gamma               91   250     0     0     0     0     0     -0.030      0.623      3.353      3.410      0.000
   381         22  gamma               91   252     0     0     0     0     0      0.307      0.301      2.447      2.485      0.000
   382         22  gamma               91   252     0     0     0     0     0      0.007      0.057      0.567      0.570      0.000
   383         22  gamma               91   254     0     0     0     0     0      0.064     -0.188     -0.675      0.704      0.000
   384         22  gamma               91   254     0     0     0     0     0      0.140     -0.068     -0.522      0.545      0.000
   385         22  gamma               91   256     0     0     0     0     0     -0.021     -0.126    -10.633     10.634      0.000
   386         22  gamma               91   256     0     0     0     0     0     -0.044     -0.321    -14.074     14.078      0.000
   387         22  gamma               91   262     0     0     0     0     0      0.094     -0.135    -55.835     55.835      0.000
   388         22  gamma               91   262     0     0     0     0     0      0.208     -0.632   -169.523    169.524      0.000
   389         22  gamma               91   264     0     0     0     0     0     -0.738     -0.925   -117.762    117.768      0.000
   390         22  gamma               91   264     0     0     0     0     0     -0.118     -0.077    -12.845     12.846      0.000
   391         22  gamma               91   268     0     0     0     0     0     -0.014      0.034    -13.733     13.733      0.000
   392         22  gamma               91   268     0     0     0     0     0     -0.017      0.089     -4.618      4.619      0.000
   393         22  gamma               91   270     0     0     0     0     0      0.572      0.147     -4.953      4.988      0.000
   394         22  gamma               91   270     0     0     0     0     0      0.002      0.023     -0.192      0.193      0.000
   395         22  gamma               91   274     0     0     0     0     0      0.463      0.274      0.895      1.044      0.000
   396         22  gamma               91   274     0     0     0     0     0      0.143      0.055      0.146      0.212      0.000
   397         22  gamma               91   278     0     0     0     0     0      0.055     -0.020      7.217      7.218      0.000
   398         22  gamma               91   278     0     0     0     0     0      0.227     -0.262     19.655     19.658      0.000
   399         22  gamma               91   280     0     0     0     0     0      0.000     -0.118      7.652      7.653      0.000
   400         22  gamma               91   280     0     0     0     0     0      0.107     -0.045     10.560     10.561      0.000
   401         22  gamma               91   284     0     0     0     0     0     -0.110      0.008     -0.045      0.120      0.000
   402         22  gamma               91   284     0     0     0     0     0     -0.268      0.244     -0.218      0.423      0.000
   403         22  gamma               91   290     0     0     0     0     0     -0.029      0.302     -1.143      1.183      0.000
   404         22  gamma               91   290     0     0     0     0     0      0.010      0.020     -0.352      0.352      0.000
   405         22  gamma               91   292     0     0     0     0     0      0.075     -1.009    -56.738     56.747      0.000
   406         22  gamma               91   292     0     0     0     0     0      0.026     -0.068     -2.705      2.706      0.000
   407         22  gamma               91   299     0     0     0     0     0     -0.169      0.058      1.727      1.737      0.000
   408         22  gamma               91   299     0     0     0     0     0      0.147      0.262      0.539      0.617      0.000
   409         22  gamma               91   302     0     0     0     0     0     -0.339     -0.323    149.772    149.773      0.000
   410         22  gamma               91   302     0     0     0     0     0     -0.022     -0.069     39.615     39.616      0.000
   411         22  gamma               91   306     0     0     0     0     0      0.088     -0.330     25.148     25.150      0.000
   412         22  gamma               91   306     0     0     0     0     0     -0.023     -0.011      0.927      0.927      0.000
   413         22  gamma               91   308     0     0     0     0     0     -0.046     -0.057      0.871      0.874      0.000
   414         22  gamma               91   308     0     0     0     0     0      0.059     -0.292      4.897      4.906      0.000
   415         22  gamma               91   310     0     0     0     0     0     -0.034     -0.098      2.709      2.711      0.000
   416         22  gamma               91   310     0     0     0     0     0      0.106     -0.168      7.523      7.526      0.000
   417         22  gamma               91   312     0     0     0     0     0      0.050     -0.061      0.733      0.738      0.000
   418         22  gamma               91   312     0     0     0     0     0      0.067     -0.155      0.517      0.544      0.000
   419         22  gamma               91   314     0     0     0     0     0     -0.034     -0.037      0.090      0.103      0.000
   420         22  gamma               91   314     0     0     0     0     0     -0.536     -0.089      1.639      1.727      0.000
   421         22  gamma               91   316     0     0     0     0     0     -0.377      0.083      1.081      1.148      0.000
   422         22  gamma               91   316     0     0     0     0     0     -0.020     -0.028      0.139      0.143      0.000
   423         22  gamma               91   318     0     0     0     0     0     -0.050      0.003     -0.115      0.126      0.000
   424         22  gamma               91   318     0     0     0     0     0     -0.055      0.215     -0.286      0.362      0.000
   425         22  gamma               91   320     0     0     0     0     0      0.751      0.985     -5.619      5.754      0.000
   426         22  gamma               91   320     0     0     0     0     0      2.374      2.742    -16.673     17.063      0.000
   427        111  (pi0)              -91   327     0   462   463     0     0     -0.006      0.068    100.720    100.720      0.135
   428        111  (pi0)              -91   327     0   464   465     0     0      0.183      0.024     25.514     25.515      0.135
   429         22  gamma               91   328     0     0     0     0     0     -0.067      0.103      6.842      6.843      0.000
   430         22  gamma               91   328     0     0     0     0     0      0.041     -0.005      1.405      1.405      0.000
   431         22  gamma               91   329     0     0     0     0     0     -0.004      0.002      0.017      0.018      0.000
   432         22  gamma               91   329     0     0     0     0     0      0.202     -0.105     17.516     17.517      0.000
   433         22  gamma               91   330     0     0     0     0     0      0.033      0.019      5.307      5.307      0.000
   434         22  gamma               91   330     0     0     0     0     0      0.037     -0.009      0.373      0.375      0.000
   435         22  gamma               91   333     0     0     0     0     0      0.215     -0.049      0.465      0.514      0.000
   436         22  gamma               91   333     0     0     0     0     0     -0.003      0.015      0.150      0.151      0.000
   437         22  gamma               91   334     0     0     0     0     0     -0.076      0.049      0.112      0.144      0.000
   438         22  gamma               91   334     0     0     0     0     0     -0.055     -0.084      0.153      0.182      0.000
   439         22  gamma               91   335     0     0     0     0     0     -0.062      0.012      0.021      0.066      0.000
   440         22  gamma               91   335     0     0     0     0     0      0.060      0.082      0.039      0.109      0.000
   441         22  gamma               91   336     0     0     0     0     0     -0.112     -0.004     -0.027      0.116      0.000
   442         22  gamma               91   336     0     0     0     0     0     -0.066      0.080      0.068      0.124      0.000
   443         22  gamma               91   339     0     0     0     0     0     -0.073     -0.005     -9.499      9.499      0.000
   444         22  gamma               91   339     0     0     0     0     0     -0.186      0.160    -16.520     16.521      0.000
   445         22  gamma               91   344     0     0     0     0     0      0.029     -0.202     -0.947      0.968      0.000
   446         22  gamma               91   344     0     0     0     0     0     -0.072     -0.063     -0.525      0.533      0.000
   447         22  gamma               91   347     0     0     0     0     0      0.021      0.012      4.485      4.485      0.000
   448         22  gamma               91   347     0     0     0     0     0     -0.120      0.418    133.274    133.275      0.000
   449       -321  K-                  91   348     0     0     0     0     0    -25.521     10.404     -6.363     28.290      0.494
   450       -423  (D*bar0)           -91   348     0   466   467     0     0    -25.589     10.706     -7.200     28.728      2.007
   451        411  (D+)               -91   348     0   468   470     0     0    -17.610      6.454     -4.844     19.461      1.870
   452         22  gamma               91   354     0     0     0     0     0     -0.066      0.200     -0.834      0.860      0.000
   453         22  gamma               91   354     0     0     0     0     0      0.006     -0.021     -0.089      0.092      0.000
   454         22  gamma               91   357     0     0     0     0     0     -0.015     -0.017     -0.028      0.036      0.000
   455         22  gamma               91   357     0     0     0     0     0     -0.550     -0.522     -2.832      2.932      0.000
   456         22  gamma               91   370     0     0     0     0     0      0.016     -0.094      0.167      0.193      0.000
   457         22  gamma               91   370     0     0     0     0     0     -0.103     -0.239      0.195      0.325      0.000
   458         22  gamma               91   375     0     0     0     0     0      0.016     -0.034      1.161      1.162      0.000
   459         22  gamma               91   375     0     0     0     0     0     -0.142      0.017      2.562      2.566      0.000
   460       -413  (D*-)              -91   378     0   471   472     0     0     23.438     26.482   -165.824    169.564      2.010
   461        211  pi+                 91   378     0     0     0     0     0      3.170      3.152    -19.548     20.053      0.140
   462         22  gamma               91   427     0     0     0     0     0     -0.065      0.008     49.570     49.570      0.000
   463         22  gamma               91   427     0     0     0     0     0      0.060      0.060     51.150     51.150      0.000
   464         22  gamma               91   428     0     0     0     0     0      0.090      0.047     19.463     19.464      0.000
   465         22  gamma               91   428     0     0     0     0     0      0.093     -0.023      6.050      6.051      0.000
   466       -421  (Dbar0)            -91   450     0   473   474     0     0    -23.596      9.727     -6.639     26.437      1.865
   467         22  gamma               91   450     0     0     0     0     0     -1.993      0.980     -0.561      2.290      0.000
   468        -13  mu+                 91   451     0     0     0     0     0     -2.985      1.237     -0.759      3.321      0.106
   469         14  nu_mu               91   451     0     0     0     0     0     -4.478      1.880     -0.795      4.921      0.000
   470       -313  (K*bar0)           -91   451     0   475   476     0     0    -10.147      3.337     -3.290     11.218      0.969
   471       -411  (D-)               -91   460     0   477   479     0     0     21.843     24.625   -154.290    157.773      1.870
   472        111  (pi0)              -91   460     0   480   481     0     0      1.595      1.857    -11.534     11.792      0.135
   473        323  (K*+)              -91   466     0   482   483     0     0    -16.020      6.772     -4.128     17.896      0.852
   474       -213  (rho-)             -91   466     0   484   485     0     0     -7.576      2.954     -2.511      8.541      0.723
   475       -321  K-                  91   470     0     0     0     0     0     -2.839      1.043     -0.962      3.212      0.494
   476        211  pi+                 91   470     0     0     0     0     0     -7.308      2.294     -2.328      8.007      0.140
   477         13  mu-                 91   471     0     0     0     0     0      6.648      7.208    -48.327     49.312      0.106
   478        -14  nu_mubar            91   471     0     0     0     0     0      2.055      2.788    -17.143     17.489      0.000
   479       -311  (Kbar0)            -91   471     0   486   486     0     0     13.140     14.629    -88.820     90.972      0.498
   480         22  gamma               91   472     0     0     0     0     0      0.686      0.845     -5.417      5.526      0.000
   481         22  gamma               91   472     0     0     0     0     0      0.909      1.012     -6.117      6.266      0.000
   482        311  (K0)               -91   473     0   487   487     0     0    -12.803      5.357     -3.065     14.222      0.498
   483        211  pi+                 91   473     0     0     0     0     0     -3.217      1.415     -1.063      3.674      0.140
   484       -211  pi-                 91   474     0     0     0     0     0     -6.158      2.530     -2.272      7.036      0.140
   485        111  (pi0)              -91   474     0   488   489     0     0     -1.418      0.425     -0.239      1.505      0.135
   486        310  K_S0                91   479   479     0     0     0     0     13.140     14.629    -88.820     90.972      0.498
   487        130  K_L0                91   482   482     0     0     0     0    -12.803      5.357     -3.065     14.222      0.498
   488         22  gamma               91   485     0     0     0     0     0     -0.372      0.092     -0.119      0.401      0.000
   489         22  gamma               91   485     0     0     0     0     0     -1.046      0.333     -0.120      1.104      0.000
                                   Charge sum:  2.000           Momentum sum:      0.000     -0.000     -0.000  13000.000  13000.000

 --------  End PYTHIA Event Listing  -----------------------------------------------------------------------------------------------
#--------------------------------------------------------------------------
#                     FastJet release 3.4.0 [fjcore]
#                 M. Cacciari, G.P. Salam and G. Soyez                  
#     A software package for jet finding and analysis at colliders      
#                           http://fastjet.fr                           
#	                                                                      
# Please cite EPJC72(2012)1896 [arXiv:1111.6097] if you use this package
# for scientific work and optionally PLB641(2006)57 [hep-ph/0512210].   
#                                                                       
# FastJet is provided without warranty under the GNU GPL v2 or higher.  
# It uses T. Chan's closest pair algorithm, S. Fortune's Voronoi code
# and 3rd party plugin jet algorithms. See COPYING file for details.
#--------------------------------------------------------------------------
 PYTHIA Warning in SimpleSpaceShower::pT2nextQCD: weight above unity  
 PYTHIA Warning in SimpleSpaceShower::pT2nextQCD: small daughter PDF  
 PYTHIA Warning in StringFragmentation::fragmentToJunction: bad convergence junction rest frame  
 PYTHIA Warning in ColConfig::collect: negative-energy parton encountered  
 PYTHIA Error in Pythia::check: unmatched particle energy/momentum/mass  
 PYTHIA Error in Pythia::next: check of event revealed problems  
 PYTHIA Warning in Pythia::check: not quite matched particle energy/momentum/mass  

 Pythia::next(): 1000 events have been generated 
 PYTHIA Error in BeamRemnants::setKinematics: kinematics construction failed  

 Pythia::next(): 2000 events have been generated 

 Pythia::next(): 3000 events have been generated 
 PYTHIA Error in SimpleSpaceShower::pT2nearThreshold: stuck in loop  

 Pythia::next(): 4000 events have been generated 
 PYTHIA Error in StringFragmentation::fragment: stuck in joining  
 PYTHIA Error in Pythia::next: hadronLevel failed; try again  

 Pythia::next(): 5000 events have been generated 

 Pythia::next(): 6000 events have been generated 

 Pythia::next(): 7000 events have been generated 

 Pythia::next(): 8000 events have been generated 

 Pythia::next(): 9000 events have been generated 
 PYTHIA Warning in Pythia::check: energy-momentum not quite conserved  

 *-------  PYTHIA Event and Cross Section Statistics  -------------------------------------------------------------*
 |                                                                                                                 |
 | Subprocess                                    Code |            Number of events       |      sigma +- delta    |
 |                                                    |       Tried   Selected   Accepted |     (estimated) (mb)   |
 |                                                    |                                   |                        |
 |-----------------------------------------------------------------------------------------------------------------|
 |                                                    |                                   |                        |
 | Les Houches User Process(es)                  9999 |       10000      10000      10000 |   8.396e-08  0.000e+00 |
 |    ... whereof user classification code     322200 |       10000      10000      10000 |                        | 
 |                                                    |                                   |                        |
 | sum                                                |       10000      10000      10000 |   8.396e-08  0.000e+00 |
 |                                                                                                                 |
 *-------  End PYTHIA Event and Cross Section Statistics ----------------------------------------------------------*

 *-------  PYTHIA Error and Warning Messages Statistics  ----------------------------------------------------------* 
 |                                                                                                                 | 
 |  times   message                                                                                                | 
 |                                                                                                                 | 
 |      7   Error in BeamRemnants::setKinematics: kinematics construction failed                                   | 
 |     16   Error in Pythia::check: unmatched particle energy/momentum/mass                                        | 
 |      2   Error in Pythia::next: check of event revealed problems                                                | 
 |      5   Error in Pythia::next: hadronLevel failed; try again                                                   | 
 |      7   Error in SimpleSpaceShower::pT2nearThreshold: stuck in loop                                            | 
 |      5   Error in StringFragmentation::fragment: stuck in joining                                               | 
 |      1   Warning in ColConfig::collect: negative-energy parton encountered                                      | 
 |      1   Warning in Pythia::check: energy-momentum not quite conserved                                          | 
 |      9   Warning in Pythia::check: not quite matched particle energy/momentum/mass                              | 
 |   1825   Warning in SimpleSpaceShower::pT2nextQCD: small daughter PDF                                           | 
 |   4461   Warning in SimpleSpaceShower::pT2nextQCD: weight above unity                                           | 
 |     33   Warning in StringFragmentation::fragmentToJunction: bad convergence junction rest frame                | 
 |      2   Warning in TimeShower::init: pTmin too low                                                             | 
 |                                                                                                                 | 
 *-------  End PYTHIA Error and Warning Messages Statistics  ------------------------------------------------------* 
Using LHE File: /nfs/dust/cms/user/amoroso/powheg/POWHEG-BOX-V2/ttJ_MiNNLOPS_v1.0_beta1/decay-ll/pwgevents-0561.lhe
less then 10000 events in LHE, using all LHE events
np.shape(P0) = (10000, 3, 9)
np.shape(nJets) = (10000, 2)
np.shape(jets_4vectors) = (10000, 20, 6)
