Configured CUDA from: /cvmfs/sft.cern.ch/lcg/releases/cuda/12.4-4899e/x86_64-el9-gcc11-opt

 *------------------------------------------------------------------------------------* 
 |                                                                                    | 
 |  *------------------------------------------------------------------------------*  | 
 |  |                                                                              |  | 
 |  |                                                                              |  | 
 |  |   PPP   Y   Y  TTTTT  H   H  III    A      Welcome to the Lund Monte Carlo!  |  | 
 |  |   P  P   Y Y     T    H   H   I    A A     This is PYTHIA version 8.309      |  | 
 |  |   PPP     Y      T    HHHHH   I   AAAAA    Last date of change: 16 Feb 2023  |  | 
 |  |   P       Y      T    H   H   I   A   A                                      |  | 
 |  |   P       Y      T    H   H  III  A   A    Now is 03 Sep 2024 at 19:05:44    |  | 
 |  |                                                                              |  | 
 |  |   Program documentation and an archive of historic versions is found on:     |  | 
 |  |                                                                              |  | 
 |  |                               https://pythia.org/                            |  | 
 |  |                                                                              |  | 
 |  |   PYTHIA is authored by a collaboration consisting of:                       |  | 
 |  |                                                                              |  | 
 |  |   Christian Bierlich, Nishita Desai, Leif Gellersen, Ilkka Helenius, Philip  |  | 
 |  |   Ilten, Leif Lonnblad, Stephen Mrenna, Stefan Prestel, Christian Preuss,    |  | 
 |  |   Torbjorn Sjostrand, Peter Skands, Marius Utheim and Rob Verheyen.          |  | 
 |  |                                                                              |  | 
 |  |   The complete list of authors, including contact information and            |  | 
 |  |   affiliations, can be found on https://pythia.org/.                         |  | 
 |  |   Problems or bugs should be reported on email at authors@pythia.org.        |  | 
 |  |                                                                              |  | 
 |  |   The main program reference is C. Bierlich et al,                           |  | 
 |  |   'A comprehensive guide to the physics and usage of Pythia 8.3',            |  | 
 |  |   SciPost Phys. Codebases 8-r8.3 (2022) [arXiv:2203.11601 [hep-ph]]          |  | 
 |  |                                                                              |  | 
 |  |   PYTHIA is released under the GNU General Public Licence version 2 or later.|  | 
 |  |   Please respect the MCnet Guidelines for Event Generator Authors and Users. |  | 
 |  |                                                                              |  | 
 |  |   Disclaimer: this program comes without any guarantees.                     |  | 
 |  |   Beware of errors and use common sense when interpreting results.           |  | 
 |  |                                                                              |  | 
 |  |   Copyright (C) 2023 Torbjorn Sjostrand                                      |  | 
 |  |                                                                              |  | 
 |  |                                                                              |  | 
 |  *------------------------------------------------------------------------------*  | 
 |                                                                                    | 
 *------------------------------------------------------------------------------------* 


 *-------  PYTHIA Process Initialization  --------------------------*
 |                                                                  |
 | We collide p+ with p+ at a CM energy of 1.300e+04 GeV            |
 |                                                                  |
 |------------------------------------------------------------------|
 |                                                    |             |
 | Subprocess                                    Code |   Estimated |
 |                                                    |    max (mb) |
 |                                                    |             |
 |------------------------------------------------------------------|
 |                                                    |             |
 | Les Houches User Process(es)                  9999 |   1.000e-09 |
 |                                                                  |
 *-------  End PYTHIA Process Initialization -----------------------*
 PYTHIA Warning in TimeShower::init: pTmin too low , raised to 0.611

 *-------  PYTHIA Multiparton Interactions Initialization  ---------* 
 |                                                                  | 
 |                   sigmaNonDiffractive =    55.51 mb              | 
 |                                                                  | 
 |    pT0 =  1.44 gives sigmaInteraction =   397.03 mb: accepted    | 
 |                                                                  | 
 *-------  End PYTHIA Multiparton Interactions Initialization  -----* 

 *-------  PYTHIA Flag + Mode + Parm + Word + FVec + MVec + PVec + WVec Settings (changes only)  ------------------* 
 |                                                                                                                 | 
 | Name                                          |                      Now |      Default         Min         Max | 
 |                                               |                          |                                      | 
 | Beams:frameType                               |                        4 |            1           1           5 | 
 | Beams:LHEF                                    | /nfs/dust/cms/user/amoroso/powheg/POWHEG-BOX-V2/ttJ_MiNNLOPS_v1.0_beta1/decay-ll/pwgevents-0443.lhe |         void | 
 | ColourReconnection:range                      |                  5.17600 |      1.80000         0.0    10.00000 | 
 | Main:timesAllowErrors                         |                      500 |           10           0             | 
 | MultipartonInteractions:alphaSorder           |                        2 |            1           0           3 | 
 | MultipartonInteractions:alphaSvalue           |                  0.11800 |      0.13000   0.0600000     0.25000 | 
 | MultipartonInteractions:bProfile              |                        2 |            3           0           4 | 
 | MultipartonInteractions:coreFraction          |                  0.63000 |      0.50000         0.0     1.00000 | 
 | MultipartonInteractions:coreRadius            |                  0.76340 |      0.40000     0.10000     1.00000 | 
 | MultipartonInteractions:ecmPow                |                0.0334400 |      0.21500         0.0     0.50000 | 
 | MultipartonInteractions:pT0Ref                |                  1.41000 |      2.28000     0.50000    10.00000 | 
 | ParticleDecays:limitTau                       |                       on |          off                         | 
 | PartonLevel:FSR                               |                      off |           on                         | 
 | PDF:pSet                                      |                       20 |           13                         | 
 | Random:seed                                   |                      443 |           -1               900000000 | 
 | Random:setSeed                                |                       on |          off                         | 
 | SigmaProcess:alphaSorder                      |                        2 |            1           0           3 | 
 | SigmaProcess:alphaSvalue                      |                  0.11800 |      0.13000   0.0600000     0.25000 | 
 | SigmaTotal:mode                               |                        0 |            1           0           4 | 
 | SigmaTotal:sigmaEl                            |                 21.89000 |     25.00000         0.0             | 
 | SigmaTotal:sigmaTot                           |                100.30900 |    100.00000         0.0             | 
 | SigmaTotal:zeroAXB                            |                      off |           on                         | 
 | SpaceShower:alphaSorder                       |                        2 |            1           0           3 | 
 | SpaceShower:alphaSvalue                       |                  0.11800 |      0.13650   0.0600000     0.25000 | 
 | SpaceShower:dipoleRecoil                      |                       on |          off                         | 
 | SpaceShower:pTmaxMatch                        |                        1 |            0           0           2 | 
 | TimeShower:alphaSorder                        |                        2 |            1           0           3 | 
 | TimeShower:alphaSvalue                        |                  0.11800 |      0.13650   0.0600000     0.25000 | 
 |                                                                                                                 | 
 *-------  End PYTHIA Flag + Mode + Parm + Word + FVec + MVec + PVec + WVec Settings  -----------------------------* 

 --------  PYTHIA Particle Data Table (changed only)  ------------------------------------------------------------------------------
 
      id   name            antiName         spn chg col      m0        mWidth      mMin       mMax       tau0    res dec ext vis wid
             no onMode   bRatio   meMode     products 

       6  t                tbar               2   2   1  173.00000    1.36916   86.00000    0.00000  1.44122e-13   1   1   0   1   0
              0     1   0.0000664    0       24        1 
              1     1   0.0017361    0       24        3 
              2     1   0.9981975    0       24        5 
              3     1   0.0000000    0       37        5 

 --------  End PYTHIA Particle Data Table  -----------------------------------------------------------------------------------------


 --------  LHA event information and listing  ---------------------------------------------------------------------- 

    process =   322200    weight =  -1.0325e+02     scale =   4.8254e+00 (GeV) 
                        alpha_em =  -1.0000e+00    alpha_strong =   2.4498e-01

    Participating Particles 
    no        id stat     mothers     colours      p_x        p_y        p_z         e          m        tau    spin 
     1        21   -1     0     0   511   512      0.000      0.000    408.650    408.650      0.000   0.000   9.000
     2         1   -1     0     0   512     0      0.000      0.000    -83.043     83.043      0.000   0.000   9.000
     3         6    2     1     2   511     0     38.666     40.188    181.316    256.425    172.534   0.000   9.000
     4        -6    2     1     2     0   513    -33.873    -40.335    132.306    221.169    169.224   0.000   9.000
     5        21    1     1     2   513   514     -1.842     -1.556      9.701      9.997      0.000   0.000   9.000
     6         1    1     1     2   514     0     -2.951      1.704      2.285      4.102      0.000   0.000   9.000
     7         5    1     3     3   511     0     65.837     27.926     23.220     75.351      4.920   0.000  -1.000
     8        24    2     3     3     0     0    -27.171     12.262    158.096    181.074     83.096   0.000   9.000
     9        -5    1     4     4     0   513      8.590     31.427    -11.109     34.772      4.920   0.000   1.000
    10       -24    2     4     4     0     0    -42.464    -71.762    143.414    186.398     84.991   0.000   9.000
    11       -11    1     8     8     0     0    -20.823     47.688    100.147    112.859      0.001   0.000   1.000
    12        12    1     8     8     0     0     -6.347    -35.425     57.949     68.215      0.000   0.000  -1.000
    13        11    1    10    10     0     0    -38.705     -9.139    106.322    113.516      0.001   0.000  -1.000
    14       -12    1    10    10     0     0     -3.759    -62.624     37.092     72.881      0.000   0.000   1.000

 --------  End LHA event information and listing  ------------------------------------------------------------------ 

 --------  PYTHIA Info Listing  ---------------------------------------- 
 
 Beam A: id =   2212, pz =  6.500e+03, e =  6.500e+03, m =  9.383e-01.
 Beam B: id =   2212, pz = -6.500e+03, e =  6.500e+03, m =  9.383e-01.

 In 1: id =   21, x =  6.287e-02, pdf =  0.000e+00 at Q2 =  2.328e+01.
 In 2: id =    1, x =  1.278e-02, pdf =  0.000e+00 at same Q2.

 Process Les Houches User Process(es) with code 9999 is 2 -> 4.
 Subprocess user process 322200 with code 322200 is 2 -> 4.
     alphaEM =  7.567e-03,  alphaS =  2.450e-01    at Q2 =  2.328e+01.

 Impact parameter b =  1.714e+00 gives enhancement factor =  1.702e-02.
 Max pT scale for MPI =  1.300e+04, ISR =  4.825e+00, FSR =  4.825e+00.
 Number of MPI =     1, ISR =     3, FSRproc =     0, FSRreson =     0.

 --------  End PYTHIA Info Listing  ------------------------------------

 --------  PYTHIA Event Listing  (hard process)  -----------------------------------------------------------------------------------
 
    no         id  name            status     mothers   daughters     colours      p_x        p_y        p_z         e          m 
     0         90  (system)           -11     0     0     0     0     0     0      0.000      0.000      0.000  13000.000  13000.000
     1       2212  (p+)               -12     0     0     3     0     0     0      0.000      0.000   6500.000   6500.000      0.938
     2       2212  (p+)               -12     0     0     4     0     0     0      0.000      0.000  -6500.000   6500.000      0.938
     3         21  (g)                -21     1     0     5     8   511   512      0.000      0.000    408.650    408.650      0.000
     4          1  (d)                -21     2     0     5     8   512     0      0.000      0.000    -83.043     83.043      0.000
     5          6  (t)                -22     3     4     9    10   511     0     38.666     40.188    181.316    256.425    172.534
     6         -6  (tbar)             -22     3     4    11    12     0   513    -33.873    -40.335    132.306    221.169    169.224
     7         21  g                   23     3     4     0     0   513   514     -1.842     -1.556      9.701      9.997      0.000
     8          1  d                   23     3     4     0     0   514     0     -2.951      1.704      2.285      4.102      0.000
     9          5  b                   23     5     0     0     0   511     0     65.837     27.926     23.220     75.351      4.920
    10         24  (W+)               -22     5     0    13    14     0     0    -27.171     12.262    158.096    181.074     83.096
    11         -5  bbar                23     6     0     0     0     0   513      8.590     31.427    -11.109     34.772      4.920
    12        -24  (W-)               -22     6     0    15    16     0     0    -42.464    -71.762    143.414    186.398     84.991
    13        -11  e+                  23    10     0     0     0     0     0    -20.823     47.688    100.147    112.859      0.001
    14         12  nu_e                23    10     0     0     0     0     0     -6.347    -35.425     57.949     68.215      0.000
    15         11  e-                  23    12     0     0     0     0     0    -38.705     -9.139    106.322    113.516      0.001
    16        -12  nu_ebar             23    12     0     0     0     0     0     -3.759    -62.624     37.092     72.881      0.000
                                   Charge sum: -0.333           Momentum sum:      0.000     -0.000    325.608    491.693    368.431

 --------  End PYTHIA Event Listing  -----------------------------------------------------------------------------------------------

 --------  PYTHIA Event Listing  (complete event)  ---------------------------------------------------------------------------------
 
    no         id  name            status     mothers   daughters     colours      p_x        p_y        p_z         e          m 
     0         90  (system)           -11     0     0     0     0     0     0      0.000      0.000      0.000  13000.000  13000.000
     1       2212  (p+)               -12     0     0    33     0     0     0      0.000      0.000   6500.000   6500.000      0.938
     2       2212  (p+)               -12     0     0    34     0     0     0      0.000      0.000  -6500.000   6500.000      0.938
     3         21  (g)                -21     9     9     5     8   511   512      0.000      0.000    408.650    408.650      0.000
     4          1  (d)                -21    10     0     5     8   512     0      0.000      0.000    -83.043     83.043      0.000
     5          6  (t)                -22     3     4    11    11   511     0     38.666     40.188    181.316    256.425    172.534
     6         -6  (tbar)             -22     3     4    12    12     0   513    -33.873    -40.335    132.306    221.169    169.224
     7         21  (g)                -23     3     4    13    13   513   514     -1.842     -1.556      9.701      9.997      0.000
     8          1  (d)                -23     3     4    14    14   514     0     -2.951      1.704      2.285      4.102      0.000
     9         21  (g)                -42    16     0     3     3   511   512     -0.000      0.000    408.650    408.650      0.000
    10          1  (d)                -41    17    17    15     4   515     0      0.000     -0.000    -92.496     92.496      0.000
    11          6  (t)                -44     5     5    18    18   511     0     39.736     39.165    181.135    256.302    172.534
    12         -6  (tbar)             -44     6     6    19    19     0   513    -32.607    -41.546    132.218    221.150    169.224
    13         21  (g)                -44     7     7    20    20   513   514     -1.838     -1.561      9.689      9.984      0.000
    14          1  (d)                -44     8     8    21    21   514     0     -2.925      1.679      2.217      4.036      0.000
    15         21  (g)                -43    10     0    22    22   515   512     -2.366      2.262     -9.104      9.674      0.000
    16         21  (g)                -41    24    24    23     9   516   512     -0.000      0.000    901.470    901.470      0.000
    17          1  (d)                -42    25     0    10    10   515     0      0.000     -0.000    -92.496     92.496      0.000
    18          6  (t)                -44    11    11    26    26   511     0     39.736     39.165    181.135    256.302    172.534
    19         -6  (tbar)             -44    12    12    27    27     0   513    -32.607    -41.546    132.218    221.150    169.224
    20         21  (g)                -44    13    13    28    28   513   514     -1.838     -1.561      9.689      9.984      0.000
    21          1  (d)                -44    14    14    29    29   514     0     -2.925      1.679      2.217      4.036      0.000
    22         21  (g)                -44    15    15    30    30   515   512     -4.605      3.718     -8.452     10.319      0.000
    23         21  (g)                -43    16     0    31    31   516   511      2.239     -1.456    492.168    492.175      0.000
    24         21  (g)                -42    33    33    16    16   516   512     -0.000      0.000    901.470    901.470      0.000
    25          1  (d)                -41    34    34    32    17   517     0     -0.000      0.000   -105.655    105.655      0.000
    26          6  (t)                -44    18    18    35    35   511     0     39.736     39.165    181.135    256.302    172.534
    27         -6  (tbar)             -44    19    19    36    36     0   513    -32.607    -41.546    132.218    221.150    169.224
    28         21  (g)                -44    20    20    37    37   513   514     -1.838     -1.561      9.689      9.984      0.000
    29          1  (d)                -44    21    21    38    38   514     0     -2.925      1.679      2.217      4.036      0.000
    30         21  (g)                -44    22    22    39    39   515   512     -3.876      3.089     -5.767      7.604      0.000
    31         21  (g)                -44    23    23    40    40   516   511      2.239     -1.456    492.168    492.175      0.000
    32         21  (g)                -43    25     0    41    41   517   515     -0.729      0.629    -15.844     15.874      0.000
    33         21  (g)                -61     1     0    24    24   516   512     -0.074     -0.459    901.466    901.466      0.000
    34          1  (d)                -61     2     0    25    25   517     0      0.473      1.251   -105.651    105.659      0.000
    35          6  (t)                -62    26    26    47    48   511     0     39.886     39.499    181.468    256.612    172.534
    36         -6  (tbar)             -62    27    27    49    50     0   513    -32.423    -41.109    131.888    220.845    169.224
    37         21  (g)                -62    28    28    58    58   513   514     -1.838     -1.564      9.675      9.971      0.000
    38          1  (d)                -62    29    29    57    57   514     0     -2.921      1.688      2.220      4.039      0.000
    39         21  (g)                -62    30    30    86    86   515   512     -3.846      3.167     -5.756      7.613      0.000
    40         21  (g)                -62    31    31    73    73   516   511      2.198     -1.707    492.162    492.170      0.000
    41         21  (g)                -62    32    32    87    87   517   515     -0.658      0.817    -15.842     15.876      0.000
    42       2101  (ud_0)             -63     1     0    74    74     0   516      0.220      0.446   4360.111   4360.111      0.579
    43          2  (u)                -63     1     0    85    85   512     0     -0.146      0.013   1238.418   1238.418      0.330
    44       2203  (uu_1)             -63     2     0    88    88     0   517     -0.388     -0.558   -411.756    411.757      0.771
    45          1  (d)                -63     2     0    55    56   521     0      0.104     -0.783  -5652.613   5652.613      0.330
    46         -1  (dbar)             -63     2     0    55    56     0   521     -0.189      0.090   -329.976    329.976      0.330
    47          5  (b)                -23    35     0    72    72   511     0     66.196     27.723     23.265     75.604      4.920
    48         24  (W+)               -22    35     0    51    52     0     0    -26.310     11.776    158.203    181.009     83.096
    49         -5  (bbar)             -23    36     0    59    59     0   513      8.818     31.305    -11.174     34.740      4.920
    50        -24  (W-)               -22    36     0    53    54     0     0    -41.241    -72.414    143.062    186.105     84.991
    51        -11  e+                  23    48     0     0     0     0     0    -20.287     47.385    100.214    112.693      0.001
    52         12  nu_e                23    48     0     0     0     0     0     -6.023    -35.609     57.989     68.316      0.000
    53         11  e-                  23    50     0     0     0     0     0    -37.961     -9.535    106.108    113.097      0.001
    54        -12  nu_ebar             23    50     0     0     0     0     0     -3.280    -62.879     36.955     73.008      0.000
    55       -211  pi-                 83    45    46     0     0     0     0      0.156     -1.102  -5291.045   5291.045      0.140
    56        211  pi+                 84    45    46     0     0     0     0     -0.241      0.409   -691.544    691.544      0.140
    57          1  (d)                -71    38    38    60    71   514     0     -2.921      1.688      2.220      4.039      0.000
    58         21  (g)                -71    37    37    60    71   513   514     -1.838     -1.564      9.675      9.971      0.000
    59         -5  (bbar)             -71    49    49    60    71     0   513      8.818     31.305    -11.174     34.740      4.920
    60       -213  (rho-)             -83    57    59   109   110     0     0     -1.564      1.060      1.252      2.382      0.733
    61        213  (rho+)             -83    57    59   111   112     0     0     -1.050     -0.104      2.082      2.499      0.892
    62       -211  pi-                 83    57    59     0     0     0     0     -0.783      0.557      1.105      1.471      0.140
    63        211  pi+                 84    57    59     0     0     0     0     -0.475     -0.823      2.471      2.651      0.140
    64        111  (pi0)              -84    57    59   139   140     0     0     -0.389     -0.123      1.969      2.015      0.135
    65       -211  pi-                 84    57    59     0     0     0     0     -0.071     -0.262      1.520      1.551      0.140
    66        111  (pi0)              -84    57    59   141   142     0     0     -0.042      0.063      0.404      0.433      0.135
    67        111  (pi0)              -84    57    59   143   144     0     0     -0.288      0.110     -0.068      0.343      0.135
    68        213  (rho+)             -84    57    59   113   114     0     0      0.028      0.583      0.324      0.928      0.645
    69       2112  n0                  84    57    59     0     0     0     0      0.258      0.745      0.298      1.262      0.940
    70      -2212  pbar-               84    57    59     0     0     0     0      0.873      3.413     -1.674      4.011      0.938
    71        523  (B*+)              -84    57    59   145   146     0     0      7.561     26.211     -8.962     29.204      5.325
    72          5  (b)                -71    47    47    75    84   511     0     66.196     27.723     23.265     75.604      4.920
    73         21  (g)                -71    40    40    75    84   516   511      2.198     -1.707    492.162    492.170      0.000
    74       2101  (ud_0)             -71    42    42    75    84     0   516      0.220      0.446   4360.111   4360.111      0.579
    75       -511  (Bbar0)            -83    72    74   147   148     0     0     65.931     27.494     23.386     75.350      5.280
    76       -213  (rho-)             -83    72    74   115   116     0     0      0.319      0.099      1.273      1.462      0.637
    77        321  K+                  83    72    74     0     0     0     0     -0.014     -0.435      1.132      1.309      0.494
    78       -311  (Kbar0)            -83    72    74   117   117     0     0      0.225      0.542     47.413     47.420      0.498
    79        311  (K0)               -83    72    74   118   118     0     0      0.480     -0.805    100.273    100.279      0.498
    80       -321  K-                  84    72    74     0     0     0     0      0.857     -0.074    197.897    197.899      0.494
    81        213  (rho+)             -84    72    74   119   120     0     0      0.414     -0.586    410.457    410.458      0.656
    82       -213  (rho-)             -84    72    74   121   122     0     0      0.105      0.112    757.290    757.291      0.820
    83       2112  n0                  84    72    74     0     0     0     0     -0.219      0.305   1931.029   1931.029      0.940
    84        211  pi+                 84    72    74     0     0     0     0      0.517     -0.189   1405.387   1405.387      0.140
    85          2  (u)                -71    43    43    89   108   512     0     -0.146      0.013   1238.418   1238.418      0.330
    86         21  (g)                -71    39    39    89   108   515   512     -3.846      3.167     -5.756      7.613      0.000
    87         21  (g)                -71    41    41    89   108   517   515     -0.658      0.817    -15.842     15.876      0.000
    88       2203  (uu_1)             -71    44    44    89   108     0   517     -0.388     -0.558   -411.756    411.757      0.771
    89        221  (eta)              -83    85    88   149   150     0     0      0.110      0.215    628.419    628.420      0.548
    90        213  (rho+)             -83    85    88   123   124     0     0      0.196      0.152    579.802    579.803      0.826
    91       -211  pi-                 83    85    88     0     0     0     0     -0.620     -0.637     22.351     22.369      0.140
    92        113  (rho0)             -83    85    88   125   126     0     0     -0.327      0.372      2.436      2.627      0.850
    93        111  (pi0)              -83    85    88   151   152     0     0      0.383      0.194      3.290      3.320      0.135
    94        213  (rho+)             -83    85    88   127   128     0     0      0.047     -0.050      0.459      0.874      0.740
    95        311  (K0)               -83    85    88   129   129     0     0      0.214     -0.249      0.408      0.723      0.498
    96       -321  K-                  83    85    88     0     0     0     0     -0.548      0.665      0.014      0.994      0.494
    97        113  (rho0)             -83    85    88   130   131     0     0     -0.808      0.011     -0.457      1.183      0.734
    98        113  (rho0)             -83    85    88   132   133     0     0     -0.007      1.008     -1.803      2.349      1.118
    99        221  (eta)              -83    85    88   153   155     0     0     -2.317      1.267     -4.173      4.968      0.548
   100        113  (rho0)             -84    85    88   134   135     0     0     -0.105      0.129     -1.639      1.832      0.801
   101        321  K+                  84    85    88     0     0     0     0     -0.617      0.645     -4.954      5.058      0.494
   102       -323  (K*-)              -84    85    88   136   137     0     0      0.411     -0.011    -15.768     15.800      0.912
   103        111  (pi0)              -84    85    88   156   157     0     0     -0.953     -0.084    -42.514     42.525      0.135
   104        211  pi+                 84    85    88     0     0     0     0      0.173     -0.090    -10.642     10.644      0.140
   105        111  (pi0)              -84    85    88   158   159     0     0      0.352      0.179    -31.983     31.986      0.135
   106        111  (pi0)              -84    85    88   160   161     0     0     -0.193      0.278    -24.208     24.211      0.135
   107       2112  n0                  84    85    88     0     0     0     0     -0.700     -0.600   -253.141    253.144      0.940
   108        211  pi+                 84    85    88     0     0     0     0      0.269      0.044    -40.832     40.833      0.140
   109       -211  pi-                 91    60     0     0     0     0     0     -0.001      0.021      0.051      0.150      0.140
   110        111  (pi0)              -91    60     0   162   163     0     0     -1.562      1.039      1.200      2.231      0.135
   111        211  pi+                 91    61     0     0     0     0     0     -0.967     -0.342      1.889      2.154      0.140
   112        111  (pi0)              -91    61     0   164   165     0     0     -0.084      0.238      0.194      0.346      0.135
   113        211  pi+                 91    68     0     0     0     0     0     -0.025      0.385      0.484      0.635      0.140
   114        111  (pi0)              -91    68     0   166   167     0     0      0.054      0.198     -0.161      0.294      0.135
   115       -211  pi-                 91    76     0     0     0     0     0     -0.119     -0.106      0.305      0.371      0.140
   116        111  (pi0)              -91    76     0   168   169     0     0      0.438      0.205      0.968      1.091      0.135
   117        310  K_S0                91    78    78     0     0     0     0      0.225      0.542     47.413     47.420      0.498
   118        130  K_L0                91    79    79     0     0     0     0      0.480     -0.805    100.273    100.279      0.498
   119        211  pi+                 91    81     0     0     0     0     0      0.515     -0.597    326.624    326.625      0.140
   120        111  (pi0)              -91    81     0   170   171     0     0     -0.102      0.010     83.832     83.833      0.135
   121       -211  pi-                 91    82     0     0     0     0     0     -0.325     -0.023    379.355    379.355      0.140
   122        111  (pi0)              -91    82     0   172   173     0     0      0.431      0.135    377.935    377.936      0.135
   123        211  pi+                 91    90     0     0     0     0     0      0.277      0.036     80.833     80.834      0.140
   124        111  (pi0)              -91    90     0   174   175     0     0     -0.081      0.117    498.969    498.969      0.135
   125        211  pi+                 91    92     0     0     0     0     0      0.195      0.075      0.244      0.350      0.140
   126       -211  pi-                 91    92     0     0     0     0     0     -0.522      0.297      2.192      2.277      0.140
   127        211  pi+                 91    94     0     0     0     0     0     -0.073     -0.276     -0.015      0.318      0.140
   128        111  (pi0)              -91    94     0   176   177     0     0      0.120      0.226      0.474      0.556      0.135
   129        310  K_S0                91    95    95     0     0     0     0      0.214     -0.249      0.408      0.723      0.498
   130        211  pi+                 91    97     0     0     0     0     0      0.063     -0.127     -0.092      0.219      0.140
   131       -211  pi-                 91    97     0     0     0     0     0     -0.871      0.137     -0.365      0.964      0.140
   132        211  pi+                 91    98     0     0     0     0     0      0.472      0.248     -0.417      0.691      0.140
   133       -211  pi-                 91    98     0     0     0     0     0     -0.479      0.761     -1.385      1.657      0.140
   134        211  pi+                 91   100     0     0     0     0     0     -0.043     -0.167     -0.077      0.234      0.140
   135       -211  pi-                 91   100     0     0     0     0     0     -0.063      0.295     -1.563      1.598      0.140
   136       -311  (Kbar0)            -91   102     0   138   138     0     0      0.076     -0.181    -11.653     11.666      0.498
   137       -211  pi-                 91   102     0     0     0     0     0      0.334      0.171     -4.115      4.134      0.140
   138        130  K_L0                91   136   136     0     0     0     0      0.076     -0.181    -11.653     11.666      0.498
   139         22  gamma               91    64     0     0     0     0     0     -0.183     -0.052      1.240      1.254      0.000
   140         22  gamma               91    64     0     0     0     0     0     -0.206     -0.071      0.729      0.761      0.000
   141         22  gamma               91    66     0     0     0     0     0     -0.057      0.100      0.309      0.329      0.000
   142         22  gamma               91    66     0     0     0     0     0      0.015     -0.037      0.095      0.103      0.000
   143         22  gamma               91    67     0     0     0     0     0     -0.286      0.132     -0.061      0.320      0.000
   144         22  gamma               91    67     0     0     0     0     0     -0.002     -0.021     -0.007      0.023      0.000
   145        521  (B+)               -91    71     0   178   180     0     0      7.481     25.822     -8.849     28.791      5.279
   146         22  gamma               91    71     0     0     0     0     0      0.081      0.389     -0.113      0.413      0.000
   147      20213  (a_1(1260)+)       -92    75     0   181   182     0     0     53.972     22.973     18.766     61.608      1.620
   148       -413  (D*-)              -92    75     0   183   184     0     0     11.959      4.520      4.619     13.742      2.010
   149         22  gamma               91    89     0     0     0     0     0     -0.028     -0.018      2.478      2.478      0.000
   150         22  gamma               91    89     0     0     0     0     0      0.139      0.233    625.942    625.942      0.000
   151         22  gamma               91    93     0     0     0     0     0      0.116      0.036      0.555      0.568      0.000
   152         22  gamma               91    93     0     0     0     0     0      0.267      0.158      2.735      2.753      0.000
   153        111  (pi0)              -91    99     0   185   186     0     0     -1.238      0.504     -2.003      2.412      0.135
   154        111  (pi0)              -91    99     0   187   188     0     0     -0.462      0.377     -1.025      1.194      0.135
   155        111  (pi0)              -91    99     0   189   190     0     0     -0.617      0.386     -1.144      1.363      0.135
   156         22  gamma               91   103     0     0     0     0     0     -0.216     -0.048     -7.812      7.815      0.000
   157         22  gamma               91   103     0     0     0     0     0     -0.737     -0.035    -34.703     34.710      0.000
   158         22  gamma               91   105     0     0     0     0     0      0.151      0.120    -11.145     11.147      0.000
   159         22  gamma               91   105     0     0     0     0     0      0.201      0.059    -20.838     20.839      0.000
   160         22  gamma               91   106     0     0     0     0     0     -0.055      0.002     -3.080      3.080      0.000
   161         22  gamma               91   106     0     0     0     0     0     -0.138      0.276    -21.129     21.131      0.000
   162         22  gamma               91   110     0     0     0     0     0     -1.053      0.681      0.874      1.528      0.000
   163         22  gamma               91   110     0     0     0     0     0     -0.509      0.359      0.326      0.703      0.000
   164         22  gamma               91   112     0     0     0     0     0     -0.114      0.127      0.119      0.208      0.000
   165         22  gamma               91   112     0     0     0     0     0      0.031      0.111      0.075      0.138      0.000
   166         22  gamma               91   114     0     0     0     0     0      0.076      0.203     -0.162      0.271      0.000
   167         22  gamma               91   114     0     0     0     0     0     -0.022     -0.005      0.001      0.023      0.000
   168         22  gamma               91   116     0     0     0     0     0      0.275      0.070      0.464      0.544      0.000
   169         22  gamma               91   116     0     0     0     0     0      0.163      0.135      0.504      0.547      0.000
   170         22  gamma               91   120     0     0     0     0     0     -0.093     -0.026     29.132     29.132      0.000
   171         22  gamma               91   120     0     0     0     0     0     -0.009      0.036     54.701     54.701      0.000
   172         22  gamma               91   122     0     0     0     0     0      0.319      0.042    281.137    281.137      0.000
   173         22  gamma               91   122     0     0     0     0     0      0.112      0.094     96.798     96.798      0.000
   174         22  gamma               91   124     0     0     0     0     0     -0.008      0.073    383.911    383.911      0.000
   175         22  gamma               91   124     0     0     0     0     0     -0.073      0.043    115.059    115.059      0.000
   176         22  gamma               91   128     0     0     0     0     0      0.030      0.131      0.351      0.376      0.000
   177         22  gamma               91   128     0     0     0     0     0      0.090      0.095      0.124      0.180      0.000
   178         12  nu_e                91   145     0     0     0     0     0      3.417      8.205     -2.385      9.202      0.000
   179        -11  e+                  91   145     0     0     0     0     0      3.461     13.375     -4.687     14.589      0.001
   180       -421  (Dbar0)            -91   145     0   191   194     0     0      0.603      4.242     -1.777      4.999      1.865
   181        321  K+                  91   147     0     0     0     0     0     22.270      9.222      7.942     25.383      0.494
   182       -313  (K*bar0)           -91   147     0   195   196     0     0     31.702     13.751     10.824     36.225      0.971
   183       -421  (Dbar0)            -91   148     0   197   198     0     0     11.156      4.198      4.270     12.798      1.865
   184       -211  pi-                 91   148     0     0     0     0     0      0.803      0.323      0.349      0.944      0.140
   185         22  gamma               91   153     0     0     0     0     0     -0.909      0.311     -1.480      1.764      0.000
   186         22  gamma               91   153     0     0     0     0     0     -0.329      0.193     -0.523      0.647      0.000
   187         22  gamma               91   154     0     0     0     0     0     -0.044     -0.002     -0.046      0.063      0.000
   188         22  gamma               91   154     0     0     0     0     0     -0.419      0.379     -0.980      1.131      0.000
   189         22  gamma               91   155     0     0     0     0     0     -0.586      0.323     -1.053      1.248      0.000
   190         22  gamma               91   155     0     0     0     0     0     -0.031      0.063     -0.091      0.115      0.000
   191        321  K+                  91   180     0     0     0     0     0      0.196      1.734     -0.272      1.834      0.494
   192       -211  pi-                 91   180     0     0     0     0     0      0.021      1.463     -0.581      1.580      0.140
   193        111  (pi0)              -91   180     0   199   200     0     0      0.151      0.257      0.018      0.327      0.135
   194        111  (pi0)              -91   180     0   201   202     0     0      0.235      0.788     -0.941      1.257      0.135
   195       -311  (Kbar0)            -91   182     0   203   203     0     0     30.839     13.375     10.501     35.220      0.498
   196        111  (pi0)              -91   182     0   204   205     0     0      0.864      0.376      0.324      1.005      0.135
   197        323  (K*+)              -91   183     0   206   207     0     0      8.717      3.403      3.289      9.959      0.898
   198       -213  (rho-)             -91   183     0   208   209     0     0      2.439      0.795      0.981      2.839      0.717
   199         22  gamma               91   193     0     0     0     0     0      0.109      0.245      0.051      0.273      0.000
   200         22  gamma               91   193     0     0     0     0     0      0.042      0.012     -0.033      0.055      0.000
   201         22  gamma               91   194     0     0     0     0     0      0.212      0.726     -0.912      1.185      0.000
   202         22  gamma               91   194     0     0     0     0     0      0.023      0.062     -0.029      0.072      0.000
   203        130  K_L0                91   195   195     0     0     0     0     30.839     13.375     10.501     35.220      0.498
   204         22  gamma               91   196     0     0     0     0     0      0.648      0.262      0.179      0.722      0.000
   205         22  gamma               91   196     0     0     0     0     0      0.215      0.114      0.144      0.283      0.000
   206        311  (K0)               -91   197     0   210   210     0     0      6.278      2.749      2.429      7.288      0.498
   207        211  pi+                 91   197     0     0     0     0     0      2.438      0.654      0.860      2.671      0.140
   208       -211  pi-                 91   198     0     0     0     0     0      1.130      0.032      0.350      1.192      0.140
   209        111  (pi0)              -91   198     0   211   212     0     0      1.309      0.763      0.631      1.647      0.135
   210        310  K_S0                91   206   206     0     0     0     0      6.278      2.749      2.429      7.288      0.498
   211         22  gamma               91   209     0     0     0     0     0      0.362      0.143      0.158      0.420      0.000
   212         22  gamma               91   209     0     0     0     0     0      0.947      0.620      0.473      1.227      0.000
                                   Charge sum:  2.000           Momentum sum:      0.000     -0.000     -0.000  13000.000  13000.000

 --------  End PYTHIA Event Listing  -----------------------------------------------------------------------------------------------
#--------------------------------------------------------------------------
#                     FastJet release 3.4.0 [fjcore]
#                 M. Cacciari, G.P. Salam and G. Soyez                  
#     A software package for jet finding and analysis at colliders      
#                           http://fastjet.fr                           
#	                                                                      
# Please cite EPJC72(2012)1896 [arXiv:1111.6097] if you use this package
# for scientific work and optionally PLB641(2006)57 [hep-ph/0512210].   
#                                                                       
# FastJet is provided without warranty under the GNU GPL v2 or higher.  
# It uses T. Chan's closest pair algorithm, S. Fortune's Voronoi code
# and 3rd party plugin jet algorithms. See COPYING file for details.
#--------------------------------------------------------------------------
 PYTHIA Warning in SimpleSpaceShower::pT2nextQCD: weight above unity  
 PYTHIA Warning in SimpleSpaceShower::pT2nextQCD: small daughter PDF  
 PYTHIA Error in StringFragmentation::fragment: stuck in joining  
 PYTHIA Error in Pythia::next: hadronLevel failed; try again  
 PYTHIA Warning in StringFragmentation::fragmentToJunction: bad convergence junction rest frame  
 PYTHIA Error in BeamRemnants::setKinematics: kinematics construction failed  
 PYTHIA Warning in ColConfig::collect: negative-energy parton encountered  

 Pythia::next(): 1000 events have been generated 
 PYTHIA Warning in MultipartonInteractions::pTnext: weight above unity  

 Pythia::next(): 2000 events have been generated 
 PYTHIA Error in SimpleSpaceShower::pT2nearThreshold: stuck in loop  
 PYTHIA Warning in Pythia::check: not quite matched particle energy/momentum/mass  
 PYTHIA Error in Pythia::check: unmatched particle energy/momentum/mass  
 PYTHIA Error in Pythia::next: check of event revealed problems  

 Pythia::next(): 3000 events have been generated 

 Pythia::next(): 4000 events have been generated 

 Pythia::next(): 5000 events have been generated 

 Pythia::next(): 6000 events have been generated 

 Pythia::next(): 7000 events have been generated 

 Pythia::next(): 8000 events have been generated 

 Pythia::next(): 9000 events have been generated 

 *-------  PYTHIA Event and Cross Section Statistics  -------------------------------------------------------------*
 |                                                                                                                 |
 | Subprocess                                    Code |            Number of events       |      sigma +- delta    |
 |                                                    |       Tried   Selected   Accepted |     (estimated) (mb)   |
 |                                                    |                                   |                        |
 |-----------------------------------------------------------------------------------------------------------------|
 |                                                    |                                   |                        |
 | Les Houches User Process(es)                  9999 |       10000      10000      10000 |   8.291e-08  0.000e+00 |
 |    ... whereof user classification code     322200 |       10000      10000      10000 |                        | 
 |                                                    |                                   |                        |
 | sum                                                |       10000      10000      10000 |   8.291e-08  0.000e+00 |
 |                                                                                                                 |
 *-------  End PYTHIA Event and Cross Section Statistics ----------------------------------------------------------*

 *-------  PYTHIA Error and Warning Messages Statistics  ----------------------------------------------------------* 
 |                                                                                                                 | 
 |  times   message                                                                                                | 
 |                                                                                                                 | 
 |      6   Error in BeamRemnants::setKinematics: kinematics construction failed                                   | 
 |     10   Error in Pythia::check: unmatched particle energy/momentum/mass                                        | 
 |      3   Error in Pythia::next: check of event revealed problems                                                | 
 |      9   Error in Pythia::next: hadronLevel failed; try again                                                   | 
 |     10   Error in SimpleSpaceShower::pT2nearThreshold: stuck in loop                                            | 
 |      9   Error in StringFragmentation::fragment: stuck in joining                                               | 
 |      3   Warning in ColConfig::collect: negative-energy parton encountered                                      | 
 |      4   Warning in MultipartonInteractions::pTnext: weight above unity                                         | 
 |      3   Warning in Pythia::check: not quite matched particle energy/momentum/mass                              | 
 |   1723   Warning in SimpleSpaceShower::pT2nextQCD: small daughter PDF                                           | 
 |   4529   Warning in SimpleSpaceShower::pT2nextQCD: weight above unity                                           | 
 |     38   Warning in StringFragmentation::fragmentToJunction: bad convergence junction rest frame                | 
 |      2   Warning in TimeShower::init: pTmin too low                                                             | 
 |                                                                                                                 | 
 *-------  End PYTHIA Error and Warning Messages Statistics  ------------------------------------------------------* 
Using LHE File: /nfs/dust/cms/user/amoroso/powheg/POWHEG-BOX-V2/ttJ_MiNNLOPS_v1.0_beta1/decay-ll/pwgevents-0443.lhe
less then 10000 events in LHE, using all LHE events
np.shape(P0) = (10000, 3, 9)
np.shape(nJets) = (10000, 2)
np.shape(jets_4vectors) = (10000, 20, 6)
