Configured CUDA from: /cvmfs/sft.cern.ch/lcg/releases/cuda/12.4-4899e/x86_64-el9-gcc11-opt

 *------------------------------------------------------------------------------------* 
 |                                                                                    | 
 |  *------------------------------------------------------------------------------*  | 
 |  |                                                                              |  | 
 |  |                                                                              |  | 
 |  |   PPP   Y   Y  TTTTT  H   H  III    A      Welcome to the Lund Monte Carlo!  |  | 
 |  |   P  P   Y Y     T    H   H   I    A A     This is PYTHIA version 8.309      |  | 
 |  |   PPP     Y      T    HHHHH   I   AAAAA    Last date of change: 16 Feb 2023  |  | 
 |  |   P       Y      T    H   H   I   A   A                                      |  | 
 |  |   P       Y      T    H   H  III  A   A    Now is 03 Sep 2024 at 15:23:22    |  | 
 |  |                                                                              |  | 
 |  |   Program documentation and an archive of historic versions is found on:     |  | 
 |  |                                                                              |  | 
 |  |                               https://pythia.org/                            |  | 
 |  |                                                                              |  | 
 |  |   PYTHIA is authored by a collaboration consisting of:                       |  | 
 |  |                                                                              |  | 
 |  |   Christian Bierlich, Nishita Desai, Leif Gellersen, Ilkka Helenius, Philip  |  | 
 |  |   Ilten, Leif Lonnblad, Stephen Mrenna, Stefan Prestel, Christian Preuss,    |  | 
 |  |   Torbjorn Sjostrand, Peter Skands, Marius Utheim and Rob Verheyen.          |  | 
 |  |                                                                              |  | 
 |  |   The complete list of authors, including contact information and            |  | 
 |  |   affiliations, can be found on https://pythia.org/.                         |  | 
 |  |   Problems or bugs should be reported on email at authors@pythia.org.        |  | 
 |  |                                                                              |  | 
 |  |   The main program reference is C. Bierlich et al,                           |  | 
 |  |   'A comprehensive guide to the physics and usage of Pythia 8.3',            |  | 
 |  |   SciPost Phys. Codebases 8-r8.3 (2022) [arXiv:2203.11601 [hep-ph]]          |  | 
 |  |                                                                              |  | 
 |  |   PYTHIA is released under the GNU General Public Licence version 2 or later.|  | 
 |  |   Please respect the MCnet Guidelines for Event Generator Authors and Users. |  | 
 |  |                                                                              |  | 
 |  |   Disclaimer: this program comes without any guarantees.                     |  | 
 |  |   Beware of errors and use common sense when interpreting results.           |  | 
 |  |                                                                              |  | 
 |  |   Copyright (C) 2023 Torbjorn Sjostrand                                      |  | 
 |  |                                                                              |  | 
 |  |                                                                              |  | 
 |  *------------------------------------------------------------------------------*  | 
 |                                                                                    | 
 *------------------------------------------------------------------------------------* 


 *-------  PYTHIA Process Initialization  --------------------------*
 |                                                                  |
 | We collide p+ with p+ at a CM energy of 1.300e+04 GeV            |
 |                                                                  |
 |------------------------------------------------------------------|
 |                                                    |             |
 | Subprocess                                    Code |   Estimated |
 |                                                    |    max (mb) |
 |                                                    |             |
 |------------------------------------------------------------------|
 |                                                    |             |
 | Les Houches User Process(es)                  9999 |   1.000e-09 |
 |                                                                  |
 *-------  End PYTHIA Process Initialization -----------------------*
 PYTHIA Warning in TimeShower::init: pTmin too low , raised to 0.611

 *-------  PYTHIA Multiparton Interactions Initialization  ---------* 
 |                                                                  | 
 |                   sigmaNonDiffractive =    55.51 mb              | 
 |                                                                  | 
 |    pT0 =  1.44 gives sigmaInteraction =   398.21 mb: accepted    | 
 |                                                                  | 
 *-------  End PYTHIA Multiparton Interactions Initialization  -----* 

 *-------  PYTHIA Flag + Mode + Parm + Word + FVec + MVec + PVec + WVec Settings (changes only)  ------------------* 
 |                                                                                                                 | 
 | Name                                          |                      Now |      Default         Min         Max | 
 |                                               |                          |                                      | 
 | Beams:frameType                               |                        4 |            1           1           5 | 
 | Beams:LHEF                                    | /nfs/dust/cms/user/amoroso/powheg/POWHEG-BOX-V2/ttJ_MiNNLOPS_v1.0_beta1/decay-ll/pwgevents-0446.lhe |         void | 
 | ColourReconnection:range                      |                  5.17600 |      1.80000         0.0    10.00000 | 
 | Main:timesAllowErrors                         |                      500 |           10           0             | 
 | MultipartonInteractions:alphaSorder           |                        2 |            1           0           3 | 
 | MultipartonInteractions:alphaSvalue           |                  0.11800 |      0.13000   0.0600000     0.25000 | 
 | MultipartonInteractions:bProfile              |                        2 |            3           0           4 | 
 | MultipartonInteractions:coreFraction          |                  0.63000 |      0.50000         0.0     1.00000 | 
 | MultipartonInteractions:coreRadius            |                  0.76340 |      0.40000     0.10000     1.00000 | 
 | MultipartonInteractions:ecmPow                |                0.0334400 |      0.21500         0.0     0.50000 | 
 | MultipartonInteractions:pT0Ref                |                  1.41000 |      2.28000     0.50000    10.00000 | 
 | ParticleDecays:limitTau                       |                       on |          off                         | 
 | PDF:pSet                                      |                       20 |           13                         | 
 | Random:seed                                   |                      446 |           -1               900000000 | 
 | Random:setSeed                                |                       on |          off                         | 
 | SigmaProcess:alphaSorder                      |                        2 |            1           0           3 | 
 | SigmaProcess:alphaSvalue                      |                  0.11800 |      0.13000   0.0600000     0.25000 | 
 | SigmaTotal:mode                               |                        0 |            1           0           4 | 
 | SigmaTotal:sigmaEl                            |                 21.89000 |     25.00000         0.0             | 
 | SigmaTotal:sigmaTot                           |                100.30900 |    100.00000         0.0             | 
 | SigmaTotal:zeroAXB                            |                      off |           on                         | 
 | SpaceShower:alphaSorder                       |                        2 |            1           0           3 | 
 | SpaceShower:alphaSvalue                       |                  0.11800 |      0.13650   0.0600000     0.25000 | 
 | SpaceShower:dipoleRecoil                      |                       on |          off                         | 
 | SpaceShower:pTmaxMatch                        |                        1 |            0           0           2 | 
 | TimeShower:alphaSorder                        |                        2 |            1           0           3 | 
 | TimeShower:alphaSvalue                        |                  0.11800 |      0.13650   0.0600000     0.25000 | 
 |                                                                                                                 | 
 *-------  End PYTHIA Flag + Mode + Parm + Word + FVec + MVec + PVec + WVec Settings  -----------------------------* 

 --------  PYTHIA Particle Data Table (changed only)  ------------------------------------------------------------------------------
 
      id   name            antiName         spn chg col      m0        mWidth      mMin       mMax       tau0    res dec ext vis wid
             no onMode   bRatio   meMode     products 

       6  t                tbar               2   2   1  173.00000    1.36916   86.00000    0.00000  1.44122e-13   1   1   0   1   0
              0     1   0.0000664    0       24        1 
              1     1   0.0017361    0       24        3 
              2     1   0.9981975    0       24        5 
              3     1   0.0000000    0       37        5 

 --------  End PYTHIA Particle Data Table  -----------------------------------------------------------------------------------------


 --------  LHA event information and listing  ---------------------------------------------------------------------- 

    process =   322200    weight =   1.0325e+02     scale =   8.7346e+00 (GeV) 
                        alpha_em =  -1.0000e+00    alpha_strong =   2.0259e-01

    Participating Particles 
    no        id stat     mothers     colours      p_x        p_y        p_z         e          m        tau    spin 
     1        21   -1     0     0   511   512      0.000      0.000    733.453    733.453      0.000   0.000   9.000
     2        21   -1     0     0   513   514      0.000      0.000   -749.550    749.550      0.000   0.000   9.000
     3         6    2     1     2   511     0   -114.244     56.270    404.070    457.513    172.707   0.000   9.000
     4        -6    2     1     2     0   514    123.624    -67.290   -704.695    739.099    172.805   0.000   9.000
     5        21    1     1     2   515   512     -2.006      5.869    262.824    262.897      0.000   0.000   9.000
     6        21    1     1     2   513   515     -7.374      5.151     21.704     23.494      0.000   0.000   9.000
     7         5    1     3     3   511     0    -85.797     86.770    198.035    232.663      4.920   0.000  -1.000
     8        24    2     3     3     0     0    -28.446    -30.500    206.035    224.849     79.797   0.000   9.000
     9        -5    1     4     4     0   514     64.207    -89.621   -473.970    486.648      4.920   0.000   1.000
    10       -24    2     4     4     0     0     59.417     22.331   -230.725    252.451     80.427   0.000   9.000
    11       -13    1     8     8     0     0    -38.145     -5.461    189.362    193.242      0.106   0.000   1.000
    12        14    1     8     8     0     0      9.698    -25.039     16.673     31.607      0.000   0.000  -1.000
    13        13    1    10    10     0     0     51.811     25.847    -67.166     88.678      0.106   0.000  -1.000
    14       -14    1    10    10     0     0      7.606     -3.517   -163.559    163.773      0.000   0.000   1.000

 --------  End LHA event information and listing  ------------------------------------------------------------------ 

 --------  PYTHIA Info Listing  ---------------------------------------- 
 
 Beam A: id =   2212, pz =  6.500e+03, e =  6.500e+03, m =  9.383e-01.
 Beam B: id =   2212, pz = -6.500e+03, e =  6.500e+03, m =  9.383e-01.

 In 1: id =   21, x =  1.128e-01, pdf =  0.000e+00 at Q2 =  7.629e+01.
 In 2: id =   21, x =  1.153e-01, pdf =  0.000e+00 at same Q2.

 Process Les Houches User Process(es) with code 9999 is 2 -> 4.
 Subprocess user process 322200 with code 322200 is 2 -> 4.
     alphaEM =  7.615e-03,  alphaS =  2.026e-01    at Q2 =  7.629e+01.

 Impact parameter b =  1.414e+00 gives enhancement factor =  8.876e-02.
 Max pT scale for MPI =  1.300e+04, ISR =  8.735e+00, FSR =  8.735e+00.
 Number of MPI =     1, ISR =     3, FSRproc =     6, FSRreson =     5.

 --------  End PYTHIA Info Listing  ------------------------------------

 --------  PYTHIA Event Listing  (hard process)  -----------------------------------------------------------------------------------
 
    no         id  name            status     mothers   daughters     colours      p_x        p_y        p_z         e          m 
     0         90  (system)           -11     0     0     0     0     0     0      0.000      0.000      0.000  13000.000  13000.000
     1       2212  (p+)               -12     0     0     3     0     0     0      0.000      0.000   6500.000   6500.000      0.938
     2       2212  (p+)               -12     0     0     4     0     0     0      0.000      0.000  -6500.000   6500.000      0.938
     3         21  (g)                -21     1     0     5     8   511   512      0.000      0.000    733.453    733.453      0.000
     4         21  (g)                -21     2     0     5     8   513   514      0.000      0.000   -749.550    749.550      0.000
     5          6  (t)                -22     3     4     9    10   511     0   -114.244     56.270    404.070    457.513    172.707
     6         -6  (tbar)             -22     3     4    11    12     0   514    123.624    -67.290   -704.695    739.099    172.805
     7         21  g                   23     3     4     0     0   515   512     -2.006      5.869    262.824    262.897      0.000
     8         21  g                   23     3     4     0     0   513   515     -7.374      5.151     21.704     23.494      0.000
     9          5  b                   23     5     0     0     0   511     0    -85.797     86.770    198.035    232.663      4.920
    10         24  (W+)               -22     5     0    13    14     0     0    -28.446    -30.500    206.035    224.849     79.797
    11         -5  bbar                23     6     0     0     0     0   514     64.207    -89.621   -473.970    486.648      4.920
    12        -24  (W-)               -22     6     0    15    16     0     0     59.417     22.331   -230.725    252.451     80.427
    13        -13  mu+                 23    10     0     0     0     0     0    -38.145     -5.461    189.362    193.242      0.106
    14         14  nu_mu               23    10     0     0     0     0     0      9.698    -25.039     16.673     31.607      0.000
    15         13  mu-                 23    12     0     0     0     0     0     51.811     25.847    -67.166     88.678      0.106
    16        -14  nu_mubar            23    12     0     0     0     0     0      7.606     -3.517   -163.559    163.773      0.000
                                   Charge sum:  0.000           Momentum sum:      0.000      0.000    -16.097   1483.004   1482.916

 --------  End PYTHIA Event Listing  -----------------------------------------------------------------------------------------------

 --------  PYTHIA Event Listing  (complete event)  ---------------------------------------------------------------------------------
 
    no         id  name            status     mothers   daughters     colours      p_x        p_y        p_z         e          m 
     0         90  (system)           -11     0     0     0     0     0     0      0.000      0.000      0.000  13000.000  13000.000
     1       2212  (p+)               -12     0     0    51     0     0     0      0.000      0.000   6500.000   6500.000      0.938
     2       2212  (p+)               -12     0     0    52     0     0     0      0.000      0.000  -6500.000   6500.000      0.938
     3         21  (g)                -21     9     9     5     8   511   512      0.000      0.000    733.453    733.453      0.000
     4         21  (g)                -21    10     0     5     8   513   514      0.000      0.000   -749.550    749.550      0.000
     5          6  (t)                -22     3     4    11    11   511     0   -114.244     56.270    404.070    457.513    172.707
     6         -6  (tbar)             -22     3     4    12    12     0   514    123.624    -67.290   -704.695    739.099    172.805
     7         21  (g)                -23     3     4    13    13   515   512     -2.006      5.869    262.824    262.897      0.000
     8         21  (g)                -23     3     4    14    14   513   515     -7.374      5.151     21.704     23.494      0.000
     9         21  (g)                -42    16    16     3     3   511   512      0.000      0.000    733.453    733.453      0.000
    10         21  (g)                -41    17     0    15     4   513   516     -0.000      0.000   -830.217    830.217      0.000
    11          6  (t)                -44     5     5    18    18   511     0   -114.244     56.270    404.070    457.513    172.707
    12         -6  (tbar)             -44     6     6    19    19     0   514    116.227    -67.740   -685.543    719.673    172.805
    13         21  (g)                -44     7     7    20    20   515   512     -2.006      5.869    262.824    262.897      0.000
    14         21  (g)                -44     8     8    21    21   513   515     -7.374      5.151     21.704     23.494      0.000
    15         21  (g)                -43    10     0    22    22   514   516      7.396      0.450    -99.819    100.094      0.000
    16         21  (g)                -42    24     0     9     9   511   512      0.000      0.000    733.453    733.453      0.000
    17         21  (g)                -41    25    25    23    10   513   517     -0.000     -0.000  -1153.520   1153.520      0.000
    18          6  (t)                -44    11    11    26    26   511     0   -114.244     56.270    404.070    457.513    172.707
    19         -6  (tbar)             -44    12    12    27    27     0   514    116.227    -67.740   -685.543    719.673    172.805
    20         21  (g)                -44    13    13    28    28   515   512     -2.006      5.869    262.824    262.897      0.000
    21         21  (g)                -44    14    14    29    29   513   515     -7.374      5.151     21.704     23.494      0.000
    22         21  (g)                -44    15    15    30    30   514   516      6.629     -4.779   -149.156    149.379      0.000
    23         21  (g)                -43    17     0    31    31   516   517      0.767      5.229   -273.966    274.017      0.000
    24         21  (g)                -41    51    51    32    16   511   518     -0.000      0.000    813.144    813.144      0.000
    25         21  (g)                -42    52    52    17    17   513   517     -0.000     -0.000  -1153.520   1153.520      0.000
    26          6  (t)                -44    18    18    53    53   511     0   -113.061     53.630    399.259    452.653    172.707
    27         -6  (tbar)             -44    19    19    38    38     0   514    116.227    -67.740   -685.543    719.673    172.805
    28         21  (g)                -44    20    20    39    40   515   512     -2.006      5.869    262.824    262.897      0.000
    29         21  (g)                -44    21    21    41    41   513   515     -7.374      5.151     21.704     23.494      0.000
    30         21  (g)                -44    22    22    35    35   514   516      6.629     -4.779   -149.156    149.379      0.000
    31         21  (g)                -44    23    23    33    34   516   517      0.767      5.229   -273.966    274.017      0.000
    32         21  (g)                -43    24     0    59    59   512   518     -1.183      2.640     84.501     84.550      0.000
    33         21  (g)                -51    31     0    44    44   519   517      1.728      5.473   -231.491    231.563      0.000
    34         21  (g)                -51    31     0    42    43   516   519     -0.197     -0.794    -59.650     59.655      0.000
    35         21  (g)                -52    30    30    36    37   514   516      5.866     -4.228   -131.980    132.178      0.000
    36         21  (g)                -51    35     0    47    47   520   516      5.183     -2.579   -116.207    116.351      0.000
    37         21  (g)                -51    35     0    61    61   514   520      0.824     -1.718    -14.977     15.097      0.000
    38         -6  (tbar)             -52    27    27    54    54     0   514    116.086    -67.672   -686.340    720.402    172.805
    39         21  (g)                -51    28     0    55    55   521   512     -2.455      5.123    255.825    255.888      0.000
    40         21  (g)                -51    28     0    48    49   515   521      0.263      0.875      7.546      7.601      0.000
    41         21  (g)                -52    29    29    50    50   513   515     -7.189      5.021     21.158     22.903      0.000
    42         21  (g)                -51    34     0    45    46   516   522      0.493     -0.497    -63.778     63.781      0.000
    43         21  (g)                -51    34     0    63    63   522   519     -0.520      0.244    -18.732     18.741      0.000
    44         21  (g)                -52    33    33    58    58   519   517      1.557      4.932   -208.632    208.696      0.000
    45         21  (g)                -51    42     0    60    60   523   522      0.335     -0.872    -57.968     57.975      0.000
    46         21  (g)                -51    42     0    64    64   516   523      1.136     -0.111    -27.712     27.736      0.000
    47         21  (g)                -52    36    36    57    57   520   516      4.206     -2.093    -94.305     94.421      0.000
    48         21  (g)                -51    40     0    62    62   524   521     -0.266      1.484      8.645      8.776      0.000
    49         21  (g)                -51    40     0    65    65   515   524     -0.006     -0.235      0.476      0.531      0.000
    50         21  (g)                -52    41    41    56    56   513   515     -6.653      4.647     19.582     21.197      0.000
    51         21  (g)                -61     1     0    24    24   511   518      2.058      1.246    813.142    813.146      0.000
    52         21  (g)                -61     2     0    25    25   513   517      0.895     -1.327  -1153.519   1153.520      0.000
    53          6  (t)                -62    26    26    70    71   511     0   -111.962     54.252    399.286    452.477    172.707
    54         -6  (tbar)             -62    38    38    75    76     0   514    116.675    -68.455   -686.350    720.581    172.805
    55         21  (g)                -62    39    39   140   140   521   512     -1.807      5.515    255.820    255.886      0.000
    56         21  (g)                -62    50    50   143   143   513   515     -6.601      4.677     19.581     21.187      0.000
    57         21  (g)                -62    47    47    98    98   520   516      4.280     -2.201    -94.305     94.428      0.000
    58         21  (g)                -62    44    44    94    94   519   517      1.719      4.692   -208.639    208.699      0.000
    59         21  (g)                -62    32    32   139   139   512   518     -0.969      2.769     84.498     84.549      0.000
    60         21  (g)                -62    45    45    96    96   523   522      0.380     -0.939    -57.967     57.976      0.000
    61         21  (g)                -62    37    37    99    99   514   520      0.836     -1.736    -14.975     15.098      0.000
    62         21  (g)                -62    48    48   141   141   524   521     -0.244      1.497      8.644      8.776      0.000
    63         21  (g)                -62    43    43    95    95   522   519     -0.505      0.222    -18.732     18.740      0.000
    64         21  (g)                -62    46    46    97    97   516   523      1.157     -0.143    -27.713     27.738      0.000
    65         21  (g)                -62    49    49   142   142   515   524     -0.005     -0.234      0.477      0.531      0.000
    66          2  (u)                -63     1     0   138   138   518     0     -1.054     -0.570    853.575    853.576      0.330
    67       2103  (ud_1)             -63     1     0   123   123     0   511     -1.004     -0.676   4833.278   4833.278      0.771
    68          2  (u)                -63     2     0    93    93   517     0     -0.854      0.310   -169.952    169.954      0.330
    69       2101  (ud_0)             -63     2     0   144   144     0   513     -0.040      1.017  -5176.525   5176.525      0.579
    70          5  (b)                -23    53     0    72    73   511     0    -84.638     85.744    195.604    229.784      4.920
    71         24  (W+)               -22    53     0    74    74     0     0    -27.324    -31.492    203.682    222.693     79.797
    72          5  (b)                -51    70     0   121   121   529     0    -81.774     82.752    190.924    223.632      4.920
    73         21  (g)                -51    70     0   122   122   511   529     -2.838      2.882      4.816      6.289      0.000
    74         24  (W+)               -52    71    71    83    84     0     0    -27.351    -31.383    203.545    222.556     79.797
    75         -5  (bbar)             -23    54     0    77    78     0   514     59.632    -90.388   -461.891    474.441      4.920
    76        -24  (W-)               -22    54     0    79    79     0     0     57.043     21.933   -224.459    246.141     80.427
    77         -5  (bbar)             -51    75     0    82    82     0   530     57.393    -89.165   -452.926    465.199      4.920
    78         21  (g)                -51    75     0    80    81   530   514      2.362     -0.852     -8.802      9.153      0.000
    79        -24  (W-)               -52    76    76    88    89     0     0     56.920     21.563   -224.622    246.229     80.427
    80         21  (g)                -51    78     0   100   100   531   514      0.479      0.000     -3.747      3.778      0.000
    81         21  (g)                -51    78     0   101   101   530   531      2.848     -2.372    -12.743     13.272      0.000
    82         -5  (bbar)             -52    77    77   102   102     0   530     56.428    -87.646   -445.237    457.303      4.920
    83        -13  (mu+)              -23    74     0    85    86     0     0    -37.203     -6.219    187.224    190.986      0.106
    84         14  (nu_mu)            -23    74     0    87    87     0     0      9.853    -25.164     16.322     31.570      0.000
    85        -13  mu+                 51    83     0     0     0     0     0    -37.203     -6.219    187.224    190.986      0.106
    86         22  gamma               51    83     0     0     0     0     0     -0.000      0.000      0.000      0.000      0.000
    87         14  nu_mu               52    84    84     0     0     0     0      9.853    -25.164     16.322     31.570      0.000
    88         13  (mu-)              -23    79     0    90    91     0     0     50.934     25.578    -65.023     86.467      0.106
    89        -14  (nu_mubar)         -23    79     0    92    92     0     0      5.986     -4.015   -159.600    159.762      0.000
    90         13  mu-                 51    88     0     0     0     0     0     50.836     25.525    -64.895     86.297      0.106
    91         22  gamma               51    88     0     0     0     0     0      0.098      0.052     -0.128      0.170      0.000
    92        -14  nu_mubar            52    89    89     0     0     0     0      5.986     -4.015   -159.599    159.762      0.000
    93          2  (u)                -71    68    68   103   120   517     0     -0.854      0.310   -169.952    169.954      0.330
    94         21  (g)                -71    58    58   103   120   519   517      1.719      4.692   -208.639    208.699      0.000
    95         21  (g)                -71    63    63   103   120   522   519     -0.505      0.222    -18.732     18.740      0.000
    96         21  (g)                -71    60    60   103   120   523   522      0.380     -0.939    -57.967     57.976      0.000
    97         21  (g)                -71    64    64   103   120   516   523      1.157     -0.143    -27.713     27.738      0.000
    98         21  (g)                -71    57    57   103   120   520   516      4.280     -2.201    -94.305     94.428      0.000
    99         21  (g)                -71    61    61   103   120   514   520      0.836     -1.736    -14.975     15.098      0.000
   100         21  (g)                -71    80    80   103   120   531   514      0.479      0.000     -3.747      3.778      0.000
   101         21  (g)                -71    81    81   103   120   530   531      2.848     -2.372    -12.743     13.272      0.000
   102         -5  (bbar)             -71    82    82   103   120     0   530     56.428    -87.646   -445.237    457.303      4.920
   103        111  (pi0)              -83    93   102   206   207     0     0     -0.120      0.260   -100.572    100.572      0.135
   104        111  (pi0)              -83    93   102   208   209     0     0      0.366      2.146    -78.528     78.558      0.135
   105        223  (omega)            -83    93   102   210   212     0     0     -0.326      0.171    -56.822     56.829      0.785
   106        321  K+                  83    93   102     0     0     0     0     -0.045     -0.071    -57.656     57.659      0.494
   107        221  (eta)              -83    93   102   213   215     0     0      0.390      2.280    -97.492     97.521      0.548
   108        333  (phi)              -84    93   102   216   217     0     0      0.526     -0.607    -51.116     51.133      1.019
   109       -323  (K*-)              -84    93   102   173   174     0     0      1.495     -0.862    -44.512     44.555      0.895
   110        111  (pi0)              -84    93   102   218   219     0     0      1.375     -0.721    -39.158     39.189      0.135
   111        213  (rho+)             -84    93   102   175   176     0     0      1.886     -0.423    -32.961     33.029      0.853
   112        331  (eta')             -84    93   102   220   221     0     0      0.574     -0.664    -12.219     12.288      0.958
   113        221  (eta)              -84    93   102   222   224     0     0      0.939     -0.998    -20.141     20.195      0.548
   114       -211  pi-                 84    93   102     0     0     0     0      0.259     -0.252     -2.470      2.500      0.140
   115        111  (pi0)              -84    93   102   225   226     0     0      1.235     -0.768     -6.161      6.332      0.135
   116        211  pi+                 84    93   102     0     0     0     0      1.406     -2.794    -13.809     14.159      0.140
   117       -213  (rho-)             -84    93   102   177   178     0     0      3.408     -4.894    -23.242     24.018      1.049
   118        113  (rho0)             -84    93   102   179   180     0     0      5.938     -8.868    -45.479     46.722      0.810
   119        111  (pi0)              -84    93   102   227   228     0     0      1.801     -2.746    -15.284     15.633      0.135
   120        521  (B+)               -84    93   102   229   231     0     0     45.662    -70.002   -356.388    366.095      5.279
   121          5  (b)                -71    72    72   124   137   529     0    -81.774     82.752    190.924    223.632      4.920
   122         21  (g)                -71    73    73   124   137   511   529     -2.838      2.882      4.816      6.289      0.000
   123       2103  (ud_1)             -71    67    67   124   137     0   511     -1.004     -0.676   4833.278   4833.278      0.771
   124       -533  (B*_sbar0)         -83   121   123   232   233     0     0    -77.193     77.760    179.132    210.055      5.415
   125       -311  (Kbar0)            -83   121   123   181   181     0     0     -3.969      3.517      8.498     10.029      0.498
   126        221  (eta)              -83   121   123   234   236     0     0     -1.634      2.062      4.563      5.296      0.548
   127        111  (pi0)              -83   121   123   237   238     0     0     -0.803      2.067      3.636      4.261      0.135
   128       2212  p+                  83   121   123     0     0     0     0     -0.633     -0.209      4.881      5.015      0.938
   129      -2224  (Deltabar--)       -83   121   123   182   183     0     0     -0.462      0.340      3.518      3.736      1.117
   130        211  pi+                 84   121   123     0     0     0     0     -0.016      0.144      9.437      9.439      0.140
   131       -213  (rho-)             -84   121   123   184   185     0     0      0.392      0.170     49.434     49.446      0.993
   132        223  (omega)            -84   121   123   239   241     0     0     -0.361     -0.495    147.050    147.054      0.796
   133        211  pi+                 84   121   123     0     0     0     0     -0.182      0.093     78.660     78.661      0.140
   134       -213  (rho-)             -84   121   123   186   187     0     0     -0.193     -0.088   2002.530   2002.530      1.027
   135        111  (pi0)              -84   121   123   242   243     0     0      0.185     -0.082    249.890    249.890      0.135
   136       2224  (Delta++)          -84   121   123   188   189     0     0     -0.733     -0.388   1558.615   1558.615      1.182
   137       -211  pi-                 84   121   123     0     0     0     0     -0.013      0.069    729.173    729.173      0.140
   138          2  (u)                -71    66    66   145   172   518     0     -1.054     -0.570    853.575    853.576      0.330
   139         21  (g)                -71    59    59   145   172   512   518     -0.969      2.769     84.498     84.549      0.000
   140         21  (g)                -71    55    55   145   172   521   512     -1.807      5.515    255.820    255.886      0.000
   141         21  (g)                -71    62    62   145   172   524   521     -0.244      1.497      8.644      8.776      0.000
   142         21  (g)                -71    65    65   145   172   515   524     -0.005     -0.234      0.477      0.531      0.000
   143         21  (g)                -71    56    56   145   172   513   515     -6.601      4.677     19.581     21.187      0.000
   144       2101  (ud_0)             -71    69    69   145   172     0   513     -0.040      1.017  -5176.525   5176.525      0.579
   145       2212  p+                  83   138   144     0     0     0     0     -0.619     -0.987    760.470    760.471      0.938
   146      -2212  pbar-               83   138   144     0     0     0     0     -0.821      1.495    125.254    125.269      0.938
   147        211  pi+                 83   138   144     0     0     0     0     -0.352      0.998     26.388     26.410      0.140
   148        113  (rho0)             -83   138   144   190   191     0     0     -0.844      2.517    123.107    123.139      0.874
   149       -213  (rho-)             -83   138   144   192   193     0     0     -0.833      1.229     51.334     51.365      0.984
   150        211  pi+                 83   138   144     0     0     0     0     -0.465      1.875     59.936     59.968      0.140
   151        221  (eta)              -83   138   144   244   245     0     0      0.185      0.681     32.648     32.661      0.548
   152        311  (K0)               -83   138   144   194   194     0     0      0.116      0.029      8.124      8.140      0.498
   153       -311  (Kbar0)            -83   138   144   195   195     0     0     -0.315      0.181      2.289      2.371      0.498
   154       3212  (Sigma0)           -83   138   144   246   247     0     0     -0.537      0.467      7.136      7.270      1.193
   155      -3222  Sigmabar-           83   138   144     0     0     0     0     -1.272      1.068      7.678      7.945      1.189
   156        211  pi+                 83   138   144     0     0     0     0     -0.108      0.535      3.759      3.801      0.140
   157       -213  (rho-)             -84   138   144   196   197     0     0     -2.017      1.258      5.262      5.828      0.791
   158        213  (rho+)             -84   138   144   198   199     0     0     -2.547      2.068      8.087      8.772      0.888
   159       -213  (rho-)             -84   138   144   200   201     0     0      0.108     -0.103     -0.799      1.273      0.979
   160        211  pi+                 84   138   144     0     0     0     0      0.049      0.182      0.040      0.238      0.140
   161       -211  pi-                 84   138   144     0     0     0     0     -0.112      0.060     -0.039      0.193      0.140
   162        223  (omega)            -84   138   144   248   250     0     0     -0.159      0.299     -0.410      0.947      0.783
   163        211  pi+                 84   138   144     0     0     0     0      0.050     -0.273      0.146      0.343      0.140
   164        223  (omega)            -84   138   144   251   252     0     0     -0.515     -0.112     -1.468      1.746      0.784
   165       -211  pi-                 84   138   144     0     0     0     0      0.356      0.262    -15.022     15.029      0.140
   166        111  (pi0)              -84   138   144   253   254     0     0     -0.013     -0.213    -26.990     26.991      0.135
   167        211  pi+                 84   138   144     0     0     0     0     -0.044     -0.052    -29.975     29.976      0.140
   168        313  (K*0)              -84   138   144   202   203     0     0      0.081      0.317   -307.872    307.873      0.841
   169       -311  (Kbar0)            -84   138   144   204   204     0     0      0.023     -0.071  -1230.712   1230.712      0.498
   170       -211  pi-                 84   138   144     0     0     0     0     -0.042      0.122   -382.491    382.491      0.140
   171        211  pi+                 84   138   144     0     0     0     0     -0.085      0.656  -1581.367   1581.367      0.140
   172       2112  n0                  84   138   144     0     0     0     0      0.010      0.185  -1598.443   1598.443      0.940
   173       -311  (Kbar0)            -91   109     0   205   205     0     0      0.747     -0.166    -20.941     20.961      0.498
   174       -211  pi-                 91   109     0     0     0     0     0      0.748     -0.696    -23.571     23.594      0.140
   175        211  pi+                 91   111     0     0     0     0     0      1.245     -0.612    -24.813     24.852      0.140
   176        111  (pi0)              -91   111     0   255   256     0     0      0.641      0.190     -8.148      8.177      0.135
   177       -211  pi-                 91   117     0     0     0     0     0      2.325     -3.384    -14.018     14.608      0.140
   178        111  (pi0)              -91   117     0   257   258     0     0      1.082     -1.511     -9.224      9.410      0.135
   179        211  pi+                 91   118     0     0     0     0     0      1.101     -2.164     -9.872     10.167      0.140
   180       -211  pi-                 91   118     0     0     0     0     0      4.837     -6.703    -35.608     36.555      0.140
   181        310  K_S0                91   125   125     0     0     0     0     -3.969      3.517      8.498     10.029      0.498
   182      -2212  pbar-               91   129     0     0     0     0     0     -0.439      0.346      2.840      3.043      0.938
   183       -211  pi-                 91   129     0     0     0     0     0     -0.023     -0.006      0.678      0.693      0.140
   184       -211  pi-                 91   131     0     0     0     0     0      0.000     -0.370     15.952     15.957      0.140
   185        111  (pi0)              -91   131     0   259   260     0     0      0.391      0.540     33.482     33.489      0.135
   186       -211  pi-                 91   134     0     0     0     0     0     -0.052     -0.444    500.205    500.205      0.140
   187        111  (pi0)              -91   134     0   261   262     0     0     -0.141      0.357   1502.325   1502.325      0.135
   188       2212  p+                  91   136     0     0     0     0     0     -0.502     -0.388   1082.389   1082.390      0.938
   189        211  pi+                 91   136     0     0     0     0     0     -0.230     -0.001    476.225    476.225      0.140
   190        211  pi+                 91   148     0     0     0     0     0      0.021      0.732     23.319     23.331      0.140
   191       -211  pi-                 91   148     0     0     0     0     0     -0.865      1.785     99.788     99.808      0.140
   192       -211  pi-                 91   149     0     0     0     0     0     -0.028      0.198      2.237      2.250      0.140
   193        111  (pi0)              -91   149     0   263   264     0     0     -0.805      1.031     49.097     49.115      0.135
   194        310  K_S0                91   152   152     0     0     0     0      0.116      0.029      8.124      8.140      0.498
   195        310  (K_S0)             -91   153   153   265   266     0     0     -0.315      0.181      2.289      2.371      0.498
   196       -211  pi-                 91   157     0     0     0     0     0     -0.485      0.038      0.722      0.882      0.140
   197        111  (pi0)              -91   157     0   267   268     0     0     -1.532      1.220      4.540      4.946      0.135
   198        211  pi+                 91   158     0     0     0     0     0     -1.819      1.891      6.538      7.046      0.140
   199        111  (pi0)              -91   158     0   269   270     0     0     -0.728      0.176      1.549      1.725      0.135
   200       -211  pi-                 91   159     0     0     0     0     0      0.427     -0.162     -0.097      0.487      0.140
   201        111  (pi0)              -91   159     0   271   272     0     0     -0.319      0.059     -0.702      0.785      0.135
   202        321  K+                  91   168     0     0     0     0     0      0.276      0.340   -234.284    234.285      0.494
   203       -211  pi-                 91   168     0     0     0     0     0     -0.195     -0.023    -73.588     73.588      0.140
   204        130  K_L0                91   169   169     0     0     0     0      0.023     -0.071  -1230.712   1230.712      0.498
   205        130  K_L0                91   173   173     0     0     0     0      0.747     -0.166    -20.941     20.961      0.498
   206         22  gamma               91   103     0     0     0     0     0     -0.082      0.196    -89.181     89.182      0.000
   207         22  gamma               91   103     0     0     0     0     0     -0.039      0.064    -11.390     11.391      0.000
   208         22  gamma               91   104     0     0     0     0     0      0.279      1.899    -69.194     69.220      0.000
   209         22  gamma               91   104     0     0     0     0     0      0.086      0.247     -9.334      9.338      0.000
   210        211  pi+                 91   105     0     0     0     0     0     -0.023      0.200    -26.856     26.857      0.140
   211       -211  pi-                 91   105     0     0     0     0     0     -0.257      0.136    -22.520     22.522      0.140
   212        111  (pi0)              -91   105     0   273   274     0     0     -0.047     -0.165     -7.446      7.449      0.135
   213        111  (pi0)              -91   107     0   275   276     0     0      0.171      0.821    -34.100     34.111      0.135
   214        111  (pi0)              -91   107     0   277   278     0     0      0.011      0.628    -22.326     22.335      0.135
   215        111  (pi0)              -91   107     0   279   280     0     0      0.207      0.830    -41.065     41.075      0.135
   216        213  (rho+)             -91   108     0   281   282     0     0      0.526     -0.462    -46.203     46.215      0.806
   217       -211  pi-                 91   108     0     0     0     0     0     -0.001     -0.145     -4.914      4.918      0.140
   218         22  gamma               91   110     0     0     0     0     0      0.662     -0.319    -20.104     20.117      0.000
   219         22  gamma               91   110     0     0     0     0     0      0.713     -0.402    -19.054     19.072      0.000
   220         22  gamma               91   112     0     0     0     0     0      0.110      0.109     -0.327      0.362      0.000
   221         22  gamma               91   112     0     0     0     0     0      0.464     -0.773    -11.892     11.926      0.000
   222        211  pi+                 91   113     0     0     0     0     0      0.168     -0.399     -5.704      5.722      0.140
   223       -211  pi-                 91   113     0     0     0     0     0      0.470     -0.320     -8.637      8.656      0.140
   224        111  (pi0)              -91   113     0   283   284     0     0      0.300     -0.279     -5.801      5.817      0.135
   225         22  gamma               91   115     0     0     0     0     0      0.273     -0.201     -1.667      1.702      0.000
   226         22  gamma               91   115     0     0     0     0     0      0.962     -0.567     -4.494      4.630      0.000
   227         22  gamma               91   119     0     0     0     0     0      0.175     -0.325     -1.856      1.892      0.000
   228         22  gamma               91   119     0     0     0     0     0      1.626     -2.421    -13.428     13.741      0.000
   229         14  nu_mu               91   120     0     0     0     0     0     24.741    -36.549   -188.148    193.256      0.000
   230        -13  mu+                 91   120     0     0     0     0     0     10.569    -15.899    -79.789     82.041      0.106
   231     -20423  (D*_1bar0)         -91   120     0   285   286     0     0     10.352    -17.553    -88.452     90.799      2.338
   232       -531  (B_sbar0)          -91   124     0   287   289     0     0    -76.538     77.158    177.632    208.310      5.367
   233         22  gamma               91   124     0     0     0     0     0     -0.655      0.601      1.500      1.744      0.000
   234        111  (pi0)              -91   126     0   290   291     0     0     -0.880      1.105      2.242      2.653      0.135
   235        111  (pi0)              -91   126     0   292   293     0     0     -0.253      0.467      1.062      1.195      0.135
   236        111  (pi0)              -91   126     0   294   295     0     0     -0.501      0.490      1.260      1.448      0.135
   237         22  gamma               91   127     0     0     0     0     0     -0.767      1.983      3.430      4.035      0.000
   238         22  gamma               91   127     0     0     0     0     0     -0.036      0.083      0.206      0.225      0.000
   239        211  pi+                 91   132     0     0     0     0     0     -0.020     -0.302     47.030     47.031      0.140
   240       -211  pi-                 91   132     0     0     0     0     0     -0.135     -0.031     78.288     78.289      0.140
   241        111  (pi0)              -91   132     0   296   297     0     0     -0.207     -0.161     21.732     21.734      0.135
   242         22  gamma               91   135     0     0     0     0     0      0.206     -0.080    234.758    234.758      0.000
   243         22  gamma               91   135     0     0     0     0     0     -0.021     -0.002     15.132     15.132      0.000
   244         22  gamma               91   151     0     0     0     0     0     -0.093     -0.039      2.074      2.077      0.000
   245         22  gamma               91   151     0     0     0     0     0      0.278      0.720     30.574     30.584      0.000
   246       3122  Lambda0             91   154     0     0     0     0     0     -0.461      0.387      6.267      6.394      1.116
   247         22  gamma               91   154     0     0     0     0     0     -0.076      0.080      0.869      0.876      0.000
   248        211  pi+                 91   162     0     0     0     0     0     -0.094     -0.127     -0.033      0.213      0.140
   249       -211  pi-                 91   162     0     0     0     0     0     -0.189      0.302     -0.135      0.406      0.140
   250        111  (pi0)              -91   162     0   298   299     0     0      0.123      0.124     -0.242      0.328      0.135
   251        111  (pi0)              -91   164     0   300   301     0     0     -0.146     -0.054     -1.333      1.349      0.135
   252         22  gamma               91   164     0     0     0     0     0     -0.369     -0.058     -0.136      0.398      0.000
   253         22  gamma               91   166     0     0     0     0     0     -0.065     -0.052     -8.923      8.923      0.000
   254         22  gamma               91   166     0     0     0     0     0      0.052     -0.160    -18.067     18.068      0.000
   255         22  gamma               91   176     0     0     0     0     0      0.010     -0.004     -0.036      0.038      0.000
   256         22  gamma               91   176     0     0     0     0     0      0.631      0.194     -8.112      8.138      0.000
   257         22  gamma               91   178     0     0     0     0     0      0.685     -1.065     -6.280      6.406      0.000
   258         22  gamma               91   178     0     0     0     0     0      0.397     -0.446     -2.944      3.004      0.000
   259         22  gamma               91   185     0     0     0     0     0      0.063      0.108      4.110      4.112      0.000
   260         22  gamma               91   185     0     0     0     0     0      0.329      0.432     29.372     29.377      0.000
   261         22  gamma               91   187     0     0     0     0     0     -0.140      0.300   1066.520   1066.520      0.000
   262         22  gamma               91   187     0     0     0     0     0     -0.001      0.057    435.805    435.805      0.000
   263         22  gamma               91   193     0     0     0     0     0     -0.788      0.964     46.145     46.162      0.000
   264         22  gamma               91   193     0     0     0     0     0     -0.017      0.067      2.952      2.953      0.000
   265        111  (pi0)              -91   195     0   302   303     0     0     -0.366      0.075      1.132      1.200      0.135
   266        111  (pi0)              -91   195     0   304   305     0     0      0.051      0.106      1.157      1.171      0.135
   267         22  gamma               91   197     0     0     0     0     0     -1.404      1.092      4.029      4.404      0.000
   268         22  gamma               91   197     0     0     0     0     0     -0.128      0.128      0.511      0.542      0.000
   269         22  gamma               91   199     0     0     0     0     0     -0.569      0.122      1.313      1.436      0.000
   270         22  gamma               91   199     0     0     0     0     0     -0.159      0.054      0.236      0.290      0.000
   271         22  gamma               91   201     0     0     0     0     0     -0.177      0.035     -0.534      0.563      0.000
   272         22  gamma               91   201     0     0     0     0     0     -0.142      0.024     -0.168      0.222      0.000
   273         22  gamma               91   212     0     0     0     0     0      0.002     -0.169     -5.499      5.502      0.000
   274         22  gamma               91   212     0     0     0     0     0     -0.048      0.004     -1.947      1.948      0.000
   275         22  gamma               91   213     0     0     0     0     0      0.145      0.787    -31.216     31.226      0.000
   276         22  gamma               91   213     0     0     0     0     0      0.026      0.034     -2.884      2.885      0.000
   277         22  gamma               91   214     0     0     0     0     0      0.072      0.298    -11.026     11.031      0.000
   278         22  gamma               91   214     0     0     0     0     0     -0.061      0.330    -11.300     11.305      0.000
   279         22  gamma               91   215     0     0     0     0     0     -0.016      0.135     -6.302      6.304      0.000
   280         22  gamma               91   215     0     0     0     0     0      0.223      0.696    -34.763     34.771      0.000
   281        211  pi+                 91   216     0     0     0     0     0     -0.066     -0.175    -26.248     26.249      0.140
   282        111  (pi0)              -91   216     0   306   307     0     0      0.592     -0.287    -19.954     19.965      0.135
   283         22  gamma               91   224     0     0     0     0     0      0.157     -0.134     -3.817      3.823      0.000
   284         22  gamma               91   224     0     0     0     0     0      0.143     -0.146     -1.984      1.994      0.000
   285       -423  (D*bar0)           -91   231     0   308   309     0     0      9.495    -15.697    -80.357     82.449      2.007
   286        111  (pi0)              -91   231     0   310   311     0     0      0.857     -1.857     -8.094      8.349      0.135
   287        433  (D*_s+)            -91   232     0   312   313     0     0    -32.857     32.743     74.827     88.064      2.112
   288       -421  (Dbar0)            -91   232     0   314   316     0     0    -22.684     22.483     53.334     62.194      1.865
   289       -323  (K*-)              -91   232     0   317   318     0     0    -20.997     21.933     49.470     58.053      0.961
   290         22  gamma               91   234     0     0     0     0     0     -0.843      1.008      2.046      2.432      0.000
   291         22  gamma               91   234     0     0     0     0     0     -0.037      0.097      0.195      0.221      0.000
   292         22  gamma               91   235     0     0     0     0     0     -0.086      0.278      0.648      0.710      0.000
   293         22  gamma               91   235     0     0     0     0     0     -0.167      0.189      0.414      0.485      0.000
   294         22  gamma               91   236     0     0     0     0     0     -0.403      0.383      1.098      1.230      0.000
   295         22  gamma               91   236     0     0     0     0     0     -0.098      0.107      0.162      0.217      0.000
   296         22  gamma               91   241     0     0     0     0     0     -0.103     -0.037     13.246     13.247      0.000
   297         22  gamma               91   241     0     0     0     0     0     -0.104     -0.124      8.486      8.487      0.000
   298         22  gamma               91   250     0     0     0     0     0      0.029      0.102     -0.060      0.122      0.000
   299         22  gamma               91   250     0     0     0     0     0      0.094      0.022     -0.182      0.206      0.000
   300         22  gamma               91   251     0     0     0     0     0     -0.026     -0.077     -0.628      0.633      0.000
   301         22  gamma               91   251     0     0     0     0     0     -0.120      0.024     -0.705      0.716      0.000
   302         22  gamma               91   265     0     0     0     0     0     -0.011      0.029      0.040      0.050      0.000
   303         22  gamma               91   265     0     0     0     0     0     -0.355      0.046      1.092      1.149      0.000
   304         22  gamma               91   266     0     0     0     0     0      0.038      0.097      0.394      0.407      0.000
   305         22  gamma               91   266     0     0     0     0     0      0.013      0.009      0.764      0.764      0.000
   306         22  gamma               91   282     0     0     0     0     0      0.366     -0.245    -13.638     13.645      0.000
   307         22  gamma               91   282     0     0     0     0     0      0.226     -0.041     -6.316      6.320      0.000
   308       -421  (Dbar0)            -91   285     0   319   320     0     0      9.021    -14.658    -75.529     77.488      1.865
   309         22  gamma               91   285     0     0     0     0     0      0.474     -1.039     -4.828      4.962      0.000
   310         22  gamma               91   286     0     0     0     0     0      0.844     -1.804     -7.786      8.037      0.000
   311         22  gamma               91   286     0     0     0     0     0      0.013     -0.053     -0.308      0.313      0.000
   312        431  (D_s+)             -91   287     0   321   323     0     0    -30.584     30.669     69.926     82.277      1.968
   313         22  gamma               91   287     0     0     0     0     0     -2.273      2.074      4.901      5.787      0.000
   314        321  K+                  91   288     0     0     0     0     0    -11.599     11.558     25.903     30.649      0.494
   315       -211  pi-                 91   288     0     0     0     0     0     -5.255      5.420     12.844     14.899      0.140
   316        111  (pi0)              -91   288     0   324   325     0     0     -5.830      5.505     14.587     16.646      0.135
   317       -321  K-                  91   289     0     0     0     0     0     -8.087      8.758     19.695     23.027      0.494
   318        111  (pi0)              -91   289     0   326   327     0     0    -12.910     13.174     29.775     35.026      0.135
   319        323  (K*+)              -91   308     0   328   329     0     0      4.395     -6.761    -35.560     36.474      0.900
   320       -213  (rho-)             -91   308     0   330   331     0     0      4.626     -7.897    -39.969     41.014      0.918
   321        -11  e+                  91   312     0     0     0     0     0    -19.934     19.186     44.117     52.075      0.001
   322         12  nu_e                91   312     0     0     0     0     0     -5.501      5.710     12.762     15.024      0.000
   323        221  (eta)              -91   312     0   332   334     0     0     -5.149      5.773     13.047     15.177      0.548
   324         22  gamma               91   316     0     0     0     0     0     -1.216      1.148      2.930      3.373      0.000
   325         22  gamma               91   316     0     0     0     0     0     -4.614      4.357     11.657     13.273      0.000
   326         22  gamma               91   318     0     0     0     0     0    -10.930     11.128     25.264     29.691      0.000
   327         22  gamma               91   318     0     0     0     0     0     -1.980      2.047      4.511      5.335      0.000
   328        321  K+                  91   319     0     0     0     0     0      4.133     -6.510    -33.882     34.752      0.494
   329        111  (pi0)              -91   319     0   335   336     0     0      0.261     -0.251     -1.678      1.722      0.135
   330       -211  pi-                 91   320     0     0     0     0     0      1.016     -2.427    -10.698     11.017      0.140
   331        111  (pi0)              -91   320     0   337   338     0     0      3.611     -5.470    -29.272     29.997      0.135
   332        211  pi+                 91   323     0     0     0     0     0     -1.511      1.576      3.518      4.143      0.140
   333       -211  pi-                 91   323     0     0     0     0     0     -2.594      2.870      6.612      7.662      0.140
   334        111  (pi0)              -91   323     0   339   340     0     0     -1.043      1.327      2.916      3.372      0.135
   335         22  gamma               91   329     0     0     0     0     0      0.068     -0.032     -0.168      0.184      0.000
   336         22  gamma               91   329     0     0     0     0     0      0.194     -0.219     -1.510      1.538      0.000
   337         22  gamma               91   331     0     0     0     0     0      0.547     -0.913     -4.833      4.948      0.000
   338         22  gamma               91   331     0     0     0     0     0      3.064     -4.557    -24.439     25.048      0.000
   339         22  gamma               91   334     0     0     0     0     0     -0.191      0.256      0.453      0.555      0.000
   340         22  gamma               91   334     0     0     0     0     0     -0.853      1.070      2.463      2.817      0.000
                                   Charge sum:  2.000           Momentum sum:      0.000      0.000     -0.000  13000.000  13000.000

 --------  End PYTHIA Event Listing  -----------------------------------------------------------------------------------------------
#--------------------------------------------------------------------------
#                     FastJet release 3.4.0 [fjcore]
#                 M. Cacciari, G.P. Salam and G. Soyez                  
#     A software package for jet finding and analysis at colliders      
#                           http://fastjet.fr                           
#	                                                                      
# Please cite EPJC72(2012)1896 [arXiv:1111.6097] if you use this package
# for scientific work and optionally PLB641(2006)57 [hep-ph/0512210].   
#                                                                       
# FastJet is provided without warranty under the GNU GPL v2 or higher.  
# It uses T. Chan's closest pair algorithm, S. Fortune's Voronoi code
# and 3rd party plugin jet algorithms. See COPYING file for details.
#--------------------------------------------------------------------------
 PYTHIA Warning in SimpleSpaceShower::pT2nextQCD: weight above unity  
 PYTHIA Warning in SimpleSpaceShower::pT2nextQCD: small daughter PDF  
 PYTHIA Error in BeamRemnants::setKinematics: kinematics construction failed  
 PYTHIA Warning in SimpleTimeShower::findMEcorr: ME weight above PS one  
 PYTHIA Warning in SimpleTimeShower::pTnext: negative dipole mass.  
 PYTHIA Error in StringFragmentation::fragment: stuck in joining  
 PYTHIA Error in Pythia::next: hadronLevel failed; try again  
 PYTHIA Error in SimpleSpaceShower::pT2nearThreshold: stuck in loop  

 Pythia::next(): 1000 events have been generated 
 PYTHIA Warning in StringFragmentation::fragmentToJunction: bad convergence junction rest frame  
 PYTHIA Warning in Pythia::check: not quite matched particle energy/momentum/mass  
 PYTHIA Warning in Pythia::check: energy-momentum not quite conserved  

 Pythia::next(): 2000 events have been generated 
 PYTHIA Warning in MultipartonInteractions::pTnext: weight above unity  

 Pythia::next(): 3000 events have been generated 

 Pythia::next(): 4000 events have been generated 

 Pythia::next(): 5000 events have been generated 

 Pythia::next(): 6000 events have been generated 

 Pythia::next(): 7000 events have been generated 

 Pythia::next(): 8000 events have been generated 

 Pythia::next(): 9000 events have been generated 

 *-------  PYTHIA Event and Cross Section Statistics  -------------------------------------------------------------*
 |                                                                                                                 |
 | Subprocess                                    Code |            Number of events       |      sigma +- delta    |
 |                                                    |       Tried   Selected   Accepted |     (estimated) (mb)   |
 |                                                    |                                   |                        |
 |-----------------------------------------------------------------------------------------------------------------|
 |                                                    |                                   |                        |
 | Les Houches User Process(es)                  9999 |       10000      10000      10000 |   8.268e-08  0.000e+00 |
 |    ... whereof user classification code     322200 |       10000      10000      10000 |                        | 
 |                                                    |                                   |                        |
 | sum                                                |       10000      10000      10000 |   8.268e-08  0.000e+00 |
 |                                                                                                                 |
 *-------  End PYTHIA Event and Cross Section Statistics ----------------------------------------------------------*

 *-------  PYTHIA Error and Warning Messages Statistics  ----------------------------------------------------------* 
 |                                                                                                                 | 
 |  times   message                                                                                                | 
 |                                                                                                                 | 
 |     14   Error in BeamRemnants::setKinematics: kinematics construction failed                                   | 
 |      6   Error in Pythia::next: hadronLevel failed; try again                                                   | 
 |     11   Error in SimpleSpaceShower::pT2nearThreshold: stuck in loop                                            | 
 |      6   Error in StringFragmentation::fragment: stuck in joining                                               | 
 |      2   Warning in MultipartonInteractions::pTnext: weight above unity                                         | 
 |      3   Warning in Pythia::check: energy-momentum not quite conserved                                          | 
 |      2   Warning in Pythia::check: not quite matched particle energy/momentum/mass                              | 
 |   4464   Warning in SimpleSpaceShower::pT2nextQCD: small daughter PDF                                           | 
 |   3458   Warning in SimpleSpaceShower::pT2nextQCD: weight above unity                                           | 
 |     84   Warning in SimpleTimeShower::findMEcorr: ME weight above PS one                                        | 
 |     26   Warning in SimpleTimeShower::pTnext: negative dipole mass.                                             | 
 |     12   Warning in StringFragmentation::fragmentToJunction: bad convergence junction rest frame                | 
 |      2   Warning in TimeShower::init: pTmin too low                                                             | 
 |                                                                                                                 | 
 *-------  End PYTHIA Error and Warning Messages Statistics  ------------------------------------------------------* 
Using LHE File: /nfs/dust/cms/user/amoroso/powheg/POWHEG-BOX-V2/ttJ_MiNNLOPS_v1.0_beta1/decay-ll/pwgevents-0446.lhe
less then 10000 events in LHE, using all LHE events
np.shape(P0) = (10000, 3, 9)
np.shape(nJets) = (10000, 2)
np.shape(jets_4vectors) = (10000, 20, 6)
