Configured CUDA from: /cvmfs/sft.cern.ch/lcg/releases/cuda/12.4-4899e/x86_64-el9-gcc11-opt

 *------------------------------------------------------------------------------------* 
 |                                                                                    | 
 |  *------------------------------------------------------------------------------*  | 
 |  |                                                                              |  | 
 |  |                                                                              |  | 
 |  |   PPP   Y   Y  TTTTT  H   H  III    A      Welcome to the Lund Monte Carlo!  |  | 
 |  |   P  P   Y Y     T    H   H   I    A A     This is PYTHIA version 8.309      |  | 
 |  |   PPP     Y      T    HHHHH   I   AAAAA    Last date of change: 16 Feb 2023  |  | 
 |  |   P       Y      T    H   H   I   A   A                                      |  | 
 |  |   P       Y      T    H   H  III  A   A    Now is 03 Sep 2024 at 19:05:25    |  | 
 |  |                                                                              |  | 
 |  |   Program documentation and an archive of historic versions is found on:     |  | 
 |  |                                                                              |  | 
 |  |                               https://pythia.org/                            |  | 
 |  |                                                                              |  | 
 |  |   PYTHIA is authored by a collaboration consisting of:                       |  | 
 |  |                                                                              |  | 
 |  |   Christian Bierlich, Nishita Desai, Leif Gellersen, Ilkka Helenius, Philip  |  | 
 |  |   Ilten, Leif Lonnblad, Stephen Mrenna, Stefan Prestel, Christian Preuss,    |  | 
 |  |   Torbjorn Sjostrand, Peter Skands, Marius Utheim and Rob Verheyen.          |  | 
 |  |                                                                              |  | 
 |  |   The complete list of authors, including contact information and            |  | 
 |  |   affiliations, can be found on https://pythia.org/.                         |  | 
 |  |   Problems or bugs should be reported on email at authors@pythia.org.        |  | 
 |  |                                                                              |  | 
 |  |   The main program reference is C. Bierlich et al,                           |  | 
 |  |   'A comprehensive guide to the physics and usage of Pythia 8.3',            |  | 
 |  |   SciPost Phys. Codebases 8-r8.3 (2022) [arXiv:2203.11601 [hep-ph]]          |  | 
 |  |                                                                              |  | 
 |  |   PYTHIA is released under the GNU General Public Licence version 2 or later.|  | 
 |  |   Please respect the MCnet Guidelines for Event Generator Authors and Users. |  | 
 |  |                                                                              |  | 
 |  |   Disclaimer: this program comes without any guarantees.                     |  | 
 |  |   Beware of errors and use common sense when interpreting results.           |  | 
 |  |                                                                              |  | 
 |  |   Copyright (C) 2023 Torbjorn Sjostrand                                      |  | 
 |  |                                                                              |  | 
 |  |                                                                              |  | 
 |  *------------------------------------------------------------------------------*  | 
 |                                                                                    | 
 *------------------------------------------------------------------------------------* 


 *-------  PYTHIA Process Initialization  --------------------------*
 |                                                                  |
 | We collide p+ with p+ at a CM energy of 1.300e+04 GeV            |
 |                                                                  |
 |------------------------------------------------------------------|
 |                                                    |             |
 | Subprocess                                    Code |   Estimated |
 |                                                    |    max (mb) |
 |                                                    |             |
 |------------------------------------------------------------------|
 |                                                    |             |
 | Les Houches User Process(es)                  9999 |   1.000e-09 |
 |                                                                  |
 *-------  End PYTHIA Process Initialization -----------------------*
 PYTHIA Warning in TimeShower::init: pTmin too low , raised to 0.611

 *-------  PYTHIA Multiparton Interactions Initialization  ---------* 
 |                                                                  | 
 |                   sigmaNonDiffractive =    55.51 mb              | 
 |                                                                  | 
 |    pT0 =  1.44 gives sigmaInteraction =   400.05 mb: accepted    | 
 |                                                                  | 
 *-------  End PYTHIA Multiparton Interactions Initialization  -----* 

 *-------  PYTHIA Flag + Mode + Parm + Word + FVec + MVec + PVec + WVec Settings (changes only)  ------------------* 
 |                                                                                                                 | 
 | Name                                          |                      Now |      Default         Min         Max | 
 |                                               |                          |                                      | 
 | Beams:frameType                               |                        4 |            1           1           5 | 
 | Beams:LHEF                                    | /nfs/dust/cms/user/amoroso/powheg/POWHEG-BOX-V2/ttJ_MiNNLOPS_v1.0_beta1/decay-ll/pwgevents-0627.lhe |         void | 
 | ColourReconnection:range                      |                  5.17600 |      1.80000         0.0    10.00000 | 
 | Main:timesAllowErrors                         |                      500 |           10           0             | 
 | MultipartonInteractions:alphaSorder           |                        2 |            1           0           3 | 
 | MultipartonInteractions:alphaSvalue           |                  0.11800 |      0.13000   0.0600000     0.25000 | 
 | MultipartonInteractions:bProfile              |                        2 |            3           0           4 | 
 | MultipartonInteractions:coreFraction          |                  0.63000 |      0.50000         0.0     1.00000 | 
 | MultipartonInteractions:coreRadius            |                  0.76340 |      0.40000     0.10000     1.00000 | 
 | MultipartonInteractions:ecmPow                |                0.0334400 |      0.21500         0.0     0.50000 | 
 | MultipartonInteractions:pT0Ref                |                  1.41000 |      2.28000     0.50000    10.00000 | 
 | ParticleDecays:limitTau                       |                       on |          off                         | 
 | PartonLevel:FSR                               |                      off |           on                         | 
 | PDF:pSet                                      |                       20 |           13                         | 
 | Random:seed                                   |                      627 |           -1               900000000 | 
 | Random:setSeed                                |                       on |          off                         | 
 | SigmaProcess:alphaSorder                      |                        2 |            1           0           3 | 
 | SigmaProcess:alphaSvalue                      |                  0.11800 |      0.13000   0.0600000     0.25000 | 
 | SigmaTotal:mode                               |                        0 |            1           0           4 | 
 | SigmaTotal:sigmaEl                            |                 21.89000 |     25.00000         0.0             | 
 | SigmaTotal:sigmaTot                           |                100.30900 |    100.00000         0.0             | 
 | SigmaTotal:zeroAXB                            |                      off |           on                         | 
 | SpaceShower:alphaSorder                       |                        2 |            1           0           3 | 
 | SpaceShower:alphaSvalue                       |                  0.11800 |      0.13650   0.0600000     0.25000 | 
 | SpaceShower:dipoleRecoil                      |                       on |          off                         | 
 | SpaceShower:pTmaxMatch                        |                        1 |            0           0           2 | 
 | TimeShower:alphaSorder                        |                        2 |            1           0           3 | 
 | TimeShower:alphaSvalue                        |                  0.11800 |      0.13650   0.0600000     0.25000 | 
 |                                                                                                                 | 
 *-------  End PYTHIA Flag + Mode + Parm + Word + FVec + MVec + PVec + WVec Settings  -----------------------------* 

 --------  PYTHIA Particle Data Table (changed only)  ------------------------------------------------------------------------------
 
      id   name            antiName         spn chg col      m0        mWidth      mMin       mMax       tau0    res dec ext vis wid
             no onMode   bRatio   meMode     products 

       6  t                tbar               2   2   1  173.00000    1.36916   86.00000    0.00000  1.44122e-13   1   1   0   1   0
              0     1   0.0000664    0       24        1 
              1     1   0.0017361    0       24        3 
              2     1   0.9981975    0       24        5 
              3     1   0.0000000    0       37        5 

 --------  End PYTHIA Particle Data Table  -----------------------------------------------------------------------------------------


 --------  LHA event information and listing  ---------------------------------------------------------------------- 

    process =   322200    weight =   1.0325e+02     scale =   2.3615e+01 (GeV) 
                        alpha_em =  -1.0000e+00    alpha_strong =   1.6062e-01

    Participating Particles 
    no        id stat     mothers     colours      p_x        p_y        p_z         e          m        tau    spin 
     1        21   -1     0     0   512   514      0.000      0.000     94.295     94.295      0.000   0.000   9.000
     2        -1   -1     0     0     0   512      0.000      0.000   -625.096    625.096      0.000   0.000   9.000
     3         6    2     1     2   511     0    -57.624    -25.694   -116.286    217.074    172.099   0.000   9.000
     4        -6    2     1     2     0   513     40.330    -14.554   -315.944    362.510    172.495   0.000   9.000
     5        -1    1     1     2     0   511      5.739     19.653   -111.171    113.041      0.000   0.000   9.000
     6        21    1     1     2   513   514     11.555     20.595     12.600     26.766      0.000   0.000   9.000
     7         5    1     3     3   511     0      2.245     54.857    -41.998     69.299      4.920   0.000  -1.000
     8        24    2     3     3     0     0    -59.869    -80.551    -74.289    147.775     79.031   0.000   9.000
     9        -5    1     4     4     0   513    -41.989    -42.856    -88.667    107.171      4.920   0.000   1.000
    10       -24    2     4     4     0     0     82.319     28.302   -227.277    255.339     77.237   0.000   9.000
    11       -15    1     8     8     0     0     17.709    -16.070     -2.814     24.144      1.777   0.000   1.000
    12        16    1     8     8     0     0    -77.578    -64.481    -71.474    123.631      0.000   0.000  -1.000
    13        11    1    10    10     0     0     83.156     -0.880   -193.986    211.060      0.001   0.000  -1.000
    14       -12    1    10    10     0     0     -0.838     29.182    -33.292     44.279      0.000   0.000   1.000

 --------  End LHA event information and listing  ------------------------------------------------------------------ 

 --------  PYTHIA Info Listing  ---------------------------------------- 
 
 Beam A: id =   2212, pz =  6.500e+03, e =  6.500e+03, m =  9.383e-01.
 Beam B: id =   2212, pz = -6.500e+03, e =  6.500e+03, m =  9.383e-01.

 In 1: id =   21, x =  1.451e-02, pdf =  0.000e+00 at Q2 =  5.577e+02.
 In 2: id =   -1, x =  9.617e-02, pdf =  0.000e+00 at same Q2.

 Process Les Houches User Process(es) with code 9999 is 2 -> 4.
 Subprocess user process 322200 with code 322200 is 2 -> 4.
     alphaEM =  7.700e-03,  alphaS =  1.606e-01    at Q2 =  5.577e+02.

 Impact parameter b =  1.185e+00 gives enhancement factor =  2.666e-01.
 Max pT scale for MPI =  1.300e+04, ISR =  2.361e+01, FSR =  2.361e+01.
 Number of MPI =     3, ISR =     3, FSRproc =     0, FSRreson =     0.

 --------  End PYTHIA Info Listing  ------------------------------------

 --------  PYTHIA Event Listing  (hard process)  -----------------------------------------------------------------------------------
 
    no         id  name            status     mothers   daughters     colours      p_x        p_y        p_z         e          m 
     0         90  (system)           -11     0     0     0     0     0     0      0.000      0.000      0.000  13000.000  13000.000
     1       2212  (p+)               -12     0     0     3     0     0     0      0.000      0.000   6500.000   6500.000      0.938
     2       2212  (p+)               -12     0     0     4     0     0     0      0.000      0.000  -6500.000   6500.000      0.938
     3         21  (g)                -21     1     0     5     8   512   514      0.000      0.000     94.295     94.295      0.000
     4         -1  (dbar)             -21     2     0     5     8     0   512      0.000      0.000   -625.096    625.096      0.000
     5          6  (t)                -22     3     4     9    10   511     0    -57.624    -25.694   -116.286    217.074    172.099
     6         -6  (tbar)             -22     3     4    11    12     0   513     40.330    -14.554   -315.944    362.510    172.495
     7         -1  dbar                23     3     4     0     0     0   511      5.739     19.653   -111.171    113.041      0.000
     8         21  g                   23     3     4     0     0   513   514     11.555     20.595     12.600     26.766      0.000
     9          5  b                   23     5     0     0     0   511     0      2.245     54.857    -41.998     69.299      4.920
    10         24  (W+)               -22     5     0    13    14     0     0    -59.869    -80.551    -74.289    147.775     79.031
    11         -5  bbar                23     6     0     0     0     0   513    -41.989    -42.856    -88.667    107.171      4.920
    12        -24  (W-)               -22     6     0    15    16     0     0     82.319     28.302   -227.277    255.339     77.237
    13        -15  tau+                23    10     0     0     0     0     0     17.709    -16.070     -2.814     24.144      1.777
    14         16  nu_tau              23    10     0     0     0     0     0    -77.578    -64.481    -71.474    123.631      0.000
    15         11  e-                  23    12     0     0     0     0     0     83.156     -0.880   -193.986    211.060      0.001
    16        -12  nu_ebar             23    12     0     0     0     0     0     -0.838     29.182    -33.292     44.279      0.000
                                   Charge sum:  0.333           Momentum sum:      0.000      0.000   -530.802    719.391    485.565

 --------  End PYTHIA Event Listing  -----------------------------------------------------------------------------------------------

 --------  PYTHIA Event Listing  (complete event)  ---------------------------------------------------------------------------------
 
    no         id  name            status     mothers   daughters     colours      p_x        p_y        p_z         e          m 
     0         90  (system)           -11     0     0     0     0     0     0      0.000      0.000      0.000  13000.000  13000.000
     1       2212  (p+)               -12     0     0    41     0     0     0      0.000      0.000   6500.000   6500.000      0.938
     2       2212  (p+)               -12     0     0    42     0     0     0      0.000      0.000  -6500.000   6500.000      0.938
     3         21  (g)                -21     9     0     5     8   512   514      0.000      0.000     94.295     94.295      0.000
     4         -1  (dbar)             -21    10    10     5     8     0   512      0.000      0.000   -625.096    625.096      0.000
     5          6  (t)                -22     3     4    11    11   511     0    -57.624    -25.694   -116.286    217.074    172.099
     6         -6  (tbar)             -22     3     4    12    12     0   513     40.330    -14.554   -315.944    362.510    172.495
     7         -1  (dbar)             -23     3     4    13    13     0   511      5.739     19.653   -111.171    113.041      0.000
     8         21  (g)                -23     3     4    14    14   513   514     11.555     20.595     12.600     26.766      0.000
     9         21  (g)                -41    16     0    15     3   512   515     -0.000     -0.000     95.150     95.150      0.000
    10         -1  (dbar)             -42    17    17     4     4     0   512      0.000      0.000   -625.096    625.096      0.000
    11          6  (t)                -44     5     5    18    18   511     0    -57.624    -25.694   -116.286    217.074    172.099
    12         -6  (tbar)             -44     6     6    19    19     0   513     40.330    -14.554   -315.944    362.510    172.495
    13         -1  (dbar)             -44     7     7    20    20     0   511      5.739     19.653   -111.171    113.041      0.000
    14         21  (g)                -44     8     8    21    21   513   514      1.732      0.960      2.163      2.933      0.000
    15         21  (g)                -43     9     0    22    22   514   515      9.823     19.635     11.292     24.689      0.000
    16         21  (g)                -41    24     0    23     9   512   516     -0.000      0.000    163.336    163.336      0.000
    17         -1  (dbar)             -42    25    25    10    10     0   512     -0.000     -0.000   -625.096    625.096      0.000
    18          6  (t)                -44    11    11    26    26   511     0    -58.596    -27.446   -117.277    218.080    172.099
    19         -6  (tbar)             -44    12    12    27    27     0   513     39.881    -15.364   -315.765    362.338    172.495
    20         -1  (dbar)             -44    13    13    28    28     0   511      5.721     19.620   -110.758    112.628      0.000
    21         21  (g)                -44    14    14    29    29   513   514      1.682      0.871      2.196      2.901      0.000
    22         21  (g)                -44    15    15    30    30   514   515      9.476     19.009     11.724     24.261      0.000
    23         21  (g)                -43    16     0    31    31   515   516      1.836      3.309     68.120     68.225      0.000
    24         21  (g)                -41    41    41    32    16   512   517      0.000      0.000    226.400    226.400      0.000
    25         -1  (dbar)             -42    42    42    17    17     0   512      0.000      0.000   -625.096    625.096      0.000
    26          6  (t)                -44    18    18    43    43   511     0    -58.945    -27.690   -117.544    218.348    172.099
    27         -6  (tbar)             -44    19    19    44    44     0   513     39.719    -15.476   -315.658    362.232    172.495
    28         -1  (dbar)             -44    20    20    45    45     0   511      5.715     19.616   -110.689    112.559      0.000
    29         21  (g)                -44    21    21    46    46   513   514      1.665      0.859      2.204      2.893      0.000
    30         21  (g)                -44    22    22    47    47   514   515      9.352     18.922     11.803     24.183      0.000
    31         21  (g)                -44    23    23    48    48   515   516      1.365      2.979     68.134     68.213      0.000
    32         21  (g)                -43    24     0    49    49   516   517      1.130      0.789     63.053     63.069      0.000
    33          2  (u)                -31    50    50    35    36   518     0      0.000      0.000     31.459     31.459      0.000
    34          1  (d)                -31    51    51    35    36   519     0      0.000      0.000     -0.335      0.335      0.000
    35          2  (u)                -33    33    34    52    52   519     0      0.290      0.805     30.811     30.825      0.330
    36          1  (d)                -33    33    34    53    53   518     0     -0.290     -0.805      0.313      0.969      0.330
    37          2  (u)                -31    54    54    39    40   520     0      0.000      0.000     36.373     36.373      0.000
    38         -2  (ubar)             -31    55    55    39    40     0   520      0.000      0.000    -64.095     64.095      0.000
    39          2  (u)                -33    37    38    56    56   521     0      0.381      0.484     36.368     36.374      0.330
    40         -2  (ubar)             -33    37    38    57    57     0   521     -0.381     -0.484    -64.089     64.093      0.330
    41         21  (g)                -61     1     0    24    24   512   517     -0.401     -1.926    226.394    226.403      0.000
    42         -1  (dbar)             -61     2     0    25    25     0   512      0.754      1.298   -625.092    625.093      0.000
    43          6  (t)                -62    26    26    67    68   511     0    -58.832    -27.769   -117.778    218.454    172.099
    44         -6  (tbar)             -62    27    27    69    70     0   513     40.087    -14.970   -315.679    362.269    172.495
    45         -1  (dbar)             -62    28    28   103   103     0   511      5.847     19.839   -110.576    112.494      0.000
    46         21  (g)                -62    29    29   127   127   513   514      1.661      0.838      2.211      2.890      0.000
    47         21  (g)                -62    30    30   126   126   514   515      9.327     18.782     11.917     24.120      0.000
    48         21  (g)                -62    31    31   125   125   515   516      1.244      2.399     68.150     68.204      0.000
    49         21  (g)                -62    32    32   124   124   516   517      1.018      0.253     63.058     63.067      0.000
    50          2  (u)                -61     1     0    33    33   517     0      1.484      2.586     33.900     34.031      0.000
    51          1  (d)                -61     2     0    34    34   512     0     -0.611      0.087      0.018      0.617      0.000
    52          2  (u)                -62    35    35    88    88   512     0      1.716      3.326     32.969     33.182      0.330
    53          1  (d)                -62    36    36   123   123   517     0     -0.843     -0.654      0.950      1.466      0.330
    54          2  (u)                -61     1     0    37    37   520     0     -0.431     -1.956     36.355     36.411      0.000
    55         -2  (ubar)             -61     2     0    38    38     0   520     -0.512     -0.251    -64.086     64.088      0.000
    56          2  (u)                -62    39    39   114   122   521     0     -0.049     -1.472     36.363     36.394      0.330
    57         -2  (ubar)             -62    40    40   114   122     0   521     -0.893     -0.736    -64.093     64.104      0.330
    58       2203  (uu_1)             -63     1     0    89    89     0   512     -0.415     -0.412   5725.864   5725.864      0.771
    59          1  (d)                -63     1     0    83    83   523     0      0.181      0.752    248.025    248.027      0.330
    60         -2  (ubar)             -63     1     0   157   157     0   520      0.616      0.322    174.990    174.992      0.330
    61         -2  (ubar)             -63     1     0    84    84     0   523     -1.034      0.634     54.026     54.040      0.330
    62          2  (u)                -63     2     0   156   156   520     0     -0.367      0.070   -114.363    114.364      0.330
    63       2101  (ud_0)             -63     2     0    80    80     0   527      0.183      0.000  -5325.310   5325.310      0.579
    64          1  (d)                -63     2     0    79    79   527     0     -0.264     -0.240   -341.353    341.353      0.330
    65         -1  (dbar)             -63     2     0    76    76     0   529      0.305     -0.564    -10.971     10.995      0.330
    66          2  (u)                -63     2     0    75    75   529     0      0.511     -0.400    -18.398     18.412      0.330
    67          5  (b)                -23    43     0   102   102   511     0      1.861     54.198    -42.472     69.057      4.920
    68         24  (W+)               -22    43     0    71    72     0     0    -60.693    -81.967    -75.306    149.396     79.031
    69         -5  (bbar)             -23    44     0   128   128     0   513    -42.061    -42.979    -88.588    107.184      4.920
    70        -24  (W-)               -22    44     0    73    74     0     0     82.148     28.009   -227.091    255.085     77.237
    71        -15  (tau+)             -23    68     0   224   226     0     0     17.575    -16.300     -2.980     24.220      1.777
    72         16  nu_tau              23    68     0     0     0     0     0    -78.268    -65.667    -72.326    125.176      0.000
    73         11  e-                  23    70     0     0     0     0     0     83.015     -1.122   -193.832    210.863      0.001
    74        -12  nu_ebar             23    70     0     0     0     0     0     -0.867     29.131    -33.259     44.222      0.000
    75          2  (u)                -71    66    66    77    78   529     0      0.511     -0.400    -18.398     18.412      0.330
    76         -1  (dbar)             -71    65    65    77    78     0   529      0.305     -0.564    -10.971     10.995      0.330
    77        111  (pi0)              -82    75    76   227   228     0     0      0.771     -0.798    -27.807     27.830      0.135
    78        211  pi+                 82    75    76     0     0     0     0      0.045     -0.166     -1.562      1.577      0.140
    79          1  (d)                -71    64    64    81    82   527     0     -0.264     -0.240   -341.353    341.353      0.330
    80       2101  (ud_0)             -71    63    63    81    82     0   527      0.183      0.000  -5325.310   5325.310      0.579
    81       -213  (rho-)             -83    79    80   169   170     0     0     -0.047      0.366  -1664.908   1664.908      0.782
    82       2212  p+                  84    79    80     0     0     0     0     -0.033     -0.605  -4001.756   4001.756      0.938
    83          1  (d)                -71    59    59    85    87   523     0      0.181      0.752    248.025    248.027      0.330
    84         -2  (ubar)             -71    61    61    85    87     0   523     -1.034      0.634     54.026     54.040      0.330
    85        113  (rho0)             -83    83    84   171   172     0     0     -0.820      0.548    167.765    167.770      0.774
    86       -211  pi-                 83    83    84     0     0     0     0      0.468      0.177     98.969     98.970      0.140
    87        111  (pi0)              -84    83    84   229   230     0     0     -0.502      0.661     35.317     35.327      0.135
    88          2  (u)                -71    52    52    90   101   512     0      1.716      3.326     32.969     33.182      0.330
    89       2203  (uu_1)             -71    58    58    90   101     0   512     -0.415     -0.412   5725.864   5725.864      0.771
    90        111  (pi0)              -83    88    89   231   232     0     0      0.633      0.648      8.617      8.665      0.135
    91        111  (pi0)              -83    88    89   233   234     0     0      0.473      0.778      6.193      6.261      0.135
    92        111  (pi0)              -83    88    89   235   236     0     0      0.280      1.464     29.705     29.742      0.135
    93        321  K+                  83    88    89     0     0     0     0      0.358     -0.283      8.818      8.844      0.494
    94       -311  (Kbar0)            -83    88    89   173   173     0     0     -0.021      0.123     28.870     28.875      0.498
    95        311  (K0)               -83    88    89   174   174     0     0      0.004      0.426      8.928      8.952      0.498
    96       -321  K-                  84    88    89     0     0     0     0     -0.044      0.252    127.905    127.906      0.494
    97        323  (K*+)              -84    88    89   175   176     0     0     -0.103     -0.019    282.709    282.711      0.904
    98       -321  K-                  84    88    89     0     0     0     0      0.112     -0.333    134.250    134.252      0.494
    99        111  (pi0)              -84    88    89   237   238     0     0     -0.031      0.068     24.473     24.474      0.135
   100       2214  (Delta+)           -84    88    89   177   178     0     0     -0.135     -0.100   3851.888   3851.889      1.735
   101        213  (rho+)             -84    88    89   179   180     0     0     -0.224     -0.110   1246.475   1246.475      0.788
   102          5  (b)                -71    67    67   104   113   511     0      1.861     54.198    -42.472     69.057      4.920
   103         -1  (dbar)             -71    45    45   104   113     0   511      5.847     19.839   -110.576    112.494      0.000
   104       -523  (B*-)              -83   102   103   239   240     0     0      1.712     50.246    -39.561     64.195      5.325
   105        211  pi+                 83   102   103     0     0     0     0     -0.024      0.884     -0.417      0.988      0.140
   106        221  (eta)              -83   102   103   241   242     0     0      0.716      2.536     -2.928      3.977      0.548
   107       -213  (rho-)             -83   102   103   181   182     0     0     -0.352      1.784     -7.395      7.654      0.778
   108        113  (rho0)             -83   102   103   183   184     0     0      0.563      0.479     -3.936      4.079      0.775
   109        221  (eta)              -83   102   103   243   245     0     0      0.122      2.513    -12.397     12.662      0.548
   110        111  (pi0)              -84   102   103   246   247     0     0      3.168      9.652    -54.012     54.959      0.135
   111        221  (eta)              -84   102   103   248   250     0     0      0.957      2.910    -16.218     16.514      0.548
   112        111  (pi0)              -84   102   103   251   252     0     0     -0.054      1.576     -6.723      6.906      0.135
   113        211  pi+                 84   102   103     0     0     0     0      0.901      1.458     -9.462      9.617      0.140
   114        211  pi+                 83    56    57     0     0     0     0     -0.461     -1.831     32.106     32.162      0.140
   115        111  (pi0)              -83    56    57   253   254     0     0      0.358      0.554      3.143      3.215      0.135
   116       -211  pi-                 83    56    57     0     0     0     0     -0.021     -0.011      0.522      0.540      0.140
   117        211  pi+                 83    56    57     0     0     0     0     -0.135     -0.182     -0.707      0.756      0.140
   118       -211  pi-                 83    56    57     0     0     0     0      0.414     -0.281      0.254      0.578      0.140
   119        223  (omega)            -83    56    57   255   257     0     0     -0.188      0.744     -3.963      4.111      0.778
   120        211  pi+                 84    56    57     0     0     0     0     -0.221     -0.374    -12.600     12.608      0.140
   121        113  (rho0)             -84    56    57   185   186     0     0     -0.605     -0.841    -26.338     26.366      0.661
   122       -213  (rho-)             -84    56    57   187   188     0     0     -0.083      0.014    -20.148     20.163      0.768
   123          1  (d)                -71    53    53   129   155   517     0     -0.843     -0.654      0.950      1.466      0.330
   124         21  (g)                -71    49    49   129   155   516   517      1.018      0.253     63.058     63.067      0.000
   125         21  (g)                -71    48    48   129   155   515   516      1.244      2.399     68.150     68.204      0.000
   126         21  (g)                -71    47    47   129   155   514   515      9.327     18.782     11.917     24.120      0.000
   127         21  (g)                -71    46    46   129   155   513   514      1.661      0.838      2.211      2.890      0.000
   128         -5  (bbar)             -71    69    69   129   155     0   513    -42.061    -42.979    -88.588    107.184      4.920
   129        111  (pi0)              -83   123   128   258   259     0     0     -0.670     -0.292      1.766      1.916      0.135
   130        111  (pi0)              -83   123   128   260   261     0     0     -0.030      0.262      0.645      0.710      0.135
   131       -213  (rho-)             -83   123   128   189   190     0     0      0.117     -0.518      1.862      2.083      0.768
   132        211  pi+                 83   123   128     0     0     0     0      0.035      0.335     11.310     11.316      0.140
   133       -213  (rho-)             -83   123   128   191   192     0     0     -0.017     -0.278      5.266      5.313      0.654
   134        211  pi+                 83   123   128     0     0     0     0      0.325     -0.512     10.561     10.579      0.140
   135        113  (rho0)             -83   123   128   193   194     0     0      1.256      1.948     57.002     57.055      0.806
   136       -211  pi-                 83   123   128     0     0     0     0      0.144     -0.172     12.496     12.499      0.140
   137        221  (eta)              -83   123   128   262   264     0     0      0.034      0.414      9.091      9.117      0.548
   138        321  K+                  83   123   128     0     0     0     0     -0.080      0.309      7.746      7.768      0.494
   139       -321  K-                  83   123   128     0     0     0     0      0.290      0.233      2.161      2.247      0.494
   140        211  pi+                 83   123   128     0     0     0     0      0.565      0.758     10.117     10.162      0.140
   141       -213  (rho-)             -83   123   128   195   196     0     0     -0.546      0.172      1.112      1.488      0.805
   142       2212  p+                  83   123   128     0     0     0     0      1.154      1.076      1.485      2.361      0.938
   143      -2212  pbar-               83   123   128     0     0     0     0      1.708      3.477      3.232      5.132      0.938
   144        111  (pi0)              -84   123   128   265   266     0     0      3.083      6.554      3.780      8.172      0.135
   145        213  (rho+)             -84   123   128   197   198     0     0      0.786      1.102      1.040      1.809      0.600
   146       -213  (rho-)             -84   123   128   199   200     0     0      2.189      3.819      2.658      5.203      0.792
   147        113  (rho0)             -84   123   128   201   202     0     0      0.901      1.437      1.122      2.173      0.767
   148        321  K+                  84   123   128     0     0     0     0      0.645      1.242      0.825      1.698      0.494
   149       -321  K-                  84   123   128     0     0     0     0     -0.327     -0.091      0.179      0.625      0.494
   150        213  (rho+)             -84   123   128   203   204     0     0      0.349     -0.765     -0.489      1.201      0.703
   151        111  (pi0)              -84   123   128   267   268     0     0     -0.685      0.043     -1.059      1.269      0.135
   152       -213  (rho-)             -84   123   128   205   206     0     0     -0.053     -0.580     -0.243      1.015      0.795
   153        323  (K*+)              -84   123   128   207   208     0     0     -4.021     -3.827     -8.932     10.557      0.924
   154       -323  (K*-)              -84   123   128   209   210     0     0     -5.118     -5.345    -10.159     12.595      0.808
   155        523  (B*+)              -84   123   128   269   270     0     0    -31.686    -32.162    -66.877     80.866      5.325
   156          2  (u)                -71    62    62   158   168   520     0     -0.367      0.070   -114.363    114.364      0.330
   157         -2  (ubar)             -71    60    60   158   168     0   520      0.616      0.322    174.990    174.992      0.330
   158        321  K+                  83   156   157     0     0     0     0     -0.482      0.405    -53.261     53.267      0.494
   159       -321  K-                  83   156   157     0     0     0     0      0.338     -0.292    -55.992     55.996      0.494
   160        211  pi+                 84   156   157     0     0     0     0     -0.315      0.134     -1.470      1.516      0.140
   161        113  (rho0)             -84   156   157   211   212     0     0      0.258     -0.169     -2.790      2.921      0.806
   162        223  (omega)            -84   156   157   271   273     0     0     -0.035      0.373      0.139      0.882      0.787
   163       -211  pi-                 84   156   157     0     0     0     0     -0.047     -0.591      0.238      0.654      0.140
   164        113  (rho0)             -84   156   157   213   214     0     0     -0.361      0.402      3.165      3.307      0.790
   165       2212  p+                  84   156   157     0     0     0     0      0.034     -0.070      3.581      3.703      0.938
   166      -2212  pbar-               84   156   157     0     0     0     0      0.793      0.458     16.850     16.901      0.938
   167        323  (K*+)              -84   156   157   215   216     0     0     -0.502     -0.151     21.335     21.374      1.179
   168       -323  (K*-)              -84   156   157   217   218     0     0      0.569     -0.107    128.831    128.835      0.911
   169       -211  pi-                 91    81     0     0     0     0     0     -0.351      0.359  -1140.504   1140.504      0.140
   170        111  (pi0)              -91    81     0   274   275     0     0      0.304      0.006   -524.404    524.404      0.135
   171        211  pi+                 91    85     0     0     0     0     0     -0.011      0.073     67.865     67.865      0.140
   172       -211  pi-                 91    85     0     0     0     0     0     -0.809      0.475     99.900     99.905      0.140
   173        310  K_S0                91    94    94     0     0     0     0     -0.021      0.123     28.870     28.875      0.498
   174        310  K_S0                91    95    95     0     0     0     0      0.004      0.426      8.928      8.952      0.498
   175        311  (K0)               -91    97     0   219   219     0     0     -0.194     -0.276    196.642    196.643      0.498
   176        211  pi+                 91    97     0     0     0     0     0      0.091      0.257     86.067     86.068      0.140
   177       2112  n0                  91   100     0     0     0     0     0      0.283      0.162   3316.159   3316.160      0.940
   178        211  pi+                 91   100     0     0     0     0     0     -0.418     -0.262    535.729    535.729      0.140
   179        211  pi+                 91   101     0     0     0     0     0     -0.433     -0.202   1017.060   1017.060      0.140
   180        111  (pi0)              -91   101     0   276   277     0     0      0.208      0.092    229.414    229.415      0.135
   181       -211  pi-                 91   107     0     0     0     0     0     -0.269      0.241     -0.950      1.026      0.140
   182        111  (pi0)              -91   107     0   278   279     0     0     -0.083      1.543     -6.444      6.628      0.135
   183        211  pi+                 91   108     0     0     0     0     0     -0.066      0.346     -0.976      1.046      0.140
   184       -211  pi-                 91   108     0     0     0     0     0      0.629      0.133     -2.960      3.033      0.140
   185        211  pi+                 91   121     0     0     0     0     0     -0.556     -0.887    -21.175     21.202      0.140
   186       -211  pi-                 91   121     0     0     0     0     0     -0.048      0.046     -5.162      5.164      0.140
   187       -211  pi-                 91   122     0     0     0     0     0     -0.095     -0.347     -9.687      9.695      0.140
   188        111  (pi0)              -91   122     0   280   281     0     0      0.012      0.361    -10.461     10.468      0.135
   189       -211  pi-                 91   131     0     0     0     0     0      0.030      0.173      0.462      0.513      0.140
   190        111  (pi0)              -91   131     0   282   283     0     0      0.087     -0.691      1.401      1.570      0.135
   191       -211  pi-                 91   133     0     0     0     0     0      0.082     -0.157      4.781      4.787      0.140
   192        111  (pi0)              -91   133     0   284   285     0     0     -0.099     -0.122      0.484      0.526      0.135
   193        211  pi+                 91   135     0     0     0     0     0     -0.059      0.323      7.511      7.520      0.140
   194       -211  pi-                 91   135     0     0     0     0     0      1.315      1.625     49.491     49.536      0.140
   195       -211  pi-                 91   141     0     0     0     0     0      0.149      0.151      0.158      0.299      0.140
   196        111  (pi0)              -91   141     0   286   287     0     0     -0.695      0.021      0.955      1.189      0.135
   197        211  pi+                 91   145     0     0     0     0     0      0.064      0.087     -0.007      0.177      0.140
   198        111  (pi0)              -91   145     0   288   289     0     0      0.722      1.015      1.047      1.633      0.135
   199       -211  pi-                 91   146     0     0     0     0     0      1.962      3.572      2.249      4.657      0.140
   200        111  (pi0)              -91   146     0   290   291     0     0      0.227      0.248      0.410      0.547      0.135
   201        211  pi+                 91   147     0     0     0     0     0      0.038     -0.029      0.143      0.205      0.140
   202       -211  pi-                 91   147     0     0     0     0     0      0.863      1.466      0.979      1.968      0.140
   203        211  pi+                 91   150     0     0     0     0     0     -0.010      0.081     -0.031      0.165      0.140
   204        111  (pi0)              -91   150     0   292   293     0     0      0.360     -0.846     -0.458      1.036      0.135
   205       -211  pi-                 91   152     0     0     0     0     0     -0.188     -0.688     -0.060      0.729      0.140
   206        111  (pi0)              -91   152     0   294   295     0     0      0.134      0.108     -0.184      0.286      0.135
   207        311  (K0)               -91   153     0   220   220     0     0     -3.105     -3.312     -7.296      8.607      0.498
   208        211  pi+                 91   153     0     0     0     0     0     -0.916     -0.515     -1.636      1.950      0.140
   209       -311  (Kbar0)            -91   154     0   221   221     0     0     -3.454     -3.893     -6.966      8.710      0.498
   210       -211  pi-                 91   154     0     0     0     0     0     -1.663     -1.452     -3.194      3.885      0.140
   211        211  pi+                 91   161     0     0     0     0     0      0.216     -0.281     -2.678      2.705      0.140
   212       -211  pi-                 91   161     0     0     0     0     0      0.042      0.112     -0.112      0.215      0.140
   213        211  pi+                 91   164     0     0     0     0     0      0.196     -0.010      0.615      0.660      0.140
   214       -211  pi-                 91   164     0     0     0     0     0     -0.557      0.412      2.550      2.647      0.140
   215        311  (K0)               -91   167     0   222   222     0     0     -0.659     -0.376     18.514     18.536      0.498
   216        211  pi+                 91   167     0     0     0     0     0      0.157      0.225      2.821      2.838      0.140
   217       -311  (Kbar0)            -91   168     0   223   223     0     0      0.188      0.148     49.539     49.542      0.498
   218       -211  pi-                 91   168     0     0     0     0     0      0.380     -0.255     79.291     79.293      0.140
   219        130  K_L0                91   175   175     0     0     0     0     -0.194     -0.276    196.642    196.643      0.498
   220        310  K_S0                91   207   207     0     0     0     0     -3.105     -3.312     -7.296      8.607      0.498
   221        310  (K_S0)             -91   209   209   296   297     0     0     -3.454     -3.893     -6.966      8.710      0.498
   222        310  (K_S0)             -91   215   215   298   299     0     0     -0.659     -0.376     18.514     18.536      0.498
   223        310  K_S0                91   217   217     0     0     0     0      0.188      0.148     49.539     49.542      0.498
   224        -16  nu_taubar           91    71     0     0     0     0     0      4.696     -5.100     -0.394      6.944      0.000
   225        -13  mu+                 91    71     0     0     0     0     0     11.702    -10.190     -2.546     15.725      0.106
   226         14  nu_mu               91    71     0     0     0     0     0      1.177     -1.010     -0.040      1.551      0.000
   227         22  gamma               91    77     0     0     0     0     0      0.651     -0.733    -24.733     24.753      0.000
   228         22  gamma               91    77     0     0     0     0     0      0.120     -0.065     -3.074      3.077      0.000
   229         22  gamma               91    87     0     0     0     0     0     -0.072      0.040      2.649      2.650      0.000
   230         22  gamma               91    87     0     0     0     0     0     -0.430      0.622     32.668     32.677      0.000
   231         22  gamma               91    90     0     0     0     0     0      0.473      0.483      6.938      6.971      0.000
   232         22  gamma               91    90     0     0     0     0     0      0.160      0.165      1.679      1.694      0.000
   233         22  gamma               91    91     0     0     0     0     0      0.166      0.171      1.432      1.452      0.000
   234         22  gamma               91    91     0     0     0     0     0      0.307      0.607      4.761      4.809      0.000
   235         22  gamma               91    92     0     0     0     0     0      0.152      0.469     10.123     10.135      0.000
   236         22  gamma               91    92     0     0     0     0     0      0.128      0.996     19.581     19.607      0.000
   237         22  gamma               91    99     0     0     0     0     0     -0.032      0.055      4.125      4.126      0.000
   238         22  gamma               91    99     0     0     0     0     0      0.001      0.014     20.348     20.348      0.000
   239       -521  (B-)               -91   104     0   300   303     0     0      1.698     50.212    -39.546     64.155      5.279
   240         22  gamma               91   104     0     0     0     0     0      0.015      0.035     -0.015      0.040      0.000
   241         22  gamma               91   106     0     0     0     0     0      0.770      2.221     -2.723      3.597      0.000
   242         22  gamma               91   106     0     0     0     0     0     -0.054      0.315     -0.205      0.379      0.000
   243        211  pi+                 91   109     0     0     0     0     0      0.091      0.689     -4.204      4.263      0.140
   244       -211  pi-                 91   109     0     0     0     0     0     -0.005      0.915     -4.158      4.260      0.140
   245        111  (pi0)              -91   109     0   304   305     0     0      0.036      0.909     -4.035      4.138      0.135
   246         22  gamma               91   110     0     0     0     0     0      0.399      1.175     -6.830      6.942      0.000
   247         22  gamma               91   110     0     0     0     0     0      2.769      8.477    -47.182     48.017      0.000
   248        211  pi+                 91   111     0     0     0     0     0      0.374      0.672     -4.309      4.379      0.140
   249       -211  pi-                 91   111     0     0     0     0     0      0.178      0.636     -3.281      3.350      0.140
   250         22  gamma               91   111     0     0     0     0     0      0.405      1.602     -8.628      8.785      0.000
   251         22  gamma               91   112     0     0     0     0     0     -0.010      0.618     -2.359      2.439      0.000
   252         22  gamma               91   112     0     0     0     0     0     -0.045      0.957     -4.364      4.468      0.000
   253         22  gamma               91   115     0     0     0     0     0      0.237      0.340      1.654      1.705      0.000
   254         22  gamma               91   115     0     0     0     0     0      0.121      0.214      1.490      1.510      0.000
   255        211  pi+                 91   119     0     0     0     0     0      0.067      0.180     -1.552      1.570      0.140
   256       -211  pi-                 91   119     0     0     0     0     0     -0.174      0.484     -2.209      2.272      0.140
   257        111  (pi0)              -91   119     0   306   307     0     0     -0.081      0.081     -0.202      0.269      0.135
   258         22  gamma               91   129     0     0     0     0     0     -0.501     -0.279      1.383      1.498      0.000
   259         22  gamma               91   129     0     0     0     0     0     -0.169     -0.013      0.383      0.418      0.000
   260         22  gamma               91   130     0     0     0     0     0     -0.048      0.118      0.167      0.211      0.000
   261         22  gamma               91   130     0     0     0     0     0      0.018      0.144      0.478      0.499      0.000
   262        211  pi+                 91   137     0     0     0     0     0      0.078      0.064      1.151      1.163      0.140
   263       -211  pi-                 91   137     0     0     0     0     0      0.008      0.189      4.752      4.758      0.140
   264        111  (pi0)              -91   137     0   308   309     0     0     -0.052      0.161      3.189      3.196      0.135
   265         22  gamma               91   144     0     0     0     0     0      1.612      3.497      2.078      4.376      0.000
   266         22  gamma               91   144     0     0     0     0     0      1.471      3.057      1.703      3.796      0.000
   267         22  gamma               91   151     0     0     0     0     0     -0.358      0.062     -0.458      0.585      0.000
   268         22  gamma               91   151     0     0     0     0     0     -0.327     -0.019     -0.601      0.684      0.000
   269        521  (B+)               -91   155     0   310   312     0     0    -31.501    -31.947    -66.384     80.297      5.279
   270         22  gamma               91   155     0     0     0     0     0     -0.186     -0.216     -0.493      0.570      0.000
   271        211  pi+                 91   162     0     0     0     0     0      0.037      0.168      0.221      0.313      0.140
   272       -211  pi-                 91   162     0     0     0     0     0      0.098     -0.026      0.104      0.202      0.140
   273        111  (pi0)              -91   162     0   313   314     0     0     -0.170      0.232     -0.186      0.368      0.135
   274         22  gamma               91   170     0     0     0     0     0      0.089      0.040    -93.931     93.931      0.000
   275         22  gamma               91   170     0     0     0     0     0      0.215     -0.033   -430.473    430.473      0.000
   276         22  gamma               91   180     0     0     0     0     0      0.066      0.072    142.602    142.602      0.000
   277         22  gamma               91   180     0     0     0     0     0      0.143      0.020     86.812     86.812      0.000
   278         22  gamma               91   182     0     0     0     0     0      0.013      0.851     -3.680      3.777      0.000
   279         22  gamma               91   182     0     0     0     0     0     -0.096      0.692     -2.764      2.851      0.000
   280         22  gamma               91   188     0     0     0     0     0      0.000      0.343     -8.388      8.395      0.000
   281         22  gamma               91   188     0     0     0     0     0      0.011      0.019     -2.073      2.073      0.000
   282         22  gamma               91   190     0     0     0     0     0      0.090     -0.225      0.442      0.504      0.000
   283         22  gamma               91   190     0     0     0     0     0     -0.003     -0.466      0.958      1.066      0.000
   284         22  gamma               91   192     0     0     0     0     0     -0.066      0.013      0.130      0.146      0.000
   285         22  gamma               91   192     0     0     0     0     0     -0.034     -0.134      0.354      0.380      0.000
   286         22  gamma               91   196     0     0     0     0     0     -0.466     -0.020      0.724      0.861      0.000
   287         22  gamma               91   196     0     0     0     0     0     -0.229      0.040      0.231      0.328      0.000
   288         22  gamma               91   198     0     0     0     0     0      0.035      0.105      0.119      0.163      0.000
   289         22  gamma               91   198     0     0     0     0     0      0.687      0.910      0.928      1.470      0.000
   290         22  gamma               91   200     0     0     0     0     0      0.176      0.221      0.251      0.378      0.000
   291         22  gamma               91   200     0     0     0     0     0      0.051      0.027      0.159      0.169      0.000
   292         22  gamma               91   204     0     0     0     0     0      0.095     -0.134     -0.126      0.207      0.000
   293         22  gamma               91   204     0     0     0     0     0      0.265     -0.712     -0.333      0.829      0.000
   294         22  gamma               91   206     0     0     0     0     0      0.040     -0.028     -0.067      0.083      0.000
   295         22  gamma               91   206     0     0     0     0     0      0.094      0.136     -0.117      0.203      0.000
   296        211  pi+                 91   221     0     0     0     0     0     -1.927     -1.888     -3.465      4.393      0.140
   297       -211  pi-                 91   221     0     0     0     0     0     -1.527     -2.006     -3.501      4.316      0.140
   298        211  pi+                 91   222     0     0     0     0     0     -0.378     -0.010      6.438      6.451      0.140
   299       -211  pi-                 91   222     0     0     0     0     0     -0.281     -0.366     12.076     12.086      0.140
   300      30443  (psi(3770))        -91   239     0   315   316     0     0      1.318     33.872    -26.191     43.003      3.771
   301       -321  K-                  91   239     0     0     0     0     0      0.202      2.893     -2.378      3.782      0.494
   302        111  (pi0)              -91   239     0   317   318     0     0      0.021      3.130     -2.286      3.879      0.135
   303        111  (pi0)              -91   239     0   319   320     0     0      0.156     10.316     -8.691     13.491      0.135
   304         22  gamma               91   245     0     0     0     0     0      0.033      0.246     -1.365      1.388      0.000
   305         22  gamma               91   245     0     0     0     0     0      0.003      0.663     -2.670      2.751      0.000
   306         22  gamma               91   257     0     0     0     0     0     -0.097      0.021     -0.174      0.201      0.000
   307         22  gamma               91   257     0     0     0     0     0      0.016      0.060     -0.027      0.068      0.000
   308         22  gamma               91   264     0     0     0     0     0     -0.055      0.115      2.967      2.970      0.000
   309         22  gamma               91   264     0     0     0     0     0      0.003      0.045      0.221      0.226      0.000
   310         14  nu_mu               91   269     0     0     0     0     0     -0.499     -0.068     -1.091      1.201      0.000
   311        -13  mu+                 91   269     0     0     0     0     0     -9.457     -8.167    -19.925     23.519      0.106
   312       -423  (D*bar0)           -91   269     0   321   322     0     0    -21.545    -23.712    -45.368     55.576      2.007
   313         22  gamma               91   273     0     0     0     0     0      0.009      0.076     -0.071      0.104      0.000
   314         22  gamma               91   273     0     0     0     0     0     -0.179      0.156     -0.115      0.263      0.000
   315        421  (D0)               -91   300     0   323   324     0     0      0.419     16.215    -12.339     20.465      1.865
   316       -421  (Dbar0)            -91   300     0   325   327     0     0      0.899     17.657    -13.853     22.538      1.865
   317         22  gamma               91   302     0     0     0     0     0      0.065      1.178     -0.901      1.484      0.000
   318         22  gamma               91   302     0     0     0     0     0     -0.044      1.953     -1.385      2.394      0.000
   319         22  gamma               91   303     0     0     0     0     0      0.110      6.578     -5.458      8.549      0.000
   320         22  gamma               91   303     0     0     0     0     0      0.046      3.738     -3.233      4.942      0.000
   321       -421  (Dbar0)            -91   312     0   328   330     0     0    -20.352    -22.436    -42.869     52.524      1.865
   322        111  (pi0)              -91   312     0   331   332     0     0     -1.193     -1.276     -2.499      3.052      0.135
   323        311  (K0)               -91   315     0   333   333     0     0      0.163     14.487    -10.964     18.176      0.498
   324        221  (eta)              -91   315     0   334   336     0     0      0.256      1.728     -1.375      2.290      0.548
   325        321  K+                  91   316     0     0     0     0     0      0.063      3.934     -3.786      5.483      0.494
   326       -211  pi-                 91   316     0     0     0     0     0      0.252      9.077     -6.523     11.181      0.140
   327        111  (pi0)              -91   316     0   337   338     0     0      0.584      4.646     -3.544      5.874      0.135
   328        321  K+                  91   321     0     0     0     0     0     -9.826    -10.823    -19.802     24.618      0.494
   329       -211  pi-                 91   321     0     0     0     0     0     -3.006     -3.259     -6.058      7.508      0.140
   330        113  (rho0)             -91   321     0   339   340     0     0     -7.521     -8.354    -17.009     20.398      0.654
   331         22  gamma               91   322     0     0     0     0     0     -0.904     -1.000     -1.833      2.275      0.000
   332         22  gamma               91   322     0     0     0     0     0     -0.290     -0.276     -0.666      0.777      0.000
   333        310  K_S0                91   323   323     0     0     0     0      0.163     14.487    -10.964     18.176      0.498
   334        111  (pi0)              -91   324     0   341   342     0     0      0.034      0.673     -0.557      0.885      0.135
   335        111  (pi0)              -91   324     0   343   344     0     0     -0.011      0.466     -0.440      0.655      0.135
   336        111  (pi0)              -91   324     0   345   346     0     0      0.233      0.590     -0.377      0.750      0.135
   337         22  gamma               91   327     0     0     0     0     0      0.036      0.651     -0.479      0.809      0.000
   338         22  gamma               91   327     0     0     0     0     0      0.548      3.995     -3.066      5.065      0.000
   339        211  pi+                 91   330     0     0     0     0     0     -1.439     -1.617     -3.686      4.277      0.140
   340       -211  pi-                 91   330     0     0     0     0     0     -6.082     -6.736    -13.323     16.121      0.140
   341         22  gamma               91   334     0     0     0     0     0     -0.026      0.436     -0.300      0.530      0.000
   342         22  gamma               91   334     0     0     0     0     0      0.060      0.237     -0.257      0.355      0.000
   343         22  gamma               91   335     0     0     0     0     0     -0.060      0.114     -0.101      0.164      0.000
   344         22  gamma               91   335     0     0     0     0     0      0.050      0.352     -0.339      0.491      0.000
   345         22  gamma               91   336     0     0     0     0     0      0.071      0.073     -0.096      0.139      0.000
   346         22  gamma               91   336     0     0     0     0     0      0.162      0.517     -0.281      0.611      0.000
                                   Charge sum:  2.000           Momentum sum:      0.000      0.000      0.000  13000.000  13000.000

 --------  End PYTHIA Event Listing  -----------------------------------------------------------------------------------------------
#--------------------------------------------------------------------------
#                     FastJet release 3.4.0 [fjcore]
#                 M. Cacciari, G.P. Salam and G. Soyez                  
#     A software package for jet finding and analysis at colliders      
#                           http://fastjet.fr                           
#	                                                                      
# Please cite EPJC72(2012)1896 [arXiv:1111.6097] if you use this package
# for scientific work and optionally PLB641(2006)57 [hep-ph/0512210].   
#                                                                       
# FastJet is provided without warranty under the GNU GPL v2 or higher.  
# It uses T. Chan's closest pair algorithm, S. Fortune's Voronoi code
# and 3rd party plugin jet algorithms. See COPYING file for details.
#--------------------------------------------------------------------------
 PYTHIA Warning in SimpleSpaceShower::pT2nextQCD: weight above unity  
 PYTHIA Warning in StringFragmentation::fragmentToJunction: bad convergence junction rest frame  
 PYTHIA Warning in SimpleSpaceShower::pT2nextQCD: small daughter PDF  
 PYTHIA Error in StringFragmentation::fragment: stuck in joining  
 PYTHIA Error in Pythia::next: hadronLevel failed; try again  
 PYTHIA Warning in Pythia::check: energy-momentum not quite conserved  

 Pythia::next(): 1000 events have been generated 
 PYTHIA Error in BeamRemnants::setKinematics: kinematics construction failed  
 PYTHIA Warning in MultipartonInteractions::pTnext: weight above unity  

 Pythia::next(): 2000 events have been generated 
 PYTHIA Warning in ColConfig::collect: negative-energy parton encountered  

 Pythia::next(): 3000 events have been generated 
 PYTHIA Warning in TauDecays::decay: maximum decay weight exceeded in tau decay  

 Pythia::next(): 4000 events have been generated 
 PYTHIA Warning in Pythia::check: not quite matched particle energy/momentum/mass  

 Pythia::next(): 5000 events have been generated 

 Pythia::next(): 6000 events have been generated 

 Pythia::next(): 7000 events have been generated 
 PYTHIA Error in SimpleSpaceShower::pT2nearThreshold: xPDF = 0  
 PYTHIA Error in SimpleSpaceShower::pT2nearThreshold: stuck in loop  

 Pythia::next(): 8000 events have been generated 

 Pythia::next(): 9000 events have been generated 

 *-------  PYTHIA Event and Cross Section Statistics  -------------------------------------------------------------*
 |                                                                                                                 |
 | Subprocess                                    Code |            Number of events       |      sigma +- delta    |
 |                                                    |       Tried   Selected   Accepted |     (estimated) (mb)   |
 |                                                    |                                   |                        |
 |-----------------------------------------------------------------------------------------------------------------|
 |                                                    |                                   |                        |
 | Les Houches User Process(es)                  9999 |       10000      10000      10000 |   8.338e-08  0.000e+00 |
 |    ... whereof user classification code     322200 |       10000      10000      10000 |                        | 
 |                                                    |                                   |                        |
 | sum                                                |       10000      10000      10000 |   8.338e-08  0.000e+00 |
 |                                                                                                                 |
 *-------  End PYTHIA Event and Cross Section Statistics ----------------------------------------------------------*

 *-------  PYTHIA Error and Warning Messages Statistics  ----------------------------------------------------------* 
 |                                                                                                                 | 
 |  times   message                                                                                                | 
 |                                                                                                                 | 
 |      4   Error in BeamRemnants::setKinematics: kinematics construction failed                                   | 
 |      6   Error in Pythia::next: hadronLevel failed; try again                                                   | 
 |      1   Error in SimpleSpaceShower::pT2nearThreshold: stuck in loop                                            | 
 |      2   Error in SimpleSpaceShower::pT2nearThreshold: xPDF = 0                                                 | 
 |      6   Error in StringFragmentation::fragment: stuck in joining                                               | 
 |      3   Warning in ColConfig::collect: negative-energy parton encountered                                      | 
 |      4   Warning in MultipartonInteractions::pTnext: weight above unity                                         | 
 |      2   Warning in Pythia::check: energy-momentum not quite conserved                                          | 
 |      2   Warning in Pythia::check: not quite matched particle energy/momentum/mass                              | 
 |   1659   Warning in SimpleSpaceShower::pT2nextQCD: small daughter PDF                                           | 
 |   4321   Warning in SimpleSpaceShower::pT2nextQCD: weight above unity                                           | 
 |     29   Warning in StringFragmentation::fragmentToJunction: bad convergence junction rest frame                | 
 |      1   Warning in TauDecays::decay: maximum decay weight exceeded in tau decay                                | 
 |      2   Warning in TimeShower::init: pTmin too low                                                             | 
 |                                                                                                                 | 
 *-------  End PYTHIA Error and Warning Messages Statistics  ------------------------------------------------------* 
Using LHE File: /nfs/dust/cms/user/amoroso/powheg/POWHEG-BOX-V2/ttJ_MiNNLOPS_v1.0_beta1/decay-ll/pwgevents-0627.lhe
less then 10000 events in LHE, using all LHE events
np.shape(P0) = (10000, 3, 9)
np.shape(nJets) = (10000, 2)
np.shape(jets_4vectors) = (10000, 20, 6)
