Configured CUDA from: /cvmfs/sft.cern.ch/lcg/releases/cuda/12.4-4899e/x86_64-el9-gcc11-opt

 *------------------------------------------------------------------------------------* 
 |                                                                                    | 
 |  *------------------------------------------------------------------------------*  | 
 |  |                                                                              |  | 
 |  |                                                                              |  | 
 |  |   PPP   Y   Y  TTTTT  H   H  III    A      Welcome to the Lund Monte Carlo!  |  | 
 |  |   P  P   Y Y     T    H   H   I    A A     This is PYTHIA version 8.309      |  | 
 |  |   PPP     Y      T    HHHHH   I   AAAAA    Last date of change: 16 Feb 2023  |  | 
 |  |   P       Y      T    H   H   I   A   A                                      |  | 
 |  |   P       Y      T    H   H  III  A   A    Now is 03 Sep 2024 at 19:05:25    |  | 
 |  |                                                                              |  | 
 |  |   Program documentation and an archive of historic versions is found on:     |  | 
 |  |                                                                              |  | 
 |  |                               https://pythia.org/                            |  | 
 |  |                                                                              |  | 
 |  |   PYTHIA is authored by a collaboration consisting of:                       |  | 
 |  |                                                                              |  | 
 |  |   Christian Bierlich, Nishita Desai, Leif Gellersen, Ilkka Helenius, Philip  |  | 
 |  |   Ilten, Leif Lonnblad, Stephen Mrenna, Stefan Prestel, Christian Preuss,    |  | 
 |  |   Torbjorn Sjostrand, Peter Skands, Marius Utheim and Rob Verheyen.          |  | 
 |  |                                                                              |  | 
 |  |   The complete list of authors, including contact information and            |  | 
 |  |   affiliations, can be found on https://pythia.org/.                         |  | 
 |  |   Problems or bugs should be reported on email at authors@pythia.org.        |  | 
 |  |                                                                              |  | 
 |  |   The main program reference is C. Bierlich et al,                           |  | 
 |  |   'A comprehensive guide to the physics and usage of Pythia 8.3',            |  | 
 |  |   SciPost Phys. Codebases 8-r8.3 (2022) [arXiv:2203.11601 [hep-ph]]          |  | 
 |  |                                                                              |  | 
 |  |   PYTHIA is released under the GNU General Public Licence version 2 or later.|  | 
 |  |   Please respect the MCnet Guidelines for Event Generator Authors and Users. |  | 
 |  |                                                                              |  | 
 |  |   Disclaimer: this program comes without any guarantees.                     |  | 
 |  |   Beware of errors and use common sense when interpreting results.           |  | 
 |  |                                                                              |  | 
 |  |   Copyright (C) 2023 Torbjorn Sjostrand                                      |  | 
 |  |                                                                              |  | 
 |  |                                                                              |  | 
 |  *------------------------------------------------------------------------------*  | 
 |                                                                                    | 
 *------------------------------------------------------------------------------------* 


 *-------  PYTHIA Process Initialization  --------------------------*
 |                                                                  |
 | We collide p+ with p+ at a CM energy of 1.300e+04 GeV            |
 |                                                                  |
 |------------------------------------------------------------------|
 |                                                    |             |
 | Subprocess                                    Code |   Estimated |
 |                                                    |    max (mb) |
 |                                                    |             |
 |------------------------------------------------------------------|
 |                                                    |             |
 | Les Houches User Process(es)                  9999 |   1.000e-09 |
 |                                                                  |
 *-------  End PYTHIA Process Initialization -----------------------*
 PYTHIA Warning in TimeShower::init: pTmin too low , raised to 0.611

 *-------  PYTHIA Multiparton Interactions Initialization  ---------* 
 |                                                                  | 
 |                   sigmaNonDiffractive =    55.51 mb              | 
 |                                                                  | 
 |    pT0 =  1.44 gives sigmaInteraction =   401.82 mb: accepted    | 
 |                                                                  | 
 *-------  End PYTHIA Multiparton Interactions Initialization  -----* 

 *-------  PYTHIA Flag + Mode + Parm + Word + FVec + MVec + PVec + WVec Settings (changes only)  ------------------* 
 |                                                                                                                 | 
 | Name                                          |                      Now |      Default         Min         Max | 
 |                                               |                          |                                      | 
 | Beams:frameType                               |                        4 |            1           1           5 | 
 | Beams:LHEF                                    | /nfs/dust/cms/user/amoroso/powheg/POWHEG-BOX-V2/ttJ_MiNNLOPS_v1.0_beta1/decay-ll/pwgevents-0618.lhe |         void | 
 | ColourReconnection:range                      |                  5.17600 |      1.80000         0.0    10.00000 | 
 | Main:timesAllowErrors                         |                      500 |           10           0             | 
 | MultipartonInteractions:alphaSorder           |                        2 |            1           0           3 | 
 | MultipartonInteractions:alphaSvalue           |                  0.11800 |      0.13000   0.0600000     0.25000 | 
 | MultipartonInteractions:bProfile              |                        2 |            3           0           4 | 
 | MultipartonInteractions:coreFraction          |                  0.63000 |      0.50000         0.0     1.00000 | 
 | MultipartonInteractions:coreRadius            |                  0.76340 |      0.40000     0.10000     1.00000 | 
 | MultipartonInteractions:ecmPow                |                0.0334400 |      0.21500         0.0     0.50000 | 
 | MultipartonInteractions:pT0Ref                |                  1.41000 |      2.28000     0.50000    10.00000 | 
 | ParticleDecays:limitTau                       |                       on |          off                         | 
 | PartonLevel:FSR                               |                      off |           on                         | 
 | PDF:pSet                                      |                       20 |           13                         | 
 | Random:seed                                   |                      618 |           -1               900000000 | 
 | Random:setSeed                                |                       on |          off                         | 
 | SigmaProcess:alphaSorder                      |                        2 |            1           0           3 | 
 | SigmaProcess:alphaSvalue                      |                  0.11800 |      0.13000   0.0600000     0.25000 | 
 | SigmaTotal:mode                               |                        0 |            1           0           4 | 
 | SigmaTotal:sigmaEl                            |                 21.89000 |     25.00000         0.0             | 
 | SigmaTotal:sigmaTot                           |                100.30900 |    100.00000         0.0             | 
 | SigmaTotal:zeroAXB                            |                      off |           on                         | 
 | SpaceShower:alphaSorder                       |                        2 |            1           0           3 | 
 | SpaceShower:alphaSvalue                       |                  0.11800 |      0.13650   0.0600000     0.25000 | 
 | SpaceShower:dipoleRecoil                      |                       on |          off                         | 
 | SpaceShower:pTmaxMatch                        |                        1 |            0           0           2 | 
 | TimeShower:alphaSorder                        |                        2 |            1           0           3 | 
 | TimeShower:alphaSvalue                        |                  0.11800 |      0.13650   0.0600000     0.25000 | 
 |                                                                                                                 | 
 *-------  End PYTHIA Flag + Mode + Parm + Word + FVec + MVec + PVec + WVec Settings  -----------------------------* 

 --------  PYTHIA Particle Data Table (changed only)  ------------------------------------------------------------------------------
 
      id   name            antiName         spn chg col      m0        mWidth      mMin       mMax       tau0    res dec ext vis wid
             no onMode   bRatio   meMode     products 

       6  t                tbar               2   2   1  173.00000    1.36916   86.00000    0.00000  1.44122e-13   1   1   0   1   0
              0     1   0.0000664    0       24        1 
              1     1   0.0017361    0       24        3 
              2     1   0.9981975    0       24        5 
              3     1   0.0000000    0       37        5 

 --------  End PYTHIA Particle Data Table  -----------------------------------------------------------------------------------------


 --------  LHA event information and listing  ---------------------------------------------------------------------- 

    process =   322200    weight =   1.0325e+02     scale =   1.1345e+01 (GeV) 
                        alpha_em =  -1.0000e+00    alpha_strong =   1.8951e-01

    Participating Particles 
    no        id stat     mothers     colours      p_x        p_y        p_z         e          m        tau    spin 
     1        21   -1     0     0   512   515      0.000      0.000    119.569    119.569      0.000   0.000   9.000
     2        21   -1     0     0   513   514      0.000      0.000  -1232.326   1232.326      0.000   0.000   9.000
     3         6    2     1     2   511     0     58.451     -0.382   -872.522    890.952    170.542   0.000   9.000
     4        -6    2     1     2     0   514    -51.410     34.152   -316.058    365.357    172.578   0.000   9.000
     5        21    1     1     2   512   511    -18.382    -34.075     31.733     50.059      0.000   0.000   9.000
     6        21    1     1     2   513   515     11.341      0.305     44.090     45.527      0.000   0.000   9.000
     7         5    1     3     3   511     0     65.194    -29.033   -188.220    201.356      4.920   0.000  -1.000
     8        24    2     3     3     0     0     -6.742     28.651   -684.302    689.596     80.050   0.000   9.000
     9        -5    1     4     4     0   514    -74.262    -12.935    -78.446    108.905      4.920   0.000   1.000
    10       -24    2     4     4     0     0     22.852     47.087   -237.612    256.452     81.047   0.000   9.000
    11       -11    1     8     8     0     0    -36.675     -3.661   -423.554    425.154      0.001   0.000   1.000
    12        12    1     8     8     0     0     29.933     32.312   -260.748    264.442      0.000   0.000  -1.000
    13        13    1    10    10     0     0    -22.274     22.713    -34.346     46.815      0.106   0.000  -1.000
    14       -14    1    10    10     0     0     45.126     24.374   -203.267    209.637      0.000   0.000   1.000

 --------  End LHA event information and listing  ------------------------------------------------------------------ 

 --------  PYTHIA Info Listing  ---------------------------------------- 
 
 Beam A: id =   2212, pz =  6.500e+03, e =  6.500e+03, m =  9.383e-01.
 Beam B: id =   2212, pz = -6.500e+03, e =  6.500e+03, m =  9.383e-01.

 In 1: id =   21, x =  1.840e-02, pdf =  0.000e+00 at Q2 =  1.287e+02.
 In 2: id =   21, x =  1.896e-01, pdf =  0.000e+00 at same Q2.

 Process Les Houches User Process(es) with code 9999 is 2 -> 4.
 Subprocess user process 322200 with code 322200 is 2 -> 4.
     alphaEM =  7.637e-03,  alphaS =  1.895e-01    at Q2 =  1.287e+02.

 Impact parameter b =  9.332e-01 gives enhancement factor =  7.416e-01.
 Max pT scale for MPI =  1.300e+04, ISR =  1.134e+01, FSR =  1.134e+01.
 Number of MPI =     3, ISR =    10, FSRproc =     0, FSRreson =     0.

 --------  End PYTHIA Info Listing  ------------------------------------

 --------  PYTHIA Event Listing  (hard process)  -----------------------------------------------------------------------------------
 
    no         id  name            status     mothers   daughters     colours      p_x        p_y        p_z         e          m 
     0         90  (system)           -11     0     0     0     0     0     0      0.000      0.000      0.000  13000.000  13000.000
     1       2212  (p+)               -12     0     0     3     0     0     0      0.000      0.000   6500.000   6500.000      0.938
     2       2212  (p+)               -12     0     0     4     0     0     0      0.000      0.000  -6500.000   6500.000      0.938
     3         21  (g)                -21     1     0     5     8   512   515      0.000      0.000    119.569    119.569      0.000
     4         21  (g)                -21     2     0     5     8   513   514      0.000      0.000  -1232.326   1232.326      0.000
     5          6  (t)                -22     3     4     9    10   511     0     58.451     -0.382   -872.522    890.952    170.542
     6         -6  (tbar)             -22     3     4    11    12     0   514    -51.410     34.152   -316.058    365.357    172.578
     7         21  g                   23     3     4     0     0   512   511    -18.382    -34.075     31.733     50.059      0.000
     8         21  g                   23     3     4     0     0   513   515     11.341      0.305     44.090     45.527      0.000
     9          5  b                   23     5     0     0     0   511     0     65.194    -29.033   -188.220    201.356      4.920
    10         24  (W+)               -22     5     0    13    14     0     0     -6.742     28.651   -684.302    689.596     80.050
    11         -5  bbar                23     6     0     0     0     0   514    -74.262    -12.935    -78.446    108.905      4.920
    12        -24  (W-)               -22     6     0    15    16     0     0     22.852     47.087   -237.612    256.452     81.047
    13        -11  e+                  23    10     0     0     0     0     0    -36.675     -3.661   -423.554    425.154      0.001
    14         12  nu_e                23    10     0     0     0     0     0     29.933     32.312   -260.748    264.442      0.000
    15         13  mu-                 23    12     0     0     0     0     0    -22.274     22.713    -34.346     46.815      0.106
    16        -14  nu_mubar            23    12     0     0     0     0     0     45.126     24.374   -203.267    209.637      0.000
                                   Charge sum:  0.000           Momentum sum:     -0.000      0.000  -1112.757   1351.895    767.718

 --------  End PYTHIA Event Listing  -----------------------------------------------------------------------------------------------

 --------  PYTHIA Event Listing  (complete event)  ---------------------------------------------------------------------------------
 
    no         id  name            status     mothers   daughters     colours      p_x        p_y        p_z         e          m 
     0         90  (system)           -11     0     0     0     0     0     0      0.000      0.000      0.000  13000.000  13000.000
     1       2212  (p+)               -12     0     0    88     0     0     0      0.000      0.000   6500.000   6500.000      0.938
     2       2212  (p+)               -12     0     0    89     0     0     0      0.000      0.000  -6500.000   6500.000      0.938
     3         21  (g)                -21     9     0     5     8   512   515      0.000      0.000    119.569    119.569      0.000
     4         21  (g)                -21    10    10     5     8   513   514      0.000      0.000  -1232.326   1232.326      0.000
     5          6  (t)                -22     3     4    11    11   511     0     58.451     -0.382   -872.522    890.952    170.542
     6         -6  (tbar)             -22     3     4    12    12     0   514    -51.410     34.152   -316.058    365.357    172.578
     7         21  (g)                -23     3     4    13    13   512   511    -18.382    -34.075     31.733     50.059      0.000
     8         21  (g)                -23     3     4    14    14   513   515     11.341      0.305     44.090     45.527      0.000
     9         21  (g)                -41    20    20    15     3   512   516      0.000      0.000    388.876    388.876      0.000
    10         21  (g)                -42    21     0     4     4   513   514      0.000      0.000  -1232.326   1232.326      0.000
    11          6  (t)                -44     5     5    22    22   511     0     58.451     -0.382   -872.522    890.952    170.542
    12         -6  (tbar)             -44     6     6    23    23     0   514    -51.410     34.152   -316.058    365.357    172.578
    13         21  (g)                -44     7     7    24    24   512   511    -14.274    -26.040     15.155     33.339      0.000
    14         21  (g)                -44     8     8    25    25   513   515     11.341      0.305     44.090     45.527      0.000
    15         21  (g)                -43     9     0    26    26   515   516     -4.108     -8.035    285.885    286.028      0.000
    16         21  (g)                -31    43     0    18    19   517   518      0.000      0.000     84.452     84.452      0.000
    17         -1  (dbar)             -31    44    44    18    19     0   517      0.000      0.000   -100.690    100.690      0.000
    18         21  (g)                -33    16    17    45    45   519   518     -2.638     -6.709     84.168     84.476      0.000
    19         -1  (dbar)             -33    16    17    46    46     0   519      2.638      6.709   -100.407    100.666      0.330
    20         21  (g)                -42    48     0     9     9   512   516      0.000      0.000    388.876    388.876      0.000
    21         21  (g)                -41    49    49    27    10   520   514      0.000     -0.000  -1254.844   1254.844      0.000
    22          6  (t)                -44    11    11    50    50   511     0     58.451     -0.382   -872.522    890.952    170.542
    23         -6  (tbar)             -44    12    12    51    51     0   514    -52.137     29.371   -317.891    366.632    172.578
    24         21  (g)                -44    13    13    52    52   512   511    -14.274    -26.040     15.155     33.339      0.000
    25         21  (g)                -44    14    14    53    53   513   515     11.341      0.305     44.090     45.527      0.000
    26         21  (g)                -44    15    15    54    54   515   516     -4.108     -8.035    285.885    286.028      0.000
    27         21  (g)                -43    21     0    55    55   520   513      0.726      4.781    -20.685     21.243      0.000
    28         21  (g)                -31    32     0    30    31   521   522      0.000      0.000      0.137      0.137      0.000
    29         21  (g)                -31    33    33    30    31   523   521      0.000      0.000    -62.962     62.962      0.000
    30          1  (d)                -33    28    29    34    34   523     0      1.654     -2.378    -35.081     35.202      0.330
    31         -1  (dbar)             -33    28    29    35    35     0   522     -1.654      2.378    -27.744     27.896      0.330
    32         21  (g)                -41    37     0    36    28   521   524     -0.000      0.000      0.880      0.880      0.000
    33         21  (g)                -42    38    38    29    29   523   521      0.000      0.000    -62.962     62.962      0.000
    34          1  (d)                -44    30    30    39    39   523     0      1.654     -2.378    -35.081     35.202      0.330
    35         -1  (dbar)             -44    31    31    40    40     0   522     -1.189     -0.244    -25.601     25.632      0.330
    36         21  (g)                -43    32     0    41    41   522   524     -0.464      2.621     -1.400      3.008      0.000
    37         21  (g)                -41    73    73    42    32   525   524     -0.000      0.000     97.327     97.327      0.000
    38         21  (g)                -42    74     0    33    33   523   521      0.000      0.000    -62.962     62.962      0.000
    39          1  (d)                -44    34    34    75    75   523     0      1.654     -2.378    -35.081     35.202      0.330
    40         -1  (dbar)             -44    35    35    76    76     0   522     -1.189     -0.244    -25.601     25.632      0.330
    41         21  (g)                -44    36    36    77    77   522   524     -0.085      4.640      0.263      4.649      0.000
    42         21  (g)                -43    37     0    78    78   525   521     -0.380     -2.019     94.784     94.806      0.000
    43         21  (g)                -41    67    67    47    16   526   518      0.000      0.000     85.812     85.812      0.000
    44         -1  (dbar)             -42    68     0    17    17     0   517     -0.000      0.000   -100.690    100.690      0.000
    45         21  (g)                -44    18    18    69    69   519   518     -1.377     -7.277     84.608     84.932      0.000
    46         -1  (dbar)             -44    19    19    70    70     0   519      2.640      6.708    -99.872    100.133      0.330
    47         21  (g)                -43    43     0    71    71   526   517     -1.263      0.569      0.386      1.438      0.000
    48         21  (g)                -41    57    57    56    20   512   527     -0.000     -0.000    483.505    483.505      0.000
    49         21  (g)                -42    58     0    21    21   520   514      0.000     -0.000  -1254.844   1254.844      0.000
    50          6  (t)                -44    22    22    59    59   511     0     58.451     -0.382   -872.522    890.952    170.542
    51         -6  (tbar)             -44    23    23    60    60     0   514    -52.137     29.371   -317.891    366.632    172.578
    52         21  (g)                -44    24    24    61    61   512   511    -14.915    -24.539     13.606     31.776      0.000
    53         21  (g)                -44    25    25    62    62   513   515     11.341      0.305     44.090     45.527      0.000
    54         21  (g)                -44    26    26    63    63   515   516     -4.108     -8.035    285.885    286.028      0.000
    55         21  (g)                -44    27    27    64    64   520   513      0.726      4.781    -20.685     21.243      0.000
    56         21  (g)                -43    48     0    65    65   516   527      0.641     -1.501     96.178     96.192      0.000
    57         21  (g)                -42    88    88    48    48   512   527     -0.000     -0.000    483.505    483.505      0.000
    58         21  (g)                -41    89    89    66    49   520   528      0.000     -0.000  -1264.264   1264.264      0.000
    59          6  (t)                -44    50    50    90    90   511     0     58.451     -0.382   -872.522    890.952    170.542
    60         -6  (tbar)             -44    51    51    91    91     0   514    -52.137     29.371   -317.891    366.632    172.578
    61         21  (g)                -44    52    52    92    92   512   511    -14.915    -24.539     13.606     31.776      0.000
    62         21  (g)                -44    53    53    93    93   513   515     11.341      0.305     44.090     45.527      0.000
    63         21  (g)                -44    54    54    94    94   515   516     -4.108     -8.035    285.885    286.028      0.000
    64         21  (g)                -44    55    55    95    95   520   513     -0.198      2.502     -7.176      7.602      0.000
    65         21  (g)                -44    56    56    96    96   516   527      0.641     -1.501     96.178     96.192      0.000
    66         21  (g)                -43    58     0    97    97   514   528      0.924      2.279    -22.928     23.060      0.000
    67         21  (g)                -42    98    98    43    43   526   518      0.000      0.000     85.812     85.812      0.000
    68         -1  (dbar)             -41    99    99    72    44     0   529     -0.000      0.000   -248.544    248.544      0.000
    69         21  (g)                -44    45    45   100   100   519   518     -1.377     -7.277     84.608     84.932      0.000
    70         -1  (dbar)             -44    46    46   101   101     0   519      2.640      6.708    -99.872    100.133      0.330
    71         21  (g)                -44    47    47   102   102   526   517     -0.228      0.859      0.693      1.127      0.000
    72         21  (g)                -43    68     0   103   103   517   529     -1.035     -0.290   -148.161    148.165      0.000
    73         21  (g)                -42    80    80    37    37   525   524     -0.000      0.000     97.327     97.327      0.000
    74         21  (g)                -41    81     0    79    38   523   530     -0.000     -0.000    -63.105     63.105      0.000
    75          1  (d)                -44    39    39    82    82   523     0      1.654     -2.378    -35.081     35.202      0.330
    76         -1  (dbar)             -44    40    40    83    83     0   522     -1.189     -0.244    -25.601     25.632      0.330
    77         21  (g)                -44    41    41    84    84   522   524     -0.085      4.640      0.263      4.649      0.000
    78         21  (g)                -44    42    42    85    85   525   521      0.646     -1.779     92.874     92.893      0.000
    79         21  (g)                -43    74     0    86    86   521   530     -1.025     -0.240      1.766      2.056      0.000
    80         21  (g)                -42   104   104    73    73   525   524     -0.000      0.000     97.327     97.327      0.000
    81         21  (g)                -41   105   105    87    74   523   531      0.000      0.000    -69.751     69.751      0.000
    82          1  (d)                -44    75    75   106   106   523     0      1.654     -2.378    -35.081     35.202      0.330
    83         -1  (dbar)             -44    76    76   107   107     0   522     -1.189     -0.244    -25.601     25.632      0.330
    84         21  (g)                -44    77    77   108   108   522   524     -0.085      4.640      0.263      4.649      0.000
    85         21  (g)                -44    78    78   109   109   525   521      0.646     -1.779     92.874     92.893      0.000
    86         21  (g)                -44    79    79   110   110   521   530     -1.244      0.052      1.703      2.109      0.000
    87         21  (g)                -43    81     0   111   111   530   531      0.218     -0.292     -6.582      6.592      0.000
    88         21  (g)                -61     1     0    57    57   512   527      4.462      2.960    483.492    483.522      0.000
    89         21  (g)                -61     2     0    58    58   520   528      1.175     -2.065  -1264.256   1264.258      0.000
    90          6  (t)                -62    59    59   117   118   511     0     59.356     -1.765   -872.758    891.245    170.542
    91         -6  (tbar)             -62    60    60   119   120     0   514    -51.594     28.962   -317.787    366.432    172.578
    92         21  (g)                -62    61    61   160   160   512   511    -14.697    -24.415     13.762     31.646      0.000
    93         21  (g)                -62    62    62   223   223   513   515     11.755      0.578     44.041     45.586      0.000
    94         21  (g)                -62    63    63   222   222   515   516     -1.469     -6.284    285.926    285.999      0.000
    95         21  (g)                -62    64    64   224   224   520   513     -0.190      2.491     -7.185      7.607      0.000
    96         21  (g)                -62    65    65   221   221   516   527      1.529     -0.912     96.179     96.195      0.000
    97         21  (g)                -62    66    66   139   139   514   528      0.946      2.242    -22.941     23.070      0.000
    98         21  (g)                -61     1     0    67    67   525   512     -0.056     -2.097     85.800     85.826      0.000
    99         -1  (dbar)             -61     2     0    68    68     0   529     -0.559      0.616   -248.534    248.536      0.000
   100         21  (g)                -62    69    69   161   161   519   512     -1.432     -9.348     84.499     85.027      0.000
   101         -1  (dbar)             -62    70    70   162   162     0   519      2.415      6.953    -99.780    100.052      0.330
   102         21  (g)                -62    71    71   195   195   526   522     -0.229      0.837      0.705      1.118      0.000
   103         21  (g)                -62    72    72   126   126   517   529     -1.368      0.077   -148.158    148.165      0.000
   104         21  (g)                -61     1     0    80    80   531   531     -3.124      0.063     97.313     97.364      0.000
   105         21  (g)                -61     2     0    81    81   524   524     -0.286      2.284    -69.729     69.767      0.000
   106          1  (d)                -62    82    82   193   193   523     0      1.508     -1.227    -35.085     35.141      0.330
   107         -1  (dbar)             -62    83    83   128   128     0   530     -1.295      0.595    -25.613     25.655      0.330
   108         21  (g)                -62    84    84   194   194   522   523     -0.174      4.714      0.337      4.729      0.000
   109         21  (g)                -62    85    85   197   197   525   521     -2.335     -1.719     92.842     92.887      0.000
   110         21  (g)                -62    86    86   196   196   521   526     -1.306      0.060      1.686      2.134      0.000
   111         21  (g)                -62    87    87   127   127   530   517      0.191     -0.076     -6.582      6.585      0.000
   112       2203  (uu_1)             -63     1     0   198   198     0   525     -0.834     -0.146   1929.645   1929.645      0.771
   113          1  (d)                -63     1     0   220   220   527     0     -0.449     -0.780   3903.675   3903.675      0.330
   114       2101  (ud_0)             -63     2     0   225   225     0   520     -0.300     -0.121  -2733.627   2733.627      0.579
   115          2  (u)                -63     2     0   125   125   529     0     -0.246     -0.483  -1211.431   1211.431      0.330
   116          1  (d)                -63     2     0   138   138   528     0      0.217     -0.231   -972.349    972.349      0.330
   117          5  (b)                -23    90     0   159   159   511     0     65.398    -29.345   -188.274    201.517      4.920
   118         24  (W+)               -22    90     0   121   122     0     0     -6.042     27.580   -684.484    689.727     80.050
   119         -5  (bbar)             -23    91     0   140   140     0   514    -74.317    -14.484    -78.962    109.508      4.920
   120        -24  (W-)               -22    91     0   123   124     0     0     22.723     43.446   -238.825    256.924     81.047
   121        -11  e+                  23   118     0     0     0     0     0    -36.244     -4.321   -423.666    425.236      0.001
   122         12  nu_e                23   118     0     0     0     0     0     30.201     31.901   -260.818    264.492      0.000
   123         13  mu-                 23   120     0     0     0     0     0    -22.297     22.049    -34.566     46.671      0.106
   124        -14  nu_mubar            23   120     0     0     0     0     0     45.021     21.396   -204.259    210.253      0.000
   125          2  (u)                -71   115   115   129   137   529     0     -0.246     -0.483  -1211.431   1211.431      0.330
   126         21  (g)                -71   103   103   129   137   517   529     -1.368      0.077   -148.158    148.165      0.000
   127         21  (g)                -71   111   111   129   137   530   517      0.191     -0.076     -6.582      6.585      0.000
   128         -1  (dbar)             -71   107   107   129   137     0   530     -1.295      0.595    -25.613     25.655      0.330
   129        211  pi+                 83   125   128     0     0     0     0      0.255     -0.123   -221.755    221.756      0.140
   130       -211  pi-                 83   125   128     0     0     0     0     -0.292      0.047   -251.510    251.510      0.140
   131        221  (eta)              -83   125   128   344   346     0     0     -0.320     -0.290   -256.864    256.865      0.548
   132        111  (pi0)              -83   125   128   347   348     0     0      0.217      0.021   -290.852    290.853      0.135
   133        213  (rho+)             -84   125   128   258   259     0     0     -0.549     -0.220   -166.647    166.651      0.965
   134        223  (omega)            -84   125   128   349   351     0     0     -0.081     -0.010    -89.702     89.706      0.824
   135       -211  pi-                 84   125   128     0     0     0     0     -0.099      0.326    -13.066     13.071      0.140
   136        213  (rho+)             -84   125   128   260   261     0     0     -0.768      0.161    -67.359     67.369      0.883
   137        223  (omega)            -84   125   128   352   354     0     0     -1.081      0.202    -34.027     34.054      0.783
   138          1  (d)                -71   116   116   141   158   528     0      0.217     -0.231   -972.349    972.349      0.330
   139         21  (g)                -71    97    97   141   158   514   528      0.946      2.242    -22.941     23.070      0.000
   140         -5  (bbar)             -71   119   119   141   158     0   514    -74.317    -14.484    -78.962    109.508      4.920
   141        111  (pi0)              -83   138   140   355   356     0     0      0.183     -0.355   -344.464    344.464      0.135
   142        311  (K0)               -83   138   140   262   262     0     0      0.245     -0.026   -219.280    219.281      0.498
   143       -321  K-                  83   138   140     0     0     0     0     -0.247      0.296   -178.196    178.198      0.494
   144        113  (rho0)             -83   138   140   263   264     0     0      0.283      0.375    -34.578     34.589      0.769
   145        213  (rho+)             -83   138   140   265   266     0     0     -0.035     -0.446   -115.509    115.513      0.788
   146       -213  (rho-)             -83   138   140   267   268     0     0      0.243      0.394    -40.040     40.050      0.761
   147        111  (pi0)              -83   138   140   357   358     0     0     -0.099      0.200    -16.946     16.948      0.135
   148        321  K+                  83   138   140     0     0     0     0      0.073      0.090    -11.769     11.780      0.494
   149       -321  K-                  83   138   140     0     0     0     0      0.154      0.443    -18.860     18.872      0.494
   150        211  pi+                 84   138   140     0     0     0     0     -0.642     -0.190     -2.721      2.805      0.140
   151       -213  (rho-)             -84   138   140   269   270     0     0      0.550      0.151     -7.073      7.144      0.834
   152        213  (rho+)             -84   138   140   271   272     0     0     -0.236      0.736     -5.328      5.498      1.112
   153        111  (pi0)              -84   138   140   359   360     0     0     -0.309     -0.183     -0.701      0.799      0.135
   154        223  (omega)            -84   138   140   361   363     0     0     -1.955      0.286     -2.323      3.149      0.783
   155       -211  pi-                 84   138   140     0     0     0     0     -0.660     -0.442     -0.997      1.282      0.140
   156        111  (pi0)              -84   138   140   364   365     0     0     -0.325      0.032     -0.405      0.537      0.135
   157        111  (pi0)              -84   138   140   366   367     0     0     -0.297     -0.058     -0.112      0.350      0.135
   158        523  (B*+)              -84   138   140   368   369     0     0    -70.081    -13.777    -74.949    103.668      5.325
   159          5  (b)                -71   117   117   163   192   511     0     65.398    -29.345   -188.274    201.517      4.920
   160         21  (g)                -71    92    92   163   192   512   511    -14.697    -24.415     13.762     31.646      0.000
   161         21  (g)                -71   100   100   163   192   519   512     -1.432     -9.348     84.499     85.027      0.000
   162         -1  (dbar)             -71   101   101   163   192     0   519      2.415      6.953    -99.780    100.052      0.330
   163       -523  (B*-)              -83   159   162   370   371     0     0     62.858    -28.647   -182.928    195.609      5.325
   164        113  (rho0)             -83   159   162   273   274     0     0      1.534     -0.031     -2.771      3.307      0.950
   165        111  (pi0)              -83   159   162   372   373     0     0     -0.027     -0.810     -0.516      0.970      0.135
   166        321  K+                  83   159   162     0     0     0     0      0.230      0.211     -0.437      0.729      0.494
   167       -323  (K*-)              -83   159   162   275   276     0     0      0.232     -1.330     -0.893      1.991      1.158
   168        213  (rho+)             -83   159   162   277   278     0     0     -1.413     -1.347      0.510      2.166      0.786
   169       -211  pi-                 83   159   162     0     0     0     0     -0.415     -2.246      1.246      2.606      0.140
   170        211  pi+                 83   159   162     0     0     0     0     -2.214     -2.630      1.920      3.940      0.140
   171        223  (omega)            -83   159   162   374   376     0     0     -2.981     -4.421      2.427      5.910      0.784
   172       -213  (rho-)             -83   159   162   279   280     0     0     -4.272     -8.302      4.575     10.427      0.779
   173        211  pi+                 83   159   162     0     0     0     0     -0.702     -0.479      0.190      0.882      0.140
   174       -213  (rho-)             -83   159   162   281   282     0     0     -2.094     -2.973      2.957      4.766      0.868
   175        211  pi+                 83   159   162     0     0     0     0      0.240     -0.387      0.198      0.516      0.140
   176        111  (pi0)              -83   159   162   377   378     0     0     -0.642     -0.545      0.987      1.305      0.135
   177       -211  pi-                 84   159   162     0     0     0     0     -0.068     -0.648      8.426      8.452      0.140
   178        211  pi+                 84   159   162     0     0     0     0     -0.150     -3.806     31.179     31.411      0.140
   179        111  (pi0)              -84   159   162   379   380     0     0     -0.122     -0.028      0.653      0.678      0.135
   180        311  (K0)               -84   159   162   283   283     0     0     -0.079     -2.565     22.963     23.111      0.498
   181       -313  (K*bar0)           -84   159   162   284   285     0     0     -0.349     -1.337     11.632     11.757      1.004
   182        113  (rho0)             -84   159   162   286   287     0     0     -0.147     -0.172      3.419      3.484      0.627
   183       -211  pi-                 84   159   162     0     0     0     0     -0.349     -0.699      1.877      2.038      0.140
   184        223  (omega)            -84   159   162   381   383     0     0      0.402      0.350      0.744      1.204      0.782
   185        111  (pi0)              -84   159   162   384   385     0     0     -0.137     -0.380     -0.247      0.493      0.135
   186        111  (pi0)              -84   159   162   386   387     0     0      0.243     -0.111      0.136      0.329      0.135
   187        211  pi+                 84   159   162     0     0     0     0     -0.146      0.188      0.606      0.666      0.140
   188        311  (K0)               -84   159   162   288   288     0     0     -0.114     -0.027     -0.416      0.659      0.498
   189       -311  (Kbar0)            -84   159   162   289   289     0     0     -0.151      0.890     -2.188      2.419      0.498
   190       1114  (Delta-)           -84   159   162   290   291     0     0      0.657      0.130     -9.395      9.501      1.250
   191        213  (rho+)             -84   159   162   292   293     0     0     -0.038      0.606     -7.790      7.847      0.722
   192      -2112  nbar0               84   159   162     0     0     0     0      1.898      5.392    -78.858     79.071      0.940
   193          1  (d)                -71   106   106   199   219   523     0      1.508     -1.227    -35.085     35.141      0.330
   194         21  (g)                -71   108   108   199   219   522   523     -0.174      4.714      0.337      4.729      0.000
   195         21  (g)                -71   102   102   199   219   526   522     -0.229      0.837      0.705      1.118      0.000
   196         21  (g)                -71   110   110   199   219   521   526     -1.306      0.060      1.686      2.134      0.000
   197         21  (g)                -71   109   109   199   219   525   521     -2.335     -1.719     92.842     92.887      0.000
   198       2203  (uu_1)             -71   112   112   199   219     0   525     -0.834     -0.146   1929.645   1929.645      0.771
   199        331  (eta')             -83   193   198   388   390     0     0      0.692     -0.683    -16.905     16.960      0.958
   200        111  (pi0)              -83   193   198   391   392     0     0      0.496     -0.227     -7.081      7.103      0.135
   201       2112  n0                  83   193   198     0     0     0     0      0.450      0.109     -3.578      3.729      0.940
   202        113  (rho0)             -83   193   198   294   295     0     0     -0.565      0.238     -5.476      5.559      0.735
   203      -2212  pbar-               83   193   198     0     0     0     0      0.472     -0.253     -1.663      1.983      0.938
   204        211  pi+                 83   193   198     0     0     0     0     -0.224      1.403     -0.289      1.457      0.140
   205       -211  pi-                 83   193   198     0     0     0     0     -0.144      0.591      0.442      0.765      0.140
   206        213  (rho+)             -83   193   198   296   297     0     0      0.169      1.196      0.558      1.587      0.864
   207        113  (rho0)             -83   193   198   298   299     0     0     -0.449      0.895      0.166      1.273      0.769
   208       3114  (Sigma*-)          -83   193   198   300   301     0     0      0.023      0.146      1.032      1.743      1.397
   209        311  (K0)               -83   193   198   302   302     0     0     -0.674      0.454      4.658      4.754      0.498
   210      -2114  (Deltabar0)        -83   193   198   303   304     0     0     -0.735     -0.250      2.702      3.056      1.197
   211        213  (rho+)             -83   193   198   305   306     0     0      0.117      0.443      4.353      4.418      0.599
   212       -211  pi-                 84   193   198     0     0     0     0     -0.654     -0.045     21.975     21.985      0.140
   213        113  (rho0)             -84   193   198   307   308     0     0     -0.341     -0.850     63.403     63.414      0.749
   214        213  (rho+)             -84   193   198   309   310     0     0     -0.030      0.348     59.695     59.701      0.760
   215       -213  (rho-)             -84   193   198   311   312     0     0     -0.335     -0.561     25.513     25.535      0.852
   216        211  pi+                 84   193   198     0     0     0     0     -0.528      0.068     40.344     40.347      0.140
   217       -211  pi-                 84   193   198     0     0     0     0     -0.063     -0.313     96.732     96.733      0.140
   218        223  (omega)            -84   193   198   393   394     0     0     -0.166     -0.041    190.648    190.649      0.773
   219       2224  (Delta++)          -84   193   198   313   314     0     0     -0.881     -0.150   1512.901   1512.902      1.336
   220          1  (d)                -71   113   113   226   257   527     0     -0.449     -0.780   3903.675   3903.675      0.330
   221         21  (g)                -71    96    96   226   257   516   527      1.529     -0.912     96.179     96.195      0.000
   222         21  (g)                -71    94    94   226   257   515   516     -1.469     -6.284    285.926    285.999      0.000
   223         21  (g)                -71    93    93   226   257   513   515     11.755      0.578     44.041     45.586      0.000
   224         21  (g)                -71    95    95   226   257   520   513     -0.190      2.491     -7.185      7.607      0.000
   225       2101  (ud_0)             -71   114   114   226   257     0   520     -0.300     -0.121  -2733.627   2733.627      0.579
   226       -213  (rho-)             -83   220   225   315   316     0     0     -0.056      0.090    586.792    586.792      0.682
   227        213  (rho+)             -83   220   225   317   318     0     0     -0.067     -1.040   1839.670   1839.671      0.659
   228       1114  (Delta-)           -83   220   225   319   320     0     0     -0.142      0.273   1290.154   1290.155      1.409
   229        111  (pi0)              -83   220   225   395   396     0     0      0.093     -0.579     60.699     60.702      0.135
   230      -1114  (Deltabar+)        -83   220   225   321   322     0     0      0.504     -0.266    104.487    104.497      1.345
   231        311  (K0)               -83   220   225   323   323     0     0     -0.288     -1.183    123.610    123.617      0.498
   232       -311  (Kbar0)            -83   220   225   324   324     0     0     -0.601     -1.239     86.683     86.696      0.498
   233        223  (omega)            -83   220   225   397   398     0     0      0.698     -0.412     43.125     43.140      0.783
   234        311  (K0)               -83   220   225   325   325     0     0     -0.031     -1.671     62.161     62.185      0.498
   235       -321  K-                  83   220   225     0     0     0     0     -0.227     -0.962     44.440     44.454      0.494
   236        323  (K*+)              -83   220   225   326   327     0     0      0.290     -0.808     40.734     40.752      0.850
   237       -311  (Kbar0)            -83   220   225   328   328     0     0      0.825      0.097      3.180      3.324      0.498
   238       -211  pi-                 83   220   225     0     0     0     0      0.173     -0.432      2.422      2.470      0.140
   239       2114  (Delta0)           -83   220   225   329   330     0     0      4.501      0.327     18.147     18.749      1.355
   240      -1114  (Deltabar+)        -83   220   225   331   332     0     0      0.614     -0.059      4.475      4.690      1.258
   241        111  (pi0)              -83   220   225   399   400     0     0      4.548      0.648     16.170     16.810      0.135
   242       -211  pi-                 83   220   225     0     0     0     0     -0.197     -0.088      0.724      0.768      0.140
   243        111  (pi0)              -83   220   225   401   402     0     0      0.433     -0.048      0.977      1.078      0.135
   244        213  (rho+)             -83   220   225   333   334     0     0      0.084     -0.086      0.296      0.709      0.633
   245        113  (rho0)             -84   220   225   335   336     0     0      0.313      0.221     -0.112      0.706      0.582
   246        311  (K0)               -84   220   225   337   337     0     0     -0.121      0.512     -0.800      1.079      0.498
   247       -321  K-                  84   220   225     0     0     0     0      0.049      0.722     -1.424      1.672      0.494
   248        111  (pi0)              -84   220   225   403   404     0     0      0.070     -0.551     -2.230      2.302      0.135
   249        223  (omega)            -84   220   225   405   406     0     0     -0.936      0.878     -5.527      5.730      0.797
   250        211  pi+                 84   220   225     0     0     0     0      0.970      0.398    -11.824     11.871      0.140
   251        111  (pi0)              -84   220   225   407   408     0     0      0.027      0.587    -11.823     11.838      0.135
   252        331  (eta')             -84   220   225   409   410     0     0     -0.566     -0.568    -36.453     36.474      0.958
   253        221  (eta)              -84   220   225   411   413     0     0      0.102      0.208    -23.511     23.518      0.548
   254        311  (K0)               -84   220   225   338   338     0     0      0.209      0.264    -24.379     24.386      0.498
   255       -311  (Kbar0)            -84   220   225   339   339     0     0      0.057     -0.265   -145.673    145.674      0.498
   256        113  (rho0)             -84   220   225   340   341     0     0     -0.122      0.204  -1634.234   1634.234      0.639
   257       2112  n0                  84   220   225     0     0     0     0     -0.332     -0.199   -841.948    841.949      0.940
   258        211  pi+                 91   133     0     0     0     0     0     -0.777     -0.028   -128.884    128.886      0.140
   259        111  (pi0)              -91   133     0   414   415     0     0      0.229     -0.192    -37.763     37.765      0.135
   260        211  pi+                 91   136     0     0     0     0     0     -0.372      0.500    -33.526     33.532      0.140
   261        111  (pi0)              -91   136     0   416   417     0     0     -0.395     -0.339    -33.833     33.837      0.135
   262        310  K_S0                91   142   142     0     0     0     0      0.245     -0.026   -219.280    219.281      0.498
   263        211  pi+                 91   144     0     0     0     0     0      0.384      0.475    -30.893     30.900      0.140
   264       -211  pi-                 91   144     0     0     0     0     0     -0.101     -0.100     -3.684      3.690      0.140
   265        211  pi+                 91   145     0     0     0     0     0     -0.165     -0.610    -75.053     75.055      0.140
   266        111  (pi0)              -91   145     0   418   419     0     0      0.130      0.164    -40.456     40.457      0.135
   267       -211  pi-                 91   146     0     0     0     0     0      0.366      0.515    -25.237     25.246      0.140
   268        111  (pi0)              -91   146     0   420   421     0     0     -0.123     -0.121    -14.803     14.805      0.135
   269       -211  pi-                 91   151     0     0     0     0     0      0.363      0.250     -1.581      1.647      0.140
   270        111  (pi0)              -91   151     0   422   423     0     0      0.188     -0.099     -5.492      5.497      0.135
   271        211  pi+                 91   152     0     0     0     0     0      0.263      0.495     -1.218      1.348      0.140
   272        111  (pi0)              -91   152     0   424   425     0     0     -0.499      0.241     -4.110      4.149      0.135
   273        211  pi+                 91   164     0     0     0     0     0      1.375     -0.067     -2.765      3.092      0.140
   274       -211  pi-                 91   164     0     0     0     0     0      0.159      0.037     -0.006      0.215      0.140
   275       -311  (Kbar0)            -91   167     0   342   342     0     0      0.225     -0.718     -1.007      1.352      0.498
   276       -211  pi-                 91   167     0     0     0     0     0      0.007     -0.613      0.114      0.639      0.140
   277        211  pi+                 91   168     0     0     0     0     0     -1.189     -1.326      0.605      1.886      0.140
   278        111  (pi0)              -91   168     0   426   427     0     0     -0.225     -0.021     -0.095      0.280      0.135
   279       -211  pi-                 91   172     0     0     0     0     0     -4.060     -7.624      4.329      9.663      0.140
   280        111  (pi0)              -91   172     0   428   429     0     0     -0.213     -0.679      0.246      0.765      0.135
   281       -211  pi-                 91   174     0     0     0     0     0     -0.608     -1.556      1.444      2.213      0.140
   282        111  (pi0)              -91   174     0   430   431     0     0     -1.485     -1.416      1.514      2.554      0.135
   283        130  K_L0                91   180   180     0     0     0     0     -0.079     -2.565     22.963     23.111      0.498
   284       -311  (Kbar0)            -91   181     0   343   343     0     0     -0.383     -0.738      9.087      9.138      0.498
   285        111  (pi0)              -91   181     0   432   433     0     0      0.033     -0.599      2.546      2.619      0.135
   286        211  pi+                 91   182     0     0     0     0     0     -0.051     -0.368      2.365      2.398      0.140
   287       -211  pi-                 91   182     0     0     0     0     0     -0.096      0.196      1.054      1.085      0.140
   288        310  K_S0                91   188   188     0     0     0     0     -0.114     -0.027     -0.416      0.659      0.498
   289        310  (K_S0)             -91   189   189   434   435     0     0     -0.151      0.890     -2.188      2.419      0.498
   290       2112  n0                  91   190     0     0     0     0     0      0.557      0.304     -8.435      8.510      0.940
   291       -211  pi-                 91   190     0     0     0     0     0      0.100     -0.173     -0.960      0.991      0.140
   292        211  pi+                 91   191     0     0     0     0     0     -0.186      0.689     -6.026      6.070      0.140
   293        111  (pi0)              -91   191     0   436   437     0     0      0.147     -0.083     -1.764      1.777      0.135
   294        211  pi+                 91   202     0     0     0     0     0      0.145      0.026     -1.099      1.117      0.140
   295       -211  pi-                 91   202     0     0     0     0     0     -0.710      0.212     -4.378      4.442      0.140
   296        211  pi+                 91   206     0     0     0     0     0      0.070     -0.091      0.120      0.217      0.140
   297        111  (pi0)              -91   206     0   438   439     0     0      0.099      1.287      0.438      1.370      0.135
   298        211  pi+                 91   207     0     0     0     0     0     -0.439      0.232      0.278      0.586      0.140
   299       -211  pi-                 91   207     0     0     0     0     0     -0.009      0.664     -0.112      0.687      0.140
   300       3122  Lambda0             91   208     0     0     0     0     0     -0.041     -0.067      0.698      1.318      1.116
   301       -211  pi-                 91   208     0     0     0     0     0      0.065      0.213      0.334      0.425      0.140
   302        310  (K_S0)             -91   209   209   440   441     0     0     -0.674      0.454      4.658      4.754      0.498
   303      -2112  nbar0               91   210     0     0     0     0     0     -0.567     -0.022      1.898      2.193      0.940
   304        111  (pi0)              -91   210     0   442   443     0     0     -0.168     -0.228      0.804      0.863      0.135
   305        211  pi+                 91   211     0     0     0     0     0      0.012      0.356      3.981      3.999      0.140
   306        111  (pi0)              -91   211     0   444   445     0     0      0.105      0.087      0.372      0.419      0.135
   307        211  pi+                 91   213     0     0     0     0     0      0.129     -0.376     36.351     36.353      0.140
   308       -211  pi-                 91   213     0     0     0     0     0     -0.471     -0.473     27.052     27.061      0.140
   309        211  pi+                 91   214     0     0     0     0     0     -0.265      0.227     49.754     49.756      0.140
   310        111  (pi0)              -91   214     0   446   447     0     0      0.235      0.120      9.941      9.945      0.135
   311       -211  pi-                 91   215     0     0     0     0     0      0.041     -0.563     19.850     19.858      0.140
   312        111  (pi0)              -91   215     0   448   449     0     0     -0.376      0.002      5.663      5.677      0.135
   313       2212  p+                  91   219     0     0     0     0     0     -0.319     -0.073   1085.784   1085.784      0.938
   314        211  pi+                 91   219     0     0     0     0     0     -0.562     -0.078    427.118    427.118      0.140
   315       -211  pi-                 91   226     0     0     0     0     0     -0.287      0.099    460.634    460.634      0.140
   316        111  (pi0)              -91   226     0   450   451     0     0      0.231     -0.009    126.157    126.158      0.135
   317        211  pi+                 91   227     0     0     0     0     0      0.072     -0.194    165.333    165.333      0.140
   318        111  (pi0)              -91   227     0   452   453     0     0     -0.139     -0.846   1674.338   1674.338      0.135
   319       2112  n0                  91   228     0     0     0     0     0     -0.372      0.236    727.096    727.097      0.940
   320       -211  pi-                 91   228     0     0     0     0     0      0.231      0.037    563.057    563.058      0.140
   321      -2112  nbar0               91   230     0     0     0     0     0      0.174     -0.439     69.726     69.733      0.940
   322        211  pi+                 91   230     0     0     0     0     0      0.330      0.173     34.762     34.764      0.140
   323        130  K_L0                91   231   231     0     0     0     0     -0.288     -1.183    123.610    123.617      0.498
   324        130  K_L0                91   232   232     0     0     0     0     -0.601     -1.239     86.683     86.696      0.498
   325        130  K_L0                91   234   234     0     0     0     0     -0.031     -1.671     62.161     62.185      0.498
   326        321  K+                  91   236     0     0     0     0     0      0.031     -0.255     15.015     15.026      0.494
   327        111  (pi0)              -91   236     0   454   455     0     0      0.259     -0.553     25.719     25.727      0.135
   328        310  K_S0                91   237   237     0     0     0     0      0.825      0.097      3.180      3.324      0.498
   329       2212  p+                  91   239     0     0     0     0     0      2.923     -0.093     11.599     11.998      0.938
   330       -211  pi-                 91   239     0     0     0     0     0      1.579      0.420      6.548      6.750      0.140
   331      -2112  nbar0               91   240     0     0     0     0     0      0.729     -0.130      4.025      4.199      0.940
   332        211  pi+                 91   240     0     0     0     0     0     -0.115      0.071      0.451      0.491      0.140
   333        211  pi+                 91   244     0     0     0     0     0     -0.225      0.066      0.150      0.311      0.140
   334        111  (pi0)              -91   244     0   456   457     0     0      0.309     -0.152      0.146      0.397      0.135
   335        211  pi+                 91   245     0     0     0     0     0      0.215      0.366      0.017      0.447      0.140
   336       -211  pi-                 91   245     0     0     0     0     0      0.099     -0.145     -0.129      0.259      0.140
   337        310  K_S0                91   246   246     0     0     0     0     -0.121      0.512     -0.800      1.079      0.498
   338        130  K_L0                91   254   254     0     0     0     0      0.209      0.264    -24.379     24.386      0.498
   339        310  K_S0                91   255   255     0     0     0     0      0.057     -0.265   -145.673    145.674      0.498
   340        211  pi+                 91   256     0     0     0     0     0      0.191      0.103   -361.067    361.067      0.140
   341       -211  pi-                 91   256     0     0     0     0     0     -0.313      0.101  -1273.167   1273.167      0.140
   342        130  K_L0                91   275   275     0     0     0     0      0.225     -0.718     -1.007      1.352      0.498
   343        310  K_S0                91   284   284     0     0     0     0     -0.383     -0.738      9.087      9.138      0.498
   344        211  pi+                 91   131     0     0     0     0     0     -0.262     -0.133    -94.205     94.206      0.140
   345       -211  pi-                 91   131     0     0     0     0     0      0.076     -0.017    -70.014     70.015      0.140
   346         22  gamma               91   131     0     0     0     0     0     -0.135     -0.140    -92.645     92.645      0.000
   347         22  gamma               91   132     0     0     0     0     0      0.234      0.023   -281.941    281.941      0.000
   348         22  gamma               91   132     0     0     0     0     0     -0.016     -0.002     -8.911      8.911      0.000
   349        211  pi+                 91   134     0     0     0     0     0     -0.241     -0.115    -23.319     23.321      0.140
   350       -211  pi-                 91   134     0     0     0     0     0     -0.051      0.156    -41.695     41.695      0.140
   351        111  (pi0)              -91   134     0   458   459     0     0      0.211     -0.051    -24.689     24.690      0.135
   352        211  pi+                 91   137     0     0     0     0     0     -0.464      0.110    -18.725     18.731      0.140
   353       -211  pi-                 91   137     0     0     0     0     0     -0.236      0.223     -8.012      8.020      0.140
   354        111  (pi0)              -91   137     0   460   461     0     0     -0.381     -0.131     -7.291      7.303      0.135
   355         22  gamma               91   141     0     0     0     0     0      0.035     -0.211   -186.999    187.000      0.000
   356         22  gamma               91   141     0     0     0     0     0      0.148     -0.144   -157.465    157.465      0.000
   357         22  gamma               91   147     0     0     0     0     0     -0.101      0.173    -16.483     16.484      0.000
   358         22  gamma               91   147     0     0     0     0     0      0.003      0.027     -0.462      0.463      0.000
   359         22  gamma               91   153     0     0     0     0     0     -0.145     -0.024     -0.199      0.248      0.000
   360         22  gamma               91   153     0     0     0     0     0     -0.163     -0.160     -0.502      0.551      0.000
   361        211  pi+                 91   154     0     0     0     0     0     -1.247      0.005     -1.466      1.929      0.140
   362       -211  pi-                 91   154     0     0     0     0     0     -0.245      0.062     -0.509      0.585      0.140
   363        111  (pi0)              -91   154     0   462   463     0     0     -0.463      0.219     -0.348      0.634      0.135
   364         22  gamma               91   156     0     0     0     0     0     -0.038      0.032     -0.012      0.051      0.000
   365         22  gamma               91   156     0     0     0     0     0     -0.287      0.001     -0.393      0.487      0.000
   366         22  gamma               91   157     0     0     0     0     0     -0.257     -0.056     -0.143      0.299      0.000
   367         22  gamma               91   157     0     0     0     0     0     -0.040     -0.002      0.031      0.050      0.000
   368        521  (B+)               -91   158     0   464   468     0     0    -69.194    -13.614    -73.949    102.320      5.279
   369         22  gamma               91   158     0     0     0     0     0     -0.887     -0.163     -1.001      1.347      0.000
   370       -521  (B-)               -91   163     0   469   472     0     0     62.799    -28.605   -182.779    195.443      5.279
   371         22  gamma               91   163     0     0     0     0     0      0.059     -0.042     -0.149      0.166      0.000
   372         22  gamma               91   165     0     0     0     0     0     -0.061     -0.391     -0.307      0.501      0.000
   373         22  gamma               91   165     0     0     0     0     0      0.034     -0.418     -0.209      0.469      0.000
   374        211  pi+                 91   171     0     0     0     0     0     -1.810     -2.420      1.119      3.226      0.140
   375       -211  pi-                 91   171     0     0     0     0     0     -0.278     -0.480      0.389      0.692      0.140
   376        111  (pi0)              -91   171     0   473   474     0     0     -0.892     -1.520      0.919      1.993      0.135
   377         22  gamma               91   176     0     0     0     0     0     -0.002      0.006      0.019      0.020      0.000
   378         22  gamma               91   176     0     0     0     0     0     -0.640     -0.551      0.968      1.285      0.000
   379         22  gamma               91   179     0     0     0     0     0     -0.025     -0.000      0.009      0.027      0.000
   380         22  gamma               91   179     0     0     0     0     0     -0.097     -0.028      0.644      0.652      0.000
   381        211  pi+                 91   184     0     0     0     0     0      0.412      0.035      0.211      0.485      0.140
   382       -211  pi-                 91   184     0     0     0     0     0     -0.081      0.039      0.212      0.269      0.140
   383        111  (pi0)              -91   184     0   475   476     0     0      0.071      0.276      0.321      0.450      0.135
   384         22  gamma               91   185     0     0     0     0     0     -0.067     -0.337     -0.192      0.393      0.000
   385         22  gamma               91   185     0     0     0     0     0     -0.070     -0.044     -0.055      0.100      0.000
   386         22  gamma               91   186     0     0     0     0     0      0.203     -0.125      0.152      0.283      0.000
   387         22  gamma               91   186     0     0     0     0     0      0.041      0.014     -0.017      0.046      0.000
   388        211  pi+                 91   199     0     0     0     0     0     -0.034     -0.133     -3.649      3.654      0.140
   389       -211  pi-                 91   199     0     0     0     0     0      0.111     -0.078     -1.796      1.807      0.140
   390        221  (eta)              -91   199     0   477   479     0     0      0.615     -0.472    -11.460     11.499      0.548
   391         22  gamma               91   200     0     0     0     0     0      0.177     -0.067     -1.721      1.732      0.000
   392         22  gamma               91   200     0     0     0     0     0      0.319     -0.160     -5.359      5.371      0.000
   393        211  pi+                 91   218     0     0     0     0     0     -0.257     -0.043    180.805    180.805      0.140
   394       -211  pi-                 91   218     0     0     0     0     0      0.090      0.003      9.843      9.844      0.140
   395         22  gamma               91   229     0     0     0     0     0      0.097     -0.317     38.781     38.782      0.000
   396         22  gamma               91   229     0     0     0     0     0     -0.004     -0.262     21.918     21.919      0.000
   397        111  (pi0)              -91   233     0   480   481     0     0      0.046     -0.045     23.457     23.457      0.135
   398         22  gamma               91   233     0     0     0     0     0      0.653     -0.367     19.668     19.682      0.000
   399         22  gamma               91   241     0     0     0     0     0      4.058      0.620     14.424     14.997      0.000
   400         22  gamma               91   241     0     0     0     0     0      0.490      0.028      1.746      1.813      0.000
   401         22  gamma               91   243     0     0     0     0     0      0.027     -0.042      0.111      0.122      0.000
   402         22  gamma               91   243     0     0     0     0     0      0.406     -0.006      0.866      0.956      0.000
   403         22  gamma               91   248     0     0     0     0     0     -0.030     -0.163     -0.517      0.543      0.000
   404         22  gamma               91   248     0     0     0     0     0      0.100     -0.388     -1.712      1.759      0.000
   405        111  (pi0)              -91   249     0   482   483     0     0     -0.192     -0.039     -0.376      0.445      0.135
   406         22  gamma               91   249     0     0     0     0     0     -0.744      0.917     -5.151      5.285      0.000
   407         22  gamma               91   251     0     0     0     0     0     -0.040      0.319     -7.104      7.111      0.000
   408         22  gamma               91   251     0     0     0     0     0      0.067      0.269     -4.719      4.727      0.000
   409        113  (rho0)             -91   252     0   484   485     0     0     -0.599     -0.498    -32.958     32.979      0.865
   410         22  gamma               91   252     0     0     0     0     0      0.033     -0.070     -3.495      3.496      0.000
   411         22  gamma               91   253     0     0     0     0     0      0.139     -0.053     -2.058      2.064      0.000
   412         11  e-                  91   253     0     0     0     0     0     -0.083      0.067     -6.462      6.463      0.001
   413        -11  e+                  91   253     0     0     0     0     0      0.047      0.194    -14.991     14.992      0.001
   414         22  gamma               91   259     0     0     0     0     0      0.151     -0.088    -14.374     14.376      0.000
   415         22  gamma               91   259     0     0     0     0     0      0.078     -0.104    -23.389     23.389      0.000
   416         22  gamma               91   261     0     0     0     0     0     -0.124     -0.089    -14.161     14.162      0.000
   417         22  gamma               91   261     0     0     0     0     0     -0.271     -0.249    -19.671     19.675      0.000
   418         22  gamma               91   266     0     0     0     0     0      0.032     -0.020     -8.692      8.692      0.000
   419         22  gamma               91   266     0     0     0     0     0      0.098      0.184    -31.764     31.765      0.000
   420         22  gamma               91   268     0     0     0     0     0     -0.053     -0.132     -8.122      8.123      0.000
   421         22  gamma               91   268     0     0     0     0     0     -0.070      0.011     -6.681      6.681      0.000
   422         22  gamma               91   270     0     0     0     0     0      0.024     -0.083     -1.662      1.665      0.000
   423         22  gamma               91   270     0     0     0     0     0      0.163     -0.016     -3.829      3.833      0.000
   424         22  gamma               91   272     0     0     0     0     0     -0.271      0.057     -2.080      2.098      0.000
   425         22  gamma               91   272     0     0     0     0     0     -0.228      0.184     -2.030      2.051      0.000
   426         22  gamma               91   278     0     0     0     0     0     -0.102     -0.035     -0.111      0.155      0.000
   427         22  gamma               91   278     0     0     0     0     0     -0.122      0.014      0.016      0.124      0.000
   428         22  gamma               91   280     0     0     0     0     0     -0.012     -0.241      0.101      0.261      0.000
   429         22  gamma               91   280     0     0     0     0     0     -0.201     -0.438      0.145      0.503      0.000
   430         22  gamma               91   282     0     0     0     0     0     -1.000     -1.005      0.981      1.724      0.000
   431         22  gamma               91   282     0     0     0     0     0     -0.485     -0.411      0.532      0.829      0.000
   432         22  gamma               91   285     0     0     0     0     0      0.075     -0.218      1.038      1.063      0.000
   433         22  gamma               91   285     0     0     0     0     0     -0.041     -0.381      1.508      1.556      0.000
   434        211  pi+                 91   289     0     0     0     0     0     -0.163      0.860     -1.836      2.039      0.140
   435       -211  pi-                 91   289     0     0     0     0     0      0.012      0.030     -0.351      0.380      0.140
   436         22  gamma               91   293     0     0     0     0     0      0.040     -0.037     -1.197      1.198      0.000
   437         22  gamma               91   293     0     0     0     0     0      0.108     -0.046     -0.567      0.579      0.000
   438         22  gamma               91   297     0     0     0     0     0      0.112      1.274      0.428      1.349      0.000
   439         22  gamma               91   297     0     0     0     0     0     -0.013      0.013      0.010      0.021      0.000
   440        111  (pi0)              -91   302     0   486   487     0     0     -0.486      0.506      3.402      3.477      0.135
   441        111  (pi0)              -91   302     0   488   489     0     0     -0.188     -0.052      1.255      1.278      0.135
   442         22  gamma               91   304     0     0     0     0     0     -0.060     -0.185      0.557      0.590      0.000
   443         22  gamma               91   304     0     0     0     0     0     -0.108     -0.042      0.247      0.273      0.000
   444         22  gamma               91   306     0     0     0     0     0      0.049      0.008      0.282      0.286      0.000
   445         22  gamma               91   306     0     0     0     0     0      0.056      0.079      0.091      0.133      0.000
   446         22  gamma               91   310     0     0     0     0     0      0.171      0.021      4.846      4.849      0.000
   447         22  gamma               91   310     0     0     0     0     0      0.065      0.100      5.095      5.096      0.000
   448         22  gamma               91   312     0     0     0     0     0     -0.157      0.061      1.995      2.002      0.000
   449         22  gamma               91   312     0     0     0     0     0     -0.219     -0.058      3.667      3.674      0.000
   450         22  gamma               91   316     0     0     0     0     0      0.028      0.039     40.874     40.874      0.000
   451         22  gamma               91   316     0     0     0     0     0      0.204     -0.048     85.283     85.283      0.000
   452         22  gamma               91   318     0     0     0     0     0     -0.149     -0.744   1398.755   1398.755      0.000
   453         22  gamma               91   318     0     0     0     0     0      0.011     -0.102    275.583    275.583      0.000
   454         22  gamma               91   327     0     0     0     0     0      0.085     -0.208     12.280     12.282      0.000
   455         22  gamma               91   327     0     0     0     0     0      0.174     -0.344     13.439     13.445      0.000
   456         22  gamma               91   334     0     0     0     0     0      0.167     -0.034      0.015      0.171      0.000
   457         22  gamma               91   334     0     0     0     0     0      0.142     -0.118      0.131      0.226      0.000
   458         22  gamma               91   351     0     0     0     0     0      0.227     -0.036    -21.104     21.106      0.000
   459         22  gamma               91   351     0     0     0     0     0     -0.016     -0.015     -3.584      3.585      0.000
   460         22  gamma               91   354     0     0     0     0     0     -0.176     -0.012     -3.968      3.972      0.000
   461         22  gamma               91   354     0     0     0     0     0     -0.206     -0.119     -3.322      3.331      0.000
   462         22  gamma               91   363     0     0     0     0     0     -0.157      0.113     -0.198      0.277      0.000
   463         22  gamma               91   363     0     0     0     0     0     -0.306      0.106     -0.150      0.357      0.000
   464       -421  (Dbar0)            -91   368     0   490   492     0     0    -23.956     -4.364    -25.262     35.137      1.865
   465        321  K+                  91   368     0     0     0     0     0    -10.636     -2.245    -11.255     15.655      0.494
   466        331  (eta')             -91   368     0   493   494     0     0    -26.511     -5.725    -28.834     39.597      0.958
   467       -311  (Kbar0)            -91   368     0   495   495     0     0     -3.606     -0.814     -3.929      5.418      0.498
   468        221  (eta)              -91   368     0   496   498     0     0     -4.486     -0.465     -4.669      6.514      0.548
   469        421  (D0)               -91   370     0   499   501     0     0     21.940     -9.256    -65.038     69.285      1.865
   470       -213  (rho-)             -91   370     0   502   503     0     0     27.379    -12.403    -76.495     82.193      0.885
   471        111  (pi0)              -91   370     0   504   505     0     0      1.267     -0.923     -3.880      4.187      0.135
   472        223  (omega)            -91   370     0   506   508     0     0     12.212     -6.023    -37.365     39.777      0.784
   473         22  gamma               91   376     0     0     0     0     0     -0.548     -0.842      0.468      1.108      0.000
   474         22  gamma               91   376     0     0     0     0     0     -0.344     -0.679      0.450      0.884      0.000
   475         22  gamma               91   383     0     0     0     0     0      0.012      0.220      0.168      0.277      0.000
   476         22  gamma               91   383     0     0     0     0     0      0.059      0.057      0.152      0.173      0.000
   477        211  pi+                 91   390     0     0     0     0     0      0.074     -0.118     -2.738      2.745      0.140
   478       -211  pi-                 91   390     0     0     0     0     0      0.162     -0.057     -1.515      1.531      0.140
   479         22  gamma               91   390     0     0     0     0     0      0.379     -0.297     -7.206      7.223      0.000
   480         22  gamma               91   397     0     0     0     0     0      0.037      0.035     15.209     15.210      0.000
   481         22  gamma               91   397     0     0     0     0     0      0.009     -0.080      8.247      8.248      0.000
   482         22  gamma               91   405     0     0     0     0     0     -0.160     -0.029     -0.378      0.411      0.000
   483         22  gamma               91   405     0     0     0     0     0     -0.032     -0.010      0.002      0.034      0.000
   484        211  pi+                 91   409     0     0     0     0     0     -0.334     -0.709    -21.896     21.911      0.140
   485       -211  pi-                 91   409     0     0     0     0     0     -0.264      0.211    -11.062     11.068      0.140
   486         22  gamma               91   440     0     0     0     0     0     -0.334      0.392      2.214      2.273      0.000
   487         22  gamma               91   440     0     0     0     0     0     -0.152      0.114      1.189      1.204      0.000
   488         22  gamma               91   441     0     0     0     0     0     -0.082     -0.086      0.805      0.814      0.000
   489         22  gamma               91   441     0     0     0     0     0     -0.106      0.034      0.450      0.463      0.000
   490        321  K+                  91   464     0     0     0     0     0     -9.587     -1.962     -9.902     13.931      0.494
   491        221  (eta)              -91   464     0   509   510     0     0     -7.701     -0.805     -8.262     11.337      0.548
   492       -211  pi-                 91   464     0     0     0     0     0     -6.668     -1.598     -7.098      9.869      0.140
   493        113  (rho0)             -91   466     0   511   512     0     0    -20.472     -4.518    -22.570     30.813      0.711
   494         22  gamma               91   466     0     0     0     0     0     -6.039     -1.207     -6.264      8.784      0.000
   495        130  K_L0                91   467   467     0     0     0     0     -3.606     -0.814     -3.929      5.418      0.498
   496        111  (pi0)              -91   468     0   513   514     0     0     -1.321     -0.033     -1.464      1.977      0.135
   497        111  (pi0)              -91   468     0   515   516     0     0     -2.201     -0.351     -2.317      3.218      0.135
   498        111  (pi0)              -91   468     0   517   518     0     0     -0.963     -0.081     -0.888      1.319      0.135
   499       -321  K-                  91   469     0     0     0     0     0      4.657     -2.485    -14.191     15.149      0.494
   500        211  pi+                 91   469     0     0     0     0     0     12.900     -4.912    -36.801     39.305      0.140
   501        111  (pi0)              -91   469     0   519   520     0     0      4.384     -1.860    -14.046     14.832      0.135
   502       -211  pi-                 91   470     0     0     0     0     0     20.601     -9.054    -56.554     60.867      0.140
   503        111  (pi0)              -91   470     0   521   522     0     0      6.778     -3.349    -19.941     21.326      0.135
   504         22  gamma               91   471     0     0     0     0     0      0.798     -0.626     -2.647      2.835      0.000
   505         22  gamma               91   471     0     0     0     0     0      0.469     -0.297     -1.233      1.352      0.000
   506        211  pi+                 91   472     0     0     0     0     0      5.837     -2.682    -17.108     18.274      0.140
   507       -211  pi-                 91   472     0     0     0     0     0      4.553     -2.251    -14.107     14.994      0.140
   508        111  (pi0)              -91   472     0   523   524     0     0      1.822     -1.090     -6.151      6.508      0.135
   509         22  gamma               91   491     0     0     0     0     0     -4.317     -0.249     -4.339      6.126      0.000
   510         22  gamma               91   491     0     0     0     0     0     -3.384     -0.555     -3.924      5.211      0.000
   511        211  pi+                 91   493     0     0     0     0     0     -0.855     -0.192     -0.999      1.336      0.140
   512       -211  pi-                 91   493     0     0     0     0     0    -19.617     -4.326    -21.571     29.476      0.140
   513         22  gamma               91   496     0     0     0     0     0     -0.455      0.013     -0.418      0.618      0.000
   514         22  gamma               91   496     0     0     0     0     0     -0.866     -0.046     -1.046      1.359      0.000
   515         22  gamma               91   497     0     0     0     0     0     -1.320     -0.172     -1.460      1.976      0.000
   516         22  gamma               91   497     0     0     0     0     0     -0.881     -0.179     -0.857      1.242      0.000
   517         22  gamma               91   498     0     0     0     0     0     -0.766     -0.032     -0.758      1.078      0.000
   518         22  gamma               91   498     0     0     0     0     0     -0.197     -0.050     -0.130      0.241      0.000
   519         22  gamma               91   501     0     0     0     0     0      1.446     -0.679     -4.651      4.918      0.000
   520         22  gamma               91   501     0     0     0     0     0      2.938     -1.180     -9.396      9.915      0.000
   521         22  gamma               91   503     0     0     0     0     0      6.735     -3.315    -19.795     21.171      0.000
   522         22  gamma               91   503     0     0     0     0     0      0.043     -0.034     -0.145      0.155      0.000
   523         22  gamma               91   508     0     0     0     0     0      0.931     -0.632     -3.313      3.499      0.000
   524         22  gamma               91   508     0     0     0     0     0      0.891     -0.458     -2.838      3.009      0.000
                                   Charge sum:  2.000           Momentum sum:      0.000      0.000      0.000  13000.000  13000.000

 --------  End PYTHIA Event Listing  -----------------------------------------------------------------------------------------------
#--------------------------------------------------------------------------
#                     FastJet release 3.4.0 [fjcore]
#                 M. Cacciari, G.P. Salam and G. Soyez                  
#     A software package for jet finding and analysis at colliders      
#                           http://fastjet.fr                           
#	                                                                      
# Please cite EPJC72(2012)1896 [arXiv:1111.6097] if you use this package
# for scientific work and optionally PLB641(2006)57 [hep-ph/0512210].   
#                                                                       
# FastJet is provided without warranty under the GNU GPL v2 or higher.  
# It uses T. Chan's closest pair algorithm, S. Fortune's Voronoi code
# and 3rd party plugin jet algorithms. See COPYING file for details.
#--------------------------------------------------------------------------
 PYTHIA Warning in SimpleSpaceShower::pT2nextQCD: weight above unity  
 PYTHIA Warning in SimpleSpaceShower::pT2nextQCD: small daughter PDF  
 PYTHIA Warning in StringFragmentation::fragmentToJunction: bad convergence junction rest frame  
 PYTHIA Warning in ColConfig::collect: negative-energy parton encountered  
 PYTHIA Error in Pythia::check: unmatched particle energy/momentum/mass  
 PYTHIA Error in Pythia::next: check of event revealed problems  
 PYTHIA Error in BeamRemnants::setKinematics: kinematics construction failed  
 PYTHIA Error in StringFragmentation::fragment: stuck in joining  
 PYTHIA Error in Pythia::next: hadronLevel failed; try again  

 Pythia::next(): 1000 events have been generated 
 PYTHIA Warning in HadronWidths::pickMasses: angular momentum and running widths not used  

 Pythia::next(): 2000 events have been generated 
 PYTHIA Warning in MultipartonInteractions::pTnext: weight above unity  
 PYTHIA Error in SimpleSpaceShower::pT2nearThreshold: stuck in loop  
 PYTHIA Error in SimpleSpaceShower::pT2nearThreshold: xPDF = 0  

 Pythia::next(): 3000 events have been generated 

 Pythia::next(): 4000 events have been generated 
 PYTHIA Warning in Pythia::check: not quite matched particle energy/momentum/mass  
 PYTHIA Warning in TauDecays::decay: maximum decay weight exceeded in tau decay  

 Pythia::next(): 5000 events have been generated 

 Pythia::next(): 6000 events have been generated 

 Pythia::next(): 7000 events have been generated 

 Pythia::next(): 8000 events have been generated 

 Pythia::next(): 9000 events have been generated 

 *-------  PYTHIA Event and Cross Section Statistics  -------------------------------------------------------------*
 |                                                                                                                 |
 | Subprocess                                    Code |            Number of events       |      sigma +- delta    |
 |                                                    |       Tried   Selected   Accepted |     (estimated) (mb)   |
 |                                                    |                                   |                        |
 |-----------------------------------------------------------------------------------------------------------------|
 |                                                    |                                   |                        |
 | Les Houches User Process(es)                  9999 |       10000      10000      10000 |   8.394e-08  0.000e+00 |
 |    ... whereof user classification code     322200 |       10000      10000      10000 |                        | 
 |                                                    |                                   |                        |
 | sum                                                |       10000      10000      10000 |   8.394e-08  0.000e+00 |
 |                                                                                                                 |
 *-------  End PYTHIA Event and Cross Section Statistics ----------------------------------------------------------*

 *-------  PYTHIA Error and Warning Messages Statistics  ----------------------------------------------------------* 
 |                                                                                                                 | 
 |  times   message                                                                                                | 
 |                                                                                                                 | 
 |     11   Error in BeamRemnants::setKinematics: kinematics construction failed                                   | 
 |     24   Error in Pythia::check: unmatched particle energy/momentum/mass                                        | 
 |      3   Error in Pythia::next: check of event revealed problems                                                | 
 |      7   Error in Pythia::next: hadronLevel failed; try again                                                   | 
 |     11   Error in SimpleSpaceShower::pT2nearThreshold: stuck in loop                                            | 
 |      9   Error in SimpleSpaceShower::pT2nearThreshold: xPDF = 0                                                 | 
 |      7   Error in StringFragmentation::fragment: stuck in joining                                               | 
 |      2   Warning in ColConfig::collect: negative-energy parton encountered                                      | 
 |      1   Warning in HadronWidths::pickMasses: angular momentum and running widths not used                      | 
 |      4   Warning in MultipartonInteractions::pTnext: weight above unity                                         | 
 |      1   Warning in Pythia::check: not quite matched particle energy/momentum/mass                              | 
 |   1876   Warning in SimpleSpaceShower::pT2nextQCD: small daughter PDF                                           | 
 |   4341   Warning in SimpleSpaceShower::pT2nextQCD: weight above unity                                           | 
 |     27   Warning in StringFragmentation::fragmentToJunction: bad convergence junction rest frame                | 
 |      1   Warning in TauDecays::decay: maximum decay weight exceeded in tau decay                                | 
 |      2   Warning in TimeShower::init: pTmin too low                                                             | 
 |                                                                                                                 | 
 *-------  End PYTHIA Error and Warning Messages Statistics  ------------------------------------------------------* 
Using LHE File: /nfs/dust/cms/user/amoroso/powheg/POWHEG-BOX-V2/ttJ_MiNNLOPS_v1.0_beta1/decay-ll/pwgevents-0618.lhe
less then 10000 events in LHE, using all LHE events
np.shape(P0) = (10000, 3, 9)
np.shape(nJets) = (10000, 2)
np.shape(jets_4vectors) = (10000, 20, 6)
