Configured CUDA from: /cvmfs/sft.cern.ch/lcg/releases/cuda/12.4-4899e/x86_64-el9-gcc11-opt

 *------------------------------------------------------------------------------------* 
 |                                                                                    | 
 |  *------------------------------------------------------------------------------*  | 
 |  |                                                                              |  | 
 |  |                                                                              |  | 
 |  |   PPP   Y   Y  TTTTT  H   H  III    A      Welcome to the Lund Monte Carlo!  |  | 
 |  |   P  P   Y Y     T    H   H   I    A A     This is PYTHIA version 8.309      |  | 
 |  |   PPP     Y      T    HHHHH   I   AAAAA    Last date of change: 16 Feb 2023  |  | 
 |  |   P       Y      T    H   H   I   A   A                                      |  | 
 |  |   P       Y      T    H   H  III  A   A    Now is 03 Sep 2024 at 19:05:33    |  | 
 |  |                                                                              |  | 
 |  |   Program documentation and an archive of historic versions is found on:     |  | 
 |  |                                                                              |  | 
 |  |                               https://pythia.org/                            |  | 
 |  |                                                                              |  | 
 |  |   PYTHIA is authored by a collaboration consisting of:                       |  | 
 |  |                                                                              |  | 
 |  |   Christian Bierlich, Nishita Desai, Leif Gellersen, Ilkka Helenius, Philip  |  | 
 |  |   Ilten, Leif Lonnblad, Stephen Mrenna, Stefan Prestel, Christian Preuss,    |  | 
 |  |   Torbjorn Sjostrand, Peter Skands, Marius Utheim and Rob Verheyen.          |  | 
 |  |                                                                              |  | 
 |  |   The complete list of authors, including contact information and            |  | 
 |  |   affiliations, can be found on https://pythia.org/.                         |  | 
 |  |   Problems or bugs should be reported on email at authors@pythia.org.        |  | 
 |  |                                                                              |  | 
 |  |   The main program reference is C. Bierlich et al,                           |  | 
 |  |   'A comprehensive guide to the physics and usage of Pythia 8.3',            |  | 
 |  |   SciPost Phys. Codebases 8-r8.3 (2022) [arXiv:2203.11601 [hep-ph]]          |  | 
 |  |                                                                              |  | 
 |  |   PYTHIA is released under the GNU General Public Licence version 2 or later.|  | 
 |  |   Please respect the MCnet Guidelines for Event Generator Authors and Users. |  | 
 |  |                                                                              |  | 
 |  |   Disclaimer: this program comes without any guarantees.                     |  | 
 |  |   Beware of errors and use common sense when interpreting results.           |  | 
 |  |                                                                              |  | 
 |  |   Copyright (C) 2023 Torbjorn Sjostrand                                      |  | 
 |  |                                                                              |  | 
 |  |                                                                              |  | 
 |  *------------------------------------------------------------------------------*  | 
 |                                                                                    | 
 *------------------------------------------------------------------------------------* 


 *-------  PYTHIA Process Initialization  --------------------------*
 |                                                                  |
 | We collide p+ with p+ at a CM energy of 1.300e+04 GeV            |
 |                                                                  |
 |------------------------------------------------------------------|
 |                                                    |             |
 | Subprocess                                    Code |   Estimated |
 |                                                    |    max (mb) |
 |                                                    |             |
 |------------------------------------------------------------------|
 |                                                    |             |
 | Les Houches User Process(es)                  9999 |   1.000e-09 |
 |                                                                  |
 *-------  End PYTHIA Process Initialization -----------------------*
 PYTHIA Warning in TimeShower::init: pTmin too low , raised to 0.611

 *-------  PYTHIA Multiparton Interactions Initialization  ---------* 
 |                                                                  | 
 |                   sigmaNonDiffractive =    55.51 mb              | 
 |                                                                  | 
 |    pT0 =  1.44 gives sigmaInteraction =   399.65 mb: accepted    | 
 |                                                                  | 
 *-------  End PYTHIA Multiparton Interactions Initialization  -----* 

 *-------  PYTHIA Flag + Mode + Parm + Word + FVec + MVec + PVec + WVec Settings (changes only)  ------------------* 
 |                                                                                                                 | 
 | Name                                          |                      Now |      Default         Min         Max | 
 |                                               |                          |                                      | 
 | Beams:frameType                               |                        4 |            1           1           5 | 
 | Beams:LHEF                                    | /nfs/dust/cms/user/amoroso/powheg/POWHEG-BOX-V2/ttJ_MiNNLOPS_v1.0_beta1/decay-ll/pwgevents-0723.lhe |         void | 
 | ColourReconnection:range                      |                  5.17600 |      1.80000         0.0    10.00000 | 
 | Main:timesAllowErrors                         |                      500 |           10           0             | 
 | MultipartonInteractions:alphaSorder           |                        2 |            1           0           3 | 
 | MultipartonInteractions:alphaSvalue           |                  0.11800 |      0.13000   0.0600000     0.25000 | 
 | MultipartonInteractions:bProfile              |                        2 |            3           0           4 | 
 | MultipartonInteractions:coreFraction          |                  0.63000 |      0.50000         0.0     1.00000 | 
 | MultipartonInteractions:coreRadius            |                  0.76340 |      0.40000     0.10000     1.00000 | 
 | MultipartonInteractions:ecmPow                |                0.0334400 |      0.21500         0.0     0.50000 | 
 | MultipartonInteractions:pT0Ref                |                  1.41000 |      2.28000     0.50000    10.00000 | 
 | ParticleDecays:limitTau                       |                       on |          off                         | 
 | PartonLevel:FSR                               |                      off |           on                         | 
 | PDF:pSet                                      |                       20 |           13                         | 
 | Random:seed                                   |                      723 |           -1               900000000 | 
 | Random:setSeed                                |                       on |          off                         | 
 | SigmaProcess:alphaSorder                      |                        2 |            1           0           3 | 
 | SigmaProcess:alphaSvalue                      |                  0.11800 |      0.13000   0.0600000     0.25000 | 
 | SigmaTotal:mode                               |                        0 |            1           0           4 | 
 | SigmaTotal:sigmaEl                            |                 21.89000 |     25.00000         0.0             | 
 | SigmaTotal:sigmaTot                           |                100.30900 |    100.00000         0.0             | 
 | SigmaTotal:zeroAXB                            |                      off |           on                         | 
 | SpaceShower:alphaSorder                       |                        2 |            1           0           3 | 
 | SpaceShower:alphaSvalue                       |                  0.11800 |      0.13650   0.0600000     0.25000 | 
 | SpaceShower:dipoleRecoil                      |                       on |          off                         | 
 | SpaceShower:pTmaxMatch                        |                        1 |            0           0           2 | 
 | TimeShower:alphaSorder                        |                        2 |            1           0           3 | 
 | TimeShower:alphaSvalue                        |                  0.11800 |      0.13650   0.0600000     0.25000 | 
 |                                                                                                                 | 
 *-------  End PYTHIA Flag + Mode + Parm + Word + FVec + MVec + PVec + WVec Settings  -----------------------------* 

 --------  PYTHIA Particle Data Table (changed only)  ------------------------------------------------------------------------------
 
      id   name            antiName         spn chg col      m0        mWidth      mMin       mMax       tau0    res dec ext vis wid
             no onMode   bRatio   meMode     products 

       6  t                tbar               2   2   1  173.00000    1.36916   86.00000    0.00000  1.44122e-13   1   1   0   1   0
              0     1   0.0000664    0       24        1 
              1     1   0.0017361    0       24        3 
              2     1   0.9981975    0       24        5 
              3     1   0.0000000    0       37        5 

 --------  End PYTHIA Particle Data Table  -----------------------------------------------------------------------------------------


 --------  LHA event information and listing  ---------------------------------------------------------------------- 

    process =   322200    weight =   1.0325e+02     scale =   9.2039e-01 (GeV) 
                        alpha_em =  -1.0000e+00    alpha_strong =   6.6540e-01

    Participating Particles 
    no        id stat     mothers     colours      p_x        p_y        p_z         e          m        tau    spin 
     1        -1   -1     0     0     0   514      0.000      0.000    169.577    169.577      0.000   0.000   9.000
     2         1   -1     0     0   511     0      0.000      0.000   -541.953    541.953      0.000   0.000   9.000
     3         6    2     1     2   511     0     38.741     36.004   -455.447    489.887    172.510   0.000   9.000
     4        -6    2     1     2     0   513    -39.214    -35.448     48.625    187.118    172.784   0.000   9.000
     5        21    1     1     2   513   512     -0.447     -0.573      3.974      4.040      0.000   0.000   9.000
     6        21    1     1     2   512   514      0.920      0.016     30.472     30.486      0.000   0.000   9.000
     7         5    1     3     3   511     0      4.932     49.702    -34.734     61.035      4.920   0.000  -1.000
     8        24    2     3     3     0     0     33.808    -13.698   -420.713    428.851     74.724   0.000   9.000
     9        -5    1     4     4     0   513    -70.473    -22.179     63.480     97.531      4.920   0.000   1.000
    10       -24    2     4     4     0     0     31.258    -13.269    -14.855     89.587     81.560   0.000   9.000
    11       -15    1     8     8     0     0     53.852    -20.723   -237.666    244.576      1.777   0.000   1.000
    12        16    1     8     8     0     0    -20.043      7.025   -183.047    184.275      0.000   0.000  -1.000
    13        13    1    10    10     0     0    -19.652    -14.413    -27.875     37.026      0.106   0.000  -1.000
    14       -14    1    10    10     0     0     50.910      1.145     13.020     52.561      0.000   0.000   1.000

 --------  End LHA event information and listing  ------------------------------------------------------------------ 

 --------  PYTHIA Info Listing  ---------------------------------------- 
 
 Beam A: id =   2212, pz =  6.500e+03, e =  6.500e+03, m =  9.383e-01.
 Beam B: id =   2212, pz = -6.500e+03, e =  6.500e+03, m =  9.383e-01.

 In 1: id =   -1, x =  2.609e-02, pdf =  0.000e+00 at Q2 =  8.471e-01.
 In 2: id =    1, x =  8.338e-02, pdf =  0.000e+00 at same Q2.

 Process Les Houches User Process(es) with code 9999 is 2 -> 4.
 Subprocess user process 322200 with code 322200 is 2 -> 4.
     alphaEM =  7.439e-03,  alphaS =  6.654e-01    at Q2 =  8.471e-01.

 Impact parameter b =  1.463e+00 gives enhancement factor =  6.869e-02.
 Max pT scale for MPI =  1.300e+04, ISR =  9.204e-01, FSR =  9.204e-01.
 Number of MPI =     2, ISR =     0, FSRproc =     0, FSRreson =     0.

 --------  End PYTHIA Info Listing  ------------------------------------

 --------  PYTHIA Event Listing  (hard process)  -----------------------------------------------------------------------------------
 
    no         id  name            status     mothers   daughters     colours      p_x        p_y        p_z         e          m 
     0         90  (system)           -11     0     0     0     0     0     0      0.000      0.000      0.000  13000.000  13000.000
     1       2212  (p+)               -12     0     0     3     0     0     0      0.000      0.000   6500.000   6500.000      0.938
     2       2212  (p+)               -12     0     0     4     0     0     0      0.000      0.000  -6500.000   6500.000      0.938
     3         -1  (dbar)             -21     1     0     5     8     0   514      0.000      0.000    169.577    169.577      0.000
     4          1  (d)                -21     2     0     5     8   511     0      0.000      0.000   -541.953    541.953      0.000
     5          6  (t)                -22     3     4     9    10   511     0     38.741     36.004   -455.447    489.887    172.510
     6         -6  (tbar)             -22     3     4    11    12     0   513    -39.214    -35.448     48.625    187.118    172.784
     7         21  g                   23     3     4     0     0   513   512     -0.447     -0.573      3.974      4.040      0.000
     8         21  g                   23     3     4     0     0   512   514      0.920      0.016     30.472     30.486      0.000
     9          5  b                   23     5     0     0     0   511     0      4.932     49.702    -34.734     61.035      4.920
    10         24  (W+)               -22     5     0    13    14     0     0     33.808    -13.698   -420.713    428.851     74.724
    11         -5  bbar                23     6     0     0     0     0   513    -70.473    -22.179     63.480     97.531      4.920
    12        -24  (W-)               -22     6     0    15    16     0     0     31.258    -13.269    -14.855     89.587     81.560
    13        -15  tau+                23    10     0     0     0     0     0     53.852    -20.723   -237.666    244.576      1.777
    14         16  nu_tau              23    10     0     0     0     0     0    -20.043      7.025   -183.047    184.275      0.000
    15         13  mu-                 23    12     0     0     0     0     0    -19.652    -14.413    -27.875     37.026      0.106
    16        -14  nu_mubar            23    12     0     0     0     0     0     50.910      1.145     13.020     52.561      0.000
                                   Charge sum:  0.000           Momentum sum:     -0.000      0.000   -372.376    711.530    606.310

 --------  End PYTHIA Event Listing  -----------------------------------------------------------------------------------------------

 --------  PYTHIA Event Listing  (complete event)  ---------------------------------------------------------------------------------
 
    no         id  name            status     mothers   daughters     colours      p_x        p_y        p_z         e          m 
     0         90  (system)           -11     0     0     0     0     0     0      0.000      0.000      0.000  13000.000  13000.000
     1       2212  (p+)               -12     0     0    13     0     0     0      0.000      0.000   6500.000   6500.000      0.938
     2       2212  (p+)               -12     0     0    14     0     0     0      0.000      0.000  -6500.000   6500.000      0.938
     3         -1  (dbar)             -21    13    13     5     8     0   514      0.000      0.000    169.577    169.577      0.000
     4          1  (d)                -21    14    14     5     8   511     0      0.000      0.000   -541.953    541.953      0.000
     5          6  (t)                -22     3     4    15    15   511     0     38.741     36.004   -455.447    489.887    172.510
     6         -6  (tbar)             -22     3     4    16    16     0   513    -39.214    -35.448     48.625    187.118    172.784
     7         21  (g)                -23     3     4    17    17   513   512     -0.447     -0.573      3.974      4.040      0.000
     8         21  (g)                -23     3     4    18    18   512   514      0.920      0.016     30.472     30.486      0.000
     9         -2  (ubar)             -31    19    19    11    12     0   515      0.000      0.000      0.000      0.000      0.000
    10         21  (g)                -31    20    20    11    12   517   516      0.000      0.000   -809.261    809.261      0.000
    11         -2  (ubar)             -33     9    10    21    21     0   516      0.429     -0.141   -306.171    306.172      0.330
    12         21  (g)                -33     9    10    22    22   517   515     -0.429      0.141   -503.089    503.089      0.000
    13         -1  (dbar)             -61     1     0     3     3     0   514      1.652     -1.051    169.573    169.584      0.000
    14          1  (d)                -61     2     0     4     4   516     0      0.727      0.240   -541.952    541.953      0.000
    15          6  (t)                -62     5     5    28    29   511     0     39.542     36.106   -455.490    489.998    172.510
    16         -6  (tbar)             -62     6     6    30    31     0   513    -37.973    -36.148     48.669    187.007    172.784
    17         21  (g)                -62     7     7    43    43   513   512     -0.408     -0.597      3.974      4.039      0.000
    18         21  (g)                -62     8     8    42    42   512   514      1.217     -0.173     30.467     30.492      0.000
    19         -2  (ubar)             -61     1     0     9     9     0   515     -0.014      0.035     -1.017      1.018      0.000
    20         21  (g)                -61     2     0    10    10   515   516     -0.051      0.036   -811.528    811.528      0.000
    21         -2  (ubar)             -62    11    11    58    58     0   516      0.401     -0.103   -292.168    292.169      0.330
    22         21  (g)                -62    12    12    57    57   516   511     -0.466      0.174   -520.377    520.377      0.000
    23       2103  (ud_1)             -63     1     0    37    37     0   518      0.068     -0.231   4673.438   4673.438      0.771
    24          2  (u)                -63     1     0    39    39   515     0     -0.862      0.295    955.522    955.523      0.330
    25          1  (d)                -63     1     0    36    36   518     0      0.058     -0.023    644.240    644.240      0.330
    26          2  (u)                -63     1     0    41    41   514     0     -0.901      0.975     57.212     57.228      0.330
    27       2203  (uu_1)             -63     2     0    40    40     0   515     -0.675     -0.276  -5145.488   5145.488      0.771
    28          5  (b)                -23    15     0    56    56   511     0      5.032     49.715    -34.740     61.057      4.920
    29         24  (W+)               -22    15     0    32    33     0     0     34.510    -13.608   -420.750    428.941     74.724
    30         -5  (bbar)             -23    16     0    44    44     0   513    -69.827    -22.543     63.503     97.164      4.920
    31        -24  (W-)               -22    16     0    34    35     0     0     31.853    -13.604    -14.834     89.844     81.560
    32        -15  (tau+)             -23    29     0   117   118     0     0     54.252    -20.672   -237.687    244.681      1.777
    33         16  nu_tau              23    29     0     0     0     0     0    -19.742      7.063   -183.063    184.260      0.000
    34         13  mu-                 23    31     0     0     0     0     0    -19.406    -14.552    -27.866     36.944      0.106
    35        -14  nu_mubar            23    31     0     0     0     0     0     51.260      0.947     13.032     52.899      0.000
    36          1  (d)                -71    25    25    38    38   518     0      0.058     -0.023    644.240    644.240      0.330
    37       2103  (ud_1)             -71    23    23    38    38     0   518      0.068     -0.231   4673.438   4673.438      0.771
    38       2114  (Delta0)           -81    36    37    97    98     0     0      0.126     -0.254   5317.678   5317.678      1.173
    39          2  (u)                -72    24    24    75    96   515     0     -0.862      0.295    955.522    955.523      0.330
    40       2203  (uu_1)             -72    27    27    75    96     0   515     -0.675     -0.276  -5145.488   5145.488      0.771
    41          2  (u)                -71    26    26    45    55   514     0     -0.901      0.975     57.212     57.228      0.330
    42         21  (g)                -71    18    18    45    55   512   514      1.217     -0.173     30.467     30.492      0.000
    43         21  (g)                -71    17    17    45    55   513   512     -0.408     -0.597      3.974      4.039      0.000
    44         -5  (bbar)             -71    30    30    45    55     0   513    -69.827    -22.543     63.503     97.164      4.920
    45        211  pi+                 83    41    44     0     0     0     0      0.111      0.174      9.076      9.079      0.140
    46       -211  pi-                 83    41    44     0     0     0     0     -0.386      0.654     33.272     33.281      0.140
    47        111  (pi0)              -83    41    44   119   120     0     0     -0.742      0.239     25.960     25.972      0.135
    48        111  (pi0)              -84    41    44   121   122     0     0      0.543     -0.594      4.308      4.385      0.135
    49        211  pi+                 84    41    44     0     0     0     0      0.558      0.236     14.471     14.484      0.140
    50       -211  pi-                 84    41    44     0     0     0     0     -0.565     -0.103      1.776      1.872      0.140
    51        111  (pi0)              -84    41    44   123   124     0     0      0.111     -0.528      2.281      2.348      0.135
    52        211  pi+                 84    41    44     0     0     0     0     -0.714      0.026      0.922      1.175      0.140
    53       -211  pi-                 84    41    44     0     0     0     0     -1.131     -0.744      1.310      1.889      0.140
    54        213  (rho+)             -84    41    44    99   100     0     0     -4.364     -1.372      3.989      6.159      1.049
    55        513  (B*0)              -84    41    44   125   126     0     0    -63.340    -20.325     57.791     88.279      5.325
    56          5  (b)                -71    28    28    59    74   511     0      5.032     49.715    -34.740     61.057      4.920
    57         21  (g)                -71    22    22    59    74   516   511     -0.466      0.174   -520.377    520.377      0.000
    58         -2  (ubar)             -71    21    21    59    74     0   516      0.401     -0.103   -292.168    292.169      0.330
    59       -523  (B*-)              -83    56    58   127   128     0     0      4.324     41.252    -29.046     50.916      5.325
    60        211  pi+                 83    56    58     0     0     0     0      0.439      3.610     -2.519      4.426      0.140
    61       -211  pi-                 83    56    58     0     0     0     0     -0.019      0.648     -0.455      0.804      0.140
    62       2212  p+                  83    56    58     0     0     0     0      0.187      1.307     -1.514      2.217      0.938
    63        111  (pi0)              -83    56    58   129   130     0     0     -0.307      0.309     -0.493      0.672      0.135
    64      -2112  nbar0               83    56    58     0     0     0     0     -0.034      0.825     -1.781      2.176      0.940
    65        111  (pi0)              -83    56    58   131   132     0     0      0.264      1.659     -1.901      2.541      0.135
    66       -213  (rho-)             -83    56    58   101   102     0     0     -0.059      0.240     -2.150      2.312      0.812
    67        213  (rho+)             -83    56    58   103   104     0     0     -0.023      0.020     -5.920      5.950      0.597
    68        113  (rho0)             -84    56    58   105   106     0     0      0.444     -0.450     -9.584      9.641      0.830
    69        113  (rho0)             -84    56    58   107   108     0     0     -0.551      0.460    -30.275     30.297      0.907
    70       -211  pi-                 84    56    58     0     0     0     0      0.350     -0.261    -37.012     37.015      0.140
    71        211  pi+                 84    56    58     0     0     0     0     -0.041      0.141    -37.530     37.530      0.140
    72       -211  pi-                 84    56    58     0     0     0     0     -0.041     -0.145   -118.285    118.285      0.140
    73        221  (eta)              -84    56    58   133   134     0     0      0.279      0.260   -129.238    129.240      0.548
    74        221  (eta)              -84    56    58   135   137     0     0     -0.244     -0.087   -439.581    439.581      0.548
    75        111  (pi0)              -83    39    40   138   139     0     0     -0.031      0.366    505.395    505.395      0.135
    76       2212  p+                  83    39    40     0     0     0     0     -0.342     -0.289    232.812    232.815      0.938
    77      -2112  nbar0               83    39    40     0     0     0     0     -0.223      0.269    114.711    114.715      0.940
    78       -213  (rho-)             -83    39    40   109   110     0     0     -0.458     -0.047     95.209     95.213      0.724
    79        221  (eta)              -83    39    40   140   141     0     0      0.081     -0.258      1.623      1.734      0.548
    80        213  (rho+)             -83    39    40   111   112     0     0      0.006      0.100      1.175      1.379      0.713
    81       -211  pi-                 83    39    40     0     0     0     0     -0.086      0.172      0.233      0.333      0.140
    82        211  pi+                 83    39    40     0     0     0     0      0.185     -0.289      2.967      2.990      0.140
    83        311  (K0)               -83    39    40   113   113     0     0      0.067      0.426     -0.056      0.660      0.498
    84       -311  (Kbar0)            -83    39    40   114   114     0     0     -0.134     -0.090      0.082      0.530      0.498
    85        223  (omega)            -83    39    40   142   144     0     0     -0.307      0.428     -0.016      0.955      0.797
    86       -211  pi-                 83    39    40     0     0     0     0      0.029     -0.418     -1.915      1.965      0.140
    87        211  pi+                 84    39    40     0     0     0     0      0.166     -1.058    -10.524     10.579      0.140
    88        111  (pi0)              -84    39    40   145   146     0     0     -0.120      1.384    -16.290     16.350      0.135
    89       -211  pi-                 84    39    40     0     0     0     0      0.065     -0.568    -12.697     12.710      0.140
    90        213  (rho+)             -84    39    40   115   116     0     0      0.021      0.249    -41.499     41.506      0.692
    91       -211  pi-                 84    39    40     0     0     0     0      0.308      0.192    -23.097     23.100      0.140
    92        211  pi+                 84    39    40     0     0     0     0      0.069     -0.590   -230.733    230.733      0.140
    93       -211  pi-                 84    39    40     0     0     0     0     -0.390      0.303   -822.365    822.365      0.140
    94        211  pi+                 84    39    40     0     0     0     0      0.462      0.110    -79.526     79.528      0.140
    95       2112  n0                  84    39    40     0     0     0     0     -0.913     -0.360  -3662.111   3662.111      0.940
    96        211  pi+                 84    39    40     0     0     0     0      0.008     -0.013   -243.345    243.345      0.140
    97       2112  n0                  91    38     0     0     0     0     0      0.257     -0.207   4066.007   4066.007      0.940
    98        111  (pi0)              -91    38     0   147   148     0     0     -0.131     -0.048   1251.671   1251.671      0.135
    99        211  pi+                 91    54     0     0     0     0     0     -0.158      0.035      0.396      0.450      0.140
   100        111  (pi0)              -91    54     0   149   150     0     0     -4.206     -1.407      3.593      5.709      0.135
   101       -211  pi-                 91    66     0     0     0     0     0     -0.383     -0.007     -1.238      1.303      0.140
   102        111  (pi0)              -91    66     0   151   152     0     0      0.324      0.247     -0.913      1.008      0.135
   103        211  pi+                 91    67     0     0     0     0     0      0.193     -0.002     -4.569      4.576      0.140
   104        111  (pi0)              -91    67     0   153   154     0     0     -0.216      0.022     -1.351      1.375      0.135
   105        211  pi+                 91    68     0     0     0     0     0      0.634     -0.164     -6.480      6.514      0.140
   106       -211  pi-                 91    68     0     0     0     0     0     -0.190     -0.287     -3.105      3.127      0.140
   107        211  pi+                 91    69     0     0     0     0     0      0.175      0.228    -14.008     14.012      0.140
   108       -211  pi-                 91    69     0     0     0     0     0     -0.726      0.232    -16.266     16.285      0.140
   109       -211  pi-                 91    78     0     0     0     0     0     -0.080     -0.082      5.515      5.518      0.140
   110        111  (pi0)              -91    78     0   155   156     0     0     -0.377      0.035     89.694     89.694      0.135
   111        211  pi+                 91    80     0     0     0     0     0      0.312      0.030      0.376      0.509      0.140
   112        111  (pi0)              -91    80     0   157   158     0     0     -0.306      0.070      0.799      0.869      0.135
   113        130  K_L0                91    83    83     0     0     0     0      0.067      0.426     -0.056      0.660      0.498
   114        130  K_L0                91    84    84     0     0     0     0     -0.134     -0.090      0.082      0.530      0.498
   115        211  pi+                 91    90     0     0     0     0     0      0.268      0.046    -10.151     10.156      0.140
   116        111  (pi0)              -91    90     0   159   160     0     0     -0.247      0.203    -31.348     31.350      0.135
   117        -16  nu_taubar           91    32     0     0     0     0     0     52.543    -19.803   -230.631    237.368      0.000
   118        211  pi+                 91    32     0     0     0     0     0      1.709     -0.868     -7.056      7.313      0.140
   119         22  gamma               91    47     0     0     0     0     0     -0.409      0.110     16.174     16.179      0.000
   120         22  gamma               91    47     0     0     0     0     0     -0.332      0.129      9.787      9.793      0.000
   121         22  gamma               91    48     0     0     0     0     0      0.039     -0.033      0.500      0.503      0.000
   122         22  gamma               91    48     0     0     0     0     0      0.504     -0.562      3.807      3.882      0.000
   123         22  gamma               91    51     0     0     0     0     0      0.006     -0.325      1.454      1.490      0.000
   124         22  gamma               91    51     0     0     0     0     0      0.104     -0.203      0.827      0.858      0.000
   125        511  (B0)               -91    55     0   161   165     0     0    -63.244    -20.286     57.732     88.160      5.280
   126         22  gamma               91    55     0     0     0     0     0     -0.096     -0.040      0.059      0.119      0.000
   127       -521  (B-)               -91    59     0   166   168     0     0      4.262     40.619    -28.570     50.121      5.279
   128         22  gamma               91    59     0     0     0     0     0      0.062      0.633     -0.477      0.795      0.000
   129         22  gamma               91    63     0     0     0     0     0     -0.238      0.294     -0.367      0.527      0.000
   130         22  gamma               91    63     0     0     0     0     0     -0.069      0.015     -0.126      0.144      0.000
   131         22  gamma               91    65     0     0     0     0     0      0.276      1.473     -1.677      2.249      0.000
   132         22  gamma               91    65     0     0     0     0     0     -0.012      0.186     -0.225      0.292      0.000
   133         22  gamma               91    73     0     0     0     0     0     -0.070     -0.007     -2.572      2.573      0.000
   134         22  gamma               91    73     0     0     0     0     0      0.349      0.268   -126.666    126.667      0.000
   135        111  (pi0)              -91    74     0   169   170     0     0      0.027     -0.093   -208.224    208.224      0.135
   136        111  (pi0)              -91    74     0   171   172     0     0     -0.142     -0.059   -128.146    128.146      0.135
   137        111  (pi0)              -91    74     0   173   174     0     0     -0.129      0.064   -103.210    103.211      0.135
   138         22  gamma               91    75     0     0     0     0     0      0.010      0.175    159.228    159.228      0.000
   139         22  gamma               91    75     0     0     0     0     0     -0.041      0.191    346.167    346.167      0.000
   140         22  gamma               91    79     0     0     0     0     0      0.186     -0.003      0.161      0.246      0.000
   141         22  gamma               91    79     0     0     0     0     0     -0.106     -0.255      1.462      1.488      0.000
   142        211  pi+                 91    85     0     0     0     0     0     -0.105     -0.084      0.193      0.274      0.140
   143       -211  pi-                 91    85     0     0     0     0     0     -0.007      0.271     -0.142      0.337      0.140
   144        111  (pi0)              -91    85     0   175   176     0     0     -0.196      0.241     -0.068      0.345      0.135
   145         22  gamma               91    88     0     0     0     0     0      0.027      0.108     -1.312      1.316      0.000
   146         22  gamma               91    88     0     0     0     0     0     -0.147      1.277    -14.979     15.034      0.000
   147         22  gamma               91    98     0     0     0     0     0     -0.158     -0.044    994.682    994.682      0.000
   148         22  gamma               91    98     0     0     0     0     0      0.027     -0.003    256.989    256.989      0.000
   149         22  gamma               91   100     0     0     0     0     0     -1.889     -0.563      1.579      2.526      0.000
   150         22  gamma               91   100     0     0     0     0     0     -2.316     -0.844      2.014      3.184      0.000
   151         22  gamma               91   102     0     0     0     0     0      0.059     -0.002     -0.198      0.207      0.000
   152         22  gamma               91   102     0     0     0     0     0      0.265      0.249     -0.714      0.801      0.000
   153         22  gamma               91   104     0     0     0     0     0     -0.106     -0.057     -0.654      0.665      0.000
   154         22  gamma               91   104     0     0     0     0     0     -0.110      0.079     -0.697      0.710      0.000
   155         22  gamma               91   110     0     0     0     0     0     -0.212      0.059     62.632     62.633      0.000
   156         22  gamma               91   110     0     0     0     0     0     -0.165     -0.024     27.061     27.062      0.000
   157         22  gamma               91   112     0     0     0     0     0     -0.091      0.033      0.110      0.147      0.000
   158         22  gamma               91   112     0     0     0     0     0     -0.215      0.037      0.689      0.723      0.000
   159         22  gamma               91   116     0     0     0     0     0     -0.167      0.106    -13.183     13.185      0.000
   160         22  gamma               91   116     0     0     0     0     0     -0.080      0.097    -18.165     18.166      0.000
   161       -411  (D-)               -91   125     0   177   179     0     0    -28.434     -9.457     25.887     39.643      1.870
   162        213  (rho+)             -91   125     0   180   181     0     0     -9.783     -2.973      9.094     13.710      0.844
   163       -211  pi-                 91   125     0     0     0     0     0     -4.071     -0.924      3.831      5.667      0.140
   164        223  (omega)            -91   125     0   182   184     0     0    -10.254     -3.711      8.647     13.939      0.782
   165        213  (rho+)             -91   125     0   185   186     0     0    -10.701     -3.220     10.273     15.200      0.783
   166        -12  nu_ebar             91   127     0     0     0     0     0      0.436      0.381     -0.860      1.037      0.000
   167         11  e-                  91   127     0     0     0     0     0      0.278      4.339     -3.653      5.679      0.001
   168        423  (D*0)              -91   127     0   187   188     0     0      3.548     35.898    -24.056     43.405      2.007
   169         22  gamma               91   135     0     0     0     0     0     -0.020     -0.100    -91.011     91.011      0.000
   170         22  gamma               91   135     0     0     0     0     0      0.046      0.007   -117.214    117.214      0.000
   171         22  gamma               91   136     0     0     0     0     0     -0.057     -0.090    -86.918     86.918      0.000
   172         22  gamma               91   136     0     0     0     0     0     -0.084      0.031    -41.229     41.229      0.000
   173         22  gamma               91   137     0     0     0     0     0     -0.090      0.059    -97.226     97.227      0.000
   174         22  gamma               91   137     0     0     0     0     0     -0.039      0.006     -5.984      5.984      0.000
   175         22  gamma               91   144     0     0     0     0     0     -0.100      0.039     -0.056      0.121      0.000
   176         22  gamma               91   144     0     0     0     0     0     -0.096      0.202     -0.012      0.224      0.000
   177        313  (K*0)              -91   161     0   189   190     0     0    -13.217     -4.692     12.155     18.582      0.922
   178        221  (eta)              -91   161     0   191   192     0     0    -13.495     -4.114     12.005     18.533      0.548
   179       -211  pi-                 91   161     0     0     0     0     0     -1.723     -0.650      1.727      2.528      0.140
   180        211  pi+                 91   162     0     0     0     0     0     -4.142     -1.671      3.926      5.948      0.140
   181        111  (pi0)              -91   162     0   193   194     0     0     -5.641     -1.302      5.168      7.762      0.135
   182        211  pi+                 91   164     0     0     0     0     0     -6.996     -2.596      6.103      9.641      0.140
   183       -211  pi-                 91   164     0     0     0     0     0     -0.649     -0.278      0.577      0.923      0.140
   184        111  (pi0)              -91   164     0   195   196     0     0     -2.609     -0.838      1.967      3.376      0.135
   185        211  pi+                 91   165     0     0     0     0     0     -8.241     -2.451      7.484     11.399      0.140
   186        111  (pi0)              -91   165     0   197   198     0     0     -2.461     -0.769      2.790      3.801      0.135
   187        421  (D0)               -91   168     0   199   200     0     0      3.227     32.678    -21.877     39.501      1.865
   188        111  (pi0)              -91   168     0   201   202     0     0      0.321      3.220     -2.179      3.904      0.135
   189        311  (K0)               -91   177     0   203   203     0     0     -9.774     -3.554      8.636     13.527      0.498
   190        111  (pi0)              -91   177     0   204   205     0     0     -3.442     -1.138      3.519      5.055      0.135
   191         22  gamma               91   178     0     0     0     0     0     -0.248     -0.001      0.215      0.328      0.000
   192         22  gamma               91   178     0     0     0     0     0    -13.247     -4.113     11.791     18.205      0.000
   193         22  gamma               91   181     0     0     0     0     0     -3.600     -0.873      3.238      4.920      0.000
   194         22  gamma               91   181     0     0     0     0     0     -2.042     -0.429      1.929      2.842      0.000
   195         22  gamma               91   184     0     0     0     0     0     -1.618     -0.523      1.300      2.140      0.000
   196         22  gamma               91   184     0     0     0     0     0     -0.992     -0.315      0.667      1.236      0.000
   197         22  gamma               91   186     0     0     0     0     0     -0.187     -0.067      0.166      0.259      0.000
   198         22  gamma               91   186     0     0     0     0     0     -2.274     -0.701      2.623      3.542      0.000
   199      20213  (a_1(1260)+)       -91   187     0   206   207     0     0      1.615     15.056    -10.171     18.278      1.166
   200       -321  K-                  91   187     0     0     0     0     0      1.612     17.623    -11.706     21.223      0.494
   201         22  gamma               91   188     0     0     0     0     0      0.036      0.950     -0.615      1.132      0.000
   202         22  gamma               91   188     0     0     0     0     0      0.285      2.271     -1.564      2.772      0.000
   203        310  (K_S0)             -91   189   189   208   209     0     0     -9.774     -3.554      8.636     13.527      0.498
   204         22  gamma               91   190     0     0     0     0     0     -0.595     -0.145      0.574      0.839      0.000
   205         22  gamma               91   190     0     0     0     0     0     -2.848     -0.993      2.945      4.215      0.000
   206        213  (rho+)             -91   199     0   210   211     0     0      1.367     14.062     -9.398     16.988      0.811
   207        111  (pi0)              -91   199     0   212   213     0     0      0.248      0.993     -0.772      1.290      0.135
   208        211  pi+                 91   203     0     0     0     0     0     -3.621     -1.355      2.962      4.873      0.140
   209       -211  pi-                 91   203     0     0     0     0     0     -6.153     -2.199      5.673      8.655      0.140
   210        211  pi+                 91   206     0     0     0     0     0      0.023      3.581     -2.359      4.291      0.140
   211        111  (pi0)              -91   206     0   214   215     0     0      1.344     10.481     -7.039     12.697      0.135
   212         22  gamma               91   207     0     0     0     0     0      0.192      0.628     -0.563      0.865      0.000
   213         22  gamma               91   207     0     0     0     0     0      0.057      0.365     -0.210      0.425      0.000
   214         22  gamma               91   211     0     0     0     0     0      0.699      5.919     -4.008      7.182      0.000
   215         22  gamma               91   211     0     0     0     0     0      0.645      4.563     -3.031      5.516      0.000
                                   Charge sum:  2.000           Momentum sum:     -0.000      0.000     -0.000  13000.000  13000.000

 --------  End PYTHIA Event Listing  -----------------------------------------------------------------------------------------------
#--------------------------------------------------------------------------
#                     FastJet release 3.4.0 [fjcore]
#                 M. Cacciari, G.P. Salam and G. Soyez                  
#     A software package for jet finding and analysis at colliders      
#                           http://fastjet.fr                           
#	                                                                      
# Please cite EPJC72(2012)1896 [arXiv:1111.6097] if you use this package
# for scientific work and optionally PLB641(2006)57 [hep-ph/0512210].   
#                                                                       
# FastJet is provided without warranty under the GNU GPL v2 or higher.  
# It uses T. Chan's closest pair algorithm, S. Fortune's Voronoi code
# and 3rd party plugin jet algorithms. See COPYING file for details.
#--------------------------------------------------------------------------
 PYTHIA Error in StringFragmentation::fragment: stuck in joining  
 PYTHIA Error in Pythia::next: hadronLevel failed; try again  
 PYTHIA Warning in SimpleSpaceShower::pT2nextQCD: weight above unity  
 PYTHIA Warning in SimpleSpaceShower::pT2nextQCD: small daughter PDF  
 PYTHIA Warning in StringFragmentation::fragmentToJunction: bad convergence junction rest frame  
 PYTHIA Error in BeamRemnants::setKinematics: kinematics construction failed  
 PYTHIA Error in Pythia::check: unmatched particle energy/momentum/mass  
 PYTHIA Error in Pythia::next: check of event revealed problems  
 PYTHIA Warning in Pythia::check: energy-momentum not quite conserved  

 Pythia::next(): 1000 events have been generated 
 PYTHIA Warning in TauDecays::decay: maximum decay weight exceeded in tau decay  
 PYTHIA Warning in Pythia::check: not quite matched particle energy/momentum/mass  
 PYTHIA Warning in ColConfig::collect: negative-energy parton encountered  

 Pythia::next(): 2000 events have been generated 

 Pythia::next(): 3000 events have been generated 

 Pythia::next(): 4000 events have been generated 

 Pythia::next(): 5000 events have been generated 
 PYTHIA Error in SimpleSpaceShower::pT2nearThreshold: stuck in loop  
 PYTHIA Error in SimpleSpaceShower::pT2nearThreshold: xPDF = 0  
 PYTHIA Warning in MultipartonInteractions::pTnext: weight above unity  

 Pythia::next(): 6000 events have been generated 

 Pythia::next(): 7000 events have been generated 

 Pythia::next(): 8000 events have been generated 

 Pythia::next(): 9000 events have been generated 

 *-------  PYTHIA Event and Cross Section Statistics  -------------------------------------------------------------*
 |                                                                                                                 |
 | Subprocess                                    Code |            Number of events       |      sigma +- delta    |
 |                                                    |       Tried   Selected   Accepted |     (estimated) (mb)   |
 |                                                    |                                   |                        |
 |-----------------------------------------------------------------------------------------------------------------|
 |                                                    |                                   |                        |
 | Les Houches User Process(es)                  9999 |       10000      10000      10000 |   8.386e-08  0.000e+00 |
 |    ... whereof user classification code     322200 |       10000      10000      10000 |                        | 
 |                                                    |                                   |                        |
 | sum                                                |       10000      10000      10000 |   8.386e-08  0.000e+00 |
 |                                                                                                                 |
 *-------  End PYTHIA Event and Cross Section Statistics ----------------------------------------------------------*

 *-------  PYTHIA Error and Warning Messages Statistics  ----------------------------------------------------------* 
 |                                                                                                                 | 
 |  times   message                                                                                                | 
 |                                                                                                                 | 
 |      6   Error in BeamRemnants::setKinematics: kinematics construction failed                                   | 
 |     20   Error in Pythia::check: unmatched particle energy/momentum/mass                                        | 
 |      2   Error in Pythia::next: check of event revealed problems                                                | 
 |      9   Error in Pythia::next: hadronLevel failed; try again                                                   | 
 |     13   Error in SimpleSpaceShower::pT2nearThreshold: stuck in loop                                            | 
 |      8   Error in SimpleSpaceShower::pT2nearThreshold: xPDF = 0                                                 | 
 |      9   Error in StringFragmentation::fragment: stuck in joining                                               | 
 |      6   Warning in ColConfig::collect: negative-energy parton encountered                                      | 
 |      1   Warning in MultipartonInteractions::pTnext: weight above unity                                         | 
 |      2   Warning in Pythia::check: energy-momentum not quite conserved                                          | 
 |      5   Warning in Pythia::check: not quite matched particle energy/momentum/mass                              | 
 |   1893   Warning in SimpleSpaceShower::pT2nextQCD: small daughter PDF                                           | 
 |   4376   Warning in SimpleSpaceShower::pT2nextQCD: weight above unity                                           | 
 |     42   Warning in StringFragmentation::fragmentToJunction: bad convergence junction rest frame                | 
 |      2   Warning in TauDecays::decay: maximum decay weight exceeded in tau decay                                | 
 |      2   Warning in TimeShower::init: pTmin too low                                                             | 
 |                                                                                                                 | 
 *-------  End PYTHIA Error and Warning Messages Statistics  ------------------------------------------------------* 
Using LHE File: /nfs/dust/cms/user/amoroso/powheg/POWHEG-BOX-V2/ttJ_MiNNLOPS_v1.0_beta1/decay-ll/pwgevents-0723.lhe
less then 10000 events in LHE, using all LHE events
np.shape(P0) = (10000, 3, 9)
np.shape(nJets) = (10000, 2)
np.shape(jets_4vectors) = (10000, 20, 6)
