Configured CUDA from: /cvmfs/sft.cern.ch/lcg/releases/cuda/12.4-4899e/x86_64-el9-gcc11-opt

 *------------------------------------------------------------------------------------* 
 |                                                                                    | 
 |  *------------------------------------------------------------------------------*  | 
 |  |                                                                              |  | 
 |  |                                                                              |  | 
 |  |   PPP   Y   Y  TTTTT  H   H  III    A      Welcome to the Lund Monte Carlo!  |  | 
 |  |   P  P   Y Y     T    H   H   I    A A     This is PYTHIA version 8.309      |  | 
 |  |   PPP     Y      T    HHHHH   I   AAAAA    Last date of change: 16 Feb 2023  |  | 
 |  |   P       Y      T    H   H   I   A   A                                      |  | 
 |  |   P       Y      T    H   H  III  A   A    Now is 03 Sep 2024 at 19:04:23    |  | 
 |  |                                                                              |  | 
 |  |   Program documentation and an archive of historic versions is found on:     |  | 
 |  |                                                                              |  | 
 |  |                               https://pythia.org/                            |  | 
 |  |                                                                              |  | 
 |  |   PYTHIA is authored by a collaboration consisting of:                       |  | 
 |  |                                                                              |  | 
 |  |   Christian Bierlich, Nishita Desai, Leif Gellersen, Ilkka Helenius, Philip  |  | 
 |  |   Ilten, Leif Lonnblad, Stephen Mrenna, Stefan Prestel, Christian Preuss,    |  | 
 |  |   Torbjorn Sjostrand, Peter Skands, Marius Utheim and Rob Verheyen.          |  | 
 |  |                                                                              |  | 
 |  |   The complete list of authors, including contact information and            |  | 
 |  |   affiliations, can be found on https://pythia.org/.                         |  | 
 |  |   Problems or bugs should be reported on email at authors@pythia.org.        |  | 
 |  |                                                                              |  | 
 |  |   The main program reference is C. Bierlich et al,                           |  | 
 |  |   'A comprehensive guide to the physics and usage of Pythia 8.3',            |  | 
 |  |   SciPost Phys. Codebases 8-r8.3 (2022) [arXiv:2203.11601 [hep-ph]]          |  | 
 |  |                                                                              |  | 
 |  |   PYTHIA is released under the GNU General Public Licence version 2 or later.|  | 
 |  |   Please respect the MCnet Guidelines for Event Generator Authors and Users. |  | 
 |  |                                                                              |  | 
 |  |   Disclaimer: this program comes without any guarantees.                     |  | 
 |  |   Beware of errors and use common sense when interpreting results.           |  | 
 |  |                                                                              |  | 
 |  |   Copyright (C) 2023 Torbjorn Sjostrand                                      |  | 
 |  |                                                                              |  | 
 |  |                                                                              |  | 
 |  *------------------------------------------------------------------------------*  | 
 |                                                                                    | 
 *------------------------------------------------------------------------------------* 


 *-------  PYTHIA Process Initialization  --------------------------*
 |                                                                  |
 | We collide p+ with p+ at a CM energy of 1.300e+04 GeV            |
 |                                                                  |
 |------------------------------------------------------------------|
 |                                                    |             |
 | Subprocess                                    Code |   Estimated |
 |                                                    |    max (mb) |
 |                                                    |             |
 |------------------------------------------------------------------|
 |                                                    |             |
 | Les Houches User Process(es)                  9999 |   1.000e-09 |
 |                                                                  |
 *-------  End PYTHIA Process Initialization -----------------------*
 PYTHIA Warning in TimeShower::init: pTmin too low , raised to 0.611

 *-------  PYTHIA Multiparton Interactions Initialization  ---------* 
 |                                                                  | 
 |                   sigmaNonDiffractive =    55.51 mb              | 
 |                                                                  | 
 |    pT0 =  1.44 gives sigmaInteraction =   398.21 mb: accepted    | 
 |                                                                  | 
 *-------  End PYTHIA Multiparton Interactions Initialization  -----* 

 *-------  PYTHIA Flag + Mode + Parm + Word + FVec + MVec + PVec + WVec Settings (changes only)  ------------------* 
 |                                                                                                                 | 
 | Name                                          |                      Now |      Default         Min         Max | 
 |                                               |                          |                                      | 
 | Beams:frameType                               |                        4 |            1           1           5 | 
 | Beams:LHEF                                    | /nfs/dust/cms/user/amoroso/powheg/POWHEG-BOX-V2/ttJ_MiNNLOPS_v1.0_beta1/decay-ll/pwgevents-0059.lhe |         void | 
 | ColourReconnection:range                      |                  5.17600 |      1.80000         0.0    10.00000 | 
 | Main:timesAllowErrors                         |                      500 |           10           0             | 
 | MultipartonInteractions:alphaSorder           |                        2 |            1           0           3 | 
 | MultipartonInteractions:alphaSvalue           |                  0.11800 |      0.13000   0.0600000     0.25000 | 
 | MultipartonInteractions:bProfile              |                        2 |            3           0           4 | 
 | MultipartonInteractions:coreFraction          |                  0.63000 |      0.50000         0.0     1.00000 | 
 | MultipartonInteractions:coreRadius            |                  0.76340 |      0.40000     0.10000     1.00000 | 
 | MultipartonInteractions:ecmPow                |                0.0334400 |      0.21500         0.0     0.50000 | 
 | MultipartonInteractions:pT0Ref                |                  1.41000 |      2.28000     0.50000    10.00000 | 
 | ParticleDecays:limitTau                       |                       on |          off                         | 
 | PartonLevel:FSR                               |                      off |           on                         | 
 | PDF:pSet                                      |                       20 |           13                         | 
 | Random:seed                                   |                       59 |           -1               900000000 | 
 | Random:setSeed                                |                       on |          off                         | 
 | SigmaProcess:alphaSorder                      |                        2 |            1           0           3 | 
 | SigmaProcess:alphaSvalue                      |                  0.11800 |      0.13000   0.0600000     0.25000 | 
 | SigmaTotal:mode                               |                        0 |            1           0           4 | 
 | SigmaTotal:sigmaEl                            |                 21.89000 |     25.00000         0.0             | 
 | SigmaTotal:sigmaTot                           |                100.30900 |    100.00000         0.0             | 
 | SigmaTotal:zeroAXB                            |                      off |           on                         | 
 | SpaceShower:alphaSorder                       |                        2 |            1           0           3 | 
 | SpaceShower:alphaSvalue                       |                  0.11800 |      0.13650   0.0600000     0.25000 | 
 | SpaceShower:dipoleRecoil                      |                       on |          off                         | 
 | SpaceShower:pTmaxMatch                        |                        1 |            0           0           2 | 
 | TimeShower:alphaSorder                        |                        2 |            1           0           3 | 
 | TimeShower:alphaSvalue                        |                  0.11800 |      0.13650   0.0600000     0.25000 | 
 |                                                                                                                 | 
 *-------  End PYTHIA Flag + Mode + Parm + Word + FVec + MVec + PVec + WVec Settings  -----------------------------* 

 --------  PYTHIA Particle Data Table (changed only)  ------------------------------------------------------------------------------
 
      id   name            antiName         spn chg col      m0        mWidth      mMin       mMax       tau0    res dec ext vis wid
             no onMode   bRatio   meMode     products 

       6  t                tbar               2   2   1  173.00000    1.36916   86.00000    0.00000  1.44122e-13   1   1   0   1   0
              0     1   0.0000664    0       24        1 
              1     1   0.0017361    0       24        3 
              2     1   0.9981975    0       24        5 
              3     1   0.0000000    0       37        5 

 --------  End PYTHIA Particle Data Table  -----------------------------------------------------------------------------------------


 --------  LHA event information and listing  ---------------------------------------------------------------------- 

    process =   322200    weight =   1.0325e+02     scale =   1.1873e+01 (GeV) 
                        alpha_em =  -1.0000e+00    alpha_strong =   1.8741e-01

    Participating Particles 
    no        id stat     mothers     colours      p_x        p_y        p_z         e          m        tau    spin 
     1        21   -1     0     0   513   515      0.000      0.000    169.944    169.944      0.000   0.000   9.000
     2        21   -1     0     0   512   513      0.000      0.000  -1439.667   1439.667      0.000   0.000   9.000
     3         6    2     1     2   511     0    -84.617    -35.490   -639.428    668.549    172.252   0.000   9.000
     4        -6    2     1     2     0   514     71.575     28.172     -9.599    189.451    172.867   0.000   9.000
     5        21    1     1     2   512   511     19.688     -2.520   -685.470    685.758      0.000   0.000   9.000
     6        21    1     1     2   514   515     -6.646      9.839     64.774     65.853      0.000   0.000   9.000
     7         5    1     3     3   511     0     30.424    -42.292   -230.820    236.677      4.920   0.000  -1.000
     8        24    2     3     3     0     0   -115.042      6.802   -408.608    431.872     79.196   0.000   9.000
     9        -5    1     4     4     0   514    -33.974    -28.575     -3.804     44.827      4.920   0.000   1.000
    10       -24    2     4     4     0     0    105.549     56.747     -5.795    144.624     80.758   0.000   9.000
    11       -15    1     8     8     0     0    -65.582    -30.298   -157.870    173.624      1.777   0.000   1.000
    12        16    1     8     8     0     0    -49.460     37.101   -250.738    258.249      0.000   0.000  -1.000
    13        13    1    10    10     0     0     47.355     34.740    -42.402     72.439      0.106   0.000  -1.000
    14       -14    1    10    10     0     0     58.193     22.006     36.607     72.186      0.000   0.000   1.000

 --------  End LHA event information and listing  ------------------------------------------------------------------ 

 --------  PYTHIA Info Listing  ---------------------------------------- 
 
 Beam A: id =   2212, pz =  6.500e+03, e =  6.500e+03, m =  9.383e-01.
 Beam B: id =   2212, pz = -6.500e+03, e =  6.500e+03, m =  9.383e-01.

 In 1: id =   21, x =  2.615e-02, pdf =  0.000e+00 at Q2 =  1.410e+02.
 In 2: id =   21, x =  2.215e-01, pdf =  0.000e+00 at same Q2.

 Process Les Houches User Process(es) with code 9999 is 2 -> 4.
 Subprocess user process 322200 with code 322200 is 2 -> 4.
     alphaEM =  7.641e-03,  alphaS =  1.874e-01    at Q2 =  1.410e+02.

 Impact parameter b =  1.014e+00 gives enhancement factor =  5.471e-01.
 Max pT scale for MPI =  1.300e+04, ISR =  1.187e+01, FSR =  1.187e+01.
 Number of MPI =     1, ISR =     2, FSRproc =     0, FSRreson =     0.

 --------  End PYTHIA Info Listing  ------------------------------------

 --------  PYTHIA Event Listing  (hard process)  -----------------------------------------------------------------------------------
 
    no         id  name            status     mothers   daughters     colours      p_x        p_y        p_z         e          m 
     0         90  (system)           -11     0     0     0     0     0     0      0.000      0.000      0.000  13000.000  13000.000
     1       2212  (p+)               -12     0     0     3     0     0     0      0.000      0.000   6500.000   6500.000      0.938
     2       2212  (p+)               -12     0     0     4     0     0     0      0.000      0.000  -6500.000   6500.000      0.938
     3         21  (g)                -21     1     0     5     8   513   515      0.000      0.000    169.944    169.944      0.000
     4         21  (g)                -21     2     0     5     8   512   513      0.000      0.000  -1439.667   1439.667      0.000
     5          6  (t)                -22     3     4     9    10   511     0    -84.617    -35.490   -639.428    668.549    172.252
     6         -6  (tbar)             -22     3     4    11    12     0   514     71.575     28.172     -9.599    189.451    172.867
     7         21  g                   23     3     4     0     0   512   511     19.688     -2.520   -685.470    685.758      0.000
     8         21  g                   23     3     4     0     0   514   515     -6.646      9.839     64.774     65.853      0.000
     9          5  b                   23     5     0     0     0   511     0     30.424    -42.292   -230.820    236.677      4.920
    10         24  (W+)               -22     5     0    13    14     0     0   -115.042      6.802   -408.608    431.872     79.196
    11         -5  bbar                23     6     0     0     0     0   514    -33.974    -28.575     -3.804     44.827      4.920
    12        -24  (W-)               -22     6     0    15    16     0     0    105.549     56.747     -5.795    144.624     80.758
    13        -15  tau+                23    10     0     0     0     0     0    -65.582    -30.298   -157.870    173.624      1.777
    14         16  nu_tau              23    10     0     0     0     0     0    -49.460     37.101   -250.738    258.249      0.000
    15         13  mu-                 23    12     0     0     0     0     0     47.355     34.740    -42.402     72.439      0.106
    16        -14  nu_mubar            23    12     0     0     0     0     0     58.193     22.006     36.607     72.186      0.000
                                   Charge sum:  0.000           Momentum sum:     -0.000     -0.000  -1269.723   1609.611    989.268

 --------  End PYTHIA Event Listing  -----------------------------------------------------------------------------------------------

 --------  PYTHIA Event Listing  (complete event)  ---------------------------------------------------------------------------------
 
    no         id  name            status     mothers   daughters     colours      p_x        p_y        p_z         e          m 
     0         90  (system)           -11     0     0     0     0     0     0      0.000      0.000      0.000  13000.000  13000.000
     1       2212  (p+)               -12     0     0    24     0     0     0      0.000      0.000   6500.000   6500.000      0.938
     2       2212  (p+)               -12     0     0    25     0     0     0      0.000      0.000  -6500.000   6500.000      0.938
     3         21  (g)                -21     9     9     5     8   513   515      0.000      0.000    169.944    169.944      0.000
     4         21  (g)                -21    10     0     5     8   512   513      0.000      0.000  -1439.667   1439.667      0.000
     5          6  (t)                -22     3     4    11    11   511     0    -84.617    -35.490   -639.428    668.549    172.252
     6         -6  (tbar)             -22     3     4    12    12     0   514     71.575     28.172     -9.599    189.451    172.867
     7         21  (g)                -23     3     4    13    13   512   511     19.688     -2.520   -685.470    685.758      0.000
     8         21  (g)                -23     3     4    14    14   514   515     -6.646      9.839     64.774     65.853      0.000
     9         21  (g)                -42    16     0     3     3   513   515      0.000      0.000    169.944    169.944      0.000
    10         21  (g)                -41    17    17    15     4   516   513      0.000     -0.000  -1576.963   1576.963      0.000
    11          6  (t)                -44     5     5    18    18   511     0    -84.617    -35.490   -639.428    668.549    172.252
    12         -6  (tbar)             -44     6     6    19    19     0   514     71.575     28.172     -9.599    189.451    172.867
    13         21  (g)                -44     7     7    20    20   512   511     12.807      2.019   -409.814    410.019      0.000
    14         21  (g)                -44     8     8    21    21   514   515     -6.646      9.839     64.774     65.853      0.000
    15         21  (g)                -43    10     0    22    22   516   512      6.881     -4.539   -412.952    413.034      0.000
    16         21  (g)                -41    24    24    23     9   517   515      0.000      0.000    172.987    172.987      0.000
    17         21  (g)                -42    25    25    10    10   516   513      0.000      0.000  -1576.963   1576.963      0.000
    18          6  (t)                -44    11    11    26    26   511     0    -84.526    -35.454   -639.071    668.194    172.252
    19         -6  (tbar)             -44    12    12    27    27     0   514     72.142     28.392     -9.847    189.711    172.867
    20         21  (g)                -44    13    13    28    28   512   511     12.808      2.019   -409.828    410.034      0.000
    21         21  (g)                -44    14    14    29    29   514   515     -6.234      9.999     64.787     65.849      0.000
    22         21  (g)                -44    15    15    30    30   516   512      6.881     -4.539   -412.939    413.022      0.000
    23         21  (g)                -43    16     0    31    31   517   513     -1.072     -0.416      2.922      3.140      0.000
    24         21  (g)                -61     1     0    16    16   517   515      0.887      1.528    172.983    172.992      0.000
    25         21  (g)                -61     2     0    17    17   516   513      2.204      1.172  -1576.970   1576.972      0.000
    26          6  (t)                -62    18    18    36    37   511     0    -83.538    -34.840   -638.773    667.753    172.252
    27         -6  (tbar)             -62    19    19    38    39     0   514     72.743     29.260    -10.098    190.086    172.867
    28         21  (g)                -62    20    20    70    70   512   511     13.382      2.325   -409.862    410.087      0.000
    29         21  (g)                -62    21    21    45    45   514   515     -5.898     10.576     64.756     65.879      0.000
    30         21  (g)                -62    22    22    71    71   516   512      7.458     -4.232   -412.936    413.025      0.000
    31         21  (g)                -62    23    23    94    94   517   513     -1.056     -0.389      2.926      3.135      0.000
    32       2103  (ud_1)             -63     1     0    95    95     0   517     -0.360     -0.550   6079.302   6079.302      0.771
    33          2  (u)                -63     1     0    44    44   515     0     -0.527     -0.978    247.708    247.711      0.330
    34          2  (u)                -63     2     0    93    93   513     0     -0.910      0.057  -1870.330   1870.330      0.330
    35       2101  (ud_0)             -63     2     0    72    72     0   516     -1.294     -1.230  -3052.692   3052.693      0.579
    36          5  (b)                -23    26     0    69    69   511     0     30.807    -42.062   -230.588    236.460      4.920
    37         24  (W+)               -22    26     0    40    41     0     0   -114.344      7.222   -408.185    431.293     79.196
    38         -5  (bbar)             -23    27     0    46    46     0   514    -33.699    -28.319     -3.921     44.465      4.920
    39        -24  (W-)               -22    27     0    42    43     0     0    106.442     57.579     -6.177    145.620     80.758
    40        -15  (tau+)             -23    37     0   150   152     0     0    -65.302    -30.130   -157.700    173.334      1.777
    41         16  nu_tau              23    37     0     0     0     0     0    -49.043     37.352   -250.485    257.960      0.000
    42         13  mu-                 23    39     0     0     0     0     0     47.803     35.158    -42.593     73.044      0.106
    43        -14  nu_mubar            23    39     0     0     0     0     0     58.639     22.422     36.416     72.577      0.000
    44          2  (u)                -71    33    33    47    68   515     0     -0.527     -0.978    247.708    247.711      0.330
    45         21  (g)                -71    29    29    47    68   514   515     -5.898     10.576     64.756     65.879      0.000
    46         -5  (bbar)             -71    38    38    47    68     0   514    -33.699    -28.319     -3.921     44.465      4.920
    47        321  K+                  83    44    46     0     0     0     0     -0.371     -0.662     78.948     78.953      0.494
    48       -321  K-                  83    44    46     0     0     0     0     -0.137      0.199     82.055     82.057      0.494
    49        323  (K*+)              -83    44    46   115   116     0     0      0.138      0.206     36.751     36.762      0.866
    50       -313  (K*bar0)           -83    44    46   117   118     0     0     -0.260     -0.507     35.192     35.208      0.863
    51       -211  pi-                 83    44    46     0     0     0     0     -0.087      0.301      6.799      6.807      0.140
    52        321  K+                  83    44    46     0     0     0     0     -0.293      0.058      1.979      2.062      0.494
    53       -311  (Kbar0)            -83    44    46   119   119     0     0     -0.894      1.620     12.957     13.098      0.498
    54        311  (K0)               -83    44    46   120   120     0     0     -0.836      1.501     11.898     12.032      0.498
    55       -311  (Kbar0)            -83    44    46   121   121     0     0     -0.407      1.441      9.762      9.888      0.498
    56       -211  pi-                 83    44    46     0     0     0     0     -0.463      0.341      3.092      3.148      0.140
    57       2212  p+                  83    44    46     0     0     0     0     -1.175      2.971     19.164     19.451      0.938
    58      -2112  nbar0               84    44    46     0     0     0     0     -0.943      0.799      6.149      6.342      0.940
    59       -211  pi-                 84    44    46     0     0     0     0     -0.721      0.651      1.927      2.162      0.140
    60        211  pi+                 84    44    46     0     0     0     0      0.162     -0.125      1.136      1.162      0.140
    61        223  (omega)            -84    44    46   153   155     0     0     -0.520      0.280      2.241      2.440      0.763
    62        111  (pi0)              -84    44    46   156   157     0     0     -0.218     -0.387      0.879      0.994      0.135
    63        223  (omega)            -84    44    46   158   159     0     0     -0.015      0.181      0.525      0.958      0.780
    64       -211  pi-                 84    44    46     0     0     0     0     -0.015     -0.124      0.307      0.360      0.140
    65        211  pi+                 84    44    46     0     0     0     0     -0.083     -0.106      0.377      0.424      0.140
    66        223  (omega)            -84    44    46   160   162     0     0     -1.492     -0.951      0.088      1.933      0.773
    67       -211  pi-                 84    44    46     0     0     0     0      0.052      0.024      0.012      0.151      0.140
    68        523  (B*+)              -84    44    46   163   164     0     0    -31.547    -26.431     -3.694     41.663      5.325
    69          5  (b)                -71    36    36    73    92   511     0     30.807    -42.062   -230.588    236.460      4.920
    70         21  (g)                -71    28    28    73    92   512   511     13.382      2.325   -409.862    410.087      0.000
    71         21  (g)                -71    30    30    73    92   516   512      7.458     -4.232   -412.936    413.025      0.000
    72       2101  (ud_0)             -71    35    35    73    92     0   516     -1.294     -1.230  -3052.692   3052.693      0.579
    73       -523  (B*-)              -83    69    72   165   166     0     0     27.287    -37.057   -204.470    209.653      5.325
    74        211  pi+                 83    69    72     0     0     0     0      0.769     -1.360     -8.448      8.593      0.140
    75        311  (K0)               -83    69    72   122   122     0     0      1.795     -2.248    -12.407     12.746      0.498
    76       -311  (Kbar0)            -83    69    72   123   123     0     0      0.749     -0.403     -3.913      4.036      0.498
    77       -211  pi-                 83    69    72     0     0     0     0      0.234      0.074     -2.273      2.291      0.140
    78        111  (pi0)              -83    69    72   167   168     0     0      0.124     -0.450     -5.474      5.496      0.135
    79        111  (pi0)              -83    69    72   169   170     0     0      1.202     -0.061    -25.900     25.928      0.135
    80        211  pi+                 83    69    72     0     0     0     0     -0.316     -0.010     -2.218      2.245      0.140
    81        111  (pi0)              -84    69    72   171   172     0     0      1.037     -0.132    -19.589     19.618      0.135
    82       -211  pi-                 84    69    72     0     0     0     0      4.912      0.671   -154.510    154.589      0.140
    83        223  (omega)            -84    69    72   173   175     0     0      3.058      0.394   -108.393    108.439      0.779
    84        211  pi+                 84    69    72     0     0     0     0      0.469     -0.027     -9.651      9.664      0.140
    85       -211  pi-                 84    69    72     0     0     0     0      0.341      0.351    -22.220     22.226      0.140
    86        111  (pi0)              -84    69    72   176   177     0     0      1.914     -0.699    -82.423     82.449      0.135
    87       2212  p+                  84    69    72     0     0     0     0      3.637     -1.485   -151.634    151.687      0.938
    88      -2112  nbar0               84    69    72     0     0     0     0      1.788      0.076    -97.959     97.980      0.940
    89        311  (K0)               -84    69    72   124   124     0     0      1.471     -0.282    -84.451     84.466      0.498
    90       -321  K-                  84    69    72     0     0     0     0      0.772     -1.457   -112.327    112.341      0.494
    91        213  (rho+)             -84    69    72   125   126     0     0      0.362     -0.195   -111.451    111.455      0.769
    92       2112  n0                  84    69    72     0     0     0     0     -1.254     -0.899  -2886.366   2886.366      0.940
    93          2  (u)                -71    34    34    96   114   513     0     -0.910      0.057  -1870.330   1870.330      0.330
    94         21  (g)                -71    31    31    96   114   517   513     -1.056     -0.389      2.926      3.135      0.000
    95       2103  (ud_1)             -71    32    32    96   114     0   517     -0.360     -0.550   6079.302   6079.302      0.771
    96        113  (rho0)             -83    93    95   127   128     0     0     -0.228      0.228   -563.322    563.323      0.801
    97        323  (K*+)              -83    93    95   129   130     0     0     -0.027     -0.325  -1175.575   1175.575      0.911
    98       -323  (K*-)              -83    93    95   131   132     0     0     -0.621      0.034   -120.066    120.071      0.884
    99        111  (pi0)              -83    93    95   178   179     0     0      0.144      0.324     -8.707      8.715      0.135
   100        113  (rho0)             -83    93    95   133   134     0     0     -0.193     -0.706     -1.466      1.836      0.830
   101        211  pi+                 83    93    95     0     0     0     0     -0.086      0.405     -0.462      0.636      0.140
   102        311  (K0)               -83    93    95   135   135     0     0     -0.087      0.475     -0.104      0.701      0.498
   103       -313  (K*bar0)           -83    93    95   136   137     0     0     -0.690     -0.851      8.840      8.954      0.904
   104       -211  pi-                 83    93    95     0     0     0     0      0.216      0.275      4.695      4.710      0.140
   105        211  pi+                 83    93    95     0     0     0     0      0.114      0.057      0.358      0.405      0.140
   106        113  (rho0)             -83    93    95   138   139     0     0     -0.089     -0.439      4.581      4.661      0.735
   107        223  (omega)            -84    93    95   180   182     0     0     -0.189     -0.023     19.318     19.335      0.786
   108       -211  pi-                 84    93    95     0     0     0     0     -0.203      0.292      4.664      4.679      0.140
   109        221  (eta)              -84    93    95   183   185     0     0     -0.567     -0.041     29.612     29.622      0.548
   110        323  (K*+)              -84    93    95   140   141     0     0      0.176     -0.134     59.924     59.931      0.888
   111        333  (phi)              -84    93    95   186   187     0     0      0.570      0.393    187.997    188.001      1.020
   112       -323  (K*-)              -84    93    95   142   143     0     0     -0.350     -0.315   1661.049   1661.050      0.830
   113       2112  n0                  84    93    95     0     0     0     0     -0.237     -0.386   2934.438   2934.438      0.940
   114        211  pi+                 84    93    95     0     0     0     0      0.022     -0.144   1166.123   1166.123      0.140
   115        311  (K0)               -91    49     0   144   144     0     0     -0.156      0.018     22.779     22.785      0.498
   116        211  pi+                 91    49     0     0     0     0     0      0.294      0.188     13.972     13.977      0.140
   117       -311  (Kbar0)            -91    50     0   145   145     0     0     -0.253     -0.183     28.442     28.449      0.498
   118        111  (pi0)              -91    50     0   188   189     0     0     -0.007     -0.324      6.750      6.759      0.135
   119        310  (K_S0)             -91    53    53   190   191     0     0     -0.894      1.620     12.957     13.098      0.498
   120        310  (K_S0)             -91    54    54   192   193     0     0     -0.836      1.501     11.898     12.032      0.498
   121        130  K_L0                91    55    55     0     0     0     0     -0.407      1.441      9.762      9.888      0.498
   122        310  K_S0                91    75    75     0     0     0     0      1.795     -2.248    -12.407     12.746      0.498
   123        130  K_L0                91    76    76     0     0     0     0      0.749     -0.403     -3.913      4.036      0.498
   124        310  K_S0                91    89    89     0     0     0     0      1.471     -0.282    -84.451     84.466      0.498
   125        211  pi+                 91    91     0     0     0     0     0      0.529     -0.088    -52.616     52.619      0.140
   126        111  (pi0)              -91    91     0   194   195     0     0     -0.167     -0.107    -58.835     58.836      0.135
   127        211  pi+                 91    96     0     0     0     0     0     -0.242      0.360   -169.235    169.236      0.140
   128       -211  pi-                 91    96     0     0     0     0     0      0.014     -0.132   -394.087    394.087      0.140
   129        311  (K0)               -91    97     0   146   146     0     0      0.207     -0.021   -550.170    550.171      0.498
   130        211  pi+                 91    97     0     0     0     0     0     -0.235     -0.304   -625.405    625.405      0.140
   131       -311  (Kbar0)            -91    98     0   147   147     0     0     -0.443     -0.252    -74.044     74.048      0.498
   132       -211  pi-                 91    98     0     0     0     0     0     -0.178      0.285    -46.021     46.023      0.140
   133        211  pi+                 91   100     0     0     0     0     0     -0.339     -0.801     -1.119      1.424      0.140
   134       -211  pi-                 91   100     0     0     0     0     0      0.146      0.095     -0.346      0.412      0.140
   135        310  K_S0                91   102   102     0     0     0     0     -0.087      0.475     -0.104      0.701      0.498
   136       -321  K-                  91   103     0     0     0     0     0     -0.134     -0.532      3.815      3.886      0.494
   137        211  pi+                 91   103     0     0     0     0     0     -0.556     -0.319      5.025      5.068      0.140
   138        211  pi+                 91   106     0     0     0     0     0     -0.359     -0.301      2.009      2.068      0.140
   139       -211  pi-                 91   106     0     0     0     0     0      0.270     -0.138      2.572      2.594      0.140
   140        311  (K0)               -91   110     0   148   148     0     0      0.183     -0.227     25.277     25.283      0.498
   141        211  pi+                 91   110     0     0     0     0     0     -0.007      0.093     34.648     34.648      0.140
   142       -311  (Kbar0)            -91   112     0   149   149     0     0     -0.202     -0.098    647.160    647.160      0.498
   143       -211  pi-                 91   112     0     0     0     0     0     -0.148     -0.218   1013.890   1013.890      0.140
   144        130  K_L0                91   115   115     0     0     0     0     -0.156      0.018     22.779     22.785      0.498
   145        310  K_S0                91   117   117     0     0     0     0     -0.253     -0.183     28.442     28.449      0.498
   146        130  K_L0                91   129   129     0     0     0     0      0.207     -0.021   -550.170    550.171      0.498
   147        310  K_S0                91   131   131     0     0     0     0     -0.443     -0.252    -74.044     74.048      0.498
   148        130  K_L0                91   140   140     0     0     0     0      0.183     -0.227     25.277     25.283      0.498
   149        130  K_L0                91   142   142     0     0     0     0     -0.202     -0.098    647.160    647.160      0.498
   150        -16  nu_taubar           91    40     0     0     0     0     0    -15.761     -7.704    -37.172     41.104      0.000
   151        111  (pi0)              -91    40     0   196   197     0     0    -39.492    -17.634    -96.216    105.490      0.135
   152        211  pi+                 91    40     0     0     0     0     0    -10.048     -4.791    -24.312     26.740      0.140
   153        211  pi+                 91    61     0     0     0     0     0     -0.118      0.100      1.219      1.237      0.140
   154       -211  pi-                 91    61     0     0     0     0     0     -0.030     -0.065      0.163      0.227      0.140
   155        111  (pi0)              -91    61     0   198   199     0     0     -0.372      0.245      0.859      0.977      0.135
   156         22  gamma               91    62     0     0     0     0     0     -0.022     -0.142      0.361      0.389      0.000
   157         22  gamma               91    62     0     0     0     0     0     -0.195     -0.245      0.517      0.605      0.000
   158        111  (pi0)              -91    63     0   200   201     0     0     -0.135      0.080      0.696      0.726      0.135
   159         22  gamma               91    63     0     0     0     0     0      0.120      0.101     -0.171      0.232      0.000
   160        211  pi+                 91    66     0     0     0     0     0     -0.331     -0.372      0.169      0.544      0.140
   161       -211  pi-                 91    66     0     0     0     0     0     -0.762     -0.508      0.085      0.930      0.140
   162        111  (pi0)              -91    66     0   202   203     0     0     -0.399     -0.071     -0.167      0.458      0.135
   163        521  (B+)               -91    68     0   204   206     0     0    -31.192    -26.184     -3.678     41.230      5.279
   164         22  gamma               91    68     0     0     0     0     0     -0.355     -0.247     -0.016      0.433      0.000
   165       -521  (B-)               -91    73     0   207   213     0     0     27.268    -37.053   -204.377    209.557      5.279
   166         22  gamma               91    73     0     0     0     0     0      0.019     -0.004     -0.093      0.095      0.000
   167         22  gamma               91    78     0     0     0     0     0      0.149     -0.428     -5.078      5.098      0.000
   168         22  gamma               91    78     0     0     0     0     0     -0.024     -0.021     -0.396      0.398      0.000
   169         22  gamma               91    79     0     0     0     0     0      0.596     -0.086    -12.098     12.113      0.000
   170         22  gamma               91    79     0     0     0     0     0      0.606      0.025    -13.802     13.815      0.000
   171         22  gamma               91    81     0     0     0     0     0      0.805     -0.111    -16.189     16.209      0.000
   172         22  gamma               91    81     0     0     0     0     0      0.231     -0.021     -3.401      3.408      0.000
   173        211  pi+                 91    83     0     0     0     0     0      0.998      0.363    -33.275     33.292      0.140
   174       -211  pi-                 91    83     0     0     0     0     0      0.892     -0.105    -29.132     29.146      0.140
   175        111  (pi0)              -91    83     0   214   215     0     0      1.168      0.136    -45.986     46.001      0.135
   176         22  gamma               91    86     0     0     0     0     0      1.140     -0.380    -50.891     50.905      0.000
   177         22  gamma               91    86     0     0     0     0     0      0.773     -0.318    -31.532     31.544      0.000
   178         22  gamma               91    99     0     0     0     0     0      0.020      0.076     -3.501      3.502      0.000
   179         22  gamma               91    99     0     0     0     0     0      0.124      0.248     -5.205      5.213      0.000
   180        211  pi+                 91   107     0     0     0     0     0      0.192      0.001      8.542      8.546      0.140
   181       -211  pi-                 91   107     0     0     0     0     0     -0.188     -0.133      4.296      4.304      0.140
   182        111  (pi0)              -91   107     0   216   217     0     0     -0.193      0.108      6.480      6.485      0.135
   183        111  (pi0)              -91   109     0   218   219     0     0     -0.031     -0.045      8.411      8.412      0.135
   184        111  (pi0)              -91   109     0   220   221     0     0     -0.173      0.070      8.987      8.990      0.135
   185        111  (pi0)              -91   109     0   222   223     0     0     -0.363     -0.066     12.214     12.220      0.135
   186        321  K+                  91   111     0     0     0     0     0      0.251      0.259    111.031    111.033      0.494
   187       -321  K-                  91   111     0     0     0     0     0      0.319      0.134     76.966     76.969      0.494
   188         22  gamma               91   118     0     0     0     0     0      0.041     -0.108      1.498      1.503      0.000
   189         22  gamma               91   118     0     0     0     0     0     -0.048     -0.216      5.252      5.256      0.000
   190        211  pi+                 91   119     0     0     0     0     0     -0.146      0.192      2.659      2.673      0.140
   191       -211  pi-                 91   119     0     0     0     0     0     -0.748      1.428     10.299     10.425      0.140
   192        211  pi+                 91   120     0     0     0     0     0     -0.228      0.181      2.558      2.579      0.140
   193       -211  pi-                 91   120     0     0     0     0     0     -0.608      1.320      9.340      9.453      0.140
   194         22  gamma               91   126     0     0     0     0     0     -0.024      0.029    -15.008     15.008      0.000
   195         22  gamma               91   126     0     0     0     0     0     -0.143     -0.135    -43.827     43.828      0.000
   196         22  gamma               91   151     0     0     0     0     0    -22.056     -9.843    -53.894     59.058      0.000
   197         22  gamma               91   151     0     0     0     0     0    -17.436     -7.791    -42.322     46.432      0.000
   198         22  gamma               91   155     0     0     0     0     0     -0.138      0.149      0.483      0.524      0.000
   199         22  gamma               91   155     0     0     0     0     0     -0.233      0.096      0.376      0.453      0.000
   200         22  gamma               91   158     0     0     0     0     0     -0.140      0.016      0.431      0.453      0.000
   201         22  gamma               91   158     0     0     0     0     0      0.005      0.064      0.265      0.273      0.000
   202         22  gamma               91   162     0     0     0     0     0     -0.291      0.010     -0.128      0.318      0.000
   203         22  gamma               91   162     0     0     0     0     0     -0.108     -0.081     -0.039      0.141      0.000
   204       -423  (D*bar0)           -91   163     0   224   225     0     0     -8.455     -8.079     -1.214     11.927      2.007
   205        413  (D*+)              -91   163     0   226   227     0     0    -19.772    -15.419     -1.811     25.219      2.010
   206        311  (K0)               -91   163     0   228   228     0     0     -2.966     -2.686     -0.653      4.085      0.498
   207        423  (D*0)              -91   165     0   229   230     0     0     10.147    -14.059    -82.260     84.091      2.007
   208       -213  (rho-)             -91   165     0   231   232     0     0      5.626     -7.420    -39.194     40.292      0.759
   209        111  (pi0)              -91   165     0   233   234     0     0      0.556     -0.932     -4.589      4.717      0.135
   210        111  (pi0)              -91   165     0   235   236     0     0      2.448     -3.736    -18.592     19.122      0.135
   211       -311  (Kbar0)            -91   165     0   237   237     0     0      4.523     -6.068    -31.894     32.783      0.498
   212        311  (K0)               -91   165     0   238   238     0     0      2.814     -3.497    -20.645     21.133      0.498
   213        111  (pi0)              -91   165     0   239   240     0     0      1.155     -1.342     -7.204      7.419      0.135
   214         22  gamma               91   175     0     0     0     0     0      0.351     -0.018    -14.433     14.437      0.000
   215         22  gamma               91   175     0     0     0     0     0      0.816      0.154    -31.553     31.564      0.000
   216         22  gamma               91   182     0     0     0     0     0      0.003     -0.016      1.179      1.179      0.000
   217         22  gamma               91   182     0     0     0     0     0     -0.196      0.124      5.301      5.306      0.000
   218         22  gamma               91   183     0     0     0     0     0      0.033     -0.029      6.442      6.442      0.000
   219         22  gamma               91   183     0     0     0     0     0     -0.064     -0.016      1.969      1.970      0.000
   220         22  gamma               91   184     0     0     0     0     0     -0.191      0.065      7.084      7.087      0.000
   221         22  gamma               91   184     0     0     0     0     0      0.018      0.006      1.903      1.903      0.000
   222         22  gamma               91   185     0     0     0     0     0     -0.283      0.006      8.305      8.310      0.000
   223         22  gamma               91   185     0     0     0     0     0     -0.079     -0.072      3.908      3.910      0.000
   224       -421  (Dbar0)            -91   204     0   241   243     0     0     -7.689     -7.336     -1.093     10.845      1.865
   225        111  (pi0)              -91   204     0   244   245     0     0     -0.766     -0.742     -0.121      1.082      0.135
   226        411  (D+)               -91   205     0   246   247     0     0    -18.689    -14.602     -1.712     23.852      1.870
   227        111  (pi0)              -91   205     0   248   249     0     0     -1.082     -0.817     -0.099      1.366      0.135
   228        130  K_L0                91   206   206     0     0     0     0     -2.966     -2.686     -0.653      4.085      0.498
   229        421  (D0)               -91   207     0   250   251     0     0      9.235    -12.807    -75.028     76.694      1.865
   230        111  (pi0)              -91   207     0   252   253     0     0      0.912     -1.252     -7.232      7.397      0.135
   231       -211  pi-                 91   208     0     0     0     0     0      1.900     -3.074    -15.091     15.518      0.140
   232        111  (pi0)              -91   208     0   254   255     0     0      3.725     -4.346    -24.103     24.774      0.135
   233         22  gamma               91   209     0     0     0     0     0      0.005     -0.014     -0.172      0.173      0.000
   234         22  gamma               91   209     0     0     0     0     0      0.551     -0.917     -4.416      4.544      0.000
   235         22  gamma               91   210     0     0     0     0     0      1.860     -2.797    -14.208     14.600      0.000
   236         22  gamma               91   210     0     0     0     0     0      0.587     -0.939     -4.385      4.522      0.000
   237        130  K_L0                91   211   211     0     0     0     0      4.523     -6.068    -31.894     32.783      0.498
   238        130  K_L0                91   212   212     0     0     0     0      2.814     -3.497    -20.645     21.133      0.498
   239         22  gamma               91   213     0     0     0     0     0      1.124     -1.276     -6.971      7.175      0.000
   240         22  gamma               91   213     0     0     0     0     0      0.031     -0.067     -0.233      0.244      0.000
   241        321  K+                  91   224     0     0     0     0     0     -2.779     -2.133     -0.398      3.560      0.494
   242        223  (omega)            -91   224     0   256   258     0     0     -3.678     -3.859     -0.200      5.390      0.771
   243       -211  pi-                 91   224     0     0     0     0     0     -1.232     -1.343     -0.496      1.894      0.140
   244         22  gamma               91   225     0     0     0     0     0     -0.651     -0.686     -0.123      0.954      0.000
   245         22  gamma               91   225     0     0     0     0     0     -0.115     -0.056      0.003      0.128      0.000
   246        221  (eta)              -91   226     0   259   260     0     0    -12.645     -9.000     -0.676     15.545      0.548
   247        211  pi+                 91   226     0     0     0     0     0     -6.045     -5.602     -1.036      8.308      0.140
   248         22  gamma               91   227     0     0     0     0     0     -0.027     -0.053     -0.011      0.061      0.000
   249         22  gamma               91   227     0     0     0     0     0     -1.055     -0.764     -0.087      1.305      0.000
   250        331  (eta')             -91   229     0   261   263     0     0      7.665    -10.434    -59.520     60.919      0.958
   251        311  (K0)               -91   229     0   264   264     0     0      1.569     -2.373    -15.508     15.774      0.498
   252         22  gamma               91   230     0     0     0     0     0      0.358     -0.415     -2.777      2.831      0.000
   253         22  gamma               91   230     0     0     0     0     0      0.554     -0.837     -4.455      4.567      0.000
   254         22  gamma               91   232     0     0     0     0     0      0.988     -1.209     -6.367      6.555      0.000
   255         22  gamma               91   232     0     0     0     0     0      2.738     -3.138    -17.736     18.218      0.000
   256        211  pi+                 91   242     0     0     0     0     0     -0.450     -0.361     -0.118      0.606      0.140
   257       -211  pi-                 91   242     0     0     0     0     0     -1.481     -1.695      0.151      2.260      0.140
   258        111  (pi0)              -91   242     0   265   266     0     0     -1.746     -1.803     -0.232      2.525      0.135
   259         22  gamma               91   246     0     0     0     0     0     -3.036     -2.208      0.068      3.754      0.000
   260         22  gamma               91   246     0     0     0     0     0     -9.609     -6.792     -0.744     11.791      0.000
   261        211  pi+                 91   250     0     0     0     0     0      1.718     -2.081    -11.956     12.257      0.140
   262       -211  pi-                 91   250     0     0     0     0     0      1.692     -2.388    -13.782     14.090      0.140
   263        221  (eta)              -91   250     0   267   269     0     0      4.256     -5.965    -33.782     34.572      0.548
   264        130  K_L0                91   251   251     0     0     0     0      1.569     -2.373    -15.508     15.774      0.498
   265         22  gamma               91   258     0     0     0     0     0     -0.288     -0.267     -0.081      0.401      0.000
   266         22  gamma               91   258     0     0     0     0     0     -1.458     -1.536     -0.151      2.123      0.000
   267        211  pi+                 91   263     0     0     0     0     0      1.635     -2.223    -12.329     12.635      0.140
   268       -211  pi-                 91   263     0     0     0     0     0      1.187     -1.593     -8.842      9.063      0.140
   269        111  (pi0)              -91   263     0   270   271     0     0      1.435     -2.148    -12.612     12.874      0.135
   270         22  gamma               91   269     0     0     0     0     0      0.037     -0.101     -0.561      0.571      0.000
   271         22  gamma               91   269     0     0     0     0     0      1.398     -2.047    -12.050     12.303      0.000
                                   Charge sum:  2.000           Momentum sum:     -0.000     -0.000      0.000  13000.000  13000.000

 --------  End PYTHIA Event Listing  -----------------------------------------------------------------------------------------------
#--------------------------------------------------------------------------
#                     FastJet release 3.4.0 [fjcore]
#                 M. Cacciari, G.P. Salam and G. Soyez                  
#     A software package for jet finding and analysis at colliders      
#                           http://fastjet.fr                           
#	                                                                      
# Please cite EPJC72(2012)1896 [arXiv:1111.6097] if you use this package
# for scientific work and optionally PLB641(2006)57 [hep-ph/0512210].   
#                                                                       
# FastJet is provided without warranty under the GNU GPL v2 or higher.  
# It uses T. Chan's closest pair algorithm, S. Fortune's Voronoi code
# and 3rd party plugin jet algorithms. See COPYING file for details.
#--------------------------------------------------------------------------
 PYTHIA Warning in SimpleSpaceShower::pT2nextQCD: weight above unity  
 PYTHIA Warning in MultipartonInteractions::pTnext: weight above unity  
 PYTHIA Warning in SimpleSpaceShower::pT2nextQCD: small daughter PDF  
 PYTHIA Error in BeamRemnants::setKinematics: kinematics construction failed  
 PYTHIA Warning in StringFragmentation::fragmentToJunction: bad convergence junction rest frame  

 Pythia::next(): 1000 events have been generated 
 PYTHIA Warning in Pythia::check: energy-momentum not quite conserved  
 PYTHIA Error in StringFragmentation::fragment: stuck in joining  
 PYTHIA Error in Pythia::next: hadronLevel failed; try again  

 Pythia::next(): 2000 events have been generated 
 PYTHIA Warning in ColConfig::collect: negative-energy parton encountered  
 PYTHIA Error in SimpleSpaceShower::pT2nearThreshold: stuck in loop  

 Pythia::next(): 3000 events have been generated 

 Pythia::next(): 4000 events have been generated 

 Pythia::next(): 5000 events have been generated 

 Pythia::next(): 6000 events have been generated 

 Pythia::next(): 7000 events have been generated 

 Pythia::next(): 8000 events have been generated 
 PYTHIA Error in Pythia::check: unmatched particle energy/momentum/mass  
 PYTHIA Error in Pythia::next: check of event revealed problems  

 Pythia::next(): 9000 events have been generated 

 *-------  PYTHIA Event and Cross Section Statistics  -------------------------------------------------------------*
 |                                                                                                                 |
 | Subprocess                                    Code |            Number of events       |      sigma +- delta    |
 |                                                    |       Tried   Selected   Accepted |     (estimated) (mb)   |
 |                                                    |                                   |                        |
 |-----------------------------------------------------------------------------------------------------------------|
 |                                                    |                                   |                        |
 | Les Houches User Process(es)                  9999 |       10000      10000      10000 |   8.433e-08  0.000e+00 |
 |    ... whereof user classification code     322200 |       10000      10000      10000 |                        | 
 |                                                    |                                   |                        |
 | sum                                                |       10000      10000      10000 |   8.433e-08  0.000e+00 |
 |                                                                                                                 |
 *-------  End PYTHIA Event and Cross Section Statistics ----------------------------------------------------------*

 *-------  PYTHIA Error and Warning Messages Statistics  ----------------------------------------------------------* 
 |                                                                                                                 | 
 |  times   message                                                                                                | 
 |                                                                                                                 | 
 |      2   Error in BeamRemnants::setKinematics: kinematics construction failed                                   | 
 |      1   Error in Pythia::check: unmatched particle energy/momentum/mass                                        | 
 |      1   Error in Pythia::next: check of event revealed problems                                                | 
 |      4   Error in Pythia::next: hadronLevel failed; try again                                                   | 
 |     23   Error in SimpleSpaceShower::pT2nearThreshold: stuck in loop                                            | 
 |      4   Error in StringFragmentation::fragment: stuck in joining                                               | 
 |      4   Warning in ColConfig::collect: negative-energy parton encountered                                      | 
 |      6   Warning in MultipartonInteractions::pTnext: weight above unity                                         | 
 |      2   Warning in Pythia::check: energy-momentum not quite conserved                                          | 
 |   1677   Warning in SimpleSpaceShower::pT2nextQCD: small daughter PDF                                           | 
 |   4484   Warning in SimpleSpaceShower::pT2nextQCD: weight above unity                                           | 
 |     38   Warning in StringFragmentation::fragmentToJunction: bad convergence junction rest frame                | 
 |      2   Warning in TimeShower::init: pTmin too low                                                             | 
 |                                                                                                                 | 
 *-------  End PYTHIA Error and Warning Messages Statistics  ------------------------------------------------------* 
Using LHE File: /nfs/dust/cms/user/amoroso/powheg/POWHEG-BOX-V2/ttJ_MiNNLOPS_v1.0_beta1/decay-ll/pwgevents-0059.lhe
less then 10000 events in LHE, using all LHE events
np.shape(P0) = (10000, 3, 9)
np.shape(nJets) = (10000, 2)
np.shape(jets_4vectors) = (10000, 20, 6)
