Configured CUDA from: /cvmfs/sft.cern.ch/lcg/releases/cuda/12.4-4899e/x86_64-el9-gcc11-opt

 *------------------------------------------------------------------------------------* 
 |                                                                                    | 
 |  *------------------------------------------------------------------------------*  | 
 |  |                                                                              |  | 
 |  |                                                                              |  | 
 |  |   PPP   Y   Y  TTTTT  H   H  III    A      Welcome to the Lund Monte Carlo!  |  | 
 |  |   P  P   Y Y     T    H   H   I    A A     This is PYTHIA version 8.309      |  | 
 |  |   PPP     Y      T    HHHHH   I   AAAAA    Last date of change: 16 Feb 2023  |  | 
 |  |   P       Y      T    H   H   I   A   A                                      |  | 
 |  |   P       Y      T    H   H  III  A   A    Now is 03 Sep 2024 at 19:04:37    |  | 
 |  |                                                                              |  | 
 |  |   Program documentation and an archive of historic versions is found on:     |  | 
 |  |                                                                              |  | 
 |  |                               https://pythia.org/                            |  | 
 |  |                                                                              |  | 
 |  |   PYTHIA is authored by a collaboration consisting of:                       |  | 
 |  |                                                                              |  | 
 |  |   Christian Bierlich, Nishita Desai, Leif Gellersen, Ilkka Helenius, Philip  |  | 
 |  |   Ilten, Leif Lonnblad, Stephen Mrenna, Stefan Prestel, Christian Preuss,    |  | 
 |  |   Torbjorn Sjostrand, Peter Skands, Marius Utheim and Rob Verheyen.          |  | 
 |  |                                                                              |  | 
 |  |   The complete list of authors, including contact information and            |  | 
 |  |   affiliations, can be found on https://pythia.org/.                         |  | 
 |  |   Problems or bugs should be reported on email at authors@pythia.org.        |  | 
 |  |                                                                              |  | 
 |  |   The main program reference is C. Bierlich et al,                           |  | 
 |  |   'A comprehensive guide to the physics and usage of Pythia 8.3',            |  | 
 |  |   SciPost Phys. Codebases 8-r8.3 (2022) [arXiv:2203.11601 [hep-ph]]          |  | 
 |  |                                                                              |  | 
 |  |   PYTHIA is released under the GNU General Public Licence version 2 or later.|  | 
 |  |   Please respect the MCnet Guidelines for Event Generator Authors and Users. |  | 
 |  |                                                                              |  | 
 |  |   Disclaimer: this program comes without any guarantees.                     |  | 
 |  |   Beware of errors and use common sense when interpreting results.           |  | 
 |  |                                                                              |  | 
 |  |   Copyright (C) 2023 Torbjorn Sjostrand                                      |  | 
 |  |                                                                              |  | 
 |  |                                                                              |  | 
 |  *------------------------------------------------------------------------------*  | 
 |                                                                                    | 
 *------------------------------------------------------------------------------------* 


 *-------  PYTHIA Process Initialization  --------------------------*
 |                                                                  |
 | We collide p+ with p+ at a CM energy of 1.300e+04 GeV            |
 |                                                                  |
 |------------------------------------------------------------------|
 |                                                    |             |
 | Subprocess                                    Code |   Estimated |
 |                                                    |    max (mb) |
 |                                                    |             |
 |------------------------------------------------------------------|
 |                                                    |             |
 | Les Houches User Process(es)                  9999 |   1.000e-09 |
 |                                                                  |
 *-------  End PYTHIA Process Initialization -----------------------*
 PYTHIA Warning in TimeShower::init: pTmin too low , raised to 0.611

 *-------  PYTHIA Multiparton Interactions Initialization  ---------* 
 |                                                                  | 
 |                   sigmaNonDiffractive =    55.51 mb              | 
 |                                                                  | 
 |    pT0 =  1.44 gives sigmaInteraction =   400.10 mb: accepted    | 
 |                                                                  | 
 *-------  End PYTHIA Multiparton Interactions Initialization  -----* 

 *-------  PYTHIA Flag + Mode + Parm + Word + FVec + MVec + PVec + WVec Settings (changes only)  ------------------* 
 |                                                                                                                 | 
 | Name                                          |                      Now |      Default         Min         Max | 
 |                                               |                          |                                      | 
 | Beams:frameType                               |                        4 |            1           1           5 | 
 | Beams:LHEF                                    | /nfs/dust/cms/user/amoroso/powheg/POWHEG-BOX-V2/ttJ_MiNNLOPS_v1.0_beta1/decay-ll/pwgevents-0219.lhe |         void | 
 | ColourReconnection:range                      |                  5.17600 |      1.80000         0.0    10.00000 | 
 | Main:timesAllowErrors                         |                      500 |           10           0             | 
 | MultipartonInteractions:alphaSorder           |                        2 |            1           0           3 | 
 | MultipartonInteractions:alphaSvalue           |                  0.11800 |      0.13000   0.0600000     0.25000 | 
 | MultipartonInteractions:bProfile              |                        2 |            3           0           4 | 
 | MultipartonInteractions:coreFraction          |                  0.63000 |      0.50000         0.0     1.00000 | 
 | MultipartonInteractions:coreRadius            |                  0.76340 |      0.40000     0.10000     1.00000 | 
 | MultipartonInteractions:ecmPow                |                0.0334400 |      0.21500         0.0     0.50000 | 
 | MultipartonInteractions:pT0Ref                |                  1.41000 |      2.28000     0.50000    10.00000 | 
 | ParticleDecays:limitTau                       |                       on |          off                         | 
 | PartonLevel:FSR                               |                      off |           on                         | 
 | PDF:pSet                                      |                       20 |           13                         | 
 | Random:seed                                   |                      219 |           -1               900000000 | 
 | Random:setSeed                                |                       on |          off                         | 
 | SigmaProcess:alphaSorder                      |                        2 |            1           0           3 | 
 | SigmaProcess:alphaSvalue                      |                  0.11800 |      0.13000   0.0600000     0.25000 | 
 | SigmaTotal:mode                               |                        0 |            1           0           4 | 
 | SigmaTotal:sigmaEl                            |                 21.89000 |     25.00000         0.0             | 
 | SigmaTotal:sigmaTot                           |                100.30900 |    100.00000         0.0             | 
 | SigmaTotal:zeroAXB                            |                      off |           on                         | 
 | SpaceShower:alphaSorder                       |                        2 |            1           0           3 | 
 | SpaceShower:alphaSvalue                       |                  0.11800 |      0.13650   0.0600000     0.25000 | 
 | SpaceShower:dipoleRecoil                      |                       on |          off                         | 
 | SpaceShower:pTmaxMatch                        |                        1 |            0           0           2 | 
 | TimeShower:alphaSorder                        |                        2 |            1           0           3 | 
 | TimeShower:alphaSvalue                        |                  0.11800 |      0.13650   0.0600000     0.25000 | 
 |                                                                                                                 | 
 *-------  End PYTHIA Flag + Mode + Parm + Word + FVec + MVec + PVec + WVec Settings  -----------------------------* 

 --------  PYTHIA Particle Data Table (changed only)  ------------------------------------------------------------------------------
 
      id   name            antiName         spn chg col      m0        mWidth      mMin       mMax       tau0    res dec ext vis wid
             no onMode   bRatio   meMode     products 

       6  t                tbar               2   2   1  173.00000    1.36916   86.00000    0.00000  1.44122e-13   1   1   0   1   0
              0     1   0.0000664    0       24        1 
              1     1   0.0017361    0       24        3 
              2     1   0.9981975    0       24        5 
              3     1   0.0000000    0       37        5 

 --------  End PYTHIA Particle Data Table  -----------------------------------------------------------------------------------------

 PYTHIA Warning in SimpleSpaceShower::pT2nextQCD: weight above unity  

 --------  LHA event information and listing  ---------------------------------------------------------------------- 

    process =   322200    weight =   1.0325e+02     scale =   1.8726e+00 (GeV) 
                        alpha_em =  -1.0000e+00    alpha_strong =   3.7437e-01

    Participating Particles 
    no        id stat     mothers     colours      p_x        p_y        p_z         e          m        tau    spin 
     1        21   -1     0     0   514   513      0.000      0.000     14.175     14.175      0.000   0.000   9.000
     2        21   -1     0     0   511   512      0.000      0.000  -2212.013   2212.013      0.000   0.000   9.000
     3         6    2     1     2   511     0     -5.614     -2.013  -1281.026   1292.674    173.039   0.000   9.000
     4        -6    2     1     2     0   513      5.889      2.659   -897.601    914.001    172.247   0.000   9.000
     5        -2    1     1     2     0   512      0.790      0.895    -12.160     12.219      0.000   0.000   9.000
     6         2    1     1     2   514     0     -1.065     -1.541     -7.050      7.294      0.000   0.000   9.000
     7         5    1     3     3   511     0    -23.172    -34.280    -99.321    107.707      4.920   0.000  -1.000
     8        24    2     3     3     0     0     17.558     32.266  -1181.705   1184.966     79.806   0.000   9.000
     9        -5    1     4     4     0   513     59.548    -26.418   -236.031    244.905      4.920   0.000   1.000
    10       -24    2     4     4     0     0    -53.660     29.077   -661.570    669.096     79.305   0.000   9.000
    11       -13    1     8     8     0     0     15.522    -24.462   -531.123    531.912      0.106   0.000   1.000
    12        14    1     8     8     0     0      2.036     56.729   -650.582    653.054      0.000   0.000  -1.000
    13        13    1    10    10     0     0    -35.691    -10.519   -511.539    512.890      0.106   0.000  -1.000
    14       -14    1    10    10     0     0    -17.969     39.596   -150.032    156.206      0.000   0.000   1.000

 --------  End LHA event information and listing  ------------------------------------------------------------------ 

 --------  PYTHIA Info Listing  ---------------------------------------- 
 
 Beam A: id =   2212, pz =  6.500e+03, e =  6.500e+03, m =  9.383e-01.
 Beam B: id =   2212, pz = -6.500e+03, e =  6.500e+03, m =  9.383e-01.

 In 1: id =   21, x =  2.181e-03, pdf =  0.000e+00 at Q2 =  3.507e+00.
 In 2: id =   21, x =  3.403e-01, pdf =  0.000e+00 at same Q2.

 Process Les Houches User Process(es) with code 9999 is 2 -> 4.
 Subprocess user process 322200 with code 322200 is 2 -> 4.
     alphaEM =  7.492e-03,  alphaS =  3.744e-01    at Q2 =  3.507e+00.

 Impact parameter b =  8.839e-01 gives enhancement factor =  8.850e-01.
 Max pT scale for MPI =  1.300e+04, ISR =  1.873e+00, FSR =  1.873e+00.
 Number of MPI =    10, ISR =     4, FSRproc =     0, FSRreson =     0.

 --------  End PYTHIA Info Listing  ------------------------------------

 --------  PYTHIA Event Listing  (hard process)  -----------------------------------------------------------------------------------
 
    no         id  name            status     mothers   daughters     colours      p_x        p_y        p_z         e          m 
     0         90  (system)           -11     0     0     0     0     0     0      0.000      0.000      0.000  13000.000  13000.000
     1       2212  (p+)               -12     0     0     3     0     0     0      0.000      0.000   6500.000   6500.000      0.938
     2       2212  (p+)               -12     0     0     4     0     0     0      0.000      0.000  -6500.000   6500.000      0.938
     3         21  (g)                -21     1     0     5     8   514   513      0.000      0.000     14.175     14.175      0.000
     4         21  (g)                -21     2     0     5     8   511   512      0.000      0.000  -2212.013   2212.013      0.000
     5          6  (t)                -22     3     4     9    10   511     0     -5.614     -2.013  -1281.026   1292.674    173.039
     6         -6  (tbar)             -22     3     4    11    12     0   513      5.889      2.659   -897.601    914.001    172.247
     7         -2  ubar                23     3     4     0     0     0   512      0.790      0.895    -12.160     12.219      0.000
     8          2  u                   23     3     4     0     0   514     0     -1.065     -1.541     -7.050      7.294      0.000
     9          5  b                   23     5     0     0     0   511     0    -23.172    -34.280    -99.321    107.707      4.920
    10         24  (W+)               -22     5     0    13    14     0     0     17.558     32.266  -1181.705   1184.966     79.806
    11         -5  bbar                23     6     0     0     0     0   513     59.548    -26.418   -236.031    244.905      4.920
    12        -24  (W-)               -22     6     0    15    16     0     0    -53.660     29.077   -661.570    669.096     79.305
    13        -13  mu+                 23    10     0     0     0     0     0     15.522    -24.462   -531.123    531.912      0.106
    14         14  nu_mu               23    10     0     0     0     0     0      2.036     56.729   -650.582    653.054      0.000
    15         13  mu-                 23    12     0     0     0     0     0    -35.691    -10.519   -511.539    512.890      0.106
    16        -14  nu_mubar            23    12     0     0     0     0     0    -17.969     39.596   -150.032    156.206      0.000
                                   Charge sum:  0.000           Momentum sum:     -0.000      0.000  -2197.837   2226.188    354.154

 --------  End PYTHIA Event Listing  -----------------------------------------------------------------------------------------------

 --------  PYTHIA Event Listing  (complete event)  ---------------------------------------------------------------------------------
 
    no         id  name            status     mothers   daughters     colours      p_x        p_y        p_z         e          m 
     0         90  (system)           -11     0     0     0     0     0     0      0.000      0.000      0.000  13000.000  13000.000
     1       2212  (p+)               -12     0     0    68     0     0     0      0.000      0.000   6500.000   6500.000      0.938
     2       2212  (p+)               -12     0     0    69     0     0     0      0.000      0.000  -6500.000   6500.000      0.938
     3         21  (g)                -21    41    41     5     8   514   513      0.000      0.000     14.175     14.175      0.000
     4         21  (g)                -21    42     0     5     8   511   512      0.000      0.000  -2212.013   2212.013      0.000
     5          6  (t)                -22     3     4    43    43   511     0     -5.614     -2.013  -1281.026   1292.674    173.039
     6         -6  (tbar)             -22     3     4    44    44     0   513      5.889      2.659   -897.601    914.001    172.247
     7         -2  (ubar)             -23     3     4    45    45     0   512      0.790      0.895    -12.160     12.219      0.000
     8          2  (u)                -23     3     4    46    46   514     0     -1.065     -1.541     -7.050      7.294      0.000
     9         21  (g)                -31    75    75    11    12   516   515      0.000      0.000     35.397     35.397      0.000
    10         21  (g)                -31    76    76    11    12   517   516      0.000      0.000     -3.502      3.502      0.000
    11         21  (g)                -33     9    10    77    77   518   515     -2.447      2.632     34.356     34.543      0.000
    12         21  (g)                -33     9    10    78    78   517   518      2.447     -2.632     -2.460      4.355      0.000
    13         21  (g)                -31    21     0    15    16   520   519      0.000      0.000     99.405     99.405      0.000
    14          1  (d)                -31    22    22    15    16   519     0      0.000      0.000    -11.216     11.216      0.000
    15         21  (g)                -33    13    14    23    23   520   521      2.566      1.425     99.188     99.232      0.000
    16          1  (d)                -33    13    14    24    24   521     0     -2.566     -1.425    -11.000     11.389      0.330
    17         21  (g)                -31    26     0    19    20   523   522      0.000      0.000      1.711      1.711      0.000
    18         21  (g)                -31    27    27    19    20   525   524      0.000      0.000    -64.372     64.372      0.000
    19         21  (g)                -33    17    18    28    28   525   522      1.396      2.503      0.455      2.902      0.000
    20         21  (g)                -33    17    18    29    29   523   524     -1.396     -2.503    -63.116     63.181      0.000
    21         21  (g)                -41    79    79    25    13   520   526      0.000      0.000    101.445    101.445      0.000
    22          1  (d)                -42    80    80    14    14   519     0      0.000     -0.000    -11.216     11.216      0.000
    23         21  (g)                -44    15    15    81    81   520   521      2.425      1.414    101.204    101.243      0.000
    24          1  (d)                -44    16    16    82    82   521     0     -2.567     -1.425    -10.775     11.173      0.330
    25         21  (g)                -43    21     0    83    83   519   526      0.142      0.011     -0.200      0.246      0.000
    26         21  (g)                -41    35     0    30    17   523   527     -0.000     -0.000     16.179     16.179      0.000
    27         21  (g)                -42    36    36    18    18   525   524      0.000      0.000    -64.372     64.372      0.000
    28         21  (g)                -44    19    19    37    37   525   522      0.203      2.126     -0.246      2.149      0.000
    29         21  (g)                -44    20    20    38    38   523   524     -1.396     -2.503    -63.116     63.181      0.000
    30         21  (g)                -43    26     0    39    39   522   527      1.193      0.378     15.169     15.221      0.000
    31         21  (g)                -31    90    90    33    34   529   528      0.000      0.000     25.084     25.084      0.000
    32         21  (g)                -31    91    91    33    34   531   530      0.000      0.000   -263.403    263.403      0.000
    33         21  (g)                -33    31    32    92    92   531   528     -0.859     -0.626   -263.391    263.393      0.000
    34         21  (g)                -33    31    32    93    93   529   530      0.859      0.626     25.071     25.094      0.000
    35         21  (g)                -41    84    84    40    26   532   527     -0.000     -0.000   1203.052   1203.052      0.000
    36         21  (g)                -42    85    85    27    27   525   524      0.000      0.000    -64.372     64.372      0.000
    37         21  (g)                -44    28    28    86    86   525   522      0.203      2.126     -0.246      2.149      0.000
    38         21  (g)                -44    29    29    87    87   523   524     -1.396     -2.503    -63.116     63.181      0.000
    39         21  (g)                -44    30    30    88    88   522   527      1.822      1.005     42.284     42.335      0.000
    40         21  (g)                -43    35     0    89    89   532   523     -0.629     -0.627   1159.758   1159.759      0.000
    41         21  (g)                -42    68    68     3     3   514   513      0.000      0.000     14.175     14.175      0.000
    42          2  (u)                -41    69    69    47     4   511     0     -0.000     -0.000  -2551.970   2551.970      0.000
    43          6  (t)                -44     5     5    70    70   511     0     -5.614     -2.013  -1281.026   1292.674    173.039
    44         -6  (tbar)             -44     6     6    71    71     0   513      5.889      2.659   -897.601    914.001    172.247
    45         -2  (ubar)             -44     7     7    72    72     0   512      1.493      1.082    -29.556     29.613      0.000
    46          2  (u)                -44     8     8    73    73   514     0     -1.065     -1.541     -7.050      7.294      0.000
    47          2  (u)                -43    42     0    74    74   512     0     -0.703     -0.187   -322.561    322.562      0.330
    48         21  (g)                -31    94    94    50    51   533   534      0.000      0.000    193.721    193.721      0.000
    49         21  (g)                -31    95    95    50    51   534   535      0.000      0.000     -0.026      0.026      0.000
    50         21  (g)                -33    48    49    96    96   533   536      0.748      0.288    187.230    187.231      0.000
    51         21  (g)                -33    48    49    97    97   536   535     -0.748     -0.288      6.465      6.515      0.000
    52          1  (d)                -31    98    98    54    55   537     0      0.000      0.000      0.019      0.019      0.000
    53          1  (d)                -31    99    99    54    55   538     0      0.000      0.000    -22.296     22.296      0.000
    54          1  (d)                -33    52    53   100   100   537     0      0.006      0.345    -18.781     18.787      0.330
    55          1  (d)                -33    52    53   101   101   538     0     -0.006     -0.345     -3.496      3.528      0.330
    56         21  (g)                -31   102   102    58    59   540   539      0.000      0.000     67.479     67.479      0.000
    57         21  (g)                -31   103   103    58    59   539   541      0.000      0.000    -13.100     13.100      0.000
    58         21  (g)                -33    56    57   104   104   542   541     -0.024     -0.378    -13.097     13.103      0.000
    59         21  (g)                -33    56    57   105   105   540   542      0.024      0.378     67.476     67.477      0.000
    60         21  (g)                -31   106   106    62    63   544   543      0.000      0.000    176.913    176.913      0.000
    61         21  (g)                -31   107   107    62    63   546   545      0.000      0.000     -0.004      0.004      0.000
    62         21  (g)                -33    60    61   108   108   546   543     -0.263      0.257    168.229    168.229      0.000
    63         21  (g)                -33    60    61   109   109   544   545      0.263     -0.257      8.680      8.688      0.000
    64         21  (g)                -31   110   110    66    67   548   547      0.000      0.000     11.434     11.434      0.000
    65         21  (g)                -31   111   111    66    67   550   549      0.000      0.000     -0.010      0.010      0.000
    66         21  (g)                -33    64    65   112   112   550   547      0.282     -0.168      6.418      6.426      0.000
    67         21  (g)                -33    64    65   113   113   548   549     -0.282      0.168      5.007      5.017      0.000
    68         21  (g)                -61     1     0    41    41   550   513      1.900     -0.961     14.095     14.255      0.000
    69          2  (u)                -61     2     0    42    42   511     0     -1.947     -2.591  -2552.000   2552.002      0.000
    70          6  (t)                -62    43    43   120   121   511     0     -5.815     -3.714  -1280.763   1292.418    173.039
    71         -6  (tbar)             -62    44    44   122   123     0   519      6.297      1.183   -897.966    914.360    172.247
    72         -2  (ubar)             -62    45    45   146   146     0   542      1.474      1.050    -29.621     29.676      0.000
    73          2  (u)                -62    46    46   165   165   514     0     -1.054     -1.556     -7.030      7.277      0.000
    74          2  (u)                -62    47    47   142   142   512     0     -0.949     -0.514   -322.524    322.526      0.330
    75         21  (g)                -61     1     0     9     9   516   516     -1.764     -1.652     34.957     35.040      0.000
    76         21  (g)                -61     2     0    10    10   515   515      2.736     -0.081     -2.935      4.013      0.000
    77         21  (g)                -62    11    11   167   167   518   525     -4.054      1.057     32.963     33.229      0.000
    78         21  (g)                -62    12    12   235   235   517   544      5.025     -2.790     -0.941      5.824      0.000
    79         21  (g)                -61     1     0    21    21   521   526     -0.791     -0.267    101.447    101.450      0.000
    80          1  (d)                -61     2     0    22    22   526     0     -0.158     -1.090    -11.191     11.245      0.000
    81         21  (g)                -62    23    23   174   174   520   533      1.636      1.146    101.131    101.151      0.000
    82          1  (d)                -62    24    24   217   217   521     0     -2.723     -2.492    -10.675     11.300      0.330
    83         21  (g)                -62    25    25   236   236   519   517      0.139     -0.011     -0.201      0.244      0.000
    84         21  (g)                -61     1     0    35    35   524   524     -0.704      0.567   1203.045   1203.046      0.000
    85         21  (g)                -61     2     0    36    36   527   527      1.069      1.888    -64.354     64.391      0.000
    86         21  (g)                -62    37    37   166   166   525   514      0.222      2.161     -0.214      2.183      0.000
    87         21  (g)                -62    38    38   144   144   523   531     -0.347     -0.652    -63.146     63.151      0.000
    88         21  (g)                -62    39    39   175   175   522   520      1.798      1.026     42.313     42.364      0.000
    89         21  (g)                -62    40    40   171   171   532   540     -1.308     -0.080   1159.738   1159.738      0.000
    90         21  (g)                -61     1     0    31    31   530   530      2.065      0.939     25.033     25.136      0.000
    91         21  (g)                -61     2     0    32    32   528   528     -0.864      0.516   -263.369    263.371      0.000
    92         21  (g)                -62    33    33   143   143   531   512     -1.722     -0.110   -263.309    263.314      0.000
    93         21  (g)                -62    34    34   176   176   529   522      2.924      1.566     24.973     25.192      0.000
    94         21  (g)                -61     1     0    48    48   535   535      0.470      0.279    194.319    194.320      0.000
    95         21  (g)                -61     2     0    49    49   534   534      0.337     -0.394      2.595      2.647      0.000
    96         21  (g)                -62    50    50   173   173   533   546      1.220      0.548    190.494    190.499      0.000
    97         21  (g)                -62    51    51   168   168   536   518     -0.413     -0.663      6.420      6.467      0.000
    98          1  (d)                -61     1     0    52    52   526     0      0.087      0.057     -0.128      0.165      0.000
    99          1  (d)                -61     2     0    53    53   538     0      0.510      0.116    -24.532     24.538      0.000
   100          1  (d)                -62    54    54   135   135   526     0      0.462      0.454    -21.261     21.273      0.330
   101          1  (d)                -62    55    55   128   128   538     0      0.136     -0.281     -3.399      3.429      0.330
   102         21  (g)                -61     1     0    56    56   541   541     -0.808      0.554     67.457     67.464      0.000
   103         21  (g)                -61     2     0    57    57   539   539      1.023     -0.161    -13.077     13.118      0.000
   104         21  (g)                -62    58    58   145   145   542   523      0.999     -0.539    -13.071     13.120      0.000
   105         21  (g)                -62    59    59   170   170   540   548     -0.785      0.932     67.451     67.462      0.000
   106         21  (g)                -61     1     0    60    60   545   545      0.115      0.023    172.935    172.935      0.000
   107         21  (g)                -61     2     0    61    61   543   543     -0.238      0.209      6.075      6.084      0.000
   108         21  (g)                -62    62    62   172   172   546   532     -0.157      0.292    178.728    178.728      0.000
   109         21  (g)                -62    63    63   234   234   544   513      0.033     -0.059      0.283      0.291      0.000
   110         21  (g)                -61     1     0    64    64   549   549      0.046     -0.018     10.070     10.070      0.000
   111         21  (g)                -61     2     0    65    65   547   547     -0.298     -0.024      2.179      2.199      0.000
   112         21  (g)                -62    66    66   177   177   550   529      0.160     -0.182      2.768      2.779      0.000
   113         21  (g)                -62    67    67   169   169   548   536     -0.412      0.140      9.481      9.491      0.000
   114       2103  (ud_1)             -63     1     0   218   218     0   521     -0.126      0.082   4110.283   4110.283      0.771
   115          2  (u)                -63     1     0   233   233   513     0      0.231      0.429    554.510    554.510      0.330
   116         -1  (dbar)             -63     1     0   178   178     0   550     -0.721     -0.034     -0.884      1.188      0.330
   117       2101  (ud_0)             -63     2     0   136   136     0   526     -0.721      0.517  -2619.919   2619.919      0.579
   118         -1  (dbar)             -63     2     0   129   129     0   538     -0.578      0.574   -200.921    200.923      0.330
   119         -1  (dbar)             -63     2     0   156   156     0   511     -0.871      0.520   -745.690    745.691      0.330
   120          5  (b)                -23    70     0   155   155   511     0    -23.189    -34.422    -99.299    107.736      4.920
   121         24  (W+)               -22    70     0   124   125     0     0     17.374     30.707  -1181.464   1184.682     79.806
   122         -5  (bbar)             -23    71     0   237   237     0   519     59.658    -26.813   -236.128    245.069      4.920
   123        -24  (W-)               -22    71     0   126   127     0     0    -53.361     27.997   -661.838    669.291     79.305
   124        -13  mu+                 23   121     0     0     0     0     0     15.439    -25.162   -531.015    531.834      0.106
   125         14  nu_mu               23   121     0     0     0     0     0      1.934     55.869   -650.450    652.847      0.000
   126         13  mu-                 23   123     0     0     0     0     0    -35.462    -11.348   -511.744    513.096      0.106
   127        -14  nu_mubar            23   123     0     0     0     0     0    -17.899     39.344   -150.094    156.194      0.000
   128          1  (d)                -71   101   101   130   134   538     0      0.136     -0.281     -3.399      3.429      0.330
   129         -1  (dbar)             -71   118   118   130   134     0   538     -0.578      0.574   -200.921    200.923      0.330
   130        111  (pi0)              -83   128   129   309   310     0     0     -0.110     -0.504    -33.949     33.953      0.135
   131       -211  pi-                 83   128   129     0     0     0     0      0.064      0.542    -12.064     12.077      0.140
   132        211  pi+                 83   128   129     0     0     0     0      0.076     -0.143     -2.332      2.341      0.140
   133       -213  (rho-)             -84   128   129   254   255     0     0     -0.339      0.419   -144.880    144.884      0.820
   134        211  pi+                 84   128   129     0     0     0     0     -0.133     -0.021    -11.096     11.097      0.140
   135          1  (d)                -71   100   100   137   141   526     0      0.462      0.454    -21.261     21.273      0.330
   136       2101  (ud_0)             -71   117   117   137   141     0   526     -0.721      0.517  -2619.919   2619.919      0.579
   137        111  (pi0)              -83   135   136   311   312     0     0      0.360      0.253    -54.850     54.852      0.135
   138       -213  (rho-)             -83   135   136   256   257     0     0     -0.260      0.365    -72.054     72.060      0.804
   139        221  (eta)              -83   135   136   313   314     0     0     -0.215     -0.496    -88.169     88.172      0.548
   140        211  pi+                 83   135   136     0     0     0     0      0.734      0.530   -403.857    403.858      0.140
   141       2112  n0                  84   135   136     0     0     0     0     -0.879      0.319  -2022.250   2022.251      0.940
   142          2  (u)                -71    74    74   147   154   512     0     -0.949     -0.514   -322.524    322.526      0.330
   143         21  (g)                -71    92    92   147   154   531   512     -1.722     -0.110   -263.309    263.314      0.000
   144         21  (g)                -71    87    87   147   154   523   531     -0.347     -0.652    -63.146     63.151      0.000
   145         21  (g)                -71   104   104   147   154   542   523      0.999     -0.539    -13.071     13.120      0.000
   146         -2  (ubar)             -71    72    72   147   154     0   542      1.474      1.050    -29.621     29.676      0.000
   147        213  (rho+)             -83   142   146   258   259     0     0     -1.440     -0.350   -362.494    362.498      0.780
   148       -211  pi-                 83   142   146     0     0     0     0     -0.109     -0.041     -2.838      2.844      0.140
   149        113  (rho0)             -83   142   146   260   261     0     0     -0.293     -1.095   -164.198    164.204      0.827
   150        213  (rho+)             -83   142   146   262   263     0     0     -0.665      0.370    -95.446     95.453      0.894
   151        221  (eta)              -84   142   146   315   316     0     0     -0.006     -0.187     -8.660      8.679      0.548
   152        111  (pi0)              -84   142   146   317   318     0     0      0.473      0.485    -24.305     24.315      0.135
   153       -213  (rho-)             -84   142   146   264   265     0     0      0.788      0.282    -23.660     23.696      1.002
   154        111  (pi0)              -84   142   146   319   320     0     0      0.708     -0.228    -10.070     10.098      0.135
   155          5  (b)                -71   120   120   157   164   511     0    -23.189    -34.422    -99.299    107.736      4.920
   156         -1  (dbar)             -71   119   119   157   164     0   511     -0.871      0.520   -745.690    745.691      0.330
   157       -531  (B_sbar0)          -83   155   156   321   323     0     0    -22.969    -33.874    -97.826    106.177      5.367
   158        331  (eta')             -83   155   156   324   326     0     0     -0.336     -0.542    -12.239     12.293      0.958
   159       -313  (K*bar0)           -84   155   156   266   267     0     0      0.387      0.111    -33.622     33.636      0.887
   160       -211  pi-                 84   155   156     0     0     0     0     -0.362     -0.130    -27.078     27.081      0.140
   161        213  (rho+)             -84   155   156   268   269     0     0     -0.178      0.037    -78.932     78.938      0.935
   162       -213  (rho-)             -84   155   156   270   271     0     0      0.249      0.496   -168.546    168.550      0.909
   163        211  pi+                 84   155   156     0     0     0     0     -0.968     -0.649   -243.282    243.285      0.140
   164        223  (omega)            -84   155   156   327   329     0     0      0.118      0.650   -183.464    183.467      0.782
   165          2  (u)                -71    73    73   179   216   514     0     -1.054     -1.556     -7.030      7.277      0.000
   166         21  (g)                -71    86    86   179   216   525   514      0.222      2.161     -0.214      2.183      0.000
   167         21  (g)                -71    77    77   179   216   518   525     -4.054      1.057     32.963     33.229      0.000
   168         21  (g)                -71    97    97   179   216   536   518     -0.413     -0.663      6.420      6.467      0.000
   169         21  (g)                -71   113   113   179   216   548   536     -0.412      0.140      9.481      9.491      0.000
   170         21  (g)                -71   105   105   179   216   540   548     -0.785      0.932     67.451     67.462      0.000
   171         21  (g)                -71    89    89   179   216   532   540     -1.308     -0.080   1159.738   1159.738      0.000
   172         21  (g)                -71   108   108   179   216   546   532     -0.157      0.292    178.728    178.728      0.000
   173         21  (g)                -71    96    96   179   216   533   546      1.220      0.548    190.494    190.499      0.000
   174         21  (g)                -71    81    81   179   216   520   533      1.636      1.146    101.131    101.151      0.000
   175         21  (g)                -71    88    88   179   216   522   520      1.798      1.026     42.313     42.364      0.000
   176         21  (g)                -71    93    93   179   216   529   522      2.924      1.566     24.973     25.192      0.000
   177         21  (g)                -71   112   112   179   216   550   529      0.160     -0.182      2.768      2.779      0.000
   178         -1  (dbar)             -71   116   116   179   216     0   550     -0.721     -0.034     -0.884      1.188      0.330
   179        111  (pi0)              -83   165   178   330   331     0     0     -0.229     -0.301     -1.679      1.726      0.135
   180        111  (pi0)              -83   165   178   332   333     0     0     -0.190     -0.207     -0.910      0.962      0.135
   181        213  (rho+)             -83   165   178   272   273     0     0     -0.171     -0.441     -2.204      2.443      0.942
   182       -211  pi-                 83   165   178     0     0     0     0     -0.187      0.089      0.070      0.259      0.140
   183        213  (rho+)             -83   165   178   274   275     0     0      0.182      0.088     -1.878      2.273      1.265
   184       -213  (rho-)             -83   165   178   276   277     0     0     -0.208      0.437     -0.154      0.814      0.636
   185        211  pi+                 83   165   178     0     0     0     0     -0.598      0.061      0.442      0.759      0.140
   186       -213  (rho-)             -83   165   178   278   279     0     0      0.399      0.585      1.115      1.549      0.808
   187        211  pi+                 83   165   178     0     0     0     0      0.165     -0.241      0.437      0.544      0.140
   188       -211  pi-                 83   165   178     0     0     0     0     -0.123      0.013      1.010      1.028      0.140
   189        223  (omega)            -83   165   178   334   336     0     0     -0.635      0.973      1.955      2.408      0.791
   190        211  pi+                 83   165   178     0     0     0     0      0.241     -0.215      0.839      0.910      0.140
   191       2112  n0                  83   165   178     0     0     0     0     -0.509      0.114      5.217      5.327      0.940
   192      -2212  pbar-               83   165   178     0     0     0     0     -1.836      0.422     13.382     13.547      0.938
   193        213  (rho+)             -83   165   178   280   281     0     0     -1.346      0.162     18.116     18.189      0.891
   194        313  (K*0)              -83   165   178   282   283     0     0     -0.624     -0.172     14.160     14.200      0.860
   195       -321  K-                  83   165   178     0     0     0     0     -0.199      0.231     40.919     40.923      0.494
   196        211  pi+                 83   165   178     0     0     0     0     -0.425      0.015     34.113     34.116      0.140
   197       -211  pi-                 83   165   178     0     0     0     0      0.525      0.160     62.523     62.525      0.140
   198       2112  n0                  83   165   178     0     0     0     0     -0.799      0.582    100.890    100.900      0.940
   199        111  (pi0)              -84   165   178   337   338     0     0     -0.340     -0.102    410.841    410.841      0.135
   200      -1114  (Deltabar+)        -84   165   178   284   285     0     0     -0.690      0.318    516.686    516.688      1.239
   201       3122  Lambda0             84   165   178     0     0     0     0      0.400      0.156    295.568    295.571      1.116
   202      -3222  Sigmabar-           84   165   178     0     0     0     0      0.996      0.456    131.121    131.131      1.189
   203        211  pi+                 84   165   178     0     0     0     0      0.398      0.263     38.335     38.339      0.140
   204       -211  pi-                 84   165   178     0     0     0     0      0.264     -0.090     16.724     16.727      0.140
   205        111  (pi0)              -84   165   178   339   340     0     0      0.633      0.882     29.331     29.352      0.135
   206        211  pi+                 84   165   178     0     0     0     0      0.563     -0.207      8.711      8.733      0.140
   207       -211  pi-                 84   165   178     0     0     0     0      0.197      0.835     16.039     16.062      0.140
   208        111  (pi0)              -84   165   178   341   342     0     0      1.053      0.299     15.633     15.672      0.135
   209        213  (rho+)             -84   165   178   286   287     0     0      0.475      0.152      9.061      9.109      0.791
   210       -211  pi-                 84   165   178     0     0     0     0      0.631      0.661     21.497     21.517      0.140
   211        213  (rho+)             -84   165   178   288   289     0     0      0.958     -0.122      5.378      5.531      0.863
   212       -211  pi-                 84   165   178     0     0     0     0      0.274      0.595      1.804      1.924      0.140
   213        221  (eta)              -84   165   178   343   345     0     0      0.476      0.007      2.556      2.657      0.548
   214        211  pi+                 84   165   178     0     0     0     0     -0.404     -0.186      0.484      0.672      0.140
   215        311  (K0)               -84   165   178   290   290     0     0      0.246      0.639      0.329      0.908      0.498
   216       -311  (Kbar0)            -84   165   178   291   291     0     0     -0.508     -0.558     -0.129      0.913      0.498
   217          1  (d)                -71    82    82   219   232   521     0     -2.723     -2.492    -10.675     11.300      0.330
   218       2103  (ud_1)             -71   114   114   219   232     0   521     -0.126      0.082   4110.283   4110.283      0.771
   219        113  (rho0)             -83   217   218   292   293     0     0     -1.926     -1.640     -6.674      7.278      1.421
   220       -211  pi-                 83   217   218     0     0     0     0     -0.225     -0.637     -1.160      1.350      0.140
   221        111  (pi0)              -83   217   218   346   347     0     0      0.246      0.504     -1.390      1.505      0.135
   222        211  pi+                 83   217   218     0     0     0     0     -0.612     -0.610     -0.123      0.884      0.140
   223        223  (omega)            -83   217   218   348   350     0     0     -0.184     -0.285     -0.291      0.900      0.781
   224        223  (omega)            -83   217   218   351   353     0     0     -0.267      0.210      1.850      2.036      0.778
   225        111  (pi0)              -83   217   218   354   355     0     0      0.428      0.093      0.429      0.628      0.135
   226       -211  pi-                 83   217   218     0     0     0     0     -0.274      0.436      7.045      7.065      0.140
   227        211  pi+                 83   217   218     0     0     0     0      0.034     -0.742     29.203     29.213      0.140
   228        223  (omega)            -84   217   218   356   358     0     0      0.120      0.011     98.563     98.567      0.763
   229       -213  (rho-)             -84   217   218   294   295     0     0     -0.181      0.083    513.168    513.169      0.940
   230        223  (omega)            -84   217   218   359   361     0     0     -0.042      0.207    916.805    916.805      0.792
   231       2212  p+                  84   217   218     0     0     0     0      0.032     -0.479   1926.183   1926.183      0.938
   232        111  (pi0)              -84   217   218   362   363     0     0      0.001      0.439    616.000    616.000      0.135
   233          2  (u)                -71   115   115   238   253   513     0      0.231      0.429    554.510    554.510      0.330
   234         21  (g)                -71   109   109   238   253   544   513      0.033     -0.059      0.283      0.291      0.000
   235         21  (g)                -71    78    78   238   253   517   544      5.025     -2.790     -0.941      5.824      0.000
   236         21  (g)                -71    83    83   238   253   519   517      0.139     -0.011     -0.201      0.244      0.000
   237         -5  (bbar)             -71   122   122   238   253     0   519     59.658    -26.813   -236.128    245.069      4.920
   238       2212  p+                  83   233   237     0     0     0     0      0.475      0.258    211.178    211.181      0.938
   239        111  (pi0)              -83   233   237   364   365     0     0     -0.177     -0.211     75.042     75.043      0.135
   240      -2112  nbar0               83   233   237     0     0     0     0     -0.078      0.298    197.764    197.766      0.940
   241        221  (eta)              -83   233   237   366   367     0     0      0.321      0.138     39.391     39.397      0.548
   242        313  (K*0)              -83   233   237   296   297     0     0     -0.468     -0.024     21.501     21.527      0.948
   243       -313  (K*bar0)           -83   233   237   298   299     0     0      0.566      0.011      3.480      3.637      0.892
   244       -213  (rho-)             -83   233   237   300   301     0     0     -0.272      0.302      3.177      3.244      0.516
   245        223  (omega)            -83   233   237   368   370     0     0      0.845     -0.853      2.047      2.499      0.784
   246       2212  p+                  84   233   237     0     0     0     0      0.299     -0.200     -0.367      1.070      0.938
   247       -213  (rho-)             -84   233   237   302   303     0     0      1.291     -0.471      0.950      1.906      0.918
   248      -2112  nbar0               84   233   237     0     0     0     0      0.415     -0.437      0.086      1.120      0.940
   249       2112  n0                  84   233   237     0     0     0     0      1.279     -0.607     -0.601      1.802      0.940
   250      -1114  (Deltabar+)        -84   233   237   304   305     0     0      1.936     -0.858     -4.974      5.569      1.339
   251       -213  (rho-)             -84   233   237   306   307     0     0      1.246     -0.890     -4.400      4.741      0.879
   252       2212  p+                  84   233   237     0     0     0     0      3.308     -1.869    -11.826     12.457      0.938
   253      -5122  (Lambda_bbar0)     -84   233   237   371   372     0     0     54.100    -23.830   -214.927    222.980      5.619
   254       -211  pi-                 91   133     0     0     0     0     0      0.062      0.178   -106.173    106.173      0.140
   255        111  (pi0)              -91   133     0   373   374     0     0     -0.401      0.241    -38.707     38.710      0.135
   256       -211  pi-                 91   138     0     0     0     0     0     -0.321      0.568    -50.822     50.826      0.140
   257        111  (pi0)              -91   138     0   375   376     0     0      0.061     -0.204    -21.232     21.234      0.135
   258        211  pi+                 91   147     0     0     0     0     0     -0.024      0.060    -65.573     65.573      0.140
   259        111  (pi0)              -91   147     0   377   378     0     0     -1.416     -0.410   -296.921    296.925      0.135
   260        211  pi+                 91   149     0     0     0     0     0     -0.375     -0.340    -99.540     99.541      0.140
   261       -211  pi-                 91   149     0     0     0     0     0      0.082     -0.755    -64.659     64.664      0.140
   262        211  pi+                 91   150     0     0     0     0     0     -0.410     -0.181    -59.378     59.380      0.140
   263        111  (pi0)              -91   150     0   379   380     0     0     -0.254      0.551    -36.068     36.073      0.135
   264       -211  pi-                 91   153     0     0     0     0     0      0.763      0.554    -20.243     20.265      0.140
   265        111  (pi0)              -91   153     0   381   382     0     0      0.025     -0.272     -3.417      3.431      0.135
   266       -321  K-                  91   159     0     0     0     0     0      0.266      0.156    -31.564     31.569      0.494
   267        211  pi+                 91   159     0     0     0     0     0      0.120     -0.045     -2.058      2.067      0.140
   268        211  pi+                 91   161     0     0     0     0     0      0.066      0.015     -2.294      2.299      0.140
   269        111  (pi0)              -91   161     0   383   384     0     0     -0.244      0.022    -76.638     76.638      0.135
   270       -211  pi-                 91   162     0     0     0     0     0      0.047      0.359   -155.055    155.055      0.140
   271        111  (pi0)              -91   162     0   385   386     0     0      0.202      0.137    -13.492     13.495      0.135
   272        211  pi+                 91   181     0     0     0     0     0     -0.174     -0.672     -1.948      2.072      0.140
   273        111  (pi0)              -91   181     0   387   388     0     0      0.004      0.231     -0.256      0.370      0.135
   274        211  pi+                 91   183     0     0     0     0     0      0.258     -0.298     -0.076      0.424      0.140
   275        111  (pi0)              -91   183     0   389   390     0     0     -0.076      0.385     -1.802      1.849      0.135
   276       -211  pi-                 91   184     0     0     0     0     0      0.010      0.105      0.200      0.266      0.140
   277        111  (pi0)              -91   184     0   391   392     0     0     -0.218      0.332     -0.353      0.548      0.135
   278       -211  pi-                 91   186     0     0     0     0     0     -0.077      0.542      0.709      0.907      0.140
   279        111  (pi0)              -91   186     0   393   394     0     0      0.476      0.043      0.406      0.642      0.135
   280        211  pi+                 91   193     0     0     0     0     0     -1.236     -0.066     11.707     11.773      0.140
   281        111  (pi0)              -91   193     0   395   396     0     0     -0.110      0.228      6.409      6.416      0.135
   282        311  (K0)               -91   194     0   308   308     0     0     -0.123     -0.208      7.827      7.847      0.498
   283        111  (pi0)              -91   194     0   397   398     0     0     -0.500      0.036      6.333      6.354      0.135
   284      -2112  nbar0               91   200     0     0     0     0     0     -0.618      0.157    480.551    480.552      0.940
   285        211  pi+                 91   200     0     0     0     0     0     -0.072      0.162     36.135     36.136      0.140
   286        211  pi+                 91   209     0     0     0     0     0     -0.032     -0.222      1.752      1.772      0.140
   287        111  (pi0)              -91   209     0   399   400     0     0      0.507      0.374      7.309      7.338      0.135
   288        211  pi+                 91   211     0     0     0     0     0      0.078      0.173      2.351      2.363      0.140
   289        111  (pi0)              -91   211     0   401   402     0     0      0.880     -0.295      3.027      3.168      0.135
   290        310  K_S0                91   215   215     0     0     0     0      0.246      0.639      0.329      0.908      0.498
   291        130  K_L0                91   216   216     0     0     0     0     -0.508     -0.558     -0.129      0.913      0.498
   292        211  pi+                 91   219     0     0     0     0     0     -1.716     -0.644     -3.711      4.141      0.140
   293       -211  pi-                 91   219     0     0     0     0     0     -0.210     -0.996     -2.964      3.137      0.140
   294       -211  pi-                 91   229     0     0     0     0     0     -0.188     -0.395    218.906    218.907      0.140
   295        111  (pi0)              -91   229     0   403   404     0     0      0.007      0.477    294.262    294.262      0.135
   296        321  K+                  91   242     0     0     0     0     0     -0.586      0.118     13.214     13.237      0.494
   297       -211  pi-                 91   242     0     0     0     0     0      0.118     -0.142      8.287      8.290      0.140
   298       -321  K-                  91   243     0     0     0     0     0      0.523      0.203      3.083      3.173      0.494
   299        211  pi+                 91   243     0     0     0     0     0      0.043     -0.192      0.396      0.464      0.140
   300       -211  pi-                 91   244     0     0     0     0     0      0.096      0.101      0.653      0.682      0.140
   301        111  (pi0)              -91   244     0   405   406     0     0     -0.368      0.201      2.524      2.562      0.135
   302       -211  pi-                 91   247     0     0     0     0     0      0.707     -0.169      0.987      1.234      0.140
   303        111  (pi0)              -91   247     0   407   408     0     0      0.584     -0.303     -0.037      0.673      0.135
   304      -2112  nbar0               91   250     0     0     0     0     0      0.949     -0.327     -2.813      3.131      0.940
   305        211  pi+                 91   250     0     0     0     0     0      0.987     -0.531     -2.161      2.438      0.140
   306       -211  pi-                 91   251     0     0     0     0     0      0.711     -0.723     -1.735      2.015      0.140
   307        111  (pi0)              -91   251     0   409   410     0     0      0.535     -0.167     -2.665      2.726      0.135
   308        130  K_L0                91   282   282     0     0     0     0     -0.123     -0.208      7.827      7.847      0.498
   309         22  gamma               91   130     0     0     0     0     0      0.003     -0.284    -19.482     19.484      0.000
   310         22  gamma               91   130     0     0     0     0     0     -0.114     -0.219    -14.467     14.469      0.000
   311         22  gamma               91   137     0     0     0     0     0      0.346      0.245    -54.361     54.362      0.000
   312         22  gamma               91   137     0     0     0     0     0      0.015      0.008     -0.490      0.490      0.000
   313         22  gamma               91   139     0     0     0     0     0     -0.007      0.029    -40.578     40.578      0.000
   314         22  gamma               91   139     0     0     0     0     0     -0.208     -0.525    -47.591     47.595      0.000
   315         22  gamma               91   151     0     0     0     0     0      0.245     -0.136     -6.116      6.123      0.000
   316         22  gamma               91   151     0     0     0     0     0     -0.251     -0.052     -2.543      2.556      0.000
   317         22  gamma               91   152     0     0     0     0     0      0.081      0.109     -6.906      6.908      0.000
   318         22  gamma               91   152     0     0     0     0     0      0.392      0.376    -17.399     17.407      0.000
   319         22  gamma               91   154     0     0     0     0     0      0.426     -0.182     -6.878      6.894      0.000
   320         22  gamma               91   154     0     0     0     0     0      0.282     -0.047     -3.191      3.204      0.000
   321        433  (D*_s+)            -91   157     0   411   412     0     0     -7.524    -12.308    -35.821     38.674      2.112
   322        113  (rho0)             -91   157     0   413   414     0     0     -7.233    -10.799    -27.408     30.342      0.711
   323       -213  (rho-)             -91   157     0   415   416     0     0     -8.212    -10.768    -34.596     37.161      0.817
   324        211  pi+                 91   158     0     0     0     0     0     -0.048     -0.113     -3.634      3.639      0.140
   325       -211  pi-                 91   158     0     0     0     0     0     -0.174     -0.204     -3.687      3.699      0.140
   326        221  (eta)              -91   158     0   417   419     0     0     -0.114     -0.225     -4.918      4.955      0.548
   327        211  pi+                 91   164     0     0     0     0     0      0.019     -0.039    -26.604     26.605      0.140
   328       -211  pi-                 91   164     0     0     0     0     0     -0.076      0.383   -115.207    115.208      0.140
   329        111  (pi0)              -91   164     0   420   421     0     0      0.175      0.305    -41.653     41.655      0.135
   330         22  gamma               91   179     0     0     0     0     0     -0.043     -0.131     -0.408      0.431      0.000
   331         22  gamma               91   179     0     0     0     0     0     -0.186     -0.171     -1.271      1.295      0.000
   332         22  gamma               91   180     0     0     0     0     0     -0.025     -0.112     -0.444      0.459      0.000
   333         22  gamma               91   180     0     0     0     0     0     -0.165     -0.095     -0.466      0.503      0.000
   334        211  pi+                 91   189     0     0     0     0     0     -0.110      0.064      0.580      0.610      0.140
   335       -211  pi-                 91   189     0     0     0     0     0     -0.355      0.333      0.403      0.648      0.140
   336        111  (pi0)              -91   189     0   422   423     0     0     -0.169      0.576      0.971      1.150      0.135
   337         22  gamma               91   199     0     0     0     0     0     -0.218      0.002    252.529    252.529      0.000
   338         22  gamma               91   199     0     0     0     0     0     -0.121     -0.104    158.311    158.311      0.000
   339         22  gamma               91   205     0     0     0     0     0      0.046      0.129      3.092      3.095      0.000
   340         22  gamma               91   205     0     0     0     0     0      0.588      0.753     26.240     26.257      0.000
   341         22  gamma               91   208     0     0     0     0     0      0.125      0.030      2.552      2.555      0.000
   342         22  gamma               91   208     0     0     0     0     0      0.927      0.269     13.081     13.117      0.000
   343        211  pi+                 91   213     0     0     0     0     0      0.005      0.035      0.271      0.307      0.140
   344       -211  pi-                 91   213     0     0     0     0     0      0.236      0.084      1.091      1.128      0.140
   345         22  gamma               91   213     0     0     0     0     0      0.235     -0.112      1.194      1.222      0.000
   346         22  gamma               91   221     0     0     0     0     0      0.188      0.309     -0.736      0.821      0.000
   347         22  gamma               91   221     0     0     0     0     0      0.058      0.195     -0.654      0.685      0.000
   348        211  pi+                 91   223     0     0     0     0     0     -0.034      0.033      0.099      0.178      0.140
   349       -211  pi-                 91   223     0     0     0     0     0     -0.182     -0.179     -0.006      0.291      0.140
   350        111  (pi0)              -91   223     0   424   425     0     0      0.033     -0.139     -0.384      0.431      0.135
   351        211  pi+                 91   224     0     0     0     0     0     -0.414      0.037      0.854      0.960      0.140
   352       -211  pi-                 91   224     0     0     0     0     0      0.013      0.096      0.665      0.686      0.140
   353        111  (pi0)              -91   224     0   426   427     0     0      0.134      0.078      0.332      0.390      0.135
   354         22  gamma               91   225     0     0     0     0     0      0.290      0.048      0.366      0.470      0.000
   355         22  gamma               91   225     0     0     0     0     0      0.138      0.045      0.063      0.158      0.000
   356        211  pi+                 91   228     0     0     0     0     0      0.028      0.212     16.985     16.987      0.140
   357       -211  pi-                 91   228     0     0     0     0     0      0.077     -0.024     52.531     52.531      0.140
   358        111  (pi0)              -91   228     0   428   429     0     0      0.015     -0.178     29.047     29.048      0.135
   359        211  pi+                 91   230     0     0     0     0     0     -0.249      0.023    213.618    213.618      0.140
   360       -211  pi-                 91   230     0     0     0     0     0      0.142      0.043    152.297    152.297      0.140
   361        111  (pi0)              -91   230     0   430   431     0     0      0.065      0.141    550.890    550.890      0.135
   362         22  gamma               91   232     0     0     0     0     0      0.031      0.336    523.279    523.279      0.000
   363         22  gamma               91   232     0     0     0     0     0     -0.030      0.104     92.721     92.721      0.000
   364         22  gamma               91   239     0     0     0     0     0     -0.078     -0.186     54.510     54.510      0.000
   365         22  gamma               91   239     0     0     0     0     0     -0.099     -0.026     20.532     20.533      0.000
   366         22  gamma               91   241     0     0     0     0     0     -0.082     -0.115     15.280     15.281      0.000
   367         22  gamma               91   241     0     0     0     0     0      0.403      0.253     24.111     24.116      0.000
   368        211  pi+                 91   245     0     0     0     0     0      0.155     -0.069      0.386      0.445      0.140
   369       -211  pi-                 91   245     0     0     0     0     0      0.066     -0.191      0.096      0.264      0.140
   370        111  (pi0)              -91   245     0   432   433     0     0      0.623     -0.593      1.565      1.791      0.135
   371      -4122  (Lambda_cbar-)     -91   253     0   434   437     0     0     37.681    -18.986   -154.530    160.203      2.286
   372        211  pi+                 91   253     0     0     0     0     0     16.419     -4.844    -60.397     62.777      0.140
   373         22  gamma               91   255     0     0     0     0     0     -0.376      0.191    -36.138     36.140      0.000
   374         22  gamma               91   255     0     0     0     0     0     -0.025      0.050     -2.569      2.570      0.000
   375         22  gamma               91   257     0     0     0     0     0      0.104     -0.157    -15.881     15.883      0.000
   376         22  gamma               91   257     0     0     0     0     0     -0.043     -0.047     -5.351      5.351      0.000
   377         22  gamma               91   259     0     0     0     0     0     -0.627     -0.207   -145.603    145.604      0.000
   378         22  gamma               91   259     0     0     0     0     0     -0.789     -0.203   -151.318    151.321      0.000
   379         22  gamma               91   263     0     0     0     0     0     -0.194      0.384    -21.712     21.716      0.000
   380         22  gamma               91   263     0     0     0     0     0     -0.061      0.167    -14.356     14.357      0.000
   381         22  gamma               91   265     0     0     0     0     0      0.048     -0.081     -1.737      1.740      0.000
   382         22  gamma               91   265     0     0     0     0     0     -0.024     -0.191     -1.680      1.691      0.000
   383         22  gamma               91   269     0     0     0     0     0     -0.059      0.066    -26.391     26.391      0.000
   384         22  gamma               91   269     0     0     0     0     0     -0.186     -0.045    -50.247     50.247      0.000
   385         22  gamma               91   271     0     0     0     0     0      0.135      0.136     -7.267      7.270      0.000
   386         22  gamma               91   271     0     0     0     0     0      0.066      0.002     -6.225      6.225      0.000
   387         22  gamma               91   273     0     0     0     0     0     -0.064      0.130     -0.158      0.214      0.000
   388         22  gamma               91   273     0     0     0     0     0      0.067      0.102     -0.098      0.156      0.000
   389         22  gamma               91   275     0     0     0     0     0     -0.105      0.227     -1.217      1.242      0.000
   390         22  gamma               91   275     0     0     0     0     0      0.030      0.158     -0.585      0.607      0.000
   391         22  gamma               91   277     0     0     0     0     0     -0.074      0.167     -0.241      0.303      0.000
   392         22  gamma               91   277     0     0     0     0     0     -0.143      0.165     -0.112      0.245      0.000
   393         22  gamma               91   279     0     0     0     0     0      0.005     -0.016      0.036      0.040      0.000
   394         22  gamma               91   279     0     0     0     0     0      0.471      0.059      0.369      0.602      0.000
   395         22  gamma               91   281     0     0     0     0     0     -0.098      0.055      2.825      2.827      0.000
   396         22  gamma               91   281     0     0     0     0     0     -0.012      0.172      3.584      3.588      0.000
   397         22  gamma               91   283     0     0     0     0     0     -0.149     -0.038      1.458      1.466      0.000
   398         22  gamma               91   283     0     0     0     0     0     -0.352      0.074      4.875      4.888      0.000
   399         22  gamma               91   287     0     0     0     0     0      0.463      0.377      6.600      6.627      0.000
   400         22  gamma               91   287     0     0     0     0     0      0.044     -0.003      0.710      0.711      0.000
   401         22  gamma               91   289     0     0     0     0     0      0.456     -0.216      1.739      1.810      0.000
   402         22  gamma               91   289     0     0     0     0     0      0.424     -0.079      1.288      1.358      0.000
   403         22  gamma               91   295     0     0     0     0     0      0.065      0.306    172.651    172.652      0.000
   404         22  gamma               91   295     0     0     0     0     0     -0.058      0.171    121.610    121.610      0.000
   405         22  gamma               91   301     0     0     0     0     0     -0.193      0.117      0.962      0.988      0.000
   406         22  gamma               91   301     0     0     0     0     0     -0.175      0.084      1.562      1.574      0.000
   407         22  gamma               91   303     0     0     0     0     0      0.498     -0.279     -0.075      0.576      0.000
   408         22  gamma               91   303     0     0     0     0     0      0.086     -0.024      0.038      0.097      0.000
   409         22  gamma               91   307     0     0     0     0     0      0.401     -0.161     -2.229      2.271      0.000
   410         22  gamma               91   307     0     0     0     0     0      0.134     -0.006     -0.435      0.455      0.000
   411        431  (D_s+)             -91   321     0   438   440     0     0     -6.782    -11.311    -32.949     35.545      1.968
   412         22  gamma               91   321     0     0     0     0     0     -0.741     -0.996     -2.872      3.129      0.000
   413        211  pi+                 91   322     0     0     0     0     0     -1.258     -2.255     -5.148      5.761      0.140
   414       -211  pi-                 91   322     0     0     0     0     0     -5.975     -8.544    -22.261     24.581      0.140
   415       -211  pi-                 91   323     0     0     0     0     0     -5.469     -7.734    -24.357     26.135      0.140
   416        111  (pi0)              -91   323     0   441   442     0     0     -2.743     -3.033    -10.239     11.027      0.135
   417        111  (pi0)              -91   326     0   443   444     0     0      0.072     -0.194     -2.173      2.187      0.135
   418        111  (pi0)              -91   326     0   445   446     0     0     -0.098     -0.072     -1.712      1.722      0.135
   419        111  (pi0)              -91   326     0   447   448     0     0     -0.087      0.041     -1.033      1.046      0.135
   420         22  gamma               91   329     0     0     0     0     0      0.164      0.244    -38.282     38.283      0.000
   421         22  gamma               91   329     0     0     0     0     0      0.011      0.061     -3.371      3.372      0.000
   422         22  gamma               91   336     0     0     0     0     0     -0.055      0.283      0.350      0.453      0.000
   423         22  gamma               91   336     0     0     0     0     0     -0.114      0.293      0.622      0.697      0.000
   424         22  gamma               91   350     0     0     0     0     0     -0.017     -0.100     -0.107      0.147      0.000
   425         22  gamma               91   350     0     0     0     0     0      0.050     -0.039     -0.277      0.284      0.000
   426         22  gamma               91   353     0     0     0     0     0      0.009      0.050      0.023      0.056      0.000
   427         22  gamma               91   353     0     0     0     0     0      0.125      0.028      0.309      0.335      0.000
   428         22  gamma               91   358     0     0     0     0     0      0.071     -0.106     13.759     13.760      0.000
   429         22  gamma               91   358     0     0     0     0     0     -0.056     -0.072     15.288     15.288      0.000
   430         22  gamma               91   361     0     0     0     0     0     -0.026      0.078    144.475    144.475      0.000
   431         22  gamma               91   361     0     0     0     0     0      0.092      0.063    406.415    406.415      0.000
   432         22  gamma               91   370     0     0     0     0     0      0.018      0.000      0.073      0.075      0.000
   433         22  gamma               91   370     0     0     0     0     0      0.605     -0.593      1.492      1.716      0.000
   434        321  K+                  91   371     0     0     0     0     0      7.282     -3.663    -29.907     31.002      0.494
   435       -211  pi-                 91   371     0     0     0     0     0      6.037     -3.206    -24.835     25.759      0.140
   436        211  pi+                 91   371     0     0     0     0     0      2.627     -1.059    -10.458     10.836      0.140
   437      -2224  (Deltabar--)       -91   371     0   449   450     0     0     21.735    -11.058    -89.330     92.607      1.215
   438        -11  e+                  91   411     0     0     0     0     0     -2.052     -4.072     -9.731     10.746      0.001
   439         12  nu_e                91   411     0     0     0     0     0     -1.575     -3.059     -9.606     10.204      0.000
   440        221  (eta)              -91   411     0   451   452     0     0     -3.155     -4.180    -13.612     14.595      0.548
   441         22  gamma               91   416     0     0     0     0     0     -0.344     -0.335     -1.120      1.219      0.000
   442         22  gamma               91   416     0     0     0     0     0     -2.399     -2.698     -9.119      9.808      0.000
   443         22  gamma               91   417     0     0     0     0     0      0.008      0.002     -0.652      0.652      0.000
   444         22  gamma               91   417     0     0     0     0     0      0.064     -0.196     -1.520      1.534      0.000
   445         22  gamma               91   418     0     0     0     0     0     -0.062     -0.099     -1.515      1.520      0.000
   446         22  gamma               91   418     0     0     0     0     0     -0.037      0.027     -0.197      0.202      0.000
   447         22  gamma               91   419     0     0     0     0     0     -0.083      0.011     -0.991      0.994      0.000
   448         22  gamma               91   419     0     0     0     0     0     -0.005      0.030     -0.042      0.051      0.000
   449      -2212  pbar-               91   437     0     0     0     0     0     14.674     -7.598    -60.967     63.173      0.938
   450       -211  pi-                 91   437     0     0     0     0     0      7.061     -3.459    -28.364     29.434      0.140
   451         22  gamma               91   440     0     0     0     0     0     -0.014     -0.149     -0.517      0.539      0.000
   452         22  gamma               91   440     0     0     0     0     0     -3.141     -4.031    -13.095     14.057      0.000
                                   Charge sum:  2.000           Momentum sum:     -0.000      0.000      0.000  13000.000  13000.000

 --------  End PYTHIA Event Listing  -----------------------------------------------------------------------------------------------
#--------------------------------------------------------------------------
#                     FastJet release 3.4.0 [fjcore]
#                 M. Cacciari, G.P. Salam and G. Soyez                  
#     A software package for jet finding and analysis at colliders      
#                           http://fastjet.fr                           
#	                                                                      
# Please cite EPJC72(2012)1896 [arXiv:1111.6097] if you use this package
# for scientific work and optionally PLB641(2006)57 [hep-ph/0512210].   
#                                                                       
# FastJet is provided without warranty under the GNU GPL v2 or higher.  
# It uses T. Chan's closest pair algorithm, S. Fortune's Voronoi code
# and 3rd party plugin jet algorithms. See COPYING file for details.
#--------------------------------------------------------------------------
 PYTHIA Warning in StringFragmentation::fragmentToJunction: bad convergence junction rest frame  
 PYTHIA Warning in SimpleSpaceShower::pT2nextQCD: small daughter PDF  
 PYTHIA Warning in ColConfig::collect: negative-energy parton encountered  
 PYTHIA Error in StringFragmentation::fragment: stuck in joining  
 PYTHIA Error in Pythia::next: hadronLevel failed; try again  
 PYTHIA Warning in Pythia::check: not quite matched particle energy/momentum/mass  

 Pythia::next(): 1000 events have been generated 
 PYTHIA Error in BeamRemnants::setKinematics: kinematics construction failed  

 Pythia::next(): 2000 events have been generated 
 PYTHIA Error in Pythia::check: unmatched particle energy/momentum/mass  
 PYTHIA Error in Pythia::next: check of event revealed problems  

 Pythia::next(): 3000 events have been generated 

 Pythia::next(): 4000 events have been generated 
 PYTHIA Error in StringFragmentation::fragmentToJunction: caught in junction flavour loop  
 PYTHIA Warning in MultipartonInteractions::pTnext: weight above unity  

 Pythia::next(): 5000 events have been generated 
 PYTHIA Error in SimpleSpaceShower::pT2nearThreshold: stuck in loop  

 Pythia::next(): 6000 events have been generated 

 Pythia::next(): 7000 events have been generated 

 Pythia::next(): 8000 events have been generated 

 Pythia::next(): 9000 events have been generated 

 *-------  PYTHIA Event and Cross Section Statistics  -------------------------------------------------------------*
 |                                                                                                                 |
 | Subprocess                                    Code |            Number of events       |      sigma +- delta    |
 |                                                    |       Tried   Selected   Accepted |     (estimated) (mb)   |
 |                                                    |                                   |                        |
 |-----------------------------------------------------------------------------------------------------------------|
 |                                                    |                                   |                        |
 | Les Houches User Process(es)                  9999 |       10000      10000      10000 |   8.243e-08  0.000e+00 |
 |    ... whereof user classification code     322200 |       10000      10000      10000 |                        | 
 |                                                    |                                   |                        |
 | sum                                                |       10000      10000      10000 |   8.243e-08  0.000e+00 |
 |                                                                                                                 |
 *-------  End PYTHIA Event and Cross Section Statistics ----------------------------------------------------------*

 *-------  PYTHIA Error and Warning Messages Statistics  ----------------------------------------------------------* 
 |                                                                                                                 | 
 |  times   message                                                                                                | 
 |                                                                                                                 | 
 |      7   Error in BeamRemnants::setKinematics: kinematics construction failed                                   | 
 |     22   Error in Pythia::check: unmatched particle energy/momentum/mass                                        | 
 |      1   Error in Pythia::next: check of event revealed problems                                                | 
 |      7   Error in Pythia::next: hadronLevel failed; try again                                                   | 
 |      4   Error in SimpleSpaceShower::pT2nearThreshold: stuck in loop                                            | 
 |      6   Error in StringFragmentation::fragment: stuck in joining                                               | 
 |      1   Error in StringFragmentation::fragmentToJunction: caught in junction flavour loop                      | 
 |      4   Warning in ColConfig::collect: negative-energy parton encountered                                      | 
 |      1   Warning in MultipartonInteractions::pTnext: weight above unity                                         | 
 |      5   Warning in Pythia::check: not quite matched particle energy/momentum/mass                              | 
 |   1378   Warning in SimpleSpaceShower::pT2nextQCD: small daughter PDF                                           | 
 |   4424   Warning in SimpleSpaceShower::pT2nextQCD: weight above unity                                           | 
 |     33   Warning in StringFragmentation::fragmentToJunction: bad convergence junction rest frame                | 
 |      2   Warning in TimeShower::init: pTmin too low                                                             | 
 |                                                                                                                 | 
 *-------  End PYTHIA Error and Warning Messages Statistics  ------------------------------------------------------* 
Using LHE File: /nfs/dust/cms/user/amoroso/powheg/POWHEG-BOX-V2/ttJ_MiNNLOPS_v1.0_beta1/decay-ll/pwgevents-0219.lhe
less then 10000 events in LHE, using all LHE events
np.shape(P0) = (10000, 3, 9)
np.shape(nJets) = (10000, 2)
np.shape(jets_4vectors) = (10000, 20, 6)
