Configured CUDA from: /cvmfs/sft.cern.ch/lcg/releases/cuda/12.4-4899e/x86_64-el9-gcc11-opt

 *------------------------------------------------------------------------------------* 
 |                                                                                    | 
 |  *------------------------------------------------------------------------------*  | 
 |  |                                                                              |  | 
 |  |                                                                              |  | 
 |  |   PPP   Y   Y  TTTTT  H   H  III    A      Welcome to the Lund Monte Carlo!  |  | 
 |  |   P  P   Y Y     T    H   H   I    A A     This is PYTHIA version 8.309      |  | 
 |  |   PPP     Y      T    HHHHH   I   AAAAA    Last date of change: 16 Feb 2023  |  | 
 |  |   P       Y      T    H   H   I   A   A                                      |  | 
 |  |   P       Y      T    H   H  III  A   A    Now is 03 Sep 2024 at 15:21:08    |  | 
 |  |                                                                              |  | 
 |  |   Program documentation and an archive of historic versions is found on:     |  | 
 |  |                                                                              |  | 
 |  |                               https://pythia.org/                            |  | 
 |  |                                                                              |  | 
 |  |   PYTHIA is authored by a collaboration consisting of:                       |  | 
 |  |                                                                              |  | 
 |  |   Christian Bierlich, Nishita Desai, Leif Gellersen, Ilkka Helenius, Philip  |  | 
 |  |   Ilten, Leif Lonnblad, Stephen Mrenna, Stefan Prestel, Christian Preuss,    |  | 
 |  |   Torbjorn Sjostrand, Peter Skands, Marius Utheim and Rob Verheyen.          |  | 
 |  |                                                                              |  | 
 |  |   The complete list of authors, including contact information and            |  | 
 |  |   affiliations, can be found on https://pythia.org/.                         |  | 
 |  |   Problems or bugs should be reported on email at authors@pythia.org.        |  | 
 |  |                                                                              |  | 
 |  |   The main program reference is C. Bierlich et al,                           |  | 
 |  |   'A comprehensive guide to the physics and usage of Pythia 8.3',            |  | 
 |  |   SciPost Phys. Codebases 8-r8.3 (2022) [arXiv:2203.11601 [hep-ph]]          |  | 
 |  |                                                                              |  | 
 |  |   PYTHIA is released under the GNU General Public Licence version 2 or later.|  | 
 |  |   Please respect the MCnet Guidelines for Event Generator Authors and Users. |  | 
 |  |                                                                              |  | 
 |  |   Disclaimer: this program comes without any guarantees.                     |  | 
 |  |   Beware of errors and use common sense when interpreting results.           |  | 
 |  |                                                                              |  | 
 |  |   Copyright (C) 2023 Torbjorn Sjostrand                                      |  | 
 |  |                                                                              |  | 
 |  |                                                                              |  | 
 |  *------------------------------------------------------------------------------*  | 
 |                                                                                    | 
 *------------------------------------------------------------------------------------* 


 *-------  PYTHIA Process Initialization  --------------------------*
 |                                                                  |
 | We collide p+ with p+ at a CM energy of 1.300e+04 GeV            |
 |                                                                  |
 |------------------------------------------------------------------|
 |                                                    |             |
 | Subprocess                                    Code |   Estimated |
 |                                                    |    max (mb) |
 |                                                    |             |
 |------------------------------------------------------------------|
 |                                                    |             |
 | Les Houches User Process(es)                  9999 |   1.000e-09 |
 |                                                                  |
 *-------  End PYTHIA Process Initialization -----------------------*
 PYTHIA Warning in TimeShower::init: pTmin too low , raised to 0.611

 *-------  PYTHIA Multiparton Interactions Initialization  ---------* 
 |                                                                  | 
 |                   sigmaNonDiffractive =    55.51 mb              | 
 |                                                                  | 
 |    pT0 =  1.44 gives sigmaInteraction =   400.25 mb: accepted    | 
 |                                                                  | 
 *-------  End PYTHIA Multiparton Interactions Initialization  -----* 

 *-------  PYTHIA Flag + Mode + Parm + Word + FVec + MVec + PVec + WVec Settings (changes only)  ------------------* 
 |                                                                                                                 | 
 | Name                                          |                      Now |      Default         Min         Max | 
 |                                               |                          |                                      | 
 | Beams:frameType                               |                        4 |            1           1           5 | 
 | Beams:LHEF                                    | /nfs/dust/cms/user/amoroso/powheg/POWHEG-BOX-V2/ttJ_MiNNLOPS_v1.0_beta1/decay-ll/pwgevents-0255.lhe |         void | 
 | ColourReconnection:range                      |                  5.17600 |      1.80000         0.0    10.00000 | 
 | Main:timesAllowErrors                         |                      500 |           10           0             | 
 | MultipartonInteractions:alphaSorder           |                        2 |            1           0           3 | 
 | MultipartonInteractions:alphaSvalue           |                  0.11800 |      0.13000   0.0600000     0.25000 | 
 | MultipartonInteractions:bProfile              |                        2 |            3           0           4 | 
 | MultipartonInteractions:coreFraction          |                  0.63000 |      0.50000         0.0     1.00000 | 
 | MultipartonInteractions:coreRadius            |                  0.76340 |      0.40000     0.10000     1.00000 | 
 | MultipartonInteractions:ecmPow                |                0.0334400 |      0.21500         0.0     0.50000 | 
 | MultipartonInteractions:pT0Ref                |                  1.41000 |      2.28000     0.50000    10.00000 | 
 | ParticleDecays:limitTau                       |                       on |          off                         | 
 | PDF:pSet                                      |                       20 |           13                         | 
 | Random:seed                                   |                      255 |           -1               900000000 | 
 | Random:setSeed                                |                       on |          off                         | 
 | SigmaProcess:alphaSorder                      |                        2 |            1           0           3 | 
 | SigmaProcess:alphaSvalue                      |                  0.11800 |      0.13000   0.0600000     0.25000 | 
 | SigmaTotal:mode                               |                        0 |            1           0           4 | 
 | SigmaTotal:sigmaEl                            |                 21.89000 |     25.00000         0.0             | 
 | SigmaTotal:sigmaTot                           |                100.30900 |    100.00000         0.0             | 
 | SigmaTotal:zeroAXB                            |                      off |           on                         | 
 | SpaceShower:alphaSorder                       |                        2 |            1           0           3 | 
 | SpaceShower:alphaSvalue                       |                  0.11800 |      0.13650   0.0600000     0.25000 | 
 | SpaceShower:dipoleRecoil                      |                       on |          off                         | 
 | SpaceShower:pTmaxMatch                        |                        1 |            0           0           2 | 
 | TimeShower:alphaSorder                        |                        2 |            1           0           3 | 
 | TimeShower:alphaSvalue                        |                  0.11800 |      0.13650   0.0600000     0.25000 | 
 |                                                                                                                 | 
 *-------  End PYTHIA Flag + Mode + Parm + Word + FVec + MVec + PVec + WVec Settings  -----------------------------* 

 --------  PYTHIA Particle Data Table (changed only)  ------------------------------------------------------------------------------
 
      id   name            antiName         spn chg col      m0        mWidth      mMin       mMax       tau0    res dec ext vis wid
             no onMode   bRatio   meMode     products 

       6  t                tbar               2   2   1  173.00000    1.36916   86.00000    0.00000  1.44122e-13   1   1   0   1   0
              0     1   0.0000664    0       24        1 
              1     1   0.0017361    0       24        3 
              2     1   0.9981975    0       24        5 
              3     1   0.0000000    0       37        5 

 --------  End PYTHIA Particle Data Table  -----------------------------------------------------------------------------------------


 --------  LHA event information and listing  ---------------------------------------------------------------------- 

    process =   322200    weight =   1.0325e+02     scale =   1.3172e+01 (GeV) 
                        alpha_em =  -1.0000e+00    alpha_strong =   1.8279e-01

    Participating Particles 
    no        id stat     mothers     colours      p_x        p_y        p_z         e          m        tau    spin 
     1        -3   -1     0     0     0   513      0.000      0.000    291.545    291.545      0.000   0.000   9.000
     2        21   -1     0     0   511   512      0.000      0.000   -152.105    152.105      0.000   0.000   9.000
     3         6    2     1     2   511     0      0.971    -58.823    -19.831    183.548    172.729   0.000   9.000
     4        -6    2     1     2     0   513      0.327     53.646    110.997    211.519    171.878   0.000   9.000
     5        21    1     1     2   514   512      0.028     -0.062      0.409      0.415      0.000   0.000   9.000
     6        -3    1     1     2     0   514     -1.326      5.239     47.865     48.169      0.000   0.000   9.000
     7         5    1     3     3   511     0    -25.332      8.758     48.607     55.725      4.920   0.000  -1.000
     8        24    2     3     3     0     0     26.303    -67.581    -68.438    127.823     79.974   0.000   9.000
     9        -5    1     4     4     0   513    -10.324     92.523     51.637    106.573      4.920   0.000   1.000
    10       -24    2     4     4     0     0     10.651    -38.877     59.360    104.947     76.586   0.000   9.000
    11       -11    1     8     8     0     0    -13.294    -27.901      9.032     32.199      0.001   0.000   1.000
    12        12    1     8     8     0     0     39.597    -39.680    -77.470     95.624      0.000   0.000  -1.000
    13        13    1    10    10     0     0     30.536    -22.836     -2.304     38.200      0.106   0.000  -1.000
    14       -14    1    10    10     0     0    -19.885    -16.041     61.664     66.747      0.000   0.000   1.000

 --------  End LHA event information and listing  ------------------------------------------------------------------ 

 --------  PYTHIA Info Listing  ---------------------------------------- 
 
 Beam A: id =   2212, pz =  6.500e+03, e =  6.500e+03, m =  9.383e-01.
 Beam B: id =   2212, pz = -6.500e+03, e =  6.500e+03, m =  9.383e-01.

 In 1: id =   -3, x =  4.485e-02, pdf =  0.000e+00 at Q2 =  1.735e+02.
 In 2: id =   21, x =  2.340e-02, pdf =  0.000e+00 at same Q2.

 Process Les Houches User Process(es) with code 9999 is 2 -> 4.
 Subprocess user process 322200 with code 322200 is 2 -> 4.
     alphaEM =  7.650e-03,  alphaS =  1.828e-01    at Q2 =  1.735e+02.

 Impact parameter b =  9.920e-01 gives enhancement factor =  5.952e-01.
 Max pT scale for MPI =  1.300e+04, ISR =  1.317e+01, FSR =  1.317e+01.
 Number of MPI =     3, ISR =     5, FSRproc =     8, FSRreson =     2.

 --------  End PYTHIA Info Listing  ------------------------------------

 --------  PYTHIA Event Listing  (hard process)  -----------------------------------------------------------------------------------
 
    no         id  name            status     mothers   daughters     colours      p_x        p_y        p_z         e          m 
     0         90  (system)           -11     0     0     0     0     0     0      0.000      0.000      0.000  13000.000  13000.000
     1       2212  (p+)               -12     0     0     3     0     0     0      0.000      0.000   6500.000   6500.000      0.938
     2       2212  (p+)               -12     0     0     4     0     0     0      0.000      0.000  -6500.000   6500.000      0.938
     3         -3  (sbar)             -21     1     0     5     8     0   513      0.000      0.000    291.545    291.545      0.000
     4         21  (g)                -21     2     0     5     8   511   512      0.000      0.000   -152.105    152.105      0.000
     5          6  (t)                -22     3     4     9    10   511     0      0.971    -58.823    -19.831    183.548    172.729
     6         -6  (tbar)             -22     3     4    11    12     0   513      0.327     53.646    110.997    211.519    171.878
     7         21  g                   23     3     4     0     0   514   512      0.028     -0.062      0.409      0.415      0.000
     8         -3  sbar                23     3     4     0     0     0   514     -1.326      5.239     47.865     48.169      0.000
     9          5  b                   23     5     0     0     0   511     0    -25.332      8.758     48.607     55.725      4.920
    10         24  (W+)               -22     5     0    13    14     0     0     26.303    -67.581    -68.438    127.823     79.974
    11         -5  bbar                23     6     0     0     0     0   513    -10.324     92.523     51.637    106.573      4.920
    12        -24  (W-)               -22     6     0    15    16     0     0     10.651    -38.877     59.360    104.947     76.586
    13        -11  e+                  23    10     0     0     0     0     0    -13.294    -27.901      9.032     32.199      0.001
    14         12  nu_e                23    10     0     0     0     0     0     39.597    -39.680    -77.470     95.624      0.000
    15         13  mu-                 23    12     0     0     0     0     0     30.536    -22.836     -2.304     38.200      0.106
    16        -14  nu_mubar            23    12     0     0     0     0     0    -19.885    -16.041     61.664     66.747      0.000
                                   Charge sum:  0.333           Momentum sum:      0.000     -0.000    139.440    443.651    421.168

 --------  End PYTHIA Event Listing  -----------------------------------------------------------------------------------------------

 --------  PYTHIA Event Listing  (complete event)  ---------------------------------------------------------------------------------
 
    no         id  name            status     mothers   daughters     colours      p_x        p_y        p_z         e          m 
     0         90  (system)           -11     0     0     0     0     0     0      0.000      0.000      0.000  13000.000  13000.000
     1       2212  (p+)               -12     0     0    75     0     0     0      0.000      0.000   6500.000   6500.000      0.938
     2       2212  (p+)               -12     0     0    76     0     0     0      0.000      0.000  -6500.000   6500.000      0.938
     3         -3  (sbar)             -21     9     9     5     8     0   513      0.000      0.000    291.545    291.545      0.000
     4         21  (g)                -21    10     0     5     8   511   512      0.000      0.000   -152.105    152.105      0.000
     5          6  (t)                -22     3     4    11    11   511     0      0.971    -58.823    -19.831    183.548    172.729
     6         -6  (tbar)             -22     3     4    12    12     0   513      0.327     53.646    110.997    211.519    171.878
     7         21  (g)                -23     3     4    13    13   514   512      0.028     -0.062      0.409      0.415      0.000
     8         -3  (sbar)             -23     3     4    14    14     0   514     -1.326      5.239     47.865     48.169      0.000
     9         -3  (sbar)             -42    16     0     3     3     0   513      0.000      0.000    291.545    291.545      0.000
    10         21  (g)                -41    17    17    15     4   515   512      0.000     -0.000   -256.054    256.054      0.000
    11          6  (t)                -44     5     5    18    18   511     0     -4.909    -61.190    -20.990    184.511    172.729
    12         -6  (tbar)             -44     6     6    19    19     0   513      0.327     53.646    110.997    211.519    171.878
    13         21  (g)                -44     7     7    20    20   514   512      0.028     -0.062      0.409      0.415      0.000
    14         -3  (sbar)             -44     8     8    21    21     0   514     -1.326      5.239     47.865     48.169      0.000
    15         21  (g)                -43    10     0    22    22   515   511      5.881      2.367   -102.790    102.986      0.000
    16         21  (g)                -41    24     0    23     9   516   513      0.000     -0.000    906.087    906.087      0.000
    17         21  (g)                -42    25    25    10    10   515   512      0.000     -0.000   -256.054    256.054      0.000
    18          6  (t)                -44    11    11    26    26   511     0     -4.909    -61.190    -20.990    184.511    172.729
    19         -6  (tbar)             -44    12    12    27    27     0   513     -3.740     49.585    109.037    209.532    171.878
    20         21  (g)                -44    13    13    28    28   514   512      0.028     -0.062      0.409      0.415      0.000
    21         -3  (sbar)             -44    14    14    29    29     0   514     -1.326      5.239     47.865     48.169      0.000
    22         21  (g)                -44    15    15    30    30   515   511      5.881      2.367   -102.790    102.986      0.000
    23          3  (s)                -43    16     0    31    31   516     0      4.067      4.061    616.502    616.529      0.500
    24          2  (u)                -41    75    75    32    16   516     0     -0.000     -0.000   2754.839   2754.839      0.000
    25         21  (g)                -42    76    76    17    17   515   512      0.000     -0.000   -256.054    256.054      0.000
    26          6  (t)                -44    18    18    35    35   511     0     -4.909    -61.190    -20.990    184.511    172.729
    27         -6  (tbar)             -44    19    19    45    45     0   513     -3.740     49.585    109.037    209.532    171.878
    28         21  (g)                -44    20    20    79    79   514   512      0.028     -0.062      0.409      0.415      0.000
    29         -3  (sbar)             -44    21    21    80    80     0   514     -1.326      5.239     47.865     48.169      0.000
    30         21  (g)                -44    22    22    33    34   515   511      5.881      2.367   -102.790    102.986      0.000
    31          3  (s)                -44    23    23    82    82   516     0      7.076      3.425   1371.624   1371.647      0.500
    32          2  (u)                -43    24     0    43    44   513     0     -3.009      0.636   1093.629   1093.634      0.330
    33         21  (g)                -51    30     0    38    38   515   518      5.291      4.520    -98.313     98.559      0.000
    34         21  (g)                -51    30     0    36    37   518   511      0.510     -2.494     -3.644      4.445      0.000
    35          6  (t)                -52    26    26    77    77   511     0     -4.830    -60.849    -21.823    184.493    172.729
    36         21  (g)                -51    34     0    84    84   519   511      0.949      1.462     -3.108      3.564      0.000
    37         21  (g)                -51    34     0    54    55   518   519      0.307     -3.318    -14.406     14.787      0.000
    38         21  (g)                -52    33    33    56    56   515   518      4.545      3.882    -84.442     84.653      0.000
    39         21  (g)                -31    49     0    41    42   521   522      0.000      0.000      6.779      6.779      0.000
    40         21  (g)                -31    50    50    41    42   523   524      0.000      0.000    -12.008     12.008      0.000
    41         21  (g)                -33    39    40    51    51   521   524     -1.551      1.311      6.538      6.846      0.000
    42         21  (g)                -33    39    40    52    52   523   522      1.551     -1.311    -11.766     11.940      0.000
    43          2  (u)                -51    32     0    48    48   525     0     -2.799     -1.138   1055.106   1055.110      0.330
    44         21  (g)                -51    32     0    46    47   513   525     -0.211      1.795     38.445     38.488      0.000
    45         -6  (tbar)             -52    27    27    62    62     0   513     -3.739     49.564    109.115    209.568    171.878
    46         21  (g)                -51    44     0    59    59   513   526      0.956      0.603     20.557     20.589      0.000
    47         21  (g)                -51    44     0    57    58   526   525     -1.492      1.059    140.401    140.413      0.000
    48          2  (u)                -52    43    43    83    83   525     0     -2.474     -1.005    932.593    932.597      0.330
    49         21  (g)                -41    92    92    53    39   527   522      0.000      0.000     18.256     18.256      0.000
    50         21  (g)                -42    93    93    40    40   523   524      0.000      0.000    -12.008     12.008      0.000
    51         21  (g)                -44    41    41    94    94   521   524     -1.551      1.311      6.538      6.846      0.000
    52         21  (g)                -44    42    42    95    95   523   522      0.838     -2.490    -11.666     11.958      0.000
    53         21  (g)                -43    49     0    96    96   527   521      0.713      1.179     11.376     11.460      0.000
    54         21  (g)                -51    37     0    85    85   528   519     -0.150     -0.460     -0.589      0.762      0.000
    55         21  (g)                -51    37     0    63    64   518   528      0.659     -2.687    -17.554     17.770      0.000
    56         21  (g)                -52    38    38    65    65   515   518      4.344      3.711    -80.706     80.908      0.000
    57         21  (g)                -51    47     0    87    87   529   525     -1.132      0.112     74.367     74.375      0.000
    58         21  (g)                -51    47     0    89    89   526   529     -0.207      1.044     69.314     69.323      0.000
    59         21  (g)                -52    46    46    60    61   513   526      0.803      0.506     17.277     17.303      0.000
    60         21  (g)                -51    59     0    86    86   530   526      0.710      1.020     16.491     16.538      0.000
    61         21  (g)                -51    59     0    90    90   513   530      0.055     -0.427      0.386      0.578      0.000
    62         -6  (tbar)             -52    45    45    78    78     0   513     -3.701     49.477    109.516    209.756    171.878
    63         21  (g)                -51    55     0    88    88   531   528     -0.200     -0.481     -1.719      1.796      0.000
    64         21  (g)                -51    55     0    91    91   518   531      0.993     -2.091    -18.330     18.476      0.000
    65         21  (g)                -52    56    56    81    81   515   518      4.209      3.596    -78.211     78.406      0.000
    66         21  (g)                -31    70     0    68    69   532   533      0.000      0.000     12.471     12.471      0.000
    67         21  (g)                -31    71    71    68    69   534   535      0.000      0.000     -0.494      0.494      0.000
    68         21  (g)                -33    66    67    72    72   532   535      0.081      0.486     -0.365      0.613      0.000
    69         21  (g)                -33    66    67    73    73   534   533     -0.081     -0.486     12.342     12.352      0.000
    70         21  (g)                -41    97    97    74    66   532   536     -0.000     -0.000     13.918     13.918      0.000
    71         21  (g)                -42    98    98    67    67   534   535      0.000      0.000     -0.494      0.494      0.000
    72         21  (g)                -44    68    68    99    99   532   535      0.255      0.084     -0.418      0.497      0.000
    73         21  (g)                -44    69    69   100   100   534   533     -0.081     -0.486     12.342     12.352      0.000
    74         21  (g)                -43    70     0   101   101   533   536     -0.174      0.402      1.501      1.564      0.000
    75          2  (u)                -61     1     0    24    24   516     0      1.686     -0.830   2754.832   2754.832      0.000
    76         21  (g)                -61     2     0    25    25   515   512     -2.199      1.572   -256.047    256.061      0.000
    77          6  (t)                -62    35    35   105   106   511     0     -5.666    -60.240    -21.994    184.337    172.729
    78         -6  (tbar)             -62    62    62   110   111     0   513     -4.034     49.736    109.693    209.916    171.878
    79         21  (g)                -62    28    28   121     0   514   532      0.028     -0.062      0.409      0.415      0.000
    80         -3  (sbar)             -62    29    29   135   135     0   533     -1.298      5.225     47.888     48.189      0.000
    81         21  (g)                -62    65    65   177   177   515   518      3.537      4.077    -78.216     78.402      0.000
    82          3  (s)                -62    31    31   122   122   516     0      7.915      3.012   1371.599   1371.625      0.500
    83          2  (u)                -62    48    48   148   148   525     0     -1.903     -1.286    932.599    932.601      0.330
    84         21  (g)                -62    36    36   173   173   519   511      0.921      1.482     -3.108      3.564      0.000
    85         21  (g)                -62    54    54   119     0   528   519     -0.156     -0.455     -0.590      0.761      0.000
    86         21  (g)                -62    60    60   151   151   530   526      0.720      1.016     16.491     16.538      0.000
    87         21  (g)                -62    57    57   149   149   529   525     -1.087      0.089     74.372     74.380      0.000
    88         21  (g)                -62    63    63   119     0   531   528     -0.215     -0.470     -1.720      1.796      0.000
    89         21  (g)                -62    58    58   150   150   526   529     -0.165      1.023     69.319     69.326      0.000
    90         21  (g)                -62    61    61   153   153   513   527      0.055     -0.426      0.384      0.577      0.000
    91         21  (g)                -62    64    64   176   176   518   523      0.835     -1.978    -18.341     18.466      0.000
    92         21  (g)                -61     1     0    49    49   524   524      0.505     -0.142     18.250     18.258      0.000
    93         21  (g)                -61     2     0    50    50   522   522     -0.367     -0.209    -12.001     12.008      0.000
    94         21  (g)                -62    51    51   120     0   521   534     -1.370      1.256      6.575      6.832      0.000
    95         21  (g)                -62    52    52   175   175   523   531      0.481     -2.697    -11.672     11.989      0.000
    96         21  (g)                -62    53    53   152   152   527   530      1.028      1.089     11.346     11.445      0.000
    97         21  (g)                -61     1     0    70    70   535   535     -1.629      0.648     12.745     12.865      0.000
    98         21  (g)                -61     2     0    71    71   536   536      1.527      0.547      1.026      1.919      0.000
    99         21  (g)                -62    72    72   132   132   532   512      1.611      0.609      1.444      2.248      0.000
   100         21  (g)                -62    73    73   121     0   534   514     -1.476      0.077     10.963     11.062      0.000
   101         21  (g)                -62    74    74   120     0   533   521     -0.236      0.508      1.364      1.474      0.000
   102       2101  (ud_0)             -63     1     0   123   123     0   516     -0.563      0.324   3712.531   3712.532      0.579
   103       2203  (uu_1)             -63     2     0   178   178     0   515      0.349     -0.865  -6226.976   6226.976      0.771
   104          1  (d)                -63     2     0   131   131   512     0      0.690     -1.045     -4.360      4.548      0.330
   105          5  (b)                -23    77     0   107   108   511     0    -27.348      8.328     47.950     56.042      4.920
   106         24  (W+)               -22    77     0   109   109     0     0     21.682    -68.568    -69.944    128.295     79.974
   107          5  (b)                -51   105     0   171   171   541     0    -26.451      8.243     43.964     52.198      4.920
   108         21  (g)                -51   105     0   172   172   511   541     -0.852     -0.004      3.869      3.962      0.000
   109         24  (W+)               -52   106   106   115   116     0     0     21.638    -68.479    -69.827    128.177     79.974
   110         -5  (bbar)             -23    78     0   112   113     0   513    -12.511     90.562     50.984    104.793      4.920
   111        -24  (W-)               -22    78     0   114   114     0     0      8.478    -40.826     58.710    105.123     76.586
   112         -5  (bbar)             -51   110     0   155   155     0   543    -12.760     86.028     47.683     99.305      4.920
   113         21  (g)                -51   110     0   154   154   543   513      0.267      4.428      3.342      5.554      0.000
   114        -24  (W-)               -52   111   111   117   118     0     0      8.459    -40.720     58.668    105.057     76.586
   115        -11  e+                  23   109     0     0     0     0     0    -14.479    -28.129      8.679     32.805      0.001
   116         12  nu_e                23   109     0     0     0     0     0     36.116    -40.350    -78.506     95.372      0.000
   117         13  mu-                 23   114     0     0     0     0     0     29.741    -23.504     -2.555     37.993      0.106
   118        -14  nu_mubar            23   114     0     0     0     0     0    -21.281    -17.215     61.223     67.064      0.000
   119         21  (g)                -73    85    88   174   174   531   519     -0.371     -0.926     -2.309      2.557      0.459
   120         21  (g)                -73    94   101   134   134   533   534     -1.607      1.764      7.938      8.307      0.539
   121         21  (g)                -73    79   100   133   133   534   532     -1.448      0.016     11.372     11.477      0.544
   122          3  (s)                -71    82    82   124   130   516     0      7.915      3.012   1371.599   1371.625      0.500
   123       2101  (ud_0)             -71   102   102   124   130     0   516     -0.563      0.324   3712.531   3712.532      0.579
   124       -321  K-                  83   122   123     0     0     0     0      2.061      0.636    306.130    306.138      0.494
   125        323  (K*+)              -83   122   123   205   206     0     0      1.161      0.736    423.249    423.252      0.879
   126       -311  (Kbar0)            -84   122   123   207   207     0     0      3.477      0.675    628.332    628.342      0.498
   127        223  (omega)            -84   122   123   238   240     0     0      0.603      0.775    236.610    236.614      0.780
   128        111  (pi0)              -84   122   123   241   242     0     0      0.001      0.279     57.807     57.807      0.135
   129        111  (pi0)              -84   122   123   243   244     0     0      0.941      0.200    879.154    879.155      0.135
   130       2112  n0                  84   122   123     0     0     0     0     -0.892      0.036   2552.848   2552.849      0.940
   131          1  (d)                -71   104   104   136   147   512     0      0.690     -1.045     -4.360      4.548      0.330
   132         21  (g)                -71    99    99   136   147   532   512      1.611      0.609      1.444      2.248      0.000
   133         21  (g)                -71   121   121   136   147   534   532     -1.448      0.016     11.372     11.477      0.544
   134         21  (g)                -71   120   120   136   147   533   534     -1.607      1.764      7.938      8.307      0.539
   135         -3  (sbar)             -71    80    80   136   147     0   533     -1.298      5.225     47.888     48.189      0.000
   136       -213  (rho-)             -83   131   135   208   209     0     0      0.584     -0.435     -2.283      2.600      1.010
   137        111  (pi0)              -83   131   135   245   246     0     0     -0.070      0.247     -0.608      0.674      0.135
   138        211  pi+                 83   131   135     0     0     0     0      0.629     -0.813     -0.852      1.342      0.140
   139       -211  pi-                 83   131   135     0     0     0     0      0.224      0.607      0.707      0.969      0.140
   140       3222  Sigma+              83   131   135     0     0     0     0      0.198     -0.011      0.780      1.436      1.189
   141      -3222  (Sigmabar-)        -84   131   135   247   248     0     0      0.399     -0.019      1.565      2.006      1.189
   142        111  (pi0)              -84   131   135   249   250     0     0     -0.274      0.106      2.130      2.155      0.135
   143       2212  p+                  84   131   135     0     0     0     0     -0.655      1.023      5.950      6.145      0.938
   144      -2212  pbar-               84   131   135     0     0     0     0     -1.246      1.041     11.303     11.458      0.938
   145        113  (rho0)             -84   131   135   210   211     0     0     -0.279      0.367      4.488      4.582      0.804
   146        321  K+                  84   131   135     0     0     0     0     -0.471      1.452     11.589     11.700      0.494
   147        333  (phi)              -84   131   135   251   252     0     0     -1.092      3.006     29.511     29.702      1.036
   148          2  (u)                -71    83    83   156   170   525     0     -1.903     -1.286    932.599    932.601      0.330
   149         21  (g)                -71    87    87   156   170   529   525     -1.087      0.089     74.372     74.380      0.000
   150         21  (g)                -71    89    89   156   170   526   529     -0.165      1.023     69.319     69.326      0.000
   151         21  (g)                -71    86    86   156   170   530   526      0.720      1.016     16.491     16.538      0.000
   152         21  (g)                -71    96    96   156   170   527   530      1.028      1.089     11.346     11.445      0.000
   153         21  (g)                -71    90    90   156   170   513   527      0.055     -0.426      0.384      0.577      0.000
   154         21  (g)                -71   113   113   156   170   543   513      0.267      4.428      3.342      5.554      0.000
   155         -5  (bbar)             -71   112   112   156   170     0   543    -12.760     86.028     47.683     99.305      4.920
   156        221  (eta)              -83   148   155   253   255     0     0     -0.805     -0.778    548.508    548.510      0.548
   157        111  (pi0)              -83   148   155   256   257     0     0     -0.620     -0.511    189.280    189.282      0.135
   158        113  (rho0)             -83   148   155   212   213     0     0     -1.251      0.392    203.971    203.976      0.749
   159        321  K+                  83   148   155     0     0     0     0     -0.527      0.408     49.013     49.020      0.494
   160       -321  K-                  83   148   155     0     0     0     0      0.222     -0.267     20.747     20.756      0.494
   161        213  (rho+)             -83   148   155   214   215     0     0     -0.020      0.263     47.811     47.818      0.761
   162        113  (rho0)             -83   148   155   216   217     0     0      0.795      1.131     26.360     26.406      0.734
   163       2112  n0                  83   148   155     0     0     0     0      0.453      1.580     17.033     17.138      0.940
   164      -2212  pbar-               84   148   155     0     0     0     0      0.213      0.095      1.550      1.827      0.938
   165        211  pi+                 84   148   155     0     0     0     0      0.254      0.348      0.184      0.489      0.140
   166        111  (pi0)              -84   148   155   258   259     0     0      0.052      0.683      1.127      1.326      0.135
   167       -213  (rho-)             -84   148   155   218   219     0     0     -0.662      0.962      1.069      1.748      0.742
   168        213  (rho+)             -84   148   155   220   221     0     0      0.156      2.868      1.556      3.363      0.799
   169       -213  (rho-)             -84   148   155   222   223     0     0     -0.393      5.431      3.365      6.441      0.716
   170        523  (B*+)              -84   148   155   260   261     0     0    -11.714     79.355     43.961     91.627      5.325
   171          5  (b)                -71   107   107   179   204   541     0    -26.451      8.243     43.964     52.198      4.920
   172         21  (g)                -71   108   108   179   204   511   541     -0.852     -0.004      3.869      3.962      0.000
   173         21  (g)                -71    84    84   179   204   519   511      0.921      1.482     -3.108      3.564      0.000
   174         21  (g)                -71   119   119   179   204   531   519     -0.371     -0.926     -2.309      2.557      0.459
   175         21  (g)                -71    95    95   179   204   523   531      0.481     -2.697    -11.672     11.989      0.000
   176         21  (g)                -71    91    91   179   204   518   523      0.835     -1.978    -18.341     18.466      0.000
   177         21  (g)                -71    81    81   179   204   515   518      3.537      4.077    -78.216     78.402      0.000
   178       2203  (uu_1)             -71   103   103   179   204     0   515      0.349     -0.865  -6226.976   6226.976      0.771
   179       5122  (Lambda_b0)        -83   171   178   262   264     0     0    -25.453      7.839     43.213     51.071      5.619
   180      -2112  nbar0               83   171   178     0     0     0     0     -0.495      0.118      0.773      1.319      0.940
   181       -211  pi-                 83   171   178     0     0     0     0     -0.119      0.116      0.656      0.691      0.140
   182        321  K+                  83   171   178     0     0     0     0     -1.056      0.312      0.425      1.279      0.494
   183       -311  (Kbar0)            -83   171   178   224   224     0     0     -0.015      0.173      0.815      0.971      0.498
   184        113  (rho0)             -83   171   178   225   226     0     0     -0.097     -0.179      1.026      1.303      0.777
   185       -211  pi-                 83   171   178     0     0     0     0      0.690      0.807     -1.008      1.471      0.140
   186        113  (rho0)             -83   171   178   227   228     0     0     -0.169     -0.470     -1.650      2.118      1.231
   187       2212  p+                  83   171   178     0     0     0     0      0.055     -0.986     -5.536      5.701      0.938
   188      -2112  nbar0               83   171   178     0     0     0     0      0.328     -0.022     -2.548      2.736      0.940
   189        113  (rho0)             -83   171   178   229   230     0     0      0.536     -2.025    -10.784     11.004      0.635
   190        223  (omega)            -83   171   178   265   267     0     0      0.263     -0.023    -11.104     11.136      0.794
   191        221  (eta)              -83   171   178   268   270     0     0      0.653     -0.954    -13.157     13.219      0.548
   192       -211  pi-                 84   171   178     0     0     0     0      0.415      0.896    -10.967     11.012      0.140
   193        211  pi+                 84   171   178     0     0     0     0      0.523      0.856    -20.329     20.354      0.140
   194       -213  (rho-)             -84   171   178   231   232     0     0      1.026      0.950    -17.254     17.329      0.792
   195        211  pi+                 84   171   178     0     0     0     0      0.495      0.067    -20.477     20.483      0.140
   196        221  (eta)              -84   171   178   271   273     0     0     -0.133      0.194    -11.352     11.368      0.548
   197       -211  pi-                 84   171   178     0     0     0     0     -0.041     -0.006    -26.179     26.180      0.140
   198        223  (omega)            -84   171   178   274   276     0     0      0.268      0.477    -37.306     37.318      0.779
   199        223  (omega)            -84   171   178   277   279     0     0      0.601     -0.299   -111.797    111.802      0.777
   200        321  K+                  84   171   178     0     0     0     0     -0.249      0.452   -547.703    547.704      0.494
   201       -321  K-                  84   171   178     0     0     0     0      0.335     -0.652   -494.333    494.334      0.494
   202        213  (rho+)             -84   171   178   233   234     0     0     -0.017      0.145   -489.220    489.220      0.772
   203       2112  n0                  84   171   178     0     0     0     0      0.039     -0.558  -2413.908   2413.908      0.940
   204        213  (rho+)             -84   171   178   235   236     0     0      0.064      0.101  -2093.085   2093.085      0.752
   205        311  (K0)               -91   125     0   237   237     0     0      1.127      0.644    322.148    322.151      0.498
   206        211  pi+                 91   125     0     0     0     0     0      0.034      0.092    101.101    101.101      0.140
   207        310  K_S0                91   126   126     0     0     0     0      3.477      0.675    628.332    628.342      0.498
   208       -211  pi-                 91   136     0     0     0     0     0      0.363      0.237     -0.494      0.672      0.140
   209        111  (pi0)              -91   136     0   280   281     0     0      0.222     -0.672     -1.789      1.928      0.135
   210        211  pi+                 91   145     0     0     0     0     0     -0.065     -0.172      2.402      2.413      0.140
   211       -211  pi-                 91   145     0     0     0     0     0     -0.214      0.539      2.086      2.169      0.140
   212        211  pi+                 91   158     0     0     0     0     0     -0.597     -0.081     58.224     58.227      0.140
   213       -211  pi-                 91   158     0     0     0     0     0     -0.654      0.473    145.746    145.749      0.140
   214        211  pi+                 91   161     0     0     0     0     0      0.131     -0.211     14.341     14.344      0.140
   215        111  (pi0)              -91   161     0   282   283     0     0     -0.150      0.474     33.470     33.474      0.135
   216        211  pi+                 91   162     0     0     0     0     0      0.180     -0.013      6.184      6.188      0.140
   217       -211  pi-                 91   162     0     0     0     0     0      0.615      1.144     20.176     20.218      0.140
   218       -211  pi-                 91   167     0     0     0     0     0     -0.290     -0.009      0.361      0.484      0.140
   219        111  (pi0)              -91   167     0   284   285     0     0     -0.373      0.970      0.708      1.265      0.135
   220        211  pi+                 91   168     0     0     0     0     0      0.089      1.627      1.295      2.086      0.140
   221        111  (pi0)              -91   168     0   286   287     0     0      0.067      1.241      0.261      1.277      0.135
   222       -211  pi-                 91   169     0     0     0     0     0     -0.067      2.735      2.045      3.419      0.140
   223        111  (pi0)              -91   169     0   288   289     0     0     -0.326      2.696      1.320      3.023      0.135
   224        310  K_S0                91   183   183     0     0     0     0     -0.015      0.173      0.815      0.971      0.498
   225        211  pi+                 91   184     0     0     0     0     0     -0.140     -0.148     -0.019      0.248      0.140
   226       -211  pi-                 91   184     0     0     0     0     0      0.042     -0.031      1.045      1.055      0.140
   227        211  pi+                 91   186     0     0     0     0     0      0.019     -0.586     -0.185      0.630      0.140
   228       -211  pi-                 91   186     0     0     0     0     0     -0.188      0.116     -1.465      1.488      0.140
   229        211  pi+                 91   189     0     0     0     0     0      0.481     -1.744     -9.884     10.049      0.140
   230       -211  pi-                 91   189     0     0     0     0     0      0.056     -0.281     -0.900      0.955      0.140
   231       -211  pi-                 91   194     0     0     0     0     0      0.848      0.948    -11.621     11.691      0.140
   232        111  (pi0)              -91   194     0   290   291     0     0      0.178      0.002     -5.634      5.638      0.135
   233        211  pi+                 91   202     0     0     0     0     0     -0.281     -0.157   -265.840    265.840      0.140
   234        111  (pi0)              -91   202     0   292   293     0     0      0.264      0.302   -223.380    223.380      0.135
   235        211  pi+                 91   204     0     0     0     0     0      0.001      0.322  -1750.627   1750.627      0.140
   236        111  (pi0)              -91   204     0   294   295     0     0      0.063     -0.220   -342.458    342.458      0.135
   237        130  K_L0                91   205   205     0     0     0     0      1.127      0.644    322.148    322.151      0.498
   238        211  pi+                 91   127     0     0     0     0     0      0.143      0.522     93.344     93.346      0.140
   239       -211  pi-                 91   127     0     0     0     0     0      0.115      0.117     86.985     86.985      0.140
   240        111  (pi0)              -91   127     0   296   297     0     0      0.345      0.136     56.281     56.283      0.135
   241         22  gamma               91   128     0     0     0     0     0      0.010      0.247     55.894     55.894      0.000
   242         22  gamma               91   128     0     0     0     0     0     -0.009      0.032      1.913      1.913      0.000
   243         22  gamma               91   129     0     0     0     0     0      0.442      0.071    466.915    466.915      0.000
   244         22  gamma               91   129     0     0     0     0     0      0.498      0.129    412.239    412.240      0.000
   245         22  gamma               91   137     0     0     0     0     0     -0.011      0.226     -0.453      0.507      0.000
   246         22  gamma               91   137     0     0     0     0     0     -0.059      0.021     -0.155      0.167      0.000
   247      -2212  pbar-               91   141     0     0     0     0     0      0.443     -0.161      1.369      1.726      0.938
   248        111  (pi0)              -91   141     0   298   299     0     0     -0.043      0.142      0.196      0.281      0.135
   249         22  gamma               91   142     0     0     0     0     0     -0.094      0.005      1.094      1.098      0.000
   250         22  gamma               91   142     0     0     0     0     0     -0.181      0.100      1.036      1.057      0.000
   251        321  K+                  91   147     0     0     0     0     0     -0.394      1.076     11.611     11.678      0.494
   252       -321  K-                  91   147     0     0     0     0     0     -0.698      1.930     17.900     18.024      0.494
   253        211  pi+                 91   156     0     0     0     0     0     -0.319     -0.313    165.063    165.064      0.140
   254       -211  pi-                 91   156     0     0     0     0     0     -0.231     -0.366    225.729    225.729      0.140
   255        111  (pi0)              -91   156     0   300   301     0     0     -0.255     -0.100    157.716    157.716      0.135
   256         22  gamma               91   157     0     0     0     0     0     -0.535     -0.371    149.879    149.880      0.000
   257         22  gamma               91   157     0     0     0     0     0     -0.086     -0.140     39.401     39.401      0.000
   258         22  gamma               91   166     0     0     0     0     0      0.052      0.433      0.594      0.737      0.000
   259         22  gamma               91   166     0     0     0     0     0     -0.000      0.250      0.534      0.589      0.000
   260        521  (B+)               -91   170     0   302   303     0     0    -11.676     79.104     43.781     91.315      5.279
   261         22  gamma               91   170     0     0     0     0     0     -0.038      0.251      0.181      0.311      0.000
   262       4122  (Lambda_c+)        -91   179     0   304   305     0     0     -9.298      1.907     18.174     20.630      2.286
   263        111  (pi0)              -91   179     0   306   307     0     0     -4.806      0.960      6.495      8.138      0.135
   264       -211  pi-                 91   179     0     0     0     0     0    -11.348      4.972     18.545     22.303      0.140
   265        211  pi+                 91   190     0     0     0     0     0     -0.019     -0.190     -2.796      2.806      0.140
   266       -211  pi-                 91   190     0     0     0     0     0      0.371      0.104     -6.578      6.591      0.140
   267        111  (pi0)              -91   190     0   308   309     0     0     -0.089      0.064     -1.731      1.739      0.135
   268        111  (pi0)              -91   191     0   310   311     0     0      0.257     -0.523     -7.203      7.228      0.135
   269        111  (pi0)              -91   191     0   312   313     0     0      0.066     -0.146     -2.037      2.048      0.135
   270        111  (pi0)              -91   191     0   314   315     0     0      0.330     -0.286     -3.917      3.943      0.135
   271        111  (pi0)              -91   196     0   316   317     0     0      0.017      0.165     -5.517      5.521      0.135
   272        111  (pi0)              -91   196     0   318   319     0     0      0.026      0.015     -1.739      1.745      0.135
   273        111  (pi0)              -91   196     0   320   321     0     0     -0.176      0.015     -4.096      4.102      0.135
   274        211  pi+                 91   198     0     0     0     0     0      0.140      0.146     -9.921      9.924      0.140
   275       -211  pi-                 91   198     0     0     0     0     0     -0.057      0.179    -22.579     22.581      0.140
   276        111  (pi0)              -91   198     0   322   323     0     0      0.185      0.153     -4.806      4.813      0.135
   277        211  pi+                 91   199     0     0     0     0     0      0.270     -0.033    -18.473     18.475      0.140
   278       -211  pi-                 91   199     0     0     0     0     0      0.139     -0.332    -49.799     49.801      0.140
   279        111  (pi0)              -91   199     0   324   325     0     0      0.192      0.066    -43.525     43.526      0.135
   280         22  gamma               91   209     0     0     0     0     0      0.088     -0.408     -0.911      1.002      0.000
   281         22  gamma               91   209     0     0     0     0     0      0.134     -0.264     -0.878      0.926      0.000
   282         22  gamma               91   215     0     0     0     0     0     -0.115      0.252     22.139     22.141      0.000
   283         22  gamma               91   215     0     0     0     0     0     -0.035      0.222     11.331     11.333      0.000
   284         22  gamma               91   219     0     0     0     0     0      0.011      0.049      0.029      0.058      0.000
   285         22  gamma               91   219     0     0     0     0     0     -0.383      0.921      0.680      1.207      0.000
   286         22  gamma               91   221     0     0     0     0     0      0.078      0.582      0.173      0.612      0.000
   287         22  gamma               91   221     0     0     0     0     0     -0.011      0.659      0.088      0.665      0.000
   288         22  gamma               91   223     0     0     0     0     0     -0.246      2.360      1.127      2.627      0.000
   289         22  gamma               91   223     0     0     0     0     0     -0.080      0.336      0.193      0.396      0.000
   290         22  gamma               91   232     0     0     0     0     0      0.170     -0.044     -4.665      4.668      0.000
   291         22  gamma               91   232     0     0     0     0     0      0.008      0.046     -0.969      0.970      0.000
   292         22  gamma               91   234     0     0     0     0     0      0.128      0.187    -91.578     91.579      0.000
   293         22  gamma               91   234     0     0     0     0     0      0.135      0.115   -131.801    131.802      0.000
   294         22  gamma               91   236     0     0     0     0     0      0.004     -0.049    -22.954     22.954      0.000
   295         22  gamma               91   236     0     0     0     0     0      0.060     -0.172   -319.504    319.504      0.000
   296         22  gamma               91   240     0     0     0     0     0      0.211      0.050     40.547     40.548      0.000
   297         22  gamma               91   240     0     0     0     0     0      0.134      0.086     15.734     15.735      0.000
   298         22  gamma               91   248     0     0     0     0     0     -0.070      0.037      0.134      0.155      0.000
   299         22  gamma               91   248     0     0     0     0     0      0.026      0.106      0.063      0.126      0.000
   300         22  gamma               91   255     0     0     0     0     0     -0.139      0.004     95.491     95.491      0.000
   301         22  gamma               91   255     0     0     0     0     0     -0.115     -0.104     62.225     62.225      0.000
   302     100441  (eta_c(2S))        -91   260     0   326   328     0     0     -7.467     52.780     30.372     61.461      3.679
   303        323  (K*+)              -91   260     0   329   330     0     0     -4.209     26.325     13.408     29.854      0.880
   304       2214  (Delta+)           -91   262     0   331   332     0     0     -6.742      1.865     12.461     14.352      1.328
   305        311  (K0)               -91   262     0   333   333     0     0     -2.556      0.041      5.712      6.278      0.498
   306         22  gamma               91   263     0     0     0     0     0     -1.129      0.205      1.610      1.977      0.000
   307         22  gamma               91   263     0     0     0     0     0     -3.678      0.755      4.885      6.161      0.000
   308         22  gamma               91   267     0     0     0     0     0      0.024     -0.008     -0.644      0.644      0.000
   309         22  gamma               91   267     0     0     0     0     0     -0.113      0.072     -1.087      1.095      0.000
   310         22  gamma               91   268     0     0     0     0     0      0.057     -0.033     -1.066      1.068      0.000
   311         22  gamma               91   268     0     0     0     0     0      0.200     -0.490     -6.137      6.160      0.000
   312         22  gamma               91   269     0     0     0     0     0      0.076     -0.041     -0.518      0.525      0.000
   313         22  gamma               91   269     0     0     0     0     0     -0.010     -0.105     -1.519      1.523      0.000
   314         22  gamma               91   270     0     0     0     0     0      0.035     -0.105     -0.906      0.912      0.000
   315         22  gamma               91   270     0     0     0     0     0      0.295     -0.181     -3.011      3.031      0.000
   316         22  gamma               91   271     0     0     0     0     0      0.003     -0.011     -1.731      1.731      0.000
   317         22  gamma               91   271     0     0     0     0     0      0.014      0.176     -3.786      3.790      0.000
   318         22  gamma               91   272     0     0     0     0     0     -0.030      0.007     -0.101      0.105      0.000
   319         22  gamma               91   272     0     0     0     0     0      0.055      0.008     -1.638      1.639      0.000
   320         22  gamma               91   273     0     0     0     0     0     -0.097     -0.057     -1.767      1.771      0.000
   321         22  gamma               91   273     0     0     0     0     0     -0.079      0.072     -2.329      2.331      0.000
   322         22  gamma               91   276     0     0     0     0     0      0.130      0.171     -3.497      3.503      0.000
   323         22  gamma               91   276     0     0     0     0     0      0.055     -0.018     -1.309      1.310      0.000
   324         22  gamma               91   279     0     0     0     0     0      0.103      0.095    -19.621     19.621      0.000
   325         22  gamma               91   279     0     0     0     0     0      0.090     -0.029    -23.904     23.904      0.000
   326       -321  K-                  91   302     0     0     0     0     0     -0.339      5.212      3.590      6.357      0.494
   327        311  (K0)               -91   302     0   334   334     0     0     -0.145      3.223      1.940      3.797      0.498
   328        211  pi+                 91   302     0     0     0     0     0     -6.984     44.344     24.842     51.306      0.140
   329        311  (K0)               -91   303     0   335   335     0     0     -3.375     19.648     10.166     22.384      0.498
   330        211  pi+                 91   303     0     0     0     0     0     -0.834      6.676      3.242      7.470      0.140
   331       2212  p+                  91   304     0     0     0     0     0     -5.362      1.699     10.430     11.887      0.938
   332        111  (pi0)              -91   304     0   336   337     0     0     -1.379      0.167      2.032      2.465      0.135
   333        130  K_L0                91   305   305     0     0     0     0     -2.556      0.041      5.712      6.278      0.498
   334        130  K_L0                91   327   327     0     0     0     0     -0.145      3.223      1.940      3.797      0.498
   335        130  K_L0                91   329   329     0     0     0     0     -3.375     19.648     10.166     22.384      0.498
   336         22  gamma               91   332     0     0     0     0     0     -0.668      0.112      0.884      1.114      0.000
   337         22  gamma               91   332     0     0     0     0     0     -0.711      0.055      1.148      1.351      0.000
                                   Charge sum:  2.000           Momentum sum:      0.000     -0.000     -0.000  13000.000  13000.000

 --------  End PYTHIA Event Listing  -----------------------------------------------------------------------------------------------
#--------------------------------------------------------------------------
#                     FastJet release 3.4.0 [fjcore]
#                 M. Cacciari, G.P. Salam and G. Soyez                  
#     A software package for jet finding and analysis at colliders      
#                           http://fastjet.fr                           
#	                                                                      
# Please cite EPJC72(2012)1896 [arXiv:1111.6097] if you use this package
# for scientific work and optionally PLB641(2006)57 [hep-ph/0512210].   
#                                                                       
# FastJet is provided without warranty under the GNU GPL v2 or higher.  
# It uses T. Chan's closest pair algorithm, S. Fortune's Voronoi code
# and 3rd party plugin jet algorithms. See COPYING file for details.
#--------------------------------------------------------------------------
 PYTHIA Error in SimpleSpaceShower::pT2nearThreshold: stuck in loop  
 PYTHIA Warning in SimpleSpaceShower::pT2nextQCD: weight above unity  
 PYTHIA Warning in SimpleSpaceShower::pT2nextQCD: small daughter PDF  
 PYTHIA Warning in SimpleTimeShower::pTnext: negative dipole mass.  
 PYTHIA Warning in SimpleTimeShower::findMEcorr: ME weight above PS one  
 PYTHIA Error in BeamRemnants::setKinematics: kinematics construction failed  
 PYTHIA Warning in ColConfig::collect: negative-energy parton encountered  

 Pythia::next(): 1000 events have been generated 
 PYTHIA Warning in StringFragmentation::fragmentToJunction: bad convergence junction rest frame  
 PYTHIA Warning in Pythia::check: energy-momentum not quite conserved  

 Pythia::next(): 2000 events have been generated 
 PYTHIA Error in StringFragmentation::fragment: stuck in joining  
 PYTHIA Error in Pythia::next: hadronLevel failed; try again  

 Pythia::next(): 3000 events have been generated 

 Pythia::next(): 4000 events have been generated 

 Pythia::next(): 5000 events have been generated 

 Pythia::next(): 6000 events have been generated 

 Pythia::next(): 7000 events have been generated 

 Pythia::next(): 8000 events have been generated 
 PYTHIA Warning in TauDecays::decay: maximum decay weight exceeded in tau decay  

 Pythia::next(): 9000 events have been generated 

 *-------  PYTHIA Event and Cross Section Statistics  -------------------------------------------------------------*
 |                                                                                                                 |
 | Subprocess                                    Code |            Number of events       |      sigma +- delta    |
 |                                                    |       Tried   Selected   Accepted |     (estimated) (mb)   |
 |                                                    |                                   |                        |
 |-----------------------------------------------------------------------------------------------------------------|
 |                                                    |                                   |                        |
 | Les Houches User Process(es)                  9999 |       10000      10000      10000 |   8.402e-08  0.000e+00 |
 |    ... whereof user classification code     322200 |       10000      10000      10000 |                        | 
 |                                                    |                                   |                        |
 | sum                                                |       10000      10000      10000 |   8.402e-08  0.000e+00 |
 |                                                                                                                 |
 *-------  End PYTHIA Event and Cross Section Statistics ----------------------------------------------------------*

 *-------  PYTHIA Error and Warning Messages Statistics  ----------------------------------------------------------* 
 |                                                                                                                 | 
 |  times   message                                                                                                | 
 |                                                                                                                 | 
 |      4   Error in BeamRemnants::setKinematics: kinematics construction failed                                   | 
 |      7   Error in Pythia::next: hadronLevel failed; try again                                                   | 
 |     12   Error in SimpleSpaceShower::pT2nearThreshold: stuck in loop                                            | 
 |      7   Error in StringFragmentation::fragment: stuck in joining                                               | 
 |      7   Warning in ColConfig::collect: negative-energy parton encountered                                      | 
 |      2   Warning in Pythia::check: energy-momentum not quite conserved                                          | 
 |   5182   Warning in SimpleSpaceShower::pT2nextQCD: small daughter PDF                                           | 
 |   3507   Warning in SimpleSpaceShower::pT2nextQCD: weight above unity                                           | 
 |     79   Warning in SimpleTimeShower::findMEcorr: ME weight above PS one                                        | 
 |     34   Warning in SimpleTimeShower::pTnext: negative dipole mass.                                             | 
 |     17   Warning in StringFragmentation::fragmentToJunction: bad convergence junction rest frame                | 
 |      1   Warning in TauDecays::decay: maximum decay weight exceeded in tau decay                                | 
 |      2   Warning in TimeShower::init: pTmin too low                                                             | 
 |                                                                                                                 | 
 *-------  End PYTHIA Error and Warning Messages Statistics  ------------------------------------------------------* 
Using LHE File: /nfs/dust/cms/user/amoroso/powheg/POWHEG-BOX-V2/ttJ_MiNNLOPS_v1.0_beta1/decay-ll/pwgevents-0255.lhe
less then 10000 events in LHE, using all LHE events
np.shape(P0) = (10000, 3, 9)
np.shape(nJets) = (10000, 2)
np.shape(jets_4vectors) = (10000, 20, 6)
