Configured CUDA from: /cvmfs/sft.cern.ch/lcg/releases/cuda/12.4-4899e/x86_64-el9-gcc11-opt

 *------------------------------------------------------------------------------------* 
 |                                                                                    | 
 |  *------------------------------------------------------------------------------*  | 
 |  |                                                                              |  | 
 |  |                                                                              |  | 
 |  |   PPP   Y   Y  TTTTT  H   H  III    A      Welcome to the Lund Monte Carlo!  |  | 
 |  |   P  P   Y Y     T    H   H   I    A A     This is PYTHIA version 8.309      |  | 
 |  |   PPP     Y      T    HHHHH   I   AAAAA    Last date of change: 16 Feb 2023  |  | 
 |  |   P       Y      T    H   H   I   A   A                                      |  | 
 |  |   P       Y      T    H   H  III  A   A    Now is 03 Sep 2024 at 19:05:16    |  | 
 |  |                                                                              |  | 
 |  |   Program documentation and an archive of historic versions is found on:     |  | 
 |  |                                                                              |  | 
 |  |                               https://pythia.org/                            |  | 
 |  |                                                                              |  | 
 |  |   PYTHIA is authored by a collaboration consisting of:                       |  | 
 |  |                                                                              |  | 
 |  |   Christian Bierlich, Nishita Desai, Leif Gellersen, Ilkka Helenius, Philip  |  | 
 |  |   Ilten, Leif Lonnblad, Stephen Mrenna, Stefan Prestel, Christian Preuss,    |  | 
 |  |   Torbjorn Sjostrand, Peter Skands, Marius Utheim and Rob Verheyen.          |  | 
 |  |                                                                              |  | 
 |  |   The complete list of authors, including contact information and            |  | 
 |  |   affiliations, can be found on https://pythia.org/.                         |  | 
 |  |   Problems or bugs should be reported on email at authors@pythia.org.        |  | 
 |  |                                                                              |  | 
 |  |   The main program reference is C. Bierlich et al,                           |  | 
 |  |   'A comprehensive guide to the physics and usage of Pythia 8.3',            |  | 
 |  |   SciPost Phys. Codebases 8-r8.3 (2022) [arXiv:2203.11601 [hep-ph]]          |  | 
 |  |                                                                              |  | 
 |  |   PYTHIA is released under the GNU General Public Licence version 2 or later.|  | 
 |  |   Please respect the MCnet Guidelines for Event Generator Authors and Users. |  | 
 |  |                                                                              |  | 
 |  |   Disclaimer: this program comes without any guarantees.                     |  | 
 |  |   Beware of errors and use common sense when interpreting results.           |  | 
 |  |                                                                              |  | 
 |  |   Copyright (C) 2023 Torbjorn Sjostrand                                      |  | 
 |  |                                                                              |  | 
 |  |                                                                              |  | 
 |  *------------------------------------------------------------------------------*  | 
 |                                                                                    | 
 *------------------------------------------------------------------------------------* 


 *-------  PYTHIA Process Initialization  --------------------------*
 |                                                                  |
 | We collide p+ with p+ at a CM energy of 1.300e+04 GeV            |
 |                                                                  |
 |------------------------------------------------------------------|
 |                                                    |             |
 | Subprocess                                    Code |   Estimated |
 |                                                    |    max (mb) |
 |                                                    |             |
 |------------------------------------------------------------------|
 |                                                    |             |
 | Les Houches User Process(es)                  9999 |   1.000e-09 |
 |                                                                  |
 *-------  End PYTHIA Process Initialization -----------------------*
 PYTHIA Warning in TimeShower::init: pTmin too low , raised to 0.611

 *-------  PYTHIA Multiparton Interactions Initialization  ---------* 
 |                                                                  | 
 |                   sigmaNonDiffractive =    55.51 mb              | 
 |                                                                  | 
 |    pT0 =  1.44 gives sigmaInteraction =   399.57 mb: accepted    | 
 |                                                                  | 
 *-------  End PYTHIA Multiparton Interactions Initialization  -----* 

 *-------  PYTHIA Flag + Mode + Parm + Word + FVec + MVec + PVec + WVec Settings (changes only)  ------------------* 
 |                                                                                                                 | 
 | Name                                          |                      Now |      Default         Min         Max | 
 |                                               |                          |                                      | 
 | Beams:frameType                               |                        4 |            1           1           5 | 
 | Beams:LHEF                                    | /nfs/dust/cms/user/amoroso/powheg/POWHEG-BOX-V2/ttJ_MiNNLOPS_v1.0_beta1/decay-ll/pwgevents-0527.lhe |         void | 
 | ColourReconnection:range                      |                  5.17600 |      1.80000         0.0    10.00000 | 
 | Main:timesAllowErrors                         |                      500 |           10           0             | 
 | MultipartonInteractions:alphaSorder           |                        2 |            1           0           3 | 
 | MultipartonInteractions:alphaSvalue           |                  0.11800 |      0.13000   0.0600000     0.25000 | 
 | MultipartonInteractions:bProfile              |                        2 |            3           0           4 | 
 | MultipartonInteractions:coreFraction          |                  0.63000 |      0.50000         0.0     1.00000 | 
 | MultipartonInteractions:coreRadius            |                  0.76340 |      0.40000     0.10000     1.00000 | 
 | MultipartonInteractions:ecmPow                |                0.0334400 |      0.21500         0.0     0.50000 | 
 | MultipartonInteractions:pT0Ref                |                  1.41000 |      2.28000     0.50000    10.00000 | 
 | ParticleDecays:limitTau                       |                       on |          off                         | 
 | PartonLevel:FSR                               |                      off |           on                         | 
 | PDF:pSet                                      |                       20 |           13                         | 
 | Random:seed                                   |                      527 |           -1               900000000 | 
 | Random:setSeed                                |                       on |          off                         | 
 | SigmaProcess:alphaSorder                      |                        2 |            1           0           3 | 
 | SigmaProcess:alphaSvalue                      |                  0.11800 |      0.13000   0.0600000     0.25000 | 
 | SigmaTotal:mode                               |                        0 |            1           0           4 | 
 | SigmaTotal:sigmaEl                            |                 21.89000 |     25.00000         0.0             | 
 | SigmaTotal:sigmaTot                           |                100.30900 |    100.00000         0.0             | 
 | SigmaTotal:zeroAXB                            |                      off |           on                         | 
 | SpaceShower:alphaSorder                       |                        2 |            1           0           3 | 
 | SpaceShower:alphaSvalue                       |                  0.11800 |      0.13650   0.0600000     0.25000 | 
 | SpaceShower:dipoleRecoil                      |                       on |          off                         | 
 | SpaceShower:pTmaxMatch                        |                        1 |            0           0           2 | 
 | TimeShower:alphaSorder                        |                        2 |            1           0           3 | 
 | TimeShower:alphaSvalue                        |                  0.11800 |      0.13650   0.0600000     0.25000 | 
 |                                                                                                                 | 
 *-------  End PYTHIA Flag + Mode + Parm + Word + FVec + MVec + PVec + WVec Settings  -----------------------------* 

 --------  PYTHIA Particle Data Table (changed only)  ------------------------------------------------------------------------------
 
      id   name            antiName         spn chg col      m0        mWidth      mMin       mMax       tau0    res dec ext vis wid
             no onMode   bRatio   meMode     products 

       6  t                tbar               2   2   1  173.00000    1.36916   86.00000    0.00000  1.44122e-13   1   1   0   1   0
              0     1   0.0000664    0       24        1 
              1     1   0.0017361    0       24        3 
              2     1   0.9981975    0       24        5 
              3     1   0.0000000    0       37        5 

 --------  End PYTHIA Particle Data Table  -----------------------------------------------------------------------------------------


 --------  LHA event information and listing  ---------------------------------------------------------------------- 

    process =   322200    weight =  -1.0325e+02     scale =   1.3160e+01 (GeV) 
                        alpha_em =  -1.0000e+00    alpha_strong =   1.8283e-01

    Participating Particles 
    no        id stat     mothers     colours      p_x        p_y        p_z         e          m        tau    spin 
     1        21   -1     0     0   515   512      0.000      0.000    310.675    310.675      0.000   0.000   9.000
     2        21   -1     0     0   513   514      0.000      0.000   -290.393    290.393      0.000   0.000   9.000
     3         6    2     1     2   511     0     90.121     23.746    114.644    226.387    171.529   0.000   9.000
     4        -6    2     1     2     0   514    -73.568    -27.173   -140.258    240.634    179.114   0.000   9.000
     5        21    1     1     2   513   512     -8.455     -6.948    -42.903     44.277      0.000   0.000   9.000
     6        21    1     1     2   515   511     -8.097     10.374     88.800     89.770      0.000   0.000   9.000
     7         5    1     3     3   511     0    -30.662     37.501     40.115     63.087      4.920   0.000  -1.000
     8        24    2     3     3     0     0    120.783    -13.755     74.529    163.301     79.592   0.000   9.000
     9        -5    1     4     4     0   514     -6.908    -41.194   -127.680    134.429      4.920   0.000   1.000
    10       -24    2     4     4     0     0    -66.660     14.022    -12.578    106.205     80.506   0.000   9.000
    11       -11    1     8     8     0     0    -10.336     -9.180      4.238     14.459      0.001   0.000   1.000
    12        12    1     8     8     0     0    131.118     -4.575     70.291    148.841      0.000   0.000  -1.000
    13        11    1    10    10     0     0    -72.395      5.291    -35.656     80.873      0.001   0.000  -1.000
    14       -12    1    10    10     0     0      5.735      8.730     23.079     25.332      0.000   0.000   1.000

 --------  End LHA event information and listing  ------------------------------------------------------------------ 

 --------  PYTHIA Info Listing  ---------------------------------------- 
 
 Beam A: id =   2212, pz =  6.500e+03, e =  6.500e+03, m =  9.383e-01.
 Beam B: id =   2212, pz = -6.500e+03, e =  6.500e+03, m =  9.383e-01.

 In 1: id =   21, x =  4.780e-02, pdf =  0.000e+00 at Q2 =  1.732e+02.
 In 2: id =   21, x =  4.468e-02, pdf =  0.000e+00 at same Q2.

 Process Les Houches User Process(es) with code 9999 is 2 -> 4.
 Subprocess user process 322200 with code 322200 is 2 -> 4.
     alphaEM =  7.650e-03,  alphaS =  1.828e-01    at Q2 =  1.732e+02.

 Impact parameter b =  9.143e-01 gives enhancement factor =  7.950e-01.
 Max pT scale for MPI =  1.300e+04, ISR =  1.316e+01, FSR =  1.316e+01.
 Number of MPI =     1, ISR =     4, FSRproc =     0, FSRreson =     0.

 --------  End PYTHIA Info Listing  ------------------------------------

 --------  PYTHIA Event Listing  (hard process)  -----------------------------------------------------------------------------------
 
    no         id  name            status     mothers   daughters     colours      p_x        p_y        p_z         e          m 
     0         90  (system)           -11     0     0     0     0     0     0      0.000      0.000      0.000  13000.000  13000.000
     1       2212  (p+)               -12     0     0     3     0     0     0      0.000      0.000   6500.000   6500.000      0.938
     2       2212  (p+)               -12     0     0     4     0     0     0      0.000      0.000  -6500.000   6500.000      0.938
     3         21  (g)                -21     1     0     5     8   515   512      0.000      0.000    310.675    310.675      0.000
     4         21  (g)                -21     2     0     5     8   513   514      0.000      0.000   -290.393    290.393      0.000
     5          6  (t)                -22     3     4     9    10   511     0     90.121     23.746    114.644    226.387    171.529
     6         -6  (tbar)             -22     3     4    11    12     0   514    -73.568    -27.173   -140.258    240.634    179.114
     7         21  g                   23     3     4     0     0   513   512     -8.455     -6.948    -42.903     44.277      0.000
     8         21  g                   23     3     4     0     0   515   511     -8.097     10.374     88.800     89.770      0.000
     9          5  b                   23     5     0     0     0   511     0    -30.662     37.501     40.115     63.087      4.920
    10         24  (W+)               -22     5     0    13    14     0     0    120.783    -13.755     74.529    163.301     79.592
    11         -5  bbar                23     6     0     0     0     0   514     -6.908    -41.194   -127.680    134.429      4.920
    12        -24  (W-)               -22     6     0    15    16     0     0    -66.660     14.022    -12.578    106.205     80.506
    13        -11  e+                  23    10     0     0     0     0     0    -10.336     -9.180      4.238     14.459      0.001
    14         12  nu_e                23    10     0     0     0     0     0    131.118     -4.575     70.291    148.841      0.000
    15         11  e-                  23    12     0     0     0     0     0    -72.395      5.291    -35.656     80.873      0.001
    16        -12  nu_ebar             23    12     0     0     0     0     0      5.735      8.730     23.079     25.332      0.000
                                   Charge sum:  0.000           Momentum sum:     -0.000     -0.000     20.283    601.068    600.726

 --------  End PYTHIA Event Listing  -----------------------------------------------------------------------------------------------

 --------  PYTHIA Event Listing  (complete event)  ---------------------------------------------------------------------------------
 
    no         id  name            status     mothers   daughters     colours      p_x        p_y        p_z         e          m 
     0         90  (system)           -11     0     0     0     0     0     0      0.000      0.000      0.000  13000.000  13000.000
     1       2212  (p+)               -12     0     0    43     0     0     0      0.000      0.000   6500.000   6500.000      0.938
     2       2212  (p+)               -12     0     0    44     0     0     0      0.000      0.000  -6500.000   6500.000      0.938
     3         21  (g)                -21     9     9     5     8   515   512      0.000      0.000    310.675    310.675      0.000
     4         21  (g)                -21    10     0     5     8   513   514      0.000      0.000   -290.393    290.393      0.000
     5          6  (t)                -22     3     4    11    11   511     0     90.121     23.746    114.644    226.387    171.529
     6         -6  (tbar)             -22     3     4    12    12     0   514    -73.568    -27.173   -140.258    240.634    179.114
     7         21  (g)                -23     3     4    13    13   513   512     -8.455     -6.948    -42.903     44.277      0.000
     8         21  (g)                -23     3     4    14    14   515   511     -8.097     10.374     88.800     89.770      0.000
     9         21  (g)                -42    16     0     3     3   515   512      0.000      0.000    310.675    310.675      0.000
    10         21  (g)                -41    17    17    15     4   513   516     -0.000     -0.000   -362.259    362.259      0.000
    11          6  (t)                -44     5     5    18    18   511     0     90.121     23.746    114.644    226.387    171.529
    12         -6  (tbar)             -44     6     6    19    19     0   514    -73.568    -27.173   -140.258    240.634    179.114
    13         21  (g)                -44     7     7    20    20   513   512    -11.704     -5.269    -65.968     67.205      0.000
    14         21  (g)                -44     8     8    21    21   515   511     -8.097     10.374     88.800     89.770      0.000
    15         21  (g)                -43    10     0    22    22   514   516      3.248     -1.679    -48.802     48.939      0.000
    16         21  (g)                -41    24     0    23     9   517   512      0.000     -0.000    370.123    370.123      0.000
    17         21  (g)                -42    25    25    10    10   513   516     -0.000     -0.000   -362.259    362.259      0.000
    18          6  (t)                -44    11    11    26    26   511     0     90.121     23.746    114.644    226.387    171.529
    19         -6  (tbar)             -44    12    12    27    27     0   514    -73.568    -27.173   -140.258    240.634    179.114
    20         21  (g)                -44    13    13    28    28   513   512     -9.112     -8.227    -65.955     67.088      0.000
    21         21  (g)                -44    14    14    29    29   515   511     -8.097     10.374     88.800     89.770      0.000
    22         21  (g)                -44    15    15    30    30   514   516      3.248     -1.679    -48.802     48.939      0.000
    23         21  (g)                -43    16     0    31    31   517   515     -2.591      2.958     59.435     59.565      0.000
    24         21  (g)                -41    33    33    32    16   518   512      0.000     -0.000    415.038    415.038      0.000
    25         21  (g)                -42    34     0    17    17   513   516     -0.000     -0.000   -362.259    362.259      0.000
    26          6  (t)                -44    18    18    35    35   511     0     90.121     23.746    114.644    226.387    171.529
    27         -6  (tbar)             -44    19    19    36    36     0   514    -73.568    -27.173   -140.258    240.634    179.114
    28         21  (g)                -44    20    20    37    37   513   512     -9.112     -8.227    -65.955     67.088      0.000
    29         21  (g)                -44    21    21    38    38   515   511     -8.097     10.374     88.800     89.770      0.000
    30         21  (g)                -44    22    22    39    39   514   516      3.248     -1.679    -48.802     48.939      0.000
    31         21  (g)                -44    23    23    40    40   517   515      0.681      1.459     31.871     31.911      0.000
    32         21  (g)                -43    24     0    41    41   518   517     -3.272      1.499     72.479     72.569      0.000
    33         21  (g)                -42    43    43    24    24   518   512      0.000     -0.000    415.038    415.038      0.000
    34         -2  (ubar)             -41    44    44    42    25     0   516      0.000     -0.000  -2281.882   2281.882      0.000
    35          6  (t)                -44    26    26    45    45   511     0     90.121     23.746    114.644    226.387    171.529
    36         -6  (tbar)             -44    27    27    46    46     0   514    -73.568    -27.173   -140.258    240.634    179.114
    37         21  (g)                -44    28    28    47    47   513   512     -9.112     -8.227    -65.955     67.088      0.000
    38         21  (g)                -44    29    29    48    48   515   511     -8.097     10.374     88.800     89.770      0.000
    39         21  (g)                -44    30    30    49    49   514   516      2.649      0.132    -25.827     25.963      0.000
    40         21  (g)                -44    31    31    50    50   517   515      0.681      1.459     31.871     31.911      0.000
    41         21  (g)                -44    32    32    51    51   518   517     -3.272      1.499     72.479     72.569      0.000
    42         -2  (ubar)             -43    34     0    52    52     0   513      0.599     -1.811  -1942.598   1942.599      0.330
    43         21  (g)                -61     1     0    33    33   518   512     -0.620     -0.023    415.038    415.039      0.000
    44         -2  (ubar)             -61     2     0    34    34     0   516     -1.256      1.122  -2281.882   2281.883      0.000
    45          6  (t)                -62    35    35    58    59   511     0     89.835     23.764    114.693    226.300    171.529
    46         -6  (tbar)             -62    36    36    60    61     0   514    -73.748    -27.082   -140.300    240.703    179.114
    47         21  (g)                -62    37    37   126   126   513   512     -9.150     -8.194    -65.962     67.096      0.000
    48         21  (g)                -62    38    38    99    99   515   511     -8.231     10.370     88.799     89.780      0.000
    49         21  (g)                -62    39    39    79    79   514   516      2.635      0.144    -25.825     25.960      0.000
    50         21  (g)                -62    40    40   100   100   517   515      0.633      1.457     31.872     31.911      0.000
    51         21  (g)                -62    41    41   101   101   518   517     -3.381      1.495     72.478     72.572      0.000
    52         -2  (ubar)             -62    42    42   127   127     0   513     -0.470     -0.856  -1942.599   1942.599      0.330
    53       2101  (ud_0)             -63     1     0   102   102     0   518      0.376     -0.170   5553.802   5553.802      0.579
    54          2  (u)                -63     1     0   125   125   512     0      0.244      0.193    531.013    531.014      0.330
    55          2  (u)                -63     2     0    78    78   516     0      0.289     -0.326  -3001.617   3001.617      0.330
    56       2101  (ud_0)             -63     2     0    67    67     0   522      0.260      0.080  -1214.147   1214.148      0.579
    57          2  (u)                -63     2     0    66    66   522     0      0.707     -0.875     -2.207      2.499      0.330
    58          5  (b)                -23    45     0    98    98   511     0    -30.742     37.506     40.129     63.137      4.920
    59         24  (W+)               -22    45     0    62    63     0     0    120.577    -13.742     74.565    163.163     79.592
    60         -5  (bbar)             -23    46     0    80    80     0   514     -7.008    -41.143   -127.704    134.441      4.920
    61        -24  (W-)               -22    46     0    64    65     0     0    -66.739     14.062    -12.596    106.263     80.506
    62        -11  e+                  23    59     0     0     0     0     0    -10.354     -9.179      4.242     14.472      0.001
    63         12  nu_e                23    59     0     0     0     0     0    130.931     -4.563     70.323    148.691      0.000
    64         11  e-                  23    61     0     0     0     0     0    -72.456      5.322    -35.670     80.935      0.001
    65        -12  nu_ebar             23    61     0     0     0     0     0      5.716      8.740     23.074     25.327      0.000
    66          2  (u)                -71    57    57    68    77   522     0      0.707     -0.875     -2.207      2.499      0.330
    67       2101  (ud_0)             -71    56    56    68    77     0   522      0.260      0.080  -1214.147   1214.148      0.579
    68        211  pi+                 83    66    67     0     0     0     0     -0.076      0.028     -1.501      1.510      0.140
    69       -211  pi-                 83    66    67     0     0     0     0     -0.040     -0.304     -0.923      0.983      0.140
    70        111  (pi0)              -83    66    67   168   169     0     0      1.270     -0.215     -6.630      6.755      0.135
    71        111  (pi0)              -83    66    67   170   171     0     0     -0.153     -0.119     -0.829      0.862      0.135
    72        211  pi+                 83    66    67     0     0     0     0     -0.287     -0.110     -3.022      3.041      0.140
    73       -211  pi-                 83    66    67     0     0     0     0     -0.256      0.235     -4.098      4.115      0.140
    74        211  pi+                 83    66    67     0     0     0     0      0.221      0.025     -1.357      1.382      0.140
    75        111  (pi0)              -84    66    67   172   173     0     0     -0.406     -0.553    -67.428     67.432      0.135
    76        111  (pi0)              -84    66    67   174   175     0     0      0.308     -0.033   -487.621    487.621      0.135
    77       2112  n0                  84    66    67     0     0     0     0      0.385      0.250   -642.947    642.948      0.940
    78          2  (u)                -71    55    55    81    97   516     0      0.289     -0.326  -3001.617   3001.617      0.330
    79         21  (g)                -71    49    49    81    97   514   516      2.635      0.144    -25.825     25.960      0.000
    80         -5  (bbar)             -71    60    60    81    97     0   514     -7.008    -41.143   -127.704    134.441      4.920
    81        331  (eta')             -83    78    80   176   178     0     0      0.095      0.055  -1219.796   1219.797      0.957
    82        211  pi+                 83    78    80     0     0     0     0     -0.086     -0.411   -171.693    171.693      0.140
    83       -211  pi-                 83    78    80     0     0     0     0     -0.266      0.234   -197.296    197.296      0.140
    84        211  pi+                 83    78    80     0     0     0     0     -0.110     -0.297   -138.079    138.080      0.140
    85       -211  pi-                 83    78    80     0     0     0     0      0.034      0.259   -234.659    234.659      0.140
    86        113  (rho0)             -83    78    80   145   146     0     0      0.504     -0.133   -735.393    735.393      0.725
    87        211  pi+                 83    78    80     0     0     0     0      0.424     -0.220    -73.461     73.462      0.140
    88        111  (pi0)              -83    78    80   179   180     0     0     -0.315      0.264   -153.349    153.350      0.135
    89        111  (pi0)              -83    78    80   181   182     0     0      0.122     -0.223    -12.132     12.135      0.135
    90       2112  n0                  83    78    80     0     0     0     0      0.379      0.412    -49.791     49.803      0.940
    91        211  pi+                 84    78    80     0     0     0     0     -0.009      0.006     -0.492      0.512      0.140
    92      -2224  (Deltabar--)       -84    78    80   147   148     0     0      1.532     -0.094    -36.394     36.461      1.610
    93        111  (pi0)              -84    78    80   183   184     0     0      0.044     -0.462     -3.068      3.106      0.135
    94        211  pi+                 84    78    80     0     0     0     0      0.435      0.042     -1.958      2.011      0.140
    95        111  (pi0)              -84    78    80   185   186     0     0     -0.725     -2.788     -8.814      9.274      0.135
    96       -211  pi-                 84    78    80     0     0     0     0      0.188     -0.935     -3.476      3.607      0.140
    97        521  (B+)               -84    78    80   187   192     0     0     -6.330    -37.034   -115.297    121.379      5.279
    98          5  (b)                -71    58    58   103   124   511     0    -30.742     37.506     40.129     63.137      4.920
    99         21  (g)                -71    48    48   103   124   515   511     -8.231     10.370     88.799     89.780      0.000
   100         21  (g)                -71    50    50   103   124   517   515      0.633      1.457     31.872     31.911      0.000
   101         21  (g)                -71    51    51   103   124   518   517     -3.381      1.495     72.478     72.572      0.000
   102       2101  (ud_0)             -71    53    53   103   124     0   518      0.376     -0.170   5553.802   5553.802      0.579
   103       -513  (B*bar0)           -83    98   102   193   194     0     0    -29.149     35.603     38.014     59.923      5.325
   104       2112  n0                  83    98   102     0     0     0     0     -0.732      1.226      3.849      4.211      0.940
   105      -2212  pbar-               83    98   102     0     0     0     0     -0.703      0.783      1.856      2.331      0.938
   106        211  pi+                 83    98   102     0     0     0     0     -0.532      0.052      1.238      1.356      0.140
   107        111  (pi0)              -83    98   102   195   196     0     0     -0.028      0.843      3.240      3.351      0.135
   108        111  (pi0)              -83    98   102   197   198     0     0     -1.103      0.491      5.584      5.715      0.135
   109       -211  pi-                 83    98   102     0     0     0     0     -0.327      0.484      9.022      9.042      0.140
   110        111  (pi0)              -83    98   102   199   200     0     0     -0.904      1.978     12.501     12.690      0.135
   111        323  (K*+)              -83    98   102   149   150     0     0     -1.614      1.566     13.615     13.822      0.798
   112       -311  (Kbar0)            -83    98   102   151   151     0     0     -1.131      1.148     16.091     16.179      0.498
   113        111  (pi0)              -83    98   102   201   202     0     0     -0.355      0.709      3.610      3.699      0.135
   114       -211  pi-                 83    98   102     0     0     0     0     -0.150      0.901      7.379      7.437      0.140
   115        111  (pi0)              -83    98   102   203   204     0     0     -2.279      2.589     23.474     23.727      0.135
   116        211  pi+                 84    98   102     0     0     0     0      0.110      0.303     11.034     11.039      0.140
   117       -211  pi-                 84    98   102     0     0     0     0      0.130      0.885     22.152     22.170      0.140
   118        113  (rho0)             -84    98   102   152   153     0     0     -1.197      0.908     26.522     26.574      0.713
   119        113  (rho0)             -84    98   102   154   155     0     0     -1.661     -0.004     64.393     64.419      0.770
   120        221  (eta)              -84    98   102   205   206     0     0      0.504      0.750     60.798     60.808      0.548
   121        221  (eta)              -84    98   102   207   209     0     0     -0.588     -0.372    117.116    117.119      0.548
   122        323  (K*+)              -84    98   102   156   157     0     0     -0.114     -0.092    210.526    210.528      0.871
   123       -321  K-                  84    98   102     0     0     0     0      0.466      0.405    922.670    922.671      0.494
   124       2212  p+                  84    98   102     0     0     0     0      0.012     -0.496   4212.393   4212.393      0.938
   125          2  (u)                -71    54    54   128   144   512     0      0.244      0.193    531.013    531.014      0.330
   126         21  (g)                -71    47    47   128   144   513   512     -9.150     -8.194    -65.962     67.096      0.000
   127         -2  (ubar)             -71    52    52   128   144     0   513     -0.470     -0.856  -1942.599   1942.599      0.330
   128        211  pi+                 83   125   127     0     0     0     0      0.041      0.159    351.188    351.188      0.140
   129       2112  n0                  83   125   127     0     0     0     0     -0.158      0.089     55.682     55.690      0.940
   130      -2212  pbar-               83   125   127     0     0     0     0      0.425     -0.235    116.040    116.044      0.938
   131       3222  Sigma+              83   125   127     0     0     0     0     -0.152      0.390      5.272      5.420      1.189
   132      -3222  Sigmabar-           83   125   127     0     0     0     0      0.501     -0.540      1.163      1.819      1.189
   133        213  (rho+)             -83   125   127   158   159     0     0     -0.206      0.365      0.366      1.189      1.051
   134       -213  (rho-)             -83   125   127   160   161     0     0     -0.347     -0.276     -0.613      1.169      0.891
   135        223  (omega)            -83   125   127   210   212     0     0      0.103      0.162     -0.891      1.209      0.794
   136        213  (rho+)             -83   125   127   162   163     0     0     -1.253     -0.871     -7.137      7.346      0.831
   137        111  (pi0)              -83   125   127   213   214     0     0     -5.328     -4.730    -36.985     37.666      0.135
   138       -211  pi-                 84   125   127     0     0     0     0      0.113     -0.306     -1.253      1.302      0.140
   139        223  (omega)            -84   125   127   215   217     0     0     -0.747     -0.926    -10.969     11.061      0.789
   140        113  (rho0)             -84   125   127   164   165     0     0     -1.530     -0.847    -11.784     11.934      0.705
   141        213  (rho+)             -84   125   127   166   167     0     0     -0.416     -0.746    -16.690     16.735      0.870
   142       2112  n0                  84   125   127     0     0     0     0     -0.157      0.484   -604.652    604.653      0.940
   143        111  (pi0)              -84   125   127   218   219     0     0      0.069     -0.873   -588.102    588.103      0.135
   144      -2212  pbar-               84   125   127     0     0     0     0     -0.332     -0.157   -728.181    728.182      0.938
   145        211  pi+                 91    86     0     0     0     0     0      0.442     -0.345   -371.975    371.976      0.140
   146       -211  pi-                 91    86     0     0     0     0     0      0.063      0.212   -363.417    363.418      0.140
   147      -2212  pbar-               91    92     0     0     0     0     0      0.965     -0.574    -25.217     25.260      0.938
   148       -211  pi-                 91    92     0     0     0     0     0      0.567      0.479    -11.176     11.202      0.140
   149        321  K+                  91   111     0     0     0     0     0     -0.670      0.699      5.591      5.696      0.494
   150        111  (pi0)              -91   111     0   220   221     0     0     -0.944      0.867      8.024      8.127      0.135
   151        130  K_L0                91   112   112     0     0     0     0     -1.131      1.148     16.091     16.179      0.498
   152        211  pi+                 91   118     0     0     0     0     0     -0.205      0.505      7.222      7.244      0.140
   153       -211  pi-                 91   118     0     0     0     0     0     -0.992      0.403     19.300     19.331      0.140
   154        211  pi+                 91   119     0     0     0     0     0     -0.273     -0.266     16.565     16.570      0.140
   155       -211  pi-                 91   119     0     0     0     0     0     -1.388      0.262     47.828     47.849      0.140
   156        321  K+                  91   122     0     0     0     0     0     -0.222     -0.223    185.051    185.052      0.494
   157        111  (pi0)              -91   122     0   222   223     0     0      0.109      0.131     25.475     25.476      0.135
   158        211  pi+                 91   133     0     0     0     0     0      0.083     -0.049      0.595      0.618      0.140
   159        111  (pi0)              -91   133     0   224   225     0     0     -0.290      0.414     -0.228      0.571      0.135
   160       -211  pi-                 91   134     0     0     0     0     0      0.084     -0.048     -0.640      0.662      0.140
   161        111  (pi0)              -91   134     0   226   227     0     0     -0.431     -0.228      0.027      0.507      0.135
   162        211  pi+                 91   136     0     0     0     0     0     -1.095     -0.670     -4.194      4.388      0.140
   163        111  (pi0)              -91   136     0   228   229     0     0     -0.158     -0.201     -2.943      2.957      0.135
   164        211  pi+                 91   140     0     0     0     0     0     -0.112     -0.310     -2.587      2.612      0.140
   165       -211  pi-                 91   140     0     0     0     0     0     -1.418     -0.537     -9.197      9.322      0.140
   166        211  pi+                 91   141     0     0     0     0     0     -0.060     -0.441     -3.025      3.060      0.140
   167        111  (pi0)              -91   141     0   230   231     0     0     -0.356     -0.305    -13.665     13.674      0.135
   168         22  gamma               91    70     0     0     0     0     0      0.947     -0.114     -5.082      5.170      0.000
   169         22  gamma               91    70     0     0     0     0     0      0.323     -0.101     -1.548      1.585      0.000
   170         22  gamma               91    71     0     0     0     0     0     -0.056      0.020     -0.133      0.145      0.000
   171         22  gamma               91    71     0     0     0     0     0     -0.097     -0.139     -0.696      0.716      0.000
   172         22  gamma               91    75     0     0     0     0     0     -0.302     -0.345    -39.647     39.650      0.000
   173         22  gamma               91    75     0     0     0     0     0     -0.104     -0.208    -27.781     27.782      0.000
   174         22  gamma               91    76     0     0     0     0     0      0.287     -0.000   -459.679    459.679      0.000
   175         22  gamma               91    76     0     0     0     0     0      0.021     -0.033    -27.941     27.941      0.000
   176        211  pi+                 91    81     0     0     0     0     0      0.013      0.144   -251.084    251.084      0.140
   177       -211  pi-                 91    81     0     0     0     0     0     -0.057      0.034   -337.562    337.562      0.140
   178        221  (eta)              -91    81     0   232   233     0     0      0.138     -0.123   -631.150    631.150      0.548
   179         22  gamma               91    88     0     0     0     0     0     -0.303      0.280   -144.207    144.208      0.000
   180         22  gamma               91    88     0     0     0     0     0     -0.011     -0.015     -9.142      9.142      0.000
   181         22  gamma               91    89     0     0     0     0     0      0.017     -0.143     -4.565      4.567      0.000
   182         22  gamma               91    89     0     0     0     0     0      0.105     -0.080     -7.567      7.568      0.000
   183         22  gamma               91    93     0     0     0     0     0      0.035     -0.288     -2.303      2.321      0.000
   184         22  gamma               91    93     0     0     0     0     0      0.009     -0.174     -0.765      0.784      0.000
   185         22  gamma               91    95     0     0     0     0     0     -0.373     -1.641     -5.278      5.540      0.000
   186         22  gamma               91    95     0     0     0     0     0     -0.352     -1.148     -3.537      3.735      0.000
   187       -421  (Dbar0)            -91    97     0   234   237     0     0     -2.651    -14.012    -43.134     45.468      1.865
   188        211  pi+                 91    97     0     0     0     0     0     -0.186     -1.091     -3.417      3.595      0.140
   189        223  (omega)            -91    97     0   238   239     0     0     -1.740    -10.852    -36.660     38.280      0.774
   190       -211  pi-                 91    97     0     0     0     0     0     -0.301     -1.266     -3.786      4.006      0.140
   191        213  (rho+)             -91    97     0   240   241     0     0     -0.643     -3.728    -10.633     11.310      0.749
   192        223  (omega)            -91    97     0   242   244     0     0     -0.809     -6.085    -17.667     18.720      0.786
   193       -511  (Bbar0)            -91   103     0   245   251     0     0    -28.678     35.045     37.442     58.994      5.280
   194         22  gamma               91   103     0     0     0     0     0     -0.472      0.557      0.573      0.928      0.000
   195         22  gamma               91   107     0     0     0     0     0     -0.019      0.031      0.241      0.243      0.000
   196         22  gamma               91   107     0     0     0     0     0     -0.009      0.812      3.000      3.108      0.000
   197         22  gamma               91   108     0     0     0     0     0     -1.012      0.410      5.093      5.209      0.000
   198         22  gamma               91   108     0     0     0     0     0     -0.091      0.081      0.490      0.505      0.000
   199         22  gamma               91   110     0     0     0     0     0     -0.197      0.499      3.388      3.430      0.000
   200         22  gamma               91   110     0     0     0     0     0     -0.707      1.479      9.113      9.259      0.000
   201         22  gamma               91   113     0     0     0     0     0     -0.159      0.308      1.276      1.322      0.000
   202         22  gamma               91   113     0     0     0     0     0     -0.196      0.401      2.334      2.376      0.000
   203         22  gamma               91   115     0     0     0     0     0     -1.975      2.290     20.343     20.566      0.000
   204         22  gamma               91   115     0     0     0     0     0     -0.304      0.299      3.132      3.161      0.000
   205         22  gamma               91   120     0     0     0     0     0     -0.078      0.251     10.311     10.314      0.000
   206         22  gamma               91   120     0     0     0     0     0      0.583      0.498     50.487     50.493      0.000
   207        211  pi+                 91   121     0     0     0     0     0     -0.257     -0.142     29.402     29.404      0.140
   208       -211  pi-                 91   121     0     0     0     0     0     -0.113     -0.021     39.639     39.640      0.140
   209        111  (pi0)              -91   121     0   252   253     0     0     -0.217     -0.209     48.074     48.075      0.135
   210        211  pi+                 91   135     0     0     0     0     0     -0.128     -0.015     -0.290      0.347      0.140
   211       -211  pi-                 91   135     0     0     0     0     0     -0.067     -0.065     -0.047      0.174      0.140
   212        111  (pi0)              -91   135     0   254   255     0     0      0.298      0.242     -0.554      0.687      0.135
   213         22  gamma               91   137     0     0     0     0     0     -4.304     -3.750    -29.650     30.194      0.000
   214         22  gamma               91   137     0     0     0     0     0     -1.024     -0.981     -7.336      7.471      0.000
   215        211  pi+                 91   139     0     0     0     0     0     -0.403     -0.259     -3.640      3.674      0.140
   216       -211  pi-                 91   139     0     0     0     0     0      0.050     -0.097     -2.600      2.606      0.140
   217        111  (pi0)              -91   139     0   256   257     0     0     -0.394     -0.570     -4.728      4.781      0.135
   218         22  gamma               91   143     0     0     0     0     0      0.102     -0.747   -514.473    514.474      0.000
   219         22  gamma               91   143     0     0     0     0     0     -0.033     -0.126    -73.629     73.629      0.000
   220         22  gamma               91   150     0     0     0     0     0     -0.126      0.067      0.760      0.773      0.000
   221         22  gamma               91   150     0     0     0     0     0     -0.818      0.800      7.264      7.353      0.000
   222         22  gamma               91   157     0     0     0     0     0      0.127      0.079     14.057     14.057      0.000
   223         22  gamma               91   157     0     0     0     0     0     -0.018      0.052     11.419     11.419      0.000
   224         22  gamma               91   159     0     0     0     0     0     -0.302      0.408     -0.228      0.557      0.000
   225         22  gamma               91   159     0     0     0     0     0      0.013      0.006     -0.001      0.014      0.000
   226         22  gamma               91   161     0     0     0     0     0     -0.112     -0.130     -0.001      0.172      0.000
   227         22  gamma               91   161     0     0     0     0     0     -0.319     -0.098      0.028      0.335      0.000
   228         22  gamma               91   163     0     0     0     0     0     -0.028     -0.130     -1.054      1.062      0.000
   229         22  gamma               91   163     0     0     0     0     0     -0.131     -0.071     -1.889      1.895      0.000
   230         22  gamma               91   167     0     0     0     0     0     -0.222     -0.228    -10.631     10.636      0.000
   231         22  gamma               91   167     0     0     0     0     0     -0.135     -0.076     -3.035      3.038      0.000
   232         22  gamma               91   178     0     0     0     0     0     -0.198      0.037   -186.635    186.636      0.000
   233         22  gamma               91   178     0     0     0     0     0      0.337     -0.160   -444.515    444.515      0.000
   234        321  K+                  91   187     0     0     0     0     0     -0.620     -3.839    -11.662     12.303      0.494
   235       -211  pi-                 91   187     0     0     0     0     0     -1.505     -8.019    -23.269     24.658      0.140
   236       -211  pi-                 91   187     0     0     0     0     0     -0.058     -0.387     -1.746      1.795      0.140
   237        211  pi+                 91   187     0     0     0     0     0     -0.469     -1.767     -6.457      6.712      0.140
   238        111  (pi0)              -91   189     0   258   259     0     0     -0.243     -1.471     -4.228      4.485      0.135
   239         22  gamma               91   189     0     0     0     0     0     -1.497     -9.381    -32.432     33.795      0.000
   240        211  pi+                 91   191     0     0     0     0     0     -0.650     -2.004     -5.334      5.737      0.140
   241        111  (pi0)              -91   191     0   260   261     0     0      0.007     -1.724     -5.298      5.573      0.135
   242        211  pi+                 91   192     0     0     0     0     0     -0.628     -3.093     -9.487      9.999      0.140
   243       -211  pi-                 91   192     0     0     0     0     0     -0.000     -0.480     -1.328      1.419      0.140
   244        111  (pi0)              -91   192     0   262   263     0     0     -0.180     -2.512     -6.853      7.302      0.135
   245        411  (D+)               -91   193     0   264   266     0     0    -13.562     16.608     18.546     28.411      1.870
   246       -211  pi-                 91   193     0     0     0     0     0     -1.821      2.123      2.118      3.512      0.140
   247        213  (rho+)             -91   193     0   267   268     0     0     -3.433      4.342      4.512      7.193      0.866
   248        113  (rho0)             -91   193     0   269   270     0     0     -4.654      5.975      5.801      9.571      0.775
   249        111  (pi0)              -91   193     0   271   272     0     0     -0.874      1.156      1.171      1.868      0.135
   250        113  (rho0)             -91   193     0   273   274     0     0     -3.911      4.422      4.735      7.611      0.807
   251       -211  pi-                 91   193     0     0     0     0     0     -0.423      0.419      0.559      0.828      0.140
   252         22  gamma               91   209     0     0     0     0     0     -0.150     -0.075     18.641     18.642      0.000
   253         22  gamma               91   209     0     0     0     0     0     -0.067     -0.134     29.433     29.433      0.000
   254         22  gamma               91   212     0     0     0     0     0      0.266      0.214     -0.391      0.519      0.000
   255         22  gamma               91   212     0     0     0     0     0      0.032      0.028     -0.163      0.168      0.000
   256         22  gamma               91   217     0     0     0     0     0     -0.257     -0.464     -3.726      3.763      0.000
   257         22  gamma               91   217     0     0     0     0     0     -0.137     -0.107     -1.002      1.017      0.000
   258         22  gamma               91   238     0     0     0     0     0      0.004     -0.068     -0.133      0.150      0.000
   259         22  gamma               91   238     0     0     0     0     0     -0.247     -1.403     -4.095      4.335      0.000
   260         22  gamma               91   241     0     0     0     0     0      0.025     -1.489     -4.704      4.934      0.000
   261         22  gamma               91   241     0     0     0     0     0     -0.017     -0.234     -0.594      0.639      0.000
   262         22  gamma               91   244     0     0     0     0     0     -0.163     -2.428     -6.548      6.986      0.000
   263         22  gamma               91   244     0     0     0     0     0     -0.017     -0.084     -0.304      0.316      0.000
   264       -313  (K*bar0)           -91   245     0   275   276     0     0     -7.773      9.559     10.956     16.510      0.866
   265        221  (eta)              -91   245     0   277   279     0     0     -2.977      3.985      4.255      6.568      0.548
   266        211  pi+                 91   245     0     0     0     0     0     -2.813      3.064      3.335      5.333      0.140
   267        211  pi+                 91   247     0     0     0     0     0     -1.917      1.838      1.906      3.272      0.140
   268        111  (pi0)              -91   247     0   280   281     0     0     -1.515      2.504      2.605      3.921      0.135
   269        211  pi+                 91   248     0     0     0     0     0     -4.141      4.999      4.786      8.066      0.140
   270       -211  pi-                 91   248     0     0     0     0     0     -0.512      0.976      1.015      1.505      0.140
   271         22  gamma               91   249     0     0     0     0     0     -0.779      1.042      0.995      1.638      0.000
   272         22  gamma               91   249     0     0     0     0     0     -0.096      0.114      0.176      0.230      0.000
   273        211  pi+                 91   250     0     0     0     0     0     -0.115      0.147      0.121      0.263      0.140
   274       -211  pi-                 91   250     0     0     0     0     0     -3.796      4.276      4.613      7.348      0.140
   275       -311  (Kbar0)            -91   264     0   282   282     0     0     -5.257      6.148      6.952     10.678      0.498
   276        111  (pi0)              -91   264     0   283   284     0     0     -2.515      3.411      4.004      5.832      0.135
   277        111  (pi0)              -91   265     0   285   286     0     0     -1.078      1.335      1.323      2.171      0.135
   278        111  (pi0)              -91   265     0   287   288     0     0     -0.849      1.107      1.136      1.804      0.135
   279        111  (pi0)              -91   265     0   289   290     0     0     -1.050      1.543      1.795      2.594      0.135
   280         22  gamma               91   268     0     0     0     0     0     -0.320      0.607      0.665      0.956      0.000
   281         22  gamma               91   268     0     0     0     0     0     -1.195      1.897      1.940      2.965      0.000
   282        310  K_S0                91   275   275     0     0     0     0     -5.257      6.148      6.952     10.678      0.498
   283         22  gamma               91   276     0     0     0     0     0     -1.112      1.502      1.674      2.509      0.000
   284         22  gamma               91   276     0     0     0     0     0     -1.403      1.909      2.330      3.323      0.000
   285         22  gamma               91   277     0     0     0     0     0     -1.003      1.235      1.179      1.980      0.000
   286         22  gamma               91   277     0     0     0     0     0     -0.076      0.099      0.144      0.191      0.000
   287         22  gamma               91   278     0     0     0     0     0     -0.003      0.035      0.040      0.053      0.000
   288         22  gamma               91   278     0     0     0     0     0     -0.845      1.072      1.097      1.751      0.000
   289         22  gamma               91   279     0     0     0     0     0     -0.338      0.531      0.691      0.935      0.000
   290         22  gamma               91   279     0     0     0     0     0     -0.712      1.012      1.104      1.659      0.000
                                   Charge sum:  2.000           Momentum sum:     -0.000     -0.000      0.000  13000.000  13000.000

 --------  End PYTHIA Event Listing  -----------------------------------------------------------------------------------------------
#--------------------------------------------------------------------------
#                     FastJet release 3.4.0 [fjcore]
#                 M. Cacciari, G.P. Salam and G. Soyez                  
#     A software package for jet finding and analysis at colliders      
#                           http://fastjet.fr                           
#	                                                                      
# Please cite EPJC72(2012)1896 [arXiv:1111.6097] if you use this package
# for scientific work and optionally PLB641(2006)57 [hep-ph/0512210].   
#                                                                       
# FastJet is provided without warranty under the GNU GPL v2 or higher.  
# It uses T. Chan's closest pair algorithm, S. Fortune's Voronoi code
# and 3rd party plugin jet algorithms. See COPYING file for details.
#--------------------------------------------------------------------------
 PYTHIA Warning in SimpleSpaceShower::pT2nextQCD: weight above unity  
 PYTHIA Warning in SimpleSpaceShower::pT2nextQCD: small daughter PDF  
 PYTHIA Error in StringFragmentation::fragment: stuck in joining  
 PYTHIA Error in Pythia::next: hadronLevel failed; try again  
 PYTHIA Warning in StringFragmentation::fragmentToJunction: bad convergence junction rest frame  
 PYTHIA Warning in ColConfig::collect: negative-energy parton encountered  

 Pythia::next(): 1000 events have been generated 
 PYTHIA Warning in Pythia::check: not quite matched particle energy/momentum/mass  
 PYTHIA Error in SimpleSpaceShower::pT2nearThreshold: stuck in loop  
 PYTHIA Warning in Pythia::check: energy-momentum not quite conserved  
 PYTHIA Error in BeamRemnants::setKinematics: kinematics construction failed  

 Pythia::next(): 2000 events have been generated 

 Pythia::next(): 3000 events have been generated 
 PYTHIA Error in Pythia::check: unmatched particle energy/momentum/mass  
 PYTHIA Error in Pythia::next: check of event revealed problems  

 Pythia::next(): 4000 events have been generated 

 Pythia::next(): 5000 events have been generated 
 PYTHIA Error in StringFragmentation::fragmentToJunction: caught in junction flavour loop  

 Pythia::next(): 6000 events have been generated 
 PYTHIA Warning in HadronWidths::pickMasses: angular momentum and running widths not used  
 PYTHIA Warning in MultipartonInteractions::pTnext: weight above unity  

 Pythia::next(): 7000 events have been generated 

 Pythia::next(): 8000 events have been generated 

 Pythia::next(): 9000 events have been generated 

 *-------  PYTHIA Event and Cross Section Statistics  -------------------------------------------------------------*
 |                                                                                                                 |
 | Subprocess                                    Code |            Number of events       |      sigma +- delta    |
 |                                                    |       Tried   Selected   Accepted |     (estimated) (mb)   |
 |                                                    |                                   |                        |
 |-----------------------------------------------------------------------------------------------------------------|
 |                                                    |                                   |                        |
 | Les Houches User Process(es)                  9999 |       10000      10000      10000 |   8.291e-08  0.000e+00 |
 |    ... whereof user classification code     322200 |       10000      10000      10000 |                        | 
 |                                                    |                                   |                        |
 | sum                                                |       10000      10000      10000 |   8.291e-08  0.000e+00 |
 |                                                                                                                 |
 *-------  End PYTHIA Event and Cross Section Statistics ----------------------------------------------------------*

 *-------  PYTHIA Error and Warning Messages Statistics  ----------------------------------------------------------* 
 |                                                                                                                 | 
 |  times   message                                                                                                | 
 |                                                                                                                 | 
 |      8   Error in BeamRemnants::setKinematics: kinematics construction failed                                   | 
 |      2   Error in Pythia::check: unmatched particle energy/momentum/mass                                        | 
 |      2   Error in Pythia::next: check of event revealed problems                                                | 
 |      5   Error in Pythia::next: hadronLevel failed; try again                                                   | 
 |      6   Error in SimpleSpaceShower::pT2nearThreshold: stuck in loop                                            | 
 |      4   Error in StringFragmentation::fragment: stuck in joining                                               | 
 |      1   Error in StringFragmentation::fragmentToJunction: caught in junction flavour loop                      | 
 |      2   Warning in ColConfig::collect: negative-energy parton encountered                                      | 
 |      1   Warning in HadronWidths::pickMasses: angular momentum and running widths not used                      | 
 |      1   Warning in MultipartonInteractions::pTnext: weight above unity                                         | 
 |      1   Warning in Pythia::check: energy-momentum not quite conserved                                          | 
 |      4   Warning in Pythia::check: not quite matched particle energy/momentum/mass                              | 
 |   1925   Warning in SimpleSpaceShower::pT2nextQCD: small daughter PDF                                           | 
 |   4426   Warning in SimpleSpaceShower::pT2nextQCD: weight above unity                                           | 
 |     36   Warning in StringFragmentation::fragmentToJunction: bad convergence junction rest frame                | 
 |      2   Warning in TimeShower::init: pTmin too low                                                             | 
 |                                                                                                                 | 
 *-------  End PYTHIA Error and Warning Messages Statistics  ------------------------------------------------------* 
Using LHE File: /nfs/dust/cms/user/amoroso/powheg/POWHEG-BOX-V2/ttJ_MiNNLOPS_v1.0_beta1/decay-ll/pwgevents-0527.lhe
less then 10000 events in LHE, using all LHE events
np.shape(P0) = (10000, 3, 9)
np.shape(nJets) = (10000, 2)
np.shape(jets_4vectors) = (10000, 20, 6)
