Configured CUDA from: /cvmfs/sft.cern.ch/lcg/releases/cuda/12.4-4899e/x86_64-el9-gcc11-opt

 *------------------------------------------------------------------------------------* 
 |                                                                                    | 
 |  *------------------------------------------------------------------------------*  | 
 |  |                                                                              |  | 
 |  |                                                                              |  | 
 |  |   PPP   Y   Y  TTTTT  H   H  III    A      Welcome to the Lund Monte Carlo!  |  | 
 |  |   P  P   Y Y     T    H   H   I    A A     This is PYTHIA version 8.309      |  | 
 |  |   PPP     Y      T    HHHHH   I   AAAAA    Last date of change: 16 Feb 2023  |  | 
 |  |   P       Y      T    H   H   I   A   A                                      |  | 
 |  |   P       Y      T    H   H  III  A   A    Now is 03 Sep 2024 at 19:06:17    |  | 
 |  |                                                                              |  | 
 |  |   Program documentation and an archive of historic versions is found on:     |  | 
 |  |                                                                              |  | 
 |  |                               https://pythia.org/                            |  | 
 |  |                                                                              |  | 
 |  |   PYTHIA is authored by a collaboration consisting of:                       |  | 
 |  |                                                                              |  | 
 |  |   Christian Bierlich, Nishita Desai, Leif Gellersen, Ilkka Helenius, Philip  |  | 
 |  |   Ilten, Leif Lonnblad, Stephen Mrenna, Stefan Prestel, Christian Preuss,    |  | 
 |  |   Torbjorn Sjostrand, Peter Skands, Marius Utheim and Rob Verheyen.          |  | 
 |  |                                                                              |  | 
 |  |   The complete list of authors, including contact information and            |  | 
 |  |   affiliations, can be found on https://pythia.org/.                         |  | 
 |  |   Problems or bugs should be reported on email at authors@pythia.org.        |  | 
 |  |                                                                              |  | 
 |  |   The main program reference is C. Bierlich et al,                           |  | 
 |  |   'A comprehensive guide to the physics and usage of Pythia 8.3',            |  | 
 |  |   SciPost Phys. Codebases 8-r8.3 (2022) [arXiv:2203.11601 [hep-ph]]          |  | 
 |  |                                                                              |  | 
 |  |   PYTHIA is released under the GNU General Public Licence version 2 or later.|  | 
 |  |   Please respect the MCnet Guidelines for Event Generator Authors and Users. |  | 
 |  |                                                                              |  | 
 |  |   Disclaimer: this program comes without any guarantees.                     |  | 
 |  |   Beware of errors and use common sense when interpreting results.           |  | 
 |  |                                                                              |  | 
 |  |   Copyright (C) 2023 Torbjorn Sjostrand                                      |  | 
 |  |                                                                              |  | 
 |  |                                                                              |  | 
 |  *------------------------------------------------------------------------------*  | 
 |                                                                                    | 
 *------------------------------------------------------------------------------------* 


 *-------  PYTHIA Process Initialization  --------------------------*
 |                                                                  |
 | We collide p+ with p+ at a CM energy of 1.300e+04 GeV            |
 |                                                                  |
 |------------------------------------------------------------------|
 |                                                    |             |
 | Subprocess                                    Code |   Estimated |
 |                                                    |    max (mb) |
 |                                                    |             |
 |------------------------------------------------------------------|
 |                                                    |             |
 | Les Houches User Process(es)                  9999 |   1.000e-09 |
 |                                                                  |
 *-------  End PYTHIA Process Initialization -----------------------*
 PYTHIA Warning in TimeShower::init: pTmin too low , raised to 0.611

 *-------  PYTHIA Multiparton Interactions Initialization  ---------* 
 |                                                                  | 
 |                   sigmaNonDiffractive =    55.51 mb              | 
 |                                                                  | 
 |    pT0 =  1.44 gives sigmaInteraction =   396.58 mb: accepted    | 
 |                                                                  | 
 *-------  End PYTHIA Multiparton Interactions Initialization  -----* 

 *-------  PYTHIA Flag + Mode + Parm + Word + FVec + MVec + PVec + WVec Settings (changes only)  ------------------* 
 |                                                                                                                 | 
 | Name                                          |                      Now |      Default         Min         Max | 
 |                                               |                          |                                      | 
 | Beams:frameType                               |                        4 |            1           1           5 | 
 | Beams:LHEF                                    | /nfs/dust/cms/user/amoroso/powheg/POWHEG-BOX-V2/ttJ_MiNNLOPS_v1.0_beta1/decay-ll/pwgevents-0989.lhe |         void | 
 | ColourReconnection:range                      |                  5.17600 |      1.80000         0.0    10.00000 | 
 | Main:timesAllowErrors                         |                      500 |           10           0             | 
 | MultipartonInteractions:alphaSorder           |                        2 |            1           0           3 | 
 | MultipartonInteractions:alphaSvalue           |                  0.11800 |      0.13000   0.0600000     0.25000 | 
 | MultipartonInteractions:bProfile              |                        2 |            3           0           4 | 
 | MultipartonInteractions:coreFraction          |                  0.63000 |      0.50000         0.0     1.00000 | 
 | MultipartonInteractions:coreRadius            |                  0.76340 |      0.40000     0.10000     1.00000 | 
 | MultipartonInteractions:ecmPow                |                0.0334400 |      0.21500         0.0     0.50000 | 
 | MultipartonInteractions:pT0Ref                |                  1.41000 |      2.28000     0.50000    10.00000 | 
 | ParticleDecays:limitTau                       |                       on |          off                         | 
 | PartonLevel:FSR                               |                      off |           on                         | 
 | PDF:pSet                                      |                       20 |           13                         | 
 | Random:seed                                   |                      989 |           -1               900000000 | 
 | Random:setSeed                                |                       on |          off                         | 
 | SigmaProcess:alphaSorder                      |                        2 |            1           0           3 | 
 | SigmaProcess:alphaSvalue                      |                  0.11800 |      0.13000   0.0600000     0.25000 | 
 | SigmaTotal:mode                               |                        0 |            1           0           4 | 
 | SigmaTotal:sigmaEl                            |                 21.89000 |     25.00000         0.0             | 
 | SigmaTotal:sigmaTot                           |                100.30900 |    100.00000         0.0             | 
 | SigmaTotal:zeroAXB                            |                      off |           on                         | 
 | SpaceShower:alphaSorder                       |                        2 |            1           0           3 | 
 | SpaceShower:alphaSvalue                       |                  0.11800 |      0.13650   0.0600000     0.25000 | 
 | SpaceShower:dipoleRecoil                      |                       on |          off                         | 
 | SpaceShower:pTmaxMatch                        |                        1 |            0           0           2 | 
 | TimeShower:alphaSorder                        |                        2 |            1           0           3 | 
 | TimeShower:alphaSvalue                        |                  0.11800 |      0.13650   0.0600000     0.25000 | 
 |                                                                                                                 | 
 *-------  End PYTHIA Flag + Mode + Parm + Word + FVec + MVec + PVec + WVec Settings  -----------------------------* 

 --------  PYTHIA Particle Data Table (changed only)  ------------------------------------------------------------------------------
 
      id   name            antiName         spn chg col      m0        mWidth      mMin       mMax       tau0    res dec ext vis wid
             no onMode   bRatio   meMode     products 

       6  t                tbar               2   2   1  173.00000    1.36916   86.00000    0.00000  1.44122e-13   1   1   0   1   0
              0     1   0.0000664    0       24        1 
              1     1   0.0017361    0       24        3 
              2     1   0.9981975    0       24        5 
              3     1   0.0000000    0       37        5 

 --------  End PYTHIA Particle Data Table  -----------------------------------------------------------------------------------------


 --------  LHA event information and listing  ---------------------------------------------------------------------- 

    process =   322200    weight =   1.0325e+02     scale =   2.6398e+01 (GeV) 
                        alpha_em =  -1.0000e+00    alpha_strong =   1.5700e-01

    Participating Particles 
    no        id stat     mothers     colours      p_x        p_y        p_z         e          m        tau    spin 
     1        21   -1     0     0   512   513      0.000      0.000    204.678    204.678      0.000   0.000   9.000
     2        21   -1     0     0   511   512      0.000      0.000   -671.021    671.021      0.000   0.000   9.000
     3         6    2     1     2   511     0    259.133    -11.581   -164.750    352.837    173.400   0.000   9.000
     4        -6    2     1     2     0   514   -272.306    -25.399   -336.027    466.627    173.296   0.000   9.000
     5        21    1     1     2   514   515      2.255     22.928      8.038     24.401      0.000   0.000   9.000
     6        21    1     1     2   515   513     10.918     14.053     26.395     31.834      0.000   0.000   9.000
     7         5    1     3     3   511     0    111.422    -61.598    -29.669    130.819      4.920   0.000  -1.000
     8        24    2     3     3     0     0    147.710     50.016   -135.081    222.018     82.007   0.000   9.000
     9        -5    1     4     4     0   514   -157.343     46.916   -153.777    225.010      4.920   0.000   1.000
    10       -24    2     4     4     0     0   -114.963    -72.316   -182.250    241.618     81.964   0.000   9.000
    11       -15    1     8     8     0     0    111.199      2.267    -61.842    127.271      1.777   0.000   1.000
    12        16    1     8     8     0     0     36.512     47.749    -73.239     94.747      0.000   0.000  -1.000
    13        15    1    10    10     0     0    -51.666    -34.245    -23.119     66.180      1.777   0.000  -1.000
    14       -16    1    10    10     0     0    -63.297    -38.070   -159.131    175.438      0.000   0.000   1.000

 --------  End LHA event information and listing  ------------------------------------------------------------------ 

 --------  PYTHIA Info Listing  ---------------------------------------- 
 
 Beam A: id =   2212, pz =  6.500e+03, e =  6.500e+03, m =  9.383e-01.
 Beam B: id =   2212, pz = -6.500e+03, e =  6.500e+03, m =  9.383e-01.

 In 1: id =   21, x =  3.149e-02, pdf =  0.000e+00 at Q2 =  6.969e+02.
 In 2: id =   21, x =  1.032e-01, pdf =  0.000e+00 at same Q2.

 Process Les Houches User Process(es) with code 9999 is 2 -> 4.
 Subprocess user process 322200 with code 322200 is 2 -> 4.
     alphaEM =  7.709e-03,  alphaS =  1.570e-01    at Q2 =  6.969e+02.

 Impact parameter b =  1.224e+00 gives enhancement factor =  2.242e-01.
 Max pT scale for MPI =  1.300e+04, ISR =  2.640e+01, FSR =  2.640e+01.
 Number of MPI =     1, ISR =     4, FSRproc =     0, FSRreson =     0.

 --------  End PYTHIA Info Listing  ------------------------------------

 --------  PYTHIA Event Listing  (hard process)  -----------------------------------------------------------------------------------
 
    no         id  name            status     mothers   daughters     colours      p_x        p_y        p_z         e          m 
     0         90  (system)           -11     0     0     0     0     0     0      0.000      0.000      0.000  13000.000  13000.000
     1       2212  (p+)               -12     0     0     3     0     0     0      0.000      0.000   6500.000   6500.000      0.938
     2       2212  (p+)               -12     0     0     4     0     0     0      0.000      0.000  -6500.000   6500.000      0.938
     3         21  (g)                -21     1     0     5     8   512   513      0.000      0.000    204.678    204.678      0.000
     4         21  (g)                -21     2     0     5     8   511   512      0.000      0.000   -671.021    671.021      0.000
     5          6  (t)                -22     3     4     9    10   511     0    259.133    -11.581   -164.750    352.837    173.400
     6         -6  (tbar)             -22     3     4    11    12     0   514   -272.306    -25.399   -336.027    466.627    173.296
     7         21  g                   23     3     4     0     0   514   515      2.255     22.928      8.038     24.401      0.000
     8         21  g                   23     3     4     0     0   515   513     10.918     14.053     26.395     31.834      0.000
     9          5  b                   23     5     0     0     0   511     0    111.422    -61.598    -29.669    130.819      4.920
    10         24  (W+)               -22     5     0    13    14     0     0    147.710     50.016   -135.081    222.018     82.007
    11         -5  bbar                23     6     0     0     0     0   514   -157.343     46.916   -153.777    225.010      4.920
    12        -24  (W-)               -22     6     0    15    16     0     0   -114.963    -72.316   -182.250    241.618     81.964
    13        -15  tau+                23    10     0     0     0     0     0    111.199      2.267    -61.842    127.271      1.777
    14         16  nu_tau              23    10     0     0     0     0     0     36.512     47.749    -73.239     94.747      0.000
    15         15  tau-                23    12     0     0     0     0     0    -51.666    -34.245    -23.119     66.180      1.777
    16        -16  nu_taubar           23    12     0     0     0     0     0    -63.297    -38.070   -159.131    175.438      0.000
                                   Charge sum:  0.000           Momentum sum:     -0.000     -0.000   -466.343    875.699    741.197

 --------  End PYTHIA Event Listing  -----------------------------------------------------------------------------------------------

 --------  PYTHIA Event Listing  (complete event)  ---------------------------------------------------------------------------------
 
    no         id  name            status     mothers   daughters     colours      p_x        p_y        p_z         e          m 
     0         90  (system)           -11     0     0     0     0     0     0      0.000      0.000      0.000  13000.000  13000.000
     1       2212  (p+)               -12     0     0    43     0     0     0      0.000      0.000   6500.000   6500.000      0.938
     2       2212  (p+)               -12     0     0    44     0     0     0      0.000      0.000  -6500.000   6500.000      0.938
     3         21  (g)                -21     9     0     5     8   512   513      0.000      0.000    204.678    204.678      0.000
     4         21  (g)                -21    10    10     5     8   511   512      0.000      0.000   -671.021    671.021      0.000
     5          6  (t)                -22     3     4    11    11   511     0    259.133    -11.581   -164.750    352.837    173.400
     6         -6  (tbar)             -22     3     4    12    12     0   514   -272.306    -25.399   -336.027    466.627    173.296
     7         21  (g)                -23     3     4    13    13   514   515      2.255     22.928      8.038     24.401      0.000
     8         21  (g)                -23     3     4    14    14   515   513     10.918     14.053     26.395     31.834      0.000
     9         21  (g)                -41    16     0    15     3   516   513      0.000      0.000    229.935    229.935      0.000
    10         21  (g)                -42    17    17     4     4   511   512      0.000      0.000   -671.021    671.021      0.000
    11          6  (t)                -44     5     5    18    18   511     0    259.133    -11.581   -164.750    352.837    173.400
    12         -6  (tbar)             -44     6     6    19    19     0   514   -272.306    -25.399   -336.027    466.627    173.296
    13         21  (g)                -44     7     7    20    20   514   515      2.255     22.928      8.038     24.401      0.000
    14         21  (g)                -44     8     8    21    21   515   513     -4.000      2.137     16.221     16.843      0.000
    15         21  (g)                -43     9     0    22    22   516   512     14.917     11.916     35.431     40.247      0.000
    16         21  (g)                -41    24    24    23     9   517   513      0.000      0.000    254.608    254.608      0.000
    17         21  (g)                -42    25     0    10    10   511   512      0.000      0.000   -671.021    671.021      0.000
    18          6  (t)                -44    11    11    26    26   511     0    259.133    -11.581   -164.750    352.837    173.400
    19         -6  (tbar)             -44    12    12    27    27     0   514   -272.306    -25.399   -336.027    466.627    173.296
    20         21  (g)                -44    13    13    28    28   514   515      2.255     22.928      8.038     24.401      0.000
    21         21  (g)                -44    14    14    29    29   515   513     -4.000      2.137     16.221     16.843      0.000
    22         21  (g)                -44    15    15    30    30   516   512     17.593      7.910     52.367     55.807      0.000
    23         21  (g)                -43    16     0    31    31   517   516     -2.676      4.006      7.737      9.114      0.000
    24         21  (g)                -42    33     0    16    16   517   513      0.000      0.000    254.608    254.608      0.000
    25         21  (g)                -41    34    34    32    17   518   512      0.000     -0.000  -1423.306   1423.306      0.000
    26          6  (t)                -44    18    18    35    35   511     0    253.403     -5.893   -156.759    344.803    173.400
    27         -6  (tbar)             -44    19    19    36    36     0   514   -272.306    -25.399   -336.027    466.627    173.296
    28         21  (g)                -44    20    20    37    37   514   515      2.255     22.928      8.038     24.401      0.000
    29         21  (g)                -44    21    21    38    38   515   513     -4.000      2.137     16.221     16.843      0.000
    30         21  (g)                -44    22    22    39    39   516   512     17.593      7.910     52.367     55.807      0.000
    31         21  (g)                -44    23    23    40    40   517   516     -2.676      4.006      7.737      9.114      0.000
    32         21  (g)                -43    25     0    41    41   518   511      5.729     -5.688   -760.276    760.319      0.000
    33         21  (g)                -41    43    43    42    24   519   513      0.000      0.000    360.571    360.571      0.000
    34         21  (g)                -42    44    44    25    25   518   512      0.000     -0.000  -1423.306   1423.306      0.000
    35          6  (t)                -44    26    26    45    45   511     0    253.403     -5.893   -156.759    344.803    173.400
    36         -6  (tbar)             -44    27    27    46    46     0   514   -272.306    -25.399   -336.027    466.627    173.296
    37         21  (g)                -44    28    28    47    47   514   515      2.255     22.928      8.038     24.401      0.000
    38         21  (g)                -44    29    29    48    48   515   513     -4.000      2.137     16.221     16.843      0.000
    39         21  (g)                -44    30    30    49    49   516   512     17.593      7.910     52.367     55.807      0.000
    40         21  (g)                -44    31    31    50    50   517   516      0.282      4.408      6.636      7.971      0.000
    41         21  (g)                -44    32    32    51    51   518   511      5.729     -5.688   -760.276    760.319      0.000
    42         21  (g)                -43    33     0    52    52   519   517     -2.958     -0.402    107.064    107.106      0.000
    43         21  (g)                -61     1     0    33    33   519   513      3.241      0.393    360.565    360.580      0.000
    44         21  (g)                -61     2     0    34    34   518   512      0.056      1.228  -1423.303   1423.304      0.000
    45          6  (t)                -62    35    35    57    58   511     0    254.258     -5.574   -157.893    345.942    173.400
    46         -6  (tbar)             -62    36    36    59    60     0   514   -271.703    -24.983   -334.806    465.374    173.296
    47         21  (g)                -62    37    37    67    67   514   515      2.401     22.953      8.025     24.434      0.000
    48         21  (g)                -62    38    38    66    66   515   513     -3.851      2.156     16.239     16.828      0.000
    49         21  (g)                -62    39    39   107   107   516   512     18.079      7.971     52.286     55.895      0.000
    50         21  (g)                -62    40    40   108   108   517   516      0.348      4.416      6.634      7.977      0.000
    51         21  (g)                -62    41    41    85    85   518   511      5.759     -5.032   -760.300    760.338      0.000
    52         21  (g)                -62    42    42   109   109   519   517     -1.995     -0.285    107.076    107.095      0.000
    53          2  (u)                -63     1     0    65    65   513     0     -2.083     -0.400      6.963      7.287      0.330
    54       2101  (ud_0)             -63     1     0   110   110     0   519     -1.158      0.007   6132.302   6132.303      0.579
    55       2203  (uu_1)             -63     2     0    86    86     0   518      0.211     -0.727  -4317.307   4317.308      0.771
    56          1  (d)                -63     2     0   106   106   512     0     -0.267     -0.501   -759.220    759.220      0.330
    57          5  (b)                -23    45     0    84    84   511     0    109.619    -59.375    -27.132    127.680      4.920
    58         24  (W+)               -22    45     0    61    62     0     0    144.639     53.801   -130.760    218.263     82.007
    59         -5  (bbar)             -23    46     0    68    68     0   514   -157.052     47.117   -153.188    224.446      4.920
    60        -24  (W-)               -22    46     0    63    64     0     0   -114.651    -72.100   -181.617    240.928     81.964
    61        -15  (tau+)             -23    58     0   187   189     0     0    109.442      4.433    -59.370    124.600      1.777
    62         16  nu_tau              23    58     0     0     0     0     0     35.197     49.369    -71.390     93.663      0.000
    63         15  (tau-)             -23    60     0   190   192     0     0    -51.581    -34.186    -22.946     66.022      1.777
    64        -16  nu_taubar           23    60     0     0     0     0     0    -63.071    -37.914   -158.672    174.906      0.000
    65          2  (u)                -71    53    53    69    83   513     0     -2.083     -0.400      6.963      7.287      0.330
    66         21  (g)                -71    48    48    69    83   515   513     -3.851      2.156     16.239     16.828      0.000
    67         21  (g)                -71    47    47    69    83   514   515      2.401     22.953      8.025     24.434      0.000
    68         -5  (bbar)             -71    59    59    69    83     0   514   -157.052     47.117   -153.188    224.446      4.920
    69       3222  Sigma+              83    65    68     0     0     0     0     -3.708      0.800     13.271     13.854      1.189
    70      -3222  (Sigmabar-)        -83    65    68   193   194     0     0     -1.253      0.380      6.625      6.857      1.189
    71        111  (pi0)              -83    65    68   195   196     0     0     -0.471      0.476      2.391      2.487      0.135
    72        213  (rho+)             -83    65    68   149   150     0     0     -0.020      0.878      0.932      1.466      0.714
    73       -211  pi-                 83    65    68     0     0     0     0     -0.211      0.161      0.280      0.410      0.140
    74        211  pi+                 83    65    68     0     0     0     0     -0.042      0.210      0.052      0.261      0.140
    75        113  (rho0)             -84    65    68   151   152     0     0      1.913     16.759      5.685     17.821      0.866
    76        311  (K0)               -84    65    68   153   153     0     0     -0.076      1.334      0.642      1.564      0.498
    77       3122  Lambda0             84    65    68     0     0     0     0      0.145      2.078      0.775      2.487      1.116
    78        111  (pi0)              -84    65    68   197   198     0     0     -0.515      0.784     -0.125      0.956      0.135
    79      -2112  nbar0               84    65    68     0     0     0     0     -0.282      0.558     -0.592      1.274      0.940
    80       -211  pi-                 84    65    68     0     0     0     0     -0.905      0.397     -1.117      1.498      0.140
    81        111  (pi0)              -84    65    68   199   200     0     0     -0.323      0.689      0.076      0.776      0.135
    82        223  (omega)            -84    65    68   201   203     0     0     -2.259      0.202     -2.066      3.170      0.798
    83        521  (B+)               -84    65    68   204   206     0     0   -152.578     46.122   -148.790    218.113      5.279
    84          5  (b)                -71    57    57    87   105   511     0    109.619    -59.375    -27.132    127.680      4.920
    85         21  (g)                -71    51    51    87   105   518   511      5.759     -5.032   -760.300    760.338      0.000
    86       2203  (uu_1)             -71    55    55    87   105     0   518      0.211     -0.727  -4317.307   4317.308      0.771
    87       -533  (B*_sbar0)         -83    84    86   207   208     0     0    103.477    -55.798    -25.555    120.430      5.415
    88       -311  (Kbar0)            -83    84    86   154   154     0     0      3.015     -2.222     -0.704      3.844      0.498
    89        223  (omega)            -83    84    86   209   211     0     0      1.615     -0.579     -0.974      2.119      0.773
    90        111  (pi0)              -83    84    86   212   213     0     0      1.058     -0.718     -0.730      1.479      0.135
    91        331  (eta')             -83    84    86   214   215     0     0      0.331      0.151     -0.829      1.318      0.958
    92       -211  pi-                 83    84    86     0     0     0     0     -0.254     -0.192     -2.058      2.087      0.140
    93        211  pi+                 83    84    86     0     0     0     0      0.613      0.299     -6.288      6.326      0.140
    94        221  (eta)              -83    84    86   216   218     0     0     -0.241     -0.195     -5.176      5.214      0.548
    95        113  (rho0)             -83    84    86   155   156     0     0      0.513     -0.613    -28.410     28.435      0.886
    96        311  (K0)               -83    84    86   157   157     0     0     -0.004      0.434    -15.543     15.557      0.498
    97       -311  (Kbar0)            -84    84    86   158   158     0     0      1.160     -1.283   -155.967    155.978      0.498
    98        223  (omega)            -84    84    86   219   221     0     0      1.483     -0.971   -169.599    169.610      0.784
    99        111  (pi0)              -84    84    86   222   223     0     0      0.038      0.150    -11.093     11.095      0.135
   100       2214  (Delta+)           -84    84    86   159   160     0     0      0.769     -1.886   -245.680    245.692      1.465
   101      -2224  (Deltabar--)       -84    84    86   161   162     0     0      1.640     -1.090   -396.875    396.882      1.285
   102        211  pi+                 84    84    86     0     0     0     0     -0.132      0.367   -126.372    126.372      0.140
   103        111  (pi0)              -84    84    86   224   225     0     0      0.695     -0.324  -1290.907   1290.907      0.135
   104       -211  pi-                 84    84    86     0     0     0     0     -0.376     -0.095   -687.113    687.113      0.140
   105       2224  (Delta++)          -84    84    86   163   164     0     0      0.190     -0.570  -1934.868   1934.868      1.298
   106          1  (d)                -71    56    56   111   148   512     0     -0.267     -0.501   -759.220    759.220      0.330
   107         21  (g)                -71    49    49   111   148   516   512     18.079      7.971     52.286     55.895      0.000
   108         21  (g)                -71    50    50   111   148   517   516      0.348      4.416      6.634      7.977      0.000
   109         21  (g)                -71    52    52   111   148   519   517     -1.995     -0.285    107.076    107.095      0.000
   110       2101  (ud_0)             -71    54    54   111   148     0   519     -1.158      0.007   6132.302   6132.303      0.579
   111       -213  (rho-)             -83   106   110   165   166     0     0      0.334      0.094   -345.641    345.641      0.736
   112        113  (rho0)             -83   106   110   167   168     0     0     -0.439     -0.734   -284.816    284.819      0.790
   113        111  (pi0)              -83   106   110   226   227     0     0     -0.343      0.448    -54.631     54.634      0.135
   114        211  pi+                 83   106   110     0     0     0     0     -0.023     -0.585    -43.466     43.470      0.140
   115        223  (omega)            -83   106   110   228   230     0     0      0.112      0.405    -20.275     20.295      0.788
   116       -211  pi-                 83   106   110     0     0     0     0     -0.048      0.167     -0.556      0.599      0.140
   117        331  (eta')             -83   106   110   231   233     0     0      0.194     -0.086     -4.777      4.877      0.958
   118        221  (eta)              -83   106   110   234   236     0     0     -0.402     -0.061     -3.029      3.105      0.548
   119        211  pi+                 83   106   110     0     0     0     0      0.594     -0.026     -1.065      1.227      0.140
   120       -213  (rho-)             -83   106   110   169   170     0     0      0.293     -0.377      0.024      0.993      0.870
   121        211  pi+                 83   106   110     0     0     0     0      0.204      0.559      1.840      1.939      0.140
   122        221  (eta)              -83   106   110   237   239     0     0      0.824     -0.052      0.815      1.283      0.548
   123        111  (pi0)              -83   106   110   240   241     0     0      0.069      0.554      1.672      1.767      0.135
   124       -213  (rho-)             -83   106   110   171   172     0     0      1.010      0.343      3.168      3.423      0.737
   125        111  (pi0)              -83   106   110   242   243     0     0      2.352      1.279      6.195      6.750      0.135
   126        111  (pi0)              -83   106   110   244   245     0     0      0.575      0.046      1.998      2.084      0.135
   127        111  (pi0)              -83   106   110   246   247     0     0      3.469      1.525      9.708     10.422      0.135
   128        213  (rho+)             -83   106   110   173   174     0     0      2.023      0.682      4.081      4.678      0.822
   129        111  (pi0)              -83   106   110   248   249     0     0      3.152      1.554     10.204     10.793      0.135
   130       -211  pi-                 84   106   110     0     0     0     0      0.036      0.671      1.824      1.949      0.140
   131        113  (rho0)             -84   106   110   175   176     0     0      1.000      1.273      2.979      3.464      0.711
   132        113  (rho0)             -84   106   110   177   178     0     0      2.185      1.008      6.880      7.331      0.779
   133        211  pi+                 84   106   110     0     0     0     0     -0.038      0.071      0.218      0.272      0.140
   134        223  (omega)            -84   106   110   250   252     0     0      0.349      0.709      3.655      3.820      0.779
   135       -213  (rho-)             -84   106   110   179   180     0     0      0.555      0.451      2.062      2.357      0.888
   136        223  (omega)            -84   106   110   253   255     0     0     -0.088      2.014      6.693      7.033      0.783
   137        211  pi+                 84   106   110     0     0     0     0      0.042      0.085      0.190      0.254      0.140
   138       -211  pi-                 84   106   110     0     0     0     0     -0.045     -0.531     14.144     14.155      0.140
   139        213  (rho+)             -84   106   110   181   182     0     0     -0.459      0.378     16.095     16.125      0.777
   140       1114  (Delta-)           -84   106   110   183   184     0     0     -0.143      0.123     30.512     30.540      1.302
   141        211  pi+                 84   106   110     0     0     0     0      0.108     -0.143     13.254     13.256      0.140
   142      -2212  pbar-               84   106   110     0     0     0     0     -1.128     -0.036    109.935    109.944      0.938
   143        111  (pi0)              -84   106   110   256   257     0     0     -0.143     -0.458    102.212    102.213      0.135
   144        113  (rho0)             -84   106   110   185   186     0     0     -0.013      0.418    254.186    254.187      0.768
   145        211  pi+                 84   106   110     0     0     0     0      0.128     -0.188     48.543     48.544      0.140
   146        111  (pi0)              -84   106   110   258   259     0     0     -0.058     -0.165    146.974    146.975      0.135
   147       -211  pi-                 84   106   110     0     0     0     0     -0.314      0.248    940.181    940.181      0.140
   148       2212  p+                  84   106   110     0     0     0     0     -0.918     -0.053   4557.091   4557.091      0.938
   149        211  pi+                 91    72     0     0     0     0     0      0.202      0.099      0.065      0.272      0.140
   150        111  (pi0)              -91    72     0   260   261     0     0     -0.222      0.778      0.867      1.194      0.135
   151        211  pi+                 91    75     0     0     0     0     0      1.900     15.528      5.135     16.466      0.140
   152       -211  pi-                 91    75     0     0     0     0     0      0.013      1.231      0.550      1.355      0.140
   153        310  (K_S0)             -91    76    76   262   263     0     0     -0.076      1.334      0.642      1.564      0.498
   154        130  K_L0                91    88    88     0     0     0     0      3.015     -2.222     -0.704      3.844      0.498
   155        211  pi+                 91    95     0     0     0     0     0      0.241     -0.763    -16.220     16.240      0.140
   156       -211  pi-                 91    95     0     0     0     0     0      0.272      0.149    -12.190     12.195      0.140
   157        130  K_L0                91    96    96     0     0     0     0     -0.004      0.434    -15.543     15.557      0.498
   158        310  K_S0                91    97    97     0     0     0     0      1.160     -1.283   -155.967    155.978      0.498
   159       2212  p+                  91   100     0     0     0     0     0      0.658     -1.625   -234.413    234.422      0.938
   160        111  (pi0)              -91   100     0   264   265     0     0      0.111     -0.261    -11.266     11.271      0.135
   161      -2212  pbar-               91   101     0     0     0     0     0      0.863     -0.549   -249.442    249.446      0.938
   162       -211  pi-                 91   101     0     0     0     0     0      0.777     -0.540   -147.433    147.436      0.140
   163       2212  p+                  91   105     0     0     0     0     0     -0.091     -0.472  -1227.682   1227.683      0.938
   164        211  pi+                 91   105     0     0     0     0     0      0.281     -0.098   -707.186    707.186      0.140
   165       -211  pi-                 91   111     0     0     0     0     0      0.358      0.191   -324.749    324.750      0.140
   166        111  (pi0)              -91   111     0   266   267     0     0     -0.024     -0.097    -20.891     20.892      0.135
   167        211  pi+                 91   112     0     0     0     0     0     -0.367     -0.556   -266.110    266.111      0.140
   168       -211  pi-                 91   112     0     0     0     0     0     -0.072     -0.178    -18.706     18.708      0.140
   169       -211  pi-                 91   120     0     0     0     0     0      0.492     -0.117     -0.213      0.566      0.140
   170        111  (pi0)              -91   120     0   268   269     0     0     -0.199     -0.260      0.238      0.426      0.135
   171       -211  pi-                 91   124     0     0     0     0     0     -0.020     -0.088      0.525      0.551      0.140
   172        111  (pi0)              -91   124     0   270   271     0     0      1.030      0.430      2.643      2.873      0.135
   173        211  pi+                 91   128     0     0     0     0     0      0.158      0.002      0.112      0.239      0.140
   174        111  (pi0)              -91   128     0   272   273     0     0      1.865      0.679      3.969      4.439      0.135
   175        211  pi+                 91   131     0     0     0     0     0      0.804      0.592      2.076      2.308      0.140
   176       -211  pi-                 91   131     0     0     0     0     0      0.196      0.681      0.903      1.156      0.140
   177        211  pi+                 91   132     0     0     0     0     0      0.532      0.437      2.844      2.930      0.140
   178       -211  pi-                 91   132     0     0     0     0     0      1.652      0.570      4.036      4.401      0.140
   179       -211  pi-                 91   135     0     0     0     0     0      0.690      0.456      1.144      1.418      0.140
   180        111  (pi0)              -91   135     0   274   275     0     0     -0.135     -0.005      0.919      0.938      0.135
   181        211  pi+                 91   139     0     0     0     0     0      0.128      0.314      6.951      6.961      0.140
   182        111  (pi0)              -91   139     0   276   277     0     0     -0.587      0.064      9.144      9.164      0.135
   183       2112  n0                  91   140     0     0     0     0     0      0.081      0.176     18.097     18.122      0.940
   184       -211  pi-                 91   140     0     0     0     0     0     -0.224     -0.054     12.415     12.418      0.140
   185        211  pi+                 91   144     0     0     0     0     0      0.033      0.607    163.274    163.275      0.140
   186       -211  pi-                 91   144     0     0     0     0     0     -0.046     -0.189     90.912     90.912      0.140
   187        -16  nu_taubar           91    61     0     0     0     0     0     76.279      3.227    -42.211     87.240      0.000
   188        -11  e+                  91    61     0     0     0     0     0      3.514      0.251     -1.804      3.958      0.001
   189         12  nu_e                91    61     0     0     0     0     0     29.648      0.954    -15.355     33.402      0.000
   190         16  nu_tau              91    63     0     0     0     0     0    -38.259    -24.987    -16.353     48.534      0.000
   191         11  e-                  91    63     0     0     0     0     0     -5.527     -3.789     -2.445      7.134      0.001
   192        -12  nu_ebar             91    63     0     0     0     0     0     -7.794     -5.410     -4.148     10.354      0.000
   193      -2112  nbar0               91    70     0     0     0     0     0     -1.151      0.204      6.014      6.198      0.940
   194       -211  pi-                 91    70     0     0     0     0     0     -0.102      0.176      0.611      0.659      0.140
   195         22  gamma               91    71     0     0     0     0     0     -0.412      0.456      2.053      2.143      0.000
   196         22  gamma               91    71     0     0     0     0     0     -0.059      0.020      0.338      0.344      0.000
   197         22  gamma               91    78     0     0     0     0     0     -0.018      0.101     -0.007      0.103      0.000
   198         22  gamma               91    78     0     0     0     0     0     -0.497      0.683     -0.118      0.853      0.000
   199         22  gamma               91    81     0     0     0     0     0     -0.069      0.247      0.073      0.267      0.000
   200         22  gamma               91    81     0     0     0     0     0     -0.254      0.441      0.002      0.509      0.000
   201        211  pi+                 91    82     0     0     0     0     0     -0.576      0.064     -0.728      0.941      0.140
   202       -211  pi-                 91    82     0     0     0     0     0     -1.588      0.064     -1.257      2.031      0.140
   203        111  (pi0)              -91    82     0   278   279     0     0     -0.095      0.073     -0.081      0.198      0.135
   204         14  nu_mu               91    83     0     0     0     0     0    -11.343      3.461    -10.990     16.169      0.000
   205        -13  mu+                 91    83     0     0     0     0     0    -43.063     14.850    -41.332     61.508      0.106
   206     -10421  (D*_0bar0)         -91    83     0   280   281     0     0    -98.172     27.811    -96.468    140.436      2.283
   207       -531  (B_sbar0)          -91    87     0   282   283     0     0    102.624    -55.343    -25.296    119.429      5.367
   208         22  gamma               91    87     0     0     0     0     0      0.853     -0.455     -0.259      1.001      0.000
   209        211  pi+                 91    89     0     0     0     0     0      1.044     -0.538     -0.785      1.420      0.140
   210       -211  pi-                 91    89     0     0     0     0     0      0.285     -0.071      0.008      0.326      0.140
   211        111  (pi0)              -91    89     0   284   285     0     0      0.286      0.031     -0.197      0.374      0.135
   212         22  gamma               91    90     0     0     0     0     0      0.232     -0.217     -0.218      0.385      0.000
   213         22  gamma               91    90     0     0     0     0     0      0.825     -0.502     -0.513      1.093      0.000
   214        113  (rho0)             -91    91     0   286   287     0     0      0.290      0.208     -0.755      1.216      0.884
   215         22  gamma               91    91     0     0     0     0     0      0.041     -0.057     -0.073      0.101      0.000
   216        211  pi+                 91    94     0     0     0     0     0     -0.254     -0.173     -2.490      2.513      0.140
   217       -211  pi-                 91    94     0     0     0     0     0      0.011      0.028     -1.225      1.233      0.140
   218        111  (pi0)              -91    94     0   288   289     0     0      0.002     -0.049     -1.461      1.468      0.135
   219        211  pi+                 91    98     0     0     0     0     0      0.874     -0.220    -88.973     88.978      0.140
   220       -211  pi-                 91    98     0     0     0     0     0      0.245     -0.400    -35.788     35.792      0.140
   221        111  (pi0)              -91    98     0   290   291     0     0      0.364     -0.352    -44.838     44.841      0.135
   222         22  gamma               91    99     0     0     0     0     0      0.043      0.059     -1.832      1.833      0.000
   223         22  gamma               91    99     0     0     0     0     0     -0.005      0.091     -9.262      9.262      0.000
   224         22  gamma               91   103     0     0     0     0     0      0.215     -0.171   -440.882    440.882      0.000
   225         22  gamma               91   103     0     0     0     0     0      0.480     -0.154   -850.025    850.026      0.000
   226         22  gamma               91   113     0     0     0     0     0     -0.026      0.008     -1.079      1.079      0.000
   227         22  gamma               91   113     0     0     0     0     0     -0.317      0.440    -53.552     53.555      0.000
   228        211  pi+                 91   115     0     0     0     0     0     -0.064      0.311     -8.623      8.630      0.140
   229       -211  pi-                 91   115     0     0     0     0     0      0.158     -0.096     -2.789      2.799      0.140
   230        111  (pi0)              -91   115     0   292   293     0     0      0.018      0.190     -8.863      8.866      0.135
   231        211  pi+                 91   117     0     0     0     0     0      0.093      0.009     -0.617      0.639      0.140
   232       -211  pi-                 91   117     0     0     0     0     0     -0.060     -0.164     -0.951      0.977      0.140
   233        221  (eta)              -91   117     0   294   295     0     0      0.162      0.069     -3.210      3.261      0.548
   234        111  (pi0)              -91   118     0   296   297     0     0     -0.207     -0.176     -1.356      1.389      0.135
   235        111  (pi0)              -91   118     0   298   299     0     0     -0.124      0.056     -1.196      1.211      0.135
   236        111  (pi0)              -91   118     0   300   301     0     0     -0.072      0.058     -0.477      0.504      0.135
   237        111  (pi0)              -91   122     0   302   303     0     0      0.107     -0.091      0.216      0.291      0.135
   238        111  (pi0)              -91   122     0   304   305     0     0      0.313      0.098      0.208      0.411      0.135
   239        111  (pi0)              -91   122     0   306   307     0     0      0.404     -0.059      0.390      0.581      0.135
   240         22  gamma               91   123     0     0     0     0     0      0.087      0.466      1.259      1.346      0.000
   241         22  gamma               91   123     0     0     0     0     0     -0.018      0.088      0.412      0.422      0.000
   242         22  gamma               91   125     0     0     0     0     0      1.175      0.675      3.284      3.553      0.000
   243         22  gamma               91   125     0     0     0     0     0      1.177      0.604      2.911      3.197      0.000
   244         22  gamma               91   126     0     0     0     0     0      0.290      0.075      1.176      1.213      0.000
   245         22  gamma               91   126     0     0     0     0     0      0.285     -0.029      0.823      0.871      0.000
   246         22  gamma               91   127     0     0     0     0     0      0.069      0.017      0.149      0.166      0.000
   247         22  gamma               91   127     0     0     0     0     0      3.400      1.508      9.558     10.257      0.000
   248         22  gamma               91   129     0     0     0     0     0      1.110      0.488      3.410      3.619      0.000
   249         22  gamma               91   129     0     0     0     0     0      2.042      1.066      6.794      7.174      0.000
   250        211  pi+                 91   134     0     0     0     0     0      0.038      0.144      0.255      0.327      0.140
   251       -211  pi-                 91   134     0     0     0     0     0      0.219      0.135      1.955      1.977      0.140
   252        111  (pi0)              -91   134     0   308   309     0     0      0.092      0.431      1.444      1.516      0.135
   253        211  pi+                 91   136     0     0     0     0     0     -0.163      0.278      1.171      1.223      0.140
   254       -211  pi-                 91   136     0     0     0     0     0      0.240      0.811      2.809      2.937      0.140
   255        111  (pi0)              -91   136     0   310   311     0     0     -0.165      0.925      2.713      2.874      0.135
   256         22  gamma               91   143     0     0     0     0     0     -0.140     -0.447    101.686    101.687      0.000
   257         22  gamma               91   143     0     0     0     0     0     -0.003     -0.012      0.526      0.526      0.000
   258         22  gamma               91   146     0     0     0     0     0     -0.051     -0.109     48.438     48.438      0.000
   259         22  gamma               91   146     0     0     0     0     0     -0.007     -0.056     98.536     98.536      0.000
   260         22  gamma               91   150     0     0     0     0     0      0.002      0.107      0.070      0.128      0.000
   261         22  gamma               91   150     0     0     0     0     0     -0.223      0.671      0.798      1.066      0.000
   262        211  pi+                 91   153     0     0     0     0     0     -0.191      1.090      0.441      1.200      0.140
   263       -211  pi-                 91   153     0     0     0     0     0      0.115      0.244      0.201      0.364      0.140
   264         22  gamma               91   160     0     0     0     0     0      0.016     -0.199     -6.865      6.868      0.000
   265         22  gamma               91   160     0     0     0     0     0      0.095     -0.061     -4.401      4.403      0.000
   266         22  gamma               91   166     0     0     0     0     0     -0.020     -0.106    -20.768     20.768      0.000
   267         22  gamma               91   166     0     0     0     0     0     -0.004      0.009     -0.123      0.124      0.000
   268         22  gamma               91   170     0     0     0     0     0     -0.013     -0.097      0.114      0.150      0.000
   269         22  gamma               91   170     0     0     0     0     0     -0.185     -0.163      0.124      0.276      0.000
   270         22  gamma               91   172     0     0     0     0     0      0.062      0.032      0.097      0.120      0.000
   271         22  gamma               91   172     0     0     0     0     0      0.968      0.399      2.546      2.753      0.000
   272         22  gamma               91   174     0     0     0     0     0      1.360      0.470      2.996      3.324      0.000
   273         22  gamma               91   174     0     0     0     0     0      0.505      0.210      0.972      1.116      0.000
   274         22  gamma               91   180     0     0     0     0     0     -0.105      0.001      0.891      0.897      0.000
   275         22  gamma               91   180     0     0     0     0     0     -0.030     -0.006      0.028      0.041      0.000
   276         22  gamma               91   182     0     0     0     0     0     -0.377      0.003      4.957      4.971      0.000
   277         22  gamma               91   182     0     0     0     0     0     -0.210      0.062      4.187      4.193      0.000
   278         22  gamma               91   203     0     0     0     0     0     -0.051      0.061     -0.116      0.141      0.000
   279         22  gamma               91   203     0     0     0     0     0     -0.043      0.012      0.035      0.057      0.000
   280       -421  (Dbar0)            -91   206     0   312   314     0     0    -86.620     24.825    -84.914    123.827      1.865
   281        111  (pi0)              -91   206     0   315   316     0     0    -11.552      2.986    -11.553     16.609      0.135
   282        445  (chi_2c)           -92   207     0   317   318     0     0     72.241    -40.336    -17.566     84.658      3.557
   283        331  (eta')             -92   207     0   319   320     0     0     30.383    -15.007     -7.729     34.771      0.958
   284         22  gamma               91   211     0     0     0     0     0     -0.006      0.024     -0.027      0.036      0.000
   285         22  gamma               91   211     0     0     0     0     0      0.292      0.007     -0.170      0.338      0.000
   286        211  pi+                 91   214     0     0     0     0     0     -0.172      0.069      0.077      0.244      0.140
   287       -211  pi-                 91   214     0     0     0     0     0      0.461      0.139     -0.833      0.972      0.140
   288         22  gamma               91   218     0     0     0     0     0      0.052      0.003     -1.009      1.010      0.000
   289         22  gamma               91   218     0     0     0     0     0     -0.050     -0.052     -0.452      0.458      0.000
   290         22  gamma               91   221     0     0     0     0     0     -0.011     -0.009     -0.900      0.900      0.000
   291         22  gamma               91   221     0     0     0     0     0      0.375     -0.343    -43.938     43.941      0.000
   292         22  gamma               91   230     0     0     0     0     0      0.072      0.150     -6.265      6.268      0.000
   293         22  gamma               91   230     0     0     0     0     0     -0.054      0.040     -2.597      2.598      0.000
   294         22  gamma               91   233     0     0     0     0     0     -0.024     -0.086     -2.646      2.647      0.000
   295         22  gamma               91   233     0     0     0     0     0      0.186      0.155     -0.564      0.614      0.000
   296         22  gamma               91   234     0     0     0     0     0     -0.146     -0.190     -1.112      1.138      0.000
   297         22  gamma               91   234     0     0     0     0     0     -0.061      0.014     -0.244      0.252      0.000
   298         22  gamma               91   235     0     0     0     0     0     -0.152      0.056     -1.055      1.068      0.000
   299         22  gamma               91   235     0     0     0     0     0      0.028      0.001     -0.140      0.143      0.000
   300         22  gamma               91   236     0     0     0     0     0     -0.047      0.089     -0.437      0.448      0.000
   301         22  gamma               91   236     0     0     0     0     0     -0.024     -0.031     -0.041      0.056      0.000
   302         22  gamma               91   237     0     0     0     0     0      0.123     -0.026      0.160      0.204      0.000
   303         22  gamma               91   237     0     0     0     0     0     -0.016     -0.065      0.056      0.087      0.000
   304         22  gamma               91   238     0     0     0     0     0      0.236      0.100      0.214      0.334      0.000
   305         22  gamma               91   238     0     0     0     0     0      0.077     -0.002     -0.006      0.077      0.000
   306         22  gamma               91   239     0     0     0     0     0      0.064      0.014      0.132      0.148      0.000
   307         22  gamma               91   239     0     0     0     0     0      0.340     -0.073      0.258      0.433      0.000
   308         22  gamma               91   252     0     0     0     0     0      0.047      0.046      0.130      0.145      0.000
   309         22  gamma               91   252     0     0     0     0     0      0.044      0.385      1.315      1.371      0.000
   310         22  gamma               91   255     0     0     0     0     0     -0.125      0.830      2.293      2.442      0.000
   311         22  gamma               91   255     0     0     0     0     0     -0.039      0.095      0.420      0.432      0.000
   312        323  (K*+)              -91   280     0   321   322     0     0    -63.463     18.255    -61.817     90.459      0.897
   313       -211  pi-                 91   280     0     0     0     0     0     -6.971      1.674     -6.945      9.983      0.140
   314        111  (pi0)              -91   280     0   323   324     0     0    -16.185      4.895    -16.152     23.385      0.135
   315         22  gamma               91   281     0     0     0     0     0    -10.635      2.765    -10.685     15.327      0.000
   316         22  gamma               91   281     0     0     0     0     0     -0.917      0.221     -0.868      1.282      0.000
   317        443  (J/psi)            -91   282     0   325   328     0     0     64.668    -35.823    -16.051     75.713      3.097
   318         22  gamma               91   282     0     0     0     0     0      7.573     -4.513     -1.515      8.945      0.000
   319        113  (rho0)             -91   283     0   329   330     0     0     17.696     -8.951     -4.505     20.347      0.671
   320         22  gamma               91   283     0     0     0     0     0     12.687     -6.056     -3.225     14.424      0.000
   321        311  (K0)               -91   312     0   331   331     0     0    -41.601     11.802    -40.148     59.008      0.498
   322        211  pi+                 91   312     0     0     0     0     0    -21.862      6.453    -21.669     31.451      0.140
   323         22  gamma               91   314     0     0     0     0     0     -7.657      2.278     -7.709     11.101      0.000
   324         22  gamma               91   314     0     0     0     0     0     -8.529      2.618     -8.444     12.284      0.000
   325        111  (pi0)              -91   317     0   332   333     0     0      6.151     -3.073     -1.673      7.078      0.135
   326       2112  n0                  91   317     0     0     0     0     0     18.345     -9.695     -4.778     21.313      0.940
   327       -211  pi-                 91   317     0     0     0     0     0      1.859     -1.074     -0.405      2.189      0.140
   328      -1114  (Deltabar+)        -91   317     0   334   335     0     0     38.313    -21.981     -9.194     45.133      1.177
   329        211  pi+                 91   319     0     0     0     0     0      7.102     -3.881     -1.682      8.267      0.140
   330       -211  pi-                 91   319     0     0     0     0     0     10.594     -5.070     -2.822     12.080      0.140
   331        310  K_S0                91   321   321     0     0     0     0    -41.601     11.802    -40.148     59.008      0.498
   332         22  gamma               91   325     0     0     0     0     0      2.724     -1.435     -0.758      3.171      0.000
   333         22  gamma               91   325     0     0     0     0     0      3.427     -1.638     -0.915      3.907      0.000
   334      -2112  nbar0               91   328     0     0     0     0     0     26.283    -15.042     -6.220     30.929      0.940
   335        211  pi+                 91   328     0     0     0     0     0     12.030     -6.940     -2.975     14.204      0.140
                                   Charge sum:  2.000           Momentum sum:     -0.000     -0.000     -0.000  13000.000  13000.000

 --------  End PYTHIA Event Listing  -----------------------------------------------------------------------------------------------
#--------------------------------------------------------------------------
#                     FastJet release 3.4.0 [fjcore]
#                 M. Cacciari, G.P. Salam and G. Soyez                  
#     A software package for jet finding and analysis at colliders      
#                           http://fastjet.fr                           
#	                                                                      
# Please cite EPJC72(2012)1896 [arXiv:1111.6097] if you use this package
# for scientific work and optionally PLB641(2006)57 [hep-ph/0512210].   
#                                                                       
# FastJet is provided without warranty under the GNU GPL v2 or higher.  
# It uses T. Chan's closest pair algorithm, S. Fortune's Voronoi code
# and 3rd party plugin jet algorithms. See COPYING file for details.
#--------------------------------------------------------------------------
 PYTHIA Warning in SimpleSpaceShower::pT2nextQCD: weight above unity  
 PYTHIA Warning in SimpleSpaceShower::pT2nextQCD: small daughter PDF  
 PYTHIA Warning in StringFragmentation::fragmentToJunction: bad convergence junction rest frame  
 PYTHIA Error in StringFragmentation::fragment: stuck in joining  
 PYTHIA Error in Pythia::next: hadronLevel failed; try again  

 Pythia::next(): 1000 events have been generated 
 PYTHIA Error in BeamRemnants::setKinematics: kinematics construction failed  
 PYTHIA Warning in Pythia::check: energy-momentum not quite conserved  
 PYTHIA Warning in Pythia::check: not quite matched particle energy/momentum/mass  

 Pythia::next(): 2000 events have been generated 

 Pythia::next(): 3000 events have been generated 
 PYTHIA Warning in TauDecays::decay: maximum decay weight exceeded in tau decay  

 Pythia::next(): 4000 events have been generated 
 PYTHIA Warning in MultipartonInteractions::pTnext: weight above unity  
 PYTHIA Warning in ColConfig::collect: negative-energy parton encountered  

 Pythia::next(): 5000 events have been generated 

 Pythia::next(): 6000 events have been generated 
 PYTHIA Error in Pythia::check: unmatched particle energy/momentum/mass  
 PYTHIA Error in Pythia::next: check of event revealed problems  

 Pythia::next(): 7000 events have been generated 
 PYTHIA Error in SimpleSpaceShower::pT2nearThreshold: stuck in loop  

 Pythia::next(): 8000 events have been generated 

 Pythia::next(): 9000 events have been generated 

 *-------  PYTHIA Event and Cross Section Statistics  -------------------------------------------------------------*
 |                                                                                                                 |
 | Subprocess                                    Code |            Number of events       |      sigma +- delta    |
 |                                                    |       Tried   Selected   Accepted |     (estimated) (mb)   |
 |                                                    |                                   |                        |
 |-----------------------------------------------------------------------------------------------------------------|
 |                                                    |                                   |                        |
 | Les Houches User Process(es)                  9999 |       10000      10000      10000 |   8.260e-08  0.000e+00 |
 |    ... whereof user classification code     322200 |       10000      10000      10000 |                        | 
 |                                                    |                                   |                        |
 | sum                                                |       10000      10000      10000 |   8.260e-08  0.000e+00 |
 |                                                                                                                 |
 *-------  End PYTHIA Event and Cross Section Statistics ----------------------------------------------------------*

 *-------  PYTHIA Error and Warning Messages Statistics  ----------------------------------------------------------* 
 |                                                                                                                 | 
 |  times   message                                                                                                | 
 |                                                                                                                 | 
 |      2   Error in BeamRemnants::setKinematics: kinematics construction failed                                   | 
 |     12   Error in Pythia::check: unmatched particle energy/momentum/mass                                        | 
 |      1   Error in Pythia::next: check of event revealed problems                                                | 
 |      4   Error in Pythia::next: hadronLevel failed; try again                                                   | 
 |      8   Error in SimpleSpaceShower::pT2nearThreshold: stuck in loop                                            | 
 |      4   Error in StringFragmentation::fragment: stuck in joining                                               | 
 |      3   Warning in ColConfig::collect: negative-energy parton encountered                                      | 
 |      2   Warning in MultipartonInteractions::pTnext: weight above unity                                         | 
 |      2   Warning in Pythia::check: energy-momentum not quite conserved                                          | 
 |      2   Warning in Pythia::check: not quite matched particle energy/momentum/mass                              | 
 |   1567   Warning in SimpleSpaceShower::pT2nextQCD: small daughter PDF                                           | 
 |   4325   Warning in SimpleSpaceShower::pT2nextQCD: weight above unity                                           | 
 |     37   Warning in StringFragmentation::fragmentToJunction: bad convergence junction rest frame                | 
 |      1   Warning in TauDecays::decay: maximum decay weight exceeded in tau decay                                | 
 |      2   Warning in TimeShower::init: pTmin too low                                                             | 
 |                                                                                                                 | 
 *-------  End PYTHIA Error and Warning Messages Statistics  ------------------------------------------------------* 
Using LHE File: /nfs/dust/cms/user/amoroso/powheg/POWHEG-BOX-V2/ttJ_MiNNLOPS_v1.0_beta1/decay-ll/pwgevents-0989.lhe
less then 10000 events in LHE, using all LHE events
np.shape(P0) = (10000, 3, 9)
np.shape(nJets) = (10000, 2)
np.shape(jets_4vectors) = (10000, 20, 6)
