Configured CUDA from: /cvmfs/sft.cern.ch/lcg/releases/cuda/12.4-4899e/x86_64-el9-gcc11-opt

 *------------------------------------------------------------------------------------* 
 |                                                                                    | 
 |  *------------------------------------------------------------------------------*  | 
 |  |                                                                              |  | 
 |  |                                                                              |  | 
 |  |   PPP   Y   Y  TTTTT  H   H  III    A      Welcome to the Lund Monte Carlo!  |  | 
 |  |   P  P   Y Y     T    H   H   I    A A     This is PYTHIA version 8.309      |  | 
 |  |   PPP     Y      T    HHHHH   I   AAAAA    Last date of change: 16 Feb 2023  |  | 
 |  |   P       Y      T    H   H   I   A   A                                      |  | 
 |  |   P       Y      T    H   H  III  A   A    Now is 03 Sep 2024 at 15:18:33    |  | 
 |  |                                                                              |  | 
 |  |   Program documentation and an archive of historic versions is found on:     |  | 
 |  |                                                                              |  | 
 |  |                               https://pythia.org/                            |  | 
 |  |                                                                              |  | 
 |  |   PYTHIA is authored by a collaboration consisting of:                       |  | 
 |  |                                                                              |  | 
 |  |   Christian Bierlich, Nishita Desai, Leif Gellersen, Ilkka Helenius, Philip  |  | 
 |  |   Ilten, Leif Lonnblad, Stephen Mrenna, Stefan Prestel, Christian Preuss,    |  | 
 |  |   Torbjorn Sjostrand, Peter Skands, Marius Utheim and Rob Verheyen.          |  | 
 |  |                                                                              |  | 
 |  |   The complete list of authors, including contact information and            |  | 
 |  |   affiliations, can be found on https://pythia.org/.                         |  | 
 |  |   Problems or bugs should be reported on email at authors@pythia.org.        |  | 
 |  |                                                                              |  | 
 |  |   The main program reference is C. Bierlich et al,                           |  | 
 |  |   'A comprehensive guide to the physics and usage of Pythia 8.3',            |  | 
 |  |   SciPost Phys. Codebases 8-r8.3 (2022) [arXiv:2203.11601 [hep-ph]]          |  | 
 |  |                                                                              |  | 
 |  |   PYTHIA is released under the GNU General Public Licence version 2 or later.|  | 
 |  |   Please respect the MCnet Guidelines for Event Generator Authors and Users. |  | 
 |  |                                                                              |  | 
 |  |   Disclaimer: this program comes without any guarantees.                     |  | 
 |  |   Beware of errors and use common sense when interpreting results.           |  | 
 |  |                                                                              |  | 
 |  |   Copyright (C) 2023 Torbjorn Sjostrand                                      |  | 
 |  |                                                                              |  | 
 |  |                                                                              |  | 
 |  *------------------------------------------------------------------------------*  | 
 |                                                                                    | 
 *------------------------------------------------------------------------------------* 


 *-------  PYTHIA Process Initialization  --------------------------*
 |                                                                  |
 | We collide p+ with p+ at a CM energy of 1.300e+04 GeV            |
 |                                                                  |
 |------------------------------------------------------------------|
 |                                                    |             |
 | Subprocess                                    Code |   Estimated |
 |                                                    |    max (mb) |
 |                                                    |             |
 |------------------------------------------------------------------|
 |                                                    |             |
 | Les Houches User Process(es)                  9999 |   1.000e-09 |
 |                                                                  |
 *-------  End PYTHIA Process Initialization -----------------------*
 PYTHIA Warning in TimeShower::init: pTmin too low , raised to 0.611

 *-------  PYTHIA Multiparton Interactions Initialization  ---------* 
 |                                                                  | 
 |                   sigmaNonDiffractive =    55.51 mb              | 
 |                                                                  | 
 |    pT0 =  1.44 gives sigmaInteraction =   398.25 mb: accepted    | 
 |                                                                  | 
 *-------  End PYTHIA Multiparton Interactions Initialization  -----* 

 *-------  PYTHIA Flag + Mode + Parm + Word + FVec + MVec + PVec + WVec Settings (changes only)  ------------------* 
 |                                                                                                                 | 
 | Name                                          |                      Now |      Default         Min         Max | 
 |                                               |                          |                                      | 
 | Beams:frameType                               |                        4 |            1           1           5 | 
 | Beams:LHEF                                    | /nfs/dust/cms/user/amoroso/powheg/POWHEG-BOX-V2/ttJ_MiNNLOPS_v1.0_beta1/decay-ll/pwgevents-0149.lhe |         void | 
 | ColourReconnection:range                      |                  5.17600 |      1.80000         0.0    10.00000 | 
 | Main:timesAllowErrors                         |                      500 |           10           0             | 
 | MultipartonInteractions:alphaSorder           |                        2 |            1           0           3 | 
 | MultipartonInteractions:alphaSvalue           |                  0.11800 |      0.13000   0.0600000     0.25000 | 
 | MultipartonInteractions:bProfile              |                        2 |            3           0           4 | 
 | MultipartonInteractions:coreFraction          |                  0.63000 |      0.50000         0.0     1.00000 | 
 | MultipartonInteractions:coreRadius            |                  0.76340 |      0.40000     0.10000     1.00000 | 
 | MultipartonInteractions:ecmPow                |                0.0334400 |      0.21500         0.0     0.50000 | 
 | MultipartonInteractions:pT0Ref                |                  1.41000 |      2.28000     0.50000    10.00000 | 
 | ParticleDecays:limitTau                       |                       on |          off                         | 
 | PDF:pSet                                      |                       20 |           13                         | 
 | Random:seed                                   |                      149 |           -1               900000000 | 
 | Random:setSeed                                |                       on |          off                         | 
 | SigmaProcess:alphaSorder                      |                        2 |            1           0           3 | 
 | SigmaProcess:alphaSvalue                      |                  0.11800 |      0.13000   0.0600000     0.25000 | 
 | SigmaTotal:mode                               |                        0 |            1           0           4 | 
 | SigmaTotal:sigmaEl                            |                 21.89000 |     25.00000         0.0             | 
 | SigmaTotal:sigmaTot                           |                100.30900 |    100.00000         0.0             | 
 | SigmaTotal:zeroAXB                            |                      off |           on                         | 
 | SpaceShower:alphaSorder                       |                        2 |            1           0           3 | 
 | SpaceShower:alphaSvalue                       |                  0.11800 |      0.13650   0.0600000     0.25000 | 
 | SpaceShower:dipoleRecoil                      |                       on |          off                         | 
 | SpaceShower:pTmaxMatch                        |                        1 |            0           0           2 | 
 | TimeShower:alphaSorder                        |                        2 |            1           0           3 | 
 | TimeShower:alphaSvalue                        |                  0.11800 |      0.13650   0.0600000     0.25000 | 
 |                                                                                                                 | 
 *-------  End PYTHIA Flag + Mode + Parm + Word + FVec + MVec + PVec + WVec Settings  -----------------------------* 

 --------  PYTHIA Particle Data Table (changed only)  ------------------------------------------------------------------------------
 
      id   name            antiName         spn chg col      m0        mWidth      mMin       mMax       tau0    res dec ext vis wid
             no onMode   bRatio   meMode     products 

       6  t                tbar               2   2   1  173.00000    1.36916   86.00000    0.00000  1.44122e-13   1   1   0   1   0
              0     1   0.0000664    0       24        1 
              1     1   0.0017361    0       24        3 
              2     1   0.9981975    0       24        5 
              3     1   0.0000000    0       37        5 

 --------  End PYTHIA Particle Data Table  -----------------------------------------------------------------------------------------

 PYTHIA Warning in SimpleSpaceShower::pT2nextQCD: weight above unity  
 PYTHIA Warning in SimpleSpaceShower::pT2nextQCD: small daughter PDF  
 PYTHIA Error in BeamRemnants::setKinematics: kinematics construction failed  

 --------  LHA event information and listing  ---------------------------------------------------------------------- 

    process =   322200    weight =   1.0325e+02     scale =   3.8098e+00 (GeV) 
                        alpha_em =  -1.0000e+00    alpha_strong =   2.6775e-01

    Participating Particles 
    no        id stat     mothers     colours      p_x        p_y        p_z         e          m        tau    spin 
     1        -2   -1     0     0     0   512      0.000      0.000    133.468    133.468      0.000   0.000   9.000
     2         2   -1     0     0   514     0      0.000      0.000   -332.920    332.920      0.000   0.000   9.000
     3         6    2     1     2   511     0    -44.511      7.167    -13.897    173.366    166.824   0.000   9.000
     4        -6    2     1     2     0   513     44.406     -6.048   -187.242    258.141    171.956   0.000   9.000
     5        21    1     1     2   513   512      3.586     -2.668     17.785     18.338      0.000   0.000   9.000
     6        21    1     1     2   514   511     -3.481      1.549    -16.098     16.543      0.000   0.000   9.000
     7         5    1     3     3   511     0    -47.981     35.805     39.582     71.938      4.920   0.000  -1.000
     8        24    2     3     3     0     0      3.470    -28.638    -53.480    101.428     81.212   0.000   9.000
     9        -5    1     4     4     0   513     76.059     29.419    -71.983    108.886      4.920   0.000   1.000
    10       -24    2     4     4     0     0    -31.653    -35.467   -115.259    149.255     82.052   0.000   9.000
    11       -13    1     8     8     0     0     32.333     -9.796      4.393     34.068      0.106   0.000   1.000
    12        14    1     8     8     0     0    -28.863    -18.843    -57.872     67.359      0.000   0.000  -1.000
    13        11    1    10    10     0     0     -7.049    -26.034      3.869     27.247      0.001   0.000  -1.000
    14       -12    1    10    10     0     0    -24.604     -9.434   -119.128    122.008      0.000   0.000   1.000

 --------  End LHA event information and listing  ------------------------------------------------------------------ 

 --------  PYTHIA Info Listing  ---------------------------------------- 
 
 Beam A: id =   2212, pz =  6.500e+03, e =  6.500e+03, m =  9.383e-01.
 Beam B: id =   2212, pz = -6.500e+03, e =  6.500e+03, m =  9.383e-01.

 In 1: id =   -2, x =  2.053e-02, pdf =  0.000e+00 at Q2 =  1.451e+01.
 In 2: id =    2, x =  5.122e-02, pdf =  0.000e+00 at same Q2.

 Process Les Houches User Process(es) with code 9999 is 2 -> 4.
 Subprocess user process 322200 with code 322200 is 2 -> 4.
     alphaEM =  7.549e-03,  alphaS =  2.678e-01    at Q2 =  1.451e+01.

 Impact parameter b =  1.347e+00 gives enhancement factor =  1.249e-01.
 Max pT scale for MPI =  1.300e+04, ISR =  3.810e+00, FSR =  3.810e+00.
 Number of MPI =     3, ISR =     1, FSRproc =     1, FSRreson =     7.

 --------  End PYTHIA Info Listing  ------------------------------------

 --------  PYTHIA Event Listing  (hard process)  -----------------------------------------------------------------------------------
 
    no         id  name            status     mothers   daughters     colours      p_x        p_y        p_z         e          m 
     0         90  (system)           -11     0     0     0     0     0     0      0.000      0.000      0.000  13000.000  13000.000
     1       2212  (p+)               -12     0     0     3     0     0     0      0.000      0.000   6500.000   6500.000      0.938
     2       2212  (p+)               -12     0     0     4     0     0     0      0.000      0.000  -6500.000   6500.000      0.938
     3         -2  (ubar)             -21     1     0     5     8     0   512      0.000      0.000    133.468    133.468      0.000
     4          2  (u)                -21     2     0     5     8   514     0      0.000      0.000   -332.920    332.920      0.000
     5          6  (t)                -22     3     4     9    10   511     0    -44.511      7.167    -13.897    173.366    166.824
     6         -6  (tbar)             -22     3     4    11    12     0   513     44.406     -6.048   -187.242    258.141    171.956
     7         21  g                   23     3     4     0     0   513   512      3.586     -2.668     17.785     18.338      0.000
     8         21  g                   23     3     4     0     0   514   511     -3.481      1.549    -16.098     16.543      0.000
     9          5  b                   23     5     0     0     0   511     0    -47.981     35.805     39.582     71.938      4.920
    10         24  (W+)               -22     5     0    13    14     0     0      3.470    -28.638    -53.480    101.428     81.212
    11         -5  bbar                23     6     0     0     0     0   513     76.059     29.419    -71.983    108.886      4.920
    12        -24  (W-)               -22     6     0    15    16     0     0    -31.653    -35.467   -115.259    149.255     82.052
    13        -13  mu+                 23    10     0     0     0     0     0     32.333     -9.796      4.393     34.068      0.106
    14         14  nu_mu               23    10     0     0     0     0     0    -28.863    -18.843    -57.872     67.359      0.000
    15         11  e-                  23    12     0     0     0     0     0     -7.049    -26.034      3.869     27.247      0.001
    16        -12  nu_ebar             23    12     0     0     0     0     0    -24.604     -9.434   -119.128    122.008      0.000
                                   Charge sum:  0.000           Momentum sum:      0.000     -0.000   -199.452    466.388    421.589

 --------  End PYTHIA Event Listing  -----------------------------------------------------------------------------------------------

 --------  PYTHIA Event Listing  (complete event)  ---------------------------------------------------------------------------------
 
    no         id  name            status     mothers   daughters     colours      p_x        p_y        p_z         e          m 
     0         90  (system)           -11     0     0     0     0     0     0      0.000      0.000      0.000  13000.000  13000.000
     1       2212  (p+)               -12     0     0    27     0     0     0      0.000      0.000   6500.000   6500.000      0.938
     2       2212  (p+)               -12     0     0    28     0     0     0      0.000      0.000  -6500.000   6500.000      0.938
     3         -2  (ubar)             -21     9     0     5     8     0   512      0.000      0.000    133.468    133.468      0.000
     4          2  (u)                -21    10    10     5     8   514     0      0.000      0.000   -332.920    332.920      0.000
     5          6  (t)                -22     3     4    11    11   511     0    -44.511      7.167    -13.897    173.366    166.824
     6         -6  (tbar)             -22     3     4    12    12     0   513     44.406     -6.048   -187.242    258.141    171.956
     7         21  (g)                -23     3     4    13    13   513   512      3.586     -2.668     17.785     18.338      0.000
     8         21  (g)                -23     3     4    14    14   514   511     -3.481      1.549    -16.098     16.543      0.000
     9         -2  (ubar)             -41    27    27    15     3     0   515     -0.000      0.000    148.593    148.593      0.000
    10          2  (u)                -42    28    28     4     4   514     0      0.000      0.000   -332.920    332.920      0.000
    11          6  (t)                -44     5     5    29    29   511     0    -44.511      7.167    -13.897    173.366    166.824
    12         -6  (tbar)             -44     6     6    18    18     0   513     44.406     -6.048   -187.242    258.141    171.956
    13         21  (g)                -44     7     7    16    17   513   512      4.187     -2.078     31.291     31.638      0.000
    14         21  (g)                -44     8     8    32    32   514   511     -3.481      1.549    -16.098     16.543      0.000
    15         21  (g)                -43     9     0    33    33   512   515     -0.601     -0.590      1.619      1.825      0.000
    16         -3  (sbar)             -51    13     0    31    31     0   512      2.331     -0.258     19.764     19.909      0.500
    17          3  (s)                -51    13     0    34    34   513     0      1.864     -1.820     11.470     11.773      0.500
    18         -6  (tbar)             -52    12    12    30    30     0   513     44.398     -6.047   -187.184    258.098    171.956
    19         21  (g)                -31    35    35    21    22   519   518      0.000      0.000    529.136    529.136      0.000
    20         -3  (sbar)             -31    36    36    21    22     0   517      0.000      0.000     -0.016      0.016      0.000
    21         21  (g)                -33    19    20    37    37   519   517      0.591     -0.089    519.631    519.631      0.000
    22         -3  (sbar)             -33    19    20    38    38     0   518     -0.591      0.089      9.489      9.521      0.500
    23         21  (g)                -31    39    39    25    26   522   521      0.000      0.000      0.010      0.010      0.000
    24         -3  (sbar)             -31    40    40    25    26     0   520      0.000      0.000   -142.918    142.918      0.000
    25         21  (g)                -33    23    24    41    41   522   520     -0.374     -0.119     -3.996      4.015      0.000
    26         -3  (sbar)             -33    23    24    42    42     0   521      0.374      0.119   -138.912    138.913      0.500
    27         -2  (ubar)             -61     1     0     9     9     0   515      4.321      0.041    148.565    148.628      0.000
    28          2  (u)                -61     2     0    10    10   515     0     -1.135      0.569   -332.897    332.899      0.000
    29          6  (t)                -62    11    11    51    52   511     0    -42.510      7.348    -13.178    172.815    166.824
    30         -6  (tbar)             -62    18    18    65    66     0   513     44.668     -5.656   -187.901    258.656    171.956
    31         -3  (sbar)             -62    16    16   134   134     0   512      2.907     -0.253     19.722     19.943      0.500
    32         21  (g)                -62    14    14   130   130   514   511     -3.530      1.577    -16.039     16.499      0.000
    33         21  (g)                -62    15    15   133   133   512   519     -0.551     -0.589      1.628      1.817      0.000
    34          3  (s)                -62    17    17   111   111   513     0      2.202     -1.817     11.436     11.798      0.500
    35         21  (g)                -61     1     0    19    19   517   518     -0.566     -0.392    531.990    531.990      0.000
    36         -3  (sbar)             -61     2     0    20    20     0   517     -0.744      0.343     10.272     10.305      0.000
    37         21  (g)                -62    21    21   132   132   519   515      0.043     -0.459    508.077    508.077      0.000
    38         -3  (sbar)             -62    22    22    93    93     0   518     -1.353      0.411     34.185     34.218      0.500
    39         21  (g)                -61     1     0    23    23   515   517     -0.450     -0.297     -6.822      6.843      0.000
    40         -3  (sbar)             -61     2     0    24    24     0   515     -0.053      0.018   -140.024    140.024      0.000
    41         21  (g)                -62    25    25   131   131   515   514     -0.797     -0.394    -19.868     19.888      0.000
    42         -3  (sbar)             -62    26    26    88    88     0   517      0.295      0.114   -126.979    126.980      0.500
    43       2203  (uu_1)             -63     1     0    85    85     0   523     -1.105      0.454   3232.536   3232.536      0.771
    44          1  (d)                -63     1     0    92    92   518     0     -1.212      0.210    928.910    928.911      0.330
    45          2  (u)                -63     1     0    84    84   523     0     -0.988     -0.017   1647.603   1647.604      0.330
    46          2  (u)                -63     2     0    87    87   517     0      0.223      0.085  -3650.125   3650.125      0.330
    47       2101  (ud_0)             -63     2     0    82    82     0   527      0.483      0.010   -925.399    925.400      0.579
    48         -2  (ubar)             -63     2     0    99    99     0   528      0.095     -0.596   -668.270    668.271      0.330
    49          3  (s)                -63     2     0    98    98   528     0      0.649     -0.577     -3.959      4.084      0.500
    50          3  (s)                -63     2     0    81    81   527     0      0.482      0.149   -772.379    772.380      0.500
    51          5  (b)                -23    29     0    53    54   511     0    -47.151     35.880     39.881     71.591      4.920
    52         24  (W+)               -22    29     0    55    55     0     0      4.641    -28.532    -53.058    101.223     81.212
    53          5  (b)                -51    51     0    58    58   532     0    -45.712     35.866     39.293     70.314      4.920
    54         21  (g)                -51    51     0    56    57   511   532     -1.356     -0.111      0.395      1.417      0.000
    55         24  (W+)               -52    52    52    73    74     0     0      4.558    -28.407    -52.866    101.084     81.212
    56         21  (g)                -51    54     0    59    60   533   532     -4.043      1.219      2.291      4.804      0.000
    57         21  (g)                -51    54     0    62    63   511   533     -1.291      1.893      1.590      2.789      0.000
    58          5  (b)                -52    53    53    61    61   532     0    -41.734     32.642     35.807     64.137      4.920
    59         21  (g)                -51    56     0    64    64   533   535     -2.674      0.648      1.307      3.046      0.000
    60         21  (g)                -51    56     0    80     0   535   532     -5.143      3.822      4.404      7.775      0.000
    61          5  (b)                -52    58    58    80     0   532     0    -37.960     29.392     32.388     58.121      4.920
    62         21  (g)                -51    57     0   129   129   511   536     -2.716      2.399      2.396      4.344      0.000
    63         21  (g)                -51    57     0   128   128   536   533     -0.097     -0.137     -0.062      0.179      0.000
    64         21  (g)                -52    59    59   127   127   533   535     -1.152      0.279      0.563      1.312      0.000
    65         -5  (bbar)             -23    30     0    67    68     0   513     76.170     29.585    -72.261    109.192      4.920
    66        -24  (W-)               -22    30     0    69    69     0     0    -31.502    -35.241   -115.640    149.464     82.052
    67         -5  (bbar)             -51    65     0    72    72     0   537     75.301     27.719    -70.690    107.051      4.920
    68         21  (g)                -51    65     0    70    71   537   513      0.492      1.607     -1.929      2.558      0.000
    69        -24  (W-)               -52    66    66    75    76     0     0    -31.126    -34.982   -115.282    149.047     82.052
    70         21  (g)                -51    68     0   112   112   538   513      1.595      0.166     -0.420      1.658      0.000
    71         21  (g)                -51    68     0   113   113   537   538      4.309      3.387     -6.542      8.534      0.000
    72         -5  (bbar)             -52    67    67   114   114     0   537     69.889     25.773    -65.657     99.417      4.920
    73        -13  mu+                 23    55     0     0     0     0     0     32.701     -9.717      4.600     34.423      0.106
    74         14  nu_mu               23    55     0     0     0     0     0    -28.143    -18.689    -57.466     66.661      0.000
    75         11  (e-)               -23    69     0    77    78     0     0     -6.953    -25.945      3.865     27.137      0.001
    76        -12  (nu_ebar)          -23    69     0    79    79     0     0    -24.172     -9.037   -119.147    121.909      0.000
    77         11  e-                  51    75     0     0     0     0     0     -6.953    -25.945      3.865     27.137      0.001
    78         22  gamma               51    75     0     0     0     0     0      0.000     -0.000     -0.000      0.000      0.000
    79        -12  nu_ebar             52    76    76     0     0     0     0    -24.172     -9.037   -119.147    121.909      0.000
    80          5  (b)                -73    61    60   126   126   535     0    -43.103     33.214     36.792     65.895      5.254
    81          3  (s)                -71    50    50    83    83   527     0      0.482      0.149   -772.379    772.380      0.500
    82       2101  (ud_0)             -71    47    47    83    83     0   527      0.483      0.010   -925.399    925.400      0.579
    83       3122  Lambda0             81    81    82     0     0     0     0      0.966      0.159  -1697.779   1697.779      1.116
    84          2  (u)                -72    45    45    86    86   523     0     -0.988     -0.017   1647.603   1647.604      0.330
    85       2203  (uu_1)             -72    43    43    86    86     0   523     -1.105      0.454   3232.536   3232.536      0.771
    86       2224  (Delta++)          -81    84    85   163   164     0     0     -2.093      0.437   4880.139   4880.140      1.192
    87          2  (u)                -72    46    46    89    91   517     0      0.223      0.085  -3650.125   3650.125      0.330
    88         -3  (sbar)             -72    42    42    89    91     0   517      0.295      0.114   -126.979    126.980      0.500
    89        211  pi+                 83    87    88     0     0     0     0     -0.420     -0.068  -1544.074   1544.074      0.140
    90        111  (pi0)              -84    87    88   201   202     0     0      1.145      0.390  -1751.020   1751.020      0.135
    91        313  (K*0)              -84    87    88   165   166     0     0     -0.207     -0.123   -482.010    482.011      0.907
    92          1  (d)                -71    44    44    94    97   518     0     -1.212      0.210    928.910    928.911      0.330
    93         -3  (sbar)             -71    38    38    94    97     0   518     -1.353      0.411     34.185     34.218      0.500
    94       3212  (Sigma0)           -83    92    93   203   204     0     0     -1.560      0.070    763.604    763.606      1.193
    95      -3222  (Sigmabar-)        -83    92    93   205   206     0     0     -0.218      0.565    103.673    103.681      1.189
    96        221  (eta)              -83    92    93   207   209     0     0      0.170     -0.126     52.342     52.346      0.548
    97        323  (K*+)              -84    92    93   167   168     0     0     -0.958      0.112     43.477     43.496      0.868
    98          3  (s)                -71    49    49   100   110   528     0      0.649     -0.577     -3.959      4.084      0.500
    99         -2  (ubar)             -71    48    48   100   110     0   528      0.095     -0.596   -668.270    668.271      0.330
   100       -311  (Kbar0)            -83    98    99   169   169     0     0      0.400      0.121     -7.040      7.070      0.498
   101       -211  pi-                 83    98    99     0     0     0     0     -0.135     -0.345     -7.656      7.667      0.140
   102        321  K+                  83    98    99     0     0     0     0      0.079      0.145     -4.977      5.004      0.494
   103       -323  (K*-)              -83    98    99   170   171     0     0     -0.278      0.022    -22.962     22.981      0.886
   104        211  pi+                 83    98    99     0     0     0     0      0.365     -0.564    -12.500     12.519      0.140
   105       -213  (rho-)             -84    98    99   172   173     0     0     -0.080     -0.206    -86.597     86.601      0.801
   106        223  (omega)            -84    98    99   210   212     0     0      0.497     -0.291   -141.075    141.078      0.795
   107        211  pi+                 84    98    99     0     0     0     0     -0.237     -0.041    -10.545     10.548      0.140
   108       -211  pi-                 84    98    99     0     0     0     0      0.027      0.495    -19.480     19.487      0.140
   109        111  (pi0)              -84    98    99   213   214     0     0      0.145     -0.214   -111.812    111.812      0.135
   110        113  (rho0)             -84    98    99   174   175     0     0     -0.040     -0.296   -247.584    247.586      0.950
   111          3  (s)                -71    34    34   115   125   513     0      2.202     -1.817     11.436     11.798      0.500
   112         21  (g)                -71    70    70   115   125   538   513      1.595      0.166     -0.420      1.658      0.000
   113         21  (g)                -71    71    71   115   125   537   538      4.309      3.387     -6.542      8.534      0.000
   114         -5  (bbar)             -71    72    72   115   125     0   537     69.889     25.773    -65.657     99.417      4.920
   115       -311  (Kbar0)            -83   111   114   176   176     0     0      0.395     -0.538      3.298      3.401      0.498
   116       -211  pi-                 83   111   114     0     0     0     0      1.240     -0.445      2.865      3.156      0.140
   117        211  pi+                 83   111   114     0     0     0     0      0.094      0.226      1.154      1.188      0.140
   118        311  (K0)               -83   111   114   177   177     0     0      0.378     -0.596      0.838      1.203      0.498
   119       -321  K-                  83   111   114     0     0     0     0      0.379     -0.548      2.475      2.610      0.494
   120        211  pi+                 84   111   114     0     0     0     0      0.869      0.492      0.408      1.088      0.140
   121        311  (K0)               -84   111   114   178   178     0     0      0.050      0.444      0.028      0.669      0.498
   122       -313  (K*bar0)           -84   111   114   179   180     0     0      3.316      1.268     -4.318      5.659      0.881
   123        111  (pi0)              -84   111   114   215   216     0     0      2.102      0.924     -1.707      2.865      0.135
   124       -213  (rho-)             -84   111   114   181   182     0     0      4.438      1.832     -5.544      7.383      0.849
   125        521  (B+)               -84   111   114   217   220     0     0     64.733     24.449    -60.678     92.184      5.279
   126          5  (b)                -71    80    80   135   162   535     0    -43.103     33.214     36.792     65.895      5.254
   127         21  (g)                -71    64    64   135   162   533   535     -1.152      0.279      0.563      1.312      0.000
   128         21  (g)                -71    63    63   135   162   536   533     -0.097     -0.137     -0.062      0.179      0.000
   129         21  (g)                -71    62    62   135   162   511   536     -2.716      2.399      2.396      4.344      0.000
   130         21  (g)                -71    32    32   135   162   514   511     -3.530      1.577    -16.039     16.499      0.000
   131         21  (g)                -71    41    41   135   162   515   514     -0.797     -0.394    -19.868     19.888      0.000
   132         21  (g)                -71    37    37   135   162   519   515      0.043     -0.459    508.077    508.077      0.000
   133         21  (g)                -71    33    33   135   162   512   519     -0.551     -0.589      1.628      1.817      0.000
   134         -3  (sbar)             -71    31    31   135   162     0   512      2.907     -0.253     19.722     19.943      0.500
   135       -511  (Bbar0)            -83   126   134   221   223     0     0    -38.725     29.495     32.719     58.890      5.280
   136        221  (eta)              -83   126   134   224   225     0     0     -1.168      0.534      0.724      1.572      0.548
   137       -211  pi-                 83   126   134     0     0     0     0     -2.555      2.307      2.091      4.030      0.140
   138        221  (eta)              -83   126   134   226   228     0     0     -2.925      2.242      3.072      4.829      0.548
   139       3224  (Sigma*+)          -83   126   134   183   184     0     0     -1.086      1.034      0.264      2.076      1.411
   140      -3222  (Sigmabar-)        -83   126   134   229   230     0     0     -0.540      0.459     -1.240      1.859      1.189
   141        321  K+                  83   126   134     0     0     0     0     -1.335     -0.005     -1.172      1.843      0.494
   142       -321  K-                  83   126   134     0     0     0     0     -0.993      0.826    -10.385     10.477      0.494
   143        211  pi+                 83   126   134     0     0     0     0     -0.271     -0.261     -1.342      1.401      0.140
   144        113  (rho0)             -83   126   134   185   186     0     0     -1.445      0.664    -10.527     10.682      0.882
   145        221  (eta)              -83   126   134   231   232     0     0     -0.474     -0.121     -2.757      2.853      0.548
   146        331  (eta')             -83   126   134   233   235     0     0      0.031     -0.332     -7.379      7.448      0.958
   147        313  (K*0)              -83   126   134   187   188     0     0      0.151      0.489      2.076      2.317      0.891
   148       -313  (K*bar0)           -84   126   134   189   190     0     0     -0.460     -0.049      4.313      4.431      0.903
   149       -211  pi-                 84   126   134     0     0     0     0      1.070     -0.216     10.676     10.733      0.140
   150       2212  p+                  84   126   134     0     0     0     0     -0.440     -0.046     52.292     52.302      0.938
   151        211  pi+                 84   126   134     0     0     0     0     -0.157     -0.346    124.634    124.635      0.140
   152      -2224  (Deltabar--)       -84   126   134   191   192     0     0      0.093      0.158     61.606     61.620      1.314
   153        111  (pi0)              -84   126   134   236   237     0     0     -0.522     -0.076    113.901    113.903      0.135
   154       2212  p+                  84   126   134     0     0     0     0      0.579     -0.229     57.628     57.639      0.938
   155      -2212  pbar-               84   126   134     0     0     0     0     -0.526      0.181     29.957     29.977      0.938
   156        323  (K*+)              -84   126   134   193   194     0     0      0.279     -0.224     34.308     34.321      0.869
   157       -311  (Kbar0)            -84   126   134   195   195     0     0      0.039     -0.254      7.735      7.755      0.498
   158       -211  pi-                 84   126   134     0     0     0     0     -0.146     -0.155      4.951      4.958      0.140
   159        213  (rho+)             -84   126   134   196   197     0     0     -0.037     -0.277      5.584      5.618      0.553
   160        111  (pi0)              -84   126   134   238   239     0     0     -0.198      0.077      0.389      0.463      0.135
   161       -211  pi-                 84   126   134     0     0     0     0      0.811     -0.212      8.608      8.650      0.140
   162        321  K+                  84   126   134     0     0     0     0      1.955     -0.026     10.479     10.671      0.494
   163       2212  p+                  91    86     0     0     0     0     0     -1.969      0.284   4279.208   4279.208      0.938
   164        211  pi+                 91    86     0     0     0     0     0     -0.124      0.154    600.932    600.932      0.140
   165        321  K+                  91    91     0     0     0     0     0     -0.162      0.170   -378.084    378.084      0.494
   166       -211  pi-                 91    91     0     0     0     0     0     -0.045     -0.293   -103.927    103.927      0.140
   167        311  (K0)               -91    97     0   198   198     0     0     -0.747      0.336     31.224     31.239      0.498
   168        211  pi+                 91    97     0     0     0     0     0     -0.211     -0.224     12.253     12.257      0.140
   169        310  K_S0                91   100   100     0     0     0     0      0.400      0.121     -7.040      7.070      0.498
   170       -311  (Kbar0)            -91   103     0   199   199     0     0      0.013      0.034    -18.655     18.662      0.498
   171       -211  pi-                 91   103     0     0     0     0     0     -0.291     -0.012     -4.307      4.319      0.140
   172       -211  pi-                 91   105     0     0     0     0     0     -0.139     -0.374    -77.787     77.788      0.140
   173        111  (pi0)              -91   105     0   240   241     0     0      0.059      0.168     -8.810      8.813      0.135
   174        211  pi+                 91   110     0     0     0     0     0      0.113     -0.108   -227.101    227.102      0.140
   175       -211  pi-                 91   110     0     0     0     0     0     -0.152     -0.188    -20.483     20.485      0.140
   176        310  K_S0                91   115   115     0     0     0     0      0.395     -0.538      3.298      3.401      0.498
   177        130  K_L0                91   118   118     0     0     0     0      0.378     -0.596      0.838      1.203      0.498
   178        310  (K_S0)             -91   121   121   242   243     0     0      0.050      0.444      0.028      0.669      0.498
   179       -321  K-                  91   122     0     0     0     0     0      2.541      1.181     -3.610      4.596      0.494
   180        211  pi+                 91   122     0     0     0     0     0      0.775      0.087     -0.708      1.063      0.140
   181       -211  pi-                 91   124     0     0     0     0     0      1.630      1.036     -1.909      2.719      0.140
   182        111  (pi0)              -91   124     0   244   245     0     0      2.808      0.795     -3.635      4.664      0.135
   183       3122  Lambda0             91   139     0     0     0     0     0     -0.962      0.861     -0.004      1.706      1.116
   184        211  pi+                 91   139     0     0     0     0     0     -0.125      0.174      0.268      0.370      0.140
   185        211  pi+                 91   144     0     0     0     0     0     -0.985      0.720     -5.655      5.787      0.140
   186       -211  pi-                 91   144     0     0     0     0     0     -0.460     -0.057     -4.871      4.895      0.140
   187        321  K+                  91   147     0     0     0     0     0      0.174      0.029      1.317      1.418      0.494
   188       -211  pi-                 91   147     0     0     0     0     0     -0.023      0.460      0.759      0.899      0.140
   189       -321  K-                  91   148     0     0     0     0     0     -0.197     -0.285      2.077      2.162      0.494
   190        211  pi+                 91   148     0     0     0     0     0     -0.263      0.236      2.236      2.268      0.140
   191      -2212  pbar-               91   152     0     0     0     0     0      0.209     -0.145     46.591     46.601      0.938
   192       -211  pi-                 91   152     0     0     0     0     0     -0.116      0.303     15.014     15.018      0.140
   193        311  (K0)               -91   156     0   200   200     0     0      0.261      0.041     15.071     15.081      0.498
   194        211  pi+                 91   156     0     0     0     0     0      0.018     -0.264     19.238     19.240      0.140
   195        310  K_S0                91   157   157     0     0     0     0      0.039     -0.254      7.735      7.755      0.498
   196        211  pi+                 91   159     0     0     0     0     0      0.021     -0.186      0.863      0.894      0.140
   197        111  (pi0)              -91   159     0   246   247     0     0     -0.057     -0.091      4.721      4.724      0.135
   198        310  K_S0                91   167   167     0     0     0     0     -0.747      0.336     31.224     31.239      0.498
   199        130  K_L0                91   170   170     0     0     0     0      0.013      0.034    -18.655     18.662      0.498
   200        130  K_L0                91   193   193     0     0     0     0      0.261      0.041     15.071     15.081      0.498
   201         22  gamma               91    90     0     0     0     0     0      0.157      0.006   -217.084    217.084      0.000
   202         22  gamma               91    90     0     0     0     0     0      0.988      0.383  -1533.936   1533.936      0.000
   203       3122  Lambda0             91    94     0     0     0     0     0     -1.426      0.020    725.702    725.705      1.116
   204         22  gamma               91    94     0     0     0     0     0     -0.134      0.050     37.901     37.902      0.000
   205      -2212  pbar-               91    95     0     0     0     0     0     -0.188      0.354     93.062     93.068      0.938
   206        111  (pi0)              -91    95     0   248   249     0     0     -0.030      0.211     10.610     10.613      0.135
   207        111  (pi0)              -91    96     0   250   251     0     0     -0.061     -0.091     13.538     13.539      0.135
   208        111  (pi0)              -91    96     0   252   253     0     0      0.095      0.040     25.664     25.664      0.135
   209        111  (pi0)              -91    96     0   254   255     0     0      0.136     -0.075     13.141     13.142      0.135
   210        211  pi+                 91   106     0     0     0     0     0     -0.077      0.003    -35.332     35.332      0.140
   211       -211  pi-                 91   106     0     0     0     0     0      0.427     -0.077    -81.234     81.235      0.140
   212        111  (pi0)              -91   106     0   256   257     0     0      0.147     -0.217    -24.509     24.511      0.135
   213         22  gamma               91   109     0     0     0     0     0      0.041     -0.158    -49.521     49.522      0.000
   214         22  gamma               91   109     0     0     0     0     0      0.104     -0.056    -62.291     62.291      0.000
   215         22  gamma               91   123     0     0     0     0     0      1.991      0.884     -1.581      2.692      0.000
   216         22  gamma               91   123     0     0     0     0     0      0.111      0.040     -0.126      0.173      0.000
   217        433  (D*_s+)            -91   125     0   258   259     0     0     18.595      6.419    -17.123     26.165      2.112
   218       -421  (Dbar0)            -91   125     0   260   261     0     0     30.376     11.704    -29.155     43.740      1.865
   219        211  pi+                 91   125     0     0     0     0     0     10.856      4.074     -9.643     15.082      0.140
   220       -211  pi-                 91   125     0     0     0     0     0      4.907      2.252     -4.758      7.197      0.140
   221        -14  nu_mubar            91   135     0     0     0     0     0     -7.482      6.654      6.710     12.053      0.000
   222         13  mu-                 91   135     0     0     0     0     0    -15.028     12.306     14.555     24.272      0.106
   223        413  (D*+)              -91   135     0   262   263     0     0    -16.215     10.535     11.455     22.565      2.010
   224         22  gamma               91   136     0     0     0     0     0     -0.050     -0.096      0.023      0.110      0.000
   225         22  gamma               91   136     0     0     0     0     0     -1.118      0.629      0.702      1.462      0.000
   226        111  (pi0)              -91   138     0   264   265     0     0     -0.553      0.598      0.707      1.087      0.135
   227        111  (pi0)              -91   138     0   266   267     0     0     -1.453      1.036      1.478      2.322      0.135
   228        111  (pi0)              -91   138     0   268   269     0     0     -0.919      0.608      0.886      1.421      0.135
   229      -2212  pbar-               91   140     0     0     0     0     0     -0.479      0.556     -1.167      1.667      0.938
   230        111  (pi0)              -91   140     0   270   271     0     0     -0.061     -0.096     -0.073      0.191      0.135
   231         22  gamma               91   145     0     0     0     0     0     -0.395      0.105     -1.003      1.083      0.000
   232         22  gamma               91   145     0     0     0     0     0     -0.080     -0.226     -1.754      1.770      0.000
   233        211  pi+                 91   146     0     0     0     0     0      0.091      0.012     -1.483      1.492      0.140
   234       -211  pi-                 91   146     0     0     0     0     0     -0.075     -0.214     -1.430      1.454      0.140
   235        221  (eta)              -91   146     0   272   274     0     0      0.014     -0.129     -4.467      4.502      0.548
   236         22  gamma               91   153     0     0     0     0     0     -0.012      0.022      4.883      4.883      0.000
   237         22  gamma               91   153     0     0     0     0     0     -0.510     -0.098    109.019    109.020      0.000
   238         22  gamma               91   160     0     0     0     0     0     -0.173      0.038      0.193      0.262      0.000
   239         22  gamma               91   160     0     0     0     0     0     -0.025      0.039      0.196      0.202      0.000
   240         22  gamma               91   173     0     0     0     0     0     -0.018      0.026     -3.969      3.969      0.000
   241         22  gamma               91   173     0     0     0     0     0      0.077      0.143     -4.842      4.844      0.000
   242        211  pi+                 91   178     0     0     0     0     0      0.088      0.472     -0.051      0.503      0.140
   243       -211  pi-                 91   178     0     0     0     0     0     -0.038     -0.028      0.078      0.167      0.140
   244         22  gamma               91   182     0     0     0     0     0      0.285      0.081     -0.437      0.528      0.000
   245         22  gamma               91   182     0     0     0     0     0      2.523      0.715     -3.198      4.136      0.000
   246         22  gamma               91   197     0     0     0     0     0      0.032     -0.002      0.399      0.401      0.000
   247         22  gamma               91   197     0     0     0     0     0     -0.090     -0.089      4.321      4.323      0.000
   248         22  gamma               91   206     0     0     0     0     0     -0.004     -0.018      0.426      0.426      0.000
   249         22  gamma               91   206     0     0     0     0     0     -0.026      0.229     10.184     10.187      0.000
   250         22  gamma               91   207     0     0     0     0     0      0.036     -0.062      6.406      6.406      0.000
   251         22  gamma               91   207     0     0     0     0     0     -0.097     -0.029      7.132      7.133      0.000
   252         22  gamma               91   208     0     0     0     0     0      0.060     -0.038      6.889      6.890      0.000
   253         22  gamma               91   208     0     0     0     0     0      0.034      0.078     18.774     18.775      0.000
   254         22  gamma               91   209     0     0     0     0     0      0.014      0.014      0.259      0.260      0.000
   255         22  gamma               91   209     0     0     0     0     0      0.123     -0.089     12.881     12.882      0.000
   256         22  gamma               91   212     0     0     0     0     0      0.002     -0.044     -1.424      1.425      0.000
   257         22  gamma               91   212     0     0     0     0     0      0.145     -0.174    -23.084     23.086      0.000
   258        431  (D_s+)             -91   217     0   275   277     0     0     18.252      6.253    -16.668     25.572      1.968
   259         22  gamma               91   217     0     0     0     0     0      0.343      0.166     -0.455      0.593      0.000
   260        323  (K*+)              -91   218     0   278   279     0     0     21.198      8.374    -20.506     30.671      0.860
   261       -213  (rho-)             -91   218     0   280   281     0     0      9.178      3.330     -8.649     13.069      0.815
   262        421  (D0)               -91   223     0   282   283     0     0    -14.918      9.725     10.523     20.768      1.865
   263        211  pi+                 91   223     0     0     0     0     0     -1.297      0.810      0.933      1.797      0.140
   264         22  gamma               91   226     0     0     0     0     0     -0.005      0.025      0.054      0.059      0.000
   265         22  gamma               91   226     0     0     0     0     0     -0.548      0.573      0.654      1.028      0.000
   266         22  gamma               91   227     0     0     0     0     0     -0.141      0.071      0.094      0.183      0.000
   267         22  gamma               91   227     0     0     0     0     0     -1.313      0.965      1.385      2.138      0.000
   268         22  gamma               91   228     0     0     0     0     0     -0.729      0.448      0.622      1.058      0.000
   269         22  gamma               91   228     0     0     0     0     0     -0.190      0.160      0.264      0.363      0.000
   270         22  gamma               91   230     0     0     0     0     0     -0.051      0.023     -0.020      0.060      0.000
   271         22  gamma               91   230     0     0     0     0     0     -0.010     -0.120     -0.053      0.132      0.000
   272        111  (pi0)              -91   235     0   284   285     0     0      0.038     -0.070     -0.615      0.634      0.135
   273        111  (pi0)              -91   235     0   286   287     0     0      0.040     -0.121     -1.919      1.928      0.135
   274        111  (pi0)              -91   235     0   288   289     0     0     -0.064      0.061     -1.933      1.940      0.135
   275        -13  mu+                 91   258     0     0     0     0     0      1.851      0.534     -1.710      2.578      0.106
   276         14  nu_mu               91   258     0     0     0     0     0      1.652      0.651     -2.143      2.783      0.000
   277        333  (phi)              -91   258     0   290   291     0     0     14.750      5.068    -12.815     20.211      1.020
   278        321  K+                  91   260     0     0     0     0     0     16.576      6.397    -15.714     23.725      0.494
   279        111  (pi0)              -91   260     0   292   293     0     0      4.622      1.976     -4.792      6.946      0.135
   280       -211  pi-                 91   261     0     0     0     0     0      4.202      1.928     -4.014      6.124      0.140
   281        111  (pi0)              -91   261     0   294   295     0     0      4.976      1.402     -4.635      6.944      0.135
   282       -313  (K*bar0)           -91   262     0   296   297     0     0    -10.901      6.568      7.775     14.942      0.910
   283        221  (eta)              -91   262     0   298   300     0     0     -4.017      3.157      2.748      5.827      0.548
   284         22  gamma               91   272     0     0     0     0     0      0.081     -0.060     -0.527      0.536      0.000
   285         22  gamma               91   272     0     0     0     0     0     -0.042     -0.010     -0.088      0.098      0.000
   286         22  gamma               91   273     0     0     0     0     0     -0.002     -0.017     -1.212      1.212      0.000
   287         22  gamma               91   273     0     0     0     0     0      0.043     -0.104     -0.706      0.715      0.000
   288         22  gamma               91   274     0     0     0     0     0     -0.056      0.104     -1.475      1.480      0.000
   289         22  gamma               91   274     0     0     0     0     0     -0.008     -0.042     -0.458      0.460      0.000
   290        130  K_L0                91   277     0     0     0     0     0      8.850      3.040     -7.622     12.079      0.498
   291        310  K_S0                91   277     0     0     0     0     0      5.899      2.028     -5.194      8.133      0.498
   292         22  gamma               91   279     0     0     0     0     0      2.736      1.098     -2.799      4.065      0.000
   293         22  gamma               91   279     0     0     0     0     0      1.886      0.878     -1.992      2.881      0.000
   294         22  gamma               91   281     0     0     0     0     0      2.984      0.892     -2.851      4.222      0.000
   295         22  gamma               91   281     0     0     0     0     0      1.992      0.510     -1.784      2.722      0.000
   296       -321  K-                  91   282     0     0     0     0     0     -4.219      2.753      3.206      5.992      0.494
   297        211  pi+                 91   282     0     0     0     0     0     -6.682      3.815      4.569      8.950      0.140
   298        111  (pi0)              -91   283     0   301   302     0     0     -1.311      0.980      0.738      1.801      0.135
   299        111  (pi0)              -91   283     0   303   304     0     0     -1.054      0.847      0.889      1.624      0.135
   300        111  (pi0)              -91   283     0   305   306     0     0     -1.651      1.329      1.121      2.402      0.135
   301         22  gamma               91   298     0     0     0     0     0     -0.206      0.097      0.111      0.253      0.000
   302         22  gamma               91   298     0     0     0     0     0     -1.105      0.884      0.627      1.548      0.000
   303         22  gamma               91   299     0     0     0     0     0     -0.409      0.354      0.281      0.609      0.000
   304         22  gamma               91   299     0     0     0     0     0     -0.646      0.493      0.608      1.015      0.000
   305         22  gamma               91   300     0     0     0     0     0     -0.343      0.348      0.247      0.548      0.000
   306         22  gamma               91   300     0     0     0     0     0     -1.308      0.981      0.874      1.854      0.000
                                   Charge sum:  2.000           Momentum sum:      0.000     -0.000     -0.000  13000.000  13000.000

 --------  End PYTHIA Event Listing  -----------------------------------------------------------------------------------------------
#--------------------------------------------------------------------------
#                     FastJet release 3.4.0 [fjcore]
#                 M. Cacciari, G.P. Salam and G. Soyez                  
#     A software package for jet finding and analysis at colliders      
#                           http://fastjet.fr                           
#	                                                                      
# Please cite EPJC72(2012)1896 [arXiv:1111.6097] if you use this package
# for scientific work and optionally PLB641(2006)57 [hep-ph/0512210].   
#                                                                       
# FastJet is provided without warranty under the GNU GPL v2 or higher.  
# It uses T. Chan's closest pair algorithm, S. Fortune's Voronoi code
# and 3rd party plugin jet algorithms. See COPYING file for details.
#--------------------------------------------------------------------------
 PYTHIA Warning in StringFragmentation::fragmentToJunction: bad convergence junction rest frame  
 PYTHIA Warning in SimpleTimeShower::pTnext: negative dipole mass.  
 PYTHIA Warning in SimpleTimeShower::findMEcorr: ME weight above PS one  
 PYTHIA Warning in ColConfig::collect: negative-energy parton encountered  
 PYTHIA Error in Pythia::check: unmatched particle energy/momentum/mass  
 PYTHIA Error in Pythia::next: check of event revealed problems  

 Pythia::next(): 1000 events have been generated 
 PYTHIA Error in SimpleSpaceShower::pT2nearThreshold: stuck in loop  

 Pythia::next(): 2000 events have been generated 
 PYTHIA Warning in MultipartonInteractions::pTnext: weight above unity  

 Pythia::next(): 3000 events have been generated 

 Pythia::next(): 4000 events have been generated 

 Pythia::next(): 5000 events have been generated 

 Pythia::next(): 6000 events have been generated 
 PYTHIA Error in StringFragmentation::fragment: stuck in joining  
 PYTHIA Error in Pythia::next: hadronLevel failed; try again  
 PYTHIA Warning in Pythia::check: energy-momentum not quite conserved  

 Pythia::next(): 7000 events have been generated 
 PYTHIA Warning in HadronWidths::pickMasses: angular momentum and running widths not used  

 Pythia::next(): 8000 events have been generated 

 Pythia::next(): 9000 events have been generated 

 *-------  PYTHIA Event and Cross Section Statistics  -------------------------------------------------------------*
 |                                                                                                                 |
 | Subprocess                                    Code |            Number of events       |      sigma +- delta    |
 |                                                    |       Tried   Selected   Accepted |     (estimated) (mb)   |
 |                                                    |                                   |                        |
 |-----------------------------------------------------------------------------------------------------------------|
 |                                                    |                                   |                        |
 | Les Houches User Process(es)                  9999 |       10000      10000      10000 |   8.297e-08  0.000e+00 |
 |    ... whereof user classification code     322200 |       10000      10000      10000 |                        | 
 |                                                    |                                   |                        |
 | sum                                                |       10000      10000      10000 |   8.297e-08  0.000e+00 |
 |                                                                                                                 |
 *-------  End PYTHIA Event and Cross Section Statistics ----------------------------------------------------------*

 *-------  PYTHIA Error and Warning Messages Statistics  ----------------------------------------------------------* 
 |                                                                                                                 | 
 |  times   message                                                                                                | 
 |                                                                                                                 | 
 |     11   Error in BeamRemnants::setKinematics: kinematics construction failed                                   | 
 |     28   Error in Pythia::check: unmatched particle energy/momentum/mass                                        | 
 |      3   Error in Pythia::next: check of event revealed problems                                                | 
 |      4   Error in Pythia::next: hadronLevel failed; try again                                                   | 
 |     29   Error in SimpleSpaceShower::pT2nearThreshold: stuck in loop                                            | 
 |      4   Error in StringFragmentation::fragment: stuck in joining                                               | 
 |      4   Warning in ColConfig::collect: negative-energy parton encountered                                      | 
 |      3   Warning in HadronWidths::pickMasses: angular momentum and running widths not used                      | 
 |      3   Warning in MultipartonInteractions::pTnext: weight above unity                                         | 
 |      1   Warning in Pythia::check: energy-momentum not quite conserved                                          | 
 |   4658   Warning in SimpleSpaceShower::pT2nextQCD: small daughter PDF                                           | 
 |   3649   Warning in SimpleSpaceShower::pT2nextQCD: weight above unity                                           | 
 |    103   Warning in SimpleTimeShower::findMEcorr: ME weight above PS one                                        | 
 |     29   Warning in SimpleTimeShower::pTnext: negative dipole mass.                                             | 
 |     26   Warning in StringFragmentation::fragmentToJunction: bad convergence junction rest frame                | 
 |      2   Warning in TimeShower::init: pTmin too low                                                             | 
 |                                                                                                                 | 
 *-------  End PYTHIA Error and Warning Messages Statistics  ------------------------------------------------------* 
Using LHE File: /nfs/dust/cms/user/amoroso/powheg/POWHEG-BOX-V2/ttJ_MiNNLOPS_v1.0_beta1/decay-ll/pwgevents-0149.lhe
less then 10000 events in LHE, using all LHE events
np.shape(P0) = (10000, 3, 9)
np.shape(nJets) = (10000, 2)
np.shape(jets_4vectors) = (10000, 20, 6)
