Configured CUDA from: /cvmfs/sft.cern.ch/lcg/releases/cuda/12.4-4899e/x86_64-el9-gcc11-opt

 *------------------------------------------------------------------------------------* 
 |                                                                                    | 
 |  *------------------------------------------------------------------------------*  | 
 |  |                                                                              |  | 
 |  |                                                                              |  | 
 |  |   PPP   Y   Y  TTTTT  H   H  III    A      Welcome to the Lund Monte Carlo!  |  | 
 |  |   P  P   Y Y     T    H   H   I    A A     This is PYTHIA version 8.309      |  | 
 |  |   PPP     Y      T    HHHHH   I   AAAAA    Last date of change: 16 Feb 2023  |  | 
 |  |   P       Y      T    H   H   I   A   A                                      |  | 
 |  |   P       Y      T    H   H  III  A   A    Now is 03 Sep 2024 at 19:06:01    |  | 
 |  |                                                                              |  | 
 |  |   Program documentation and an archive of historic versions is found on:     |  | 
 |  |                                                                              |  | 
 |  |                               https://pythia.org/                            |  | 
 |  |                                                                              |  | 
 |  |   PYTHIA is authored by a collaboration consisting of:                       |  | 
 |  |                                                                              |  | 
 |  |   Christian Bierlich, Nishita Desai, Leif Gellersen, Ilkka Helenius, Philip  |  | 
 |  |   Ilten, Leif Lonnblad, Stephen Mrenna, Stefan Prestel, Christian Preuss,    |  | 
 |  |   Torbjorn Sjostrand, Peter Skands, Marius Utheim and Rob Verheyen.          |  | 
 |  |                                                                              |  | 
 |  |   The complete list of authors, including contact information and            |  | 
 |  |   affiliations, can be found on https://pythia.org/.                         |  | 
 |  |   Problems or bugs should be reported on email at authors@pythia.org.        |  | 
 |  |                                                                              |  | 
 |  |   The main program reference is C. Bierlich et al,                           |  | 
 |  |   'A comprehensive guide to the physics and usage of Pythia 8.3',            |  | 
 |  |   SciPost Phys. Codebases 8-r8.3 (2022) [arXiv:2203.11601 [hep-ph]]          |  | 
 |  |                                                                              |  | 
 |  |   PYTHIA is released under the GNU General Public Licence version 2 or later.|  | 
 |  |   Please respect the MCnet Guidelines for Event Generator Authors and Users. |  | 
 |  |                                                                              |  | 
 |  |   Disclaimer: this program comes without any guarantees.                     |  | 
 |  |   Beware of errors and use common sense when interpreting results.           |  | 
 |  |                                                                              |  | 
 |  |   Copyright (C) 2023 Torbjorn Sjostrand                                      |  | 
 |  |                                                                              |  | 
 |  |                                                                              |  | 
 |  *------------------------------------------------------------------------------*  | 
 |                                                                                    | 
 *------------------------------------------------------------------------------------* 


 *-------  PYTHIA Process Initialization  --------------------------*
 |                                                                  |
 | We collide p+ with p+ at a CM energy of 1.300e+04 GeV            |
 |                                                                  |
 |------------------------------------------------------------------|
 |                                                    |             |
 | Subprocess                                    Code |   Estimated |
 |                                                    |    max (mb) |
 |                                                    |             |
 |------------------------------------------------------------------|
 |                                                    |             |
 | Les Houches User Process(es)                  9999 |   1.000e-09 |
 |                                                                  |
 *-------  End PYTHIA Process Initialization -----------------------*
 PYTHIA Warning in TimeShower::init: pTmin too low , raised to 0.611

 *-------  PYTHIA Multiparton Interactions Initialization  ---------* 
 |                                                                  | 
 |                   sigmaNonDiffractive =    55.51 mb              | 
 |                                                                  | 
 |    pT0 =  1.44 gives sigmaInteraction =   400.74 mb: accepted    | 
 |                                                                  | 
 *-------  End PYTHIA Multiparton Interactions Initialization  -----* 

 *-------  PYTHIA Flag + Mode + Parm + Word + FVec + MVec + PVec + WVec Settings (changes only)  ------------------* 
 |                                                                                                                 | 
 | Name                                          |                      Now |      Default         Min         Max | 
 |                                               |                          |                                      | 
 | Beams:frameType                               |                        4 |            1           1           5 | 
 | Beams:LHEF                                    | /nfs/dust/cms/user/amoroso/powheg/POWHEG-BOX-V2/ttJ_MiNNLOPS_v1.0_beta1/decay-ll/pwgevents-0857.lhe |         void | 
 | ColourReconnection:range                      |                  5.17600 |      1.80000         0.0    10.00000 | 
 | Main:timesAllowErrors                         |                      500 |           10           0             | 
 | MultipartonInteractions:alphaSorder           |                        2 |            1           0           3 | 
 | MultipartonInteractions:alphaSvalue           |                  0.11800 |      0.13000   0.0600000     0.25000 | 
 | MultipartonInteractions:bProfile              |                        2 |            3           0           4 | 
 | MultipartonInteractions:coreFraction          |                  0.63000 |      0.50000         0.0     1.00000 | 
 | MultipartonInteractions:coreRadius            |                  0.76340 |      0.40000     0.10000     1.00000 | 
 | MultipartonInteractions:ecmPow                |                0.0334400 |      0.21500         0.0     0.50000 | 
 | MultipartonInteractions:pT0Ref                |                  1.41000 |      2.28000     0.50000    10.00000 | 
 | ParticleDecays:limitTau                       |                       on |          off                         | 
 | PartonLevel:FSR                               |                      off |           on                         | 
 | PDF:pSet                                      |                       20 |           13                         | 
 | Random:seed                                   |                      857 |           -1               900000000 | 
 | Random:setSeed                                |                       on |          off                         | 
 | SigmaProcess:alphaSorder                      |                        2 |            1           0           3 | 
 | SigmaProcess:alphaSvalue                      |                  0.11800 |      0.13000   0.0600000     0.25000 | 
 | SigmaTotal:mode                               |                        0 |            1           0           4 | 
 | SigmaTotal:sigmaEl                            |                 21.89000 |     25.00000         0.0             | 
 | SigmaTotal:sigmaTot                           |                100.30900 |    100.00000         0.0             | 
 | SigmaTotal:zeroAXB                            |                      off |           on                         | 
 | SpaceShower:alphaSorder                       |                        2 |            1           0           3 | 
 | SpaceShower:alphaSvalue                       |                  0.11800 |      0.13650   0.0600000     0.25000 | 
 | SpaceShower:dipoleRecoil                      |                       on |          off                         | 
 | SpaceShower:pTmaxMatch                        |                        1 |            0           0           2 | 
 | TimeShower:alphaSorder                        |                        2 |            1           0           3 | 
 | TimeShower:alphaSvalue                        |                  0.11800 |      0.13650   0.0600000     0.25000 | 
 |                                                                                                                 | 
 *-------  End PYTHIA Flag + Mode + Parm + Word + FVec + MVec + PVec + WVec Settings  -----------------------------* 

 --------  PYTHIA Particle Data Table (changed only)  ------------------------------------------------------------------------------
 
      id   name            antiName         spn chg col      m0        mWidth      mMin       mMax       tau0    res dec ext vis wid
             no onMode   bRatio   meMode     products 

       6  t                tbar               2   2   1  173.00000    1.36916   86.00000    0.00000  1.44122e-13   1   1   0   1   0
              0     1   0.0000664    0       24        1 
              1     1   0.0017361    0       24        3 
              2     1   0.9981975    0       24        5 
              3     1   0.0000000    0       37        5 

 --------  End PYTHIA Particle Data Table  -----------------------------------------------------------------------------------------


 --------  LHA event information and listing  ---------------------------------------------------------------------- 

    process =   322200    weight =   1.0325e+02     scale =   2.0146e+01 (GeV) 
                        alpha_em =  -1.0000e+00    alpha_strong =   1.6609e-01

    Participating Particles 
    no        id stat     mothers     colours      p_x        p_y        p_z         e          m        tau    spin 
     1        21   -1     0     0   511   512      0.000      0.000    148.373    148.373      0.000   0.000   9.000
     2         1   -1     0     0   512     0      0.000      0.000  -2142.798   2142.798      0.000   0.000   9.000
     3         6    2     1     2   511     0   -209.872    -35.773    -42.654    277.696    173.117   0.000   9.000
     4        -6    2     1     2     0   514    179.760     59.051   -532.594    591.132    173.147   0.000   9.000
     5        21    1     1     2   514   513     48.619    -31.239   -569.020    571.947      0.000   0.000   9.000
     6         1    1     1     2   513     0    -18.506      7.962   -850.157    850.396      0.000   0.000   9.000
     7         5    1     3     3   511     0      0.698      0.971    -48.778     49.040      4.920   0.000  -1.000
     8        24    2     3     3     0     0   -210.570    -36.745      6.124    228.656     80.968   0.000   9.000
     9        -5    1     4     4     0   514     -0.645    -35.127    -46.993     58.880      4.920   0.000   1.000
    10       -24    2     4     4     0     0    180.404     94.177   -485.601    532.252     77.901   0.000   9.000
    11       -11    1     8     8     0     0    -98.225     19.623    -14.734    101.244      0.001   0.000   1.000
    12        12    1     8     8     0     0   -112.346    -56.368     20.858    127.412      0.000   0.000  -1.000
    13        15    1    10    10     0     0    124.442     23.074   -259.736    288.937      1.777   0.000  -1.000
    14       -16    1    10    10     0     0     55.962     71.103   -225.865    243.315      0.000   0.000   1.000

 --------  End LHA event information and listing  ------------------------------------------------------------------ 

 --------  PYTHIA Info Listing  ---------------------------------------- 
 
 Beam A: id =   2212, pz =  6.500e+03, e =  6.500e+03, m =  9.383e-01.
 Beam B: id =   2212, pz = -6.500e+03, e =  6.500e+03, m =  9.383e-01.

 In 1: id =   21, x =  2.283e-02, pdf =  0.000e+00 at Q2 =  4.059e+02.
 In 2: id =    1, x =  3.297e-01, pdf =  0.000e+00 at same Q2.

 Process Les Houches User Process(es) with code 9999 is 2 -> 4.
 Subprocess user process 322200 with code 322200 is 2 -> 4.
     alphaEM =  7.686e-03,  alphaS =  1.661e-01    at Q2 =  4.059e+02.

 Impact parameter b =  9.948e-01 gives enhancement factor =  5.886e-01.
 Max pT scale for MPI =  1.300e+04, ISR =  2.015e+01, FSR =  2.015e+01.
 Number of MPI =     5, ISR =    11, FSRproc =     0, FSRreson =     0.

 --------  End PYTHIA Info Listing  ------------------------------------

 --------  PYTHIA Event Listing  (hard process)  -----------------------------------------------------------------------------------
 
    no         id  name            status     mothers   daughters     colours      p_x        p_y        p_z         e          m 
     0         90  (system)           -11     0     0     0     0     0     0      0.000      0.000      0.000  13000.000  13000.000
     1       2212  (p+)               -12     0     0     3     0     0     0      0.000      0.000   6500.000   6500.000      0.938
     2       2212  (p+)               -12     0     0     4     0     0     0      0.000      0.000  -6500.000   6500.000      0.938
     3         21  (g)                -21     1     0     5     8   511   512      0.000      0.000    148.373    148.373      0.000
     4          1  (d)                -21     2     0     5     8   512     0      0.000      0.000  -2142.798   2142.798      0.000
     5          6  (t)                -22     3     4     9    10   511     0   -209.872    -35.773    -42.654    277.696    173.117
     6         -6  (tbar)             -22     3     4    11    12     0   514    179.760     59.051   -532.594    591.132    173.147
     7         21  g                   23     3     4     0     0   514   513     48.619    -31.239   -569.020    571.947      0.000
     8          1  d                   23     3     4     0     0   513     0    -18.506      7.962   -850.157    850.396      0.000
     9          5  b                   23     5     0     0     0   511     0      0.698      0.971    -48.778     49.040      4.920
    10         24  (W+)               -22     5     0    13    14     0     0   -210.570    -36.745      6.124    228.656     80.968
    11         -5  bbar                23     6     0     0     0     0   514     -0.645    -35.127    -46.993     58.880      4.920
    12        -24  (W-)               -22     6     0    15    16     0     0    180.404     94.177   -485.601    532.252     77.901
    13        -11  e+                  23    10     0     0     0     0     0    -98.225     19.623    -14.734    101.244      0.001
    14         12  nu_e                23    10     0     0     0     0     0   -112.346    -56.368     20.858    127.412      0.000
    15         15  tau-                23    12     0     0     0     0     0    124.442     23.074   -259.736    288.937      1.777
    16        -16  nu_taubar           23    12     0     0     0     0     0     55.962     71.103   -225.865    243.315      0.000
                                   Charge sum: -0.333           Momentum sum:      0.000     -0.000  -1994.425   2291.171   1127.710

 --------  End PYTHIA Event Listing  -----------------------------------------------------------------------------------------------

 --------  PYTHIA Event Listing  (complete event)  ---------------------------------------------------------------------------------
 
    no         id  name            status     mothers   daughters     colours      p_x        p_y        p_z         e          m 
     0         90  (system)           -11     0     0     0     0     0     0      0.000      0.000      0.000  13000.000  13000.000
     1       2212  (p+)               -12     0     0    99     0     0     0      0.000      0.000   6500.000   6500.000      0.938
     2       2212  (p+)               -12     0     0   100     0     0     0      0.000      0.000  -6500.000   6500.000      0.938
     3         21  (g)                -21     9     0     5     8   511   512      0.000      0.000    148.373    148.373      0.000
     4          1  (d)                -21    10    10     5     8   512     0      0.000      0.000  -2142.798   2142.798      0.000
     5          6  (t)                -22     3     4    11    11   511     0   -209.872    -35.773    -42.654    277.696    173.117
     6         -6  (tbar)             -22     3     4    12    12     0   514    179.760     59.051   -532.594    591.132    173.147
     7         21  (g)                -23     3     4    13    13   514   513     48.619    -31.239   -569.020    571.947      0.000
     8          1  (d)                -23     3     4    14    14   513     0    -18.506      7.962   -850.157    850.396      0.000
     9         21  (g)                -41    16    16    15     3   515   512     -0.000     -0.000    152.884    152.884      0.000
    10          1  (d)                -42    17     0     4     4   512     0      0.000      0.000  -2142.798   2142.798      0.000
    11          6  (t)                -44     5     5    18    18   511     0   -193.866    -32.429    -42.337    265.326    173.117
    12         -6  (tbar)             -44     6     6    19    19     0   514    179.760     59.051   -532.594    591.132    173.147
    13         21  (g)                -44     7     7    20    20   514   513     48.619    -31.239   -569.020    571.947      0.000
    14          1  (d)                -44     8     8    21    21   513     0    -18.506      7.962   -850.157    850.396      0.000
    15         21  (g)                -43     9     0    22    22   515   511    -16.006     -3.345      4.194     16.881      0.000
    16         21  (g)                -42    33     0     9     9   515   512      0.000      0.000    152.884    152.884      0.000
    17          1  (d)                -41    34    34    23    10   516     0     -0.000     -0.000  -2160.686   2160.686      0.000
    18          6  (t)                -44    11    11    35    35   511     0   -193.798    -32.293    -44.487    265.611    173.117
    19         -6  (tbar)             -44    12    12    36    36     0   514    180.008     59.546   -537.205    595.414    173.147
    20         21  (g)                -44    13    13    37    37   514   513     48.871    -30.736   -573.549    576.447      0.000
    21          1  (d)                -44    14    14    38    38   513     0    -18.131      8.712   -856.887    857.123      0.000
    22         21  (g)                -44    15    15    39    39   515   511    -16.004     -3.339      4.056     16.844      0.000
    23         21  (g)                -43    17     0    40    40   516   512     -0.946     -1.891      0.268      2.132      0.000
    24         21  (g)                -31    28     0    26    27   518   519      0.000      0.000     32.391     32.391      0.000
    25          2  (u)                -31    29    29    26    27   517     0      0.000      0.000     -5.078      5.078      0.000
    26         21  (g)                -33    24    25    30    30   517   519      0.785      4.513     31.150     31.485      0.000
    27          2  (u)                -33    24    25    31    31   518     0     -0.785     -4.513     -3.837      5.984      0.330
    28         21  (g)                -41    70    70    32    24   518   520      0.000      0.000     43.599     43.599      0.000
    29          2  (u)                -42    71     0    25    25   517     0      0.000      0.000     -5.078      5.078      0.000
    30         21  (g)                -44    26    26    72    72   517   519      0.785      4.513     31.150     31.485      0.000
    31          2  (u)                -44    27    27    73    73   518     0     -0.017      0.153     -4.448      4.462      0.330
    32         21  (g)                -43    28     0    74    74   519   520     -0.768     -4.666     11.819     12.730      0.000
    33         21  (g)                -41    55     0    41    16   515   521      0.000      0.000    236.532    236.532      0.000
    34          1  (d)                -42    56    56    17    17   516     0     -0.000     -0.000  -2160.686   2160.686      0.000
    35          6  (t)                -44    18    18    57    57   511     0   -193.798    -32.293    -44.487    265.611    173.117
    36         -6  (tbar)             -44    19    19    58    58     0   514    180.008     59.546   -537.205    595.414    173.147
    37         21  (g)                -44    20    20    59    59   514   513     48.871    -30.736   -573.549    576.447      0.000
    38          1  (d)                -44    21    21    60    60   513     0    -18.131      8.712   -856.887    857.123      0.000
    39         21  (g)                -44    22    22    61    61   515   511    -16.004     -3.339      4.056     16.844      0.000
    40         21  (g)                -44    23    23    62    62   516   512     -4.326     -0.719      4.501      6.284      0.000
    41         21  (g)                -43    33     0    63    63   512   521      3.380     -1.173     79.416     79.496      0.000
    42         21  (g)                -31    46     0    44    45   522   523      0.000      0.000      3.233      3.233      0.000
    43         21  (g)                -31    47    47    44    45   523   524      0.000      0.000    -13.397     13.397      0.000
    44         21  (g)                -33    42    43    48    48   522   525      3.061      1.958      1.851      4.077      0.000
    45         21  (g)                -33    42    43    49    49   525   524     -3.061     -1.958    -12.015     12.552      0.000
    46         21  (g)                -41    89     0    50    42   522   526     -0.000      0.000      4.949      4.949      0.000
    47         21  (g)                -42    90    90    43    43   523   524     -0.000     -0.000    -13.397     13.397      0.000
    48         21  (g)                -44    44    44    91    91   522   525      4.153      4.254      1.149      6.055      0.000
    49         21  (g)                -44    45    45    92    92   525   524     -2.962     -1.750     -8.734      9.387      0.000
    50         21  (g)                -43    46     0    93    93   523   526     -1.192     -2.504     -0.863      2.905      0.000
    51         21  (g)                -31    65    65    53    54   528   527      0.000      0.000    133.344    133.344      0.000
    52         21  (g)                -31    66     0    53    54   529   528      0.000      0.000     -1.329      1.329      0.000
    53         21  (g)                -33    51    52    67    67   530   527      3.031      1.410    131.187    131.230      0.000
    54         21  (g)                -33    51    52    68    68   529   530     -3.031     -1.410      0.828      3.444      0.000
    55         21  (g)                -41    99    99    64    33   531   521     -0.000      0.000    587.866    587.866      0.000
    56          1  (d)                -42   100   100    34    34   516     0     -0.000     -0.000  -2160.686   2160.686      0.000
    57          6  (t)                -44    35    35   101   101   511     0   -193.798    -32.293    -44.487    265.611    173.117
    58         -6  (tbar)             -44    36    36   102   102     0   514    180.008     59.546   -537.205    595.414    173.147
    59         21  (g)                -44    37    37   103   103   514   513     48.871    -30.736   -573.549    576.447      0.000
    60          1  (d)                -44    38    38   104   104   513     0    -18.131      8.712   -856.887    857.123      0.000
    61         21  (g)                -44    39    39   105   105   515   511    -16.004     -3.339      4.056     16.844      0.000
    62         21  (g)                -44    40    40   106   106   516   512     -4.326     -0.719      4.501      6.284      0.000
    63         21  (g)                -44    41    41   107   107   512   521      5.642     -0.771    244.256    244.322      0.000
    64         21  (g)                -43    55     0   108   108   531   515     -2.263     -0.402    186.494    186.508      0.000
    65         21  (g)                -42    76     0    51    51   528   527     -0.000     -0.000    133.344    133.344      0.000
    66         -1  (dbar)             -41    77    77    69    52     0   528      0.000      0.000    -15.427     15.427      0.000
    67         21  (g)                -44    53    53    78    78   530   527      3.059      1.422    132.851    132.894      0.000
    68         21  (g)                -44    54    54    79    79   529   530     -1.287     -0.686     -0.911      1.720      0.000
    69         -1  (dbar)             -43    66     0    80    80     0   529     -1.772     -0.736    -14.023     14.158      0.330
    70         21  (g)                -42    82     0    28    28   518   520      0.000      0.000     43.599     43.599      0.000
    71          2  (u)                -41    83    83    75    29   532     0     -0.000      0.000     -5.238      5.238      0.000
    72         21  (g)                -44    30    30    84    84   517   519      1.566      5.159     25.912     26.467      0.000
    73          2  (u)                -44    31    31    85    85   518     0     -0.017      0.153     -4.448      4.462      0.330
    74         21  (g)                -44    32    32    86    86   519   520     -0.768     -4.666     11.819     12.730      0.000
    75         21  (g)                -43    71     0    87    87   532   517     -0.781     -0.646      5.078      5.178      0.000
    76         21  (g)                -41   122   122    81    65   528   533     -0.000     -0.000    199.718    199.718      0.000
    77         -1  (dbar)             -42   123   123    66    66     0   528      0.000      0.000    -15.427     15.427      0.000
    78         21  (g)                -44    67    67   124   124   530   527      1.609     -0.185     47.971     47.999      0.000
    79         21  (g)                -44    68    68   125   125   529   530     -1.287     -0.686     -0.911      1.720      0.000
    80         -1  (dbar)             -44    69    69   126   126     0   529     -1.772     -0.736    -14.023     14.158      0.330
    81         21  (g)                -43    76     0   127   127   527   533      1.450      1.607    151.254    151.270      0.000
    82         21  (g)                -41   109   109    88    70   518   534      0.000      0.000     78.867     78.867      0.000
    83          2  (u)                -42   110   110    71    71   532     0     -0.000      0.000     -5.238      5.238      0.000
    84         21  (g)                -44    72    72   111   111   517   519      1.566      5.159     25.912     26.467      0.000
    85          2  (u)                -44    73    73   112   112   518     0     -0.017      0.153     -4.448      4.462      0.330
    86         21  (g)                -44    74    74   113   113   519   520     -1.527     -5.087     15.241     16.140      0.000
    87         21  (g)                -44    75    75   114   114   532   517     -0.781     -0.646      5.078      5.178      0.000
    88         21  (g)                -43    82     0   115   115   520   534      0.759      0.422     31.845     31.857      0.000
    89         21  (g)                -41   116   116    94    46   522   535     -0.000     -0.000      5.276      5.276      0.000
    90         21  (g)                -42   117   117    47    47   523   524     -0.000     -0.000    -13.397     13.397      0.000
    91         21  (g)                -44    48    48   118   118   522   525      4.153      4.254      1.149      6.055      0.000
    92         21  (g)                -44    49    49   119   119   525   524     -2.962     -1.750     -8.734      9.387      0.000
    93         21  (g)                -44    50    50   120   120   523   526     -0.485     -2.402     -0.570      2.516      0.000
    94         21  (g)                -43    89     0   121   121   526   535     -0.707     -0.102      0.033      0.715      0.000
    95         21  (g)                -31   128   128    97    98   536   537      0.000      0.000      0.006      0.006      0.000
    96         21  (g)                -31   129   129    97    98   538   539      0.000      0.000    -61.768     61.768      0.000
    97         21  (g)                -33    95    96   130   130   536   539      0.564     -0.157    -38.124     38.128      0.000
    98         21  (g)                -33    95    96   131   131   538   537     -0.564      0.157    -23.639     23.646      0.000
    99         21  (g)                -61     1     0    55    55   531   521     -0.630     -1.436    587.865    587.867      0.000
   100          1  (d)                -61     2     0    56    56   536     0      2.769     -0.106  -2160.686   2160.688      0.000
   101          6  (t)                -62    57    57   137   138   511     0   -193.718    -32.571    -44.754    265.631    173.117
   102         -6  (tbar)             -62    58    58   139   140     0   514    180.702     59.447   -536.922    595.359    173.147
   103         21  (g)                -62    59    59   157   157   514   538     49.606    -30.767   -573.528    576.491      0.000
   104          1  (d)                -62    60    60   155   155   513     0    -17.033      8.670   -856.898    857.111      0.000
   105         21  (g)                -62    61    61   145     0   515   526    -16.007     -3.365      4.034     16.846      0.000
   106         21  (g)                -62    62    62   247   247   516   519     -4.330     -0.732      4.495      6.284      0.000
   107         21  (g)                -62    63    63   146     0   512   521      5.381     -1.367    244.261    244.324      0.000
   108         21  (g)                -62    64    64   202   202   531   527     -2.462     -0.858    186.490    186.509      0.000
   109         21  (g)                -61     1     0    82    82   518   528      1.610      3.046     79.110     79.185      0.000
   110          2  (u)                -61     2     0    83    83   528     0      1.934     -0.391     -5.045      5.417      0.000
   111         21  (g)                -62    84    84   199   199   517   515      2.214      6.151     25.982     26.792      0.000
   112          2  (u)                -62    85    85   181   181   518     0      1.628     -0.180     -4.295      4.609      0.330
   113         21  (g)                -62    86    86   246   246   519   532     -1.050     -4.516     15.330     16.016      0.000
   114         21  (g)                -62    87    87   245   245   532   530     -0.662     -0.455      4.996      5.060      0.000
   115         21  (g)                -62    88    88   200   200   520   517      1.414      1.655     32.052     32.126      0.000
   116         21  (g)                -61     1     0    89    89   524   524      1.227      0.011      5.218      5.360      0.000
   117         21  (g)                -61     2     0    90    90   535   535      0.766      1.169    -13.416     13.489      0.000
   118         21  (g)                -62    91    91   248   248   522   516      5.175      4.502      0.923      6.921      0.000
   119         21  (g)                -62    92    92   251   251   525   529     -2.394     -0.977     -8.565      8.947      0.000
   120         21  (g)                -62    93    93   249   249   523   522     -0.183     -2.269     -0.643      2.365      0.000
   121         21  (g)                -62    94    94   145     0   526   511     -0.605     -0.076      0.086      0.616      0.000
   122         21  (g)                -61     1     0    76    76   528   531     -2.223     -0.013    199.741    199.754      0.000
   123         -1  (dbar)             -61     2     0    77    77     0   528     -2.378     -2.517    -15.244     15.632      0.000
   124         21  (g)                -62    78    78   146     0   530   512      1.074     -0.190     47.877     47.889      0.000
   125         21  (g)                -62    79    79   250   250   529   523     -1.496     -0.901     -0.747      1.900      0.000
   126         -1  (dbar)             -62    80    80   203   203     0   531     -3.947     -3.035    -13.669     14.551      0.330
   127         21  (g)                -62    81    81   201   201   527   520     -0.233      1.596    151.037    151.046      0.000
   128         21  (g)                -61     1     0    95    95   539   539     -0.013      0.084     -0.300      0.312      0.000
   129         21  (g)                -61     2     0    96    96   537   537     -0.133      0.009    -62.097     62.097      0.000
   130         21  (g)                -62    97    97   252   252   536   525      0.480     -0.119    -36.738     36.742      0.000
   131         21  (g)                -62    98    98   156   156   538   513     -0.626      0.212    -25.658     25.667      0.000
   132       2101  (ud_0)             -63     1     0   182   182     0   518     -0.408     -0.454   2874.709   2874.709      0.579
   133          2  (u)                -63     1     0   243   243   521     0      0.436     -1.237   2752.804   2752.804      0.330
   134       2203  (uu_1)             -63     2     0   148   148     0   542     -1.136      0.621  -4041.520   4041.521      0.771
   135         -2  (ubar)             -63     2     0   253   253     0   536     -1.357     -0.318   -129.875    129.883      0.330
   136          1  (d)                -63     2     0   147   147   542     0     -0.464      1.534    -71.264     71.282      0.330
   137          5  (b)                -23   101     0   197   197   511     0      3.630      1.553    -49.159     49.562      4.920
   138         24  (W+)               -22   101     0   141   142     0     0   -197.347    -34.123      4.405    216.069     80.968
   139         -5  (bbar)             -23   102     0   158   158     0   514     -0.551    -35.087    -47.424     59.200      4.920
   140        -24  (W-)               -22   102     0   143   144     0     0    181.253     94.535   -489.498    536.159     77.901
   141        -11  e+                  23   138     0     0     0     0     0    -92.362     20.785    -15.496     95.932      0.001
   142         12  nu_e                23   138     0     0     0     0     0   -104.985    -54.908     19.901    120.137      0.000
   143         15  (tau-)             -23   140     0   370   372     0     0    124.903     23.268   -261.852    291.053      1.777
   144        -16  nu_taubar           23   140     0     0     0     0     0     56.350     71.266   -227.646    245.106      0.000
   145         21  (g)                -73   105   121   198   198   515   511    -16.612     -3.441      4.120     17.462      0.416
   146         21  (g)                -73   107   124   244   244   530   521      6.455     -1.557    292.138    292.213      0.182
   147          1  (d)                -71   136   136   149   154   542     0     -0.464      1.534    -71.264     71.282      0.330
   148       2203  (uu_1)             -71   134   134   149   154     0   542     -1.136      0.621  -4041.520   4041.521      0.771
   149        111  (pi0)              -83   147   148   373   374     0     0     -0.423      0.380    -24.067     24.074      0.135
   150        113  (rho0)             -83   147   148   293   294     0     0      0.651      1.092   -102.310    102.319      0.612
   151        111  (pi0)              -83   147   148   375   376     0     0     -1.007      0.461   -530.511    530.513      0.135
   152        221  (eta)              -84   147   148   377   379     0     0      0.089     -0.342   -781.074    781.074      0.548
   153       2112  n0                  84   147   148     0     0     0     0     -0.503      0.538  -1233.603   1233.604      0.940
   154        213  (rho+)             -84   147   148   295   296     0     0     -0.407      0.026  -1441.219   1441.219      0.687
   155          1  (d)                -71   104   104   159   180   513     0    -17.033      8.670   -856.898    857.111      0.000
   156         21  (g)                -71   131   131   159   180   538   513     -0.626      0.212    -25.658     25.667      0.000
   157         21  (g)                -71   103   103   159   180   514   538     49.606    -30.767   -573.528    576.491      0.000
   158         -5  (bbar)             -71   139   139   159   180     0   514     -0.551    -35.087    -47.424     59.200      4.920
   159        111  (pi0)              -83   155   158   380   381     0     0     -0.407      0.280    -20.955     20.961      0.135
   160       -211  pi-                 83   155   158     0     0     0     0     -6.970      3.801   -369.679    369.765      0.140
   161        111  (pi0)              -83   155   158   382   383     0     0     -3.104      1.079   -137.131    137.171      0.135
   162        111  (pi0)              -83   155   158   384   385     0     0     -0.233     -0.051    -16.657     16.659      0.135
   163        211  pi+                 83   155   158     0     0     0     0     -5.966      3.536   -297.822    297.903      0.140
   164        111  (pi0)              -83   155   158   386   387     0     0     -0.748      0.172    -28.233     28.243      0.135
   165        113  (rho0)             -83   155   158   297   298     0     0      1.021     -0.965    -23.810     23.861      0.685
   166       -211  pi-                 83   155   158     0     0     0     0      0.421     -0.381     -4.368      4.406      0.140
   167        211  pi+                 83   155   158     0     0     0     0      0.390     -0.108     -6.401      6.416      0.140
   168        111  (pi0)              -83   155   158   388   389     0     0      0.470     -0.272     -2.981      3.033      0.135
   169       -211  pi-                 83   155   158     0     0     0     0      2.950     -1.521    -32.653     32.822      0.140
   170        211  pi+                 83   155   158     0     0     0     0      0.079     -0.484     -5.053      5.079      0.140
   171       -211  pi-                 84   155   158     0     0     0     0     13.223     -7.853   -153.674    154.442      0.140
   172        323  (K*+)              -84   155   158   299   300     0     0      8.376     -5.486   -101.040    101.538      0.845
   173       -313  (K*bar0)           -84   155   158   301   302     0     0     15.815     -9.974   -180.235    181.204      0.848
   174        111  (pi0)              -84   155   158   390   391     0     0      0.970     -0.132    -12.192     12.232      0.135
   175       -211  pi-                 84   155   158     0     0     0     0      1.757     -0.987    -14.967     15.102      0.140
   176        211  pi+                 84   155   158     0     0     0     0      0.134     -0.803    -11.857     11.886      0.140
   177       -211  pi-                 84   155   158     0     0     0     0      2.405     -0.804    -17.051     17.239      0.140
   178        211  pi+                 84   155   158     0     0     0     0      0.779     -0.978    -12.159     12.224      0.140
   179       -213  (rho-)             -84   155   158   303   304     0     0      0.532     -0.570     -7.678      7.821      1.274
   180        523  (B*+)              -84   155   158   392   393     0     0     -0.496    -34.472    -46.913     58.461      5.325
   181          2  (u)                -71   112   112   183   196   518     0      1.628     -0.180     -4.295      4.609      0.330
   182       2101  (ud_0)             -71   132   132   183   196     0   518     -0.408     -0.454   2874.709   2874.709      0.579
   183        213  (rho+)             -83   181   182   305   306     0     0      0.959      0.186     -1.780      2.107      0.563
   184       -213  (rho-)             -83   181   182   307   308     0     0      0.092      0.034     -0.794      1.155      0.834
   185        321  K+                  83   181   182     0     0     0     0      0.641     -0.752     -1.226      1.650      0.494
   186       -323  (K*-)              -83   181   182   309   310     0     0      0.260      0.164      6.000      6.070      0.865
   187        211  pi+                 83   181   182     0     0     0     0     -0.499      0.205      2.276      2.343      0.140
   188       -211  pi-                 83   181   182     0     0     0     0     -0.164      0.169      1.193      1.224      0.140
   189        213  (rho+)             -84   181   182   311   312     0     0      0.842     -0.049     50.277     50.291      0.860
   190       -213  (rho-)             -84   181   182   313   314     0     0     -0.573     -0.342     73.655     73.663      0.826
   191        211  pi+                 84   181   182     0     0     0     0     -0.094      0.062    165.084    165.084      0.140
   192       -211  pi-                 84   181   182     0     0     0     0      0.002      0.042     50.682     50.682      0.140
   193        321  K+                  84   181   182     0     0     0     0      0.175      0.266    143.874    143.876      0.494
   194       -313  (K*bar0)           -84   181   182   315   316     0     0     -0.367     -0.414    768.461    768.461      0.885
   195       -211  pi-                 84   181   182     0     0     0     0      0.118     -0.065    147.319    147.320      0.140
   196       2212  p+                  84   181   182     0     0     0     0     -0.173     -0.140   1465.391   1465.391      0.938
   197          5  (b)                -71   137   137   204   242   511     0      3.630      1.553    -49.159     49.562      4.920
   198         21  (g)                -71   145   145   204   242   515   511    -16.612     -3.441      4.120     17.462      0.416
   199         21  (g)                -71   111   111   204   242   517   515      2.214      6.151     25.982     26.792      0.000
   200         21  (g)                -71   115   115   204   242   520   517      1.414      1.655     32.052     32.126      0.000
   201         21  (g)                -71   127   127   204   242   527   520     -0.233      1.596    151.037    151.046      0.000
   202         21  (g)                -71   108   108   204   242   531   527     -2.462     -0.858    186.490    186.509      0.000
   203         -1  (dbar)             -71   126   126   204   242     0   531     -3.947     -3.035    -13.669     14.551      0.330
   204       -513  (B*bar0)           -83   197   203   394   395     0     0      3.036      1.411    -44.258     44.703      5.325
   205        113  (rho0)             -83   197   203   317   318     0     0     -0.186     -0.105     -1.915      2.027      0.630
   206       -211  pi-                 83   197   203     0     0     0     0      0.477      0.715     -1.762      1.965      0.140
   207        211  pi+                 83   197   203     0     0     0     0     -0.010     -0.460     -0.259      0.546      0.140
   208        221  (eta)              -83   197   203   396   398     0     0     -1.528     -0.629     -0.268      1.762      0.548
   209        223  (omega)            -83   197   203   399   401     0     0     -0.641     -0.152      0.183      1.028      0.768
   210        111  (pi0)              -83   197   203   402   403     0     0     -0.814     -0.179      0.092      0.849      0.135
   211       -213  (rho-)             -83   197   203   319   320     0     0     -5.166     -0.563      1.205      5.464      1.183
   212        111  (pi0)              -83   197   203   404   405     0     0     -0.297     -0.095      0.405      0.529      0.135
   213        323  (K*+)              -83   197   203   321   322     0     0     -4.524     -1.116      0.812      4.810      0.875
   214       -311  (Kbar0)            -83   197   203   323   323     0     0     -1.568     -0.394      0.599      1.795      0.498
   215       -213  (rho-)             -83   197   203   324   325     0     0     -1.437      0.417      1.065      2.005      0.804
   216        211  pi+                 83   197   203     0     0     0     0     -0.050     -0.112      1.041      1.057      0.140
   217       -211  pi-                 83   197   203     0     0     0     0      0.146      0.002     -0.002      0.202      0.140
   218        113  (rho0)             -83   197   203   326   327     0     0     -0.146      0.119      2.470      2.668      0.991
   219        211  pi+                 83   197   203     0     0     0     0      0.024      0.351      0.322      0.497      0.140
   220        111  (pi0)              -83   197   203   406   407     0     0      0.675      2.273     10.016     10.294      0.135
   221       3212  (Sigma0)           -83   197   203   408   409     0     0      0.853      1.127     12.682     12.816      1.193
   222        311  (K0)               -83   197   203   328   328     0     0      0.396      0.548      4.962      5.033      0.498
   223      -2212  pbar-               83   197   203     0     0     0     0      0.934      1.283      8.644      8.838      0.938
   224        113  (rho0)             -83   197   203   329   330     0     0     -0.240      0.745     10.207     10.263      0.728
   225        211  pi+                 83   197   203     0     0     0     0     -0.277      0.637     14.686     14.703      0.140
   226        111  (pi0)              -83   197   203   410   411     0     0      0.839      1.299     53.248     53.270      0.135
   227       -211  pi-                 83   197   203     0     0     0     0      0.492      0.177     34.586     34.590      0.140
   228        211  pi+                 84   197   203     0     0     0     0     -1.727     -0.540    140.193    140.204      0.140
   229        313  (K*0)              -84   197   203   331   332     0     0     -1.632      0.020     78.759     78.781      0.903
   230       -311  (Kbar0)            -84   197   203   333   333     0     0      0.692     -0.027     12.412     12.441      0.498
   231        221  (eta)              -84   197   203   412   414     0     0     -0.125     -0.105      1.914      1.998      0.548
   232       -213  (rho-)             -84   197   203   334   335     0     0     -0.159      0.001      3.537      3.677      0.991
   233        211  pi+                 84   197   203     0     0     0     0      0.061     -0.353      2.086      2.121      0.140
   234       -213  (rho-)             -84   197   203   336   337     0     0     -0.012      0.171      0.670      1.204      0.985
   235        211  pi+                 84   197   203     0     0     0     0     -0.194      0.427     -0.088      0.498      0.140
   236        113  (rho0)             -84   197   203   338   339     0     0     -0.876     -0.498      0.093      1.290      0.800
   237        311  (K0)               -84   197   203   340   340     0     0      0.346     -0.197      0.389      0.747      0.498
   238       -321  K-                  84   197   203     0     0     0     0      0.200     -0.116     -1.597      1.687      0.494
   239        211  pi+                 84   197   203     0     0     0     0     -0.145     -0.450     -0.157      0.517      0.140
   240        111  (pi0)              -84   197   203   415   416     0     0     -0.988      0.328     -1.377      1.731      0.135
   241        111  (pi0)              -84   197   203   417   418     0     0     -0.677     -1.068     -3.088      3.340      0.135
   242        113  (rho0)             -84   197   203   341   342     0     0     -1.745     -1.274     -5.653      6.099      0.756
   243          2  (u)                -71   133   133   254   292   521     0      0.436     -1.237   2752.804   2752.804      0.330
   244         21  (g)                -71   146   146   254   292   530   521      6.455     -1.557    292.138    292.213      0.182
   245         21  (g)                -71   114   114   254   292   532   530     -0.662     -0.455      4.996      5.060      0.000
   246         21  (g)                -71   113   113   254   292   519   532     -1.050     -4.516     15.330     16.016      0.000
   247         21  (g)                -71   106   106   254   292   516   519     -4.330     -0.732      4.495      6.284      0.000
   248         21  (g)                -71   118   118   254   292   522   516      5.175      4.502      0.923      6.921      0.000
   249         21  (g)                -71   120   120   254   292   523   522     -0.183     -2.269     -0.643      2.365      0.000
   250         21  (g)                -71   125   125   254   292   529   523     -1.496     -0.901     -0.747      1.900      0.000
   251         21  (g)                -71   119   119   254   292   525   529     -2.394     -0.977     -8.565      8.947      0.000
   252         21  (g)                -71   130   130   254   292   536   525      0.480     -0.119    -36.738     36.742      0.000
   253         -2  (ubar)             -71   135   135   254   292     0   536     -1.357     -0.318   -129.875    129.883      0.330
   254       2212  p+                  83   243   253     0     0     0     0      0.361     -0.528    994.442    994.443      0.938
   255      -2212  pbar-               83   243   253     0     0     0     0     -0.155     -1.219   1111.934   1111.935      0.938
   256        213  (rho+)             -83   243   253   343   344     0     0      0.371      0.781    391.471    391.472      0.782
   257        313  (K*0)              -83   243   253   345   346     0     0      0.827     -0.263    213.973    213.977      0.901
   258       -311  (Kbar0)            -83   243   253   347   347     0     0     -0.033      0.291     20.185     20.193      0.498
   259        111  (pi0)              -83   243   253   419   420     0     0      1.392     -0.627     90.386     90.399      0.135
   260       -211  pi-                 83   243   253     0     0     0     0      0.445     -0.449     55.235     55.238      0.140
   261        111  (pi0)              -83   243   253   421   422     0     0      0.698     -0.112     19.791     19.805      0.135
   262        321  K+                  83   243   253     0     0     0     0      0.555     -0.181     36.930     36.938      0.494
   263       -321  K-                  83   243   253     0     0     0     0      1.890     -0.600     85.699     85.723      0.494
   264        213  (rho+)             -83   243   253   348   349     0     0      0.145     -0.115      9.656      9.686      0.734
   265       2112  n0                  83   243   253     0     0     0     0     -0.420     -0.411     10.414     10.473      0.940
   266        113  (rho0)             -83   243   253   350   351     0     0     -0.004     -0.987      7.214      7.321      0.761
   267      -2212  pbar-               83   243   253     0     0     0     0      0.081     -0.736      3.577      3.771      0.938
   268        111  (pi0)              -83   243   253   423   424     0     0     -0.348      0.169      1.977      2.019      0.135
   269        221  (eta)              -83   243   253   425   427     0     0     -0.320     -0.593      2.688      2.825      0.548
   270        211  pi+                 83   243   253     0     0     0     0     -0.245      0.115      0.481      0.569      0.140
   271       -213  (rho-)             -83   243   253   352   353     0     0     -0.543     -2.287      9.426      9.762      0.958
   272        113  (rho0)             -83   243   253   354   355     0     0     -1.152     -0.360      1.375      1.992      0.786
   273        223  (omega)            -84   243   253   428   429     0     0     -0.630      0.312      0.954      1.422      0.785
   274        113  (rho0)             -84   243   253   356   357     0     0     -0.326      0.112      1.608      1.833      0.811
   275        111  (pi0)              -84   243   253   430   431     0     0     -0.219      0.298     -0.419      0.575      0.135
   276       2212  p+                  84   243   253     0     0     0     0      0.446     -0.043      0.334      1.092      0.938
   277      -2112  nbar0               84   243   253     0     0     0     0      0.127      1.194      1.129      1.897      0.940
   278       -211  pi-                 84   243   253     0     0     0     0      0.423     -0.184     -0.325      0.581      0.140
   279        321  K+                  84   243   253     0     0     0     0     -0.099      0.199      0.152      0.562      0.494
   280       3314  (Xi*-)             -84   243   253   432   433     0     0      2.288      0.024      0.093      2.753      1.527
   281      -3122  Lambdabar0          84   243   253     0     0     0     0     -0.179      1.245     -0.557      1.771      1.116
   282        111  (pi0)              -84   243   253   434   435     0     0     -0.135     -0.546      0.135      0.594      0.135
   283        221  (eta)              -84   243   253   436   437     0     0     -0.633     -1.090     -1.677      2.168      0.548
   284        111  (pi0)              -84   243   253   438   439     0     0     -0.232     -0.051      0.136      0.305      0.135
   285        213  (rho+)             -84   243   253   358   359     0     0     -0.567     -0.673     -4.620      4.800      0.960
   286       -213  (rho-)             -84   243   253   360   361     0     0     -0.687     -0.234     -1.523      1.793      0.607
   287        211  pi+                 84   243   253     0     0     0     0     -0.168     -0.418     -0.954      1.064      0.140
   288       -211  pi-                 84   243   253     0     0     0     0     -0.529      0.105     -2.010      2.085      0.140
   289       2214  (Delta+)           -84   243   253   362   363     0     0     -0.116     -0.333    -13.027     13.091      1.250
   290      -2214  (Deltabar-)        -84   243   253   364   365     0     0     -0.041      0.060    -26.791     26.819      1.213
   291        211  pi+                 84   243   253     0     0     0     0     -0.197     -0.066     -6.997      7.001      0.140
   292       -213  (rho-)             -84   243   253   366   367     0     0     -1.000     -0.378   -118.380    118.387      0.830
   293        211  pi+                 91   150     0     0     0     0     0      0.489      0.354    -55.108     55.111      0.140
   294       -211  pi-                 91   150     0     0     0     0     0      0.162      0.737    -47.202     47.208      0.140
   295        211  pi+                 91   154     0     0     0     0     0      0.103     -0.131   -251.229    251.229      0.140
   296        111  (pi0)              -91   154     0   440   441     0     0     -0.510      0.158  -1189.990   1189.990      0.135
   297        211  pi+                 91   165     0     0     0     0     0      0.791     -0.485    -11.194     11.233      0.140
   298       -211  pi-                 91   165     0     0     0     0     0      0.230     -0.480    -12.616     12.628      0.140
   299        321  K+                  91   172     0     0     0     0     0      6.083     -3.756    -73.731     74.079      0.494
   300        111  (pi0)              -91   172     0   442   443     0     0      2.292     -1.730    -27.308     27.459      0.135
   301       -311  (Kbar0)            -91   173     0   368   368     0     0      8.112     -5.215    -90.994     91.505      0.498
   302        111  (pi0)              -91   173     0   444   445     0     0      7.703     -4.759    -89.240     89.699      0.135
   303       -211  pi-                 91   179     0     0     0     0     0      0.697     -0.119     -6.539      6.578      0.140
   304        111  (pi0)              -91   179     0   446   447     0     0     -0.164     -0.451     -1.139      1.243      0.135
   305        211  pi+                 91   183     0     0     0     0     0      0.964      0.183     -1.530      1.823      0.140
   306        111  (pi0)              -91   183     0   448   449     0     0     -0.005      0.003     -0.249      0.283      0.135
   307       -211  pi-                 91   184     0     0     0     0     0     -0.102      0.377     -0.321      0.525      0.140
   308        111  (pi0)              -91   184     0   450   451     0     0      0.195     -0.343     -0.473      0.631      0.135
   309       -311  (Kbar0)            -91   186     0   369   369     0     0     -0.061      0.096      4.467      4.496      0.498
   310       -211  pi-                 91   186     0     0     0     0     0      0.320      0.069      1.533      1.574      0.140
   311        211  pi+                 91   189     0     0     0     0     0      0.871      0.127     30.110     30.124      0.140
   312        111  (pi0)              -91   189     0   452   453     0     0     -0.029     -0.176     20.166     20.168      0.135
   313       -211  pi-                 91   190     0     0     0     0     0     -0.451     -0.063     17.000     17.006      0.140
   314        111  (pi0)              -91   190     0   454   455     0     0     -0.122     -0.278     56.655     56.656      0.135
   315       -321  K-                  91   194     0     0     0     0     0     -0.422     -0.543    620.077    620.078      0.494
   316        211  pi+                 91   194     0     0     0     0     0      0.055      0.129    148.383    148.383      0.140
   317        211  pi+                 91   205     0     0     0     0     0     -0.020      0.207     -0.461      0.525      0.140
   318       -211  pi-                 91   205     0     0     0     0     0     -0.166     -0.312     -1.453      1.502      0.140
   319       -211  pi-                 91   211     0     0     0     0     0     -0.507     -0.077     -0.206      0.570      0.140
   320        111  (pi0)              -91   211     0   456   457     0     0     -4.659     -0.486      1.411      4.894      0.135
   321        321  K+                  91   213     0     0     0     0     0     -3.466     -0.687      0.818      3.660      0.494
   322        111  (pi0)              -91   213     0   458   459     0     0     -1.058     -0.429     -0.006      1.150      0.135
   323        130  K_L0                91   214   214     0     0     0     0     -1.568     -0.394      0.599      1.795      0.498
   324       -211  pi-                 91   215     0     0     0     0     0     -1.417      0.301      0.736      1.630      0.140
   325        111  (pi0)              -91   215     0   460   461     0     0     -0.021      0.117      0.329      0.375      0.135
   326        211  pi+                 91   218     0     0     0     0     0     -0.125     -0.044      0.004      0.192      0.140
   327       -211  pi-                 91   218     0     0     0     0     0     -0.021      0.162      2.466      2.475      0.140
   328        130  K_L0                91   222   222     0     0     0     0      0.396      0.548      4.962      5.033      0.498
   329        211  pi+                 91   224     0     0     0     0     0     -0.241      0.166      6.522      6.530      0.140
   330       -211  pi-                 91   224     0     0     0     0     0      0.001      0.579      3.685      3.733      0.140
   331        321  K+                  91   229     0     0     0     0     0     -1.392      0.234     67.763     67.780      0.494
   332       -211  pi-                 91   229     0     0     0     0     0     -0.240     -0.214     10.995     11.001      0.140
   333        130  K_L0                91   230   230     0     0     0     0      0.692     -0.027     12.412     12.441      0.498
   334       -211  pi-                 91   232     0     0     0     0     0      0.073     -0.431      1.201      1.285      0.140
   335        111  (pi0)              -91   232     0   462   463     0     0     -0.232      0.432      2.337      2.391      0.135
   336       -211  pi-                 91   234     0     0     0     0     0     -0.188      0.316      0.813      0.903      0.140
   337        111  (pi0)              -91   234     0   464   465     0     0      0.177     -0.145     -0.142      0.301      0.135
   338        211  pi+                 91   236     0     0     0     0     0     -0.064     -0.429     -0.016      0.456      0.140
   339       -211  pi-                 91   236     0     0     0     0     0     -0.812     -0.068      0.110      0.834      0.140
   340        130  K_L0                91   237   237     0     0     0     0      0.346     -0.197      0.389      0.747      0.498
   341        211  pi+                 91   242     0     0     0     0     0     -0.125     -0.343     -1.354      1.409      0.140
   342       -211  pi-                 91   242     0     0     0     0     0     -1.621     -0.931     -4.299      4.690      0.140
   343        211  pi+                 91   256     0     0     0     0     0     -0.145      0.528    165.955    165.956      0.140
   344        111  (pi0)              -91   256     0   466   467     0     0      0.516      0.252    225.516    225.517      0.135
   345        321  K+                  91   257     0     0     0     0     0      0.263     -0.168    143.945    143.946      0.494
   346       -211  pi-                 91   257     0     0     0     0     0      0.564     -0.095     70.028     70.031      0.140
   347        130  K_L0                91   258   258     0     0     0     0     -0.033      0.291     20.185     20.193      0.498
   348        211  pi+                 91   264     0     0     0     0     0      0.382     -0.223      5.821      5.840      0.140
   349        111  (pi0)              -91   264     0   468   469     0     0     -0.237      0.108      3.835      3.846      0.135
   350        211  pi+                 91   266     0     0     0     0     0     -0.160     -0.759      3.227      3.322      0.140
   351       -211  pi-                 91   266     0     0     0     0     0      0.157     -0.228      3.987      3.999      0.140
   352       -211  pi-                 91   271     0     0     0     0     0      0.233     -0.354      1.448      1.515      0.140
   353        111  (pi0)              -91   271     0   470   471     0     0     -0.776     -1.933      7.979      8.247      0.135
   354        211  pi+                 91   272     0     0     0     0     0     -0.621     -0.559      0.923      1.253      0.140
   355       -211  pi-                 91   272     0     0     0     0     0     -0.531      0.199      0.452      0.739      0.140
   356        211  pi+                 91   274     0     0     0     0     0     -0.263     -0.298      0.994      1.080      0.140
   357       -211  pi-                 91   274     0     0     0     0     0     -0.063      0.410      0.613      0.753      0.140
   358        211  pi+                 91   285     0     0     0     0     0     -0.760     -0.611     -4.203      4.317      0.140
   359        111  (pi0)              -91   285     0   472   473     0     0      0.193     -0.062     -0.416      0.482      0.135
   360       -211  pi-                 91   286     0     0     0     0     0     -0.397     -0.378     -0.712      0.909      0.140
   361        111  (pi0)              -91   286     0   474   475     0     0     -0.289      0.144     -0.811      0.884      0.135
   362       2112  n0                  91   289     0     0     0     0     0     -0.019     -0.497    -10.596     10.650      0.940
   363        211  pi+                 91   289     0     0     0     0     0     -0.097      0.164     -2.430      2.442      0.140
   364      -2112  nbar0               91   290     0     0     0     0     0      0.073      0.046    -25.137     25.155      0.940
   365       -211  pi-                 91   290     0     0     0     0     0     -0.114      0.015     -1.654      1.664      0.140
   366       -211  pi-                 91   292     0     0     0     0     0     -0.505      0.011    -24.874     24.880      0.140
   367        111  (pi0)              -91   292     0   476   477     0     0     -0.495     -0.389    -93.505     93.507      0.135
   368        310  (K_S0)             -91   301   301   478   479     0     0      8.112     -5.215    -90.994     91.505      0.498
   369        310  K_S0                91   309   309     0     0     0     0     -0.061      0.096      4.467      4.496      0.498
   370         16  nu_tau              91   143     0     0     0     0     0    106.886     19.585   -223.194    248.242      0.000
   371         11  e-                  91   143     0     0     0     0     0     11.516      2.452    -25.211     27.825      0.001
   372        -12  nu_ebar             91   143     0     0     0     0     0      6.501      1.232    -13.446     14.986      0.000
   373         22  gamma               91   149     0     0     0     0     0     -0.391      0.285    -20.083     20.089      0.000
   374         22  gamma               91   149     0     0     0     0     0     -0.032      0.096     -3.984      3.985      0.000
   375         22  gamma               91   151     0     0     0     0     0     -0.650      0.246   -352.554    352.555      0.000
   376         22  gamma               91   151     0     0     0     0     0     -0.357      0.216   -177.957    177.958      0.000
   377        111  (pi0)              -91   152     0   480   481     0     0     -0.001     -0.233   -296.260    296.260      0.135
   378        111  (pi0)              -91   152     0   482   483     0     0      0.152     -0.090   -236.714    236.714      0.135
   379        111  (pi0)              -91   152     0   484   485     0     0     -0.062     -0.019   -248.100    248.100      0.135
   380         22  gamma               91   159     0     0     0     0     0     -0.337      0.185    -14.082     14.088      0.000
   381         22  gamma               91   159     0     0     0     0     0     -0.070      0.096     -6.873      6.874      0.000
   382         22  gamma               91   161     0     0     0     0     0     -2.090      0.661    -90.949     90.975      0.000
   383         22  gamma               91   161     0     0     0     0     0     -1.013      0.419    -46.182     46.195      0.000
   384         22  gamma               91   162     0     0     0     0     0     -0.029      0.032     -4.952      4.952      0.000
   385         22  gamma               91   162     0     0     0     0     0     -0.204     -0.083    -11.704     11.707      0.000
   386         22  gamma               91   164     0     0     0     0     0     -0.042     -0.021     -1.876      1.877      0.000
   387         22  gamma               91   164     0     0     0     0     0     -0.706      0.193    -26.356     26.366      0.000
   388         22  gamma               91   168     0     0     0     0     0      0.085     -0.060     -0.335      0.351      0.000
   389         22  gamma               91   168     0     0     0     0     0      0.384     -0.212     -2.645      2.682      0.000
   390         22  gamma               91   174     0     0     0     0     0      0.804     -0.070    -10.394     10.426      0.000
   391         22  gamma               91   174     0     0     0     0     0      0.165     -0.062     -1.798      1.807      0.000
   392        521  (B+)               -91   180     0   486   488     0     0     -0.476    -33.906    -46.124     57.490      5.279
   393         22  gamma               91   180     0     0     0     0     0     -0.020     -0.566     -0.789      0.971      0.000
   394       -511  (Bbar0)            -91   204     0   489   492     0     0      2.989      1.425    -44.069     44.507      5.280
   395         22  gamma               91   204     0     0     0     0     0      0.047     -0.014     -0.189      0.196      0.000
   396        111  (pi0)              -91   208     0   493   494     0     0     -0.446     -0.221     -0.009      0.515      0.135
   397        111  (pi0)              -91   208     0   495   496     0     0     -0.309     -0.240     -0.121      0.431      0.135
   398        111  (pi0)              -91   208     0   497   498     0     0     -0.774     -0.168     -0.138      0.815      0.135
   399        211  pi+                 91   209     0     0     0     0     0     -0.352      0.062     -0.113      0.400      0.140
   400       -211  pi-                 91   209     0     0     0     0     0     -0.052      0.012      0.220      0.266      0.140
   401        111  (pi0)              -91   209     0   499   500     0     0     -0.238     -0.226      0.076      0.363      0.135
   402         22  gamma               91   210     0     0     0     0     0     -0.078      0.017     -0.011      0.081      0.000
   403         22  gamma               91   210     0     0     0     0     0     -0.735     -0.196      0.103      0.768      0.000
   404         22  gamma               91   212     0     0     0     0     0     -0.133      0.022      0.199      0.240      0.000
   405         22  gamma               91   212     0     0     0     0     0     -0.164     -0.117      0.206      0.288      0.000
   406         22  gamma               91   220     0     0     0     0     0      0.522      1.690      7.225      7.439      0.000
   407         22  gamma               91   220     0     0     0     0     0      0.152      0.583      2.791      2.855      0.000
   408       3122  Lambda0             91   221     0     0     0     0     0      0.820      1.116     11.783     11.916      1.116
   409         22  gamma               91   221     0     0     0     0     0      0.033      0.011      0.899      0.900      0.000
   410         22  gamma               91   226     0     0     0     0     0      0.411      0.519     22.019     22.029      0.000
   411         22  gamma               91   226     0     0     0     0     0      0.428      0.780     31.228     31.241      0.000
   412        111  (pi0)              -91   231     0   501   502     0     0      0.090     -0.038      0.724      0.743      0.135
   413        111  (pi0)              -91   231     0   503   504     0     0     -0.071      0.058      0.467      0.495      0.135
   414        111  (pi0)              -91   231     0   505   506     0     0     -0.144     -0.125      0.723      0.760      0.135
   415         22  gamma               91   240     0     0     0     0     0     -0.190      0.107     -0.231      0.318      0.000
   416         22  gamma               91   240     0     0     0     0     0     -0.798      0.221     -1.145      1.413      0.000
   417         22  gamma               91   241     0     0     0     0     0     -0.371     -0.559     -1.810      1.930      0.000
   418         22  gamma               91   241     0     0     0     0     0     -0.306     -0.509     -1.279      1.410      0.000
   419         22  gamma               91   259     0     0     0     0     0      0.469     -0.231     34.701     34.705      0.000
   420         22  gamma               91   259     0     0     0     0     0      0.922     -0.396     55.684     55.693      0.000
   421         22  gamma               91   261     0     0     0     0     0      0.697     -0.105     19.045     19.058      0.000
   422         22  gamma               91   261     0     0     0     0     0      0.001     -0.007      0.747      0.747      0.000
   423         22  gamma               91   268     0     0     0     0     0     -0.168      0.115      0.726      0.754      0.000
   424         22  gamma               91   268     0     0     0     0     0     -0.180      0.054      1.250      1.265      0.000
   425        211  pi+                 91   269     0     0     0     0     0     -0.026     -0.040      0.484      0.506      0.140
   426       -211  pi-                 91   269     0     0     0     0     0     -0.293     -0.381      1.603      1.679      0.140
   427        111  (pi0)              -91   269     0   507   508     0     0     -0.001     -0.172      0.601      0.640      0.135
   428        211  pi+                 91   273     0     0     0     0     0     -0.574      0.280      0.248      0.699      0.140
   429       -211  pi-                 91   273     0     0     0     0     0     -0.056      0.032      0.706      0.722      0.140
   430         22  gamma               91   275     0     0     0     0     0     -0.050      0.096     -0.219      0.244      0.000
   431         22  gamma               91   275     0     0     0     0     0     -0.168      0.202     -0.200      0.330      0.000
   432       3322  Xi0                 91   280     0     0     0     0     0      2.078     -0.108      0.034      2.462      1.315
   433       -211  pi-                 91   280     0     0     0     0     0      0.210      0.132      0.060      0.291      0.140
   434         22  gamma               91   282     0     0     0     0     0     -0.058     -0.269     -0.003      0.275      0.000
   435         22  gamma               91   282     0     0     0     0     0     -0.077     -0.277      0.138      0.319      0.000
   436         22  gamma               91   283     0     0     0     0     0      0.042     -0.059     -0.348      0.356      0.000
   437         22  gamma               91   283     0     0     0     0     0     -0.675     -1.031     -1.328      1.812      0.000
   438         22  gamma               91   284     0     0     0     0     0     -0.187     -0.018      0.037      0.192      0.000
   439         22  gamma               91   284     0     0     0     0     0     -0.045     -0.034      0.098      0.113      0.000
   440         22  gamma               91   296     0     0     0     0     0     -0.463      0.177  -1028.885   1028.885      0.000
   441         22  gamma               91   296     0     0     0     0     0     -0.047     -0.019   -161.106    161.106      0.000
   442         22  gamma               91   300     0     0     0     0     0      1.710     -1.292    -20.926     21.036      0.000
   443         22  gamma               91   300     0     0     0     0     0      0.582     -0.438     -6.382      6.424      0.000
   444         22  gamma               91   302     0     0     0     0     0      7.268     -4.526    -84.346     84.779      0.000
   445         22  gamma               91   302     0     0     0     0     0      0.435     -0.233     -4.895      4.919      0.000
   446         22  gamma               91   304     0     0     0     0     0     -0.113     -0.124     -0.384      0.419      0.000
   447         22  gamma               91   304     0     0     0     0     0     -0.052     -0.327     -0.755      0.824      0.000
   448         22  gamma               91   306     0     0     0     0     0      0.064     -0.009     -0.099      0.118      0.000
   449         22  gamma               91   306     0     0     0     0     0     -0.069      0.011     -0.150      0.166      0.000
   450         22  gamma               91   308     0     0     0     0     0      0.108     -0.113     -0.269      0.311      0.000
   451         22  gamma               91   308     0     0     0     0     0      0.087     -0.230     -0.204      0.319      0.000
   452         22  gamma               91   312     0     0     0     0     0     -0.001     -0.190     17.947     17.948      0.000
   453         22  gamma               91   312     0     0     0     0     0     -0.029      0.014      2.219      2.219      0.000
   454         22  gamma               91   314     0     0     0     0     0     -0.125     -0.248     54.933     54.933      0.000
   455         22  gamma               91   314     0     0     0     0     0      0.003     -0.031      1.723      1.723      0.000
   456         22  gamma               91   320     0     0     0     0     0     -0.704     -0.122      0.217      0.747      0.000
   457         22  gamma               91   320     0     0     0     0     0     -3.955     -0.364      1.194      4.147      0.000
   458         22  gamma               91   322     0     0     0     0     0     -0.128     -0.032     -0.040      0.138      0.000
   459         22  gamma               91   322     0     0     0     0     0     -0.930     -0.397      0.034      1.011      0.000
   460         22  gamma               91   325     0     0     0     0     0     -0.041      0.017      0.019      0.048      0.000
   461         22  gamma               91   325     0     0     0     0     0      0.020      0.100      0.310      0.327      0.000
   462         22  gamma               91   335     0     0     0     0     0      0.004      0.021      0.279      0.280      0.000
   463         22  gamma               91   335     0     0     0     0     0     -0.236      0.411      2.058      2.112      0.000
   464         22  gamma               91   337     0     0     0     0     0      0.164     -0.171     -0.126      0.268      0.000
   465         22  gamma               91   337     0     0     0     0     0      0.013      0.026     -0.016      0.033      0.000
   466         22  gamma               91   344     0     0     0     0     0      0.370      0.153    176.430    176.430      0.000
   467         22  gamma               91   344     0     0     0     0     0      0.147      0.099     49.086     49.087      0.000
   468         22  gamma               91   349     0     0     0     0     0     -0.112     -0.021      1.395      1.399      0.000
   469         22  gamma               91   349     0     0     0     0     0     -0.126      0.129      2.441      2.447      0.000
   470         22  gamma               91   353     0     0     0     0     0     -0.208     -0.687      2.775      2.866      0.000
   471         22  gamma               91   353     0     0     0     0     0     -0.569     -1.246      5.204      5.381      0.000
   472         22  gamma               91   359     0     0     0     0     0      0.107     -0.011     -0.340      0.357      0.000
   473         22  gamma               91   359     0     0     0     0     0      0.086     -0.051     -0.077      0.126      0.000
   474         22  gamma               91   361     0     0     0     0     0     -0.068      0.095     -0.200      0.232      0.000
   475         22  gamma               91   361     0     0     0     0     0     -0.222      0.049     -0.611      0.652      0.000
   476         22  gamma               91   367     0     0     0     0     0     -0.340     -0.289    -56.829     56.831      0.000
   477         22  gamma               91   367     0     0     0     0     0     -0.155     -0.100    -36.676     36.677      0.000
   478        111  (pi0)              -91   368     0   509   510     0     0      2.934     -2.041    -32.307     32.504      0.135
   479        111  (pi0)              -91   368     0   511   512     0     0      5.177     -3.175    -58.688     59.001      0.135
   480         22  gamma               91   377     0     0     0     0     0     -0.039     -0.028   -100.813    100.813      0.000
   481         22  gamma               91   377     0     0     0     0     0      0.038     -0.205   -195.447    195.447      0.000
   482         22  gamma               91   378     0     0     0     0     0      0.037      0.021    -20.175     20.175      0.000
   483         22  gamma               91   378     0     0     0     0     0      0.115     -0.111   -216.539    216.539      0.000
   484         22  gamma               91   379     0     0     0     0     0     -0.046     -0.025   -244.689    244.689      0.000
   485         22  gamma               91   379     0     0     0     0     0     -0.016      0.005     -3.410      3.410      0.000
   486         12  nu_e                91   392     0     0     0     0     0     -0.566     -5.875     -8.883     10.665      0.000
   487        -11  e+                  91   392     0     0     0     0     0     -0.097    -11.137    -11.776     16.208      0.001
   488       -421  (Dbar0)            -91   392     0   513   515     0     0      0.187    -16.895    -25.466     30.618      1.865
   489        413  (D*+)              -91   394     0   516   517     0     0     -0.159      1.396    -10.823     11.098      2.010
   490       -211  pi-                 91   394     0     0     0     0     0      1.770      0.434    -19.780     19.865      0.140
   491        211  pi+                 91   394     0     0     0     0     0      0.802     -0.238     -8.324      8.367      0.140
   492       -211  pi-                 91   394     0     0     0     0     0      0.576     -0.166     -5.141      5.178      0.140
   493         22  gamma               91   396     0     0     0     0     0     -0.072      0.007     -0.028      0.078      0.000
   494         22  gamma               91   396     0     0     0     0     0     -0.374     -0.227      0.019      0.438      0.000
   495         22  gamma               91   397     0     0     0     0     0     -0.049     -0.104     -0.004      0.115      0.000
   496         22  gamma               91   397     0     0     0     0     0     -0.260     -0.136     -0.117      0.316      0.000
   497         22  gamma               91   398     0     0     0     0     0     -0.331     -0.055     -0.124      0.358      0.000
   498         22  gamma               91   398     0     0     0     0     0     -0.443     -0.113     -0.014      0.457      0.000
   499         22  gamma               91   401     0     0     0     0     0     -0.221     -0.243      0.080      0.338      0.000
   500         22  gamma               91   401     0     0     0     0     0     -0.017      0.017     -0.004      0.024      0.000
   501         22  gamma               91   412     0     0     0     0     0      0.114     -0.032      0.381      0.399      0.000
   502         22  gamma               91   412     0     0     0     0     0     -0.024     -0.006      0.344      0.345      0.000
   503         22  gamma               91   413     0     0     0     0     0     -0.068     -0.023      0.310      0.318      0.000
   504         22  gamma               91   413     0     0     0     0     0     -0.003      0.081      0.157      0.177      0.000
   505         22  gamma               91   414     0     0     0     0     0      0.008     -0.027      0.022      0.036      0.000
   506         22  gamma               91   414     0     0     0     0     0     -0.152     -0.098      0.701      0.724      0.000
   507         22  gamma               91   427     0     0     0     0     0     -0.067     -0.108      0.364      0.386      0.000
   508         22  gamma               91   427     0     0     0     0     0      0.065     -0.064      0.237      0.254      0.000
   509         22  gamma               91   478     0     0     0     0     0      0.288     -0.182     -2.764      2.785      0.000
   510         22  gamma               91   478     0     0     0     0     0      2.646     -1.859    -29.542     29.719      0.000
   511         22  gamma               91   479     0     0     0     0     0      1.549     -0.881    -17.036     17.129      0.000
   512         22  gamma               91   479     0     0     0     0     0      3.629     -2.294    -41.651     41.872      0.000
   513         13  mu-                 91   488     0     0     0     0     0     -0.535     -7.061    -10.649     12.789      0.106
   514        -14  nu_mubar            91   488     0     0     0     0     0      0.144     -5.159     -7.171      8.835      0.000
   515        321  K+                  91   488     0     0     0     0     0      0.578     -4.675     -7.646      8.994      0.494
   516        421  (D0)               -91   489     0   518   520     0     0     -0.123      1.299    -10.182     10.434      1.865
   517        211  pi+                 91   489     0     0     0     0     0     -0.036      0.097     -0.641      0.664      0.140
   518        331  (eta')             -91   516     0   521   522     0     0     -0.315      0.834     -7.049      7.169      0.956
   519       -321  K-                  91   516     0     0     0     0     0     -0.034      0.197     -2.020      2.089      0.494
   520        211  pi+                 91   516     0     0     0     0     0      0.226      0.267     -1.113      1.175      0.140
   521        113  (rho0)             -91   518     0   523   524     0     0     -0.097      0.552     -5.630      5.706      0.740
   522         22  gamma               91   518     0     0     0     0     0     -0.218      0.282     -1.419      1.463      0.000
   523        211  pi+                 91   521     0     0     0     0     0     -0.262      0.603     -4.796      4.843      0.140
   524       -211  pi-                 91   521     0     0     0     0     0      0.165     -0.051     -0.834      0.863      0.140
                                   Charge sum:  2.000           Momentum sum:      0.000     -0.000      0.000  13000.000  13000.000

 --------  End PYTHIA Event Listing  -----------------------------------------------------------------------------------------------
#--------------------------------------------------------------------------
#                     FastJet release 3.4.0 [fjcore]
#                 M. Cacciari, G.P. Salam and G. Soyez                  
#     A software package for jet finding and analysis at colliders      
#                           http://fastjet.fr                           
#	                                                                      
# Please cite EPJC72(2012)1896 [arXiv:1111.6097] if you use this package
# for scientific work and optionally PLB641(2006)57 [hep-ph/0512210].   
#                                                                       
# FastJet is provided without warranty under the GNU GPL v2 or higher.  
# It uses T. Chan's closest pair algorithm, S. Fortune's Voronoi code
# and 3rd party plugin jet algorithms. See COPYING file for details.
#--------------------------------------------------------------------------
 PYTHIA Warning in SimpleSpaceShower::pT2nextQCD: small daughter PDF  
 PYTHIA Warning in SimpleSpaceShower::pT2nextQCD: weight above unity  
 PYTHIA Warning in StringFragmentation::fragmentToJunction: bad convergence junction rest frame  
 PYTHIA Error in BeamRemnants::setKinematics: kinematics construction failed  
 PYTHIA Error in StringFragmentation::fragment: stuck in joining  
 PYTHIA Error in Pythia::next: hadronLevel failed; try again  

 Pythia::next(): 1000 events have been generated 
 PYTHIA Warning in Pythia::check: energy-momentum not quite conserved  
 PYTHIA Error in SimpleSpaceShower::pT2nearThreshold: stuck in loop  

 Pythia::next(): 2000 events have been generated 
 PYTHIA Warning in ColConfig::collect: negative-energy parton encountered  
 PYTHIA Warning in Pythia::check: not quite matched particle energy/momentum/mass  
 PYTHIA Error in Pythia::check: unmatched particle energy/momentum/mass  
 PYTHIA Error in Pythia::next: check of event revealed problems  

 Pythia::next(): 3000 events have been generated 
 PYTHIA Warning in HadronWidths::pickMasses: angular momentum and running widths not used  

 Pythia::next(): 4000 events have been generated 

 Pythia::next(): 5000 events have been generated 
 PYTHIA Warning in MultipartonInteractions::pTnext: weight above unity  

 Pythia::next(): 6000 events have been generated 

 Pythia::next(): 7000 events have been generated 

 Pythia::next(): 8000 events have been generated 
 PYTHIA Error in Pythia::check: energy-momentum not conserved  

 Pythia::next(): 9000 events have been generated 
 PYTHIA Warning in TauDecays::decay: unknown correlated tau production, assuming from unpolarized photon  

 *-------  PYTHIA Event and Cross Section Statistics  -------------------------------------------------------------*
 |                                                                                                                 |
 | Subprocess                                    Code |            Number of events       |      sigma +- delta    |
 |                                                    |       Tried   Selected   Accepted |     (estimated) (mb)   |
 |                                                    |                                   |                        |
 |-----------------------------------------------------------------------------------------------------------------|
 |                                                    |                                   |                        |
 | Les Houches User Process(es)                  9999 |       10000      10000      10000 |   8.293e-08  0.000e+00 |
 |    ... whereof user classification code     322200 |       10000      10000      10000 |                        | 
 |                                                    |                                   |                        |
 | sum                                                |       10000      10000      10000 |   8.293e-08  0.000e+00 |
 |                                                                                                                 |
 *-------  End PYTHIA Event and Cross Section Statistics ----------------------------------------------------------*

 *-------  PYTHIA Error and Warning Messages Statistics  ----------------------------------------------------------* 
 |                                                                                                                 | 
 |  times   message                                                                                                | 
 |                                                                                                                 | 
 |      8   Error in BeamRemnants::setKinematics: kinematics construction failed                                   | 
 |      1   Error in Pythia::check: energy-momentum not conserved                                                  | 
 |      1   Error in Pythia::check: unmatched particle energy/momentum/mass                                        | 
 |      2   Error in Pythia::next: check of event revealed problems                                                | 
 |      3   Error in Pythia::next: hadronLevel failed; try again                                                   | 
 |      3   Error in SimpleSpaceShower::pT2nearThreshold: stuck in loop                                            | 
 |      3   Error in StringFragmentation::fragment: stuck in joining                                               | 
 |      2   Warning in ColConfig::collect: negative-energy parton encountered                                      | 
 |      1   Warning in HadronWidths::pickMasses: angular momentum and running widths not used                      | 
 |      1   Warning in MultipartonInteractions::pTnext: weight above unity                                         | 
 |      2   Warning in Pythia::check: energy-momentum not quite conserved                                          | 
 |      1   Warning in Pythia::check: not quite matched particle energy/momentum/mass                              | 
 |   1791   Warning in SimpleSpaceShower::pT2nextQCD: small daughter PDF                                           | 
 |   4611   Warning in SimpleSpaceShower::pT2nextQCD: weight above unity                                           | 
 |     40   Warning in StringFragmentation::fragmentToJunction: bad convergence junction rest frame                | 
 |      1   Warning in TauDecays::decay: unknown correlated tau production, assuming from unpolarized photon       | 
 |      2   Warning in TimeShower::init: pTmin too low                                                             | 
 |                                                                                                                 | 
 *-------  End PYTHIA Error and Warning Messages Statistics  ------------------------------------------------------* 
Using LHE File: /nfs/dust/cms/user/amoroso/powheg/POWHEG-BOX-V2/ttJ_MiNNLOPS_v1.0_beta1/decay-ll/pwgevents-0857.lhe
less then 10000 events in LHE, using all LHE events
np.shape(P0) = (10000, 3, 9)
np.shape(nJets) = (10000, 2)
np.shape(jets_4vectors) = (10000, 20, 6)
