Configured CUDA from: /cvmfs/sft.cern.ch/lcg/releases/cuda/12.4-4899e/x86_64-el9-gcc11-opt

 *------------------------------------------------------------------------------------* 
 |                                                                                    | 
 |  *------------------------------------------------------------------------------*  | 
 |  |                                                                              |  | 
 |  |                                                                              |  | 
 |  |   PPP   Y   Y  TTTTT  H   H  III    A      Welcome to the Lund Monte Carlo!  |  | 
 |  |   P  P   Y Y     T    H   H   I    A A     This is PYTHIA version 8.309      |  | 
 |  |   PPP     Y      T    HHHHH   I   AAAAA    Last date of change: 16 Feb 2023  |  | 
 |  |   P       Y      T    H   H   I   A   A                                      |  | 
 |  |   P       Y      T    H   H  III  A   A    Now is 03 Sep 2024 at 15:25:36    |  | 
 |  |                                                                              |  | 
 |  |   Program documentation and an archive of historic versions is found on:     |  | 
 |  |                                                                              |  | 
 |  |                               https://pythia.org/                            |  | 
 |  |                                                                              |  | 
 |  |   PYTHIA is authored by a collaboration consisting of:                       |  | 
 |  |                                                                              |  | 
 |  |   Christian Bierlich, Nishita Desai, Leif Gellersen, Ilkka Helenius, Philip  |  | 
 |  |   Ilten, Leif Lonnblad, Stephen Mrenna, Stefan Prestel, Christian Preuss,    |  | 
 |  |   Torbjorn Sjostrand, Peter Skands, Marius Utheim and Rob Verheyen.          |  | 
 |  |                                                                              |  | 
 |  |   The complete list of authors, including contact information and            |  | 
 |  |   affiliations, can be found on https://pythia.org/.                         |  | 
 |  |   Problems or bugs should be reported on email at authors@pythia.org.        |  | 
 |  |                                                                              |  | 
 |  |   The main program reference is C. Bierlich et al,                           |  | 
 |  |   'A comprehensive guide to the physics and usage of Pythia 8.3',            |  | 
 |  |   SciPost Phys. Codebases 8-r8.3 (2022) [arXiv:2203.11601 [hep-ph]]          |  | 
 |  |                                                                              |  | 
 |  |   PYTHIA is released under the GNU General Public Licence version 2 or later.|  | 
 |  |   Please respect the MCnet Guidelines for Event Generator Authors and Users. |  | 
 |  |                                                                              |  | 
 |  |   Disclaimer: this program comes without any guarantees.                     |  | 
 |  |   Beware of errors and use common sense when interpreting results.           |  | 
 |  |                                                                              |  | 
 |  |   Copyright (C) 2023 Torbjorn Sjostrand                                      |  | 
 |  |                                                                              |  | 
 |  |                                                                              |  | 
 |  *------------------------------------------------------------------------------*  | 
 |                                                                                    | 
 *------------------------------------------------------------------------------------* 


 *-------  PYTHIA Process Initialization  --------------------------*
 |                                                                  |
 | We collide p+ with p+ at a CM energy of 1.300e+04 GeV            |
 |                                                                  |
 |------------------------------------------------------------------|
 |                                                    |             |
 | Subprocess                                    Code |   Estimated |
 |                                                    |    max (mb) |
 |                                                    |             |
 |------------------------------------------------------------------|
 |                                                    |             |
 | Les Houches User Process(es)                  9999 |   1.000e-09 |
 |                                                                  |
 *-------  End PYTHIA Process Initialization -----------------------*
 PYTHIA Warning in TimeShower::init: pTmin too low , raised to 0.611

 *-------  PYTHIA Multiparton Interactions Initialization  ---------* 
 |                                                                  | 
 |                   sigmaNonDiffractive =    55.51 mb              | 
 |                                                                  | 
 |    pT0 =  1.44 gives sigmaInteraction =   393.74 mb: accepted    | 
 |                                                                  | 
 *-------  End PYTHIA Multiparton Interactions Initialization  -----* 

 *-------  PYTHIA Flag + Mode + Parm + Word + FVec + MVec + PVec + WVec Settings (changes only)  ------------------* 
 |                                                                                                                 | 
 | Name                                          |                      Now |      Default         Min         Max | 
 |                                               |                          |                                      | 
 | Beams:frameType                               |                        4 |            1           1           5 | 
 | Beams:LHEF                                    | /nfs/dust/cms/user/amoroso/powheg/POWHEG-BOX-V2/ttJ_MiNNLOPS_v1.0_beta1/decay-ll/pwgevents-0875.lhe |         void | 
 | ColourReconnection:range                      |                  5.17600 |      1.80000         0.0    10.00000 | 
 | Main:timesAllowErrors                         |                      500 |           10           0             | 
 | MultipartonInteractions:alphaSorder           |                        2 |            1           0           3 | 
 | MultipartonInteractions:alphaSvalue           |                  0.11800 |      0.13000   0.0600000     0.25000 | 
 | MultipartonInteractions:bProfile              |                        2 |            3           0           4 | 
 | MultipartonInteractions:coreFraction          |                  0.63000 |      0.50000         0.0     1.00000 | 
 | MultipartonInteractions:coreRadius            |                  0.76340 |      0.40000     0.10000     1.00000 | 
 | MultipartonInteractions:ecmPow                |                0.0334400 |      0.21500         0.0     0.50000 | 
 | MultipartonInteractions:pT0Ref                |                  1.41000 |      2.28000     0.50000    10.00000 | 
 | ParticleDecays:limitTau                       |                       on |          off                         | 
 | PDF:pSet                                      |                       20 |           13                         | 
 | Random:seed                                   |                      875 |           -1               900000000 | 
 | Random:setSeed                                |                       on |          off                         | 
 | SigmaProcess:alphaSorder                      |                        2 |            1           0           3 | 
 | SigmaProcess:alphaSvalue                      |                  0.11800 |      0.13000   0.0600000     0.25000 | 
 | SigmaTotal:mode                               |                        0 |            1           0           4 | 
 | SigmaTotal:sigmaEl                            |                 21.89000 |     25.00000         0.0             | 
 | SigmaTotal:sigmaTot                           |                100.30900 |    100.00000         0.0             | 
 | SigmaTotal:zeroAXB                            |                      off |           on                         | 
 | SpaceShower:alphaSorder                       |                        2 |            1           0           3 | 
 | SpaceShower:alphaSvalue                       |                  0.11800 |      0.13650   0.0600000     0.25000 | 
 | SpaceShower:dipoleRecoil                      |                       on |          off                         | 
 | SpaceShower:pTmaxMatch                        |                        1 |            0           0           2 | 
 | TimeShower:alphaSorder                        |                        2 |            1           0           3 | 
 | TimeShower:alphaSvalue                        |                  0.11800 |      0.13650   0.0600000     0.25000 | 
 |                                                                                                                 | 
 *-------  End PYTHIA Flag + Mode + Parm + Word + FVec + MVec + PVec + WVec Settings  -----------------------------* 

 --------  PYTHIA Particle Data Table (changed only)  ------------------------------------------------------------------------------
 
      id   name            antiName         spn chg col      m0        mWidth      mMin       mMax       tau0    res dec ext vis wid
             no onMode   bRatio   meMode     products 

       6  t                tbar               2   2   1  173.00000    1.36916   86.00000    0.00000  1.44122e-13   1   1   0   1   0
              0     1   0.0000664    0       24        1 
              1     1   0.0017361    0       24        3 
              2     1   0.9981975    0       24        5 
              3     1   0.0000000    0       37        5 

 --------  End PYTHIA Particle Data Table  -----------------------------------------------------------------------------------------


 --------  LHA event information and listing  ---------------------------------------------------------------------- 

    process =   322200    weight =   1.0325e+02     scale =   5.0970e+00 (GeV) 
                        alpha_em =  -1.0000e+00    alpha_strong =   2.3641e-01

    Participating Particles 
    no        id stat     mothers     colours      p_x        p_y        p_z         e          m        tau    spin 
     1        -2   -1     0     0     0   513      0.000      0.000     95.139     95.139      0.000   0.000   9.000
     2         2   -1     0     0   512     0      0.000      0.000  -1062.174   1062.174      0.000   0.000   9.000
     3         6    2     1     2   511     0     55.398    231.275   -328.522    439.870    170.300   0.000   9.000
     4        -6    2     1     2     0   513    -28.654   -238.218   -575.991    647.161    171.703   0.000   9.000
     5        21    1     1     2   514   511    -27.111      8.725    -62.233     68.440      0.000   0.000   9.000
     6        21    1     1     2   512   514      0.367     -1.781     -0.290      1.842      0.000   0.000   9.000
     7         5    1     3     3   511     0     27.250    193.160   -184.032    268.227      4.920   0.000  -1.000
     8        24    2     3     3     0     0     28.148     38.114   -144.489    171.643     79.619   0.000   9.000
     9        -5    1     4     4     0   513    -19.650    -67.755    -45.121     83.887      4.920   0.000   1.000
    10       -24    2     4     4     0     0     -9.004   -170.463   -530.870    563.274     79.471   0.000   9.000
    11       -15    1     8     8     0     0      7.751     21.344      1.933     22.859      1.777   0.000   1.000
    12        16    1     8     8     0     0     20.397     16.770   -146.422    148.784      0.000   0.000  -1.000
    13        11    1    10    10     0     0    -36.423    -38.774   -171.105    179.184      0.001   0.000  -1.000
    14       -12    1    10    10     0     0     27.420   -131.690   -359.765    384.090      0.000   0.000   1.000

 --------  End LHA event information and listing  ------------------------------------------------------------------ 

 --------  PYTHIA Info Listing  ---------------------------------------- 
 
 Beam A: id =   2212, pz =  6.500e+03, e =  6.500e+03, m =  9.383e-01.
 Beam B: id =   2212, pz = -6.500e+03, e =  6.500e+03, m =  9.383e-01.

 In 1: id =   -2, x =  1.464e-02, pdf =  0.000e+00 at Q2 =  2.598e+01.
 In 2: id =    2, x =  1.634e-01, pdf =  0.000e+00 at same Q2.

 Process Les Houches User Process(es) with code 9999 is 2 -> 4.
 Subprocess user process 322200 with code 322200 is 2 -> 4.
     alphaEM =  7.572e-03,  alphaS =  2.364e-01    at Q2 =  2.598e+01.

 Impact parameter b =  1.044e+00 gives enhancement factor =  4.867e-01.
 Max pT scale for MPI =  1.300e+04, ISR =  5.097e+00, FSR =  5.097e+00.
 Number of MPI =     5, ISR =     6, FSRproc =    13, FSRreson =     7.

 --------  End PYTHIA Info Listing  ------------------------------------

 --------  PYTHIA Event Listing  (hard process)  -----------------------------------------------------------------------------------
 
    no         id  name            status     mothers   daughters     colours      p_x        p_y        p_z         e          m 
     0         90  (system)           -11     0     0     0     0     0     0      0.000      0.000      0.000  13000.000  13000.000
     1       2212  (p+)               -12     0     0     3     0     0     0      0.000      0.000   6500.000   6500.000      0.938
     2       2212  (p+)               -12     0     0     4     0     0     0      0.000      0.000  -6500.000   6500.000      0.938
     3         -2  (ubar)             -21     1     0     5     8     0   513      0.000      0.000     95.139     95.139      0.000
     4          2  (u)                -21     2     0     5     8   512     0      0.000      0.000  -1062.174   1062.174      0.000
     5          6  (t)                -22     3     4     9    10   511     0     55.398    231.275   -328.522    439.870    170.300
     6         -6  (tbar)             -22     3     4    11    12     0   513    -28.654   -238.218   -575.991    647.161    171.703
     7         21  g                   23     3     4     0     0   514   511    -27.111      8.725    -62.233     68.440      0.000
     8         21  g                   23     3     4     0     0   512   514      0.367     -1.781     -0.290      1.842      0.000
     9          5  b                   23     5     0     0     0   511     0     27.250    193.160   -184.032    268.227      4.920
    10         24  (W+)               -22     5     0    13    14     0     0     28.148     38.114   -144.489    171.643     79.619
    11         -5  bbar                23     6     0     0     0     0   513    -19.650    -67.755    -45.121     83.887      4.920
    12        -24  (W-)               -22     6     0    15    16     0     0     -9.004   -170.463   -530.870    563.274     79.471
    13        -15  tau+                23    10     0     0     0     0     0      7.751     21.344      1.933     22.859      1.777
    14         16  nu_tau              23    10     0     0     0     0     0     20.397     16.770   -146.422    148.784      0.000
    15         11  e-                  23    12     0     0     0     0     0    -36.423    -38.774   -171.105    179.184      0.001
    16        -12  nu_ebar             23    12     0     0     0     0     0     27.420   -131.690   -359.765    384.090      0.000
                                   Charge sum:  0.000           Momentum sum:     -0.000      0.000   -967.036   1157.313    635.779

 --------  End PYTHIA Event Listing  -----------------------------------------------------------------------------------------------

 --------  PYTHIA Event Listing  (complete event)  ---------------------------------------------------------------------------------
 
    no         id  name            status     mothers   daughters     colours      p_x        p_y        p_z         e          m 
     0         90  (system)           -11     0     0     0     0     0     0      0.000      0.000      0.000  13000.000  13000.000
     1       2212  (p+)               -12     0     0   104     0     0     0      0.000      0.000   6500.000   6500.000      0.938
     2       2212  (p+)               -12     0     0   105     0     0     0      0.000      0.000  -6500.000   6500.000      0.938
     3         -2  (ubar)             -21    34    34     5     8     0   513      0.000      0.000     95.139     95.139      0.000
     4          2  (u)                -21    35     0     5     8   512     0      0.000      0.000  -1062.174   1062.174      0.000
     5          6  (t)                -22     3     4    33    33   511     0     55.398    231.275   -328.522    439.870    170.300
     6         -6  (tbar)             -22     3     4    37    37     0   513    -28.654   -238.218   -575.991    647.161    171.703
     7         21  (g)                -23     3     4    31    32   514   511    -27.111      8.725    -62.233     68.440      0.000
     8         21  (g)                -23     3     4    39    39   512   514      0.367     -1.781     -0.290      1.842      0.000
     9         21  (g)                -31    13     0    11    12   516   515      0.000      0.000      1.782      1.782      0.000
    10          4  (c)                -31    14    14    11    12   515     0      0.000      0.000    -10.057     10.057      0.000
    11         21  (g)                -33     9    10    15    15   516   517     -3.749      0.614     -1.850      4.226      0.000
    12          4  (c)                -33     9    10    16    16   517     0      3.749     -0.614     -6.425      7.613      1.500
    13         21  (g)                -41    18    18    17     9   518   515      0.000     -0.000    177.381    177.381      0.000
    14          4  (c)                -42    19     0    10    10   515     0     -0.000      0.000    -10.057     10.057      0.000
    15         21  (g)                -44    11    11    20    20   516   517     -5.390      1.689     -4.651      7.317      0.000
    16          4  (c)                -44    12    12    21    21   517     0      2.928     -0.075     -3.394      4.727      1.500
    17         21  (g)                -43    13     0    22    22   518   516      2.462     -1.614    175.369    175.394      0.000
    18         21  (g)                -42    24    24    13    13   518   515      0.000     -0.000    177.381    177.381      0.000
    19          4  (c)                -41    25     0    23    14   519     0     -0.000      0.000    -10.611     10.611      0.000
    20         21  (g)                -44    15    15    26    26   516   517     -6.584      1.755     -4.161      7.984      0.000
    21          4  (c)                -44    16    16    27    27   517     0      2.119     -0.031     -3.712      4.529      1.500
    22         21  (g)                -44    17    17    28    28   518   516      2.459     -1.614    172.562    172.587      0.000
    23         21  (g)                -43    19     0    29    29   519   515      2.006     -0.110      2.081      2.893      0.000
    24         21  (g)                -42    55    55    18    18   518   515      0.000     -0.000    177.381    177.381      0.000
    25         21  (g)                -41    56     0    30    19   519   520     -0.000      0.000    -14.102     14.102      0.000
    26         21  (g)                -44    20    20    52    53   516   517     -6.584      1.755     -4.161      7.984      0.000
    27          4  (c)                -44    21    21    58    58   517     0      2.119     -0.031     -3.712      4.529      1.500
    28         21  (g)                -44    22    22    54    54   518   516      2.459     -1.614    172.562    172.587      0.000
    29         21  (g)                -44    23    23    60    60   519   515      1.577     -0.919      1.901      2.635      0.000
    30         -4  (cbar)             -43    25     0    61    61     0   520      0.429      0.809     -3.310      3.748      1.500
    31         21  (g)                -51     7     0    38    38   514   521     -4.446      3.464    -12.270     13.502      0.000
    32         21  (g)                -51     7     0    40    40   521   511    -22.488      5.515    -50.127     55.217      0.000
    33          6  (t)                -52     5     5    36    36   511     0     55.221    231.020   -328.358    439.591    170.300
    34         -2  (ubar)             -42   104   104     3     3     0   513      0.000      0.000     95.139     95.139      0.000
    35          2  (u)                -41   105   105    41     4   523     0     -0.000      0.000  -1112.714   1112.714      0.000
    36          6  (t)                -44    33    33    78    78   511     0     55.221    231.020   -328.358    439.591    170.300
    37         -6  (tbar)             -44     6     6   107   107     0   513    -28.654   -238.218   -575.991    647.161    171.703
    38         21  (g)                -44    31    31    46    47   514   521     -4.446      3.464    -12.270     13.502      0.000
    39         21  (g)                -44     8     8    48    48   512   514     -0.388     -0.504      0.633      0.897      0.000
    40         21  (g)                -44    32    32    51    51   521   511    -22.488      5.515    -50.127     55.217      0.000
    41         21  (g)                -43    35     0   111   111   523   512      0.756     -1.278    -51.462     51.484      0.000
    42         21  (g)                -31    91    91    44    45   525   524      0.000      0.000      0.082      0.082      0.000
    43         21  (g)                -31    92     0    44    45   527   526      0.000      0.000    -23.545     23.545      0.000
    44         21  (g)                -33    42    43    93    93   527   524     -0.326     -1.242     -7.260      7.373      0.000
    45         21  (g)                -33    42    43    94    94   525   526      0.326      1.242    -16.204     16.254      0.000
    46         21  (g)                -51    38     0    49    50   528   521     -1.782      2.884     -6.056      6.941      0.000
    47         21  (g)                -51    38     0    88    89   514   528     -2.728      0.497     -6.109      6.709      0.000
    48         21  (g)                -52    39    39   109   109   512   514     -0.325     -0.421      0.529      0.750      0.000
    49         21  (g)                -51    46     0    90    90   528   529     -2.689      2.746    -10.002     10.715      0.000
    50         21  (g)                -51    46     0    72    72   529   521     -1.792      0.800     -2.071      2.854      0.000
    51         21  (g)                -52    40    40    70    71   521   511    -19.789      4.853    -44.110     48.588      0.000
    52         21  (g)                -51    26     0    57    57   530   517     -5.767      2.589     -4.094      7.531      0.000
    53         21  (g)                -51    26     0    62    62   516   530     -0.801     -0.845      1.043      1.563      0.000
    54         21  (g)                -52    28    28    59    59   518   516      2.444     -1.604    171.451    171.476      0.000
    55         21  (g)                -42   118   118    24    24   518   515      0.000     -0.000    177.381    177.381      0.000
    56         21  (g)                -41   119   119    63    25   531   520     -0.000      0.000    -30.667     30.667      0.000
    57         21  (g)                -44    52    52   120   120   530   517     -5.767      2.589     -4.094      7.531      0.000
    58          4  (c)                -44    27    27   121   121   517     0      2.119     -0.031     -3.712      4.529      1.500
    59         21  (g)                -44    54    54    73    74   518   516      2.444     -1.604    171.451    171.476      0.000
    60         21  (g)                -44    29    29    66    66   519   515      1.577     -0.919      1.901      2.635      0.000
    61         -4  (cbar)             -44    30    30   124   124     0   520      1.426      0.715     -5.761      6.163      1.500
    62         21  (g)                -44    53    53    75    75   516   530     -0.801     -0.845      1.043      1.563      0.000
    63         21  (g)                -43    56     0    64    65   531   519     -0.997      0.095    -14.115     14.150      0.000
    64         21  (g)                -51    63     0    69    69   531   532     -0.517     -0.930    -11.173     11.223      0.000
    65         21  (g)                -51    63     0    67    68   532   519     -0.409      0.982     -2.855      3.047      0.000
    66         21  (g)                -52    60    60    87    87   519   515      1.505     -0.877      1.814      2.515      0.000
    67         21  (g)                -51    65     0    85    86   533   519      0.652     -0.228     -3.561      3.627      0.000
    68         21  (g)                -51    65     0   128   128   532   533     -1.425      0.555     -7.177      7.338      0.000
    69         21  (g)                -52    64    64   126   126   531   532     -0.152     -0.274     -3.290      3.305      0.000
    70         21  (g)                -51    51     0    76    77   534   511    -11.738      2.368    -23.731     26.581      0.000
    71         21  (g)                -51    51     0    84    84   521   534     -8.473      2.674    -20.867     22.680      0.000
    72         21  (g)                -52    50    50    82    83   529   521     -1.370      0.612     -1.583      2.181      0.000
    73         21  (g)                -51    59     0   122   122   518   535      1.296     -1.526     72.100     72.128      0.000
    74         21  (g)                -51    59     0    81    81   535   516      1.133     -0.093     99.370     99.376      0.000
    75         21  (g)                -52    62    62    79    80   516   530     -0.786     -0.830      1.024      1.535      0.000
    76         21  (g)                -51    70     0   110   110   534   536    -10.393      2.714    -22.355     24.802      0.000
    77         21  (g)                -51    70     0   115   115   536   511     -1.248     -0.199     -1.483      1.949      0.000
    78          6  (t)                -52    36    36   106   106   511     0     55.124    230.873   -328.250    439.422    170.300
    79         21  (g)                -51    75     0   125   125   539   530     -1.131     -0.477      1.344      1.820      0.000
    80         21  (g)                -51    75     0   130   130   516   539      0.396     -0.357      4.104      4.138      0.000
    81         21  (g)                -52    74    74   129   129   535   516      1.082     -0.088     94.947     94.953      0.000
    82         21  (g)                -51    72     0   113   113   529   540     -3.088      0.588     -5.777      6.577      0.000
    83         21  (g)                -51    72     0   116   116   540   521     -0.513      0.728     -1.302      1.577      0.000
    84         21  (g)                -52    71    71   114   114   521   534     -6.241      1.970    -15.371     16.707      0.000
    85         21  (g)                -51    67     0   127   127   533   541      1.041     -0.537     -2.739      2.979      0.000
    86         21  (g)                -51    67     0   131   131   541   519     -0.294      0.253     -0.708      0.807      0.000
    87         21  (g)                -52    66    66   123   123   519   515      1.410     -0.822      1.700      2.357      0.000
    88         21  (g)                -51    47     0   112   112   514   542     -3.424      1.168     -7.555      8.376      0.000
    89         21  (g)                -51    47     0   117   117   542   528     -0.370      0.417     -2.517      2.578      0.000
    90         21  (g)                -52    49    49   108   108   528   529     -1.624      1.658     -6.039      6.470      0.000
    91         21  (g)                -42   132   132    42    42   525   524      0.000      0.000      0.082      0.082      0.000
    92         21  (g)                -41   133   133    95    43   527   543     -0.000     -0.000    -61.723     61.723      0.000
    93         21  (g)                -44    44    44   134   134   527   524     -0.326     -1.242     -7.260      7.373      0.000
    94         21  (g)                -44    45    45   135   135   525   526     -0.027      0.655     -4.645      4.691      0.000
    95         21  (g)                -43    92     0   136   136   526   543      0.353      0.586    -49.736     49.741      0.000
    96          3  (s)                -31   137   137    98    99   544     0      0.000      0.000      0.001      0.001      0.000
    97         21  (g)                -31   138   138    98    99   545   546      0.000      0.000   -608.830    608.830      0.000
    98          3  (s)                -33    96    97   139   139   545     0      0.245      0.130    -96.841     96.843      0.500
    99         21  (g)                -33    96    97   140   140   544   546     -0.245     -0.130   -511.988    511.988      0.000
   100         21  (g)                -31   141   141   102   103   548   547      0.000      0.000     86.484     86.484      0.000
   101         21  (g)                -31   142   142   102   103   547   549      0.000      0.000     -0.007      0.007      0.000
   102         21  (g)                -33   100   101   143   143   550   549      0.159      0.183      2.120      2.134      0.000
   103         21  (g)                -33   100   101   144   144   548   550     -0.159     -0.183     84.357     84.357      0.000
   104         -2  (ubar)             -61     1     0    34    34     0   513      1.401     -0.831     95.132     95.146      0.000
   105          2  (u)                -61     2     0    35    35   544     0      0.165     -1.349  -1112.716   1112.717      0.000
   106          6  (t)                -62    78    78   150   151   511     0     55.999    229.923   -327.788    438.688    170.300
   107         -6  (tbar)             -62    37    37   152   153     0   519    -28.039   -239.272   -576.682    648.137    171.703
   108         21  (g)                -62    90    90   204   204   528   529     -1.620      1.649     -6.021      6.450      0.000
   109         21  (g)                -62    48    48   181     0   512   539     -0.315     -0.426      0.530      0.749      0.000
   110         21  (g)                -62    76    76   200   200   534   536    -10.372      2.675    -22.269     24.711      0.000
   111         21  (g)                -62    41    41   185     0   523   531      0.764     -1.340    -51.473     51.496      0.000
   112         21  (g)                -62    88    88   207   207   514   525     -3.417      1.154     -7.525      8.345      0.000
   113         21  (g)                -62    82    82   203   203   529   540     -3.082      0.577     -5.752      6.551      0.000
   114         21  (g)                -62    84    84   201   201   521   534     -6.229      1.944    -15.319     16.651      0.000
   115         21  (g)                -62    77    77   199   199   536   530     -1.245     -0.203     -1.475      1.940      0.000
   116         21  (g)                -62    83    83   179     0   540   541     -0.511      0.725     -1.296      1.570      0.000
   117         21  (g)                -62    89    89   180     0   542   528     -0.369      0.414     -2.513      2.574      0.000
   118         21  (g)                -61     1     0    55    55   520   520      1.801      1.504    177.418    177.433      0.000
   119         21  (g)                -61     2     0    56    56   515   515      1.504      1.204    -30.642     30.702      0.000
   120         21  (g)                -62    57    57   198   198   530   511     -5.465      2.831     -4.161      7.430      0.000
   121          4  (c)                -62    58    58   270   270   517     0      2.325      0.135     -3.667      4.596      1.500
   122         21  (g)                -62    73    73   240   240   518   513      2.029     -0.914     72.117     72.151      0.000
   123         21  (g)                -62    87    87   244   244   519   550      1.447     -0.792      1.715      2.380      0.000
   124         -4  (cbar)             -62    61    61   209   209     0   512      1.721      0.951     -5.717      6.229      1.500
   125         21  (g)                -62    79    79   181     0   539   514     -1.104     -0.455      1.315      1.776      0.000
   126         21  (g)                -62    69    69   185     0   531   527      0.010     -0.144     -3.295      3.298      0.000
   127         21  (g)                -62    85    85   271   271   533   517      1.182     -0.423     -2.724      3.000      0.000
   128         21  (g)                -62    68    68   180     0   532   542     -1.069      0.840     -7.190      7.317      0.000
   129         21  (g)                -62    81    81   241   241   535   518      2.047      0.717     94.986     95.010      0.000
   130         21  (g)                -62    80    80   183     0   516   548      0.438     -0.321      4.107      4.143      0.000
   131         21  (g)                -62    86    86   179     0   541   521     -0.256      0.283     -0.709      0.806      0.000
   132         21  (g)                -61     1     0    91    91   543   543     -1.654      0.893     -9.327      9.515      0.000
   133         21  (g)                -61     2     0    92    92   524   524     -1.138      0.959    -67.575     67.591      0.000
   134         21  (g)                -62    93    93   272   272   527   533     -1.547     -0.557    -11.370     11.488      0.000
   135         21  (g)                -62    94    94   206   206   525   532     -0.642      1.031    -11.351     11.416      0.000
   136         21  (g)                -62    95    95   274   274   526   523     -0.604      1.378    -54.182     54.202      0.000
   137          3  (s)                -61     1     0    96    96   544     0      0.127     -0.038     -4.994      4.996      0.000
   138         21  (g)                -61     2     0    97    97   545   544      0.047      0.064   -608.241    608.241      0.000
   139          3  (s)                -62    98    98   186   186   545     0      0.376      0.105   -116.312    116.314      0.500
   140         21  (g)                -62    99    99   275   275   544   526     -0.201     -0.079   -496.922    496.923      0.000
   141         21  (g)                -61     1     0   100   100   549   549     -0.010     -0.237     88.201     88.201      0.000
   142         21  (g)                -61     2     0   101   101   547   547     -0.017     -0.117      0.489      0.503      0.000
   143         21  (g)                -62   102   102   183     0   550   516      0.142      0.067      0.922      0.935      0.000
   144         21  (g)                -62   103   103   242   242   548   535     -0.169     -0.422     87.767     87.769      0.000
   145          2  (u)                -63     1     0   239   239   513     0     -0.509     -0.722    266.152    266.154      0.330
   146       2101  (ud_0)             -63     1     0   276   276     0   544     -0.348     -0.153   4673.361   4673.361      0.579
   147          2  (u)                -63     1     0   191   196   553     0     -0.530     -0.547   1198.293   1198.293      0.330
   148         -3  (sbar)             -63     1     0   191   196     0   553     -0.277      0.131      0.692      0.907      0.500
   149       2101  (ud_0)             -63     2     0   187   187     0   545     -0.560     -0.761  -4666.241   4666.241      0.579
   150          5  (b)                -23   106     0   197   197   511     0     27.617    192.336   -183.585    267.364      4.920
   151         24  (W+)               -22   106     0   163   164     0     0     28.382     37.587   -144.203    171.324     79.619
   152         -5  (bbar)             -23   107     0   154   155     0   519    -19.570    -67.891    -45.211     84.027      4.920
   153        -24  (W-)               -22   107     0   156   156     0     0     -8.468   -171.380   -531.472    564.111     79.471
   154         -5  (bbar)             -51   152     0   159   159     0   556    -15.587    -54.660    -33.073     65.944      4.920
   155         21  (g)                -51   152     0   157   158   556   519     -3.975    -13.759    -14.129     20.118      0.000
   156        -24  (W-)               -52   153   153   171   172     0     0     -8.477   -170.853   -529.480    562.074     79.471
   157         21  (g)                -51   155     0   162   162   557   519     -2.675     -9.647    -10.608     14.586      0.000
   158         21  (g)                -51   155     0   160   161   556   557     -2.417     -8.039     -5.626     10.106      0.000
   159         -5  (bbar)             -52   154   154   184     0     0   556    -14.470    -50.733    -30.968     61.371      4.920
   160         21  (g)                -51   158     0   184     0   556   558     -2.279     -7.877     -5.460      9.851      0.000
   161         21  (g)                -51   158     0   182     0   558   557     -1.090     -3.594     -3.939      5.442      0.000
   162         21  (g)                -52   157   157   182     0   557   519     -1.723     -6.216     -6.835      9.398      0.000
   163        -15  (tau+)             -23   151     0   165   166     0     0      7.782     21.274      1.971     22.807      1.777
   164         16  (nu_tau)           -23   151     0   167   167     0     0     20.601     16.313   -146.174    148.517      0.000
   165        -15  (tau+)             -51   163     0   168   169     0     0      6.609     15.512      3.125     17.240      1.777
   166         22  (gamma)            -51   163     0   170   170     0     0      1.266      5.836     -1.820      6.243      0.000
   167         16  nu_tau              52   164   164     0     0     0     0     20.507     16.239   -145.508    147.841      0.000
   168        -15  (tau+)             -51   165     0   365   366     0     0      6.600     15.523      3.122     17.246      1.777
   169         22  gamma               51   165     0     0     0     0     0      0.014      0.012     -0.003      0.019      0.000
   170         22  gamma               52   166   166     0     0     0     0      1.261      5.813     -1.813      6.218      0.000
   171         11  (e-)               -23   156     0   173   174     0     0    -36.256    -38.898   -170.663    178.755      0.001
   172        -12  (nu_ebar)          -23   156     0   175   175     0     0     27.779   -131.955   -358.818    383.319      0.000
   173         11  (e-)               -51   171     0   176   177     0     0    -36.248    -38.889   -170.626    178.716      0.001
   174         22  (gamma)            -51   171     0   178   178     0     0     -0.008     -0.008     -0.037      0.039      0.000
   175        -12  nu_ebar             52   172   172     0     0     0     0     27.779   -131.955   -358.818    383.319      0.000
   176         11  e-                  51   173     0     0     0     0     0    -36.246    -38.887   -170.617    178.707      0.001
   177         22  gamma               51   173     0     0     0     0     0     -0.002     -0.002     -0.009      0.009      0.000
   178         22  gamma               52   174   174     0     0     0     0     -0.008     -0.008     -0.037      0.039      0.000
   179         21  (g)                -73   116   131   202   202   540   521     -0.767      1.008     -2.005      2.376      0.138
   180         21  (g)                -73   117   128   205   205   532   528     -1.438      1.254     -9.703      9.891      0.202
   181         21  (g)                -73   109   125   208   208   512   514     -1.419     -0.881      1.844      2.525      0.431
   182         21  (g)                -73   161   162   245   245   558   519     -2.813     -9.809    -10.774     14.840      0.124
   183         21  (g)                -73   130   143   243   243   550   548      0.580     -0.254      5.028      5.078      0.308
   184         -5  (bbar)             -73   159   160   246   246     0   558    -16.748    -58.610    -36.428     71.223      5.481
   185         21  (g)                -73   111   126   273   273   523   527      0.773     -1.485    -54.767     54.794      0.279
   186          3  (s)                -71   139   139   188   190   545     0      0.376      0.105   -116.312    116.314      0.500
   187       2101  (ud_0)             -71   149   149   188   190     0   545     -0.560     -0.761  -4666.241   4666.241      0.579
   188        333  (phi)              -83   186   187   367   368     0     0      0.460      0.180   -441.863    441.864      1.023
   189       -311  (Kbar0)            -84   186   187   310   310     0     0     -0.484     -0.460  -1712.393   1712.393      0.498
   190       2112  n0                  84   186   187     0     0     0     0     -0.161     -0.375  -2628.298   2628.298      0.940
   191        111  (pi0)              -83   147   148   369   370     0     0     -0.696     -0.358    493.774    493.774      0.135
   192        211  pi+                 83   147   148     0     0     0     0      0.349      0.228    228.452    228.453      0.140
   193        113  (rho0)             -83   147   148   311   312     0     0     -0.233     -0.346    280.592    280.594      1.002
   194        223  (omega)            -84   147   148   371   372     0     0      0.489     -0.209    139.387    139.390      0.758
   195        113  (rho0)             -84   147   148   313   314     0     0     -0.174      0.022     55.412     55.416      0.613
   196        311  (K0)               -84   147   148   315   315     0     0     -0.543      0.249      1.367      1.572      0.498
   197          5  (b)                -71   150   150   210   238   511     0     27.617    192.336   -183.585    267.364      4.920
   198         21  (g)                -71   120   120   210   238   530   511     -5.465      2.831     -4.161      7.430      0.000
   199         21  (g)                -71   115   115   210   238   536   530     -1.245     -0.203     -1.475      1.940      0.000
   200         21  (g)                -71   110   110   210   238   534   536    -10.372      2.675    -22.269     24.711      0.000
   201         21  (g)                -71   114   114   210   238   521   534     -6.229      1.944    -15.319     16.651      0.000
   202         21  (g)                -71   179   179   210   238   540   521     -0.767      1.008     -2.005      2.376      0.138
   203         21  (g)                -71   113   113   210   238   529   540     -3.082      0.577     -5.752      6.551      0.000
   204         21  (g)                -71   108   108   210   238   528   529     -1.620      1.649     -6.021      6.450      0.000
   205         21  (g)                -71   180   180   210   238   532   528     -1.438      1.254     -9.703      9.891      0.202
   206         21  (g)                -71   135   135   210   238   525   532     -0.642      1.031    -11.351     11.416      0.000
   207         21  (g)                -71   112   112   210   238   514   525     -3.417      1.154     -7.525      8.345      0.000
   208         21  (g)                -71   181   181   210   238   512   514     -1.419     -0.881      1.844      2.525      0.431
   209         -4  (cbar)             -71   124   124   210   238     0   512      1.721      0.951     -5.717      6.229      1.500
   210       -513  (B*bar0)           -83   197   209   373   374     0     0     24.152    170.369   -162.351    236.633      5.325
   211       -211  pi-                 83   197   209     0     0     0     0      2.517     16.488    -16.392     23.386      0.140
   212        213  (rho+)             -83   197   209   316   317     0     0     -0.110      4.143     -2.887      5.203      1.250
   213        111  (pi0)              -83   197   209   375   376     0     0     -0.109      2.099     -2.957      3.630      0.135
   214        111  (pi0)              -83   197   209   377   378     0     0     -1.999      0.550     -1.352      2.479      0.135
   215       2112  n0                  83   197   209     0     0     0     0     -0.748      0.113     -1.929      2.275      0.940
   216      -2212  pbar-               83   197   209     0     0     0     0     -2.128      1.207     -2.439      3.580      0.938
   217        223  (omega)            -83   197   209   379   381     0     0     -2.883      0.500     -5.178      6.000      0.791
   218        111  (pi0)              -83   197   209   382   383     0     0     -2.048      0.856     -2.648      3.458      0.135
   219        113  (rho0)             -83   197   209   318   319     0     0     -3.753      1.060     -9.593     10.380      0.714
   220        223  (omega)            -83   197   209   384   386     0     0     -2.150      0.567     -3.554      4.265      0.780
   221        211  pi+                 83   197   209     0     0     0     0     -1.913      0.896     -4.837      5.280      0.140
   222       -213  (rho-)             -83   197   209   320   321     0     0     -3.915      1.378     -9.193     10.114      0.736
   223        113  (rho0)             -83   197   209   322   323     0     0     -2.992      0.843     -7.441      8.145      1.140
   224       2212  p+                  84   197   209     0     0     0     0     -2.596      1.614     -8.157      8.762      0.938
   225      -2112  nbar0               84   197   209     0     0     0     0     -0.352      0.654     -6.323      6.435      0.940
   226       -211  pi-                 84   197   209     0     0     0     0     -0.163      0.049     -0.626      0.664      0.140
   227        111  (pi0)              -84   197   209   387   388     0     0     -2.392      1.629     -9.058      9.510      0.135
   228        113  (rho0)             -84   197   209   324   325     0     0     -0.944      0.194     -6.217      6.444      1.398
   229        211  pi+                 84   197   209     0     0     0     0     -0.432      0.258     -0.439      0.683      0.140
   230        111  (pi0)              -84   197   209   389   390     0     0     -0.002      0.066     -0.617      0.636      0.135
   231       3212  (Sigma0)           -84   197   209   391   392     0     0     -0.324      0.059     -1.559      1.991      1.193
   232       -211  pi-                 84   197   209     0     0     0     0     -0.645      0.653     -1.006      1.369      0.140
   233      -3114  (Sigma*bar+)       -84   197   209   326   327     0     0     -0.777      0.050     -1.501      2.184      1.382
   234       -213  (rho-)             -84   197   209   328   329     0     0     -0.812     -0.537      0.221      1.442      1.040
   235        213  (rho+)             -84   197   209   330   331     0     0      0.041     -0.068     -0.355      0.908      0.832
   236       -211  pi-                 84   197   209     0     0     0     0      0.020      0.197      0.152      0.286      0.140
   237        111  (pi0)              -84   197   209   393   394     0     0     -0.377      0.080     -0.123      0.426      0.135
   238       -423  (D*bar0)           -84   197   209   395   396     0     0      1.478      0.361     -4.677      5.312      2.007
   239          2  (u)                -71   145   145   247   269   513     0     -0.509     -0.722    266.152    266.154      0.330
   240         21  (g)                -71   122   122   247   269   518   513      2.029     -0.914     72.117     72.151      0.000
   241         21  (g)                -71   129   129   247   269   535   518      2.047      0.717     94.986     95.010      0.000
   242         21  (g)                -71   144   144   247   269   548   535     -0.169     -0.422     87.767     87.769      0.000
   243         21  (g)                -71   183   183   247   269   550   548      0.580     -0.254      5.028      5.078      0.308
   244         21  (g)                -71   123   123   247   269   519   550      1.447     -0.792      1.715      2.380      0.000
   245         21  (g)                -71   182   182   247   269   558   519     -2.813     -9.809    -10.774     14.840      0.124
   246         -5  (bbar)             -71   184   184   247   269     0   558    -16.748    -58.610    -36.428     71.223      5.481
   247       2212  p+                  83   239   246     0     0     0     0      0.043     -0.241    124.067    124.071      0.938
   248      -2212  pbar-               83   239   246     0     0     0     0     -0.324     -0.188     86.646     86.652      0.938
   249        111  (pi0)              -83   239   246   397   398     0     0      0.626     -0.936     75.909     75.917      0.135
   250        213  (rho+)             -83   239   246   332   333     0     0      1.300     -0.005    133.886    133.895      0.797
   251       -211  pi-                 83   239   246     0     0     0     0      0.343     -0.088      5.460      5.473      0.140
   252        211  pi+                 83   239   246     0     0     0     0      1.524      0.198     38.810     38.841      0.140
   253       -211  pi-                 83   239   246     0     0     0     0     -0.152     -0.434      9.763      9.775      0.140
   254       2212  p+                  83   239   246     0     0     0     0      0.214     -0.076     39.367     39.379      0.938
   255      -2112  nbar0               83   239   246     0     0     0     0      0.104     -0.163      7.291      7.354      0.940
   256       -211  pi-                 83   239   246     0     0     0     0      0.171      0.404      2.806      2.844      0.140
   257        211  pi+                 84   239   246     0     0     0     0      0.658     -0.097      0.366      0.772      0.140
   258        113  (rho0)             -84   239   246   334   335     0     0      0.044     -0.611      1.540      1.812      0.732
   259       -211  pi-                 84   239   246     0     0     0     0      0.204     -0.140     -0.171      0.332      0.140
   260        213  (rho+)             -84   239   246   336   337     0     0     -0.186     -0.174      0.692      1.034      0.725
   261       -211  pi-                 84   239   246     0     0     0     0      0.765     -0.465      0.275      0.947      0.140
   262        321  K+                  84   239   246     0     0     0     0     -0.153     -0.397     -0.209      0.685      0.494
   263       -311  (Kbar0)            -84   239   246   338   338     0     0     -0.478     -0.696     -1.049      1.436      0.498
   264       2114  (Delta0)           -84   239   246   339   340     0     0     -1.059     -3.386     -3.250      4.951      1.166
   265      -2214  (Deltabar-)        -84   239   246   341   342     0     0     -0.696     -3.938     -2.195      4.723      1.224
   266        211  pi+                 84   239   246     0     0     0     0     -0.468     -1.335     -0.948      1.708      0.140
   267       -211  pi-                 84   239   246     0     0     0     0     -1.012     -3.697     -2.697      4.688      0.140
   268        211  pi+                 84   239   246     0     0     0     0     -3.411     -7.829     -6.756     10.890      0.140
   269        513  (B*0)              -84   239   246   399   400     0     0    -12.194    -46.511    -29.041     56.425      5.325
   270          4  (c)                -71   121   121   277   309   517     0      2.325      0.135     -3.667      4.596      1.500
   271         21  (g)                -71   127   127   277   309   533   517      1.182     -0.423     -2.724      3.000      0.000
   272         21  (g)                -71   134   134   277   309   527   533     -1.547     -0.557    -11.370     11.488      0.000
   273         21  (g)                -71   185   185   277   309   523   527      0.773     -1.485    -54.767     54.794      0.279
   274         21  (g)                -71   136   136   277   309   526   523     -0.604      1.378    -54.182     54.202      0.000
   275         21  (g)                -71   140   140   277   309   544   526     -0.201     -0.079   -496.922    496.923      0.000
   276       2101  (ud_0)             -71   146   146   277   309     0   544     -0.348     -0.153   4673.361   4673.361      0.579
   277        411  (D+)               -83   270   276   401   403     0     0      2.618     -0.592     -5.786      6.646      1.870
   278       -211  pi-                 83   270   276     0     0     0     0     -0.076      0.087     -1.053      1.068      0.140
   279        223  (omega)            -83   270   276   404   406     0     0      0.402     -0.107     -1.289      1.559      0.773
   280        321  K+                  83   270   276     0     0     0     0     -0.849     -0.053     -8.244      8.303      0.494
   281       -323  (K*-)              -83   270   276   343   344     0     0      0.614     -0.493    -12.883     12.937      0.881
   282        113  (rho0)             -83   270   276   345   346     0     0      0.104     -0.217     -9.147      9.184      0.790
   283        211  pi+                 83   270   276     0     0     0     0     -0.548     -0.024     -8.696      8.714      0.140
   284       -211  pi-                 83   270   276     0     0     0     0     -0.371     -0.418    -13.913     13.925      0.140
   285        211  pi+                 83   270   276     0     0     0     0      0.542      0.100     -9.295      9.313      0.140
   286        111  (pi0)              -83   270   276   407   408     0     0      0.171      0.187     -9.264      9.269      0.135
   287        221  (eta)              -83   270   276   409   411     0     0     -0.177     -0.018    -21.875     21.883      0.548
   288        313  (K*0)              -83   270   276   347   348     0     0     -0.472     -0.021   -144.919    144.922      0.885
   289       -311  (Kbar0)            -83   270   276   349   349     0     0      0.374      0.368    -81.910     81.913      0.498
   290        223  (omega)            -83   270   276   412   414     0     0     -0.302      0.208    -47.930     47.938      0.785
   291        113  (rho0)             -83   270   276   350   351     0     0     -0.240     -0.310   -185.923    185.925      0.710
   292        111  (pi0)              -83   270   276   415   416     0     0      0.115      0.115     -2.684      2.693      0.135
   293        113  (rho0)             -83   270   276   352   353     0     0      0.166      0.278    -47.637     47.642      0.647
   294        113  (rho0)             -83   270   276   354   355     0     0     -0.008     -0.279     -3.854      3.932      0.729
   295        311  (K0)               -83   270   276   356   356     0     0     -0.058      0.136     -4.639      4.668      0.498
   296       -321  K-                  84   270   276     0     0     0     0      0.169     -0.095     -0.066      0.534      0.494
   297        211  pi+                 84   270   276     0     0     0     0     -0.168      0.178     -1.060      1.096      0.140
   298        221  (eta)              -84   270   276   417   418     0     0     -0.182      0.283     -0.491      0.809      0.548
   299       -211  pi-                 84   270   276     0     0     0     0      0.312     -0.370     -0.083      0.511      0.140
   300        211  pi+                 84   270   276     0     0     0     0     -0.373     -0.220      0.591      0.746      0.140
   301        223  (omega)            -84   270   276   419   421     0     0     -0.212      0.794      1.669      2.019      0.785
   302       -211  pi-                 84   270   276     0     0     0     0      0.313     -0.745     11.149     11.179      0.140
   303        323  (K*+)              -84   270   276   357   358     0     0     -0.162      0.183     20.382     20.402      0.876
   304       -311  (Kbar0)            -84   270   276   359   359     0     0     -0.013      0.207      6.633      6.654      0.498
   305        113  (rho0)             -84   270   276   360   361     0     0      0.170     -0.571     22.009     22.031      0.784
   306       2112  n0                  84   270   276     0     0     0     0     -0.318      0.261     47.234     47.245      0.940
   307      -2212  pbar-               84   270   276     0     0     0     0      0.516      0.312    499.042    499.043      0.938
   308        211  pi+                 84   270   276     0     0     0     0     -0.101     -0.490   1201.526   1201.526      0.140
   309       2112  n0                  84   270   276     0     0     0     0     -0.374      0.141   2862.133   2862.133      0.940
   310        310  K_S0                91   189   189     0     0     0     0     -0.484     -0.460  -1712.393   1712.393      0.498
   311        211  pi+                 91   193     0     0     0     0     0      0.196     -0.136     23.557     23.558      0.140
   312       -211  pi-                 91   193     0     0     0     0     0     -0.428     -0.210    257.035    257.035      0.140
   313        211  pi+                 91   195     0     0     0     0     0     -0.312     -0.095     21.768     21.771      0.140
   314       -211  pi-                 91   195     0     0     0     0     0      0.138      0.117     33.644     33.645      0.140
   315        130  K_L0                91   196   196     0     0     0     0     -0.543      0.249      1.367      1.572      0.498
   316        211  pi+                 91   212     0     0     0     0     0      0.098      2.125     -0.767      2.266      0.140
   317        111  (pi0)              -91   212     0   422   423     0     0     -0.209      2.018     -2.121      2.937      0.135
   318        211  pi+                 91   219     0     0     0     0     0     -0.456     -0.043     -1.366      1.447      0.140
   319       -211  pi-                 91   219     0     0     0     0     0     -3.297      1.103     -8.227      8.932      0.140
   320       -211  pi-                 91   222     0     0     0     0     0     -0.896      0.036     -1.882      2.090      0.140
   321        111  (pi0)              -91   222     0   424   425     0     0     -3.019      1.342     -7.311      8.024      0.135
   322        211  pi+                 91   223     0     0     0     0     0     -2.187      0.825     -6.438      6.850      0.140
   323       -211  pi-                 91   223     0     0     0     0     0     -0.805      0.018     -1.003      1.294      0.140
   324        211  pi+                 91   228     0     0     0     0     0     -0.786      0.497     -5.845      5.920      0.140
   325       -211  pi-                 91   228     0     0     0     0     0     -0.158     -0.303     -0.372      0.524      0.140
   326      -3122  Lambdabar0          91   233     0     0     0     0     0     -0.586      0.146     -1.445      1.923      1.116
   327        211  pi+                 91   233     0     0     0     0     0     -0.191     -0.096     -0.057      0.261      0.140
   328       -211  pi-                 91   234     0     0     0     0     0     -0.372      0.255     -0.077      0.479      0.140
   329        111  (pi0)              -91   234     0   426   427     0     0     -0.440     -0.792      0.298      0.963      0.135
   330        211  pi+                 91   235     0     0     0     0     0     -0.261     -0.169      0.083      0.351      0.140
   331        111  (pi0)              -91   235     0   428   429     0     0      0.302      0.101     -0.437      0.558      0.135
   332        211  pi+                 91   250     0     0     0     0     0      1.360     -0.050    117.863    117.871      0.140
   333        111  (pi0)              -91   250     0   430   431     0     0     -0.060      0.045     16.024     16.024      0.135
   334        211  pi+                 91   258     0     0     0     0     0     -0.212     -0.138      0.175      0.338      0.140
   335       -211  pi-                 91   258     0     0     0     0     0      0.257     -0.474      1.365      1.474      0.140
   336        211  pi+                 91   260     0     0     0     0     0     -0.154     -0.201      0.803      0.854      0.140
   337        111  (pi0)              -91   260     0   432   433     0     0     -0.032      0.027     -0.112      0.180      0.135
   338        310  K_S0                91   263   263     0     0     0     0     -0.478     -0.696     -1.049      1.436      0.498
   339       2112  n0                  91   264     0     0     0     0     0     -1.028     -2.760     -2.629      4.058      0.940
   340        111  (pi0)              -91   264     0   434   435     0     0     -0.032     -0.626     -0.621      0.893      0.135
   341      -2212  pbar-               91   265     0     0     0     0     0     -0.588     -2.528     -1.383      3.087      0.938
   342        111  (pi0)              -91   265     0   436   437     0     0     -0.108     -1.410     -0.812      1.636      0.135
   343       -311  (Kbar0)            -91   281     0   362   362     0     0      0.606     -0.615    -10.821     10.867      0.498
   344       -211  pi-                 91   281     0     0     0     0     0      0.008      0.122     -2.062      2.070      0.140
   345        211  pi+                 91   282     0     0     0     0     0     -0.315     -0.088     -4.743      4.757      0.140
   346       -211  pi-                 91   282     0     0     0     0     0      0.419     -0.128     -4.403      4.427      0.140
   347        311  (K0)               -91   288     0   363   363     0     0     -0.539      0.068   -134.442    134.444      0.498
   348        111  (pi0)              -91   288     0   438   439     0     0      0.067     -0.088    -10.477     10.479      0.135
   349        130  K_L0                91   289   289     0     0     0     0      0.374      0.368    -81.910     81.913      0.498
   350        211  pi+                 91   291     0     0     0     0     0      0.023     -0.297   -154.521    154.522      0.140
   351       -211  pi-                 91   291     0     0     0     0     0     -0.263     -0.012    -31.402     31.403      0.140
   352        211  pi+                 91   293     0     0     0     0     0      0.028     -0.017    -35.554     35.554      0.140
   353       -211  pi-                 91   293     0     0     0     0     0      0.138      0.295    -12.082     12.088      0.140
   354        211  pi+                 91   294     0     0     0     0     0      0.137     -0.063     -3.285      3.292      0.140
   355       -211  pi-                 91   294     0     0     0     0     0     -0.145     -0.215     -0.569      0.641      0.140
   356        130  K_L0                91   295   295     0     0     0     0     -0.058      0.136     -4.639      4.668      0.498
   357        311  (K0)               -91   303     0   364   364     0     0      0.159      0.174     13.743     13.754      0.498
   358        211  pi+                 91   303     0     0     0     0     0     -0.321      0.009      6.639      6.649      0.140
   359        310  (K_S0)             -91   304   304   440   441     0     0     -0.013      0.207      6.633      6.654      0.498
   360        211  pi+                 91   305     0     0     0     0     0     -0.072     -0.035      0.962      0.976      0.140
   361       -211  pi-                 91   305     0     0     0     0     0      0.242     -0.536     21.046     21.055      0.140
   362        310  (K_S0)             -91   343   343   442   443     0     0      0.606     -0.615    -10.821     10.867      0.498
   363        130  K_L0                91   347   347     0     0     0     0     -0.539      0.068   -134.442    134.444      0.498
   364        310  K_S0                91   357   357     0     0     0     0      0.159      0.174     13.743     13.754      0.498
   365        -16  nu_taubar           91   168     0     0     0     0     0      5.319     11.025      2.793     12.555      0.000
   366        211  pi+                 91   168     0     0     0     0     0      1.281      4.498      0.329      4.691      0.140
   367        130  K_L0                91   188     0     0     0     0     0      0.333      0.079   -209.859    209.859      0.498
   368        310  K_S0                91   188     0     0     0     0     0      0.127      0.100   -232.004    232.005      0.498
   369         22  gamma               91   191     0     0     0     0     0     -0.134     -0.016     73.701     73.701      0.000
   370         22  gamma               91   191     0     0     0     0     0     -0.562     -0.342    420.073    420.074      0.000
   371        111  (pi0)              -91   194     0   444   446     0     0      0.408      0.212     86.788     86.789      0.135
   372         22  gamma               91   194     0     0     0     0     0      0.081     -0.421     52.600     52.601      0.000
   373       -511  (Bbar0)            -91   210     0   447   449     0     0     23.988    169.061   -161.162    234.858      5.280
   374         22  gamma               91   210     0     0     0     0     0      0.164      1.308     -1.189      1.775      0.000
   375         22  gamma               91   213     0     0     0     0     0      0.000      0.476     -0.585      0.754      0.000
   376         22  gamma               91   213     0     0     0     0     0     -0.109      1.623     -2.372      2.876      0.000
   377         22  gamma               91   214     0     0     0     0     0     -0.263      0.113     -0.158      0.327      0.000
   378         22  gamma               91   214     0     0     0     0     0     -1.736      0.436     -1.194      2.152      0.000
   379        211  pi+                 91   217     0     0     0     0     0     -1.697      0.066     -3.075      3.515      0.140
   380       -211  pi-                 91   217     0     0     0     0     0     -0.178      0.115     -0.473      0.536      0.140
   381        111  (pi0)              -91   217     0   450   451     0     0     -1.008      0.319     -1.631      1.949      0.135
   382         22  gamma               91   218     0     0     0     0     0     -1.313      0.615     -1.755      2.276      0.000
   383         22  gamma               91   218     0     0     0     0     0     -0.735      0.240     -0.894      1.182      0.000
   384        211  pi+                 91   220     0     0     0     0     0     -0.582      0.096     -0.856      1.049      0.140
   385       -211  pi-                 91   220     0     0     0     0     0     -0.129     -0.073     -0.358      0.412      0.140
   386        111  (pi0)              -91   220     0   452   453     0     0     -1.439      0.544     -2.341      2.804      0.135
   387         22  gamma               91   227     0     0     0     0     0     -2.306      1.583     -8.674      9.114      0.000
   388         22  gamma               91   227     0     0     0     0     0     -0.086      0.046     -0.384      0.396      0.000
   389         22  gamma               91   230     0     0     0     0     0     -0.046     -0.017     -0.313      0.317      0.000
   390         22  gamma               91   230     0     0     0     0     0      0.044      0.083     -0.305      0.319      0.000
   391       3122  (Lambda0)          -91   231     0   454   455     0     0     -0.272      0.074     -1.557      1.936      1.116
   392         22  gamma               91   231     0     0     0     0     0     -0.052     -0.015     -0.002      0.054      0.000
   393         22  gamma               91   237     0     0     0     0     0     -0.059     -0.032     -0.043      0.080      0.000
   394         22  gamma               91   237     0     0     0     0     0     -0.318      0.112     -0.080      0.346      0.000
   395       -421  (Dbar0)            -91   238     0   456   458     0     0      1.308      0.204     -4.261      4.836      1.865
   396         22  gamma               91   238     0     0     0     0     0      0.170      0.157     -0.416      0.476      0.000
   397         22  gamma               91   249     0     0     0     0     0      0.128     -0.150     16.662     16.663      0.000
   398         22  gamma               91   249     0     0     0     0     0      0.498     -0.786     59.247     59.254      0.000
   399        511  (B0)               -91   269     0   459   464     0     0    -12.066    -45.914    -28.707     55.728      5.280
   400         22  gamma               91   269     0     0     0     0     0     -0.128     -0.598     -0.334      0.696      0.000
   401       -323  (K*-)              -91   277     0   465   466     0     0      1.057     -0.406     -2.052      2.492      0.849
   402        213  (rho+)             -91   277     0   467   468     0     0      1.192     -0.069     -2.842      3.171      0.746
   403        211  pi+                 91   277     0     0     0     0     0      0.369     -0.116     -0.893      0.983      0.140
   404        211  pi+                 91   279     0     0     0     0     0     -0.053     -0.063     -0.355      0.390      0.140
   405       -211  pi-                 91   279     0     0     0     0     0      0.205      0.027     -0.818      0.855      0.140
   406        111  (pi0)              -91   279     0   469   470     0     0      0.249     -0.071     -0.116      0.314      0.135
   407         22  gamma               91   286     0     0     0     0     0      0.143      0.206     -7.681      7.685      0.000
   408         22  gamma               91   286     0     0     0     0     0      0.028     -0.019     -1.583      1.583      0.000
   409        211  pi+                 91   287     0     0     0     0     0     -0.015     -0.146     -5.246      5.250      0.140
   410       -211  pi-                 91   287     0     0     0     0     0     -0.047      0.056     -7.098      7.100      0.140
   411        111  (pi0)              -91   287     0   471   472     0     0     -0.115      0.073     -9.531      9.533      0.135
   412        211  pi+                 91   290     0     0     0     0     0     -0.137      0.267    -13.186     13.190      0.140
   413       -211  pi-                 91   290     0     0     0     0     0     -0.178      0.037    -29.750     29.751      0.140
   414        111  (pi0)              -91   290     0   473   474     0     0      0.013     -0.097     -4.994      4.996      0.135
   415         22  gamma               91   292     0     0     0     0     0     -0.030      0.014     -0.349      0.350      0.000
   416         22  gamma               91   292     0     0     0     0     0      0.145      0.101     -2.336      2.342      0.000
   417         22  gamma               91   298     0     0     0     0     0     -0.060     -0.160     -0.068      0.184      0.000
   418         22  gamma               91   298     0     0     0     0     0     -0.123      0.443     -0.424      0.625      0.000
   419        211  pi+                 91   301     0     0     0     0     0     -0.084      0.375      0.280      0.495      0.140
   420       -211  pi-                 91   301     0     0     0     0     0      0.095      0.277      0.818      0.880      0.140
   421        111  (pi0)              -91   301     0   475   476     0     0     -0.224      0.142      0.571      0.644      0.135
   422         22  gamma               91   317     0     0     0     0     0     -0.077      1.295     -1.307      1.841      0.000
   423         22  gamma               91   317     0     0     0     0     0     -0.131      0.723     -0.813      1.096      0.000
   424         22  gamma               91   321     0     0     0     0     0     -0.683      0.360     -1.766      1.928      0.000
   425         22  gamma               91   321     0     0     0     0     0     -2.336      0.982     -5.545      6.096      0.000
   426         22  gamma               91   329     0     0     0     0     0     -0.115     -0.150      0.113      0.220      0.000
   427         22  gamma               91   329     0     0     0     0     0     -0.325     -0.643      0.185      0.743      0.000
   428         22  gamma               91   331     0     0     0     0     0      0.294      0.059     -0.405      0.504      0.000
   429         22  gamma               91   331     0     0     0     0     0      0.008      0.042     -0.033      0.054      0.000
   430         22  gamma               91   333     0     0     0     0     0     -0.001     -0.030      9.461      9.461      0.000
   431         22  gamma               91   333     0     0     0     0     0     -0.059      0.075      6.563      6.564      0.000
   432         22  gamma               91   337     0     0     0     0     0      0.008     -0.004     -0.127      0.127      0.000
   433         22  gamma               91   337     0     0     0     0     0     -0.040      0.031      0.015      0.053      0.000
   434         22  gamma               91   340     0     0     0     0     0     -0.028     -0.506     -0.418      0.657      0.000
   435         22  gamma               91   340     0     0     0     0     0     -0.004     -0.120     -0.202      0.235      0.000
   436         22  gamma               91   342     0     0     0     0     0     -0.023     -0.141     -0.130      0.193      0.000
   437         22  gamma               91   342     0     0     0     0     0     -0.085     -1.269     -0.682      1.443      0.000
   438         22  gamma               91   348     0     0     0     0     0      0.016     -0.112     -5.598      5.599      0.000
   439         22  gamma               91   348     0     0     0     0     0      0.051      0.023     -4.879      4.880      0.000
   440        111  (pi0)              -91   359     0   477   478     0     0     -0.128      0.275      3.362      3.378      0.135
   441        111  (pi0)              -91   359     0   479   480     0     0      0.116     -0.068      3.271      3.276      0.135
   442        211  pi+                 91   362     0     0     0     0     0      0.577     -0.334     -7.429      7.460      0.140
   443       -211  pi-                 91   362     0     0     0     0     0      0.029     -0.281     -3.392      3.407      0.140
   444         22  gamma               91   371     0     0     0     0     0      0.313      0.205     61.798     61.800      0.000
   445         11  e-                  91   371     0     0     0     0     0      0.024      0.008      5.264      5.264      0.001
   446        -11  e+                  91   371     0     0     0     0     0      0.071     -0.002     19.725     19.726      0.001
   447        413  (D*+)              -92   373     0   481   482     0     0     12.860     83.059    -78.265    114.863      2.010
   448       -411  (D-)               -92   373     0   483   485     0     0      8.118     64.896    -62.122     90.222      1.870
   449        311  (K0)               -92   373     0   486   486     0     0      3.010     21.106    -20.775     29.772      0.498
   450         22  gamma               91   381     0     0     0     0     0     -0.618      0.191     -1.114      1.288      0.000
   451         22  gamma               91   381     0     0     0     0     0     -0.390      0.128     -0.517      0.660      0.000
   452         22  gamma               91   386     0     0     0     0     0     -1.229      0.510     -1.986      2.391      0.000
   453         22  gamma               91   386     0     0     0     0     0     -0.210      0.033     -0.355      0.414      0.000
   454       2112  n0                  91   391     0     0     0     0     0     -0.236      0.041     -1.490      1.778      0.940
   455        111  (pi0)              -91   391     0   487   488     0     0     -0.037      0.033     -0.067      0.159      0.135
   456         13  mu-                 91   395     0     0     0     0     0      0.032      0.225     -0.003      0.251      0.106
   457        -14  nu_mubar            91   395     0     0     0     0     0      0.167     -0.187     -0.382      0.457      0.000
   458        323  (K*+)              -91   395     0   489   490     0     0      1.108      0.166     -3.876      4.129      0.875
   459       -411  (D-)               -91   399     0   491   492     0     0     -2.909    -11.883     -7.066     14.251      1.870
   460        211  pi+                 91   399     0     0     0     0     0     -1.073     -4.133     -2.668      5.037      0.140
   461        311  (K0)               -91   399     0   493   493     0     0     -2.622     -7.165     -4.288      8.766      0.498
   462       -321  K-                  91   399     0     0     0     0     0     -2.000     -8.566     -5.840     10.570      0.494
   463        211  pi+                 91   399     0     0     0     0     0     -1.426     -6.287     -3.516      7.345      0.140
   464        223  (omega)            -91   399     0   494   496     0     0     -2.036     -7.880     -5.328      9.759      0.783
   465       -321  K-                  91   401     0     0     0     0     0      0.811     -0.122     -1.086      1.448      0.494
   466        111  (pi0)              -91   401     0   497   498     0     0      0.246     -0.284     -0.965      1.045      0.135
   467        211  pi+                 91   402     0     0     0     0     0      0.437     -0.135     -1.879      1.939      0.140
   468        111  (pi0)              -91   402     0   499   500     0     0      0.754      0.066     -0.963      1.232      0.135
   469         22  gamma               91   406     0     0     0     0     0      0.239     -0.100     -0.094      0.276      0.000
   470         22  gamma               91   406     0     0     0     0     0      0.010      0.030     -0.022      0.038      0.000
   471         22  gamma               91   411     0     0     0     0     0     -0.010      0.013     -5.684      5.684      0.000
   472         22  gamma               91   411     0     0     0     0     0     -0.106      0.059     -3.847      3.849      0.000
   473         22  gamma               91   414     0     0     0     0     0     -0.038     -0.100     -2.525      2.527      0.000
   474         22  gamma               91   414     0     0     0     0     0      0.050      0.003     -2.469      2.469      0.000
   475         22  gamma               91   421     0     0     0     0     0     -0.093      0.099      0.410      0.432      0.000
   476         22  gamma               91   421     0     0     0     0     0     -0.131      0.042      0.161      0.212      0.000
   477         22  gamma               91   440     0     0     0     0     0     -0.093      0.260      3.201      3.213      0.000
   478         22  gamma               91   440     0     0     0     0     0     -0.035      0.015      0.161      0.166      0.000
   479         22  gamma               91   441     0     0     0     0     0      0.144     -0.050      2.905      2.909      0.000
   480         22  gamma               91   441     0     0     0     0     0     -0.028     -0.018      0.366      0.367      0.000
   481        421  (D0)               -91   447     0   501   502     0     0     11.883     76.513    -72.093    105.812      1.865
   482        211  pi+                 91   447     0     0     0     0     0      0.977      6.546     -6.172      9.051      0.140
   483         13  mu-                 91   448     0     0     0     0     0      3.253     25.712    -24.636     35.758      0.106
   484        -14  nu_mubar            91   448     0     0     0     0     0      1.415      7.416     -6.781     10.148      0.000
   485        111  (pi0)              -91   448     0   503   504     0     0      3.450     31.768    -30.705     44.316      0.135
   486        130  K_L0                91   449   449     0     0     0     0      3.010     21.106    -20.775     29.772      0.498
   487         22  gamma               91   455     0     0     0     0     0      0.039      0.023     -0.069      0.082      0.000
   488         22  gamma               91   455     0     0     0     0     0     -0.076      0.010      0.002      0.076      0.000
   489        321  K+                  91   458     0     0     0     0     0      0.480      0.290     -2.405      2.518      0.494
   490        111  (pi0)              -91   458     0   505   506     0     0      0.629     -0.124     -1.472      1.611      0.135
   491      20313  (K_1(1400)0)       -91   459     0   507   508     0     0     -1.925     -7.923     -4.419      9.385      1.441
   492       -211  pi-                 91   459     0     0     0     0     0     -0.984     -3.960     -2.647      4.865      0.140
   493        310  K_S0                91   461   461     0     0     0     0     -2.622     -7.165     -4.288      8.766      0.498
   494        211  pi+                 91   464     0     0     0     0     0     -0.135     -1.042     -0.778      1.315      0.140
   495       -211  pi-                 91   464     0     0     0     0     0     -1.012     -4.063     -2.867      5.077      0.140
   496        111  (pi0)              -91   464     0   509   510     0     0     -0.889     -2.775     -1.682      3.367      0.135
   497         22  gamma               91   466     0     0     0     0     0      0.225     -0.274     -0.765      0.843      0.000
   498         22  gamma               91   466     0     0     0     0     0      0.021     -0.011     -0.200      0.202      0.000
   499         22  gamma               91   468     0     0     0     0     0      0.652      0.013     -0.785      1.021      0.000
   500         22  gamma               91   468     0     0     0     0     0      0.102      0.052     -0.178      0.211      0.000
   501       -323  (K*-)              -91   481     0   511   512     0     0      5.138     33.588    -31.918     46.628      0.884
   502        213  (rho+)             -91   481     0   513   514     0     0      6.746     42.925    -40.175     59.185      0.918
   503         22  gamma               91   485     0     0     0     0     0      0.159      1.276     -1.212      1.767      0.000
   504         22  gamma               91   485     0     0     0     0     0      3.291     30.492    -29.493     42.549      0.000
   505         22  gamma               91   490     0     0     0     0     0      0.394     -0.142     -0.978      1.064      0.000
   506         22  gamma               91   490     0     0     0     0     0      0.235      0.018     -0.494      0.547      0.000
   507        323  (K*+)              -91   491     0   515   516     0     0     -0.799     -3.728     -1.774      4.298      0.888
   508       -211  pi-                 91   491     0     0     0     0     0     -1.125     -4.195     -2.645      5.087      0.140
   509         22  gamma               91   496     0     0     0     0     0     -0.811     -2.549     -1.500      3.067      0.000
   510         22  gamma               91   496     0     0     0     0     0     -0.078     -0.226     -0.182      0.301      0.000
   511       -311  (Kbar0)            -91   501     0   517   517     0     0      2.721     19.583    -18.624     27.166      0.498
   512       -211  pi-                 91   501     0     0     0     0     0      2.417     14.005    -13.294     19.461      0.140
   513        211  pi+                 91   502     0     0     0     0     0      4.058     26.457    -25.309     36.837      0.140
   514        111  (pi0)              -91   502     0   518   519     0     0      2.688     16.468    -14.866     22.348      0.135
   515        321  K+                  91   507     0     0     0     0     0     -0.317     -2.453     -0.926      2.686      0.494
   516        111  (pi0)              -91   507     0   520   521     0     0     -0.482     -1.275     -0.849      1.612      0.135
   517        310  (K_S0)             -91   511   511   522   523     0     0      2.721     19.583    -18.624     27.166      0.498
   518         22  gamma               91   514     0     0     0     0     0      0.279      1.979     -1.785      2.680      0.000
   519         22  gamma               91   514     0     0     0     0     0      2.409     14.488    -13.080     19.667      0.000
   520         22  gamma               91   516     0     0     0     0     0     -0.359     -0.916     -0.541      1.123      0.000
   521         22  gamma               91   516     0     0     0     0     0     -0.123     -0.359     -0.308      0.489      0.000
   522        211  pi+                 91   517     0     0     0     0     0      2.147     14.863    -14.332     20.759      0.140
   523       -211  pi-                 91   517     0     0     0     0     0      0.574      4.720     -4.291      6.407      0.140
                                   Charge sum:  2.000           Momentum sum:      0.000      0.000      0.000  13000.000  13000.000

 --------  End PYTHIA Event Listing  -----------------------------------------------------------------------------------------------
#--------------------------------------------------------------------------
#                     FastJet release 3.4.0 [fjcore]
#                 M. Cacciari, G.P. Salam and G. Soyez                  
#     A software package for jet finding and analysis at colliders      
#                           http://fastjet.fr                           
#	                                                                      
# Please cite EPJC72(2012)1896 [arXiv:1111.6097] if you use this package
# for scientific work and optionally PLB641(2006)57 [hep-ph/0512210].   
#                                                                       
# FastJet is provided without warranty under the GNU GPL v2 or higher.  
# It uses T. Chan's closest pair algorithm, S. Fortune's Voronoi code
# and 3rd party plugin jet algorithms. See COPYING file for details.
#--------------------------------------------------------------------------
 PYTHIA Warning in SimpleSpaceShower::pT2nextQCD: weight above unity  
 PYTHIA Warning in SimpleSpaceShower::pT2nextQCD: small daughter PDF  
 PYTHIA Warning in StringFragmentation::fragmentToJunction: bad convergence junction rest frame  
 PYTHIA Warning in SimpleTimeShower::findMEcorr: ME weight above PS one  
 PYTHIA Warning in SimpleTimeShower::pTnext: negative dipole mass.  
 PYTHIA Warning in MultipartonInteractions::pTnext: weight above unity  
 PYTHIA Error in BeamRemnants::setKinematics: kinematics construction failed  
 PYTHIA Warning in Pythia::check: energy-momentum not quite conserved  
 PYTHIA Warning in ColConfig::collect: negative-energy parton encountered  
 PYTHIA Error in Pythia::check: unmatched particle energy/momentum/mass  
 PYTHIA Error in Pythia::next: check of event revealed problems  

 Pythia::next(): 1000 events have been generated 
 PYTHIA Error in StringFragmentation::fragment: stuck in joining  
 PYTHIA Error in Pythia::next: hadronLevel failed; try again  

 Pythia::next(): 2000 events have been generated 

 Pythia::next(): 3000 events have been generated 

 Pythia::next(): 4000 events have been generated 
 PYTHIA Error in SimpleSpaceShower::pT2nearThreshold: stuck in loop  
 PYTHIA Warning in Pythia::check: not quite matched particle energy/momentum/mass  

 Pythia::next(): 5000 events have been generated 

 Pythia::next(): 6000 events have been generated 

 Pythia::next(): 7000 events have been generated 
 PYTHIA Warning in HadronWidths::pickMasses: angular momentum and running widths not used  

 Pythia::next(): 8000 events have been generated 

 Pythia::next(): 9000 events have been generated 

 *-------  PYTHIA Event and Cross Section Statistics  -------------------------------------------------------------*
 |                                                                                                                 |
 | Subprocess                                    Code |            Number of events       |      sigma +- delta    |
 |                                                    |       Tried   Selected   Accepted |     (estimated) (mb)   |
 |                                                    |                                   |                        |
 |-----------------------------------------------------------------------------------------------------------------|
 |                                                    |                                   |                        |
 | Les Houches User Process(es)                  9999 |       10000      10000      10000 |   8.268e-08  0.000e+00 |
 |    ... whereof user classification code     322200 |       10000      10000      10000 |                        | 
 |                                                    |                                   |                        |
 | sum                                                |       10000      10000      10000 |   8.268e-08  0.000e+00 |
 |                                                                                                                 |
 *-------  End PYTHIA Event and Cross Section Statistics ----------------------------------------------------------*

 *-------  PYTHIA Error and Warning Messages Statistics  ----------------------------------------------------------* 
 |                                                                                                                 | 
 |  times   message                                                                                                | 
 |                                                                                                                 | 
 |     16   Error in BeamRemnants::setKinematics: kinematics construction failed                                   | 
 |      2   Error in Pythia::check: unmatched particle energy/momentum/mass                                        | 
 |      2   Error in Pythia::next: check of event revealed problems                                                | 
 |      6   Error in Pythia::next: hadronLevel failed; try again                                                   | 
 |     28   Error in SimpleSpaceShower::pT2nearThreshold: stuck in loop                                            | 
 |      6   Error in StringFragmentation::fragment: stuck in joining                                               | 
 |      5   Warning in ColConfig::collect: negative-energy parton encountered                                      | 
 |      1   Warning in HadronWidths::pickMasses: angular momentum and running widths not used                      | 
 |      4   Warning in MultipartonInteractions::pTnext: weight above unity                                         | 
 |      2   Warning in Pythia::check: energy-momentum not quite conserved                                          | 
 |      1   Warning in Pythia::check: not quite matched particle energy/momentum/mass                              | 
 |   6110   Warning in SimpleSpaceShower::pT2nextQCD: small daughter PDF                                           | 
 |   3650   Warning in SimpleSpaceShower::pT2nextQCD: weight above unity                                           | 
 |     85   Warning in SimpleTimeShower::findMEcorr: ME weight above PS one                                        | 
 |     31   Warning in SimpleTimeShower::pTnext: negative dipole mass.                                             | 
 |     25   Warning in StringFragmentation::fragmentToJunction: bad convergence junction rest frame                | 
 |      2   Warning in TimeShower::init: pTmin too low                                                             | 
 |                                                                                                                 | 
 *-------  End PYTHIA Error and Warning Messages Statistics  ------------------------------------------------------* 
Using LHE File: /nfs/dust/cms/user/amoroso/powheg/POWHEG-BOX-V2/ttJ_MiNNLOPS_v1.0_beta1/decay-ll/pwgevents-0875.lhe
less then 10000 events in LHE, using all LHE events
np.shape(P0) = (10000, 3, 9)
np.shape(nJets) = (10000, 2)
np.shape(jets_4vectors) = (10000, 20, 6)
