Configured CUDA from: /cvmfs/sft.cern.ch/lcg/releases/cuda/12.4-4899e/x86_64-el9-gcc11-opt

 *------------------------------------------------------------------------------------* 
 |                                                                                    | 
 |  *------------------------------------------------------------------------------*  | 
 |  |                                                                              |  | 
 |  |                                                                              |  | 
 |  |   PPP   Y   Y  TTTTT  H   H  III    A      Welcome to the Lund Monte Carlo!  |  | 
 |  |   P  P   Y Y     T    H   H   I    A A     This is PYTHIA version 8.309      |  | 
 |  |   PPP     Y      T    HHHHH   I   AAAAA    Last date of change: 16 Feb 2023  |  | 
 |  |   P       Y      T    H   H   I   A   A                                      |  | 
 |  |   P       Y      T    H   H  III  A   A    Now is 03 Sep 2024 at 15:24:03    |  | 
 |  |                                                                              |  | 
 |  |   Program documentation and an archive of historic versions is found on:     |  | 
 |  |                                                                              |  | 
 |  |                               https://pythia.org/                            |  | 
 |  |                                                                              |  | 
 |  |   PYTHIA is authored by a collaboration consisting of:                       |  | 
 |  |                                                                              |  | 
 |  |   Christian Bierlich, Nishita Desai, Leif Gellersen, Ilkka Helenius, Philip  |  | 
 |  |   Ilten, Leif Lonnblad, Stephen Mrenna, Stefan Prestel, Christian Preuss,    |  | 
 |  |   Torbjorn Sjostrand, Peter Skands, Marius Utheim and Rob Verheyen.          |  | 
 |  |                                                                              |  | 
 |  |   The complete list of authors, including contact information and            |  | 
 |  |   affiliations, can be found on https://pythia.org/.                         |  | 
 |  |   Problems or bugs should be reported on email at authors@pythia.org.        |  | 
 |  |                                                                              |  | 
 |  |   The main program reference is C. Bierlich et al,                           |  | 
 |  |   'A comprehensive guide to the physics and usage of Pythia 8.3',            |  | 
 |  |   SciPost Phys. Codebases 8-r8.3 (2022) [arXiv:2203.11601 [hep-ph]]          |  | 
 |  |                                                                              |  | 
 |  |   PYTHIA is released under the GNU General Public Licence version 2 or later.|  | 
 |  |   Please respect the MCnet Guidelines for Event Generator Authors and Users. |  | 
 |  |                                                                              |  | 
 |  |   Disclaimer: this program comes without any guarantees.                     |  | 
 |  |   Beware of errors and use common sense when interpreting results.           |  | 
 |  |                                                                              |  | 
 |  |   Copyright (C) 2023 Torbjorn Sjostrand                                      |  | 
 |  |                                                                              |  | 
 |  |                                                                              |  | 
 |  *------------------------------------------------------------------------------*  | 
 |                                                                                    | 
 *------------------------------------------------------------------------------------* 


 *-------  PYTHIA Process Initialization  --------------------------*
 |                                                                  |
 | We collide p+ with p+ at a CM energy of 1.300e+04 GeV            |
 |                                                                  |
 |------------------------------------------------------------------|
 |                                                    |             |
 | Subprocess                                    Code |   Estimated |
 |                                                    |    max (mb) |
 |                                                    |             |
 |------------------------------------------------------------------|
 |                                                    |             |
 | Les Houches User Process(es)                  9999 |   1.000e-09 |
 |                                                                  |
 *-------  End PYTHIA Process Initialization -----------------------*
 PYTHIA Warning in TimeShower::init: pTmin too low , raised to 0.611

 *-------  PYTHIA Multiparton Interactions Initialization  ---------* 
 |                                                                  | 
 |                   sigmaNonDiffractive =    55.51 mb              | 
 |                                                                  | 
 |    pT0 =  1.44 gives sigmaInteraction =   400.55 mb: accepted    | 
 |                                                                  | 
 *-------  End PYTHIA Multiparton Interactions Initialization  -----* 

 *-------  PYTHIA Flag + Mode + Parm + Word + FVec + MVec + PVec + WVec Settings (changes only)  ------------------* 
 |                                                                                                                 | 
 | Name                                          |                      Now |      Default         Min         Max | 
 |                                               |                          |                                      | 
 | Beams:frameType                               |                        4 |            1           1           5 | 
 | Beams:LHEF                                    | /nfs/dust/cms/user/amoroso/powheg/POWHEG-BOX-V2/ttJ_MiNNLOPS_v1.0_beta1/decay-ll/pwgevents-0586.lhe |         void | 
 | ColourReconnection:range                      |                  5.17600 |      1.80000         0.0    10.00000 | 
 | Main:timesAllowErrors                         |                      500 |           10           0             | 
 | MultipartonInteractions:alphaSorder           |                        2 |            1           0           3 | 
 | MultipartonInteractions:alphaSvalue           |                  0.11800 |      0.13000   0.0600000     0.25000 | 
 | MultipartonInteractions:bProfile              |                        2 |            3           0           4 | 
 | MultipartonInteractions:coreFraction          |                  0.63000 |      0.50000         0.0     1.00000 | 
 | MultipartonInteractions:coreRadius            |                  0.76340 |      0.40000     0.10000     1.00000 | 
 | MultipartonInteractions:ecmPow                |                0.0334400 |      0.21500         0.0     0.50000 | 
 | MultipartonInteractions:pT0Ref                |                  1.41000 |      2.28000     0.50000    10.00000 | 
 | ParticleDecays:limitTau                       |                       on |          off                         | 
 | PDF:pSet                                      |                       20 |           13                         | 
 | Random:seed                                   |                      586 |           -1               900000000 | 
 | Random:setSeed                                |                       on |          off                         | 
 | SigmaProcess:alphaSorder                      |                        2 |            1           0           3 | 
 | SigmaProcess:alphaSvalue                      |                  0.11800 |      0.13000   0.0600000     0.25000 | 
 | SigmaTotal:mode                               |                        0 |            1           0           4 | 
 | SigmaTotal:sigmaEl                            |                 21.89000 |     25.00000         0.0             | 
 | SigmaTotal:sigmaTot                           |                100.30900 |    100.00000         0.0             | 
 | SigmaTotal:zeroAXB                            |                      off |           on                         | 
 | SpaceShower:alphaSorder                       |                        2 |            1           0           3 | 
 | SpaceShower:alphaSvalue                       |                  0.11800 |      0.13650   0.0600000     0.25000 | 
 | SpaceShower:dipoleRecoil                      |                       on |          off                         | 
 | SpaceShower:pTmaxMatch                        |                        1 |            0           0           2 | 
 | TimeShower:alphaSorder                        |                        2 |            1           0           3 | 
 | TimeShower:alphaSvalue                        |                  0.11800 |      0.13650   0.0600000     0.25000 | 
 |                                                                                                                 | 
 *-------  End PYTHIA Flag + Mode + Parm + Word + FVec + MVec + PVec + WVec Settings  -----------------------------* 

 --------  PYTHIA Particle Data Table (changed only)  ------------------------------------------------------------------------------
 
      id   name            antiName         spn chg col      m0        mWidth      mMin       mMax       tau0    res dec ext vis wid
             no onMode   bRatio   meMode     products 

       6  t                tbar               2   2   1  173.00000    1.36916   86.00000    0.00000  1.44122e-13   1   1   0   1   0
              0     1   0.0000664    0       24        1 
              1     1   0.0017361    0       24        3 
              2     1   0.9981975    0       24        5 
              3     1   0.0000000    0       37        5 

 --------  End PYTHIA Particle Data Table  -----------------------------------------------------------------------------------------


 --------  LHA event information and listing  ---------------------------------------------------------------------- 

    process =   322200    weight =   1.0325e+02     scale =   3.4316e+01 (GeV) 
                        alpha_em =  -1.0000e+00    alpha_strong =   1.4910e-01

    Participating Particles 
    no        id stat     mothers     colours      p_x        p_y        p_z         e          m        tau    spin 
     1        21   -1     0     0   514   513      0.000      0.000    308.103    308.103      0.000   0.000   9.000
     2        21   -1     0     0   511   512      0.000      0.000  -1573.437   1573.437      0.000   0.000   9.000
     3         6    2     1     2   511     0     45.124    -86.761   -105.027    224.270    172.345   0.000   9.000
     4        -6    2     1     2     0   513      6.151    -12.867  -1372.190   1383.189    173.504   0.000   9.000
     5        -1    1     1     2     0   512    -46.523     65.642     25.259     84.329      0.000   0.000   9.000
     6         1    1     1     2   514     0     -4.752     33.985    186.623    189.752      0.000   0.000   9.000
     7         5    1     3     3   511     0     43.228    -77.991      0.660     89.307      4.920   0.000  -1.000
     8        24    2     3     3     0     0      1.897     -8.770   -105.687    134.963     83.455   0.000   9.000
     9        -5    1     4     4     0   513    -34.400     52.063   -566.621    570.068      4.920   0.000   1.000
    10       -24    2     4     4     0     0     40.551    -64.930   -805.569    813.121     79.778   0.000   9.000
    11       -13    1     8     8     0     0      3.868    -23.973   -114.658    117.201      0.106   0.000   1.000
    12        14    1     8     8     0     0     -1.972     15.202      8.971     17.762      0.000   0.000  -1.000
    13        11    1    10    10     0     0     -7.968    -60.824   -488.131    491.971      0.001   0.000  -1.000
    14       -12    1    10    10     0     0     48.519     -4.105   -317.437    321.150      0.000   0.000   1.000

 --------  End LHA event information and listing  ------------------------------------------------------------------ 

 --------  PYTHIA Info Listing  ---------------------------------------- 
 
 Beam A: id =   2212, pz =  6.500e+03, e =  6.500e+03, m =  9.383e-01.
 Beam B: id =   2212, pz = -6.500e+03, e =  6.500e+03, m =  9.383e-01.

 In 1: id =   21, x =  4.740e-02, pdf =  0.000e+00 at Q2 =  1.178e+03.
 In 2: id =   21, x =  2.421e-01, pdf =  0.000e+00 at same Q2.

 Process Les Houches User Process(es) with code 9999 is 2 -> 4.
 Subprocess user process 322200 with code 322200 is 2 -> 4.
     alphaEM =  7.732e-03,  alphaS =  1.491e-01    at Q2 =  1.178e+03.

 Impact parameter b =  1.513e+00 gives enhancement factor =  5.242e-02.
 Max pT scale for MPI =  1.300e+04, ISR =  3.432e+01, FSR =  3.432e+01.
 Number of MPI =     2, ISR =     4, FSRproc =    22, FSRreson =     6.

 --------  End PYTHIA Info Listing  ------------------------------------

 --------  PYTHIA Event Listing  (hard process)  -----------------------------------------------------------------------------------
 
    no         id  name            status     mothers   daughters     colours      p_x        p_y        p_z         e          m 
     0         90  (system)           -11     0     0     0     0     0     0      0.000      0.000      0.000  13000.000  13000.000
     1       2212  (p+)               -12     0     0     3     0     0     0      0.000      0.000   6500.000   6500.000      0.938
     2       2212  (p+)               -12     0     0     4     0     0     0      0.000      0.000  -6500.000   6500.000      0.938
     3         21  (g)                -21     1     0     5     8   514   513      0.000      0.000    308.103    308.103      0.000
     4         21  (g)                -21     2     0     5     8   511   512      0.000      0.000  -1573.437   1573.437      0.000
     5          6  (t)                -22     3     4     9    10   511     0     45.124    -86.761   -105.027    224.270    172.345
     6         -6  (tbar)             -22     3     4    11    12     0   513      6.151    -12.867  -1372.190   1383.189    173.504
     7         -1  dbar                23     3     4     0     0     0   512    -46.523     65.642     25.259     84.329      0.000
     8          1  d                   23     3     4     0     0   514     0     -4.752     33.985    186.623    189.752      0.000
     9          5  b                   23     5     0     0     0   511     0     43.228    -77.991      0.660     89.307      4.920
    10         24  (W+)               -22     5     0    13    14     0     0      1.897     -8.770   -105.687    134.963     83.455
    11         -5  bbar                23     6     0     0     0     0   513    -34.400     52.063   -566.621    570.068      4.920
    12        -24  (W-)               -22     6     0    15    16     0     0     40.551    -64.930   -805.569    813.121     79.778
    13        -13  mu+                 23    10     0     0     0     0     0      3.868    -23.973   -114.658    117.201      0.106
    14         14  nu_mu               23    10     0     0     0     0     0     -1.972     15.202      8.971     17.762      0.000
    15         11  e-                  23    12     0     0     0     0     0     -7.968    -60.824   -488.131    491.971      0.001
    16        -12  nu_ebar             23    12     0     0     0     0     0     48.519     -4.105   -317.437    321.150      0.000
                                   Charge sum:  0.000           Momentum sum:     -0.000     -0.000  -1265.335   1881.540   1392.523

 --------  End PYTHIA Event Listing  -----------------------------------------------------------------------------------------------

 --------  PYTHIA Event Listing  (complete event)  ---------------------------------------------------------------------------------
 
    no         id  name            status     mothers   daughters     colours      p_x        p_y        p_z         e          m 
     0         90  (system)           -11     0     0     0     0     0     0      0.000      0.000      0.000  13000.000  13000.000
     1       2212  (p+)               -12     0     0   109     0     0     0      0.000      0.000   6500.000   6500.000      0.938
     2       2212  (p+)               -12     0     0   110     0     0     0      0.000      0.000  -6500.000   6500.000      0.938
     3         21  (g)                -21     9     9     5     8   514   513      0.000      0.000    308.103    308.103      0.000
     4         21  (g)                -21    10     0     5     8   511   512      0.000      0.000  -1573.437   1573.437      0.000
     5          6  (t)                -22     3     4    11    11   511     0     45.124    -86.761   -105.027    224.270    172.345
     6         -6  (tbar)             -22     3     4    12    12     0   513      6.151    -12.867  -1372.190   1383.189    173.504
     7         -1  (dbar)             -23     3     4    13    13     0   512    -46.523     65.642     25.259     84.329      0.000
     8          1  (d)                -23     3     4    14    14   514     0     -4.752     33.985    186.623    189.752      0.000
     9         21  (g)                -42    16     0     3     3   514   513      0.000      0.000    308.103    308.103      0.000
    10         21  (g)                -41    17    17    15     4   515   512      0.000     -0.000  -1703.120   1703.120      0.000
    11          6  (t)                -44     5     5    18    18   511     0     45.124    -86.761   -105.027    224.270    172.345
    12         -6  (tbar)             -44     6     6    19    19     0   513      6.151    -12.867  -1372.190   1383.189    173.504
    13         -1  (dbar)             -44     7     7    20    20     0   512    -65.096     54.186     20.544     87.153      0.000
    14          1  (d)                -44     8     8    21    21   514     0     -4.752     33.985    186.623    189.752      0.000
    15         21  (g)                -43    10     0    22    22   515   511     18.573     11.457   -124.968    126.859      0.000
    16         21  (g)                -41    24    24    23     9   514   517      0.000     -0.000    358.255    358.255      0.000
    17         21  (g)                -42    25     0    10    10   515   512      0.000     -0.000  -1703.120   1703.120      0.000
    18          6  (t)                -44    11    11    26    26   511     0     45.124    -86.761   -105.027    224.270    172.345
    19         -6  (tbar)             -44    12    12    27    27     0   513      6.151    -12.867  -1372.190   1383.189    173.504
    20         -1  (dbar)             -44    13    13    28    28     0   512    -65.096     54.186     20.544     87.153      0.000
    21          1  (d)                -44    14    14    29    29   514     0     -2.588     27.360    128.568    131.473      0.000
    22         21  (g)                -44    15    15    30    30   515   511     18.573     11.457   -124.968    126.859      0.000
    23         21  (g)                -43    16     0    31    31   513   517     -2.165      6.625    108.207    108.431      0.000
    24         21  (g)                -42   109   109    16    16   514   517      0.000     -0.000    358.255    358.255      0.000
    25          2  (u)                -41   110   110    32    17   515     0     -0.000     -0.000  -2942.276   2942.276      0.000
    26          6  (t)                -44    18    18    53    53   511     0     45.124    -86.761   -105.027    224.270    172.345
    27         -6  (tbar)             -44    19    19    35    35     0   513      6.151    -12.867  -1372.190   1383.189    173.504
    28         -1  (dbar)             -44    20    20    38    38     0   512    -65.096     54.186     20.544     87.153      0.000
    29          1  (d)                -44    21    21   114   114   514     0     -2.588     27.360    128.568    131.473      0.000
    30         21  (g)                -44    22    22    51    52   515   511     14.986     10.597    -88.383     90.269      0.000
    31         21  (g)                -44    23    23    33    34   513   517     -2.165      6.625    108.207    108.431      0.000
    32          2  (u)                -43    25     0    36    37   512     0      3.587      0.860  -1275.741   1275.746      0.330
    33         21  (g)                -51    31     0    57    58   518   517     -3.721      4.522     52.878     53.201      0.000
    34         21  (g)                -51    31     0    45    46   513   518      1.556      2.102     55.248     55.310      0.000
    35         -6  (tbar)             -52    27    27    47    47     0   513      6.151    -12.866  -1372.109   1383.109    173.504
    36          2  (u)                -51    32     0    41    41   519     0      5.592      2.506  -1212.743   1212.759      0.330
    37         21  (g)                -51    32     0    39    40   512   519     -2.044     -1.614    -62.985     63.039      0.000
    38         -1  (dbar)             -52    28    28    42    43     0   512    -65.057     54.154     20.532     87.101      0.000
    39         21  (g)                -51    37     0    44    44   512   520     -2.566      0.319    -72.279     72.325      0.000
    40         21  (g)                -51    37     0    65    65   520   519      1.580     -1.458   -219.972    219.983      0.000
    41          2  (u)                -52    36    36    88    89   519     0      4.534      2.031   -983.477    983.490      0.330
    42         -1  (dbar)             -51    38     0    48    49     0   521    -61.057     53.037     20.758     83.497      0.000
    43         21  (g)                -51    38     0    50    50   521   512     -4.024      1.120     -0.893      4.271      0.000
    44         21  (g)                -52    39    39    54    55   512   520     -2.542      0.316    -71.612     71.658      0.000
    45         21  (g)                -51    34     0    59    59   522   518      0.031      1.462     50.111     50.132      0.000
    46         21  (g)                -51    34     0    60    61   513   522      1.526      0.639      5.024      5.289      0.000
    47         -6  (tbar)             -52    35    35    62    62     0   513      6.150    -12.865  -1371.996   1382.997    173.504
    48         -1  (dbar)             -51    42     0    96    96     0   523    -49.689     44.245     16.073     68.447      0.000
    49         21  (g)                -51    42     0    76    77   523   521    -11.675      8.877      4.618     15.376      0.000
    50         21  (g)                -52    43    43    56    56   521   512     -3.717      1.034     -0.825      3.945      0.000
    51         21  (g)                -51    30     0   115   115   515   524      8.058      7.087    -52.750     53.830      0.000
    52         21  (g)                -51    30     0    82    83   524   511      6.930      3.480    -35.600     36.434      0.000
    53          6  (t)                -52    26    26    84    84   511     0     45.123    -86.731   -105.060    224.274    172.345
    54         21  (g)                -51    44     0    63    64   525   520     -3.365      0.311    -63.830     63.919      0.000
    55         21  (g)                -51    44     0    73    74   512   525      0.730      0.030     -7.803      7.837      0.000
    56         21  (g)                -52    50    50    75    75   521   512     -3.624      1.008     -0.804      3.847      0.000
    57         21  (g)                -51    33     0   116   116   526   517     -2.845      4.682     48.762     49.069      0.000
    58         21  (g)                -51    33     0   126   126   518   526     -0.867      0.249     18.132     18.155      0.000
    59         21  (g)                -52    45    45   118   118   522   518      0.022      1.053     36.095     36.110      0.000
    60         21  (g)                -51    46     0   122   122   527   522      0.886      1.378      4.741      5.016      0.000
    61         21  (g)                -51    46     0   127   127   513   527      0.642     -0.748     -0.612      1.160      0.000
    62         -6  (tbar)             -52    47    47   112   112     0   513      6.149    -12.856  -1371.102   1382.110    173.504
    63         21  (g)                -51    54     0    68    68   525   528     -0.542     -0.902    -26.263     26.284      0.000
    64         21  (g)                -51    54     0    66    67   528   520     -2.666      1.068    -59.410     59.480      0.000
    65         21  (g)                -52    40    40    79    80   520   519      1.423     -1.313   -198.129    198.138      0.000
    66         21  (g)                -51    64     0    81    81   529   520     -1.913      0.412    -26.828     26.899      0.000
    67         21  (g)                -51    64     0    99    99   528   529     -1.124      0.039    -50.533     50.545      0.000
    68         21  (g)                -52    63    63   119   119   525   528     -0.172     -0.285     -8.313      8.320      0.000
    69         21  (g)                -31   103   103    71    72   530   531      0.000      0.000    140.856    140.856      0.000
    70         21  (g)                -31   104     0    71    72   532   530      0.000      0.000     -0.022      0.022      0.000
    71         21  (g)                -33    69    70   100   101   532   533     -0.818     -0.146      8.215      8.256      0.000
    72         21  (g)                -33    69    70   102   102   533   531      0.818      0.146    132.619    132.622      0.000
    73         21  (g)                -51    55     0   125   125   534   525     -0.135      0.482     -6.331      6.350      0.000
    74         21  (g)                -51    55     0   130   130   512   534      0.662     -0.395     -1.518      1.702      0.000
    75         21  (g)                -52    56    56    78    78   521   512     -3.421      0.952     -0.759      3.632      0.000
    76         21  (g)                -51    49     0    94    95   523   535    -11.762      9.095      4.298     15.477      0.000
    77         21  (g)                -51    49     0   131   131   535   521     -0.572     -0.035      0.174      0.599      0.000
    78         21  (g)                -52    75    75   121   121   521   512     -2.762      0.769     -0.613      2.932      0.000
    79         21  (g)                -51    65     0    90    90   536   519      0.398     -1.097   -167.276    167.280      0.000
    80         21  (g)                -51    65     0    93    93   520   536      0.858     -0.180    -33.186     33.198      0.000
    81         21  (g)                -52    66    66    91    92   529   520     -1.746      0.377    -24.495     24.560      0.000
    82         21  (g)                -51    52     0    87    87   524   537      7.129      3.611    -33.324     34.269      0.000
    83         21  (g)                -51    52     0    85    86   537   511     -0.201     -0.262     -2.115      2.141      0.000
    84          6  (t)                -52    53    53   111   111   511     0     45.125    -86.600   -105.221    224.299    172.345
    85         -3  (sbar)             -51    83     0   133   133     0   511      1.566      0.204     -7.627      7.805      0.500
    86          3  (s)                -51    83     0   134   134   537     0     -0.022      0.418     -2.649      2.728      0.500
    87         21  (g)                -52    82    82   124   124   524   537      5.383      2.727    -25.164     25.877      0.000
    88          2  (u)                -51    41     0   117   117   539     0      2.329      0.520   -368.135    368.143      0.330
    89         21  (g)                -51    41     0   135   135   519   539      2.271      1.332   -642.716    642.721      0.000
    90         21  (g)                -52    79    79   120   120   536   519      0.333     -0.918   -139.902    139.906      0.000
    91         21  (g)                -51    81     0    97    98   529   540     -1.669      0.100    -21.311     21.376      0.000
    92         21  (g)                -51    81     0   136   136   540   520      0.182      0.222    -13.229     13.232      0.000
    93         21  (g)                -52    80    80   132   132   520   536      0.598     -0.126    -23.141     23.149      0.000
    94         21  (g)                -51    76     0   123   123   541   535     -3.338      2.240      1.204      4.197      0.000
    95         21  (g)                -51    76     0   137   137   523   541    -22.032     18.973      7.495     30.026      0.000
    96         -1  (dbar)             -52    48    48   113   113     0   523    -36.081     32.128     11.671     49.702      0.000
    97         21  (g)                -51    91     0   128   128   542   540      0.113     -0.022     -7.400      7.401      0.000
    98         21  (g)                -51    91     0   138   138   529   542     -2.326      0.142    -38.414     38.485      0.000
    99         21  (g)                -52    67    67   129   129   528   529     -0.579      0.020    -26.029     26.035      0.000
   100         21  (g)                -51    71     0   105   105   532   543     -1.067      0.155     18.640     18.672      0.000
   101         21  (g)                -51    71     0   107   107   543   533      0.373     -0.279      9.747      9.759      0.000
   102         21  (g)                -52    72    72   106   106   533   531      0.693      0.123    112.446    112.448      0.000
   103         21  (g)                -42   139   139    69    69   530   531      0.000      0.000    140.856    140.856      0.000
   104         -1  (dbar)             -41   140   140   108    70     0   530     -0.000     -0.000     -0.110      0.110      0.000
   105         21  (g)                -44   100   100   141   141   532   543     -0.778      0.373     11.605     11.637      0.000
   106         21  (g)                -44   102   102   142   142   533   531      0.714      0.139    116.488    116.490      0.000
   107         21  (g)                -44   101   101   143   143   543   533      0.477     -0.201     11.666     11.678      0.000
   108         -1  (dbar)             -43   104     0   144   144     0   532     -0.412     -0.311      0.987      1.161      0.330
   109         21  (g)                -61     1     0    24    24   543   517      1.304     -2.740    358.249    358.262      0.000
   110          2  (u)                -61     2     0    25    25   517     0      0.749     -0.892  -2942.276   2942.276      0.000
   111          6  (t)                -62    84    84   149   150   511     0     45.383    -87.105   -105.616    224.732    172.345
   112         -6  (tbar)             -62    62    62   160   161     0   513      6.519    -13.315  -1371.160   1382.173    173.504
   113         -1  (dbar)             -62    96    96   239   239     0   523    -35.965     31.888     11.849     49.505      0.000
   114          1  (d)                -62    29    29   199   199   514     0     -2.114     26.366    128.671    131.362      0.000
   115         21  (g)                -62    51    51   262   262   517   524      8.074      7.066    -52.738     53.818      0.000
   116         21  (g)                -62    57    57   263   263   526   517     -2.667      4.307     48.784     49.046      0.000
   117          2  (u)                -62    88    88   227   227   539     0      2.423      0.408   -368.137    368.145      0.330
   118         21  (g)                -62    59    59   266   266   522   533      0.154      0.777     36.098     36.107      0.000
   119         21  (g)                -62    68    68   178     0   525   528     -0.169     -0.288     -8.314      8.321      0.000
   120         21  (g)                -62    90    90   229   229   536   519      0.369     -0.960   -139.906    139.910      0.000
   121         21  (g)                -62    78    78   235   235   521   512     -2.757      0.759     -0.606      2.923      0.000
   122         21  (g)                -62    60    60   267   267   527   522      0.904      1.341      4.745      5.013      0.000
   123         21  (g)                -62    94    94   237   237   541   535     -3.328      2.219      1.218      4.181      0.000
   124         21  (g)                -62    87    87   261   261   524   537      5.391      2.716    -25.163     25.877      0.000
   125         21  (g)                -62    73    73   233   233   534   525     -0.133      0.480     -6.329      6.348      0.000
   126         21  (g)                -62    58    58   175     0   518   532     -0.801      0.110     18.134     18.152      0.000
   127         21  (g)                -62    61    61   268   268   513   527      0.643     -0.750     -0.616      1.164      0.000
   128         21  (g)                -62    97    97   176     0   542   540      0.115     -0.025     -7.401      7.402      0.000
   129         21  (g)                -62    99    99   178     0   528   529     -0.572      0.012    -26.028     26.034      0.000
   130         21  (g)                -62    74    74   234   234   512   534      0.663     -0.396     -1.520      1.705      0.000
   131         21  (g)                -62    77    77   236   236   535   521     -0.571     -0.038      0.174      0.598      0.000
   132         21  (g)                -62    93    93   177     0   520   536      0.604     -0.133    -23.142     23.151      0.000
   133         -3  (sbar)             -62    85    85   182   182     0   511      1.569      0.201     -7.629      7.807      0.500
   134          3  (s)                -62    86    86   260   260   537     0     -0.021      0.417     -2.647      2.726      0.500
   135         21  (g)                -62    89    89   228   228   519   539      2.434      1.137   -642.714    642.720      0.000
   136         21  (g)                -62    92    92   176     0   540   520      0.185      0.218    -13.229     13.232      0.000
   137         21  (g)                -62    95    95   238   238   523   541    -21.961     18.826      7.602     29.908      0.000
   138         21  (g)                -62    98    98   231   231   529   542     -2.316      0.130    -38.410     38.480      0.000
   139         21  (g)                -61     1     0   103   103   517   531     -0.475      1.078    143.658    143.663      0.000
   140         -1  (dbar)             -61     2     0   104   104     0   517     -0.677      0.618      1.771      1.994      0.000
   141         21  (g)                -62   105   105   175     0   532   526     -0.928      0.577     15.563     15.601      0.000
   142         21  (g)                -62   106   106   265   265   533   518      0.320      1.023    117.000    117.005      0.000
   143         21  (g)                -62   107   107   200   200   543   514      0.409     -0.095      9.958      9.967      0.000
   144         -1  (dbar)             -62   108   108   191   191     0   531     -0.953      0.190      2.908      3.084      0.330
   145       2203  (uu_1)             -63     1     0   201   201     0   543     -0.492      0.946   1527.544   1527.544      0.771
   146          1  (d)                -63     1     0   190   190   531     0     -0.337      0.717   4467.710   4467.710      0.330
   147       2101  (ud_0)             -63     2     0   216   216     0   546      0.079      0.324  -3557.568   3557.568      0.579
   148          1  (d)                -63     2     0   215   215   546     0     -0.152     -0.049      0.912      0.983      0.330
   149          5  (b)                -23   111     0   153   153   511     0     43.331    -78.128      0.426     89.476      4.920
   150         24  (W+)               -22   111     0   151   152     0     0      2.052     -8.977   -106.042    135.257     83.455
   151         24  (W+)               -51   150     0   156   156     0     0      2.037     -8.963   -105.958    135.189     83.455
   152         22  gamma               51   150     0     0     0     0     0      0.031     -0.041     -0.084      0.099      0.000
   153          5  (b)                -52   149   149   154   155   511     0     43.316    -78.100      0.425     89.444      4.920
   154          5  (b)                -51   153     0   159   159   551     0     43.019    -78.111      0.372     89.310      4.920
   155         21  (g)                -51   153     0   157   158   511   551      0.193      0.175     -0.393      0.472      0.000
   156         24  (W+)               -52   151   151   165   166     0     0      2.141     -9.128   -105.511    134.852     83.455
   157         21  (g)                -51   155     0   180   180   552   551      1.360     -0.716     -0.038      1.537      0.000
   158         21  (g)                -51   155     0   181   181   511   552     -0.173     -0.920     -0.342      0.997      0.000
   159          5  (b)                -52   154   154   179   179   551     0     42.025    -76.300      0.359     87.248      4.920
   160         -5  (bbar)             -23   112     0   162   163     0   513    -34.248     51.878   -566.197    569.620      4.920
   161        -24  (W-)               -22   112     0   164   164     0     0     40.767    -65.193   -804.963    812.553     79.778
   162         -5  (bbar)             -51   160     0   270   270     0   554    -33.452     51.471   -552.810    556.229      4.920
   163         21  (g)                -51   160     0   269   269   554   513     -0.665      0.201    -14.497     14.513      0.000
   164        -24  (W-)               -52   161   161   170   171     0     0     40.636    -64.987   -803.853    811.430     79.778
   165        -13  (mu+)              -23   156     0   167   168     0     0      4.080    -24.283   -114.505    117.122      0.106
   166         14  (nu_mu)            -23   156     0   169   169     0     0     -1.940     15.155      8.994     17.730      0.000
   167        -13  mu+                 51   165     0     0     0     0     0      4.080    -24.283   -114.505    117.122      0.106
   168         22  gamma               51   165     0     0     0     0     0      0.000     -0.000     -0.000      0.000      0.000
   169         14  nu_mu               52   166   166     0     0     0     0     -1.940     15.155      8.994     17.730      0.000
   170         11  (e-)               -23   164     0   172   173     0     0     -7.916    -60.859   -487.094    490.945      0.001
   171        -12  (nu_ebar)          -23   164     0   174   174     0     0     48.552     -4.128   -316.760    320.486      0.000
   172         11  e-                  51   170     0     0     0     0     0     -7.889    -60.705   -486.045    489.885      0.001
   173         22  gamma               51   170     0     0     0     0     0     -0.025     -0.154     -1.060      1.072      0.000
   174        -12  nu_ebar             52   171   171     0     0     0     0     48.550     -4.128   -316.748    320.474      0.000
   175         21  (g)                -73   126   141   264   264   518   526     -1.728      0.687     33.697     33.753      0.582
   176         21  (g)                -73   128   136   177     0   542   520      0.300      0.193    -20.630     20.634      0.196
   177         21  (g)                -73   132   176   230   230   542   536      0.904      0.061    -43.772     43.784      0.504
   178         21  (g)                -73   119   129   232   232   525   529     -0.742     -0.276    -34.341     34.354      0.517
   179          5  (b)                -71   159   159   183   189   551     0     42.025    -76.300      0.359     87.248      4.920
   180         21  (g)                -71   157   157   183   189   552   551      1.360     -0.716     -0.038      1.537      0.000
   181         21  (g)                -71   158   158   183   189   511   552     -0.173     -0.920     -0.342      0.997      0.000
   182         -3  (sbar)             -71   133   133   183   189     0   511      1.569      0.201     -7.629      7.807      0.500
   183       -523  (B*-)              -83   179   182   375   376     0     0     41.438    -74.532      0.361     85.443      5.325
   184        211  pi+                 83   179   182     0     0     0     0      0.721     -2.431      0.109      2.542      0.140
   185       -211  pi-                 84   179   182     0     0     0     0      0.636     -0.176     -0.817      1.060      0.140
   186        323  (K*+)              -84   179   182   302   303     0     0      0.901     -0.634     -1.740      2.245      0.892
   187       -311  (Kbar0)            -84   179   182   304   304     0     0      0.453     -0.111     -0.262      0.731      0.498
   188        221  (eta)              -84   179   182   377   379     0     0      0.050      0.309     -2.414      2.495      0.548
   189        313  (K*0)              -84   179   182   305   306     0     0      0.582     -0.158     -2.886      3.073      0.866
   190          1  (d)                -71   146   146   192   198   531     0     -0.337      0.717   4467.710   4467.710      0.330
   191         -1  (dbar)             -71   144   144   192   198     0   531     -0.953      0.190      2.908      3.084      0.330
   192        113  (rho0)             -83   190   191   307   308     0     0     -0.106      0.147   1246.079   1246.080      0.677
   193        223  (omega)            -83   190   191   380   382     0     0     -0.257      0.699   2796.994   2796.994      0.787
   194       -211  pi-                 84   190   191     0     0     0     0      0.147     -0.012     38.604     38.604      0.140
   195        211  pi+                 84   190   191     0     0     0     0     -0.179     -0.294    107.049    107.050      0.140
   196        111  (pi0)              -84   190   191   383   384     0     0      0.080      0.716    209.966    209.967      0.135
   197       2114  (Delta0)           -84   190   191   309   310     0     0     -0.334     -0.065     65.327     65.340      1.241
   198      -2114  (Deltabar0)        -84   190   191   311   312     0     0     -0.641     -0.285      6.599      6.759      1.284
   199          1  (d)                -71   114   114   202   214   514     0     -2.114     26.366    128.671    131.362      0.000
   200         21  (g)                -71   143   143   202   214   543   514      0.409     -0.095      9.958      9.967      0.000
   201       2203  (uu_1)             -71   145   145   202   214     0   543     -0.492      0.946   1527.544   1527.544      0.771
   202        223  (omega)            -83   199   201   385   387     0     0     -1.878     21.107    103.942    106.083      0.774
   203        113  (rho0)             -83   199   201   313   314     0     0      0.236      2.728     13.365     13.675      0.946
   204       -211  pi-                 83   199   201     0     0     0     0     -0.247      1.105      9.554      9.622      0.140
   205        113  (rho0)             -83   199   201   315   316     0     0     -0.114      0.509      5.614      5.691      0.777
   206        223  (omega)            -83   199   201   388   390     0     0     -0.053      0.611     14.890     14.923      0.785
   207        211  pi+                 83   199   201     0     0     0     0     -0.021     -0.459      5.391      5.413      0.140
   208        111  (pi0)              -83   199   201   391   392     0     0      0.134      0.283      2.380      2.405      0.135
   209       -211  pi-                 84   199   201     0     0     0     0      0.026      0.139     37.468     37.469      0.140
   210        223  (omega)            -84   199   201   393   395     0     0     -0.012      0.241     25.083     25.096      0.773
   211        321  K+                  84   199   201     0     0     0     0     -0.537      0.614    133.204    133.208      0.494
   212       -321  K-                  84   199   201     0     0     0     0      0.741      0.068    141.676    141.679      0.494
   213       2214  (Delta+)           -84   199   201   317   318     0     0     -0.082     -0.118    252.737    252.742      1.461
   214        213  (rho+)             -84   199   201   319   320     0     0     -0.390      0.389    920.869    920.869      0.732
   215          1  (d)                -71   148   148   217   226   546     0     -0.152     -0.049      0.912      0.983      0.330
   216       2101  (ud_0)             -71   147   147   217   226     0   546      0.079      0.324  -3557.568   3557.568      0.579
   217        221  (eta)              -83   215   216   396   398     0     0     -0.200     -0.090      0.317      0.670      0.548
   218        221  (eta)              -83   215   216   399   400     0     0     -0.215     -0.029      0.203      0.623      0.548
   219        223  (omega)            -83   215   216   401   403     0     0      0.295      0.194     -6.019      6.076      0.754
   220       -211  pi-                 83   215   216     0     0     0     0     -0.347     -0.184    -11.265     11.273      0.140
   221        223  (omega)            -84   215   216   404   406     0     0      0.106      0.395   -105.796    105.800      0.785
   222        213  (rho+)             -84   215   216   321   322     0     0      0.186     -0.290    -60.685     60.697      1.141
   223       2112  n0                  84   215   216     0     0     0     0      0.138     -0.281   -300.404    300.405      0.940
   224      -2112  nbar0               84   215   216     0     0     0     0     -0.093      0.421  -1031.179   1031.180      0.940
   225        111  (pi0)              -84   215   216   407   408     0     0     -0.527      0.445   -810.117    810.118      0.135
   226       2112  n0                  84   215   216     0     0     0     0      0.584     -0.306  -1231.709   1231.710      0.940
   227          2  (u)                -71   117   117   240   259   539     0      2.423      0.408   -368.137    368.145      0.330
   228         21  (g)                -71   135   135   240   259   519   539      2.434      1.137   -642.714    642.720      0.000
   229         21  (g)                -71   120   120   240   259   536   519      0.369     -0.960   -139.906    139.910      0.000
   230         21  (g)                -71   177   177   240   259   542   536      0.904      0.061    -43.772     43.784      0.504
   231         21  (g)                -71   138   138   240   259   529   542     -2.316      0.130    -38.410     38.480      0.000
   232         21  (g)                -71   178   178   240   259   525   529     -0.742     -0.276    -34.341     34.354      0.517
   233         21  (g)                -71   125   125   240   259   534   525     -0.133      0.480     -6.329      6.348      0.000
   234         21  (g)                -71   130   130   240   259   512   534      0.663     -0.396     -1.520      1.705      0.000
   235         21  (g)                -71   121   121   240   259   521   512     -2.757      0.759     -0.606      2.923      0.000
   236         21  (g)                -71   131   131   240   259   535   521     -0.571     -0.038      0.174      0.598      0.000
   237         21  (g)                -71   123   123   240   259   541   535     -3.328      2.219      1.218      4.181      0.000
   238         21  (g)                -71   137   137   240   259   523   541    -21.961     18.826      7.602     29.908      0.000
   239         -1  (dbar)             -71   113   113   240   259     0   523    -35.965     31.888     11.849     49.505      0.000
   240        211  pi+                 83   227   239     0     0     0     0      0.638     -0.012   -208.729    208.730      0.140
   241       -213  (rho-)             -83   227   239   323   324     0     0      2.949      0.704   -526.193    526.202      0.733
   242        223  (omega)            -83   227   239   409   411     0     0      0.980     -0.395   -257.184    257.187      0.789
   243        213  (rho+)             -83   227   239   325   326     0     0      1.296      0.879   -152.222    152.231      0.449
   244       -211  pi-                 83   227   239     0     0     0     0     -0.297     -0.638    -18.335     18.349      0.140
   245        223  (omega)            -83   227   239   412   414     0     0     -0.326      0.263    -35.638     35.649      0.781
   246        213  (rho+)             -83   227   239   327   328     0     0     -0.825     -0.024    -29.134     29.158      0.842
   247       -211  pi-                 83   227   239     0     0     0     0      0.136      0.199     -8.716      8.721      0.140
   248        323  (K*+)              -83   227   239   329   330     0     0     -0.961      0.055    -17.485     17.530      0.813
   249       -311  (Kbar0)            -83   227   239   331   331     0     0     -0.521     -0.104    -18.496     18.511      0.498
   250       -213  (rho-)             -84   227   239   332   333     0     0      0.054     -0.145     -1.969      2.110      0.743
   251        111  (pi0)              -84   227   239   415   416     0     0     -0.407      0.377      0.165      0.594      0.135
   252       2114  (Delta0)           -84   227   239   334   335     0     0     -0.884     -0.468     -0.734      1.840      1.358
   253      -1114  (Deltabar+)        -84   227   239   336   337     0     0     -0.821      0.752     -0.137      1.595      1.135
   254       -213  (rho-)             -84   227   239   338   339     0     0     -3.787      2.311      0.494      4.628      1.221
   255        111  (pi0)              -84   227   239   417   418     0     0     -2.915      2.480      0.981      3.953      0.135
   256        111  (pi0)              -84   227   239   419   420     0     0     -6.580      5.226      2.252      8.700      0.135
   257        211  pi+                 84   227   239     0     0     0     0     -3.357      2.810      1.509      4.633      0.140
   258        111  (pi0)              -84   227   239   421   422     0     0     -7.249      7.129      2.075     10.378      0.135
   259        223  (omega)            -84   227   239   423   424     0     0    -38.104     32.839     12.605     51.864      0.774
   260          3  (s)                -71   134   134   271   301   537     0     -0.021      0.417     -2.647      2.726      0.500
   261         21  (g)                -71   124   124   271   301   524   537      5.391      2.716    -25.163     25.877      0.000
   262         21  (g)                -71   115   115   271   301   517   524      8.074      7.066    -52.738     53.818      0.000
   263         21  (g)                -71   116   116   271   301   526   517     -2.667      4.307     48.784     49.046      0.000
   264         21  (g)                -71   175   175   271   301   518   526     -1.728      0.687     33.697     33.753      0.582
   265         21  (g)                -71   142   142   271   301   533   518      0.320      1.023    117.000    117.005      0.000
   266         21  (g)                -71   118   118   271   301   522   533      0.154      0.777     36.098     36.107      0.000
   267         21  (g)                -71   122   122   271   301   527   522      0.904      1.341      4.745      5.013      0.000
   268         21  (g)                -71   127   127   271   301   513   527      0.643     -0.750     -0.616      1.164      0.000
   269         21  (g)                -71   163   163   271   301   554   513     -0.665      0.201    -14.497     14.513      0.000
   270         -5  (bbar)             -71   162   162   271   301     0   554    -33.452     51.471   -552.810    556.229      4.920
   271       -321  K-                  83   260   270     0     0     0     0      0.404      0.574     -4.610      4.689      0.494
   272        211  pi+                 83   260   270     0     0     0     0      3.914      2.583    -17.752     18.361      0.140
   273        313  (K*0)              -83   260   270   340   341     0     0      1.380      1.552    -12.255     12.470      1.005
   274       -323  (K*-)              -83   260   270   342   343     0     0      3.626      2.281    -20.593     21.056      0.958
   275        213  (rho+)             -83   260   270   344   345     0     0      4.153      2.651    -22.729     23.293      1.304
   276        223  (omega)            -83   260   270   425   427     0     0      0.065      0.802     -1.613      1.966      0.783
   277        111  (pi0)              -83   260   270   428   429     0     0     -0.299     -0.156     -0.430      0.563      0.135
   278        111  (pi0)              -83   260   270   430   431     0     0     -0.014     -0.106     -0.172      0.243      0.135
   279        113  (rho0)             -83   260   270   346   347     0     0      0.096      0.413      3.161      3.252      0.635
   280        223  (omega)            -83   260   270   432   434     0     0     -0.435      0.846      5.894      6.021      0.779
   281        313  (K*0)              -83   260   270   348   349     0     0     -1.598      0.809     22.239     22.330      0.913
   282       -323  (K*-)              -83   260   270   350   351     0     0     -0.067      0.776     16.752     16.794      0.890
   283        211  pi+                 83   260   270     0     0     0     0     -1.491      1.470     23.420     23.514      0.140
   284       -211  pi-                 84   260   270     0     0     0     0      0.187      0.745     13.118     13.141      0.140
   285        213  (rho+)             -84   260   270   352   353     0     0     -0.225      0.667     53.088     53.109      1.340
   286       -213  (rho-)             -84   260   270   354   355     0     0     -0.396      0.323     28.064     28.078      0.726
   287        223  (omega)            -84   260   270   435   437     0     0      0.875      0.282     32.831     32.854      0.808
   288        323  (K*+)              -84   260   270   356   357     0     0     -0.329      1.013     29.512     29.545      0.902
   289       -323  (K*-)              -84   260   270   358   359     0     0      0.613     -0.294      3.877      4.034      0.886
   290        213  (rho+)             -84   260   270   360   361     0     0     -0.595      0.368      4.425      4.553      0.811
   291        223  (omega)            -84   260   270   438   440     0     0      0.593      0.257      2.061      2.296      0.779
   292       -213  (rho-)             -84   260   270   362   363     0     0      0.269     -0.247      0.423      0.873      0.671
   293        321  K+                  84   260   270     0     0     0     0     -0.369      0.336      0.319      0.771      0.494
   294       -313  (K*bar0)           -84   260   270   364   365     0     0     -0.003      0.010     -0.653      1.127      0.918
   295       -211  pi-                 84   260   270     0     0     0     0      0.477     -0.244     -0.391      0.678      0.140
   296        213  (rho+)             -84   260   270   366   367     0     0     -0.924      1.291    -20.352     20.464      1.429
   297        113  (rho0)             -84   260   270   368   369     0     0     -0.827      1.098    -11.709     11.811      0.716
   298        111  (pi0)              -84   260   270   441   442     0     0     -0.326      0.603     -4.595      4.648      0.135
   299        223  (omega)            -84   260   270   443   445     0     0     -0.672      0.758    -12.604     12.669      0.785
   300        111  (pi0)              -84   260   270   446   447     0     0     -0.061      0.257     -1.401      1.432      0.135
   301        513  (B*0)              -84   260   270   448   449     0     0    -31.069     47.536   -515.471    518.617      5.325
   302        311  (K0)               -91   186     0   370   370     0     0      0.368     -0.508     -0.714      1.073      0.498
   303        211  pi+                 91   186     0     0     0     0     0      0.533     -0.126     -1.027      1.172      0.140
   304        130  K_L0                91   187   187     0     0     0     0      0.453     -0.111     -0.262      0.731      0.498
   305        311  (K0)               -91   189     0   371   371     0     0      0.569     -0.081     -2.785      2.887      0.498
   306        111  (pi0)              -91   189     0   450   451     0     0      0.013     -0.078     -0.101      0.186      0.135
   307        211  pi+                 91   192     0     0     0     0     0      0.170      0.045    171.554    171.555      0.140
   308       -211  pi-                 91   192     0     0     0     0     0     -0.276      0.102   1074.525   1074.525      0.140
   309       2112  n0                  91   197     0     0     0     0     0     -0.373     -0.262     53.324     53.334      0.940
   310        111  (pi0)              -91   197     0   452   453     0     0      0.039      0.198     12.003     12.006      0.135
   311      -2112  nbar0               91   198     0     0     0     0     0     -0.292     -0.028      5.043      5.138      0.940
   312        111  (pi0)              -91   198     0   454   455     0     0     -0.350     -0.257      1.556      1.621      0.135
   313        211  pi+                 91   203     0     0     0     0     0      0.497      2.181     11.241     11.463      0.140
   314       -211  pi-                 91   203     0     0     0     0     0     -0.261      0.546      2.123      2.212      0.140
   315        211  pi+                 91   205     0     0     0     0     0      0.306      0.163      2.158      2.190      0.140
   316       -211  pi-                 91   205     0     0     0     0     0     -0.420      0.346      3.456      3.501      0.140
   317       2112  n0                  91   213     0     0     0     0     0      0.020      0.132    114.664    114.668      0.940
   318        211  pi+                 91   213     0     0     0     0     0     -0.102     -0.250    138.073    138.074      0.140
   319        211  pi+                 91   214     0     0     0     0     0      0.167      0.193    215.669    215.669      0.140
   320        111  (pi0)              -91   214     0   456   457     0     0     -0.556      0.195    705.200    705.200      0.135
   321        211  pi+                 91   222     0     0     0     0     0      0.205     -0.662    -26.573     26.582      0.140
   322        111  (pi0)              -91   222     0   458   459     0     0     -0.018      0.372    -34.113     34.115      0.135
   323       -211  pi-                 91   241     0     0     0     0     0      1.619      0.432   -345.634    345.638      0.140
   324        111  (pi0)              -91   241     0   460   461     0     0      1.331      0.272   -180.559    180.564      0.135
   325        211  pi+                 91   243     0     0     0     0     0      0.310      0.369    -40.016     40.019      0.140
   326        111  (pi0)              -91   243     0   462   463     0     0      0.986      0.511   -112.206    112.212      0.135
   327        211  pi+                 91   246     0     0     0     0     0     -0.038      0.172     -2.227      2.238      0.140
   328        111  (pi0)              -91   246     0   464   465     0     0     -0.787     -0.196    -26.907     26.920      0.135
   329        321  K+                  91   248     0     0     0     0     0     -0.735     -0.080     -9.970     10.010      0.494
   330        111  (pi0)              -91   248     0   466   467     0     0     -0.226      0.134     -7.515      7.521      0.135
   331        310  K_S0                91   249   249     0     0     0     0     -0.521     -0.104    -18.496     18.511      0.498
   332       -211  pi-                 91   250     0     0     0     0     0     -0.301      0.011     -1.096      1.145      0.140
   333        111  (pi0)              -91   250     0   468   469     0     0      0.356     -0.156     -0.873      0.965      0.135
   334       2112  n0                  91   252     0     0     0     0     0     -0.723     -0.017     -0.571      1.316      0.940
   335        111  (pi0)              -91   252     0   470   471     0     0     -0.161     -0.451     -0.164      0.524      0.135
   336      -2112  nbar0               91   253     0     0     0     0     0     -0.798      0.568     -0.104      1.361      0.940
   337        211  pi+                 91   253     0     0     0     0     0     -0.023      0.183     -0.034      0.234      0.140
   338       -211  pi-                 91   254     0     0     0     0     0     -1.002      0.582     -0.389      1.230      0.140
   339        111  (pi0)              -91   254     0   472   473     0     0     -2.785      1.729      0.883      3.398      0.135
   340        311  (K0)               -91   273     0   372   372     0     0      1.349      1.055     -9.068      9.242      0.498
   341        111  (pi0)              -91   273     0   474   475     0     0      0.031      0.497     -3.187      3.228      0.135
   342       -311  (Kbar0)            -91   274     0   373   373     0     0      1.919      1.526    -12.659     12.904      0.498
   343       -211  pi-                 91   274     0     0     0     0     0      1.707      0.755     -7.934      8.152      0.140
   344        211  pi+                 91   275     0     0     0     0     0      1.329      0.221     -5.326      5.496      0.140
   345        111  (pi0)              -91   275     0   476   477     0     0      2.824      2.431    -17.402     17.797      0.135
   346        211  pi+                 91   279     0     0     0     0     0      0.276      0.362      1.474      1.549      0.140
   347       -211  pi-                 91   279     0     0     0     0     0     -0.180      0.052      1.687      1.703      0.140
   348        321  K+                  91   281     0     0     0     0     0     -0.533      0.494      8.569      8.613      0.494
   349       -211  pi-                 91   281     0     0     0     0     0     -1.065      0.315     13.670     13.716      0.140
   350       -321  K-                  91   282     0     0     0     0     0     -0.304      0.380      8.869      8.896      0.494
   351        111  (pi0)              -91   282     0   478   479     0     0      0.237      0.397      7.883      7.898      0.135
   352        211  pi+                 91   285     0     0     0     0     0     -0.485      0.389     10.315     10.335      0.140
   353        111  (pi0)              -91   285     0   480   481     0     0      0.260      0.277     42.773     42.774      0.135
   354       -211  pi-                 91   286     0     0     0     0     0     -0.031      0.370     20.559     20.563      0.140
   355        111  (pi0)              -91   286     0   482   483     0     0     -0.364     -0.047      7.505      7.515      0.135
   356        321  K+                  91   288     0     0     0     0     0     -0.414      0.411     17.919     17.935      0.494
   357        111  (pi0)              -91   288     0   484   485     0     0      0.085      0.601     11.593     11.610      0.135
   358       -311  (Kbar0)            -91   289     0   374   374     0     0      0.300     -0.450      2.365      2.476      0.498
   359       -211  pi-                 91   289     0     0     0     0     0      0.313      0.156      1.512      1.558      0.140
   360        211  pi+                 91   290     0     0     0     0     0     -0.601      0.278      1.804      1.926      0.140
   361        111  (pi0)              -91   290     0   486   487     0     0      0.006      0.090      2.622      2.627      0.135
   362       -211  pi-                 91   292     0     0     0     0     0      0.105      0.200      0.188      0.325      0.140
   363        111  (pi0)              -91   292     0   488   489     0     0      0.164     -0.447      0.234      0.548      0.135
   364       -321  K-                  91   294     0     0     0     0     0     -0.238     -0.124     -0.592      0.816      0.494
   365        211  pi+                 91   294     0     0     0     0     0      0.235      0.134     -0.061      0.311      0.140
   366        211  pi+                 91   296     0     0     0     0     0     -0.168      0.968     -5.528      5.617      0.140
   367        111  (pi0)              -91   296     0   490   491     0     0     -0.756      0.323    -14.824     14.847      0.135
   368        211  pi+                 91   297     0     0     0     0     0     -0.317      0.768     -8.539      8.580      0.140
   369       -211  pi-                 91   297     0     0     0     0     0     -0.510      0.330     -3.170      3.231      0.140
   370        310  (K_S0)             -91   302   302   492   493     0     0      0.368     -0.508     -0.714      1.073      0.498
   371        310  K_S0                91   305   305     0     0     0     0      0.569     -0.081     -2.785      2.887      0.498
   372        310  K_S0                91   340   340     0     0     0     0      1.349      1.055     -9.068      9.242      0.498
   373        310  (K_S0)             -91   342   342   494   495     0     0      1.919      1.526    -12.659     12.904      0.498
   374        130  K_L0                91   358   358     0     0     0     0      0.300     -0.450      2.365      2.476      0.498
   375       -521  (B-)               -91   183     0   496   499     0     0     40.937    -73.721      0.358     84.490      5.279
   376         22  gamma               91   183     0     0     0     0     0      0.501     -0.811      0.003      0.953      0.000
   377        211  pi+                 91   188     0     0     0     0     0      0.055      0.202     -0.955      0.988      0.140
   378       -211  pi-                 91   188     0     0     0     0     0     -0.063      0.139     -0.583      0.619      0.140
   379        111  (pi0)              -91   188     0   500   501     0     0      0.058     -0.032     -0.876      0.888      0.135
   380        211  pi+                 91   193     0     0     0     0     0     -0.176      0.492   1056.708   1056.708      0.140
   381       -211  pi-                 91   193     0     0     0     0     0      0.117      0.151    634.934    634.934      0.140
   382        111  (pi0)              -91   193     0   502   503     0     0     -0.198      0.057   1105.353   1105.353      0.135
   383         22  gamma               91   196     0     0     0     0     0      0.041      0.244     55.164     55.164      0.000
   384         22  gamma               91   196     0     0     0     0     0      0.039      0.472    154.802    154.803      0.000
   385        211  pi+                 91   202     0     0     0     0     0     -1.244     15.613     76.240     77.832      0.140
   386       -211  pi-                 91   202     0     0     0     0     0     -0.417      3.342     16.486     16.828      0.140
   387        111  (pi0)              -91   202     0   504   505     0     0     -0.217      2.151     11.216     11.423      0.135
   388        211  pi+                 91   206     0     0     0     0     0     -0.113      0.285      2.596      2.617      0.140
   389       -211  pi-                 91   206     0     0     0     0     0     -0.117      0.216      7.028      7.034      0.140
   390        111  (pi0)              -91   206     0   506   507     0     0      0.177      0.110      5.266      5.272      0.135
   391         22  gamma               91   208     0     0     0     0     0     -0.022      0.068      0.658      0.662      0.000
   392         22  gamma               91   208     0     0     0     0     0      0.157      0.215      1.722      1.742      0.000
   393        211  pi+                 91   210     0     0     0     0     0     -0.059      0.357      8.702      8.711      0.140
   394       -211  pi-                 91   210     0     0     0     0     0      0.094     -0.121     12.638     12.639      0.140
   395        111  (pi0)              -91   210     0   508   509     0     0     -0.047      0.005      3.743      3.746      0.135
   396        111  (pi0)              -91   217     0   510   511     0     0     -0.084     -0.115      0.024      0.198      0.135
   397        111  (pi0)              -91   217     0   512   513     0     0      0.058      0.032      0.113      0.188      0.135
   398        111  (pi0)              -91   217     0   514   515     0     0     -0.174     -0.007      0.180      0.284      0.135
   399         22  gamma               91   218     0     0     0     0     0      0.178      0.055      0.044      0.191      0.000
   400         22  gamma               91   218     0     0     0     0     0     -0.393     -0.084      0.159      0.432      0.000
   401        211  pi+                 91   219     0     0     0     0     0      0.026     -0.029     -2.288      2.292      0.140
   402       -211  pi-                 91   219     0     0     0     0     0      0.315      0.029     -2.836      2.857      0.140
   403        111  (pi0)              -91   219     0   516   517     0     0     -0.046      0.194     -0.895      0.927      0.135
   404        211  pi+                 91   221     0     0     0     0     0      0.175      0.255    -25.913     25.915      0.140
   405       -211  pi-                 91   221     0     0     0     0     0      0.011      0.248    -55.483     55.484      0.140
   406        111  (pi0)              -91   221     0   518   519     0     0     -0.080     -0.109    -24.400     24.401      0.135
   407         22  gamma               91   225     0     0     0     0     0     -0.027      0.051   -110.822    110.822      0.000
   408         22  gamma               91   225     0     0     0     0     0     -0.500      0.394   -699.295    699.295      0.000
   409        211  pi+                 91   242     0     0     0     0     0      0.178     -0.179    -55.393     55.393      0.140
   410       -211  pi-                 91   242     0     0     0     0     0      0.207     -0.304    -60.065     60.066      0.140
   411        111  (pi0)              -91   242     0   520   521     0     0      0.595      0.088   -141.726    141.728      0.135
   412        211  pi+                 91   245     0     0     0     0     0      0.099     -0.019     -4.653      4.656      0.140
   413       -211  pi-                 91   245     0     0     0     0     0     -0.096      0.060     -3.484      3.488      0.140
   414        111  (pi0)              -91   245     0   522   523     0     0     -0.329      0.221    -27.501     27.504      0.135
   415         22  gamma               91   251     0     0     0     0     0     -0.263      0.257      0.042      0.370      0.000
   416         22  gamma               91   251     0     0     0     0     0     -0.144      0.120      0.123      0.224      0.000
   417         22  gamma               91   255     0     0     0     0     0     -2.126      1.731      0.718      2.834      0.000
   418         22  gamma               91   255     0     0     0     0     0     -0.790      0.749      0.263      1.120      0.000
   419         22  gamma               91   256     0     0     0     0     0     -6.250      4.929      2.147      8.244      0.000
   420         22  gamma               91   256     0     0     0     0     0     -0.330      0.296      0.104      0.456      0.000
   421         22  gamma               91   258     0     0     0     0     0     -2.554      2.535      0.671      3.660      0.000
   422         22  gamma               91   258     0     0     0     0     0     -4.695      4.594      1.404      6.717      0.000
   423        211  pi+                 91   259     0     0     0     0     0    -35.504     30.414     11.696     48.191      0.140
   424       -211  pi-                 91   259     0     0     0     0     0     -2.600      2.425      0.909      3.673      0.140
   425        211  pi+                 91   276     0     0     0     0     0      0.022      0.383     -0.486      0.635      0.140
   426       -211  pi-                 91   276     0     0     0     0     0     -0.157      0.104     -0.740      0.777      0.140
   427        111  (pi0)              -91   276     0   524   525     0     0      0.200      0.315     -0.387      0.554      0.135
   428         22  gamma               91   277     0     0     0     0     0     -0.226     -0.165     -0.388      0.478      0.000
   429         22  gamma               91   277     0     0     0     0     0     -0.073      0.009     -0.042      0.085      0.000
   430         22  gamma               91   278     0     0     0     0     0      0.040      0.003     -0.011      0.042      0.000
   431         22  gamma               91   278     0     0     0     0     0     -0.054     -0.108     -0.161      0.201      0.000
   432        211  pi+                 91   280     0     0     0     0     0      0.117      0.146      1.324      1.345      0.140
   433       -211  pi-                 91   280     0     0     0     0     0     -0.127      0.061      1.301      1.317      0.140
   434        111  (pi0)              -91   280     0   526   527     0     0     -0.425      0.638      3.269      3.360      0.135
   435        211  pi+                 91   287     0     0     0     0     0      0.157     -0.078     13.980     13.982      0.140
   436       -211  pi-                 91   287     0     0     0     0     0      0.510      0.174      9.875      9.890      0.140
   437        111  (pi0)              -91   287     0   528   529     0     0      0.208      0.186      8.976      8.982      0.135
   438        211  pi+                 91   291     0     0     0     0     0      0.608      0.142      1.523      1.652      0.140
   439       -211  pi-                 91   291     0     0     0     0     0     -0.020      0.039      0.433      0.457      0.140
   440        111  (pi0)              -91   291     0   530   531     0     0      0.005      0.076      0.104      0.187      0.135
   441         22  gamma               91   298     0     0     0     0     0     -0.103      0.332     -2.275      2.302      0.000
   442         22  gamma               91   298     0     0     0     0     0     -0.223      0.271     -2.320      2.346      0.000
   443        211  pi+                 91   299     0     0     0     0     0      0.063      0.249     -3.180      3.194      0.140
   444       -211  pi-                 91   299     0     0     0     0     0     -0.303      0.174     -2.428      2.457      0.140
   445        111  (pi0)              -91   299     0   532   533     0     0     -0.432      0.336     -6.995      7.018      0.135
   446         22  gamma               91   300     0     0     0     0     0     -0.014     -0.008     -0.022      0.027      0.000
   447         22  gamma               91   300     0     0     0     0     0     -0.047      0.265     -1.379      1.405      0.000
   448        511  (B0)               -91   301     0   534   536     0     0    -31.039     47.452   -514.515    517.657      5.280
   449         22  gamma               91   301     0     0     0     0     0     -0.029      0.085     -0.956      0.960      0.000
   450         22  gamma               91   306     0     0     0     0     0      0.001     -0.107     -0.033      0.112      0.000
   451         22  gamma               91   306     0     0     0     0     0      0.011      0.029     -0.067      0.074      0.000
   452         22  gamma               91   310     0     0     0     0     0     -0.013      0.020      0.292      0.293      0.000
   453         22  gamma               91   310     0     0     0     0     0      0.053      0.178     11.712     11.713      0.000
   454         22  gamma               91   312     0     0     0     0     0     -0.169     -0.086      0.891      0.911      0.000
   455         22  gamma               91   312     0     0     0     0     0     -0.181     -0.172      0.665      0.711      0.000
   456         22  gamma               91   320     0     0     0     0     0     -0.390      0.074    492.479    492.479      0.000
   457         22  gamma               91   320     0     0     0     0     0     -0.166      0.121    212.721    212.721      0.000
   458         22  gamma               91   322     0     0     0     0     0      0.002      0.098     -4.703      4.704      0.000
   459         22  gamma               91   322     0     0     0     0     0     -0.021      0.274    -29.410     29.411      0.000
   460         22  gamma               91   324     0     0     0     0     0      0.978      0.258   -131.517    131.521      0.000
   461         22  gamma               91   324     0     0     0     0     0      0.352      0.015    -49.042     49.043      0.000
   462         22  gamma               91   326     0     0     0     0     0      0.664      0.413    -78.494     78.498      0.000
   463         22  gamma               91   326     0     0     0     0     0      0.322      0.097    -33.712     33.714      0.000
   464         22  gamma               91   328     0     0     0     0     0     -0.500     -0.148    -19.183     19.190      0.000
   465         22  gamma               91   328     0     0     0     0     0     -0.286     -0.047     -7.724      7.730      0.000
   466         22  gamma               91   330     0     0     0     0     0     -0.243      0.118     -7.135      7.140      0.000
   467         22  gamma               91   330     0     0     0     0     0      0.017      0.016     -0.380      0.381      0.000
   468         22  gamma               91   333     0     0     0     0     0      0.286     -0.172     -0.647      0.728      0.000
   469         22  gamma               91   333     0     0     0     0     0      0.070      0.016     -0.226      0.237      0.000
   470         22  gamma               91   335     0     0     0     0     0     -0.075     -0.146     -0.121      0.204      0.000
   471         22  gamma               91   335     0     0     0     0     0     -0.086     -0.305     -0.043      0.320      0.000
   472         22  gamma               91   339     0     0     0     0     0     -0.545      0.389      0.147      0.686      0.000
   473         22  gamma               91   339     0     0     0     0     0     -2.240      1.339      0.737      2.712      0.000
   474         22  gamma               91   341     0     0     0     0     0      0.050      0.254     -1.274      1.300      0.000
   475         22  gamma               91   341     0     0     0     0     0     -0.019      0.243     -1.913      1.929      0.000
   476         22  gamma               91   345     0     0     0     0     0      1.360      1.172     -8.068      8.265      0.000
   477         22  gamma               91   345     0     0     0     0     0      1.463      1.258     -9.335      9.532      0.000
   478         22  gamma               91   351     0     0     0     0     0      0.016     -0.006      0.148      0.149      0.000
   479         22  gamma               91   351     0     0     0     0     0      0.221      0.403      7.735      7.749      0.000
   480         22  gamma               91   353     0     0     0     0     0      0.042      0.132     17.235     17.236      0.000
   481         22  gamma               91   353     0     0     0     0     0      0.218      0.145     25.537     25.539      0.000
   482         22  gamma               91   355     0     0     0     0     0     -0.287     -0.059      6.702      6.709      0.000
   483         22  gamma               91   355     0     0     0     0     0     -0.077      0.012      0.803      0.806      0.000
   484         22  gamma               91   357     0     0     0     0     0      0.121      0.454      8.579      8.592      0.000
   485         22  gamma               91   357     0     0     0     0     0     -0.036      0.147      3.014      3.018      0.000
   486         22  gamma               91   361     0     0     0     0     0      0.008      0.014      2.051      2.051      0.000
   487         22  gamma               91   361     0     0     0     0     0     -0.002      0.075      0.571      0.576      0.000
   488         22  gamma               91   363     0     0     0     0     0      0.018     -0.072     -0.013      0.075      0.000
   489         22  gamma               91   363     0     0     0     0     0      0.146     -0.375      0.247      0.472      0.000
   490         22  gamma               91   367     0     0     0     0     0     -0.632      0.219    -11.456     11.476      0.000
   491         22  gamma               91   367     0     0     0     0     0     -0.124      0.103     -3.368      3.372      0.000
   492        111  (pi0)              -91   370     0   537   538     0     0      0.245     -0.196     -0.093      0.354      0.135
   493        111  (pi0)              -91   370     0   539   540     0     0      0.123     -0.313     -0.621      0.719      0.135
   494        211  pi+                 91   373     0     0     0     0     0      1.768      1.410    -11.476     11.698      0.140
   495       -211  pi-                 91   373     0     0     0     0     0      0.151      0.116     -1.183      1.206      0.140
   496        421  (D0)               -91   375     0   541   543     0     0     17.399    -30.113      0.619     34.834      1.865
   497        113  (rho0)             -91   375     0   544   545     0     0      5.866    -10.795      0.337     12.312      0.726
   498       -211  pi-                 91   375     0     0     0     0     0      3.253     -5.510     -0.923      6.466      0.140
   499        111  (pi0)              -91   375     0   546   547     0     0     14.418    -27.304      0.324     30.879      0.135
   500         22  gamma               91   379     0     0     0     0     0      0.009      0.013     -0.008      0.018      0.000
   501         22  gamma               91   379     0     0     0     0     0      0.049     -0.046     -0.868      0.870      0.000
   502         22  gamma               91   382     0     0     0     0     0     -0.023      0.067    282.407    282.407      0.000
   503         22  gamma               91   382     0     0     0     0     0     -0.175     -0.010    822.945    822.945      0.000
   504         22  gamma               91   387     0     0     0     0     0     -0.165      1.192      6.501      6.612      0.000
   505         22  gamma               91   387     0     0     0     0     0     -0.052      0.959      4.714      4.811      0.000
   506         22  gamma               91   390     0     0     0     0     0      0.069     -0.009      2.654      2.655      0.000
   507         22  gamma               91   390     0     0     0     0     0      0.108      0.119      2.612      2.617      0.000
   508         22  gamma               91   395     0     0     0     0     0     -0.033     -0.037      0.493      0.495      0.000
   509         22  gamma               91   395     0     0     0     0     0     -0.014      0.041      3.251      3.251      0.000
   510         22  gamma               91   396     0     0     0     0     0     -0.109     -0.044      0.033      0.122      0.000
   511         22  gamma               91   396     0     0     0     0     0      0.025     -0.071     -0.009      0.076      0.000
   512         22  gamma               91   397     0     0     0     0     0     -0.022     -0.033      0.006      0.040      0.000
   513         22  gamma               91   397     0     0     0     0     0      0.079      0.065      0.107      0.148      0.000
   514         22  gamma               91   398     0     0     0     0     0     -0.044      0.023     -0.012      0.051      0.000
   515         22  gamma               91   398     0     0     0     0     0     -0.129     -0.030      0.192      0.233      0.000
   516         22  gamma               91   403     0     0     0     0     0     -0.069      0.031     -0.258      0.269      0.000
   517         22  gamma               91   403     0     0     0     0     0      0.023      0.163     -0.637      0.658      0.000
   518         22  gamma               91   406     0     0     0     0     0     -0.028     -0.043     -2.265      2.265      0.000
   519         22  gamma               91   406     0     0     0     0     0     -0.052     -0.066    -22.135     22.135      0.000
   520         22  gamma               91   411     0     0     0     0     0      0.130     -0.019    -40.957     40.957      0.000
   521         22  gamma               91   411     0     0     0     0     0      0.465      0.107   -100.770    100.771      0.000
   522         22  gamma               91   414     0     0     0     0     0     -0.329      0.195    -23.648     23.651      0.000
   523         22  gamma               91   414     0     0     0     0     0      0.001      0.026     -3.852      3.853      0.000
   524         22  gamma               91   427     0     0     0     0     0      0.218      0.272     -0.353      0.496      0.000
   525         22  gamma               91   427     0     0     0     0     0     -0.019      0.044     -0.034      0.058      0.000
   526         22  gamma               91   434     0     0     0     0     0     -0.269      0.440      1.920      1.988      0.000
   527         22  gamma               91   434     0     0     0     0     0     -0.156      0.198      1.348      1.371      0.000
   528         22  gamma               91   437     0     0     0     0     0      0.156      0.054      4.199      4.202      0.000
   529         22  gamma               91   437     0     0     0     0     0      0.052      0.132      4.777      4.779      0.000
   530         22  gamma               91   440     0     0     0     0     0      0.025      0.058     -0.015      0.065      0.000
   531         22  gamma               91   440     0     0     0     0     0     -0.019      0.018      0.119      0.122      0.000
   532         22  gamma               91   445     0     0     0     0     0     -0.373      0.339     -6.182      6.202      0.000
   533         22  gamma               91   445     0     0     0     0     0     -0.059     -0.003     -0.813      0.815      0.000
   534         14  nu_mu               91   448     0     0     0     0     0     -3.662      3.352    -44.051     44.330      0.000
   535        -13  mu+                 91   448     0     0     0     0     0     -1.054      2.010    -18.676     18.814      0.106
   536     -20413  (D*_1-)            -91   448     0   548   549     0     0    -26.323     42.090   -451.788    454.513      2.349
   537         22  gamma               91   492     0     0     0     0     0      0.139     -0.186     -0.043      0.237      0.000
   538         22  gamma               91   492     0     0     0     0     0      0.106     -0.009     -0.049      0.117      0.000
   539         22  gamma               91   493     0     0     0     0     0      0.003     -0.142     -0.344      0.372      0.000
   540         22  gamma               91   493     0     0     0     0     0      0.120     -0.170     -0.277      0.346      0.000
   541       -313  (K*bar0)           -91   496     0   550   551     0     0      5.750    -10.338      0.289     11.867      0.892
   542        111  (pi0)              -91   496     0   552   553     0     0      1.726     -2.700     -0.162      3.211      0.135
   543        111  (pi0)              -91   496     0   554   555     0     0      9.924    -17.075      0.492     19.756      0.135
   544        211  pi+                 91   497     0     0     0     0     0      1.276     -2.948      0.090      3.217      0.140
   545       -211  pi-                 91   497     0     0     0     0     0      4.590     -7.846      0.247      9.095      0.140
   546         22  gamma               91   499     0     0     0     0     0      1.851     -3.588      0.018      4.038      0.000
   547         22  gamma               91   499     0     0     0     0     0     12.567    -23.715      0.306     26.841      0.000
   548       -413  (D*-)              -91   536     0   556   557     0     0    -20.738     33.530   -357.647    359.819      2.010
   549        111  (pi0)              -91   536     0   558   559     0     0     -5.585      8.560    -94.141     94.694      0.135
   550       -321  K-                  91   541     0     0     0     0     0      2.368     -4.732      0.134      5.316      0.494
   551        211  pi+                 91   541     0     0     0     0     0      3.382     -5.606      0.155      6.550      0.140
   552         22  gamma               91   542     0     0     0     0     0      0.986     -1.513     -0.026      1.806      0.000
   553         22  gamma               91   542     0     0     0     0     0      0.740     -1.187     -0.136      1.405      0.000
   554         22  gamma               91   543     0     0     0     0     0      6.075    -10.581      0.318     12.205      0.000
   555         22  gamma               91   543     0     0     0     0     0      3.849     -6.494      0.175      7.551      0.000
   556       -421  (Dbar0)            -91   548     0   560   562     0     0    -18.933     30.648   -326.990    328.973      1.865
   557       -211  pi-                 91   548     0     0     0     0     0     -1.805      2.882    -30.658     30.846      0.140
   558         22  gamma               91   549     0     0     0     0     0     -5.464      8.408    -92.366     92.909      0.000
   559         22  gamma               91   549     0     0     0     0     0     -0.121      0.152     -1.775      1.786      0.000
   560        321  K+                  91   556     0     0     0     0     0     -6.792     11.217   -112.552    113.314      0.494
   561       -211  pi-                 91   556     0     0     0     0     0    -10.583     16.951   -185.735    186.807      0.140
   562        111  (pi0)              -91   556     0   563   564     0     0     -1.558      2.480    -28.703     28.852      0.135
   563         22  gamma               91   562     0     0     0     0     0     -1.337      2.201    -25.414     25.544      0.000
   564         22  gamma               91   562     0     0     0     0     0     -0.221      0.279     -3.289      3.308      0.000
                                   Charge sum:  2.000           Momentum sum:     -0.000     -0.000     -0.000  13000.000  13000.000

 --------  End PYTHIA Event Listing  -----------------------------------------------------------------------------------------------
#--------------------------------------------------------------------------
#                     FastJet release 3.4.0 [fjcore]
#                 M. Cacciari, G.P. Salam and G. Soyez                  
#     A software package for jet finding and analysis at colliders      
#                           http://fastjet.fr                           
#	                                                                      
# Please cite EPJC72(2012)1896 [arXiv:1111.6097] if you use this package
# for scientific work and optionally PLB641(2006)57 [hep-ph/0512210].   
#                                                                       
# FastJet is provided without warranty under the GNU GPL v2 or higher.  
# It uses T. Chan's closest pair algorithm, S. Fortune's Voronoi code
# and 3rd party plugin jet algorithms. See COPYING file for details.
#--------------------------------------------------------------------------
 PYTHIA Warning in SimpleSpaceShower::pT2nextQCD: weight above unity  
 PYTHIA Warning in SimpleTimeShower::findMEcorr: ME weight above PS one  
 PYTHIA Warning in SimpleSpaceShower::pT2nextQCD: small daughter PDF  
 PYTHIA Error in SimpleSpaceShower::pT2nearThreshold: stuck in loop  
 PYTHIA Warning in SimpleTimeShower::pTnext: negative dipole mass.  
 PYTHIA Warning in Pythia::check: energy-momentum not quite conserved  

 Pythia::next(): 1000 events have been generated 
 PYTHIA Warning in TauDecays::decay: maximum decay weight exceeded in tau decay  
 PYTHIA Error in BeamRemnants::setKinematics: kinematics construction failed  
 PYTHIA Warning in StringFragmentation::fragmentToJunction: bad convergence junction rest frame  
 PYTHIA Warning in MultipartonInteractions::pTnext: weight above unity  
 PYTHIA Error in StringFragmentation::fragment: stuck in joining  
 PYTHIA Error in Pythia::next: hadronLevel failed; try again  

 Pythia::next(): 2000 events have been generated 

 Pythia::next(): 3000 events have been generated 
 PYTHIA Warning in ColConfig::collect: negative-energy parton encountered  
 PYTHIA Warning in Pythia::check: not quite matched particle energy/momentum/mass  

 Pythia::next(): 4000 events have been generated 
 PYTHIA Error in Pythia::check: unmatched particle energy/momentum/mass  
 PYTHIA Error in Pythia::next: check of event revealed problems  

 Pythia::next(): 5000 events have been generated 

 Pythia::next(): 6000 events have been generated 

 Pythia::next(): 7000 events have been generated 

 Pythia::next(): 8000 events have been generated 

 Pythia::next(): 9000 events have been generated 

 *-------  PYTHIA Event and Cross Section Statistics  -------------------------------------------------------------*
 |                                                                                                                 |
 | Subprocess                                    Code |            Number of events       |      sigma +- delta    |
 |                                                    |       Tried   Selected   Accepted |     (estimated) (mb)   |
 |                                                    |                                   |                        |
 |-----------------------------------------------------------------------------------------------------------------|
 |                                                    |                                   |                        |
 | Les Houches User Process(es)                  9999 |       10000      10000      10000 |   8.284e-08  0.000e+00 |
 |    ... whereof user classification code     322200 |       10000      10000      10000 |                        | 
 |                                                    |                                   |                        |
 | sum                                                |       10000      10000      10000 |   8.284e-08  0.000e+00 |
 |                                                                                                                 |
 *-------  End PYTHIA Event and Cross Section Statistics ----------------------------------------------------------*

 *-------  PYTHIA Error and Warning Messages Statistics  ----------------------------------------------------------* 
 |                                                                                                                 | 
 |  times   message                                                                                                | 
 |                                                                                                                 | 
 |     10   Error in BeamRemnants::setKinematics: kinematics construction failed                                   | 
 |      5   Error in Pythia::check: unmatched particle energy/momentum/mass                                        | 
 |      2   Error in Pythia::next: check of event revealed problems                                                | 
 |      4   Error in Pythia::next: hadronLevel failed; try again                                                   | 
 |     21   Error in SimpleSpaceShower::pT2nearThreshold: stuck in loop                                            | 
 |      4   Error in StringFragmentation::fragment: stuck in joining                                               | 
 |      5   Warning in ColConfig::collect: negative-energy parton encountered                                      | 
 |      1   Warning in MultipartonInteractions::pTnext: weight above unity                                         | 
 |      2   Warning in Pythia::check: energy-momentum not quite conserved                                          | 
 |      6   Warning in Pythia::check: not quite matched particle energy/momentum/mass                              | 
 |   4779   Warning in SimpleSpaceShower::pT2nextQCD: small daughter PDF                                           | 
 |   3603   Warning in SimpleSpaceShower::pT2nextQCD: weight above unity                                           | 
 |     86   Warning in SimpleTimeShower::findMEcorr: ME weight above PS one                                        | 
 |     35   Warning in SimpleTimeShower::pTnext: negative dipole mass.                                             | 
 |     18   Warning in StringFragmentation::fragmentToJunction: bad convergence junction rest frame                | 
 |      1   Warning in TauDecays::decay: maximum decay weight exceeded in tau decay                                | 
 |      2   Warning in TimeShower::init: pTmin too low                                                             | 
 |                                                                                                                 | 
 *-------  End PYTHIA Error and Warning Messages Statistics  ------------------------------------------------------* 
Using LHE File: /nfs/dust/cms/user/amoroso/powheg/POWHEG-BOX-V2/ttJ_MiNNLOPS_v1.0_beta1/decay-ll/pwgevents-0586.lhe
less then 10000 events in LHE, using all LHE events
np.shape(P0) = (10000, 3, 9)
np.shape(nJets) = (10000, 2)
np.shape(jets_4vectors) = (10000, 20, 6)
