Configured CUDA from: /cvmfs/sft.cern.ch/lcg/releases/cuda/12.4-4899e/x86_64-el9-gcc11-opt

 *------------------------------------------------------------------------------------* 
 |                                                                                    | 
 |  *------------------------------------------------------------------------------*  | 
 |  |                                                                              |  | 
 |  |                                                                              |  | 
 |  |   PPP   Y   Y  TTTTT  H   H  III    A      Welcome to the Lund Monte Carlo!  |  | 
 |  |   P  P   Y Y     T    H   H   I    A A     This is PYTHIA version 8.309      |  | 
 |  |   PPP     Y      T    HHHHH   I   AAAAA    Last date of change: 16 Feb 2023  |  | 
 |  |   P       Y      T    H   H   I   A   A                                      |  | 
 |  |   P       Y      T    H   H  III  A   A    Now is 03 Sep 2024 at 19:06:08    |  | 
 |  |                                                                              |  | 
 |  |   Program documentation and an archive of historic versions is found on:     |  | 
 |  |                                                                              |  | 
 |  |                               https://pythia.org/                            |  | 
 |  |                                                                              |  | 
 |  |   PYTHIA is authored by a collaboration consisting of:                       |  | 
 |  |                                                                              |  | 
 |  |   Christian Bierlich, Nishita Desai, Leif Gellersen, Ilkka Helenius, Philip  |  | 
 |  |   Ilten, Leif Lonnblad, Stephen Mrenna, Stefan Prestel, Christian Preuss,    |  | 
 |  |   Torbjorn Sjostrand, Peter Skands, Marius Utheim and Rob Verheyen.          |  | 
 |  |                                                                              |  | 
 |  |   The complete list of authors, including contact information and            |  | 
 |  |   affiliations, can be found on https://pythia.org/.                         |  | 
 |  |   Problems or bugs should be reported on email at authors@pythia.org.        |  | 
 |  |                                                                              |  | 
 |  |   The main program reference is C. Bierlich et al,                           |  | 
 |  |   'A comprehensive guide to the physics and usage of Pythia 8.3',            |  | 
 |  |   SciPost Phys. Codebases 8-r8.3 (2022) [arXiv:2203.11601 [hep-ph]]          |  | 
 |  |                                                                              |  | 
 |  |   PYTHIA is released under the GNU General Public Licence version 2 or later.|  | 
 |  |   Please respect the MCnet Guidelines for Event Generator Authors and Users. |  | 
 |  |                                                                              |  | 
 |  |   Disclaimer: this program comes without any guarantees.                     |  | 
 |  |   Beware of errors and use common sense when interpreting results.           |  | 
 |  |                                                                              |  | 
 |  |   Copyright (C) 2023 Torbjorn Sjostrand                                      |  | 
 |  |                                                                              |  | 
 |  |                                                                              |  | 
 |  *------------------------------------------------------------------------------*  | 
 |                                                                                    | 
 *------------------------------------------------------------------------------------* 


 *-------  PYTHIA Process Initialization  --------------------------*
 |                                                                  |
 | We collide p+ with p+ at a CM energy of 1.300e+04 GeV            |
 |                                                                  |
 |------------------------------------------------------------------|
 |                                                    |             |
 | Subprocess                                    Code |   Estimated |
 |                                                    |    max (mb) |
 |                                                    |             |
 |------------------------------------------------------------------|
 |                                                    |             |
 | Les Houches User Process(es)                  9999 |   1.000e-09 |
 |                                                                  |
 *-------  End PYTHIA Process Initialization -----------------------*
 PYTHIA Warning in TimeShower::init: pTmin too low , raised to 0.611

 *-------  PYTHIA Multiparton Interactions Initialization  ---------* 
 |                                                                  | 
 |                   sigmaNonDiffractive =    55.51 mb              | 
 |                                                                  | 
 |    pT0 =  1.44 gives sigmaInteraction =   401.23 mb: accepted    | 
 |                                                                  | 
 *-------  End PYTHIA Multiparton Interactions Initialization  -----* 

 *-------  PYTHIA Flag + Mode + Parm + Word + FVec + MVec + PVec + WVec Settings (changes only)  ------------------* 
 |                                                                                                                 | 
 | Name                                          |                      Now |      Default         Min         Max | 
 |                                               |                          |                                      | 
 | Beams:frameType                               |                        4 |            1           1           5 | 
 | Beams:LHEF                                    | /nfs/dust/cms/user/amoroso/powheg/POWHEG-BOX-V2/ttJ_MiNNLOPS_v1.0_beta1/decay-ll/pwgevents-0889.lhe |         void | 
 | ColourReconnection:range                      |                  5.17600 |      1.80000         0.0    10.00000 | 
 | Main:timesAllowErrors                         |                      500 |           10           0             | 
 | MultipartonInteractions:alphaSorder           |                        2 |            1           0           3 | 
 | MultipartonInteractions:alphaSvalue           |                  0.11800 |      0.13000   0.0600000     0.25000 | 
 | MultipartonInteractions:bProfile              |                        2 |            3           0           4 | 
 | MultipartonInteractions:coreFraction          |                  0.63000 |      0.50000         0.0     1.00000 | 
 | MultipartonInteractions:coreRadius            |                  0.76340 |      0.40000     0.10000     1.00000 | 
 | MultipartonInteractions:ecmPow                |                0.0334400 |      0.21500         0.0     0.50000 | 
 | MultipartonInteractions:pT0Ref                |                  1.41000 |      2.28000     0.50000    10.00000 | 
 | ParticleDecays:limitTau                       |                       on |          off                         | 
 | PartonLevel:FSR                               |                      off |           on                         | 
 | PDF:pSet                                      |                       20 |           13                         | 
 | Random:seed                                   |                      889 |           -1               900000000 | 
 | Random:setSeed                                |                       on |          off                         | 
 | SigmaProcess:alphaSorder                      |                        2 |            1           0           3 | 
 | SigmaProcess:alphaSvalue                      |                  0.11800 |      0.13000   0.0600000     0.25000 | 
 | SigmaTotal:mode                               |                        0 |            1           0           4 | 
 | SigmaTotal:sigmaEl                            |                 21.89000 |     25.00000         0.0             | 
 | SigmaTotal:sigmaTot                           |                100.30900 |    100.00000         0.0             | 
 | SigmaTotal:zeroAXB                            |                      off |           on                         | 
 | SpaceShower:alphaSorder                       |                        2 |            1           0           3 | 
 | SpaceShower:alphaSvalue                       |                  0.11800 |      0.13650   0.0600000     0.25000 | 
 | SpaceShower:dipoleRecoil                      |                       on |          off                         | 
 | SpaceShower:pTmaxMatch                        |                        1 |            0           0           2 | 
 | TimeShower:alphaSorder                        |                        2 |            1           0           3 | 
 | TimeShower:alphaSvalue                        |                  0.11800 |      0.13650   0.0600000     0.25000 | 
 |                                                                                                                 | 
 *-------  End PYTHIA Flag + Mode + Parm + Word + FVec + MVec + PVec + WVec Settings  -----------------------------* 

 --------  PYTHIA Particle Data Table (changed only)  ------------------------------------------------------------------------------
 
      id   name            antiName         spn chg col      m0        mWidth      mMin       mMax       tau0    res dec ext vis wid
             no onMode   bRatio   meMode     products 

       6  t                tbar               2   2   1  173.00000    1.36916   86.00000    0.00000  1.44122e-13   1   1   0   1   0
              0     1   0.0000664    0       24        1 
              1     1   0.0017361    0       24        3 
              2     1   0.9981975    0       24        5 
              3     1   0.0000000    0       37        5 

 --------  End PYTHIA Particle Data Table  -----------------------------------------------------------------------------------------


 --------  LHA event information and listing  ---------------------------------------------------------------------- 

    process =   322200    weight =   1.0325e+02     scale =   3.0186e+00 (GeV) 
                        alpha_em =  -1.0000e+00    alpha_strong =   2.9499e-01

    Participating Particles 
    no        id stat     mothers     colours      p_x        p_y        p_z         e          m        tau    spin 
     1         2   -1     0     0   514     0      0.000      0.000   1165.836   1165.836      0.000   0.000   9.000
     2        -2   -1     0     0     0   513      0.000      0.000    -53.989     53.989      0.000   0.000   9.000
     3         6    2     1     2   511     0     92.356    -81.187    749.494    778.008    168.628   0.000   9.000
     4        -6    2     1     2     0   513    -95.890     82.261    254.870    332.432    172.020   0.000   9.000
     5        21    1     1     2   512   511      3.273      1.933      2.961      4.818      0.000   0.000   9.000
     6        21    1     1     2   514   512      0.262     -3.007    104.523    104.566      0.000   0.000   9.000
     7         5    1     3     3   511     0     96.198    -15.908    469.071    479.123      4.920   0.000  -1.000
     8        24    2     3     3     0     0     -3.842    -65.280    280.423    298.886     80.122   0.000   9.000
     9        -5    1     4     4     0   513    -25.584    -39.344     87.929     99.791      4.920   0.000   1.000
    10       -24    2     4     4     0     0    -70.306    121.605    166.941    232.642     80.760   0.000   9.000
    11       -11    1     8     8     0     0     29.981    -21.937    185.569    189.251      0.001   0.000   1.000
    12        12    1     8     8     0     0    -33.823    -43.342     94.853    109.634      0.000   0.000  -1.000
    13        11    1    10    10     0     0    -23.563     26.732      0.739     35.642      0.001   0.000  -1.000
    14       -12    1    10    10     0     0    -46.744     94.873    166.202    197.000      0.000   0.000   1.000

 --------  End LHA event information and listing  ------------------------------------------------------------------ 

 --------  PYTHIA Info Listing  ---------------------------------------- 
 
 Beam A: id =   2212, pz =  6.500e+03, e =  6.500e+03, m =  9.383e-01.
 Beam B: id =   2212, pz = -6.500e+03, e =  6.500e+03, m =  9.383e-01.

 In 1: id =    2, x =  1.794e-01, pdf =  0.000e+00 at Q2 =  9.112e+00.
 In 2: id =   -2, x =  8.306e-03, pdf =  0.000e+00 at same Q2.

 Process Les Houches User Process(es) with code 9999 is 2 -> 4.
 Subprocess user process 322200 with code 322200 is 2 -> 4.
     alphaEM =  7.530e-03,  alphaS =  2.950e-01    at Q2 =  9.112e+00.

 Impact parameter b =  1.356e+00 gives enhancement factor =  1.183e-01.
 Max pT scale for MPI =  1.300e+04, ISR =  3.019e+00, FSR =  3.019e+00.
 Number of MPI =     4, ISR =     3, FSRproc =     0, FSRreson =     0.

 --------  End PYTHIA Info Listing  ------------------------------------

 --------  PYTHIA Event Listing  (hard process)  -----------------------------------------------------------------------------------
 
    no         id  name            status     mothers   daughters     colours      p_x        p_y        p_z         e          m 
     0         90  (system)           -11     0     0     0     0     0     0      0.000      0.000      0.000  13000.000  13000.000
     1       2212  (p+)               -12     0     0     3     0     0     0      0.000      0.000   6500.000   6500.000      0.938
     2       2212  (p+)               -12     0     0     4     0     0     0      0.000      0.000  -6500.000   6500.000      0.938
     3          2  (u)                -21     1     0     5     8   514     0      0.000      0.000   1165.836   1165.836      0.000
     4         -2  (ubar)             -21     2     0     5     8     0   513      0.000      0.000    -53.989     53.989      0.000
     5          6  (t)                -22     3     4     9    10   511     0     92.356    -81.187    749.494    778.008    168.628
     6         -6  (tbar)             -22     3     4    11    12     0   513    -95.890     82.261    254.870    332.432    172.020
     7         21  g                   23     3     4     0     0   512   511      3.273      1.933      2.961      4.818      0.000
     8         21  g                   23     3     4     0     0   514   512      0.262     -3.007    104.523    104.566      0.000
     9          5  b                   23     5     0     0     0   511     0     96.198    -15.908    469.071    479.123      4.920
    10         24  (W+)               -22     5     0    13    14     0     0     -3.842    -65.280    280.423    298.886     80.122
    11         -5  bbar                23     6     0     0     0     0   513    -25.584    -39.344     87.929     99.791      4.920
    12        -24  (W-)               -22     6     0    15    16     0     0    -70.306    121.605    166.941    232.642     80.760
    13        -11  e+                  23    10     0     0     0     0     0     29.981    -21.937    185.569    189.251      0.001
    14         12  nu_e                23    10     0     0     0     0     0    -33.823    -43.342     94.853    109.634      0.000
    15         11  e-                  23    12     0     0     0     0     0    -23.563     26.732      0.739     35.642      0.001
    16        -12  nu_ebar             23    12     0     0     0     0     0    -46.744     94.873    166.202    197.000      0.000
                                   Charge sum:  0.000           Momentum sum:     -0.000     -0.000   1111.846   1219.825    501.768

 --------  End PYTHIA Event Listing  -----------------------------------------------------------------------------------------------

 --------  PYTHIA Event Listing  (complete event)  ---------------------------------------------------------------------------------
 
    no         id  name            status     mothers   daughters     colours      p_x        p_y        p_z         e          m 
     0         90  (system)           -11     0     0     0     0     0     0      0.000      0.000      0.000  13000.000  13000.000
     1       2212  (p+)               -12     0     0    45     0     0     0      0.000      0.000   6500.000   6500.000      0.938
     2       2212  (p+)               -12     0     0    46     0     0     0      0.000      0.000  -6500.000   6500.000      0.938
     3          2  (u)                -21     9     9     5     8   514     0      0.000      0.000   1165.836   1165.836      0.000
     4         -2  (ubar)             -21    10     0     5     8     0   513      0.000      0.000    -53.989     53.989      0.000
     5          6  (t)                -22     3     4    11    11   511     0     92.356    -81.187    749.494    778.008    168.628
     6         -6  (tbar)             -22     3     4    12    12     0   513    -95.890     82.261    254.870    332.432    172.020
     7         21  (g)                -23     3     4    13    13   512   511      3.273      1.933      2.961      4.818      0.000
     8         21  (g)                -23     3     4    14    14   514   512      0.262     -3.007    104.523    104.566      0.000
     9          2  (u)                -42    16    16     3     3   514     0      0.000      0.000   1165.836   1165.836      0.000
    10         -2  (ubar)             -41    17     0    15     4     0   515     -0.000      0.000    -63.269     63.269      0.000
    11          6  (t)                -44     5     5    18    18   511     0     92.356    -81.187    749.494    778.008    168.628
    12         -6  (tbar)             -44     6     6    19    19     0   513    -96.029     84.715    254.306    332.657    172.020
    13         21  (g)                -44     7     7    20    20   512   511      3.273      1.933      2.961      4.818      0.000
    14         21  (g)                -44     8     8    21    21   514   512      0.262     -3.007    104.523    104.566      0.000
    15         21  (g)                -43    10     0    22    22   513   515      0.139     -2.454     -8.716      9.056      0.000
    16          2  (u)                -42    32     0     9     9   514     0     -0.000      0.000   1165.836   1165.836      0.000
    17         -2  (ubar)             -41    33    33    23    10     0   515      0.000     -0.000    -67.535     67.535      0.000
    18          6  (t)                -44    11    11    34    34   511     0     92.493    -81.517    750.773    779.292    168.628
    19         -6  (tbar)             -44    12    12    35    35     0   513    -95.652     83.809    252.826    331.187    172.020
    20         21  (g)                -44    13    13    36    36   512   511      3.282      1.912      2.954      4.811      0.000
    21         21  (g)                -44    14    14    37    37   514   512      0.262     -3.008    104.544    104.588      0.000
    22         21  (g)                -44    15    15    38    38   513   515      0.224     -2.659     -8.686      9.087      0.000
    23         22  (gamma)            -43    17     0    39    39     0     0     -0.608      1.463     -4.110      4.405      0.000
    24         21  (g)                -31    54    54    26    27   517   516      0.000      0.000   1271.582   1271.582      0.000
    25          2  (u)                -31    55    55    26    27   516     0      0.000      0.000     -0.069      0.069      0.000
    26         21  (g)                -33    24    25    56    56   517   518      0.857     -0.284   1268.224   1268.224      0.000
    27          2  (u)                -33    24    25    57    57   518     0     -0.857      0.284      3.289      3.427      0.330
    28         21  (g)                -31    58    58    30    31   520   519      0.000      0.000    133.381    133.381      0.000
    29         21  (g)                -31    59    59    30    31   521   520      0.000      0.000    -12.583     12.583      0.000
    30         21  (g)                -33    28    29    60    60   522   519      0.786      0.403    133.364    133.367      0.000
    31         21  (g)                -33    28    29    61    61   521   522     -0.786     -0.403    -12.566     12.597      0.000
    32          2  (u)                -41    45    45    40    16   523     0     -0.000      0.000   1207.069   1207.069      0.000
    33         -2  (ubar)             -42    46    46    17    17     0   515      0.000     -0.000    -67.535     67.535      0.000
    34          6  (t)                -44    18    18    47    47   511     0     92.493    -81.517    750.773    779.292    168.628
    35         -6  (tbar)             -44    19    19    48    48     0   513    -95.652     83.809    252.826    331.187    172.020
    36         21  (g)                -44    20    20    49    49   512   511      3.282      1.912      2.954      4.811      0.000
    37         21  (g)                -44    21    21    50    50   514   512     -0.221     -2.180     63.086     63.124      0.000
    38         21  (g)                -44    22    22    51    51   513   515      0.224     -2.659     -8.686      9.087      0.000
    39         22  (gamma)            -44    23    23    52    52     0     0     -0.608      1.463     -4.110      4.405      0.000
    40         21  (g)                -43    32     0    53    53   523   514      0.483     -0.828     82.691     82.697      0.000
    41         21  (g)                -31    62    62    43    44   525   524      0.000      0.000   2272.604   2272.604      0.000
    42         21  (g)                -31    63    63    43    44   526   525      0.000      0.000     -0.000      0.000      0.000
    43         21  (g)                -33    41    42    64    64   527   524     -0.128      0.240   2216.552   2216.552      0.000
    44         21  (g)                -33    41    42    65    65   526   527      0.128     -0.240     56.052     56.053      0.000
    45          2  (u)                -61     1     0    32    32   516     0     -0.747     -0.549   1207.062   1207.063      0.000
    46         -2  (ubar)             -61     2     0    33    33     0   515      0.389     -2.449    -67.513     67.559      0.000
    47          6  (t)                -62    34    34    71    72   511     0     92.100    -82.383    752.528    781.027    168.628
    48         -6  (tbar)             -62    35    35    73    74     0   513    -95.607     82.256    251.032    329.416    172.020
    49         21  (g)                -62    36    36   123   123   512   511      3.285      1.876      2.930      4.785      0.000
    50         21  (g)                -62    37    37   124   124   514   512     -0.260     -2.209     63.124     63.163      0.000
    51         21  (g)                -62    38    38    98    98   513   521      0.275     -2.981     -8.635      9.140      0.000
    52         22  gamma               62    39    39     0     0     0     0     -0.584      1.309     -4.137      4.378      0.000
    53         21  (g)                -62    40    40    79     0   523   514      0.432     -0.866     82.707     82.713      0.000
    54         21  (g)                -61     1     0    24    24   518   516      0.983      0.675   1274.349   1274.350      0.000
    55          2  (u)                -61     2     0    25    25   516     0     -0.057      0.190      0.074      0.211      0.000
    56         21  (g)                -62    26    26    80     0   517   522      1.837      0.390   1270.239   1270.240      0.000
    57          2  (u)                -62    27    27    83    83   518     0     -0.910      0.475      4.184      4.321      0.330
    58         21  (g)                -61     1     0    28    28   520   520     -0.585     -0.215    133.387    133.389      0.000
    59         21  (g)                -61     2     0    29    29   519   519     -0.903     -0.172    -12.568     12.602      0.000
    60         21  (g)                -62    30    30    80     0   522   526      0.202      0.187    133.341    133.342      0.000
    61         21  (g)                -62    31    31    97    97   521   515     -1.690     -0.575    -12.522     12.649      0.000
    62         21  (g)                -61     1     0    41    41   525   525      0.070      0.041   2275.681   2275.681      0.000
    63         21  (g)                -61     2     0    42    42   524   524      0.001      0.034      0.856      0.856      0.000
    64         21  (g)                -62    43    43   127   127   516   517     -0.060      0.280   2231.413   2231.413      0.000
    65         21  (g)                -62    44    44    79     0   526   523      0.131     -0.206     45.124     45.125      0.000
    66       2103  (ud_1)             -63     1     0    84    84     0   518      0.279      0.049   1608.479   1608.479      0.771
    67       2101  (ud_0)             -63     2     0   128   128     0   516     -0.058      0.600  -2998.000   2998.000      0.579
    68          2  (u)                -63     2     0    96    96   515     0      0.623      0.873  -3182.832   3182.832      0.330
    69          2  (u)                -63     2     0    81    82   531     0     -0.223      0.746   -175.251    175.253      0.330
    70         -2  (ubar)             -63     2     0    81    82     0   531      0.228      0.179    -63.723     63.725      0.330
    71          5  (b)                -23    47     0   122   122   511     0     96.040    -16.644    470.940    480.946      4.920
    72         24  (W+)               -22    47     0    75    76     0     0     -3.940    -65.739    281.589    300.081     80.122
    73         -5  (bbar)             -23    48     0    99    99     0   513    -25.499    -39.345     86.778     98.756      4.920
    74        -24  (W-)               -22    48     0    77    78     0     0    -70.108    121.601    164.254    230.659     80.760
    75        -11  e+                  23    72     0     0     0     0     0     29.919    -22.228    186.307    189.999      0.001
    76         12  nu_e                23    72     0     0     0     0     0    -33.859    -43.511     95.281    110.082      0.000
    77         11  e-                  23    74     0     0     0     0     0    -23.532     26.732      0.326     35.615      0.001
    78        -12  nu_ebar             23    74     0     0     0     0     0    -46.576     94.870    163.928    195.044      0.000
    79         21  (g)                -73    53    65   125   125   526   514      0.562     -1.072    127.831    127.837      0.388
    80         21  (g)                -73    56    60   126   126   517   526      2.039      0.577   1403.580   1403.582      0.453
    81        213  (rho+)             -82    69    70   173   174     0     0     -0.224      0.696   -148.681    148.684      0.563
    82       -211  pi-                 82    69    70     0     0     0     0      0.230      0.228    -90.294     90.294      0.140
    83          2  (u)                -71    57    57    85    95   518     0     -0.910      0.475      4.184      4.321      0.330
    84       2103  (ud_1)             -71    66    66    85    95     0   518      0.279      0.049   1608.479   1608.479      0.771
    85        211  pi+                 83    83    84     0     0     0     0     -0.385      0.060     11.937     11.944      0.140
    86        221  (eta)              -83    83    84   231   232     0     0     -0.204      0.411      3.423      3.496      0.548
    87        113  (rho0)             -83    83    84   175   176     0     0     -0.087     -0.017     27.545     27.559      0.883
    88        221  (eta)              -83    83    84   233   234     0     0     -0.359      0.361      9.488      9.517      0.548
    89       -211  pi-                 84    83    84     0     0     0     0     -0.060      0.083     34.415     34.415      0.140
    90        321  K+                  84    83    84     0     0     0     0      0.236     -0.175     72.891     72.894      0.494
    91       -313  (K*bar0)           -84    83    84   177   178     0     0      0.019      0.074     67.995     68.001      0.872
    92        311  (K0)               -84    83    84   179   179     0     0     -0.196     -0.516    348.402    348.403      0.498
    93       -311  (Kbar0)            -84    83    84   180   180     0     0      0.104      0.282    157.996    157.997      0.498
    94       2112  n0                  84    83    84     0     0     0     0      0.088     -0.415    470.238    470.239      0.940
    95        223  (omega)            -84    83    84   235   236     0     0      0.213      0.376    408.333    408.334      0.783
    96          2  (u)                -71    68    68   100   121   515     0      0.623      0.873  -3182.832   3182.832      0.330
    97         21  (g)                -71    61    61   100   121   521   515     -1.690     -0.575    -12.522     12.649      0.000
    98         21  (g)                -71    51    51   100   121   513   521      0.275     -2.981     -8.635      9.140      0.000
    99         -5  (bbar)             -71    73    73   100   121     0   513    -25.499    -39.345     86.778     98.756      4.920
   100        213  (rho+)             -83    96    99   181   182     0     0      0.808      1.192  -2346.285   2346.285      0.667
   101       -211  pi-                 83    96    99     0     0     0     0     -0.452     -0.748   -282.603    282.604      0.140
   102        223  (omega)            -83    96    99   237   239     0     0     -0.056      0.216   -197.352    197.353      0.779
   103        211  pi+                 83    96    99     0     0     0     0      0.036     -0.119    -11.182     11.184      0.140
   104        331  (eta')             -83    96    99   240   242     0     0     -0.076     -0.008   -225.103    225.105      0.958
   105       -211  pi-                 83    96    99     0     0     0     0      0.324      0.420    -47.121     47.124      0.140
   106        321  K+                  83    96    99     0     0     0     0     -0.264      0.204    -28.962     28.968      0.494
   107       -311  (Kbar0)            -83    96    99   183   183     0     0     -0.336     -0.254    -14.165     14.180      0.498
   108        111  (pi0)              -83    96    99   243   244     0     0      0.411     -0.313    -19.055     19.062      0.135
   109       -213  (rho-)             -83    96    99   184   185     0     0     -0.487     -0.158    -15.898     15.926      0.796
   110        211  pi+                 84    96    99     0     0     0     0      0.184     -0.041     -0.231      0.329      0.140
   111       -211  pi-                 84    96    99     0     0     0     0     -0.888     -0.492     -5.360      5.457      0.140
   112        223  (omega)            -84    96    99   245   247     0     0     -0.596     -1.333     -5.584      5.825      0.782
   113        321  K+                  84    96    99     0     0     0     0      0.494     -0.208     -1.747      1.893      0.494
   114       -313  (K*bar0)           -84    96    99   186   187     0     0     -0.402     -0.686     -1.226      1.702      0.872
   115        223  (omega)            -84    96    99   248   250     0     0      0.572      0.024     -0.654      1.169      0.781
   116        111  (pi0)              -84    96    99   251   252     0     0     -0.072     -0.517     -0.628      0.828      0.135
   117       -211  pi-                 84    96    99     0     0     0     0     -0.382     -1.038      0.547      1.242      0.140
   118        211  pi+                 84    96    99     0     0     0     0     -1.580     -2.679      7.316      7.951      0.140
   119       -211  pi-                 84    96    99     0     0     0     0     -1.858     -2.040      3.850      4.739      0.140
   120        111  (pi0)              -84    96    99   253   254     0     0     -0.345     -0.456      1.586      1.691      0.135
   121        523  (B*+)              -84    96    99   255   256     0     0    -21.325    -32.993     72.647     82.760      5.325
   122          5  (b)                -71    71    71   129   172   511     0     96.040    -16.644    470.940    480.946      4.920
   123         21  (g)                -71    49    49   129   172   512   511      3.285      1.876      2.930      4.785      0.000
   124         21  (g)                -71    50    50   129   172   514   512     -0.260     -2.209     63.124     63.163      0.000
   125         21  (g)                -71    79    79   129   172   526   514      0.562     -1.072    127.831    127.837      0.388
   126         21  (g)                -71    80    80   129   172   517   526      2.039      0.577   1403.580   1403.582      0.453
   127         21  (g)                -71    64    64   129   172   516   517     -0.060      0.280   2231.413   2231.413      0.000
   128       2101  (ud_0)             -71    67    67   129   172     0   516     -0.058      0.600  -2998.000   2998.000      0.579
   129       -533  (B*_sbar0)         -83   122   128   257   258     0     0     89.319    -15.745    439.417    448.712      5.415
   130       -313  (K*bar0)           -83   122   128   188   189     0     0      5.647     -0.113     24.436     25.096      0.885
   131       -213  (rho-)             -83   122   128   190   191     0     0      1.026     -0.520      5.418      5.674      1.231
   132        321  K+                  83   122   128     0     0     0     0      1.133      0.683      1.129      1.807      0.494
   133       -313  (K*bar0)           -83   122   128   192   193     0     0      0.832     -0.075      5.189      5.329      0.882
   134       -211  pi-                 83   122   128     0     0     0     0     -0.147      0.237      0.299      0.432      0.140
   135        111  (pi0)              -83   122   128   259   260     0     0      0.214     -0.277      1.867      1.904      0.135
   136        213  (rho+)             -83   122   128   194   195     0     0      0.417      0.639      2.260      2.512      0.790
   137        111  (pi0)              -83   122   128   261   262     0     0      0.161     -0.017      0.106      0.236      0.135
   138        113  (rho0)             -83   122   128   196   197     0     0      0.281      0.385      2.323      2.559      0.961
   139        331  (eta')             -83   122   128   263   264     0     0      0.052     -0.759     18.087     18.128      0.958
   140       -213  (rho-)             -83   122   128   198   199     0     0      0.390     -0.941     35.520     35.553      1.148
   141        221  (eta)              -83   122   128   265   267     0     0     -0.164     -0.324     82.217     82.220      0.548
   142        223  (omega)            -83   122   128   268   270     0     0      0.591     -0.924     90.715     90.725      0.778
   143        111  (pi0)              -83   122   128   271   272     0     0      0.054     -0.105    108.171    108.171      0.135
   144        223  (omega)            -83   122   128   273   275     0     0      0.839     -0.323    589.409    589.410      0.795
   145        221  (eta)              -83   122   128   276   277     0     0      0.379      0.376    973.827    973.827      0.548
   146        111  (pi0)              -83   122   128   278   279     0     0     -0.290      0.212    128.849    128.849      0.135
   147        211  pi+                 83   122   128     0     0     0     0      0.970      0.064    421.225    421.227      0.140
   148        223  (omega)            -83   122   128   280   282     0     0      0.104      0.187    439.166    439.167      0.758
   149        111  (pi0)              -83   122   128   283   284     0     0     -0.103     -0.158     42.517     42.517      0.135
   150        113  (rho0)             -83   122   128   200   201     0     0     -0.237      0.802    392.880    392.881      0.732
   151        113  (rho0)             -83   122   128   202   203     0     0      0.447     -0.573    254.790    254.792      0.694
   152        311  (K0)               -83   122   128   204   204     0     0     -0.142     -0.293    149.167    149.168      0.498
   153       -323  (K*-)              -84   122   128   205   206     0     0     -0.334      0.570     31.668     31.690      0.986
   154        213  (rho+)             -84   122   128   207   208     0     0      0.233     -0.164     14.713     14.734      0.732
   155        311  (K0)               -84   122   128   209   209     0     0      0.588     -0.394     24.675     24.690      0.498
   156       -323  (K*-)              -84   122   128   210   211     0     0     -0.650      0.258     11.076     11.134      0.895
   157        211  pi+                 84   122   128     0     0     0     0      0.086      0.029      0.805      0.822      0.140
   158       -213  (rho-)             -84   122   128   212   213     0     0     -0.310      0.411      3.825      3.890      0.484
   159        321  K+                  84   122   128     0     0     0     0      0.246     -0.049      1.655      1.746      0.494
   160       -321  K-                  84   122   128     0     0     0     0      0.492     -0.249      1.569      1.735      0.494
   161        213  (rho+)             -84   122   128   214   215     0     0     -0.170     -0.211     -0.396      1.042      0.925
   162       2112  n0                  84   122   128     0     0     0     0     -0.086      0.103     -1.364      1.662      0.940
   163      -2212  pbar-               84   122   128     0     0     0     0      0.157      0.182     -2.063      2.279      0.938
   164        211  pi+                 84   122   128     0     0     0     0     -0.290      0.117     -6.899      6.908      0.140
   165        113  (rho0)             -84   122   128   216   217     0     0     -0.387     -0.142    -17.342     17.368      0.856
   166        223  (omega)            -84   122   128   285   287     0     0      0.613      0.147    -19.871     19.897      0.779
   167       -213  (rho-)             -84   122   128   218   219     0     0     -0.229     -0.252    -48.363     48.371      0.792
   168        113  (rho0)             -84   122   128   220   221     0     0     -0.071     -0.376   -205.766    205.768      0.793
   169        221  (eta)              -84   122   128   288   289     0     0      0.338      0.717   -125.287    125.291      0.548
   170        213  (rho+)             -84   122   128   222   223     0     0     -0.470     -0.215   -285.444    285.446      0.771
   171       1114  (Delta-)           -84   122   128   224   225     0     0      0.082      0.329  -1559.907   1559.908      1.185
   172        213  (rho+)             -84   122   128   226   227     0     0     -0.063      0.158   -724.448    724.449      0.870
   173        211  pi+                 91    81     0     0     0     0     0     -0.049      0.005    -11.659     11.660      0.140
   174        111  (pi0)              -91    81     0   290   291     0     0     -0.175      0.692   -137.022    137.024      0.135
   175        211  pi+                 91    87     0     0     0     0     0      0.009      0.403     15.274     15.280      0.140
   176       -211  pi-                 91    87     0     0     0     0     0     -0.096     -0.420     12.271     12.280      0.140
   177       -321  K-                  91    91     0     0     0     0     0      0.283      0.051     48.056     48.059      0.494
   178        211  pi+                 91    91     0     0     0     0     0     -0.264      0.023     19.940     19.942      0.140
   179        310  K_S0                91    92    92     0     0     0     0     -0.196     -0.516    348.402    348.403      0.498
   180        130  K_L0                91    93    93     0     0     0     0      0.104      0.282    157.996    157.997      0.498
   181        211  pi+                 91   100     0     0     0     0     0      0.871      1.093  -2124.479   2124.479      0.140
   182        111  (pi0)              -91   100     0   292   293     0     0     -0.064      0.099   -221.806    221.806      0.135
   183        130  K_L0                91   107   107     0     0     0     0     -0.336     -0.254    -14.165     14.180      0.498
   184       -211  pi-                 91   109     0     0     0     0     0     -0.534      0.132    -12.469     12.482      0.140
   185        111  (pi0)              -91   109     0   294   295     0     0      0.046     -0.291     -3.430      3.445      0.135
   186       -321  K-                  91   114     0     0     0     0     0     -0.431     -0.448     -0.536      0.958      0.494
   187        211  pi+                 91   114     0     0     0     0     0      0.029     -0.238     -0.690      0.744      0.140
   188       -311  (Kbar0)            -91   130     0   228   228     0     0      2.374      0.117      9.880     10.174      0.498
   189        111  (pi0)              -91   130     0   296   297     0     0      3.273     -0.230     14.557     14.923      0.135
   190       -211  pi-                 91   131     0     0     0     0     0      0.293      0.159      0.338      0.495      0.140
   191        111  (pi0)              -91   131     0   298   299     0     0      0.733     -0.679      5.080      5.179      0.135
   192       -321  K-                  91   133     0     0     0     0     0      0.746      0.179      3.831      3.938      0.494
   193        211  pi+                 91   133     0     0     0     0     0      0.087     -0.254      1.358      1.391      0.140
   194        211  pi+                 91   136     0     0     0     0     0      0.308      0.591      0.840      1.081      0.140
   195        111  (pi0)              -91   136     0   300   301     0     0      0.110      0.048      1.420      1.431      0.135
   196        211  pi+                 91   138     0     0     0     0     0      0.599      0.386      1.568      1.728      0.140
   197       -211  pi-                 91   138     0     0     0     0     0     -0.317     -0.000      0.755      0.831      0.140
   198       -211  pi-                 91   140     0     0     0     0     0      0.502     -1.010     20.185     20.217      0.140
   199        111  (pi0)              -91   140     0   302   303     0     0     -0.112      0.069     15.335     15.336      0.135
   200        211  pi+                 91   150     0     0     0     0     0     -0.032     -0.027    142.799    142.799      0.140
   201       -211  pi-                 91   150     0     0     0     0     0     -0.206      0.829    250.081    250.083      0.140
   202        211  pi+                 91   151     0     0     0     0     0      0.581     -0.376    155.863    155.864      0.140
   203       -211  pi-                 91   151     0     0     0     0     0     -0.134     -0.197     98.927     98.928      0.140
   204        130  K_L0                91   152   152     0     0     0     0     -0.142     -0.293    149.167    149.168      0.498
   205       -311  (Kbar0)            -91   153     0   229   229     0     0     -0.415      0.364     28.976     28.986      0.498
   206       -211  pi-                 91   153     0     0     0     0     0      0.082      0.206      2.692      2.705      0.140
   207        211  pi+                 91   154     0     0     0     0     0      0.049     -0.357     11.670     11.676      0.140
   208        111  (pi0)              -91   154     0   304   306     0     0      0.183      0.193      3.044      3.058      0.135
   209        130  K_L0                91   155   155     0     0     0     0      0.588     -0.394     24.675     24.690      0.498
   210       -311  (Kbar0)            -91   156     0   230   230     0     0     -0.123      0.184      6.990      7.011      0.498
   211       -211  pi-                 91   156     0     0     0     0     0     -0.527      0.074      4.086      4.123      0.140
   212       -211  pi-                 91   158     0     0     0     0     0     -0.307      0.154      1.431      1.479      0.140
   213        111  (pi0)              -91   158     0   307   308     0     0     -0.003      0.257      2.393      2.411      0.135
   214        211  pi+                 91   161     0     0     0     0     0      0.003      0.192      0.186      0.301      0.140
   215        111  (pi0)              -91   161     0   309   310     0     0     -0.173     -0.403     -0.582      0.741      0.135
   216        211  pi+                 91   165     0     0     0     0     0     -0.586     -0.225     -9.485      9.507      0.140
   217       -211  pi-                 91   165     0     0     0     0     0      0.199      0.084     -7.856      7.860      0.140
   218       -211  pi-                 91   167     0     0     0     0     0     -0.168      0.212    -28.876     28.878      0.140
   219        111  (pi0)              -91   167     0   311   312     0     0     -0.061     -0.464    -19.487     19.493      0.135
   220        211  pi+                 91   168     0     0     0     0     0      0.335     -0.203    -89.644     89.645      0.140
   221       -211  pi-                 91   168     0     0     0     0     0     -0.406     -0.173   -116.122    116.123      0.140
   222        211  pi+                 91   170     0     0     0     0     0     -0.148     -0.457   -141.049    141.049      0.140
   223        111  (pi0)              -91   170     0   313   314     0     0     -0.322      0.241   -144.396    144.396      0.135
   224       2112  n0                  91   171     0     0     0     0     0      0.091      0.297  -1495.507   1495.508      0.940
   225       -211  pi-                 91   171     0     0     0     0     0     -0.008      0.032    -64.400     64.400      0.140
   226        211  pi+                 91   172     0     0     0     0     0     -0.404     -0.059   -457.199    457.199      0.140
   227        111  (pi0)              -91   172     0   315   316     0     0      0.341      0.216   -267.249    267.250      0.135
   228        130  K_L0                91   188   188     0     0     0     0      2.374      0.117      9.880     10.174      0.498
   229        310  (K_S0)             -91   205   205   317   318     0     0     -0.415      0.364     28.976     28.986      0.498
   230        130  K_L0                91   210   210     0     0     0     0     -0.123      0.184      6.990      7.011      0.498
   231         22  gamma               91    86     0     0     0     0     0     -0.302      0.245      1.116      1.181      0.000
   232         22  gamma               91    86     0     0     0     0     0      0.098      0.166      2.307      2.315      0.000
   233         22  gamma               91    88     0     0     0     0     0     -0.098      0.036      0.264      0.284      0.000
   234         22  gamma               91    88     0     0     0     0     0     -0.261      0.326      9.224      9.233      0.000
   235        111  (pi0)              -91    95     0   319   320     0     0      0.127     -0.067     27.344     27.345      0.135
   236         22  gamma               91    95     0     0     0     0     0      0.085      0.443    380.989    380.989      0.000
   237        211  pi+                 91   102     0     0     0     0     0     -0.175     -0.007    -42.724     42.725      0.140
   238       -211  pi-                 91   102     0     0     0     0     0      0.004      0.199    -31.178     31.179      0.140
   239        111  (pi0)              -91   102     0   321   322     0     0      0.115      0.024   -123.449    123.449      0.135
   240        211  pi+                 91   104     0     0     0     0     0     -0.002      0.106    -32.985     32.986      0.140
   241       -211  pi-                 91   104     0     0     0     0     0      0.109      0.013    -31.637     31.637      0.140
   242        221  (eta)              -91   104     0   323   325     0     0     -0.183     -0.127   -160.481    160.482      0.548
   243         22  gamma               91   108     0     0     0     0     0      0.221     -0.085     -8.343      8.346      0.000
   244         22  gamma               91   108     0     0     0     0     0      0.189     -0.229    -10.712     10.716      0.000
   245        211  pi+                 91   112     0     0     0     0     0     -0.055     -0.391     -1.701      1.752      0.140
   246       -211  pi-                 91   112     0     0     0     0     0     -0.444     -0.813     -3.600      3.720      0.140
   247        111  (pi0)              -91   112     0   326   327     0     0     -0.097     -0.130     -0.283      0.353      0.135
   248        211  pi+                 91   115     0     0     0     0     0      0.252      0.008      0.021      0.289      0.140
   249       -211  pi-                 91   115     0     0     0     0     0     -0.040     -0.072     -0.134      0.210      0.140
   250        111  (pi0)              -91   115     0   328   329     0     0      0.360      0.088     -0.542      0.670      0.135
   251         22  gamma               91   116     0     0     0     0     0     -0.045     -0.339     -0.504      0.609      0.000
   252         22  gamma               91   116     0     0     0     0     0     -0.027     -0.178     -0.124      0.219      0.000
   253         22  gamma               91   120     0     0     0     0     0     -0.128     -0.132      0.352      0.397      0.000
   254         22  gamma               91   120     0     0     0     0     0     -0.217     -0.324      1.234      1.294      0.000
   255        521  (B+)               -91   121     0   330   331     0     0    -21.028    -32.507     71.665     81.625      5.279
   256         22  gamma               91   121     0     0     0     0     0     -0.297     -0.486      0.982      1.135      0.000
   257       -531  (B_sbar0)          -91   129     0   332   339     0     0     88.482    -15.643    435.421    444.628      5.367
   258         22  gamma               91   129     0     0     0     0     0      0.838     -0.102      3.997      4.085      0.000
   259         22  gamma               91   135     0     0     0     0     0      0.175     -0.201      1.069      1.102      0.000
   260         22  gamma               91   135     0     0     0     0     0      0.039     -0.075      0.798      0.802      0.000
   261         22  gamma               91   137     0     0     0     0     0      0.020      0.012     -0.030      0.038      0.000
   262         22  gamma               91   137     0     0     0     0     0      0.141     -0.029      0.136      0.198      0.000
   263        113  (rho0)             -91   139     0   340   341     0     0     -0.095     -0.647     14.281     14.317      0.791
   264         22  gamma               91   139     0     0     0     0     0      0.147     -0.112      3.806      3.810      0.000
   265        111  (pi0)              -91   141     0   342   343     0     0     -0.134     -0.062     44.126     44.127      0.135
   266        111  (pi0)              -91   141     0   344   345     0     0     -0.050     -0.062     18.909     18.910      0.135
   267        111  (pi0)              -91   141     0   346   347     0     0      0.020     -0.199     19.181     19.183      0.135
   268        211  pi+                 91   142     0     0     0     0     0     -0.042     -0.078     23.348     23.349      0.140
   269       -211  pi-                 91   142     0     0     0     0     0      0.356     -0.317     24.797     24.802      0.140
   270        111  (pi0)              -91   142     0   348   349     0     0      0.278     -0.529     42.570     42.574      0.135
   271         22  gamma               91   143     0     0     0     0     0      0.062     -0.001     61.682     61.682      0.000
   272         22  gamma               91   143     0     0     0     0     0     -0.008     -0.104     46.489     46.489      0.000
   273        211  pi+                 91   144     0     0     0     0     0      0.089      0.146     85.141     85.141      0.140
   274       -211  pi-                 91   144     0     0     0     0     0      0.620     -0.346    331.339    331.340      0.140
   275        111  (pi0)              -91   144     0   350   351     0     0      0.130     -0.124    172.929    172.929      0.135
   276         22  gamma               91   145     0     0     0     0     0     -0.013      0.321    274.059    274.059      0.000
   277         22  gamma               91   145     0     0     0     0     0      0.393      0.055    699.767    699.768      0.000
   278         22  gamma               91   146     0     0     0     0     0     -0.253      0.113     89.484     89.485      0.000
   279         22  gamma               91   146     0     0     0     0     0     -0.037      0.099     39.364     39.365      0.000
   280        211  pi+                 91   148     0     0     0     0     0      0.109      0.334    191.597    191.597      0.140
   281       -211  pi-                 91   148     0     0     0     0     0      0.118     -0.021    111.904    111.904      0.140
   282        111  (pi0)              -91   148     0   352   353     0     0     -0.124     -0.125    135.666    135.666      0.135
   283         22  gamma               91   149     0     0     0     0     0     -0.031     -0.019     22.143     22.143      0.000
   284         22  gamma               91   149     0     0     0     0     0     -0.072     -0.139     20.373     20.374      0.000
   285        211  pi+                 91   166     0     0     0     0     0     -0.062      0.053     -5.966      5.969      0.140
   286       -211  pi-                 91   166     0     0     0     0     0      0.207     -0.098     -5.818      5.824      0.140
   287        111  (pi0)              -91   166     0   354   355     0     0      0.468      0.191     -8.087      8.104      0.135
   288         22  gamma               91   169     0     0     0     0     0      0.391      0.785   -115.389    115.392      0.000
   289         22  gamma               91   169     0     0     0     0     0     -0.053     -0.068     -9.898      9.899      0.000
   290         22  gamma               91   174     0     0     0     0     0     -0.172      0.683   -129.406    129.408      0.000
   291         22  gamma               91   174     0     0     0     0     0     -0.002      0.008     -7.616      7.616      0.000
   292         22  gamma               91   182     0     0     0     0     0     -0.096      0.107   -193.668    193.668      0.000
   293         22  gamma               91   182     0     0     0     0     0      0.032     -0.007    -28.139     28.139      0.000
   294         22  gamma               91   185     0     0     0     0     0     -0.007      0.006     -0.019      0.020      0.000
   295         22  gamma               91   185     0     0     0     0     0      0.053     -0.297     -3.411      3.424      0.000
   296         22  gamma               91   189     0     0     0     0     0      2.022     -0.168      9.273      9.492      0.000
   297         22  gamma               91   189     0     0     0     0     0      1.251     -0.062      5.284      5.430      0.000
   298         22  gamma               91   191     0     0     0     0     0      0.512     -0.545      3.912      3.983      0.000
   299         22  gamma               91   191     0     0     0     0     0      0.221     -0.134      1.168      1.197      0.000
   300         22  gamma               91   195     0     0     0     0     0      0.002     -0.001      0.810      0.810      0.000
   301         22  gamma               91   195     0     0     0     0     0      0.108      0.049      0.610      0.622      0.000
   302         22  gamma               91   199     0     0     0     0     0     -0.090      0.001      4.328      4.329      0.000
   303         22  gamma               91   199     0     0     0     0     0     -0.023      0.068     11.007     11.007      0.000
   304         22  gamma               91   208     0     0     0     0     0      0.003      0.087      0.917      0.921      0.000
   305         11  e-                  91   208     0     0     0     0     0      0.165      0.104      2.027      2.036      0.001
   306        -11  e+                  91   208     0     0     0     0     0      0.015      0.002      0.099      0.100      0.001
   307         22  gamma               91   213     0     0     0     0     0     -0.043      0.194      2.048      2.057      0.000
   308         22  gamma               91   213     0     0     0     0     0      0.040      0.063      0.346      0.354      0.000
   309         22  gamma               91   215     0     0     0     0     0     -0.117     -0.252     -0.257      0.378      0.000
   310         22  gamma               91   215     0     0     0     0     0     -0.056     -0.151     -0.325      0.362      0.000
   311         22  gamma               91   219     0     0     0     0     0     -0.102     -0.345    -15.112     15.116      0.000
   312         22  gamma               91   219     0     0     0     0     0      0.041     -0.119     -4.375      4.377      0.000
   313         22  gamma               91   223     0     0     0     0     0     -0.096      0.087    -70.069     70.069      0.000
   314         22  gamma               91   223     0     0     0     0     0     -0.226      0.155    -74.327     74.327      0.000
   315         22  gamma               91   227     0     0     0     0     0      0.054      0.002    -17.505     17.505      0.000
   316         22  gamma               91   227     0     0     0     0     0      0.287      0.214   -249.745    249.745      0.000
   317        211  pi+                 91   229     0     0     0     0     0     -0.004      0.141     14.378     14.380      0.140
   318       -211  pi-                 91   229     0     0     0     0     0     -0.411      0.223     14.598     14.606      0.140
   319         22  gamma               91   235     0     0     0     0     0     -0.026      0.004      5.503      5.503      0.000
   320         22  gamma               91   235     0     0     0     0     0      0.153     -0.070     21.841     21.842      0.000
   321         22  gamma               91   239     0     0     0     0     0      0.106     -0.021   -109.644    109.644      0.000
   322         22  gamma               91   239     0     0     0     0     0      0.009      0.045    -13.805     13.805      0.000
   323        211  pi+                 91   242     0     0     0     0     0     -0.049      0.031    -81.373     81.374      0.140
   324       -211  pi-                 91   242     0     0     0     0     0     -0.023     -0.024    -45.674     45.674      0.140
   325        111  (pi0)              -91   242     0   356   357     0     0     -0.112     -0.133    -33.433     33.434      0.135
   326         22  gamma               91   247     0     0     0     0     0     -0.099     -0.051     -0.235      0.260      0.000
   327         22  gamma               91   247     0     0     0     0     0      0.002     -0.079     -0.047      0.092      0.000
   328         22  gamma               91   250     0     0     0     0     0      0.356      0.108     -0.493      0.618      0.000
   329         22  gamma               91   250     0     0     0     0     0      0.005     -0.020     -0.048      0.053      0.000
   330     100441  (eta_c(2S))        -91   255     0   358   361     0     0    -14.679    -24.901     52.320     59.885      3.642
   331        321  K+                  91   255     0     0     0     0     0     -6.349     -7.605     19.345     21.740      0.494
   332        431  (D_s+)             -91   257     0   362   363     0     0     28.041     -5.224    135.700    138.679      1.968
   333       -213  (rho-)             -91   257     0   364   365     0     0     17.073     -2.756     84.999     86.744      0.768
   334        211  pi+                 91   257     0     0     0     0     0      6.689     -1.209     32.250     32.959      0.140
   335        111  (pi0)              -91   257     0   366   367     0     0      6.814     -1.226     34.192     34.886      0.135
   336       -211  pi-                 91   257     0     0     0     0     0      1.517     -0.325      7.321      7.485      0.140
   337        111  (pi0)              -91   257     0   368   369     0     0      3.402     -0.651     16.113     16.481      0.135
   338       -313  (K*bar0)           -91   257     0   370   371     0     0     15.046     -2.678     74.430     75.988      0.883
   339        311  (K0)               -91   257     0   372   372     0     0      9.900     -1.575     50.416     51.406      0.498
   340        211  pi+                 91   263     0     0     0     0     0     -0.345     -0.168      8.535      8.545      0.140
   341       -211  pi-                 91   263     0     0     0     0     0      0.250     -0.479      5.746      5.773      0.140
   342         22  gamma               91   265     0     0     0     0     0     -0.003      0.032     12.523     12.523      0.000
   343         22  gamma               91   265     0     0     0     0     0     -0.132     -0.094     31.603     31.603      0.000
   344         22  gamma               91   266     0     0     0     0     0      0.002     -0.061      3.292      3.292      0.000
   345         22  gamma               91   266     0     0     0     0     0     -0.052     -0.001     15.618     15.618      0.000
   346         22  gamma               91   267     0     0     0     0     0      0.021     -0.213     15.247     15.248      0.000
   347         22  gamma               91   267     0     0     0     0     0     -0.001      0.013      3.935      3.935      0.000
   348         22  gamma               91   270     0     0     0     0     0      0.146     -0.149     16.099     16.101      0.000
   349         22  gamma               91   270     0     0     0     0     0      0.132     -0.380     26.471     26.474      0.000
   350         22  gamma               91   275     0     0     0     0     0     -0.014     -0.039     67.841     67.841      0.000
   351         22  gamma               91   275     0     0     0     0     0      0.144     -0.084    105.088    105.088      0.000
   352         22  gamma               91   282     0     0     0     0     0      0.004      0.023      8.547      8.547      0.000
   353         22  gamma               91   282     0     0     0     0     0     -0.128     -0.148    127.119    127.119      0.000
   354         22  gamma               91   287     0     0     0     0     0     -0.009     -0.000     -0.160      0.160      0.000
   355         22  gamma               91   287     0     0     0     0     0      0.477      0.191     -7.927      7.943      0.000
   356         22  gamma               91   325     0     0     0     0     0     -0.067     -0.042    -24.773     24.773      0.000
   357         22  gamma               91   325     0     0     0     0     0     -0.045     -0.092     -8.660      8.661      0.000
   358        211  pi+                 91   330     0     0     0     0     0     -5.890     -8.870     17.098     20.143      0.140
   359       -211  pi-                 91   330     0     0     0     0     0     -3.544     -8.332     16.589     18.900      0.140
   360        111  (pi0)              -91   330     0   373   374     0     0     -2.422     -3.706      9.492     10.475      0.135
   361        111  (pi0)              -91   330     0   375   376     0     0     -2.823     -3.992      9.142     10.368      0.135
   362        331  (eta')             -91   332     0   377   378     0     0     11.910     -1.781     57.294     58.554      0.958
   363        213  (rho+)             -91   332     0   379   380     0     0     16.130     -3.443     78.405     80.125      0.736
   364       -211  pi-                 91   333     0     0     0     0     0      2.672     -0.671     13.252     13.536      0.140
   365        111  (pi0)              -91   333     0   381   382     0     0     14.401     -2.085     71.747     73.207      0.135
   366         22  gamma               91   335     0     0     0     0     0      4.922     -0.897     24.407     24.914      0.000
   367         22  gamma               91   335     0     0     0     0     0      1.892     -0.329      9.785      9.972      0.000
   368         22  gamma               91   337     0     0     0     0     0      2.342     -0.420     11.330     11.577      0.000
   369         22  gamma               91   337     0     0     0     0     0      1.060     -0.231      4.783      4.905      0.000
   370       -311  (Kbar0)            -91   338     0   383   383     0     0     12.473     -2.006     60.991     62.288      0.498
   371        111  (pi0)              -91   338     0   384   385     0     0      2.574     -0.672     13.439     13.700      0.135
   372        310  K_S0                91   339   339     0     0     0     0      9.900     -1.575     50.416     51.406      0.498
   373         22  gamma               91   360     0     0     0     0     0     -0.063     -0.141      0.316      0.352      0.000
   374         22  gamma               91   360     0     0     0     0     0     -2.359     -3.566      9.176     10.123      0.000
   375         22  gamma               91   361     0     0     0     0     0     -1.327     -1.902      4.195      4.793      0.000
   376         22  gamma               91   361     0     0     0     0     0     -1.496     -2.091      4.946      5.574      0.000
   377        113  (rho0)             -91   362     0   386   387     0     0     11.905     -1.784     57.263     58.522      0.943
   378         22  gamma               91   362     0     0     0     0     0      0.005      0.003      0.031      0.032      0.000
   379        211  pi+                 91   363     0     0     0     0     0      2.022     -0.451      8.935      9.173      0.140
   380        111  (pi0)              -91   363     0   388   389     0     0     14.108     -2.992     69.470     70.952      0.135
   381         22  gamma               91   365     0     0     0     0     0      1.438     -0.181      6.995      7.144      0.000
   382         22  gamma               91   365     0     0     0     0     0     12.963     -1.904     64.752     66.064      0.000
   383        130  K_L0                91   370   370     0     0     0     0     12.473     -2.006     60.991     62.288      0.498
   384         22  gamma               91   371     0     0     0     0     0      0.936     -0.306      5.104      5.198      0.000
   385         22  gamma               91   371     0     0     0     0     0      1.638     -0.366      8.335      8.502      0.000
   386        211  pi+                 91   377     0     0     0     0     0      2.824     -0.045     13.397     13.692      0.140
   387       -211  pi-                 91   377     0     0     0     0     0      9.081     -1.738     43.866     44.830      0.140
   388         22  gamma               91   380     0     0     0     0     0      7.850     -1.630     38.335     39.164      0.000
   389         22  gamma               91   380     0     0     0     0     0      6.258     -1.362     31.135     31.787      0.000
                                   Charge sum:  2.000           Momentum sum:     -0.000     -0.000     -0.000  13000.000  13000.000

 --------  End PYTHIA Event Listing  -----------------------------------------------------------------------------------------------
#--------------------------------------------------------------------------
#                     FastJet release 3.4.0 [fjcore]
#                 M. Cacciari, G.P. Salam and G. Soyez                  
#     A software package for jet finding and analysis at colliders      
#                           http://fastjet.fr                           
#	                                                                      
# Please cite EPJC72(2012)1896 [arXiv:1111.6097] if you use this package
# for scientific work and optionally PLB641(2006)57 [hep-ph/0512210].   
#                                                                       
# FastJet is provided without warranty under the GNU GPL v2 or higher.  
# It uses T. Chan's closest pair algorithm, S. Fortune's Voronoi code
# and 3rd party plugin jet algorithms. See COPYING file for details.
#--------------------------------------------------------------------------
 PYTHIA Warning in SimpleSpaceShower::pT2nextQCD: small daughter PDF  
 PYTHIA Warning in SimpleSpaceShower::pT2nextQCD: weight above unity  
 PYTHIA Warning in MultipartonInteractions::pTnext: weight above unity  
 PYTHIA Warning in ColConfig::collect: negative-energy parton encountered  
 PYTHIA Error in StringFragmentation::fragment: stuck in joining  
 PYTHIA Error in Pythia::next: hadronLevel failed; try again  
 PYTHIA Warning in Pythia::check: not quite matched particle energy/momentum/mass  

 Pythia::next(): 1000 events have been generated 
 PYTHIA Warning in StringFragmentation::fragmentToJunction: bad convergence junction rest frame  
 PYTHIA Error in SimpleSpaceShower::pT2nearThreshold: stuck in loop  

 Pythia::next(): 2000 events have been generated 

 Pythia::next(): 3000 events have been generated 
 PYTHIA Error in Pythia::check: unmatched particle energy/momentum/mass  
 PYTHIA Error in Pythia::next: check of event revealed problems  

 Pythia::next(): 4000 events have been generated 

 Pythia::next(): 5000 events have been generated 

 Pythia::next(): 6000 events have been generated 
 PYTHIA Warning in HadronWidths::pickMasses: angular momentum and running widths not used  
 PYTHIA Error in BeamRemnants::setKinematics: kinematics construction failed  

 Pythia::next(): 7000 events have been generated 

 Pythia::next(): 8000 events have been generated 

 Pythia::next(): 9000 events have been generated 

 *-------  PYTHIA Event and Cross Section Statistics  -------------------------------------------------------------*
 |                                                                                                                 |
 | Subprocess                                    Code |            Number of events       |      sigma +- delta    |
 |                                                    |       Tried   Selected   Accepted |     (estimated) (mb)   |
 |                                                    |                                   |                        |
 |-----------------------------------------------------------------------------------------------------------------|
 |                                                    |                                   |                        |
 | Les Houches User Process(es)                  9999 |       10000      10000      10000 |   8.342e-08  0.000e+00 |
 |    ... whereof user classification code     322200 |       10000      10000      10000 |                        | 
 |                                                    |                                   |                        |
 | sum                                                |       10000      10000      10000 |   8.342e-08  0.000e+00 |
 |                                                                                                                 |
 *-------  End PYTHIA Event and Cross Section Statistics ----------------------------------------------------------*

 *-------  PYTHIA Error and Warning Messages Statistics  ----------------------------------------------------------* 
 |                                                                                                                 | 
 |  times   message                                                                                                | 
 |                                                                                                                 | 
 |      5   Error in BeamRemnants::setKinematics: kinematics construction failed                                   | 
 |      8   Error in Pythia::check: unmatched particle energy/momentum/mass                                        | 
 |      3   Error in Pythia::next: check of event revealed problems                                                | 
 |      5   Error in Pythia::next: hadronLevel failed; try again                                                   | 
 |     12   Error in SimpleSpaceShower::pT2nearThreshold: stuck in loop                                            | 
 |      5   Error in StringFragmentation::fragment: stuck in joining                                               | 
 |      6   Warning in ColConfig::collect: negative-energy parton encountered                                      | 
 |      1   Warning in HadronWidths::pickMasses: angular momentum and running widths not used                      | 
 |      1   Warning in MultipartonInteractions::pTnext: weight above unity                                         | 
 |      6   Warning in Pythia::check: not quite matched particle energy/momentum/mass                              | 
 |   1361   Warning in SimpleSpaceShower::pT2nextQCD: small daughter PDF                                           | 
 |   4509   Warning in SimpleSpaceShower::pT2nextQCD: weight above unity                                           | 
 |     34   Warning in StringFragmentation::fragmentToJunction: bad convergence junction rest frame                | 
 |      2   Warning in TimeShower::init: pTmin too low                                                             | 
 |                                                                                                                 | 
 *-------  End PYTHIA Error and Warning Messages Statistics  ------------------------------------------------------* 
Using LHE File: /nfs/dust/cms/user/amoroso/powheg/POWHEG-BOX-V2/ttJ_MiNNLOPS_v1.0_beta1/decay-ll/pwgevents-0889.lhe
less then 10000 events in LHE, using all LHE events
np.shape(P0) = (10000, 3, 9)
np.shape(nJets) = (10000, 2)
np.shape(jets_4vectors) = (10000, 20, 6)
