Configured CUDA from: /cvmfs/sft.cern.ch/lcg/releases/cuda/12.4-4899e/x86_64-el9-gcc11-opt

 *------------------------------------------------------------------------------------* 
 |                                                                                    | 
 |  *------------------------------------------------------------------------------*  | 
 |  |                                                                              |  | 
 |  |                                                                              |  | 
 |  |   PPP   Y   Y  TTTTT  H   H  III    A      Welcome to the Lund Monte Carlo!  |  | 
 |  |   P  P   Y Y     T    H   H   I    A A     This is PYTHIA version 8.309      |  | 
 |  |   PPP     Y      T    HHHHH   I   AAAAA    Last date of change: 16 Feb 2023  |  | 
 |  |   P       Y      T    H   H   I   A   A                                      |  | 
 |  |   P       Y      T    H   H  III  A   A    Now is 03 Sep 2024 at 15:19:01    |  | 
 |  |                                                                              |  | 
 |  |   Program documentation and an archive of historic versions is found on:     |  | 
 |  |                                                                              |  | 
 |  |                               https://pythia.org/                            |  | 
 |  |                                                                              |  | 
 |  |   PYTHIA is authored by a collaboration consisting of:                       |  | 
 |  |                                                                              |  | 
 |  |   Christian Bierlich, Nishita Desai, Leif Gellersen, Ilkka Helenius, Philip  |  | 
 |  |   Ilten, Leif Lonnblad, Stephen Mrenna, Stefan Prestel, Christian Preuss,    |  | 
 |  |   Torbjorn Sjostrand, Peter Skands, Marius Utheim and Rob Verheyen.          |  | 
 |  |                                                                              |  | 
 |  |   The complete list of authors, including contact information and            |  | 
 |  |   affiliations, can be found on https://pythia.org/.                         |  | 
 |  |   Problems or bugs should be reported on email at authors@pythia.org.        |  | 
 |  |                                                                              |  | 
 |  |   The main program reference is C. Bierlich et al,                           |  | 
 |  |   'A comprehensive guide to the physics and usage of Pythia 8.3',            |  | 
 |  |   SciPost Phys. Codebases 8-r8.3 (2022) [arXiv:2203.11601 [hep-ph]]          |  | 
 |  |                                                                              |  | 
 |  |   PYTHIA is released under the GNU General Public Licence version 2 or later.|  | 
 |  |   Please respect the MCnet Guidelines for Event Generator Authors and Users. |  | 
 |  |                                                                              |  | 
 |  |   Disclaimer: this program comes without any guarantees.                     |  | 
 |  |   Beware of errors and use common sense when interpreting results.           |  | 
 |  |                                                                              |  | 
 |  |   Copyright (C) 2023 Torbjorn Sjostrand                                      |  | 
 |  |                                                                              |  | 
 |  |                                                                              |  | 
 |  *------------------------------------------------------------------------------*  | 
 |                                                                                    | 
 *------------------------------------------------------------------------------------* 


 *-------  PYTHIA Process Initialization  --------------------------*
 |                                                                  |
 | We collide p+ with p+ at a CM energy of 1.300e+04 GeV            |
 |                                                                  |
 |------------------------------------------------------------------|
 |                                                    |             |
 | Subprocess                                    Code |   Estimated |
 |                                                    |    max (mb) |
 |                                                    |             |
 |------------------------------------------------------------------|
 |                                                    |             |
 | Les Houches User Process(es)                  9999 |   1.000e-09 |
 |                                                                  |
 *-------  End PYTHIA Process Initialization -----------------------*
 PYTHIA Warning in TimeShower::init: pTmin too low , raised to 0.611

 *-------  PYTHIA Multiparton Interactions Initialization  ---------* 
 |                                                                  | 
 |                   sigmaNonDiffractive =    55.51 mb              | 
 |                                                                  | 
 |    pT0 =  1.44 gives sigmaInteraction =   402.01 mb: accepted    | 
 |                                                                  | 
 *-------  End PYTHIA Multiparton Interactions Initialization  -----* 

 *-------  PYTHIA Flag + Mode + Parm + Word + FVec + MVec + PVec + WVec Settings (changes only)  ------------------* 
 |                                                                                                                 | 
 | Name                                          |                      Now |      Default         Min         Max | 
 |                                               |                          |                                      | 
 | Beams:frameType                               |                        4 |            1           1           5 | 
 | Beams:LHEF                                    | /nfs/dust/cms/user/amoroso/powheg/POWHEG-BOX-V2/ttJ_MiNNLOPS_v1.0_beta1/decay-ll/pwgevents-0165.lhe |         void | 
 | ColourReconnection:range                      |                  5.17600 |      1.80000         0.0    10.00000 | 
 | Main:timesAllowErrors                         |                      500 |           10           0             | 
 | MultipartonInteractions:alphaSorder           |                        2 |            1           0           3 | 
 | MultipartonInteractions:alphaSvalue           |                  0.11800 |      0.13000   0.0600000     0.25000 | 
 | MultipartonInteractions:bProfile              |                        2 |            3           0           4 | 
 | MultipartonInteractions:coreFraction          |                  0.63000 |      0.50000         0.0     1.00000 | 
 | MultipartonInteractions:coreRadius            |                  0.76340 |      0.40000     0.10000     1.00000 | 
 | MultipartonInteractions:ecmPow                |                0.0334400 |      0.21500         0.0     0.50000 | 
 | MultipartonInteractions:pT0Ref                |                  1.41000 |      2.28000     0.50000    10.00000 | 
 | ParticleDecays:limitTau                       |                       on |          off                         | 
 | PDF:pSet                                      |                       20 |           13                         | 
 | Random:seed                                   |                      165 |           -1               900000000 | 
 | Random:setSeed                                |                       on |          off                         | 
 | SigmaProcess:alphaSorder                      |                        2 |            1           0           3 | 
 | SigmaProcess:alphaSvalue                      |                  0.11800 |      0.13000   0.0600000     0.25000 | 
 | SigmaTotal:mode                               |                        0 |            1           0           4 | 
 | SigmaTotal:sigmaEl                            |                 21.89000 |     25.00000         0.0             | 
 | SigmaTotal:sigmaTot                           |                100.30900 |    100.00000         0.0             | 
 | SigmaTotal:zeroAXB                            |                      off |           on                         | 
 | SpaceShower:alphaSorder                       |                        2 |            1           0           3 | 
 | SpaceShower:alphaSvalue                       |                  0.11800 |      0.13650   0.0600000     0.25000 | 
 | SpaceShower:dipoleRecoil                      |                       on |          off                         | 
 | SpaceShower:pTmaxMatch                        |                        1 |            0           0           2 | 
 | TimeShower:alphaSorder                        |                        2 |            1           0           3 | 
 | TimeShower:alphaSvalue                        |                  0.11800 |      0.13650   0.0600000     0.25000 | 
 |                                                                                                                 | 
 *-------  End PYTHIA Flag + Mode + Parm + Word + FVec + MVec + PVec + WVec Settings  -----------------------------* 

 --------  PYTHIA Particle Data Table (changed only)  ------------------------------------------------------------------------------
 
      id   name            antiName         spn chg col      m0        mWidth      mMin       mMax       tau0    res dec ext vis wid
             no onMode   bRatio   meMode     products 

       6  t                tbar               2   2   1  173.00000    1.36916   86.00000    0.00000  1.44122e-13   1   1   0   1   0
              0     1   0.0000664    0       24        1 
              1     1   0.0017361    0       24        3 
              2     1   0.9981975    0       24        5 
              3     1   0.0000000    0       37        5 

 --------  End PYTHIA Particle Data Table  -----------------------------------------------------------------------------------------


 --------  LHA event information and listing  ---------------------------------------------------------------------- 

    process =   322200    weight =   1.0325e+02     scale =   2.0387e+01 (GeV) 
                        alpha_em =  -1.0000e+00    alpha_strong =   1.6566e-01

    Participating Particles 
    no        id stat     mothers     colours      p_x        p_y        p_z         e          m        tau    spin 
     1        21   -1     0     0   511   512      0.000      0.000    161.311    161.311      0.000   0.000   9.000
     2        21   -1     0     0   513   514      0.000      0.000   -447.944    447.944      0.000   0.000   9.000
     3         6    2     1     2   511     0    -32.805    -93.402     54.068    206.791    173.317   0.000   9.000
     4        -6    2     1     2     0   514     31.981     89.157   -326.547    380.890    171.676   0.000   9.000
     5        21    1     1     2   515   512      1.079      2.064      3.269      4.014      0.000   0.000   9.000
     6        21    1     1     2   513   515     -0.254      2.181    -17.423     17.561      0.000   0.000   9.000
     7         5    1     3     3   511     0    -21.655    -64.277     92.075    114.466      4.920   0.000  -1.000
     8        24    2     3     3     0     0    -11.151    -29.125    -38.007     92.324     78.145   0.000   9.000
     9        -5    1     4     4     0   514     36.494     41.288    -17.351     57.981      4.920   0.000   1.000
    10       -24    2     4     4     0     0     -4.514     47.869   -309.196    322.909     79.726   0.000   9.000
    11       -11    1     8     8     0     0     30.617    -22.674    -31.764     49.603      0.001   0.000   1.000
    12        12    1     8     8     0     0    -41.767     -6.450     -6.243     42.721      0.000   0.000  -1.000
    13        11    1    10    10     0     0     19.382     61.519   -192.755    203.260      0.001   0.000  -1.000
    14       -12    1    10    10     0     0    -23.896    -13.650   -116.441    119.648      0.000   0.000   1.000

 --------  End LHA event information and listing  ------------------------------------------------------------------ 

 --------  PYTHIA Info Listing  ---------------------------------------- 
 
 Beam A: id =   2212, pz =  6.500e+03, e =  6.500e+03, m =  9.383e-01.
 Beam B: id =   2212, pz = -6.500e+03, e =  6.500e+03, m =  9.383e-01.

 In 1: id =   21, x =  2.482e-02, pdf =  0.000e+00 at Q2 =  4.156e+02.
 In 2: id =   21, x =  6.891e-02, pdf =  0.000e+00 at same Q2.

 Process Les Houches User Process(es) with code 9999 is 2 -> 4.
 Subprocess user process 322200 with code 322200 is 2 -> 4.
     alphaEM =  7.687e-03,  alphaS =  1.657e-01    at Q2 =  4.156e+02.

 Impact parameter b =  1.689e+00 gives enhancement factor =  1.941e-02.
 Max pT scale for MPI =  1.300e+04, ISR =  2.039e+01, FSR =  2.039e+01.
 Number of MPI =     1, ISR =     3, FSRproc =     3, FSRreson =     9.

 --------  End PYTHIA Info Listing  ------------------------------------

 --------  PYTHIA Event Listing  (hard process)  -----------------------------------------------------------------------------------
 
    no         id  name            status     mothers   daughters     colours      p_x        p_y        p_z         e          m 
     0         90  (system)           -11     0     0     0     0     0     0      0.000      0.000      0.000  13000.000  13000.000
     1       2212  (p+)               -12     0     0     3     0     0     0      0.000      0.000   6500.000   6500.000      0.938
     2       2212  (p+)               -12     0     0     4     0     0     0      0.000      0.000  -6500.000   6500.000      0.938
     3         21  (g)                -21     1     0     5     8   511   512      0.000      0.000    161.311    161.311      0.000
     4         21  (g)                -21     2     0     5     8   513   514      0.000      0.000   -447.944    447.944      0.000
     5          6  (t)                -22     3     4     9    10   511     0    -32.805    -93.402     54.068    206.791    173.317
     6         -6  (tbar)             -22     3     4    11    12     0   514     31.981     89.157   -326.547    380.890    171.676
     7         21  g                   23     3     4     0     0   515   512      1.079      2.064      3.269      4.014      0.000
     8         21  g                   23     3     4     0     0   513   515     -0.254      2.181    -17.423     17.561      0.000
     9          5  b                   23     5     0     0     0   511     0    -21.655    -64.277     92.075    114.466      4.920
    10         24  (W+)               -22     5     0    13    14     0     0    -11.151    -29.125    -38.007     92.324     78.145
    11         -5  bbar                23     6     0     0     0     0   514     36.494     41.288    -17.351     57.981      4.920
    12        -24  (W-)               -22     6     0    15    16     0     0     -4.514     47.869   -309.196    322.909     79.726
    13        -11  e+                  23    10     0     0     0     0     0     30.617    -22.674    -31.764     49.603      0.001
    14         12  nu_e                23    10     0     0     0     0     0    -41.767     -6.450     -6.243     42.721      0.000
    15         11  e-                  23    12     0     0     0     0     0     19.382     61.519   -192.755    203.260      0.001
    16        -12  nu_ebar             23    12     0     0     0     0     0    -23.896    -13.650   -116.441    119.648      0.000
                                   Charge sum:  0.000           Momentum sum:      0.000      0.000   -286.632    609.255    537.619

 --------  End PYTHIA Event Listing  -----------------------------------------------------------------------------------------------

 --------  PYTHIA Event Listing  (complete event)  ---------------------------------------------------------------------------------
 
    no         id  name            status     mothers   daughters     colours      p_x        p_y        p_z         e          m 
     0         90  (system)           -11     0     0     0     0     0     0      0.000      0.000      0.000  13000.000  13000.000
     1       2212  (p+)               -12     0     0    42     0     0     0      0.000      0.000   6500.000   6500.000      0.938
     2       2212  (p+)               -12     0     0    43     0     0     0      0.000      0.000  -6500.000   6500.000      0.938
     3         21  (g)                -21     9     9     5     8   511   512      0.000      0.000    161.311    161.311      0.000
     4         21  (g)                -21    10     0     5     8   513   514      0.000      0.000   -447.944    447.944      0.000
     5          6  (t)                -22     3     4    11    11   511     0    -32.805    -93.402     54.068    206.791    173.317
     6         -6  (tbar)             -22     3     4    12    12     0   514     31.981     89.157   -326.547    380.890    171.676
     7         21  (g)                -23     3     4    13    13   515   512      1.079      2.064      3.269      4.014      0.000
     8         21  (g)                -23     3     4    14    14   513   515     -0.254      2.181    -17.423     17.561      0.000
     9         21  (g)                -42    16     0     3     3   511   512      0.000      0.000    161.311    161.311      0.000
    10         21  (g)                -41    17    17    15     4   516   514     -0.000     -0.000   -514.266    514.266      0.000
    11          6  (t)                -44     5     5    18    18   511     0    -32.805    -93.402     54.068    206.791    173.317
    12         -6  (tbar)             -44     6     6    19    19     0   514     20.564     77.945   -314.788    367.508    171.676
    13         21  (g)                -44     7     7    20    20   515   512      1.079      2.064      3.269      4.014      0.000
    14         21  (g)                -44     8     8    21    21   513   515     -0.254      2.181    -17.423     17.561      0.000
    15         21  (g)                -43    10     0    22    22   516   513     11.416     11.212    -78.081     79.704      0.000
    16         21  (g)                -41    24    24    23     9   517   512     -0.000     -0.000    166.135    166.135      0.000
    17         21  (g)                -42    25     0    10    10   516   514     -0.000     -0.000   -514.266    514.266      0.000
    18          6  (t)                -44    11    11    26    26   511     0    -35.851    -93.559     58.284    208.505    173.317
    19         -6  (tbar)             -44    12    12    27    27     0   514     20.564     77.945   -314.788    367.508    171.676
    20         21  (g)                -44    13    13    28    28   515   512      1.079      2.064      3.269      4.014      0.000
    21         21  (g)                -44    14    14    29    29   513   515     -0.254      2.181    -17.423     17.561      0.000
    22         21  (g)                -44    15    15    30    30   516   513     11.416     11.212    -78.081     79.704      0.000
    23         21  (g)                -43    16     0    31    31   517   511      3.045      0.157      0.608      3.109      0.000
    24         21  (g)                -42    42    42    16    16   517   512     -0.000     -0.000    166.135    166.135      0.000
    25         21  (g)                -41    43    43    32    17   516   518     -0.000     -0.000   -537.302    537.302      0.000
    26          6  (t)                -44    18    18    44    44   511     0    -35.851    -93.559     58.284    208.505    173.317
    27         -6  (tbar)             -44    19    19    38    38     0   514     22.069     76.927   -314.390    367.040    171.676
    28         21  (g)                -44    20    20    33    34   515   512      1.079      2.064      3.269      4.014      0.000
    29         21  (g)                -44    21    21    35    35   513   515     -0.254      2.181    -17.423     17.561      0.000
    30         21  (g)                -44    22    22    39    40   516   513     11.416     11.212    -78.081     79.704      0.000
    31         21  (g)                -44    23    23    49    49   517   511      3.045      0.157      0.608      3.109      0.000
    32         21  (g)                -43    25     0    36    37   514   518     -1.505      1.019    -23.434     23.505      0.000
    33         21  (g)                -51    28     0    46    46   519   512      0.593      3.071      2.369      3.923      0.000
    34         21  (g)                -51    28     0    51    51   515   519      0.472     -0.893     -0.012      1.010      0.000
    35         21  (g)                -52    29    29    41    41   513   515     -0.240      2.067    -16.510     16.641      0.000
    36         21  (g)                -51    32     0    50    50   520   518     -1.449     -0.047    -16.535     16.598      0.000
    37         21  (g)                -51    32     0    52    52   514   520      0.057      1.167     -6.405      6.511      0.000
    38         -6  (tbar)             -52    27    27    45    45     0   514     21.956     76.825   -314.884    367.435    171.676
    39         21  (g)                -51    30     0    48    48   516   521      7.719      7.551    -57.187     58.198      0.000
    40         21  (g)                -51    30     0    53    53   521   513      3.676      3.846    -22.371     22.995      0.000
    41         21  (g)                -52    35    35    47    47   513   515     -0.219      1.882    -15.033     15.152      0.000
    42         21  (g)                -61     1     0    24    24   517   512     -0.569     -0.908    166.133    166.137      0.000
    43         21  (g)                -61     2     0    25    25   516   518      1.087     -1.180   -537.303    537.305      0.000
    44          6  (t)                -62    26    26    58    59   511     0    -36.155    -94.453     58.032    208.890    173.317
    45         -6  (tbar)             -62    38    38    87    88     0   514     22.556     75.933   -314.700    367.128    171.676
    46         21  (g)                -62    33    33   161   161   519   512      0.584      3.052      2.375      3.911      0.000
    47         21  (g)                -62    41    41   163   163   513   515     -0.189      1.849    -15.031     15.145      0.000
    48         21  (g)                -62    39    39   165   165   516   521      7.834      7.422    -57.154     58.164      0.000
    49         21  (g)                -62    31    31   122   122   517   511      3.041      0.144      0.616      3.106      0.000
    50         21  (g)                -62    36    36   141   141   520   518     -1.415     -0.084    -16.539     16.599      0.000
    51         21  (g)                -62    34    34   162   162   515   519      0.471     -0.897     -0.012      1.013      0.000
    52         21  (g)                -62    37    37   142   142   514   520      0.070      1.153     -6.403      6.507      0.000
    53         21  (g)                -62    40    40   164   164   521   513      3.721      3.794    -22.355     22.978      0.000
    54          2  (u)                -63     1     0   160   160   512     0      0.314     -0.103     10.471     10.482      0.330
    55       2101  (ud_0)             -63     1     0   123   123     0   517      0.255      1.011   6323.387   6323.387      0.579
    56       2103  (ud_1)             -63     2     0   166   166     0   516      0.097      0.517  -3433.508   3433.508      0.771
    57          2  (u)                -63     2     0   140   140   518     0     -1.184      0.663  -2529.180   2529.181      0.330
    58          5  (b)                -23    44     0    60    61   511     0    -23.520    -64.863     94.282    116.934      4.920
    59         24  (W+)               -22    44     0    62    62     0     0    -12.636    -29.591    -36.250     91.957     78.145
    60          5  (b)                -51    58     0    65    65   526     0    -21.205    -68.696     85.168    111.564      4.920
    61         21  (g)                -51    58     0    63    64   511   526     -2.330      4.044      5.005      6.844      0.000
    62         24  (W+)               -52    59    59    89    90     0     0    -12.620    -29.801    -32.141     90.483     78.145
    63         21  (g)                -51    61     0    66    67   511   527     -2.981     -0.576      0.346      3.056      0.000
    64         21  (g)                -51    61     0    69    70   527   526     -0.210      1.810      8.126      8.328      0.000
    65          5  (b)                -52    60    60    68    68   526     0    -20.344    -65.886     81.701    107.024      4.920
    66         21  (g)                -51    63     0    78    79   528   527      0.929      0.041      2.573      2.736      0.000
    67         21  (g)                -51    63     0    72    73   511   528     -6.047     -7.661      6.513     11.733      0.000
    68          5  (b)                -52    65    65    71    71   526     0    -18.207    -58.842     72.961     95.611      4.920
    69         21  (g)                -51    64     0    83    83   527   529     -1.407     -1.403     13.098     13.248      0.000
    70         21  (g)                -51    64     0    75    76   529   526      0.113     -0.304     -0.663      0.738      0.000
    71          5  (b)                -52    68    68    74    74   526     0    -17.123    -55.326     68.652     89.952      4.920
    72         -2  (ubar)             -51    67     0    80    80     0   528     -5.465    -10.089      8.175     14.092      0.330
    73          2  (u)                -51    67     0   121   121   511     0     -1.622     -1.185      2.885      3.531      0.330
    74          5  (b)                -52    71    71    77    77   526     0    -16.082    -51.712     64.105     84.062      4.920
    75         21  (g)                -51    70     0    96    96   529   530     -1.241      0.057      0.426      1.314      0.000
    76         21  (g)                -51    70     0    95    95   530   526      0.415     -3.369      2.657      4.311      0.000
    77          5  (b)                -52    74    74    94    94   526     0    -15.143    -48.704     60.359     79.176      4.920
    78         21  (g)                -51    66     0    81    82   531   527     -0.238      0.718      1.189      1.409      0.000
    79         21  (g)                -51    66     0    86    86   528   531      0.388     -2.116      2.548      3.334      0.000
    80         -2  (ubar)             -52    72    72   101   101     0   528     -4.685     -8.651      7.011     12.085      0.330
    81         21  (g)                -51    78     0    84    85   531   532     -0.981      0.845      3.623      3.848      0.000
    82         21  (g)                -51    78     0    93     0   532   527     -0.124     -0.992      5.632      5.720      0.000
    83         21  (g)                -52    69    69    93     0   527   529     -0.540     -0.539      5.032      5.090      0.000
    84         21  (g)                -51    81     0    98    98   534   532     -0.042      0.367      3.139      3.160      0.000
    85         21  (g)                -51    81     0    99    99   531   534     -0.869      0.099      0.941      1.285      0.000
    86         21  (g)                -52    79    79   100   100   528   531      0.318     -1.737      2.091      2.737      0.000
    87         -5  (bbar)             -23    45     0   143   143     0   514     35.069     39.288    -15.560     55.134      4.920
    88        -24  (W-)               -22    45     0    91    92     0     0    -12.513     36.645   -299.140    311.994     79.726
    89        -11  e+                  23    62     0     0     0     0     0     29.837    -23.033    -28.653     47.348      0.001
    90         12  nu_e                23    62     0     0     0     0     0    -42.458     -6.768     -3.488     43.135      0.000
    91         11  e-                  23    88     0     0     0     0     0     14.367     54.482   -186.451    194.779      0.001
    92        -12  nu_ebar             23    88     0     0     0     0     0    -26.880    -17.838   -112.689    117.216      0.000
    93         21  (g)                -73    82    83    97    97   532   529     -0.665     -1.531     10.664     10.810      0.584
    94          5  (b)                -71    77    77   102   120   526     0    -15.143    -48.704     60.359     79.176      4.920
    95         21  (g)                -71    76    76   102   120   530   526      0.415     -3.369      2.657      4.311      0.000
    96         21  (g)                -71    75    75   102   120   529   530     -1.241      0.057      0.426      1.314      0.000
    97         21  (g)                -71    93    93   102   120   532   529     -0.665     -1.531     10.664     10.810      0.584
    98         21  (g)                -71    84    84   102   120   534   532     -0.042      0.367      3.139      3.160      0.000
    99         21  (g)                -71    85    85   102   120   531   534     -0.869      0.099      0.941      1.285      0.000
   100         21  (g)                -71    86    86   102   120   528   531      0.318     -1.737      2.091      2.737      0.000
   101         -2  (ubar)             -71    80    80   102   120     0   528     -4.685     -8.651      7.011     12.085      0.330
   102       -513  (B*bar0)           -83    94   101   234   235     0     0    -12.344    -41.570     51.037     67.183      5.325
   103       -211  pi-                 83    94   101     0     0     0     0     -1.072     -2.513      3.241      4.241      0.140
   104        111  (pi0)              -83    94   101   236   237     0     0     -0.913     -3.844      4.285      5.830      0.135
   105        213  (rho+)             -83    94   101   193   194     0     0     -0.373     -1.465      1.910      2.547      0.743
   106        111  (pi0)              -83    94   101   238   239     0     0      0.216     -0.442      0.774      0.927      0.135
   107        111  (pi0)              -83    94   101   240   241     0     0     -0.576     -1.051      1.204      1.704      0.135
   108        311  (K0)               -83    94   101   195   195     0     0     -0.424     -0.231      0.290      0.752      0.498
   109       -321  K-                  83    94   101     0     0     0     0     -0.043     -1.187      1.914      2.306      0.494
   110        211  pi+                 83    94   101     0     0     0     0     -0.103     -0.034      0.014      0.177      0.140
   111        111  (pi0)              -83    94   101   242   243     0     0      0.023     -0.251      0.095      0.302      0.135
   112       -211  pi-                 83    94   101     0     0     0     0     -0.117     -0.162      0.108      0.266      0.140
   113        323  (K*+)              -84    94   101   196   197     0     0     -0.604      0.416      7.616      7.701      0.879
   114       -311  (Kbar0)            -84    94   101   198   198     0     0     -0.629     -0.781      2.752      2.971      0.498
   115        313  (K*0)              -84    94   101   199   200     0     0     -0.129     -0.796      2.756      3.002      0.876
   116       -313  (K*bar0)           -84    94   101   201   202     0     0     -0.150     -0.950      1.366      1.904      0.913
   117       -213  (rho-)             -84    94   101   203   204     0     0     -0.523     -1.238      1.525      2.160      0.730
   118        211  pi+                 84    94   101     0     0     0     0     -2.536     -2.511      2.640      4.441      0.140
   119        311  (K0)               -84    94   101   205   205     0     0     -0.931     -3.492      2.682      4.528      0.498
   120       -321  K-                  84    94   101     0     0     0     0     -0.687     -1.364      1.080      1.935      0.494
   121          2  (u)                -71    73    73   124   139   511     0     -1.622     -1.185      2.885      3.531      0.330
   122         21  (g)                -71    49    49   124   139   517   511      3.041      0.144      0.616      3.106      0.000
   123       2101  (ud_0)             -71    55    55   124   139     0   517      0.255      1.011   6323.387   6323.387      0.579
   124        211  pi+                 83   121   123     0     0     0     0     -0.631     -0.229      1.258      1.432      0.140
   125        111  (pi0)              -83   121   123   244   245     0     0     -0.110     -0.374      0.388      0.567      0.135
   126        111  (pi0)              -83   121   123   246   247     0     0     -0.095     -0.086     -0.054      0.194      0.135
   127       -211  pi-                 83   121   123     0     0     0     0     -0.393     -0.387      1.182      1.312      0.140
   128        111  (pi0)              -83   121   123   248   249     0     0      0.118     -0.023      0.452      0.487      0.135
   129        223  (omega)            -83   121   123   250   252     0     0      0.743      0.281      0.092      1.123      0.789
   130        113  (rho0)             -83   121   123   206   207     0     0      1.758     -0.513      1.111      2.315      0.878
   131        211  pi+                 83   121   123     0     0     0     0     -0.392      0.627      9.277      9.308      0.140
   132        111  (pi0)              -83   121   123   253   254     0     0      0.445     -0.248      1.949      2.019      0.135
   133       -211  pi-                 84   121   123     0     0     0     0     -0.389     -0.439     26.849     26.855      0.140
   134        331  (eta')             -84   121   123   255   256     0     0     -0.073      0.380     40.747     40.760      0.958
   135        113  (rho0)             -84   121   123   208   209     0     0      0.552     -0.109     41.803     41.817      0.882
   136        211  pi+                 84   121   123     0     0     0     0     -0.115     -0.202     25.577     25.579      0.140
   137       -211  pi-                 84   121   123     0     0     0     0      0.346      0.862   1641.288   1641.288      0.140
   138        111  (pi0)              -84   121   123   257   258     0     0     -0.116     -0.228    691.297    691.297      0.135
   139       2212  p+                  84   121   123     0     0     0     0      0.027      0.658   3843.671   3843.671      0.938
   140          2  (u)                -71    57    57   144   159   518     0     -1.184      0.663  -2529.180   2529.181      0.330
   141         21  (g)                -71    50    50   144   159   520   518     -1.415     -0.084    -16.539     16.599      0.000
   142         21  (g)                -71    52    52   144   159   514   520      0.070      1.153     -6.403      6.507      0.000
   143         -5  (bbar)             -71    87    87   144   159     0   514     35.069     39.288    -15.560     55.134      4.920
   144        211  pi+                 83   140   143     0     0     0     0      0.198      0.124   -159.266    159.267      0.140
   145       -211  pi-                 83   140   143     0     0     0     0     -0.739      0.105   -238.562    238.563      0.140
   146        111  (pi0)              -83   140   143   259   260     0     0      0.079     -0.153   -215.471    215.471      0.135
   147        211  pi+                 83   140   143     0     0     0     0     -0.672      0.409  -1105.547   1105.547      0.140
   148       -213  (rho-)             -83   140   143   210   211     0     0      0.063      0.673   -582.008    582.009      0.822
   149        211  pi+                 83   140   143     0     0     0     0     -0.178     -0.915   -130.650    130.653      0.140
   150        311  (K0)               -84   140   143   212   212     0     0     -0.716      1.039    -87.272     87.282      0.498
   151       3122  Lambda0             84   140   143     0     0     0     0     -0.116     -0.229    -11.727     11.783      1.116
   152        221  (eta)              -84   140   143   261   263     0     0      0.138      0.455     -2.827      2.918      0.548
   153      -2114  (Deltabar0)        -84   140   143   213   214     0     0      0.345     -0.072     -6.715      6.819      1.138
   154       -211  pi-                 84   140   143     0     0     0     0     -0.143      0.283     -2.685      2.707      0.140
   155        223  (omega)            -84   140   143   264   266     0     0     -0.530     -0.295     -5.626      5.712      0.778
   156        211  pi+                 84   140   143     0     0     0     0     -0.128      0.519     -2.278      2.344      0.140
   157       -213  (rho-)             -84   140   143   215   216     0     0      0.336      0.050     -1.097      1.325      0.660
   158        223  (omega)            -84   140   143   267   269     0     0      1.124      1.921     -1.140      2.621      0.787
   159        523  (B*+)              -84   140   143   270   271     0     0     33.479     37.107    -14.811     52.397      5.325
   160          2  (u)                -71    54    54   167   192   512     0      0.314     -0.103     10.471     10.482      0.330
   161         21  (g)                -71    46    46   167   192   519   512      0.584      3.052      2.375      3.911      0.000
   162         21  (g)                -71    51    51   167   192   515   519      0.471     -0.897     -0.012      1.013      0.000
   163         21  (g)                -71    47    47   167   192   513   515     -0.189      1.849    -15.031     15.145      0.000
   164         21  (g)                -71    53    53   167   192   521   513      3.721      3.794    -22.355     22.978      0.000
   165         21  (g)                -71    48    48   167   192   516   521      7.834      7.422    -57.154     58.164      0.000
   166       2103  (ud_1)             -71    56    56   167   192     0   516      0.097      0.517  -3433.508   3433.508      0.771
   167        111  (pi0)              -83   160   166   272   273     0     0      0.188      0.460      8.118      8.134      0.135
   168        213  (rho+)             -83   160   166   217   218     0     0     -0.186      0.022      1.407      1.661      0.862
   169        111  (pi0)              -83   160   166   274   275     0     0      0.366      0.101      0.756      0.857      0.135
   170       -211  pi-                 83   160   166     0     0     0     0      0.054      0.258      0.696      0.757      0.140
   171        321  K+                  83   160   166     0     0     0     0     -0.033      0.318      0.464      0.749      0.494
   172       -321  K-                  83   160   166     0     0     0     0      0.527      0.049      0.378      0.817      0.494
   173        213  (rho+)             -83   160   166   219   220     0     0     -0.154      0.629      0.043      1.047      0.822
   174       -211  pi-                 83   160   166     0     0     0     0     -0.323      0.557      0.672      0.941      0.140
   175        211  pi+                 83   160   166     0     0     0     0      0.943     -0.166     -1.278      1.603      0.140
   176       -213  (rho-)             -83   160   166   221   222     0     0     -0.637      0.474     -2.993      3.190      0.766
   177        211  pi+                 83   160   166     0     0     0     0      0.675     -0.024     -0.769      1.033      0.140
   178       -211  pi-                 84   160   166     0     0     0     0      0.713      0.541     -7.282      7.338      0.140
   179        213  (rho+)             -84   160   166   223   224     0     0      1.544      2.859    -15.597     15.949      0.732
   180        223  (omega)            -84   160   166   276   278     0     0      0.970      1.082     -9.124      9.271      0.775
   181       1114  (Delta-)           -84   160   166   225   226     0     0      3.152      3.420    -23.993     24.471      1.240
   182      -1114  (Deltabar+)        -84   160   166   227   228     0     0      2.490      2.451    -19.143     19.533      1.688
   183       -211  pi-                 84   160   166     0     0     0     0      1.436      1.093    -10.847     10.997      0.140
   184        113  (rho0)             -84   160   166   229   230     0     0      1.003      0.815    -11.930     12.025      0.790
   185        111  (pi0)              -84   160   166   279   280     0     0      0.002     -0.114     -0.548      0.575      0.135
   186        211  pi+                 84   160   166     0     0     0     0     -0.012      0.087     -7.110      7.112      0.140
   187        111  (pi0)              -84   160   166   281   282     0     0      0.302      0.290    -75.735     75.736      0.135
   188       -211  pi-                 84   160   166     0     0     0     0     -0.276     -0.293    -38.752     38.754      0.140
   189        211  pi+                 84   160   166     0     0     0     0      0.120      0.052    -21.961     21.962      0.140
   190       -211  pi-                 84   160   166     0     0     0     0      0.286      0.610   -498.145    498.146      0.140
   191       2212  p+                  84   160   166     0     0     0     0     -0.609      0.072  -1256.458   1256.459      0.938
   192        223  (omega)            -84   160   166   283   285     0     0      0.289     -0.008  -1526.084   1526.084      0.785
   193        211  pi+                 91   105     0     0     0     0     0     -0.534     -1.311      1.574      2.121      0.140
   194        111  (pi0)              -91   105     0   286   287     0     0      0.161     -0.155      0.336      0.426      0.135
   195        130  K_L0                91   108   108     0     0     0     0     -0.424     -0.231      0.290      0.752      0.498
   196        311  (K0)               -91   113     0   231   231     0     0     -0.137      0.379      3.682      3.737      0.498
   197        211  pi+                 91   113     0     0     0     0     0     -0.468      0.037      3.934      3.964      0.140
   198        130  K_L0                91   114   114     0     0     0     0     -0.629     -0.781      2.752      2.971      0.498
   199        311  (K0)               -91   115     0   232   232     0     0     -0.292     -0.298      1.452      1.591      0.498
   200        111  (pi0)              -91   115     0   288   289     0     0      0.163     -0.498      1.304      1.412      0.135
   201       -311  (Kbar0)            -91   116     0   233   233     0     0     -0.025     -0.205      0.731      0.908      0.498
   202        111  (pi0)              -91   116     0   290   291     0     0     -0.125     -0.745      0.635      0.996      0.135
   203       -211  pi-                 91   117     0     0     0     0     0     -0.455     -0.997      0.752      1.337      0.140
   204        111  (pi0)              -91   117     0   292   293     0     0     -0.068     -0.241      0.772      0.823      0.135
   205        310  K_S0                91   119   119     0     0     0     0     -0.931     -3.492      2.682      4.528      0.498
   206        211  pi+                 91   130     0     0     0     0     0      0.470     -0.239     -0.058      0.548      0.140
   207       -211  pi-                 91   130     0     0     0     0     0      1.288     -0.275      1.170      1.767      0.140
   208        211  pi+                 91   135     0     0     0     0     0      0.731      0.032     25.462     25.473      0.140
   209       -211  pi-                 91   135     0     0     0     0     0     -0.179     -0.142     16.342     16.344      0.140
   210       -211  pi-                 91   148     0     0     0     0     0      0.195      0.155    -59.541     59.541      0.140
   211        111  (pi0)              -91   148     0   294   295     0     0     -0.132      0.519   -522.467    522.468      0.135
   212        310  (K_S0)             -91   150   150   296   297     0     0     -0.716      1.039    -87.272     87.282      0.498
   213      -2112  nbar0               91   153     0     0     0     0     0      0.260     -0.146     -4.727      4.828      0.940
   214         22  gamma               91   153     0     0     0     0     0      0.085      0.074     -1.988      1.991      0.000
   215       -211  pi-                 91   157     0     0     0     0     0      0.106      0.224     -0.142      0.318      0.140
   216        111  (pi0)              -91   157     0   298   299     0     0      0.230     -0.174     -0.956      1.007      0.135
   217        211  pi+                 91   168     0     0     0     0     0     -0.124      0.395      0.990      1.082      0.140
   218        111  (pi0)              -91   168     0   300   301     0     0     -0.061     -0.373      0.417      0.579      0.135
   219        211  pi+                 91   173     0     0     0     0     0     -0.044     -0.101     -0.191      0.261      0.140
   220        111  (pi0)              -91   173     0   302   303     0     0     -0.109      0.730      0.234      0.786      0.135
   221       -211  pi-                 91   176     0     0     0     0     0     -0.658      0.544     -1.921      2.107      0.140
   222        111  (pi0)              -91   176     0   304   305     0     0      0.021     -0.071     -1.072      1.083      0.135
   223        211  pi+                 91   179     0     0     0     0     0      0.436      1.420     -6.218      6.394      0.140
   224        111  (pi0)              -91   179     0   306   307     0     0      1.108      1.439     -9.380      9.555      0.135
   225       2112  n0                  91   181     0     0     0     0     0      2.010      2.434    -16.926     17.244      0.940
   226       -211  pi-                 91   181     0     0     0     0     0      1.142      0.986     -7.067      7.228      0.140
   227      -2112  nbar0               91   182     0     0     0     0     0      2.636      2.317    -18.147     18.507      0.940
   228        211  pi+                 91   182     0     0     0     0     0     -0.147      0.134     -0.997      1.026      0.140
   229        211  pi+                 91   184     0     0     0     0     0      0.911      0.609    -11.092     11.147      0.140
   230       -211  pi-                 91   184     0     0     0     0     0      0.092      0.205     -0.837      0.878      0.140
   231        310  K_S0                91   196   196     0     0     0     0     -0.137      0.379      3.682      3.737      0.498
   232        130  K_L0                91   199   199     0     0     0     0     -0.292     -0.298      1.452      1.591      0.498
   233        130  K_L0                91   201   201     0     0     0     0     -0.025     -0.205      0.731      0.908      0.498
   234       -511  (Bbar0)            -91   102     0   308   313     0     0    -12.211    -41.053     50.357     66.319      5.280
   235         22  gamma               91   102     0     0     0     0     0     -0.132     -0.517      0.679      0.864      0.000
   236         22  gamma               91   104     0     0     0     0     0     -0.530     -2.491      2.797      3.783      0.000
   237         22  gamma               91   104     0     0     0     0     0     -0.383     -1.353      1.488      2.047      0.000
   238         22  gamma               91   106     0     0     0     0     0      0.133     -0.126      0.286      0.340      0.000
   239         22  gamma               91   106     0     0     0     0     0      0.083     -0.316      0.488      0.587      0.000
   240         22  gamma               91   107     0     0     0     0     0     -0.382     -0.816      0.915      1.284      0.000
   241         22  gamma               91   107     0     0     0     0     0     -0.194     -0.235      0.289      0.420      0.000
   242         22  gamma               91   111     0     0     0     0     0      0.063     -0.153      0.104      0.195      0.000
   243         22  gamma               91   111     0     0     0     0     0     -0.040     -0.099     -0.009      0.107      0.000
   244         22  gamma               91   125     0     0     0     0     0     -0.011     -0.026     -0.009      0.030      0.000
   245         22  gamma               91   125     0     0     0     0     0     -0.100     -0.348      0.397      0.537      0.000
   246         22  gamma               91   126     0     0     0     0     0     -0.099     -0.044      0.018      0.110      0.000
   247         22  gamma               91   126     0     0     0     0     0      0.004     -0.043     -0.072      0.084      0.000
   248         22  gamma               91   128     0     0     0     0     0      0.146     -0.032      0.350      0.380      0.000
   249         22  gamma               91   128     0     0     0     0     0     -0.028      0.009      0.103      0.107      0.000
   250        211  pi+                 91   129     0     0     0     0     0      0.373      0.075      0.234      0.468      0.140
   251       -211  pi-                 91   129     0     0     0     0     0      0.247      0.022     -0.246      0.376      0.140
   252        111  (pi0)              -91   129     0   314   315     0     0      0.123      0.184      0.103      0.279      0.135
   253         22  gamma               91   132     0     0     0     0     0      0.077     -0.051      0.593      0.600      0.000
   254         22  gamma               91   132     0     0     0     0     0      0.368     -0.198      1.356      1.419      0.000
   255        113  (rho0)             -91   134     0   316   317     0     0     -0.061      0.247     35.738     35.749      0.862
   256         22  gamma               91   134     0     0     0     0     0     -0.012      0.134      5.009      5.011      0.000
   257         22  gamma               91   138     0     0     0     0     0     -0.079     -0.167    612.776    612.776      0.000
   258         22  gamma               91   138     0     0     0     0     0     -0.037     -0.061     78.522     78.522      0.000
   259         22  gamma               91   146     0     0     0     0     0     -0.023     -0.030    -15.013     15.014      0.000
   260         22  gamma               91   146     0     0     0     0     0      0.102     -0.123   -200.458    200.458      0.000
   261        111  (pi0)              -91   152     0   318   319     0     0     -0.057      0.265     -1.235      1.271      0.135
   262        111  (pi0)              -91   152     0   320   321     0     0      0.178      0.137     -1.211      1.239      0.135
   263        111  (pi0)              -91   152     0   322   323     0     0      0.017      0.053     -0.382      0.409      0.135
   264        211  pi+                 91   155     0     0     0     0     0     -0.395     -0.006     -1.729      1.779      0.140
   265       -211  pi-                 91   155     0     0     0     0     0     -0.007      0.041     -0.861      0.873      0.140
   266        111  (pi0)              -91   155     0   324   325     0     0     -0.128     -0.330     -3.037      3.060      0.135
   267        211  pi+                 91   158     0     0     0     0     0      0.255      0.398     -0.238      0.547      0.140
   268       -211  pi-                 91   158     0     0     0     0     0      0.149      0.183     -0.363      0.455      0.140
   269        111  (pi0)              -91   158     0   326   327     0     0      0.720      1.340     -0.539      1.619      0.135
   270        521  (B+)               -91   159     0   328   329     0     0     33.416     37.074    -14.785     52.322      5.279
   271         22  gamma               91   159     0     0     0     0     0      0.063      0.033     -0.025      0.075      0.000
   272         22  gamma               91   167     0     0     0     0     0      0.207      0.380      6.726      6.740      0.000
   273         22  gamma               91   167     0     0     0     0     0     -0.019      0.080      1.392      1.394      0.000
   274         22  gamma               91   169     0     0     0     0     0      0.051      0.049      0.237      0.248      0.000
   275         22  gamma               91   169     0     0     0     0     0      0.315      0.052      0.519      0.610      0.000
   276        211  pi+                 91   180     0     0     0     0     0      0.564      0.611     -6.439      6.494      0.140
   277       -211  pi-                 91   180     0     0     0     0     0      0.058      0.087     -0.598      0.623      0.140
   278        111  (pi0)              -91   180     0   330   331     0     0      0.347      0.384     -2.087      2.154      0.135
   279         22  gamma               91   185     0     0     0     0     0      0.034      0.015     -0.066      0.075      0.000
   280         22  gamma               91   185     0     0     0     0     0     -0.032     -0.130     -0.482      0.500      0.000
   281         22  gamma               91   187     0     0     0     0     0      0.050     -0.001     -5.642      5.642      0.000
   282         22  gamma               91   187     0     0     0     0     0      0.252      0.291    -70.093     70.094      0.000
   283        211  pi+                 91   192     0     0     0     0     0      0.285     -0.169   -816.039    816.039      0.140
   284       -211  pi-                 91   192     0     0     0     0     0     -0.096      0.203   -533.443    533.443      0.140
   285        111  (pi0)              -91   192     0   332   333     0     0      0.100     -0.042   -176.601    176.602      0.135
   286         22  gamma               91   194     0     0     0     0     0      0.183     -0.156      0.311      0.393      0.000
   287         22  gamma               91   194     0     0     0     0     0     -0.021      0.001      0.025      0.033      0.000
   288         22  gamma               91   200     0     0     0     0     0      0.102     -0.145      0.342      0.385      0.000
   289         22  gamma               91   200     0     0     0     0     0      0.060     -0.353      0.962      1.027      0.000
   290         22  gamma               91   202     0     0     0     0     0     -0.098     -0.651      0.604      0.893      0.000
   291         22  gamma               91   202     0     0     0     0     0     -0.027     -0.094      0.031      0.102      0.000
   292         22  gamma               91   204     0     0     0     0     0     -0.075     -0.047      0.292      0.305      0.000
   293         22  gamma               91   204     0     0     0     0     0      0.007     -0.194      0.480      0.518      0.000
   294         22  gamma               91   211     0     0     0     0     0     -0.120      0.341   -397.737    397.737      0.000
   295         22  gamma               91   211     0     0     0     0     0     -0.012      0.178   -124.731    124.731      0.000
   296        211  pi+                 91   212     0     0     0     0     0     -0.646      0.648    -54.898     54.906      0.140
   297       -211  pi-                 91   212     0     0     0     0     0     -0.070      0.391    -32.374     32.377      0.140
   298         22  gamma               91   216     0     0     0     0     0      0.152     -0.030     -0.457      0.482      0.000
   299         22  gamma               91   216     0     0     0     0     0      0.078     -0.143     -0.499      0.525      0.000
   300         22  gamma               91   218     0     0     0     0     0      0.011     -0.026      0.098      0.101      0.000
   301         22  gamma               91   218     0     0     0     0     0     -0.072     -0.347      0.319      0.477      0.000
   302         22  gamma               91   220     0     0     0     0     0     -0.141      0.573      0.183      0.618      0.000
   303         22  gamma               91   220     0     0     0     0     0      0.032      0.157      0.051      0.168      0.000
   304         22  gamma               91   222     0     0     0     0     0      0.064     -0.047     -0.914      0.917      0.000
   305         22  gamma               91   222     0     0     0     0     0     -0.043     -0.024     -0.158      0.165      0.000
   306         22  gamma               91   224     0     0     0     0     0      0.446      0.647     -4.330      4.401      0.000
   307         22  gamma               91   224     0     0     0     0     0      0.662      0.792     -5.050      5.154      0.000
   308       -421  (Dbar0)            -91   234     0   334   339     0     0     -4.640    -14.705     18.261     23.973      1.865
   309       -211  pi-                 91   234     0     0     0     0     0     -0.804     -2.778      3.363      4.437      0.140
   310        111  (pi0)              -91   234     0   340   341     0     0     -0.366     -1.184      1.444      1.907      0.135
   311        221  (eta)              -91   234     0   342   344     0     0     -0.748     -2.656      3.060      4.157      0.548
   312       -311  (Kbar0)            -91   234     0   345   345     0     0     -0.901     -3.286      3.917      5.215      0.498
   313        411  (D+)               -91   234     0   346   348     0     0     -4.752    -16.444     20.314     26.629      1.870
   314         22  gamma               91   252     0     0     0     0     0      0.042      0.076     -0.027      0.091      0.000
   315         22  gamma               91   252     0     0     0     0     0      0.081      0.108      0.131      0.188      0.000
   316        211  pi+                 91   255     0     0     0     0     0     -0.278      0.204      6.844      6.854      0.140
   317       -211  pi-                 91   255     0     0     0     0     0      0.217      0.042     28.894     28.895      0.140
   318         22  gamma               91   261     0     0     0     0     0     -0.053      0.274     -1.054      1.091      0.000
   319         22  gamma               91   261     0     0     0     0     0     -0.003     -0.009     -0.180      0.181      0.000
   320         22  gamma               91   262     0     0     0     0     0      0.183      0.082     -1.044      1.063      0.000
   321         22  gamma               91   262     0     0     0     0     0     -0.005      0.055     -0.167      0.176      0.000
   322         22  gamma               91   263     0     0     0     0     0      0.018      0.023     -0.004      0.029      0.000
   323         22  gamma               91   263     0     0     0     0     0     -0.001      0.030     -0.378      0.379      0.000
   324         22  gamma               91   266     0     0     0     0     0     -0.145     -0.255     -2.630      2.647      0.000
   325         22  gamma               91   266     0     0     0     0     0      0.017     -0.075     -0.406      0.413      0.000
   326         22  gamma               91   269     0     0     0     0     0      0.393      0.802     -0.377      0.969      0.000
   327         22  gamma               91   269     0     0     0     0     0      0.327      0.538     -0.162      0.650      0.000
   328     -10423  (D_1bar0)          -91   270     0   349   350     0     0     15.940     16.784     -5.650     23.949      2.420
   329        433  (D*_s+)            -91   270     0   351   352     0     0     17.475     20.290     -9.136     28.372      2.112
   330         22  gamma               91   278     0     0     0     0     0      0.257      0.348     -1.806      1.857      0.000
   331         22  gamma               91   278     0     0     0     0     0      0.091      0.036     -0.281      0.297      0.000
   332         22  gamma               91   285     0     0     0     0     0      0.011      0.036    -16.693     16.693      0.000
   333         22  gamma               91   285     0     0     0     0     0      0.089     -0.077   -159.908    159.908      0.000
   334       -311  (Kbar0)            -91   308     0   353   353     0     0     -1.785     -6.973      8.410     11.081      0.498
   335       -211  pi-                 91   308     0     0     0     0     0     -0.625     -2.337      2.926      3.799      0.140
   336        211  pi+                 91   308     0     0     0     0     0     -0.439     -1.259      1.403      1.940      0.140
   337        111  (pi0)              -91   308     0   354   355     0     0     -0.655     -1.282      1.637      2.184      0.135
   338        111  (pi0)              -91   308     0   356   357     0     0     -0.319     -0.791      0.909      1.254      0.135
   339        111  (pi0)              -91   308     0   358   359     0     0     -0.817     -2.063      2.976      3.715      0.135
   340         22  gamma               91   310     0     0     0     0     0     -0.308     -1.092      1.276      1.707      0.000
   341         22  gamma               91   310     0     0     0     0     0     -0.058     -0.092      0.168      0.200      0.000
   342        211  pi+                 91   311     0     0     0     0     0     -0.325     -1.246      1.420      1.922      0.140
   343       -211  pi-                 91   311     0     0     0     0     0     -0.390     -1.032      1.138      1.591      0.140
   344        111  (pi0)              -91   311     0   360   361     0     0     -0.033     -0.379      0.502      0.644      0.135
   345        130  K_L0                91   312   312     0     0     0     0     -0.901     -3.286      3.917      5.215      0.498
   346       -321  K-                  91   313     0     0     0     0     0     -2.193     -8.481      9.233     12.737      0.494
   347        211  pi+                 91   313     0     0     0     0     0     -0.956     -3.657      5.081      6.334      0.140
   348        211  pi+                 91   313     0     0     0     0     0     -1.602     -4.305      6.000      7.558      0.140
   349       -423  (D*bar0)           -91   328     0   362   363     0     0     12.890     13.306     -4.821     19.247      2.007
   350        111  (pi0)              -91   328     0   364   365     0     0      3.050      3.478     -0.829      4.702      0.135
   351        431  (D_s+)             -91   329     0   366   367     0     0     16.512     19.146     -8.586     26.773      1.968
   352        111  (pi0)              -91   329     0   368   369     0     0      0.963      1.144     -0.550      1.599      0.135
   353        130  K_L0                91   334   334     0     0     0     0     -1.785     -6.973      8.410     11.081      0.498
   354         22  gamma               91   337     0     0     0     0     0     -0.263     -0.541      0.586      0.840      0.000
   355         22  gamma               91   337     0     0     0     0     0     -0.392     -0.741      1.051      1.344      0.000
   356         22  gamma               91   338     0     0     0     0     0     -0.021     -0.047      0.016      0.054      0.000
   357         22  gamma               91   338     0     0     0     0     0     -0.298     -0.743      0.893      1.200      0.000
   358         22  gamma               91   339     0     0     0     0     0     -0.139     -0.481      0.623      0.799      0.000
   359         22  gamma               91   339     0     0     0     0     0     -0.679     -1.582      2.353      2.916      0.000
   360         22  gamma               91   344     0     0     0     0     0      0.014     -0.320      0.348      0.473      0.000
   361         22  gamma               91   344     0     0     0     0     0     -0.047     -0.059      0.154      0.171      0.000
   362       -421  (Dbar0)            -91   349     0   370   373     0     0     11.501     11.755     -4.213     17.079      1.865
   363         22  gamma               91   349     0     0     0     0     0      1.389      1.551     -0.608      2.169      0.000
   364         22  gamma               91   350     0     0     0     0     0      0.201      0.192     -0.029      0.279      0.000
   365         22  gamma               91   350     0     0     0     0     0      2.850      3.287     -0.800      4.423      0.000
   366        323  (K*+)              -91   351     0   374   375     0     0      9.370     11.934     -5.150     16.046      0.858
   367        311  (K0)               -91   351     0   376   376     0     0      7.142      7.212     -3.436     10.727      0.498
   368         22  gamma               91   352     0     0     0     0     0      0.530      0.717     -0.364      0.963      0.000
   369         22  gamma               91   352     0     0     0     0     0      0.433      0.427     -0.186      0.636      0.000
   370        321  K+                  91   362     0     0     0     0     0      3.908      4.591     -1.238      6.174      0.494
   371       -211  pi-                 91   362     0     0     0     0     0      0.815      1.092     -0.447      1.441      0.140
   372        111  (pi0)              -91   362     0   377   378     0     0      3.406      3.365     -1.207      4.940      0.135
   373        111  (pi0)              -91   362     0   379   380     0     0      3.373      2.706     -1.321      4.524      0.135
   374        321  K+                  91   366     0     0     0     0     0      3.620      4.500     -2.075      6.156      0.494
   375        111  (pi0)              -91   366     0   381   382     0     0      5.751      7.434     -3.075      9.890      0.135
   376        310  K_S0                91   367   367     0     0     0     0      7.142      7.212     -3.436     10.727      0.498
   377         22  gamma               91   372     0     0     0     0     0      0.617      0.601     -0.164      0.877      0.000
   378         22  gamma               91   372     0     0     0     0     0      2.789      2.764     -1.043      4.063      0.000
   379         22  gamma               91   373     0     0     0     0     0      3.134      2.551     -1.251      4.230      0.000
   380         22  gamma               91   373     0     0     0     0     0      0.239      0.155     -0.070      0.293      0.000
   381         22  gamma               91   375     0     0     0     0     0      3.783      4.905     -2.093      6.538      0.000
   382         22  gamma               91   375     0     0     0     0     0      1.968      2.529     -0.982      3.351      0.000
                                   Charge sum:  2.000           Momentum sum:      0.000      0.000      0.000  13000.000  13000.000

 --------  End PYTHIA Event Listing  -----------------------------------------------------------------------------------------------
#--------------------------------------------------------------------------
#                     FastJet release 3.4.0 [fjcore]
#                 M. Cacciari, G.P. Salam and G. Soyez                  
#     A software package for jet finding and analysis at colliders      
#                           http://fastjet.fr                           
#	                                                                      
# Please cite EPJC72(2012)1896 [arXiv:1111.6097] if you use this package
# for scientific work and optionally PLB641(2006)57 [hep-ph/0512210].   
#                                                                       
# FastJet is provided without warranty under the GNU GPL v2 or higher.  
# It uses T. Chan's closest pair algorithm, S. Fortune's Voronoi code
# and 3rd party plugin jet algorithms. See COPYING file for details.
#--------------------------------------------------------------------------
 PYTHIA Warning in SimpleSpaceShower::pT2nextQCD: weight above unity  
 PYTHIA Warning in SimpleSpaceShower::pT2nextQCD: small daughter PDF  
 PYTHIA Error in BeamRemnants::setKinematics: kinematics construction failed  
 PYTHIA Warning in SimpleTimeShower::findMEcorr: ME weight above PS one  
 PYTHIA Warning in SimpleTimeShower::pTnext: negative dipole mass.  
 PYTHIA Error in StringFragmentation::fragment: stuck in joining  
 PYTHIA Error in Pythia::next: hadronLevel failed; try again  
 PYTHIA Warning in StringFragmentation::fragmentToJunction: bad convergence junction rest frame  

 Pythia::next(): 1000 events have been generated 
 PYTHIA Warning in ColConfig::collect: negative-energy parton encountered  
 PYTHIA Error in Pythia::check: unmatched particle energy/momentum/mass  
 PYTHIA Error in Pythia::next: check of event revealed problems  
 PYTHIA Warning in TauDecays::decay: maximum decay weight exceeded in tau decay  

 Pythia::next(): 2000 events have been generated 

 *-------  PYTHIA Event and Cross Section Statistics  -------------------------------------------------------------*
 |                                                                                                                 |
 | Subprocess                                    Code |            Number of events       |      sigma +- delta    |
 |                                                    |       Tried   Selected   Accepted |     (estimated) (mb)   |
 |                                                    |                                   |                        |
 |-----------------------------------------------------------------------------------------------------------------|
 |                                                    |                                   |                        |
 | Les Houches User Process(es)                  9999 |        2998       2998       2998 |   8.424e-08  0.000e+00 |
 |    ... whereof user classification code     322200 |        2998       2998       2998 |                        | 
 |                                                    |                                   |                        |
 | sum                                                |        2998       2998       2998 |   8.424e-08  0.000e+00 |
 |                                                                                                                 |
 *-------  End PYTHIA Event and Cross Section Statistics ----------------------------------------------------------*

 *-------  PYTHIA Error and Warning Messages Statistics  ----------------------------------------------------------* 
 |                                                                                                                 | 
 |  times   message                                                                                                | 
 |                                                                                                                 | 
 |      4   Error in BeamRemnants::setKinematics: kinematics construction failed                                   | 
 |      1   Error in Pythia::check: unmatched particle energy/momentum/mass                                        | 
 |      1   Error in Pythia::next: check of event revealed problems                                                | 
 |      2   Error in Pythia::next: hadronLevel failed; try again                                                   | 
 |      2   Error in StringFragmentation::fragment: stuck in joining                                               | 
 |      1   Warning in ColConfig::collect: negative-energy parton encountered                                      | 
 |    953   Warning in SimpleSpaceShower::pT2nextQCD: small daughter PDF                                           | 
 |   1149   Warning in SimpleSpaceShower::pT2nextQCD: weight above unity                                           | 
 |     30   Warning in SimpleTimeShower::findMEcorr: ME weight above PS one                                        | 
 |      5   Warning in SimpleTimeShower::pTnext: negative dipole mass.                                             | 
 |      8   Warning in StringFragmentation::fragmentToJunction: bad convergence junction rest frame                | 
 |      1   Warning in TauDecays::decay: maximum decay weight exceeded in tau decay                                | 
 |      2   Warning in TimeShower::init: pTmin too low                                                             | 
 |                                                                                                                 | 
 *-------  End PYTHIA Error and Warning Messages Statistics  ------------------------------------------------------* 
Using LHE File: /nfs/dust/cms/user/amoroso/powheg/POWHEG-BOX-V2/ttJ_MiNNLOPS_v1.0_beta1/decay-ll/pwgevents-0165.lhe
less then 10000 events in LHE, using all LHE events
np.shape(P0) = (2998, 3, 9)
np.shape(nJets) = (2998, 2)
np.shape(jets_4vectors) = (2998, 20, 6)
