Configured CUDA from: /cvmfs/sft.cern.ch/lcg/releases/cuda/12.4-4899e/x86_64-el9-gcc11-opt

 *------------------------------------------------------------------------------------* 
 |                                                                                    | 
 |  *------------------------------------------------------------------------------*  | 
 |  |                                                                              |  | 
 |  |                                                                              |  | 
 |  |   PPP   Y   Y  TTTTT  H   H  III    A      Welcome to the Lund Monte Carlo!  |  | 
 |  |   P  P   Y Y     T    H   H   I    A A     This is PYTHIA version 8.309      |  | 
 |  |   PPP     Y      T    HHHHH   I   AAAAA    Last date of change: 16 Feb 2023  |  | 
 |  |   P       Y      T    H   H   I   A   A                                      |  | 
 |  |   P       Y      T    H   H  III  A   A    Now is 03 Sep 2024 at 19:05:31    |  | 
 |  |                                                                              |  | 
 |  |   Program documentation and an archive of historic versions is found on:     |  | 
 |  |                                                                              |  | 
 |  |                               https://pythia.org/                            |  | 
 |  |                                                                              |  | 
 |  |   PYTHIA is authored by a collaboration consisting of:                       |  | 
 |  |                                                                              |  | 
 |  |   Christian Bierlich, Nishita Desai, Leif Gellersen, Ilkka Helenius, Philip  |  | 
 |  |   Ilten, Leif Lonnblad, Stephen Mrenna, Stefan Prestel, Christian Preuss,    |  | 
 |  |   Torbjorn Sjostrand, Peter Skands, Marius Utheim and Rob Verheyen.          |  | 
 |  |                                                                              |  | 
 |  |   The complete list of authors, including contact information and            |  | 
 |  |   affiliations, can be found on https://pythia.org/.                         |  | 
 |  |   Problems or bugs should be reported on email at authors@pythia.org.        |  | 
 |  |                                                                              |  | 
 |  |   The main program reference is C. Bierlich et al,                           |  | 
 |  |   'A comprehensive guide to the physics and usage of Pythia 8.3',            |  | 
 |  |   SciPost Phys. Codebases 8-r8.3 (2022) [arXiv:2203.11601 [hep-ph]]          |  | 
 |  |                                                                              |  | 
 |  |   PYTHIA is released under the GNU General Public Licence version 2 or later.|  | 
 |  |   Please respect the MCnet Guidelines for Event Generator Authors and Users. |  | 
 |  |                                                                              |  | 
 |  |   Disclaimer: this program comes without any guarantees.                     |  | 
 |  |   Beware of errors and use common sense when interpreting results.           |  | 
 |  |                                                                              |  | 
 |  |   Copyright (C) 2023 Torbjorn Sjostrand                                      |  | 
 |  |                                                                              |  | 
 |  |                                                                              |  | 
 |  *------------------------------------------------------------------------------*  | 
 |                                                                                    | 
 *------------------------------------------------------------------------------------* 


 *-------  PYTHIA Process Initialization  --------------------------*
 |                                                                  |
 | We collide p+ with p+ at a CM energy of 1.300e+04 GeV            |
 |                                                                  |
 |------------------------------------------------------------------|
 |                                                    |             |
 | Subprocess                                    Code |   Estimated |
 |                                                    |    max (mb) |
 |                                                    |             |
 |------------------------------------------------------------------|
 |                                                    |             |
 | Les Houches User Process(es)                  9999 |   1.000e-09 |
 |                                                                  |
 *-------  End PYTHIA Process Initialization -----------------------*
 PYTHIA Warning in TimeShower::init: pTmin too low , raised to 0.611

 *-------  PYTHIA Multiparton Interactions Initialization  ---------* 
 |                                                                  | 
 |                   sigmaNonDiffractive =    55.51 mb              | 
 |                                                                  | 
 |    pT0 =  1.44 gives sigmaInteraction =   393.04 mb: accepted    | 
 |                                                                  | 
 *-------  End PYTHIA Multiparton Interactions Initialization  -----* 

 *-------  PYTHIA Flag + Mode + Parm + Word + FVec + MVec + PVec + WVec Settings (changes only)  ------------------* 
 |                                                                                                                 | 
 | Name                                          |                      Now |      Default         Min         Max | 
 |                                               |                          |                                      | 
 | Beams:frameType                               |                        4 |            1           1           5 | 
 | Beams:LHEF                                    | /nfs/dust/cms/user/amoroso/powheg/POWHEG-BOX-V2/ttJ_MiNNLOPS_v1.0_beta1/decay-ll/pwgevents-0656.lhe |         void | 
 | ColourReconnection:range                      |                  5.17600 |      1.80000         0.0    10.00000 | 
 | Main:timesAllowErrors                         |                      500 |           10           0             | 
 | MultipartonInteractions:alphaSorder           |                        2 |            1           0           3 | 
 | MultipartonInteractions:alphaSvalue           |                  0.11800 |      0.13000   0.0600000     0.25000 | 
 | MultipartonInteractions:bProfile              |                        2 |            3           0           4 | 
 | MultipartonInteractions:coreFraction          |                  0.63000 |      0.50000         0.0     1.00000 | 
 | MultipartonInteractions:coreRadius            |                  0.76340 |      0.40000     0.10000     1.00000 | 
 | MultipartonInteractions:ecmPow                |                0.0334400 |      0.21500         0.0     0.50000 | 
 | MultipartonInteractions:pT0Ref                |                  1.41000 |      2.28000     0.50000    10.00000 | 
 | ParticleDecays:limitTau                       |                       on |          off                         | 
 | PartonLevel:FSR                               |                      off |           on                         | 
 | PDF:pSet                                      |                       20 |           13                         | 
 | Random:seed                                   |                      656 |           -1               900000000 | 
 | Random:setSeed                                |                       on |          off                         | 
 | SigmaProcess:alphaSorder                      |                        2 |            1           0           3 | 
 | SigmaProcess:alphaSvalue                      |                  0.11800 |      0.13000   0.0600000     0.25000 | 
 | SigmaTotal:mode                               |                        0 |            1           0           4 | 
 | SigmaTotal:sigmaEl                            |                 21.89000 |     25.00000         0.0             | 
 | SigmaTotal:sigmaTot                           |                100.30900 |    100.00000         0.0             | 
 | SigmaTotal:zeroAXB                            |                      off |           on                         | 
 | SpaceShower:alphaSorder                       |                        2 |            1           0           3 | 
 | SpaceShower:alphaSvalue                       |                  0.11800 |      0.13650   0.0600000     0.25000 | 
 | SpaceShower:dipoleRecoil                      |                       on |          off                         | 
 | SpaceShower:pTmaxMatch                        |                        1 |            0           0           2 | 
 | TimeShower:alphaSorder                        |                        2 |            1           0           3 | 
 | TimeShower:alphaSvalue                        |                  0.11800 |      0.13650   0.0600000     0.25000 | 
 |                                                                                                                 | 
 *-------  End PYTHIA Flag + Mode + Parm + Word + FVec + MVec + PVec + WVec Settings  -----------------------------* 

 --------  PYTHIA Particle Data Table (changed only)  ------------------------------------------------------------------------------
 
      id   name            antiName         spn chg col      m0        mWidth      mMin       mMax       tau0    res dec ext vis wid
             no onMode   bRatio   meMode     products 

       6  t                tbar               2   2   1  173.00000    1.36916   86.00000    0.00000  1.44122e-13   1   1   0   1   0
              0     1   0.0000664    0       24        1 
              1     1   0.0017361    0       24        3 
              2     1   0.9981975    0       24        5 
              3     1   0.0000000    0       37        5 

 --------  End PYTHIA Particle Data Table  -----------------------------------------------------------------------------------------


 --------  LHA event information and listing  ---------------------------------------------------------------------- 

    process =   322200    weight =   1.0325e+02     scale =   2.3581e+00 (GeV) 
                        alpha_em =  -1.0000e+00    alpha_strong =   3.3108e-01

    Participating Particles 
    no        id stat     mothers     colours      p_x        p_y        p_z         e          m        tau    spin 
     1        -2   -1     0     0     0   512      0.000      0.000    193.270    193.270      0.000   0.000   9.000
     2         2   -1     0     0   511     0      0.000      0.000   -394.739    394.739      0.000   0.000   9.000
     3         6    2     1     2   511     0     73.549    165.345   -144.001    288.056    171.730   0.000   9.000
     4        -6    2     1     2     0   513    -61.825   -157.251    -94.869    259.916    173.222   0.000   9.000
     5        21    1     1     2   514   512     -1.719     -1.668      6.350      6.787      0.000   0.000   9.000
     6        21    1     1     2   513   514    -10.006     -6.427     31.050     33.249      0.000   0.000   9.000
     7         5    1     3     3   511     0    102.119     90.918    -68.796    153.139      4.920   0.000  -1.000
     8        24    2     3     3     0     0    -28.570     74.427    -75.204    134.916     78.683   0.000   9.000
     9        -5    1     4     4     0   513    -53.394      9.639     -7.263     54.962      4.920   0.000   1.000
    10       -24    2     4     4     0     0     -8.431   -166.890    -87.606    204.954     80.050   0.000   9.000
    11       -15    1     8     8     0     0     23.063     40.470    -49.474     67.975      1.777   0.000   1.000
    12        16    1     8     8     0     0    -51.633     33.957    -25.731     66.941      0.000   0.000  -1.000
    13        15    1    10    10     0     0    -18.583   -172.583    -83.324    192.552      1.777   0.000  -1.000
    14       -16    1    10    10     0     0     10.152      5.693     -4.282     12.402      0.000   0.000   1.000

 --------  End LHA event information and listing  ------------------------------------------------------------------ 

 --------  PYTHIA Info Listing  ---------------------------------------- 
 
 Beam A: id =   2212, pz =  6.500e+03, e =  6.500e+03, m =  9.383e-01.
 Beam B: id =   2212, pz = -6.500e+03, e =  6.500e+03, m =  9.383e-01.

 In 1: id =   -2, x =  2.973e-02, pdf =  0.000e+00 at Q2 =  5.561e+00.
 In 2: id =    2, x =  6.073e-02, pdf =  0.000e+00 at same Q2.

 Process Les Houches User Process(es) with code 9999 is 2 -> 4.
 Subprocess user process 322200 with code 322200 is 2 -> 4.
     alphaEM =  7.510e-03,  alphaS =  3.311e-01    at Q2 =  5.561e+00.

 Impact parameter b =  9.628e-01 gives enhancement factor =  6.681e-01.
 Max pT scale for MPI =  1.300e+04, ISR =  2.358e+00, FSR =  2.358e+00.
 Number of MPI =     3, ISR =     3, FSRproc =     0, FSRreson =     0.

 --------  End PYTHIA Info Listing  ------------------------------------

 --------  PYTHIA Event Listing  (hard process)  -----------------------------------------------------------------------------------
 
    no         id  name            status     mothers   daughters     colours      p_x        p_y        p_z         e          m 
     0         90  (system)           -11     0     0     0     0     0     0      0.000      0.000      0.000  13000.000  13000.000
     1       2212  (p+)               -12     0     0     3     0     0     0      0.000      0.000   6500.000   6500.000      0.938
     2       2212  (p+)               -12     0     0     4     0     0     0      0.000      0.000  -6500.000   6500.000      0.938
     3         -2  (ubar)             -21     1     0     5     8     0   512      0.000      0.000    193.270    193.270      0.000
     4          2  (u)                -21     2     0     5     8   511     0      0.000      0.000   -394.739    394.739      0.000
     5          6  (t)                -22     3     4     9    10   511     0     73.549    165.345   -144.001    288.056    171.730
     6         -6  (tbar)             -22     3     4    11    12     0   513    -61.825   -157.251    -94.869    259.916    173.222
     7         21  g                   23     3     4     0     0   514   512     -1.719     -1.668      6.350      6.787      0.000
     8         21  g                   23     3     4     0     0   513   514    -10.006     -6.427     31.050     33.249      0.000
     9          5  b                   23     5     0     0     0   511     0    102.119     90.918    -68.796    153.139      4.920
    10         24  (W+)               -22     5     0    13    14     0     0    -28.570     74.427    -75.204    134.916     78.683
    11         -5  bbar                23     6     0     0     0     0   513    -53.394      9.639     -7.263     54.962      4.920
    12        -24  (W-)               -22     6     0    15    16     0     0     -8.431   -166.890    -87.606    204.954     80.050
    13        -15  tau+                23    10     0     0     0     0     0     23.063     40.470    -49.474     67.975      1.777
    14         16  nu_tau              23    10     0     0     0     0     0    -51.633     33.957    -25.731     66.941      0.000
    15         15  tau-                23    12     0     0     0     0     0    -18.583   -172.583    -83.324    192.552      1.777
    16        -16  nu_taubar           23    12     0     0     0     0     0     10.152      5.693     -4.282     12.402      0.000
                                   Charge sum:  0.000           Momentum sum:      0.000     -0.000   -201.469    588.008    552.416

 --------  End PYTHIA Event Listing  -----------------------------------------------------------------------------------------------

 --------  PYTHIA Event Listing  (complete event)  ---------------------------------------------------------------------------------
 
    no         id  name            status     mothers   daughters     colours      p_x        p_y        p_z         e          m 
     0         90  (system)           -11     0     0     0     0     0     0      0.000      0.000      0.000  13000.000  13000.000
     1       2212  (p+)               -12     0     0    35     0     0     0      0.000      0.000   6500.000   6500.000      0.938
     2       2212  (p+)               -12     0     0    36     0     0     0      0.000      0.000  -6500.000   6500.000      0.938
     3         -2  (ubar)             -21    35    35     5     8     0   512      0.000      0.000    193.270    193.270      0.000
     4          2  (u)                -21    36    36     5     8   511     0      0.000      0.000   -394.739    394.739      0.000
     5          6  (t)                -22     3     4    37    37   511     0     73.549    165.345   -144.001    288.056    171.730
     6         -6  (tbar)             -22     3     4    38    38     0   513    -61.825   -157.251    -94.869    259.916    173.222
     7         21  (g)                -23     3     4    39    39   514   512     -1.719     -1.668      6.350      6.787      0.000
     8         21  (g)                -23     3     4    40    40   513   514    -10.006     -6.427     31.050     33.249      0.000
     9         21  (g)                -31    13    13    11    12   516   517      0.000      0.000     22.469     22.469      0.000
    10          1  (d)                -31    14     0    11    12   515     0      0.000      0.000    -88.501     88.501      0.000
    11         21  (g)                -33     9    10    15    15   515   517      1.323      0.219     22.444     22.484      0.000
    12          1  (d)                -33     9    10    16    16   516     0     -1.323     -0.219    -88.476     88.486      0.330
    13         21  (g)                -42    18     0     9     9   516   517      0.000      0.000     22.469     22.469      0.000
    14          1  (d)                -41    19    19    17    10   518     0     -0.000     -0.000    -96.527     96.527      0.000
    15         21  (g)                -44    11    11    20    20   515   517      2.614      0.379     22.333     22.488      0.000
    16          1  (d)                -44    12    12    21    21   516     0     -1.323     -0.219    -88.476     88.486      0.330
    17         21  (g)                -43    14     0    22    22   518   515     -1.292     -0.160     -7.915      8.021      0.000
    18         21  (g)                -41    28     0    23    13   519   517      0.000      0.000     25.806     25.806      0.000
    19          1  (d)                -42    29    29    14    14   518     0     -0.000     -0.000    -96.527     96.527      0.000
    20         21  (g)                -44    15    15    30    30   515   517      2.614      0.379     22.333     22.488      0.000
    21          1  (d)                -44    16    16    31    31   516     0     -1.986     -1.188    -88.362     88.393      0.330
    22         21  (g)                -44    17    17    32    32   518   515     -1.292     -0.160     -7.915      8.021      0.000
    23         21  (g)                -43    18     0    33    33   519   516      0.663      0.969      3.223      3.430      0.000
    24         21  (g)                -31    48    48    26    27   521   522      0.000      0.000      3.690      3.690      0.000
    25          1  (d)                -31    49    49    26    27   520     0      0.000      0.000     -5.571      5.571      0.000
    26         21  (g)                -33    24    25    50    50   520   522     -0.585      0.764      3.580      3.707      0.000
    27          1  (d)                -33    24    25    51    51   521     0      0.585     -0.764     -5.460      5.554      0.330
    28         21  (g)                -41    41    41    34    18   519   523      0.000      0.000     29.159     29.159      0.000
    29          1  (d)                -42    42    42    19    19   518     0     -0.000     -0.000    -96.527     96.527      0.000
    30         21  (g)                -44    20    20    43    43   515   517      2.614      0.379     22.333     22.488      0.000
    31          1  (d)                -44    21    21    44    44   516     0     -1.986     -1.188    -88.362     88.393      0.330
    32         21  (g)                -44    22    22    45    45   518   515     -1.292     -0.160     -7.915      8.021      0.000
    33         21  (g)                -44    23    23    46    46   519   516      0.916      0.627      5.727      5.834      0.000
    34         21  (g)                -43    28     0    47    47   517   523     -0.253      0.341      0.849      0.949      0.000
    35         -2  (ubar)             -61     1     0     3     3     0   512      1.683     -1.001    193.261    193.271      0.000
    36          2  (u)                -61     2     0     4     4   518     0      0.040      2.899   -394.732    394.743      0.000
    37          6  (t)                -62     5     5    58    59   511     0     74.200    166.557   -143.282    288.562    171.730
    38         -6  (tbar)             -62     6     6    60    61     0   520    -61.091   -156.374    -95.588    259.476    173.222
    39         21  (g)                -62     7     7    82    82   514   519     -1.661     -1.700      6.347      6.778      0.000
    40         21  (g)                -62     8     8    83    83   513   514     -9.726     -6.585     31.052     33.199      0.000
    41         21  (g)                -61     1     0    28    28   512   521     -1.161     -2.117     29.123     29.223      0.000
    42          1  (d)                -61     2     0    29    29   521     0     -1.985     -2.130    -96.574     96.618      0.000
    43         21  (g)                -62    30    30    80    80   515   512      1.722     -1.248     22.340     22.441      0.000
    44          1  (d)                -62    31    31    79    79   512     0     -3.806     -3.142    -88.455     88.593      0.330
    45         21  (g)                -62    32    32   120   120   518   511     -1.458     -0.341     -7.935      8.075      0.000
    46         21  (g)                -62    33    33    81    81   519   515      0.686      0.207      5.745      5.789      0.000
    47         21  (g)                -62    34    34    66     0   517   513     -0.290      0.275      0.854      0.943      0.000
    48         21  (g)                -61     1     0    24    24   521   522     -0.500      1.032      3.535      3.717      0.000
    49          1  (d)                -61     2     0    25    25   522     0      0.885     -0.847     -5.418      5.555      0.000
    50         21  (g)                -62    26    26    66     0   520   517     -1.050      1.747      3.177      3.775      0.000
    51          1  (d)                -62    27    27    72    72   521     0      1.434     -1.563     -5.060      5.496      0.330
    52       2203  (uu_1)             -63     1     0    68    68     0   524      0.073      0.326   5255.791   5255.791      0.771
    53          1  (d)                -63     1     0   135   135   522     0      0.047      0.928    709.957    709.958      0.330
    54          2  (u)                -63     1     0    67    67   524     0     -0.142      0.832    308.089    308.090      0.330
    55       2101  (ud_0)             -63     2     0   136   136     0   522      0.843     -0.472  -5558.515   5558.515      0.579
    56         -1  (dbar)             -63     2     0   121   121     0   518      0.080     -0.133   -318.343    318.343      0.330
    57         -1  (dbar)             -63     2     0    73    73     0   521      0.138      0.684   -126.173    126.176      0.330
    58          5  (b)                -23    37     0   119   119   511     0    102.466     91.563    -68.414    153.583      4.920
    59         24  (W+)               -22    37     0    62    63     0     0    -28.265     74.994    -74.868    134.979     78.683
    60         -5  (bbar)             -23    38     0    85    85     0   520    -53.239      9.825     -7.415     54.864      4.920
    61        -24  (W-)               -22    38     0    64    65     0     0     -7.852   -166.198    -88.173    204.612     80.050
    62        -15  (tau+)             -23    59     0   200   202     0     0     23.217     40.756    -49.304     68.075      1.777
    63         16  nu_tau              23    59     0     0     0     0     0    -51.482     34.238    -25.564     66.904      0.000
    64         15  (tau-)             -23    61     0   203   206     0     0    -18.039   -171.934    -83.857    192.150      1.777
    65        -16  nu_taubar           23    61     0     0     0     0     0     10.187      5.735     -4.317     12.462      0.000
    66         21  (g)                -73    47    50    84    84   520   513     -1.339      2.023      4.031      4.718      0.349
    67          2  (u)                -71    54    54    69    71   524     0     -0.142      0.832    308.089    308.090      0.330
    68       2203  (uu_1)             -71    52    52    69    71     0   524      0.073      0.326   5255.791   5255.791      0.771
    69        323  (K*+)              -83    67    68   159   160     0     0     -0.040     -0.079   1906.467   1906.467      0.887
    70       3224  (Sigma*+)          -84    67    68   161   162     0     0     -0.117      1.089   1329.666   1329.668      1.395
    71        111  (pi0)              -84    67    68   207   208     0     0      0.087      0.148   2327.747   2327.747      0.135
    72          1  (d)                -71    51    51    74    78   521     0      1.434     -1.563     -5.060      5.496      0.330
    73         -1  (dbar)             -71    57    57    74    78     0   521      0.138      0.684   -126.173    126.176      0.330
    74        223  (omega)            -83    72    73   209   211     0     0      1.486     -1.045     -6.379      6.678      0.777
    75       -213  (rho-)             -83    72    73   163   164     0     0      0.041     -0.659     -3.798      3.922      0.721
    76        211  pi+                 84    72    73     0     0     0     0      0.164     -0.069    -15.794     15.796      0.140
    77       -211  pi-                 84    72    73     0     0     0     0     -0.160      0.246     -9.587      9.592      0.140
    78        213  (rho+)             -84    72    73   165   166     0     0      0.042      0.649    -95.676     95.685      1.119
    79          1  (d)                -71    44    44    86   118   512     0     -3.806     -3.142    -88.455     88.593      0.330
    80         21  (g)                -71    43    43    86   118   515   512      1.722     -1.248     22.340     22.441      0.000
    81         21  (g)                -71    46    46    86   118   519   515      0.686      0.207      5.745      5.789      0.000
    82         21  (g)                -71    39    39    86   118   514   519     -1.661     -1.700      6.347      6.778      0.000
    83         21  (g)                -71    40    40    86   118   513   514     -9.726     -6.585     31.052     33.199      0.000
    84         21  (g)                -71    66    66    86   118   520   513     -1.339      2.023      4.031      4.718      0.349
    85         -5  (bbar)             -71    60    60    86   118     0   520    -53.239      9.825     -7.415     54.864      4.920
    86        221  (eta)              -83    79    85   212   213     0     0     -0.378     -0.250     -5.420      5.467      0.548
    87       -211  pi-                 83    79    85     0     0     0     0     -2.111     -1.676    -52.032     52.102      0.140
    88        111  (pi0)              -83    79    85   214   215     0     0     -0.331     -0.008     -8.685      8.692      0.135
    89        111  (pi0)              -83    79    85   216   217     0     0     -0.969     -1.242    -13.454     13.546      0.135
    90        111  (pi0)              -83    79    85   218   219     0     0      0.040      0.251     -1.388      1.417      0.135
    91        213  (rho+)             -83    79    85   167   168     0     0      0.524     -0.605     -4.618      4.770      0.888
    92        223  (omega)            -83    79    85   220   222     0     0     -0.415      0.223     -0.922      1.303      0.792
    93        313  (K*0)              -83    79    85   169   170     0     0     -0.371      0.397      0.055      1.044      0.890
    94       -323  (K*-)              -83    79    85   171   172     0     0      0.164     -0.589      0.356      1.169      0.931
    95        211  pi+                 83    79    85     0     0     0     0     -0.045      0.112     -0.134      0.228      0.140
    96        311  (K0)               -83    79    85   173   173     0     0     -0.034     -0.173      0.072      0.533      0.498
    97       -321  K-                  83    79    85     0     0     0     0      0.278     -0.022      0.851      1.023      0.494
    98        321  K+                  83    79    85     0     0     0     0      0.160      0.358      2.380      2.462      0.494
    99       -321  K-                  83    79    85     0     0     0     0     -0.000     -0.206      3.019      3.066      0.494
   100        111  (pi0)              -83    79    85   223   224     0     0      0.475      0.088      0.950      1.074      0.135
   101        111  (pi0)              -83    79    85   225   226     0     0      0.041     -0.143      0.332      0.388      0.135
   102        211  pi+                 83    79    85     0     0     0     0      0.382     -0.967      3.625      3.773      0.140
   103        113  (rho0)             -83    79    85   174   175     0     0     -0.063      0.441      8.002      8.112      1.250
   104       -211  pi-                 83    79    85     0     0     0     0      0.675     -0.379      6.130      6.180      0.140
   105        211  pi+                 84    79    85     0     0     0     0     -0.697     -1.066      6.065      6.199      0.140
   106        221  (eta)              -84    79    85   227   228     0     0     -0.892     -0.499      1.716      2.071      0.548
   107        221  (eta)              -84    79    85   229   231     0     0     -4.541     -3.196     14.511     15.547      0.548
   108        111  (pi0)              -84    79    85   232   233     0     0     -0.798     -0.734      4.168      4.309      0.135
   109       -213  (rho-)             -84    79    85   176   177     0     0     -2.612     -1.173      7.460      8.030      0.796
   110        321  K+                  84    79    85     0     0     0     0     -0.713      0.073      0.853      1.219      0.494
   111       -311  (Kbar0)            -84    79    85   178   178     0     0     -0.609      0.087      2.138      2.279      0.498
   112       -211  pi-                 84    79    85     0     0     0     0      0.135     -0.041      0.044      0.203      0.140
   113        113  (rho0)             -84    79    85   179   180     0     0     -1.070     -0.537      2.176      2.575      0.681
   114        111  (pi0)              -84    79    85   234   235     0     0     -0.694      0.211      0.398      0.838      0.135
   115        321  K+                  84    79    85     0     0     0     0      0.084      0.917      1.704      1.999      0.494
   116        333  (phi)              -84    79    85   236   237     0     0     -7.046      0.648     -0.804      7.194      1.022
   117       -321  K-                  84    79    85     0     0     0     0     -2.921      0.837     -0.233      3.087      0.494
   118        523  (B*+)              -84    79    85   238   239     0     0    -43.012      8.243     -5.672     44.481      5.325
   119          5  (b)                -71    58    58   122   134   511     0    102.466     91.563    -68.414    153.583      4.920
   120         21  (g)                -71    45    45   122   134   518   511     -1.458     -0.341     -7.935      8.075      0.000
   121         -1  (dbar)             -71    56    56   122   134     0   518      0.080     -0.133   -318.343    318.343      0.330
   122       -513  (B*bar0)           -83   119   121   240   241     0     0     85.348     76.183    -57.316    128.069      5.325
   123       -211  pi-                 83   119   121     0     0     0     0      8.456      7.230     -5.540     12.429      0.140
   124        113  (rho0)             -83   119   121   181   182     0     0      4.903      4.814     -3.012      7.545      0.797
   125        211  pi+                 83   119   121     0     0     0     0      1.092      1.187     -1.020      1.913      0.140
   126        331  (eta')             -83   119   121   242   243     0     0      2.102      1.427     -1.442      3.074      0.958
   127       2112  n0                  84   119   121     0     0     0     0      0.163      0.772     -1.645      2.052      0.940
   128      -2212  pbar-               84   119   121     0     0     0     0     -0.695      0.010     -6.430      6.535      0.938
   129        113  (rho0)             -84   119   121   183   184     0     0      0.003     -0.440     -8.185      8.242      0.856
   130        211  pi+                 84   119   121     0     0     0     0      0.015      0.008     -3.873      3.875      0.140
   131       -211  pi-                 84   119   121     0     0     0     0      0.140     -0.047     -4.296      4.300      0.140
   132        223  (omega)            -84   119   121   244   246     0     0      0.111      0.554    -18.614     18.638      0.758
   133        111  (pi0)              -84   119   121   247   248     0     0     -1.177     -0.430   -135.320    135.326      0.135
   134        211  pi+                 84   119   121     0     0     0     0      0.627     -0.181   -148.001    148.002      0.140
   135          1  (d)                -71    53    53   137   158   522     0      0.047      0.928    709.957    709.958      0.330
   136       2101  (ud_0)             -71    55    55   137   158     0   522      0.843     -0.472  -5558.515   5558.515      0.579
   137       -213  (rho-)             -83   135   136   185   186     0     0      0.209      0.605    585.773    585.775      1.066
   138        223  (omega)            -83   135   136   249   251     0     0      0.025     -0.001     72.558     72.562      0.764
   139        213  (rho+)             -83   135   136   187   188     0     0     -0.093     -0.149     18.853     18.869      0.752
   140        111  (pi0)              -83   135   136   252   253     0     0     -0.441      0.587     11.383     11.407      0.135
   141       -211  pi-                 83   135   136     0     0     0     0     -0.065     -0.551      9.508      9.526      0.140
   142        111  (pi0)              -83   135   136   254   255     0     0      0.519      0.338      5.989      6.023      0.135
   143        221  (eta)              -83   135   136   256   258     0     0      0.103      0.333      3.014      3.083      0.548
   144        211  pi+                 83   135   136     0     0     0     0     -0.388     -0.145      1.188      1.266      0.140
   145        111  (pi0)              -83   135   136   259   260     0     0      0.075     -0.143     -0.030      0.213      0.135
   146        223  (omega)            -83   135   136   261   263     0     0     -0.086      0.095      0.416      0.890      0.776
   147        111  (pi0)              -83   135   136   264   265     0     0      0.140     -0.166      0.223      0.339      0.135
   148        113  (rho0)             -83   135   136   189   190     0     0      0.247     -0.030     -0.458      1.120      0.992
   149        223  (omega)            -83   135   136   266   268     0     0     -0.234      0.183     -1.203      1.463      0.779
   150       2112  n0                  83   135   136     0     0     0     0      0.197      0.014     -5.097      5.186      0.940
   151      -2112  nbar0               84   135   136     0     0     0     0     -0.256     -0.014    -19.790     19.814      0.940
   152        221  (eta)              -84   135   136   269   271     0     0     -0.276      0.127    -19.243     19.253      0.548
   153        111  (pi0)              -84   135   136   272   273     0     0      0.161     -0.649    -11.631     11.651      0.135
   154       -213  (rho-)             -84   135   136   191   192     0     0      0.279      0.526    -30.985     31.002      0.862
   155        211  pi+                 84   135   136     0     0     0     0     -0.363     -0.366   -256.666    256.666      0.140
   156        313  (K*0)              -84   135   136   193   194     0     0      0.357      0.054   -587.798    587.799      0.891
   157       -313  (K*bar0)           -84   135   136   195   196     0     0      0.419      0.192   -972.215    972.216      0.906
   158       2112  n0                  84   135   136     0     0     0     0      0.360     -0.385  -3652.349   3652.349      0.940
   159        311  (K0)               -91    69     0   197   197     0     0      0.236      0.025   1355.830   1355.830      0.498
   160        211  pi+                 91    69     0     0     0     0     0     -0.276     -0.103    550.636    550.636      0.140
   161       3212  (Sigma0)           -91    70     0   274   275     0     0     -0.142      0.776   1073.129   1073.130      1.193
   162        211  pi+                 91    70     0     0     0     0     0      0.026      0.312    256.537    256.537      0.140
   163       -211  pi-                 91    75     0     0     0     0     0      0.067     -0.451     -3.504      3.536      0.140
   164        111  (pi0)              -91    75     0   276   277     0     0     -0.026     -0.208     -0.294      0.385      0.135
   165        211  pi+                 91    78     0     0     0     0     0      0.096      0.349     -9.294      9.303      0.140
   166        111  (pi0)              -91    78     0   278   279     0     0     -0.054      0.300    -86.382     86.383      0.135
   167        211  pi+                 91    91     0     0     0     0     0      0.462      0.084     -2.000      2.059      0.140
   168        111  (pi0)              -91    91     0   280   281     0     0      0.062     -0.689     -2.618      2.711      0.135
   169        311  (K0)               -91    93     0   198   198     0     0     -0.378      0.316     -0.214      0.732      0.498
   170        111  (pi0)              -91    93     0   282   283     0     0      0.007      0.081      0.269      0.312      0.135
   171       -321  K-                  91    94     0     0     0     0     0      0.056     -0.531      0.544      0.908      0.494
   172        111  (pi0)              -91    94     0   284   285     0     0      0.108     -0.058     -0.188      0.262      0.135
   173        310  (K_S0)             -91    96    96   286   287     0     0     -0.034     -0.173      0.072      0.533      0.498
   174        211  pi+                 91   103     0     0     0     0     0      0.350     -0.197      4.744      4.763      0.140
   175       -211  pi-                 91   103     0     0     0     0     0     -0.412      0.638      3.259      3.349      0.140
   176       -211  pi-                 91   109     0     0     0     0     0     -1.001     -0.856      3.287      3.544      0.140
   177        111  (pi0)              -91   109     0   288   289     0     0     -1.611     -0.317      4.173      4.486      0.135
   178        310  K_S0                91   111   111     0     0     0     0     -0.609      0.087      2.138      2.279      0.498
   179        211  pi+                 91   113     0     0     0     0     0     -1.108     -0.518      1.952      2.308      0.140
   180       -211  pi-                 91   113     0     0     0     0     0      0.038     -0.019      0.224      0.268      0.140
   181        211  pi+                 91   124     0     0     0     0     0      1.913      1.986     -1.601      3.192      0.140
   182       -211  pi-                 91   124     0     0     0     0     0      2.990      2.828     -1.411      4.353      0.140
   183        211  pi+                 91   129     0     0     0     0     0     -0.146     -0.629     -6.505      6.538      0.140
   184       -211  pi-                 91   129     0     0     0     0     0      0.150      0.189     -1.680      1.703      0.140
   185       -211  pi-                 91   137     0     0     0     0     0      0.331      0.183     72.822     72.823      0.140
   186        111  (pi0)              -91   137     0   290   291     0     0     -0.122      0.422    512.952    512.952      0.135
   187        211  pi+                 91   139     0     0     0     0     0     -0.344      0.077      7.015      7.025      0.140
   188        111  (pi0)              -91   139     0   292   293     0     0      0.251     -0.226     11.839     11.844      0.135
   189        211  pi+                 91   148     0     0     0     0     0      0.591     -0.126     -0.383      0.729      0.140
   190       -211  pi-                 91   148     0     0     0     0     0     -0.344      0.097     -0.075      0.391      0.140
   191       -211  pi-                 91   154     0     0     0     0     0     -0.134      0.493    -10.785     10.798      0.140
   192        111  (pi0)              -91   154     0   294   295     0     0      0.413      0.033    -20.200     20.205      0.135
   193        311  (K0)               -91   156     0   199   199     0     0      0.214     -0.127   -514.304    514.304      0.498
   194        111  (pi0)              -91   156     0   296   297     0     0      0.143      0.181    -73.494     73.494      0.135
   195       -321  K-                  91   157     0     0     0     0     0      0.254     -0.129   -407.110    407.111      0.494
   196        211  pi+                 91   157     0     0     0     0     0      0.165      0.320   -565.105    565.105      0.140
   197        130  K_L0                91   159   159     0     0     0     0      0.236      0.025   1355.830   1355.830      0.498
   198        130  K_L0                91   169   169     0     0     0     0     -0.378      0.316     -0.214      0.732      0.498
   199        130  K_L0                91   193   193     0     0     0     0      0.214     -0.127   -514.304    514.304      0.498
   200        -16  nu_taubar           91    62     0     0     0     0     0      7.297     13.749    -15.867     22.227      0.000
   201        -11  e+                  91    62     0     0     0     0     0     13.134     21.517    -27.109     37.018      0.001
   202         12  nu_e                91    62     0     0     0     0     0      2.787      5.491     -6.328      8.829      0.000
   203         16  nu_tau              91    64     0     0     0     0     0     -1.020     -8.799     -4.071      9.748      0.000
   204        111  (pi0)              -91    64     0   298   299     0     0     -5.978    -55.051    -27.381     61.775      0.135
   205        111  (pi0)              -91    64     0   300   301     0     0     -9.940    -95.552    -46.197    106.598      0.135
   206       -211  pi-                 91    64     0     0     0     0     0     -1.100    -12.532     -6.208     14.029      0.140
   207         22  gamma               91    71     0     0     0     0     0     -0.006      0.031     95.086     95.086      0.000
   208         22  gamma               91    71     0     0     0     0     0      0.094      0.118   2232.661   2232.661      0.000
   209        211  pi+                 91    74     0     0     0     0     0      0.650     -0.429     -3.513      3.600      0.140
   210       -211  pi-                 91    74     0     0     0     0     0      0.639     -0.312     -1.681      1.831      0.140
   211        111  (pi0)              -91    74     0   302   303     0     0      0.197     -0.304     -1.185      1.246      0.135
   212         22  gamma               91    86     0     0     0     0     0      0.023      0.121     -0.457      0.473      0.000
   213         22  gamma               91    86     0     0     0     0     0     -0.401     -0.371     -4.963      4.993      0.000
   214         22  gamma               91    88     0     0     0     0     0     -0.156     -0.069     -4.577      4.581      0.000
   215         22  gamma               91    88     0     0     0     0     0     -0.175      0.061     -4.108      4.112      0.000
   216         22  gamma               91    89     0     0     0     0     0     -0.442     -0.668     -7.040      7.085      0.000
   217         22  gamma               91    89     0     0     0     0     0     -0.527     -0.574     -6.414      6.461      0.000
   218         22  gamma               91    90     0     0     0     0     0     -0.012      0.015     -0.017      0.026      0.000
   219         22  gamma               91    90     0     0     0     0     0      0.052      0.236     -1.371      1.392      0.000
   220        211  pi+                 91    92     0     0     0     0     0     -0.257      0.120     -0.386      0.499      0.140
   221       -211  pi-                 91    92     0     0     0     0     0      0.145      0.090     -0.376      0.436      0.140
   222        111  (pi0)              -91    92     0   304   305     0     0     -0.303      0.014     -0.159      0.369      0.135
   223         22  gamma               91   100     0     0     0     0     0      0.092      0.074      0.231      0.260      0.000
   224         22  gamma               91   100     0     0     0     0     0      0.383      0.013      0.718      0.814      0.000
   225         22  gamma               91   101     0     0     0     0     0      0.042     -0.077      0.304      0.316      0.000
   226         22  gamma               91   101     0     0     0     0     0     -0.001     -0.066      0.028      0.071      0.000
   227         22  gamma               91   106     0     0     0     0     0     -0.138     -0.314      0.800      0.870      0.000
   228         22  gamma               91   106     0     0     0     0     0     -0.754     -0.185      0.916      1.201      0.000
   229        111  (pi0)              -91   107     0   306   307     0     0     -0.775     -0.546      2.442      2.623      0.135
   230        111  (pi0)              -91   107     0   308   309     0     0     -1.378     -0.811      4.108      4.411      0.135
   231        111  (pi0)              -91   107     0   310   311     0     0     -2.388     -1.839      7.961      8.513      0.135
   232         22  gamma               91   108     0     0     0     0     0     -0.681     -0.668      3.771      3.890      0.000
   233         22  gamma               91   108     0     0     0     0     0     -0.117     -0.067      0.397      0.419      0.000
   234         22  gamma               91   114     0     0     0     0     0     -0.221      0.134      0.146      0.297      0.000
   235         22  gamma               91   114     0     0     0     0     0     -0.473      0.077      0.253      0.542      0.000
   236        321  K+                  91   116     0     0     0     0     0     -2.947      0.295     -0.440      3.034      0.494
   237       -321  K-                  91   116     0     0     0     0     0     -4.099      0.353     -0.364      4.160      0.494
   238        521  (B+)               -91   118     0   312   314     0     0    -42.366      8.096     -5.607     43.815      5.279
   239         22  gamma               91   118     0     0     0     0     0     -0.646      0.147     -0.065      0.666      0.000
   240       -511  (Bbar0)            -91   122     0   315   318     0     0     85.203     76.088    -57.222    127.871      5.280
   241         22  gamma               91   122     0     0     0     0     0      0.145      0.096     -0.094      0.197      0.000
   242        113  (rho0)             -91   126     0   319   320     0     0      1.448      1.180     -0.808      2.130      0.630
   243         22  gamma               91   126     0     0     0     0     0      0.654      0.247     -0.635      0.944      0.000
   244        211  pi+                 91   132     0     0     0     0     0      0.304      0.286     -7.430      7.443      0.140
   245       -211  pi-                 91   132     0     0     0     0     0     -0.132      0.116     -8.356      8.359      0.140
   246        111  (pi0)              -91   132     0   321   322     0     0     -0.061      0.152     -2.828      2.836      0.135
   247         22  gamma               91   133     0     0     0     0     0     -0.417     -0.167    -55.488     55.490      0.000
   248         22  gamma               91   133     0     0     0     0     0     -0.760     -0.263    -79.832     79.836      0.000
   249        211  pi+                 91   138     0     0     0     0     0      0.039     -0.153      9.330      9.332      0.140
   250       -211  pi-                 91   138     0     0     0     0     0     -0.082      0.144     16.674     16.675      0.140
   251        111  (pi0)              -91   138     0   323   324     0     0      0.069      0.008     46.555     46.555      0.135
   252         22  gamma               91   140     0     0     0     0     0     -0.320      0.328      7.433      7.447      0.000
   253         22  gamma               91   140     0     0     0     0     0     -0.120      0.259      3.950      3.960      0.000
   254         22  gamma               91   142     0     0     0     0     0      0.489      0.300      5.755      5.784      0.000
   255         22  gamma               91   142     0     0     0     0     0      0.031      0.037      0.234      0.239      0.000
   256        111  (pi0)              -91   143     0   325   326     0     0      0.056      0.138      1.515      1.528      0.135
   257        111  (pi0)              -91   143     0   327   328     0     0     -0.083      0.125      0.573      0.607      0.135
   258        111  (pi0)              -91   143     0   329   330     0     0      0.130      0.070      0.926      0.948      0.135
   259         22  gamma               91   145     0     0     0     0     0      0.026      0.016      0.024      0.038      0.000
   260         22  gamma               91   145     0     0     0     0     0      0.049     -0.158     -0.053      0.174      0.000
   261        211  pi+                 91   146     0     0     0     0     0      0.091     -0.127      0.168      0.268      0.140
   262       -211  pi-                 91   146     0     0     0     0     0     -0.104     -0.033     -0.066      0.189      0.140
   263        111  (pi0)              -91   146     0   331   332     0     0     -0.073      0.254      0.315      0.433      0.135
   264         22  gamma               91   147     0     0     0     0     0     -0.019     -0.049      0.080      0.095      0.000
   265         22  gamma               91   147     0     0     0     0     0      0.159     -0.117      0.144      0.244      0.000
   266        211  pi+                 91   149     0     0     0     0     0      0.103      0.048     -0.134      0.224      0.140
   267       -211  pi-                 91   149     0     0     0     0     0      0.033      0.003     -0.581      0.598      0.140
   268        111  (pi0)              -91   149     0   333   334     0     0     -0.370      0.132     -0.489      0.641      0.135
   269        211  pi+                 91   152     0     0     0     0     0     -0.230     -0.007     -5.451      5.458      0.140
   270       -211  pi-                 91   152     0     0     0     0     0     -0.036      0.059     -5.903      5.905      0.140
   271        111  (pi0)              -91   152     0   335   336     0     0     -0.010      0.075     -7.889      7.891      0.135
   272         22  gamma               91   153     0     0     0     0     0      0.150     -0.571     -9.351      9.369      0.000
   273         22  gamma               91   153     0     0     0     0     0      0.011     -0.078     -2.280      2.282      0.000
   274       3122  Lambda0             91   161     0     0     0     0     0     -0.166      0.667    953.458    953.459      1.116
   275         22  gamma               91   161     0     0     0     0     0      0.024      0.110    119.671    119.671      0.000
   276         22  gamma               91   164     0     0     0     0     0     -0.045     -0.221     -0.273      0.354      0.000
   277         22  gamma               91   164     0     0     0     0     0      0.019      0.013     -0.021      0.031      0.000
   278         22  gamma               91   166     0     0     0     0     0     -0.055      0.041    -25.633     25.633      0.000
   279         22  gamma               91   166     0     0     0     0     0      0.001      0.259    -60.749     60.749      0.000
   280         22  gamma               91   168     0     0     0     0     0      0.076     -0.483     -2.028      2.086      0.000
   281         22  gamma               91   168     0     0     0     0     0     -0.014     -0.206     -0.589      0.624      0.000
   282         22  gamma               91   170     0     0     0     0     0      0.002      0.028     -0.008      0.029      0.000
   283         22  gamma               91   170     0     0     0     0     0      0.005      0.053      0.278      0.283      0.000
   284         22  gamma               91   172     0     0     0     0     0     -0.007     -0.059     -0.104      0.120      0.000
   285         22  gamma               91   172     0     0     0     0     0      0.115      0.000     -0.084      0.142      0.000
   286        211  pi+                 91   173     0     0     0     0     0     -0.079      0.120      0.020      0.201      0.140
   287       -211  pi-                 91   173     0     0     0     0     0      0.045     -0.293      0.052      0.332      0.140
   288         22  gamma               91   177     0     0     0     0     0     -0.102     -0.012      0.359      0.374      0.000
   289         22  gamma               91   177     0     0     0     0     0     -1.509     -0.305      3.814      4.113      0.000
   290         22  gamma               91   186     0     0     0     0     0      0.014      0.140    198.819    198.819      0.000
   291         22  gamma               91   186     0     0     0     0     0     -0.136      0.282    314.133    314.133      0.000
   292         22  gamma               91   188     0     0     0     0     0     -0.002     -0.057      2.419      2.420      0.000
   293         22  gamma               91   188     0     0     0     0     0      0.253     -0.169      9.420      9.425      0.000
   294         22  gamma               91   192     0     0     0     0     0      0.192      0.016    -12.601     12.603      0.000
   295         22  gamma               91   192     0     0     0     0     0      0.220      0.017     -7.599      7.602      0.000
   296         22  gamma               91   194     0     0     0     0     0      0.141      0.164    -48.792     48.793      0.000
   297         22  gamma               91   194     0     0     0     0     0      0.002      0.017    -24.702     24.702      0.000
   298         22  gamma               91   204     0     0     0     0     0     -1.986    -17.872     -8.842     20.039      0.000
   299         22  gamma               91   204     0     0     0     0     0     -3.992    -37.179    -18.539     41.736      0.000
   300         22  gamma               91   205     0     0     0     0     0     -9.234    -89.016    -43.012     99.293      0.000
   301         22  gamma               91   205     0     0     0     0     0     -0.706     -6.536     -3.185      7.305      0.000
   302         22  gamma               91   211     0     0     0     0     0      0.177     -0.183     -0.917      0.952      0.000
   303         22  gamma               91   211     0     0     0     0     0      0.020     -0.121     -0.268      0.295      0.000
   304         22  gamma               91   222     0     0     0     0     0     -0.024     -0.019      0.018      0.036      0.000
   305         22  gamma               91   222     0     0     0     0     0     -0.279      0.033     -0.178      0.333      0.000
   306         22  gamma               91   229     0     0     0     0     0     -0.264     -0.179      1.004      1.054      0.000
   307         22  gamma               91   229     0     0     0     0     0     -0.511     -0.367      1.438      1.569      0.000
   308         22  gamma               91   230     0     0     0     0     0     -1.381     -0.813      4.099      4.401      0.000
   309         22  gamma               91   230     0     0     0     0     0      0.002      0.002      0.009      0.010      0.000
   310         22  gamma               91   231     0     0     0     0     0     -0.362     -0.326      1.195      1.290      0.000
   311         22  gamma               91   231     0     0     0     0     0     -2.025     -1.513      6.766      7.223      0.000
   312      -4132  (Xi_cbar0)         -91   238     0   337   338     0     0    -22.009      4.754     -1.949     22.735      2.471
   313       -211  pi-                 91   238     0     0     0     0     0     -2.483      0.738     -0.970      2.770      0.140
   314       2224  (Delta++)          -91   238     0   339   340     0     0    -17.874      2.604     -2.688     18.310      1.327
   315        413  (D*+)              -91   240     0   341   342     0     0     24.822     22.299    -15.772     36.962      2.010
   316        223  (omega)            -91   240     0   343   345     0     0     15.380     13.945    -10.708     23.373      0.781
   317       -211  pi-                 91   240     0     0     0     0     0     26.225     23.225    -17.044     38.957      0.140
   318        113  (rho0)             -91   240     0   346   347     0     0     18.776     16.619    -13.697     28.580      0.674
   319        211  pi+                 91   242     0     0     0     0     0      0.029      0.070     -0.110      0.193      0.140
   320       -211  pi-                 91   242     0     0     0     0     0      1.419      1.110     -0.698      1.937      0.140
   321         22  gamma               91   246     0     0     0     0     0     -0.022      0.040     -0.194      0.200      0.000
   322         22  gamma               91   246     0     0     0     0     0     -0.039      0.112     -2.634      2.636      0.000
   323         22  gamma               91   251     0     0     0     0     0      0.027     -0.054     31.700     31.700      0.000
   324         22  gamma               91   251     0     0     0     0     0      0.042      0.062     14.855     14.855      0.000
   325         22  gamma               91   256     0     0     0     0     0      0.003      0.016      0.843      0.843      0.000
   326         22  gamma               91   256     0     0     0     0     0      0.053      0.123      0.672      0.685      0.000
   327         22  gamma               91   257     0     0     0     0     0     -0.006      0.117      0.419      0.435      0.000
   328         22  gamma               91   257     0     0     0     0     0     -0.077      0.008      0.154      0.172      0.000
   329         22  gamma               91   258     0     0     0     0     0      0.070     -0.035      0.420      0.427      0.000
   330         22  gamma               91   258     0     0     0     0     0      0.060      0.105      0.506      0.521      0.000
   331         22  gamma               91   263     0     0     0     0     0      0.006     -0.008      0.051      0.052      0.000
   332         22  gamma               91   263     0     0     0     0     0     -0.079      0.263      0.263      0.380      0.000
   333         22  gamma               91   268     0     0     0     0     0     -0.330      0.089     -0.343      0.484      0.000
   334         22  gamma               91   268     0     0     0     0     0     -0.040      0.043     -0.145      0.157      0.000
   335         22  gamma               91   271     0     0     0     0     0      0.051      0.031     -5.532      5.532      0.000
   336         22  gamma               91   271     0     0     0     0     0     -0.061      0.044     -2.357      2.358      0.000
   337       -211  pi-                 91   312     0     0     0     0     0    -10.283      2.623     -1.649     10.740      0.140
   338      -3312  Xibar+              91   312     0     0     0     0     0    -11.726      2.131     -0.300     11.995      1.322
   339       2212  p+                  91   314     0     0     0     0     0    -17.373      2.598     -2.604     17.783      0.938
   340        211  pi+                 91   314     0     0     0     0     0     -0.501      0.006     -0.084      0.527      0.140
   341        421  (D0)               -91   315     0   348   350     0     0     23.156     20.852    -14.723     34.514      1.865
   342        211  pi+                 91   315     0     0     0     0     0      1.666      1.447     -1.050      2.448      0.140
   343        211  pi+                 91   316     0     0     0     0     0      4.698      4.441     -3.228      7.227      0.140
   344       -211  pi-                 91   316     0     0     0     0     0      9.560      8.565     -6.620     14.443      0.140
   345        111  (pi0)              -91   316     0   351   352     0     0      1.122      0.939     -0.860      1.703      0.135
   346        211  pi+                 91   318     0     0     0     0     0      3.253      2.781     -2.114      4.775      0.140
   347       -211  pi-                 91   318     0     0     0     0     0     15.524     13.838    -11.583     23.805      0.140
   348        -11  e+                  91   341     0     0     0     0     0     13.980     12.196     -8.936     20.592      0.001
   349         12  nu_e                91   341     0     0     0     0     0      2.779      2.367     -1.258      3.861      0.000
   350       -321  K-                  91   341     0     0     0     0     0      6.397      6.289     -4.529     10.061      0.494
   351         22  gamma               91   345     0     0     0     0     0      0.985      0.867     -0.738      1.505      0.000
   352         22  gamma               91   345     0     0     0     0     0      0.137      0.073     -0.122      0.197      0.000
                                   Charge sum:  2.000           Momentum sum:      0.000     -0.000     -0.000  13000.000  13000.000

 --------  End PYTHIA Event Listing  -----------------------------------------------------------------------------------------------
#--------------------------------------------------------------------------
#                     FastJet release 3.4.0 [fjcore]
#                 M. Cacciari, G.P. Salam and G. Soyez                  
#     A software package for jet finding and analysis at colliders      
#                           http://fastjet.fr                           
#	                                                                      
# Please cite EPJC72(2012)1896 [arXiv:1111.6097] if you use this package
# for scientific work and optionally PLB641(2006)57 [hep-ph/0512210].   
#                                                                       
# FastJet is provided without warranty under the GNU GPL v2 or higher.  
# It uses T. Chan's closest pair algorithm, S. Fortune's Voronoi code
# and 3rd party plugin jet algorithms. See COPYING file for details.
#--------------------------------------------------------------------------
 PYTHIA Warning in SimpleSpaceShower::pT2nextQCD: weight above unity  
 PYTHIA Warning in StringFragmentation::fragmentToJunction: bad convergence junction rest frame  
 PYTHIA Warning in SimpleSpaceShower::pT2nextQCD: small daughter PDF  
 PYTHIA Warning in MultipartonInteractions::pTnext: weight above unity  
 PYTHIA Error in StringFragmentation::fragment: stuck in joining  
 PYTHIA Error in Pythia::next: hadronLevel failed; try again  

 Pythia::next(): 1000 events have been generated 
 PYTHIA Warning in Pythia::check: energy-momentum not quite conserved  

 Pythia::next(): 2000 events have been generated 
 PYTHIA Error in SimpleSpaceShower::pT2nearThreshold: stuck in loop  
 PYTHIA Error in SimpleSpaceShower::pT2nearThreshold: xPDF = 0  

 Pythia::next(): 3000 events have been generated 

 Pythia::next(): 4000 events have been generated 
 PYTHIA Error in BeamRemnants::setKinematics: kinematics construction failed  
 PYTHIA Warning in HadronWidths::pickMasses: angular momentum and running widths not used  
 PYTHIA Warning in ColConfig::collect: negative-energy parton encountered  
 PYTHIA Error in Pythia::check: unmatched particle energy/momentum/mass  
 PYTHIA Error in Pythia::next: check of event revealed problems  

 Pythia::next(): 5000 events have been generated 
 PYTHIA Warning in TauDecays::decay: maximum decay weight exceeded in tau decay  

 Pythia::next(): 6000 events have been generated 

 Pythia::next(): 7000 events have been generated 

 Pythia::next(): 8000 events have been generated 

 Pythia::next(): 9000 events have been generated 

 *-------  PYTHIA Event and Cross Section Statistics  -------------------------------------------------------------*
 |                                                                                                                 |
 | Subprocess                                    Code |            Number of events       |      sigma +- delta    |
 |                                                    |       Tried   Selected   Accepted |     (estimated) (mb)   |
 |                                                    |                                   |                        |
 |-----------------------------------------------------------------------------------------------------------------|
 |                                                    |                                   |                        |
 | Les Houches User Process(es)                  9999 |       10000      10000      10000 |   8.253e-08  0.000e+00 |
 |    ... whereof user classification code     322200 |       10000      10000      10000 |                        | 
 |                                                    |                                   |                        |
 | sum                                                |       10000      10000      10000 |   8.253e-08  0.000e+00 |
 |                                                                                                                 |
 *-------  End PYTHIA Event and Cross Section Statistics ----------------------------------------------------------*

 *-------  PYTHIA Error and Warning Messages Statistics  ----------------------------------------------------------* 
 |                                                                                                                 | 
 |  times   message                                                                                                | 
 |                                                                                                                 | 
 |      2   Error in BeamRemnants::setKinematics: kinematics construction failed                                   | 
 |      1   Error in Pythia::check: unmatched particle energy/momentum/mass                                        | 
 |      1   Error in Pythia::next: check of event revealed problems                                                | 
 |      6   Error in Pythia::next: hadronLevel failed; try again                                                   | 
 |     10   Error in SimpleSpaceShower::pT2nearThreshold: stuck in loop                                            | 
 |      3   Error in SimpleSpaceShower::pT2nearThreshold: xPDF = 0                                                 | 
 |      6   Error in StringFragmentation::fragment: stuck in joining                                               | 
 |      1   Warning in ColConfig::collect: negative-energy parton encountered                                      | 
 |      1   Warning in HadronWidths::pickMasses: angular momentum and running widths not used                      | 
 |      3   Warning in MultipartonInteractions::pTnext: weight above unity                                         | 
 |      2   Warning in Pythia::check: energy-momentum not quite conserved                                          | 
 |   1331   Warning in SimpleSpaceShower::pT2nextQCD: small daughter PDF                                           | 
 |   4297   Warning in SimpleSpaceShower::pT2nextQCD: weight above unity                                           | 
 |     32   Warning in StringFragmentation::fragmentToJunction: bad convergence junction rest frame                | 
 |      1   Warning in TauDecays::decay: maximum decay weight exceeded in tau decay                                | 
 |      2   Warning in TimeShower::init: pTmin too low                                                             | 
 |                                                                                                                 | 
 *-------  End PYTHIA Error and Warning Messages Statistics  ------------------------------------------------------* 
Using LHE File: /nfs/dust/cms/user/amoroso/powheg/POWHEG-BOX-V2/ttJ_MiNNLOPS_v1.0_beta1/decay-ll/pwgevents-0656.lhe
less then 10000 events in LHE, using all LHE events
np.shape(P0) = (10000, 3, 9)
np.shape(nJets) = (10000, 2)
np.shape(jets_4vectors) = (10000, 20, 6)
