Configured CUDA from: /cvmfs/sft.cern.ch/lcg/releases/cuda/12.4-4899e/x86_64-el9-gcc11-opt

 *------------------------------------------------------------------------------------* 
 |                                                                                    | 
 |  *------------------------------------------------------------------------------*  | 
 |  |                                                                              |  | 
 |  |                                                                              |  | 
 |  |   PPP   Y   Y  TTTTT  H   H  III    A      Welcome to the Lund Monte Carlo!  |  | 
 |  |   P  P   Y Y     T    H   H   I    A A     This is PYTHIA version 8.309      |  | 
 |  |   PPP     Y      T    HHHHH   I   AAAAA    Last date of change: 16 Feb 2023  |  | 
 |  |   P       Y      T    H   H   I   A   A                                      |  | 
 |  |   P       Y      T    H   H  III  A   A    Now is 03 Sep 2024 at 15:25:47    |  | 
 |  |                                                                              |  | 
 |  |   Program documentation and an archive of historic versions is found on:     |  | 
 |  |                                                                              |  | 
 |  |                               https://pythia.org/                            |  | 
 |  |                                                                              |  | 
 |  |   PYTHIA is authored by a collaboration consisting of:                       |  | 
 |  |                                                                              |  | 
 |  |   Christian Bierlich, Nishita Desai, Leif Gellersen, Ilkka Helenius, Philip  |  | 
 |  |   Ilten, Leif Lonnblad, Stephen Mrenna, Stefan Prestel, Christian Preuss,    |  | 
 |  |   Torbjorn Sjostrand, Peter Skands, Marius Utheim and Rob Verheyen.          |  | 
 |  |                                                                              |  | 
 |  |   The complete list of authors, including contact information and            |  | 
 |  |   affiliations, can be found on https://pythia.org/.                         |  | 
 |  |   Problems or bugs should be reported on email at authors@pythia.org.        |  | 
 |  |                                                                              |  | 
 |  |   The main program reference is C. Bierlich et al,                           |  | 
 |  |   'A comprehensive guide to the physics and usage of Pythia 8.3',            |  | 
 |  |   SciPost Phys. Codebases 8-r8.3 (2022) [arXiv:2203.11601 [hep-ph]]          |  | 
 |  |                                                                              |  | 
 |  |   PYTHIA is released under the GNU General Public Licence version 2 or later.|  | 
 |  |   Please respect the MCnet Guidelines for Event Generator Authors and Users. |  | 
 |  |                                                                              |  | 
 |  |   Disclaimer: this program comes without any guarantees.                     |  | 
 |  |   Beware of errors and use common sense when interpreting results.           |  | 
 |  |                                                                              |  | 
 |  |   Copyright (C) 2023 Torbjorn Sjostrand                                      |  | 
 |  |                                                                              |  | 
 |  |                                                                              |  | 
 |  *------------------------------------------------------------------------------*  | 
 |                                                                                    | 
 *------------------------------------------------------------------------------------* 


 *-------  PYTHIA Process Initialization  --------------------------*
 |                                                                  |
 | We collide p+ with p+ at a CM energy of 1.300e+04 GeV            |
 |                                                                  |
 |------------------------------------------------------------------|
 |                                                    |             |
 | Subprocess                                    Code |   Estimated |
 |                                                    |    max (mb) |
 |                                                    |             |
 |------------------------------------------------------------------|
 |                                                    |             |
 | Les Houches User Process(es)                  9999 |   1.000e-09 |
 |                                                                  |
 *-------  End PYTHIA Process Initialization -----------------------*
 PYTHIA Warning in TimeShower::init: pTmin too low , raised to 0.611

 *-------  PYTHIA Multiparton Interactions Initialization  ---------* 
 |                                                                  | 
 |                   sigmaNonDiffractive =    55.51 mb              | 
 |                                                                  | 
 |    pT0 =  1.44 gives sigmaInteraction =   395.81 mb: accepted    | 
 |                                                                  | 
 *-------  End PYTHIA Multiparton Interactions Initialization  -----* 

 *-------  PYTHIA Flag + Mode + Parm + Word + FVec + MVec + PVec + WVec Settings (changes only)  ------------------* 
 |                                                                                                                 | 
 | Name                                          |                      Now |      Default         Min         Max | 
 |                                               |                          |                                      | 
 | Beams:frameType                               |                        4 |            1           1           5 | 
 | Beams:LHEF                                    | /nfs/dust/cms/user/amoroso/powheg/POWHEG-BOX-V2/ttJ_MiNNLOPS_v1.0_beta1/decay-ll/pwgevents-0911.lhe |         void | 
 | ColourReconnection:range                      |                  5.17600 |      1.80000         0.0    10.00000 | 
 | Main:timesAllowErrors                         |                      500 |           10           0             | 
 | MultipartonInteractions:alphaSorder           |                        2 |            1           0           3 | 
 | MultipartonInteractions:alphaSvalue           |                  0.11800 |      0.13000   0.0600000     0.25000 | 
 | MultipartonInteractions:bProfile              |                        2 |            3           0           4 | 
 | MultipartonInteractions:coreFraction          |                  0.63000 |      0.50000         0.0     1.00000 | 
 | MultipartonInteractions:coreRadius            |                  0.76340 |      0.40000     0.10000     1.00000 | 
 | MultipartonInteractions:ecmPow                |                0.0334400 |      0.21500         0.0     0.50000 | 
 | MultipartonInteractions:pT0Ref                |                  1.41000 |      2.28000     0.50000    10.00000 | 
 | ParticleDecays:limitTau                       |                       on |          off                         | 
 | PDF:pSet                                      |                       20 |           13                         | 
 | Random:seed                                   |                      911 |           -1               900000000 | 
 | Random:setSeed                                |                       on |          off                         | 
 | SigmaProcess:alphaSorder                      |                        2 |            1           0           3 | 
 | SigmaProcess:alphaSvalue                      |                  0.11800 |      0.13000   0.0600000     0.25000 | 
 | SigmaTotal:mode                               |                        0 |            1           0           4 | 
 | SigmaTotal:sigmaEl                            |                 21.89000 |     25.00000         0.0             | 
 | SigmaTotal:sigmaTot                           |                100.30900 |    100.00000         0.0             | 
 | SigmaTotal:zeroAXB                            |                      off |           on                         | 
 | SpaceShower:alphaSorder                       |                        2 |            1           0           3 | 
 | SpaceShower:alphaSvalue                       |                  0.11800 |      0.13650   0.0600000     0.25000 | 
 | SpaceShower:dipoleRecoil                      |                       on |          off                         | 
 | SpaceShower:pTmaxMatch                        |                        1 |            0           0           2 | 
 | TimeShower:alphaSorder                        |                        2 |            1           0           3 | 
 | TimeShower:alphaSvalue                        |                  0.11800 |      0.13650   0.0600000     0.25000 | 
 |                                                                                                                 | 
 *-------  End PYTHIA Flag + Mode + Parm + Word + FVec + MVec + PVec + WVec Settings  -----------------------------* 

 --------  PYTHIA Particle Data Table (changed only)  ------------------------------------------------------------------------------
 
      id   name            antiName         spn chg col      m0        mWidth      mMin       mMax       tau0    res dec ext vis wid
             no onMode   bRatio   meMode     products 

       6  t                tbar               2   2   1  173.00000    1.36916   86.00000    0.00000  1.44122e-13   1   1   0   1   0
              0     1   0.0000664    0       24        1 
              1     1   0.0017361    0       24        3 
              2     1   0.9981975    0       24        5 
              3     1   0.0000000    0       37        5 

 --------  End PYTHIA Particle Data Table  -----------------------------------------------------------------------------------------


 --------  LHA event information and listing  ---------------------------------------------------------------------- 

    process =   322200    weight =   1.0325e+02     scale =   6.6213e+00 (GeV) 
                        alpha_em =  -1.0000e+00    alpha_strong =   2.1864e-01

    Participating Particles 
    no        id stat     mothers     colours      p_x        p_y        p_z         e          m        tau    spin 
     1        21   -1     0     0   513   515      0.000      0.000    249.932    249.932      0.000   0.000   9.000
     2        21   -1     0     0   511   512      0.000      0.000   -530.372    530.372      0.000   0.000   9.000
     3         6    2     1     2   511     0     28.436    -68.584   -463.271    500.447    174.114   0.000   9.000
     4        -6    2     1     2     0   514     -8.483     65.418    178.482    256.352    171.781   0.000   9.000
     5        21    1     1     2   513   512    -16.015     -2.158      4.831     16.866      0.000   0.000   9.000
     6        21    1     1     2   514   515     -3.937      5.323     -0.482      6.639      0.000   0.000   9.000
     7         5    1     3     3   511     0     40.099     25.819   -245.874    250.505      4.920   0.000  -1.000
     8        24    2     3     3     0     0    -11.664    -94.403   -217.397    249.943     78.497   0.000   9.000
     9        -5    1     4     4     0   514     36.054    -33.400     46.750     68.009      4.920   0.000   1.000
    10       -24    2     4     4     0     0    -44.537     98.819    131.732    188.343     79.818   0.000   9.000
    11       -11    1     8     8     0     0    -42.740    -62.816   -162.571    179.449      0.001   0.000   1.000
    12        12    1     8     8     0     0     31.076    -31.587    -54.826     70.493      0.000   0.000  -1.000
    13        15    1    10    10     0     0    -52.437     61.668     42.676     91.525      1.777   0.000  -1.000
    14       -16    1    10    10     0     0      7.899     37.151     89.056     96.817      0.000   0.000   1.000

 --------  End LHA event information and listing  ------------------------------------------------------------------ 

 --------  PYTHIA Info Listing  ---------------------------------------- 
 
 Beam A: id =   2212, pz =  6.500e+03, e =  6.500e+03, m =  9.383e-01.
 Beam B: id =   2212, pz = -6.500e+03, e =  6.500e+03, m =  9.383e-01.

 In 1: id =   21, x =  3.845e-02, pdf =  0.000e+00 at Q2 =  4.384e+01.
 In 2: id =   21, x =  8.160e-02, pdf =  0.000e+00 at same Q2.

 Process Les Houches User Process(es) with code 9999 is 2 -> 4.
 Subprocess user process 322200 with code 322200 is 2 -> 4.
     alphaEM =  7.593e-03,  alphaS =  2.186e-01    at Q2 =  4.384e+01.

 Impact parameter b =  1.246e+00 gives enhancement factor =  2.031e-01.
 Max pT scale for MPI =  1.300e+04, ISR =  6.621e+00, FSR =  6.621e+00.
 Number of MPI =     4, ISR =     3, FSRproc =     8, FSRreson =     4.

 --------  End PYTHIA Info Listing  ------------------------------------

 --------  PYTHIA Event Listing  (hard process)  -----------------------------------------------------------------------------------
 
    no         id  name            status     mothers   daughters     colours      p_x        p_y        p_z         e          m 
     0         90  (system)           -11     0     0     0     0     0     0      0.000      0.000      0.000  13000.000  13000.000
     1       2212  (p+)               -12     0     0     3     0     0     0      0.000      0.000   6500.000   6500.000      0.938
     2       2212  (p+)               -12     0     0     4     0     0     0      0.000      0.000  -6500.000   6500.000      0.938
     3         21  (g)                -21     1     0     5     8   513   515      0.000      0.000    249.932    249.932      0.000
     4         21  (g)                -21     2     0     5     8   511   512      0.000      0.000   -530.372    530.372      0.000
     5          6  (t)                -22     3     4     9    10   511     0     28.436    -68.584   -463.271    500.447    174.114
     6         -6  (tbar)             -22     3     4    11    12     0   514     -8.483     65.418    178.482    256.352    171.781
     7         21  g                   23     3     4     0     0   513   512    -16.015     -2.158      4.831     16.866      0.000
     8         21  g                   23     3     4     0     0   514   515     -3.937      5.323     -0.482      6.639      0.000
     9          5  b                   23     5     0     0     0   511     0     40.099     25.819   -245.874    250.505      4.920
    10         24  (W+)               -22     5     0    13    14     0     0    -11.664    -94.403   -217.397    249.943     78.497
    11         -5  bbar                23     6     0     0     0     0   514     36.054    -33.400     46.750     68.009      4.920
    12        -24  (W-)               -22     6     0    15    16     0     0    -44.537     98.819    131.732    188.343     79.818
    13        -11  e+                  23    10     0     0     0     0     0    -42.740    -62.816   -162.571    179.449      0.001
    14         12  nu_e                23    10     0     0     0     0     0     31.076    -31.587    -54.826     70.493      0.000
    15         15  tau-                23    12     0     0     0     0     0    -52.437     61.668     42.676     91.525      1.777
    16        -16  nu_taubar           23    12     0     0     0     0     0      7.899     37.151     89.056     96.817      0.000
                                   Charge sum:  0.000           Momentum sum:      0.000      0.000   -280.440    780.304    728.168

 --------  End PYTHIA Event Listing  -----------------------------------------------------------------------------------------------

 --------  PYTHIA Event Listing  (complete event)  ---------------------------------------------------------------------------------
 
    no         id  name            status     mothers   daughters     colours      p_x        p_y        p_z         e          m 
     0         90  (system)           -11     0     0     0     0     0     0      0.000      0.000      0.000  13000.000  13000.000
     1       2212  (p+)               -12     0     0    71     0     0     0      0.000      0.000   6500.000   6500.000      0.938
     2       2212  (p+)               -12     0     0    72     0     0     0      0.000      0.000  -6500.000   6500.000      0.938
     3         21  (g)                -21     9     0     5     8   513   515      0.000      0.000    249.932    249.932      0.000
     4         21  (g)                -21    10    10     5     8   511   512      0.000      0.000   -530.372    530.372      0.000
     5          6  (t)                -22     3     4    11    11   511     0     28.436    -68.584   -463.271    500.447    174.114
     6         -6  (tbar)             -22     3     4    12    12     0   514     -8.483     65.418    178.482    256.352    171.781
     7         21  (g)                -23     3     4    13    13   513   512    -16.015     -2.158      4.831     16.866      0.000
     8         21  (g)                -23     3     4    14    14   514   515     -3.937      5.323     -0.482      6.639      0.000
     9         21  (g)                -41    19    19    15     3   516   515      0.000     -0.000    421.665    421.665      0.000
    10         21  (g)                -42    20     0     4     4   511   512      0.000      0.000   -530.372    530.372      0.000
    11          6  (t)                -44     5     5    21    21   511     0     28.436    -68.584   -463.271    500.447    174.114
    12         -6  (tbar)             -44     6     6    22    22     0   514     -8.483     65.418    178.482    256.352    171.781
    13         21  (g)                -44     7     7    18    18   513   512    -16.015     -2.158      4.831     16.866      0.000
    14         21  (g)                -44     8     8    24    24   514   515     -9.270      8.784      8.156     15.153      0.000
    15         21  (g)                -43     9     0    16    17   516   513      5.333     -3.461    163.095    163.218      0.000
    16         21  (g)                -51    15     0    25    25   516   517      3.459     -7.925    138.862    139.131      0.000
    17         21  (g)                -51    15     0    26    26   517   513      1.133      4.364     24.456     24.868      0.000
    18         21  (g)                -52    13    13    23    23   513   512    -15.273     -2.058      4.607     16.085      0.000
    19         21  (g)                -42    36    36     9     9   516   515      0.000     -0.000    421.665    421.665      0.000
    20         21  (g)                -41    37     0    27    10   511   518     -0.000      0.000   -617.838    617.838      0.000
    21          6  (t)                -44    11    11    38    38   511     0     27.486    -65.240   -457.399    494.511    174.114
    22         -6  (tbar)             -44    12    12    39    39     0   514     -8.483     65.418    178.482    256.352    171.781
    23         21  (g)                -44    18    18    40    40   513   512    -15.273     -2.058      4.607     16.085      0.000
    24         21  (g)                -44    14    14    41    41   514   515     -9.270      8.784      8.156     15.153      0.000
    25         21  (g)                -44    16    16    42    42   516   517      3.459     -7.925    138.862    139.131      0.000
    26         21  (g)                -44    17    17    43    43   517   513      1.133      4.364     24.456     24.868      0.000
    27         21  (g)                -43    20     0    44    44   512   518      0.950     -3.344    -93.337     93.402      0.000
    28         21  (g)                -31    88    88    30    31   520   519      0.000      0.000    156.197    156.197      0.000
    29          1  (d)                -31    89    89    30    31   519     0      0.000      0.000     -0.277      0.277      0.000
    30         21  (g)                -33    28    29    90    90   520   521      0.205     -1.362    154.365    154.372      0.000
    31          1  (d)                -33    28    29    91    91   521     0     -0.205      1.362      1.555      2.103      0.330
    32         21  (g)                -31    92    92    34    35   523   522      0.000      0.000     13.496     13.496      0.000
    33         21  (g)                -31    93    93    34    35   525   524      0.000      0.000     -5.030      5.030      0.000
    34         21  (g)                -33    32    33    94    94   525   522     -0.490     -1.278     -4.902      5.089      0.000
    35         21  (g)                -33    32    33    95    95   523   524      0.490      1.278     13.367     13.437      0.000
    36         21  (g)                -42    71    71    19    19   516   515      0.000     -0.000    421.665    421.665      0.000
    37         21  (g)                -41    72    72    45    20   511   526      0.000     -0.000  -1303.411   1303.411      0.000
    38          6  (t)                -44    21    21    73    73   511     0     28.555    -65.752   -459.123    496.234    174.114
    39         -6  (tbar)             -44    22    22    74    74     0   514     -8.483     65.418    178.482    256.352    171.781
    40         21  (g)                -44    23    23    48    48   513   512    -15.273     -2.058      4.607     16.085      0.000
    41         21  (g)                -44    24    24    76    76   514   515     -9.270      8.784      8.156     15.153      0.000
    42         21  (g)                -44    25    25    51    51   516   517      3.459     -7.925    138.862    139.131      0.000
    43         21  (g)                -44    26    26    46    47   517   513      1.133      4.364     24.456     24.868      0.000
    44         21  (g)                -44    27    27    55    56   512   518      0.950     -3.344    -93.337     93.402      0.000
    45         21  (g)                -43    37     0    57    57   518   526     -1.069      0.512   -683.850    683.851      0.000
    46         21  (g)                -51    43     0    49    50   517   527      1.347      4.894     22.458     23.024      0.000
    47         21  (g)                -51    43     0    81    81   527   513     -0.650     -0.588      2.130      2.303      0.000
    48         21  (g)                -52    40    40    58    59   513   512    -14.837     -1.999      4.476     15.626      0.000
    49         21  (g)                -51    46     0    78    78   528   527     -0.629      0.647      3.003      3.135      0.000
    50         21  (g)                -51    46     0    54    54   517   528      2.067      4.038     23.114     23.555      0.000
    51         21  (g)                -52    42    42    52    53   516   517      3.367     -7.716    135.203    135.464      0.000
    52         21  (g)                -51    51     0    77    77   516   529      3.166     -6.592    102.592    102.852      0.000
    53         21  (g)                -51    51     0    83    83   529   517      0.269     -0.993     33.360     33.376      0.000
    54         21  (g)                -52    50    50    82    82   517   528      2.000      3.907     22.365     22.791      0.000
    55         21  (g)                -51    44     0    60    60   512   531      0.422     -2.230    -45.265     45.322      0.000
    56         21  (g)                -51    44     0    64    65   531   518      0.465     -1.084    -88.070     88.078      0.000
    57         21  (g)                -52    45    45    80    80   518   526     -1.006      0.482   -643.852    643.853      0.000
    58         21  (g)                -51    48     0    75    75   513   532    -14.661     -2.318      3.751     15.310      0.000
    59         21  (g)                -51    48     0    63    63   532   512     -0.174      0.305      0.462      0.581      0.000
    60         21  (g)                -52    55    55    61    62   512   531      0.420     -2.217    -45.002     45.058      0.000
    61         21  (g)                -51    60     0    66    66   534   531      0.758     -0.870    -14.000     14.048      0.000
    62         21  (g)                -51    60     0    86    86   512   534     -0.342     -1.340    -30.992     31.023      0.000
    63         21  (g)                -52    59    59    85    85   532   512     -0.170      0.299      0.452      0.568      0.000
    64         21  (g)                -51    56     0    84    84   535   518      0.982     -1.036    -83.203     83.215      0.000
    65         21  (g)                -51    56     0    87    87   531   535     -0.290     -0.309     -9.068      9.078      0.000
    66         21  (g)                -52    61    61    79    79   534   531      0.530     -0.609     -9.799      9.832      0.000
    67          1  (d)                -31    96    96    69    70   536     0      0.000      0.000      0.023      0.023      0.000
    68         21  (g)                -31    97    97    69    70   537   536      0.000      0.000    -73.903     73.903      0.000
    69          1  (d)                -33    67    68    98    98   538     0     -0.615      0.001     -5.591      5.635      0.330
    70         21  (g)                -33    67    68    99    99   537   538      0.615     -0.001    -68.288     68.291      0.000
    71         21  (g)                -61     1     0    36    36   516   515      2.636      1.758    421.660    421.672      0.000
    72         21  (g)                -61     2     0    37    37   511   526      0.040     -0.250  -1303.408   1303.408      0.000
    73          6  (t)                -62    38    38   106   107   511     0     28.686    -65.766   -459.067    496.192    174.114
    74         -6  (tbar)             -62    39    39   108   109     0   514     -7.123     66.317    178.363    256.459    171.781
    75         21  (g)                -62    58    58   175   175   513   532    -14.601     -2.279      3.801     15.259      0.000
    76         21  (g)                -62    41    41   136   136   514   515     -9.197      8.832      8.166     15.142      0.000
    77         21  (g)                -62    52    52   182   182   516   529      3.808     -6.164    102.595    102.851      0.000
    78         21  (g)                -62    49    49   177   177   528   527     -0.610      0.660      3.003      3.135      0.000
    79         21  (g)                -62    66    66   171   171   534   531      0.531     -0.611     -9.799      9.833      0.000
    80         21  (g)                -62    57    57   168   168   518   526     -0.987      0.358   -643.849    643.849      0.000
    81         21  (g)                -62    47    47   176   176   527   513     -0.636     -0.579      2.133      2.300      0.000
    82         21  (g)                -62    54    54   179   179   517   523      2.141      4.001     22.350     22.805      0.000
    83         21  (g)                -62    53    53   181   181   529   520      0.477     -0.854     33.361     33.376      0.000
    84         21  (g)                -62    64    64   126     0   535   537      0.985     -1.052    -83.203     83.216      0.000
    85         21  (g)                -62    63    63   174   174   532   525     -0.167      0.301      0.452      0.568      0.000
    86         21  (g)                -62    62    62   172   172   512   534     -0.341     -1.346    -30.988     31.019      0.000
    87         21  (g)                -62    65    65   170   170   531   535     -0.290     -0.310     -9.066      9.076      0.000
    88         21  (g)                -61     1     0    28    28   515   519     -0.305     -1.777    154.829    154.839      0.000
    89          1  (d)                -61     2     0    29    29   519     0      0.097      1.273      1.225      1.769      0.000
    90         21  (g)                -62    30    30   180   180   520   517     -0.090     -3.069    149.917    149.948      0.000
    91          1  (d)                -62    31    31   135   135   515     0     -0.118      2.565      6.136      6.660      0.330
    92         21  (g)                -61     1     0    32    32   524   524     -0.195      2.133     13.567     13.735      0.000
    93         21  (g)                -61     2     0    33    33   522   522     -0.490      0.452     -4.990      5.034      0.000
    94         21  (g)                -62    34    34   173   173   525   512     -0.974     -0.821     -4.798      4.964      0.000
    95         21  (g)                -62    35    35   178   178   523   528      0.289      3.406     13.375     13.805      0.000
    96          1  (d)                -61     1     0    67    67   519     0     -0.319     -0.457     -3.225      3.273      0.000
    97         21  (g)                -61     2     0    68    68   526   519      0.007     -0.447    -75.456     75.458      0.000
    98          1  (d)                -62    69    69   167   167   526     0     -0.914     -0.489    -13.096     13.141      0.330
    99         21  (g)                -62    70    70   126     0   537   518      0.602     -0.416    -65.585     65.589      0.000
   100       2101  (ud_0)             -63     1     0   183   183     0   516     -0.650     -0.266   5868.308   5868.308      0.579
   101          2  (u)                -63     1     0   129   130   540     0     -0.431     -1.073      8.738      8.821      0.330
   102         -1  (dbar)             -63     1     0   129   130     0   540     -0.736     -0.318     31.211     31.223      0.330
   103       2203  (uu_1)             -63     2     0   154   154     0   511      0.549     -0.417  -4530.402   4530.402      0.771
   104          1  (d)                -63     2     0   127   128   543     0      0.300     -0.612   -499.415    499.415      0.330
   105         -1  (dbar)             -63     2     0   127   128     0   543     -0.502      0.001    -82.642     82.644      0.330
   106          5  (b)                -23    73     0   153   153   511     0     40.225     27.231   -243.769    248.610      4.920
   107         24  (W+)               -22    73     0   122   123     0     0    -11.539    -92.996   -215.299    247.582     78.497
   108         -5  (bbar)             -23    74     0   110   111     0   514     36.415    -33.162     46.718     68.063      4.920
   109        -24  (W-)               -22    74     0   112   112     0     0    -43.538     99.479    131.645    188.396     79.818
   110         -5  (bbar)             -51   108     0   115   115     0   549      9.181    -19.222     10.600     24.297      4.920
   111         21  (g)                -51   108     0   113   114   549   514     25.522    -10.779     38.946     47.795      0.000
   112        -24  (W-)               -52   109   109   124   125     0     0    -41.826     96.317    128.817    184.367     79.818
   113         21  (g)                -51   111     0   118   118   550   514      4.638      0.300      6.250      7.789      0.000
   114         21  (g)                -51   111     0   116   117   549   550     21.325    -12.217     33.157     41.272      0.000
   115         -5  (bbar)             -52   110   110   121   121     0   549      8.740    -18.084     10.139     23.031      4.920
   116          1  (d)                -51   114     0   119   120   549     0      8.097     -4.149     11.210     14.441      0.330
   117         -1  (dbar)             -51   114     0   138   138     0   550     13.578     -8.046     22.420     27.420      0.330
   118         21  (g)                -52   113   113   137   137   550   514      4.287      0.278      5.777      7.199      0.000
   119          1  (d)                -51   116     0   131   134   553     0      1.487     -0.917      3.066      3.544      0.330
   120         21  (g)                -51   116     0   131   134   549   553      6.710     -3.507      8.249     11.197      0.000
   121         -5  (bbar)             -52   115   115   131   134     0   549      8.641    -17.809     10.034     22.731      4.920
   122        -11  e+                  23   107     0     0     0     0     0    -42.650    -61.806   -161.065    177.710      0.001
   123         12  nu_e                23   107     0     0     0     0     0     31.111    -31.190    -54.234     69.871      0.000
   124         15  (tau-)             -23   112     0   301   303     0     0    -51.121     60.454     41.262     89.296      1.777
   125        -16  nu_taubar           23   112     0     0     0     0     0      9.295     35.863     87.555     95.071      0.000
   126         21  (g)                -73    84    99   169   169   535   518      1.587     -1.468   -148.788    148.805      0.505
   127       -211  pi-                 83   104   105     0     0     0     0      0.498     -0.464   -463.126    463.127      0.140
   128        211  pi+                 84   104   105     0     0     0     0     -0.700     -0.147   -118.930    118.932      0.140
   129        111  (pi0)              -83   101   102   304   305     0     0     -0.262     -1.076      8.758      8.829      0.135
   130        213  (rho+)             -84   101   102   242   243     0     0     -0.905     -0.314     31.191     31.215      0.744
   131        223  (omega)            -83   119   121   306   308     0     0      4.430     -2.178      5.704      7.583      0.777
   132        111  (pi0)              -83   119   121   309   310     0     0      2.617     -1.325      4.337      5.238      0.135
   133        111  (pi0)              -84   119   121   311   312     0     0      0.972     -1.748      1.473      2.487      0.135
   134        513  (B*0)              -84   119   121   313   314     0     0      8.818    -16.982      9.835     22.164      5.325
   135          1  (d)                -71    91    91   139   152   515     0     -0.118      2.565      6.136      6.660      0.330
   136         21  (g)                -71    76    76   139   152   514   515     -9.197      8.832      8.166     15.142      0.000
   137         21  (g)                -71   118   118   139   152   550   514      4.287      0.278      5.777      7.199      0.000
   138         -1  (dbar)             -71   117   117   139   152     0   550     13.578     -8.046     22.420     27.420      0.330
   139       -213  (rho-)             -83   135   138   244   245     0     0     -0.262      1.642      3.191      3.723      0.958
   140        211  pi+                 83   135   138     0     0     0     0     -1.271      0.864      1.450      2.117      0.140
   141       -211  pi-                 83   135   138     0     0     0     0     -0.427      0.503      0.824      1.065      0.140
   142       2212  p+                  83   135   138     0     0     0     0     -0.501      1.469      1.151      2.148      0.938
   143      -2212  pbar-               83   135   138     0     0     0     0     -1.379      2.056      2.684      3.770      0.938
   144        213  (rho+)             -83   135   138   246   247     0     0     -0.884      0.776      1.046      1.790      0.853
   145        111  (pi0)              -84   135   138   315   316     0     0     -0.310      0.558      0.473      0.806      0.135
   146       2212  p+                  84   135   138     0     0     0     0     -3.392      2.701      2.933      5.318      0.938
   147       -213  (rho-)             -84   135   138   248   249     0     0     -0.363      0.256      0.752      1.228      0.864
   148      -2212  pbar-               84   135   138     0     0     0     0      1.522      0.646      1.939      2.716      0.938
   149        211  pi+                 84   135   138     0     0     0     0      2.346     -0.286      3.796      4.473      0.140
   150        113  (rho0)             -84   135   138   250   251     0     0      1.858     -0.897      3.320      3.975      0.723
   151       2112  n0                  84   135   138     0     0     0     0      4.029     -2.807      7.014      8.614      0.940
   152      -2112  nbar0               84   135   138     0     0     0     0      7.585     -3.849     11.924     14.677      0.940
   153          5  (b)                -71   106   106   155   166   511     0     40.225     27.231   -243.769    248.610      4.920
   154       2203  (uu_1)             -71   103   103   155   166     0   511      0.549     -0.417  -4530.402   4530.402      0.771
   155       -513  (B*bar0)           -83   153   154   317   318     0     0     28.661     19.343   -175.083    178.544      5.325
   156        221  (eta)              -83   153   154   319   321     0     0      1.304      0.928     -9.986     10.128      0.548
   157        111  (pi0)              -83   153   154   322   323     0     0      6.142      3.977    -33.705     34.491      0.135
   158        311  (K0)               -83   153   154   252   252     0     0      0.863      1.020     -9.058      9.170      0.498
   159       -321  K-                  83   153   154     0     0     0     0      0.783      0.413     -7.238      7.309      0.494
   160       3222  (Sigma+)           -83   153   154   324   325     0     0      2.195      1.357    -19.636     19.840      1.189
   161      -3212  (Sigmabar0)        -83   153   154   326   327     0     0     -0.003      0.220    -14.534     14.585      1.193
   162        111  (pi0)              -83   153   154   328   329     0     0      0.055      0.048     -5.072      5.074      0.135
   163       -211  pi-                 84   153   154     0     0     0     0      0.381     -0.169   -144.040    144.040      0.140
   164        211  pi+                 84   153   154     0     0     0     0     -0.058      0.433     -9.111      9.123      0.140
   165       2114  (Delta0)           -84   153   154   253   254     0     0      0.080     -0.421  -1159.641   1159.642      1.328
   166        211  pi+                 84   153   154     0     0     0     0      0.372     -0.336  -3187.066   3187.066      0.140
   167          1  (d)                -71    98    98   184   241   526     0     -0.914     -0.489    -13.096     13.141      0.330
   168         21  (g)                -71    80    80   184   241   518   526     -0.987      0.358   -643.849    643.849      0.000
   169         21  (g)                -71   126   126   184   241   535   518      1.587     -1.468   -148.788    148.805      0.505
   170         21  (g)                -71    87    87   184   241   531   535     -0.290     -0.310     -9.066      9.076      0.000
   171         21  (g)                -71    79    79   184   241   534   531      0.531     -0.611     -9.799      9.833      0.000
   172         21  (g)                -71    86    86   184   241   512   534     -0.341     -1.346    -30.988     31.019      0.000
   173         21  (g)                -71    94    94   184   241   525   512     -0.974     -0.821     -4.798      4.964      0.000
   174         21  (g)                -71    85    85   184   241   532   525     -0.167      0.301      0.452      0.568      0.000
   175         21  (g)                -71    75    75   184   241   513   532    -14.601     -2.279      3.801     15.259      0.000
   176         21  (g)                -71    81    81   184   241   527   513     -0.636     -0.579      2.133      2.300      0.000
   177         21  (g)                -71    78    78   184   241   528   527     -0.610      0.660      3.003      3.135      0.000
   178         21  (g)                -71    95    95   184   241   523   528      0.289      3.406     13.375     13.805      0.000
   179         21  (g)                -71    82    82   184   241   517   523      2.141      4.001     22.350     22.805      0.000
   180         21  (g)                -71    90    90   184   241   520   517     -0.090     -3.069    149.917    149.948      0.000
   181         21  (g)                -71    83    83   184   241   529   520      0.477     -0.854     33.361     33.376      0.000
   182         21  (g)                -71    77    77   184   241   516   529      3.808     -6.164    102.595    102.851      0.000
   183       2101  (ud_0)             -71   100   100   184   241     0   516     -0.650     -0.266   5868.308   5868.308      0.579
   184       1114  (Delta-)           -83   167   183   255   256     0     0     -0.120     -0.337    -36.151     36.178      1.339
   185        213  (rho+)             -83   167   183   257   258     0     0     -0.854     -0.121    -56.687     56.699      0.850
   186      -2212  pbar-               83   167   183     0     0     0     0     -0.259     -0.004   -150.419    150.422      0.938
   187        331  (eta')             -83   167   183   330   332     0     0     -0.069      0.193   -112.402    112.406      0.958
   188        211  pi+                 83   167   183     0     0     0     0     -0.143      0.104   -139.347    139.347      0.140
   189       -213  (rho-)             -83   167   183   259   260     0     0      0.652     -0.010   -103.091    103.095      0.713
   190        213  (rho+)             -83   167   183   261   262     0     0     -1.006     -0.858   -100.332    100.346      0.989
   191       -213  (rho-)             -83   167   183   263   264     0     0      1.687     -0.750    -84.974     84.998      0.796
   192        323  (K*+)              -83   167   183   265   266     0     0     -0.302     -1.134    -44.001     44.028      0.963
   193       -321  K-                  83   167   183     0     0     0     0     -0.226      0.043     -6.979      7.001      0.494
   194        211  pi+                 83   167   183     0     0     0     0      0.240     -0.490     -5.726      5.753      0.140
   195        311  (K0)               -83   167   183   267   267     0     0     -0.835     -0.410     -8.688      8.752      0.498
   196       -321  K-                  83   167   183     0     0     0     0      0.429     -0.864     -7.250      7.330      0.494
   197        211  pi+                 83   167   183     0     0     0     0     -0.188      0.865     -0.864      1.245      0.140
   198       -211  pi-                 83   167   183     0     0     0     0      0.029     -0.308     -0.369      0.502      0.140
   199        211  pi+                 83   167   183     0     0     0     0     -0.380      0.288     -0.514      0.715      0.140
   200       -211  pi-                 83   167   183     0     0     0     0     -0.132     -0.309     -0.251      0.442      0.140
   201        111  (pi0)              -83   167   183   333   334     0     0     -0.165     -0.160     -0.342      0.434      0.135
   202        321  K+                  83   167   183     0     0     0     0     -0.243     -0.176     -0.048      0.580      0.494
   203       -321  K-                  83   167   183     0     0     0     0     -0.675      0.071     -0.174      0.857      0.494
   204        213  (rho+)             -83   167   183   268   269     0     0     -0.265     -0.524     -0.760      1.395      1.012
   205       -213  (rho-)             -83   167   183   270   271     0     0     -5.167     -0.752      0.953      5.373      0.839
   206       2224  (Delta++)          -83   167   183   272   273     0     0     -3.147     -0.566      1.113      3.603      1.232
   207      -2224  (Deltabar--)       -83   167   183   274   275     0     0     -3.375     -0.423      1.835      4.083      1.317
   208        211  pi+                 83   167   183     0     0     0     0     -0.103     -0.019     -0.037      0.178      0.140
   209       -211  pi-                 83   167   183     0     0     0     0     -0.034      0.020     -0.012      0.145      0.140
   210        213  (rho+)             -83   167   183   276   277     0     0     -1.282     -0.454      1.327      2.101      0.896
   211       -213  (rho-)             -83   167   183   278   279     0     0      0.055      0.576      2.029      2.326      0.980
   212       2224  (Delta++)          -83   167   183   280   281     0     0     -0.772      0.924      3.652      4.053      1.278
   213      -2224  (Deltabar--)       -83   167   183   282   283     0     0      0.387      1.355      6.132      6.393      1.133
   214        213  (rho+)             -83   167   183   284   285     0     0      0.327      0.606      6.012      6.115      0.879
   215       -211  pi-                 83   167   183     0     0     0     0      0.199      0.422      1.628      1.699      0.140
   216        221  (eta)              -83   167   183   335   337     0     0     -0.226      0.474      3.204      3.293      0.548
   217        111  (pi0)              -83   167   183   338   339     0     0     -0.004      0.513      3.477      3.518      0.135
   218        211  pi+                 83   167   183     0     0     0     0     -0.100     -0.034      1.555      1.565      0.140
   219        113  (rho0)             -83   167   183   286   287     0     0     -0.008      0.618      5.926      6.004      0.740
   220        313  (K*0)              -83   167   183   288   289     0     0      1.188      1.680     10.284     10.523      0.865
   221       -311  (Kbar0)            -84   167   183   290   290     0     0     -0.032     -0.069     13.335     13.345      0.498
   222       -211  pi-                 84   167   183     0     0     0     0     -0.252      0.018      1.824      1.847      0.140
   223        211  pi+                 84   167   183     0     0     0     0      0.096      0.119      7.867      7.869      0.140
   224        113  (rho0)             -84   167   183   291   292     0     0     -0.028     -0.600     33.040     33.056      0.827
   225       -211  pi-                 84   167   183     0     0     0     0      0.177     -0.639     16.213     16.227      0.140
   226        211  pi+                 84   167   183     0     0     0     0      0.216     -0.347     21.488     21.492      0.140
   227        111  (pi0)              -84   167   183   340   341     0     0     -0.019      0.017      5.421      5.422      0.135
   228        111  (pi0)              -84   167   183   342   343     0     0     -0.248     -0.158     24.360     24.362      0.135
   229        111  (pi0)              -84   167   183   344   345     0     0      0.360     -0.989     24.468     24.491      0.135
   230        223  (omega)            -84   167   183   346   348     0     0      1.570     -2.797     57.431     57.526      0.778
   231       -213  (rho-)             -84   167   183   293   294     0     0      0.168     -0.687     19.622     19.650      0.753
   232        331  (eta')             -84   167   183   349   351     0     0      0.599     -0.614     24.277     24.311      0.958
   233        323  (K*+)              -84   167   183   295   296     0     0      1.287     -2.876     59.112     59.203      0.893
   234       -321  K-                  84   167   183     0     0     0     0      0.034      0.358    470.928    470.928      0.494
   235        113  (rho0)             -84   167   183   297   298     0     0      0.252      0.454    259.359    259.360      0.789
   236        211  pi+                 84   167   183     0     0     0     0      0.016     -0.365    144.571    144.571      0.140
   237        111  (pi0)              -84   167   183   352   353     0     0     -0.005     -0.186    104.743    104.744      0.135
   238        223  (omega)            -84   167   183   354   356     0     0     -0.441      0.012    972.012    972.012      0.782
   239        111  (pi0)              -84   167   183   357   358     0     0     -0.249     -0.274    909.378    909.378      0.135
   240        223  (omega)            -84   167   183   359   361     0     0      0.212      0.411   1372.604   1372.604      0.772
   241       2112  n0                  84   167   183     0     0     0     0     -0.255     -0.364   1607.145   1607.146      0.940
   242        211  pi+                 91   130     0     0     0     0     0     -0.112      0.064     13.423     13.424      0.140
   243        111  (pi0)              -91   130     0   362   363     0     0     -0.793     -0.378     17.769     17.791      0.135
   244       -211  pi-                 91   139     0     0     0     0     0     -0.073      1.222      2.928      3.177      0.140
   245        111  (pi0)              -91   139     0   364   365     0     0     -0.189      0.419      0.263      0.547      0.135
   246        211  pi+                 91   144     0     0     0     0     0     -0.863      0.332      0.913      1.307      0.140
   247        111  (pi0)              -91   144     0   366   367     0     0     -0.021      0.444      0.133      0.483      0.135
   248       -211  pi-                 91   147     0     0     0     0     0     -0.564      0.021      0.658      0.878      0.140
   249        111  (pi0)              -91   147     0   368   369     0     0      0.201      0.234      0.094      0.350      0.135
   250        211  pi+                 91   150     0     0     0     0     0      1.580     -0.599      2.217      2.791      0.140
   251       -211  pi-                 91   150     0     0     0     0     0      0.278     -0.298      1.103      1.185      0.140
   252        130  K_L0                91   158   158     0     0     0     0      0.863      1.020     -9.058      9.170      0.498
   253       2112  n0                  91   165     0     0     0     0     0      0.207     -0.035   -758.204    758.204      0.940
   254        111  (pi0)              -91   165     0   370   371     0     0     -0.127     -0.386   -401.437    401.437      0.135
   255       2112  n0                  91   184     0     0     0     0     0     -0.038     -0.178    -18.216     18.242      0.940
   256       -211  pi-                 91   184     0     0     0     0     0     -0.082     -0.160    -17.935     17.936      0.140
   257        211  pi+                 91   185     0     0     0     0     0     -0.156     -0.182    -35.213     35.214      0.140
   258        111  (pi0)              -91   185     0   372   373     0     0     -0.698      0.060    -21.474     21.486      0.135
   259       -211  pi-                 91   189     0     0     0     0     0      0.723      0.093    -92.011     92.014      0.140
   260        111  (pi0)              -91   189     0   374   375     0     0     -0.071     -0.104    -11.080     11.081      0.135
   261        211  pi+                 91   190     0     0     0     0     0     -0.232     -0.565    -21.492     21.502      0.140
   262        111  (pi0)              -91   190     0   376   377     0     0     -0.773     -0.293    -78.840     78.844      0.135
   263       -211  pi-                 91   191     0     0     0     0     0      1.485     -0.386    -71.803     71.820      0.140
   264        111  (pi0)              -91   191     0   378   379     0     0      0.202     -0.364    -13.171     13.178      0.135
   265        311  (K0)               -91   192     0   299   299     0     0     -0.309     -0.937    -41.461     41.476      0.498
   266        211  pi+                 91   192     0     0     0     0     0      0.007     -0.197     -2.540      2.551      0.140
   267        130  K_L0                91   195   195     0     0     0     0     -0.835     -0.410     -8.688      8.752      0.498
   268        211  pi+                 91   204     0     0     0     0     0     -0.018     -0.716     -0.762      1.055      0.140
   269        111  (pi0)              -91   204     0   380   381     0     0     -0.247      0.192      0.001      0.341      0.135
   270       -211  pi-                 91   205     0     0     0     0     0     -1.003      0.009      0.452      1.109      0.140
   271        111  (pi0)              -91   205     0   382   383     0     0     -4.164     -0.761      0.501      4.264      0.135
   272       2212  p+                  91   206     0     0     0     0     0     -2.353     -0.259      0.987      2.731      0.938
   273        211  pi+                 91   206     0     0     0     0     0     -0.794     -0.307      0.126      0.872      0.140
   274      -2212  pbar-               91   207     0     0     0     0     0     -3.113     -0.594      1.669      3.702      0.938
   275       -211  pi-                 91   207     0     0     0     0     0     -0.262      0.170      0.166      0.380      0.140
   276        211  pi+                 91   210     0     0     0     0     0     -0.830     -0.123      1.260      1.521      0.140
   277        111  (pi0)              -91   210     0   384   385     0     0     -0.452     -0.331      0.067      0.580      0.135
   278       -211  pi-                 91   211     0     0     0     0     0      0.124     -0.219      0.843      0.891      0.140
   279        111  (pi0)              -91   211     0   386   387     0     0     -0.069      0.795      1.186      1.436      0.135
   280       2212  p+                  91   212     0     0     0     0     0     -0.768      0.917      3.592      3.900      0.938
   281        211  pi+                 91   212     0     0     0     0     0     -0.004      0.008      0.060      0.152      0.140
   282      -2212  pbar-               91   213     0     0     0     0     0      0.255      1.252      5.219      5.454      0.938
   283       -211  pi-                 91   213     0     0     0     0     0      0.132      0.104      0.913      0.939      0.140
   284        211  pi+                 91   214     0     0     0     0     0     -0.036     -0.156      0.617      0.652      0.140
   285        111  (pi0)              -91   214     0   388   389     0     0      0.363      0.762      5.396      5.463      0.135
   286        211  pi+                 91   219     0     0     0     0     0      0.192     -0.027      2.345      2.357      0.140
   287       -211  pi-                 91   219     0     0     0     0     0     -0.200      0.645      3.582      3.648      0.140
   288        321  K+                  91   220     0     0     0     0     0      1.205      1.539      9.672      9.880      0.494
   289       -211  pi-                 91   220     0     0     0     0     0     -0.017      0.141      0.612      0.644      0.140
   290        130  K_L0                91   221   221     0     0     0     0     -0.032     -0.069     13.335     13.345      0.498
   291        211  pi+                 91   224     0     0     0     0     0      0.019     -0.205     26.993     26.994      0.140
   292       -211  pi-                 91   224     0     0     0     0     0     -0.048     -0.395      6.047      6.062      0.140
   293       -211  pi-                 91   231     0     0     0     0     0     -0.275     -0.294      8.245      8.256      0.140
   294        111  (pi0)              -91   231     0   390   391     0     0      0.442     -0.393     11.377     11.393      0.135
   295        311  (K0)               -91   233     0   300   300     0     0      1.141     -2.139     41.099     41.173      0.498
   296        211  pi+                 91   233     0     0     0     0     0      0.146     -0.737     18.013     18.029      0.140
   297        211  pi+                 91   235     0     0     0     0     0      0.447      0.148    189.773    189.773      0.140
   298       -211  pi-                 91   235     0     0     0     0     0     -0.195      0.306     69.586     69.587      0.140
   299        310  (K_S0)             -91   265   265   392   393     0     0     -0.309     -0.937    -41.461     41.476      0.498
   300        130  K_L0                91   295   295     0     0     0     0      1.141     -2.139     41.099     41.173      0.498
   301         16  nu_tau              91   124     0     0     0     0     0     -9.216     11.615      7.271     16.514      0.000
   302        111  (pi0)              -91   124     0   394   395     0     0    -25.906     30.499     21.433     45.395      0.135
   303       -211  pi-                 91   124     0     0     0     0     0    -15.999     18.340     12.558     27.387      0.140
   304         22  gamma               91   129     0     0     0     0     0     -0.036     -0.132      0.778      0.790      0.000
   305         22  gamma               91   129     0     0     0     0     0     -0.226     -0.944      7.981      8.039      0.000
   306        211  pi+                 91   131     0     0     0     0     0      0.852     -0.509      1.210      1.571      0.140
   307       -211  pi-                 91   131     0     0     0     0     0      0.290     -0.054      0.320      0.457      0.140
   308        111  (pi0)              -91   131     0   396   397     0     0      3.288     -1.615      4.175      5.555      0.135
   309         22  gamma               91   132     0     0     0     0     0      2.532     -1.253      4.182      5.047      0.000
   310         22  gamma               91   132     0     0     0     0     0      0.086     -0.071      0.155      0.191      0.000
   311         22  gamma               91   133     0     0     0     0     0      0.572     -1.112      0.983      1.590      0.000
   312         22  gamma               91   133     0     0     0     0     0      0.400     -0.636      0.490      0.897      0.000
   313        511  (B0)               -91   134     0   398   400     0     0      8.753    -16.764      9.723     21.910      5.280
   314         22  gamma               91   134     0     0     0     0     0      0.065     -0.218      0.113      0.254      0.000
   315         22  gamma               91   145     0     0     0     0     0     -0.053      0.195      0.197      0.283      0.000
   316         22  gamma               91   145     0     0     0     0     0     -0.258      0.362      0.276      0.523      0.000
   317       -511  (Bbar0)            -91   155     0   401   403     0     0     28.184     19.040   -172.196    175.602      5.280
   318         22  gamma               91   155     0     0     0     0     0      0.477      0.303     -2.887      2.942      0.000
   319        211  pi+                 91   156     0     0     0     0     0      0.472      0.312     -4.283      4.322      0.140
   320       -211  pi-                 91   156     0     0     0     0     0      0.454      0.354     -3.642      3.690      0.140
   321        111  (pi0)              -91   156     0   404   405     0     0      0.377      0.262     -2.061      2.116      0.135
   322         22  gamma               91   157     0     0     0     0     0      3.607      2.386    -19.678     20.148      0.000
   323         22  gamma               91   157     0     0     0     0     0      2.536      1.591    -14.027     14.343      0.000
   324       2112  n0                  91   160     0     0     0     0     0      1.820      1.159    -17.564     17.721      0.940
   325        211  pi+                 91   160     0     0     0     0     0      0.375      0.198     -2.072      2.119      0.140
   326      -3122  (Lambdabar0)       -91   161     0   406   407     0     0      0.067      0.205    -13.315     13.363      1.116
   327         22  gamma               91   161     0     0     0     0     0     -0.070      0.016     -1.219      1.221      0.000
   328         22  gamma               91   162     0     0     0     0     0      0.071     -0.026     -2.166      2.167      0.000
   329         22  gamma               91   162     0     0     0     0     0     -0.016      0.075     -2.906      2.907      0.000
   330        211  pi+                 91   187     0     0     0     0     0      0.097      0.057     -9.904      9.905      0.140
   331       -211  pi-                 91   187     0     0     0     0     0     -0.060     -0.024    -19.082     19.083      0.140
   332        221  (eta)              -91   187     0   408   410     0     0     -0.107      0.160    -83.416     83.418      0.548
   333         22  gamma               91   201     0     0     0     0     0     -0.127     -0.174     -0.232      0.316      0.000
   334         22  gamma               91   201     0     0     0     0     0     -0.037      0.013     -0.110      0.117      0.000
   335        211  pi+                 91   216     0     0     0     0     0     -0.038      0.038      1.164      1.174      0.140
   336       -211  pi-                 91   216     0     0     0     0     0     -0.187      0.278      1.196      1.250      0.140
   337        111  (pi0)              -91   216     0   411   412     0     0     -0.001      0.158      0.844      0.869      0.135
   338         22  gamma               91   217     0     0     0     0     0     -0.057      0.397      2.520      2.552      0.000
   339         22  gamma               91   217     0     0     0     0     0      0.053      0.115      0.958      0.966      0.000
   340         22  gamma               91   227     0     0     0     0     0     -0.009     -0.041      4.286      4.286      0.000
   341         22  gamma               91   227     0     0     0     0     0     -0.010      0.058      1.134      1.136      0.000
   342         22  gamma               91   228     0     0     0     0     0     -0.181     -0.136     13.357     13.359      0.000
   343         22  gamma               91   228     0     0     0     0     0     -0.067     -0.022     11.003     11.003      0.000
   344         22  gamma               91   229     0     0     0     0     0      0.068     -0.272      5.374      5.382      0.000
   345         22  gamma               91   229     0     0     0     0     0      0.292     -0.717     19.093     19.109      0.000
   346        211  pi+                 91   230     0     0     0     0     0      0.557     -1.423     27.022     27.066      0.140
   347       -211  pi-                 91   230     0     0     0     0     0      0.825     -1.247     26.010     26.053      0.140
   348        111  (pi0)              -91   230     0   413   414     0     0      0.187     -0.127      4.399      4.407      0.135
   349        211  pi+                 91   232     0     0     0     0     0      0.068     -0.063      4.216      4.219      0.140
   350       -211  pi-                 91   232     0     0     0     0     0      0.314     -0.181      5.243      5.257      0.140
   351        221  (eta)              -91   232     0   415   416     0     0      0.217     -0.371     14.818     14.834      0.548
   352         22  gamma               91   237     0     0     0     0     0      0.038     -0.010     32.409     32.409      0.000
   353         22  gamma               91   237     0     0     0     0     0     -0.043     -0.177     72.334     72.335      0.000
   354        211  pi+                 91   238     0     0     0     0     0     -0.007     -0.217    215.349    215.350      0.140
   355       -211  pi-                 91   238     0     0     0     0     0     -0.329      0.031    379.246    379.246      0.140
   356        111  (pi0)              -91   238     0   417   418     0     0     -0.106      0.198    377.417    377.417      0.135
   357         22  gamma               91   239     0     0     0     0     0     -0.142     -0.182    406.988    406.988      0.000
   358         22  gamma               91   239     0     0     0     0     0     -0.107     -0.092    502.391    502.391      0.000
   359        211  pi+                 91   240     0     0     0     0     0     -0.146     -0.014    308.206    308.206      0.140
   360       -211  pi-                 91   240     0     0     0     0     0      0.274      0.078    471.740    471.740      0.140
   361        111  (pi0)              -91   240     0   419   420     0     0      0.085      0.346    592.658    592.658      0.135
   362         22  gamma               91   243     0     0     0     0     0     -0.101     -0.102      3.029      3.032      0.000
   363         22  gamma               91   243     0     0     0     0     0     -0.692     -0.276     14.740     14.758      0.000
   364         22  gamma               91   245     0     0     0     0     0     -0.036      0.011      0.047      0.061      0.000
   365         22  gamma               91   245     0     0     0     0     0     -0.153      0.408      0.216      0.486      0.000
   366         22  gamma               91   247     0     0     0     0     0      0.056      0.180      0.070      0.201      0.000
   367         22  gamma               91   247     0     0     0     0     0     -0.077      0.264      0.063      0.282      0.000
   368         22  gamma               91   249     0     0     0     0     0      0.083      0.118      0.113      0.183      0.000
   369         22  gamma               91   249     0     0     0     0     0      0.118      0.116     -0.019      0.167      0.000
   370         22  gamma               91   254     0     0     0     0     0     -0.004     -0.209   -223.777    223.777      0.000
   371         22  gamma               91   254     0     0     0     0     0     -0.123     -0.177   -177.661    177.661      0.000
   372         22  gamma               91   258     0     0     0     0     0     -0.330      0.057     -8.399      8.406      0.000
   373         22  gamma               91   258     0     0     0     0     0     -0.369      0.003    -13.074     13.079      0.000
   374         22  gamma               91   260     0     0     0     0     0     -0.018      0.029     -3.720      3.720      0.000
   375         22  gamma               91   260     0     0     0     0     0     -0.053     -0.132     -7.360      7.361      0.000
   376         22  gamma               91   262     0     0     0     0     0     -0.452     -0.144    -50.797     50.799      0.000
   377         22  gamma               91   262     0     0     0     0     0     -0.322     -0.149    -28.043     28.045      0.000
   378         22  gamma               91   264     0     0     0     0     0      0.209     -0.338    -12.869     12.875      0.000
   379         22  gamma               91   264     0     0     0     0     0     -0.007     -0.025     -0.302      0.303      0.000
   380         22  gamma               91   269     0     0     0     0     0     -0.067     -0.011      0.015      0.070      0.000
   381         22  gamma               91   269     0     0     0     0     0     -0.180      0.202     -0.013      0.271      0.000
   382         22  gamma               91   271     0     0     0     0     0     -0.581     -0.116      0.024      0.593      0.000
   383         22  gamma               91   271     0     0     0     0     0     -3.583     -0.644      0.477      3.672      0.000
   384         22  gamma               91   277     0     0     0     0     0      0.002     -0.033      0.006      0.034      0.000
   385         22  gamma               91   277     0     0     0     0     0     -0.454     -0.298      0.061      0.546      0.000
   386         22  gamma               91   279     0     0     0     0     0     -0.055      0.141      0.173      0.229      0.000
   387         22  gamma               91   279     0     0     0     0     0     -0.013      0.654      1.013      1.206      0.000
   388         22  gamma               91   285     0     0     0     0     0      0.308      0.527      3.646      3.697      0.000
   389         22  gamma               91   285     0     0     0     0     0      0.056      0.235      1.750      1.766      0.000
   390         22  gamma               91   294     0     0     0     0     0      0.194     -0.159      3.623      3.631      0.000
   391         22  gamma               91   294     0     0     0     0     0      0.248     -0.234      7.755      7.762      0.000
   392        111  (pi0)              -91   299     0   421   422     0     0     -0.358     -0.435    -20.094     20.103      0.135
   393        111  (pi0)              -91   299     0   423   424     0     0      0.049     -0.502    -21.367     21.374      0.135
   394         22  gamma               91   302     0     0     0     0     0    -22.955     26.981     19.011     40.204      0.000
   395         22  gamma               91   302     0     0     0     0     0     -2.950      3.518      2.423      5.191      0.000
   396         22  gamma               91   308     0     0     0     0     0      1.029     -0.510      1.404      1.814      0.000
   397         22  gamma               91   308     0     0     0     0     0      2.259     -1.105      2.770      3.742      0.000
   398       -413  (D*-)              -91   313     0   425   426     0     0      4.811     -7.723      4.836     10.498      2.010
   399        213  (rho+)             -91   313     0   427   428     0     0      0.454     -2.015      0.060      2.200      0.756
   400        111  (pi0)              -91   313     0   429   430     0     0      3.489     -7.026      4.826      9.211      0.135
   401       -413  (D*-)              -91   317     0   431   432     0     0     10.855      7.721    -70.898     72.166      2.010
   402       -311  (Kbar0)            -91   317     0   433   433     0     0      2.235      0.925    -13.275     13.503      0.498
   403        413  (D*+)              -91   317     0   434   435     0     0     15.094     10.395    -88.022     89.933      2.010
   404         22  gamma               91   321     0     0     0     0     0      0.075     -0.005     -0.288      0.297      0.000
   405         22  gamma               91   321     0     0     0     0     0      0.303      0.267     -1.774      1.819      0.000
   406      -2212  pbar-               91   326     0     0     0     0     0     -0.000      0.219    -10.507     10.551      0.938
   407        211  pi+                 91   326     0     0     0     0     0      0.067     -0.015     -2.808      2.812      0.140
   408        211  pi+                 91   332     0     0     0     0     0     -0.082      0.201    -38.048     38.049      0.140
   409       -211  pi-                 91   332     0     0     0     0     0      0.057     -0.022    -28.002     28.002      0.140
   410        111  (pi0)              -91   332     0   436   437     0     0     -0.082     -0.019    -17.366     17.367      0.135
   411         22  gamma               91   337     0     0     0     0     0      0.046      0.030      0.112      0.125      0.000
   412         22  gamma               91   337     0     0     0     0     0     -0.046      0.127      0.732      0.744      0.000
   413         22  gamma               91   348     0     0     0     0     0      0.106     -0.034      1.111      1.117      0.000
   414         22  gamma               91   348     0     0     0     0     0      0.081     -0.093      3.288      3.290      0.000
   415         22  gamma               91   351     0     0     0     0     0     -0.007     -0.449     10.825     10.834      0.000
   416         22  gamma               91   351     0     0     0     0     0      0.224      0.078      3.993      4.000      0.000
   417         22  gamma               91   356     0     0     0     0     0     -0.087      0.081    108.317    108.317      0.000
   418         22  gamma               91   356     0     0     0     0     0     -0.019      0.117    269.100    269.100      0.000
   419         22  gamma               91   361     0     0     0     0     0      0.103      0.347    568.009    568.009      0.000
   420         22  gamma               91   361     0     0     0     0     0     -0.019     -0.001     24.649     24.649      0.000
   421         22  gamma               91   392     0     0     0     0     0     -0.222     -0.325    -15.572     15.577      0.000
   422         22  gamma               91   392     0     0     0     0     0     -0.136     -0.110     -4.522      4.525      0.000
   423         22  gamma               91   393     0     0     0     0     0      0.036     -0.023     -1.740      1.741      0.000
   424         22  gamma               91   393     0     0     0     0     0      0.012     -0.478    -19.627     19.633      0.000
   425       -411  (D-)               -91   398     0   438   440     0     0      4.443     -7.083      4.464      9.661      1.870
   426        111  (pi0)              -91   398     0   441   442     0     0      0.367     -0.640      0.372      0.837      0.135
   427        211  pi+                 91   399     0     0     0     0     0      0.192     -0.882     -0.323      0.969      0.140
   428        111  (pi0)              -91   399     0   443   444     0     0      0.262     -1.133      0.383      1.232      0.135
   429         22  gamma               91   400     0     0     0     0     0      0.697     -1.417      1.035      1.888      0.000
   430         22  gamma               91   400     0     0     0     0     0      2.792     -5.609      3.791      7.323      0.000
   431       -411  (D-)               -91   401     0   445   446     0     0     10.068      7.124    -65.539     66.716      1.870
   432        111  (pi0)              -91   401     0   447   448     0     0      0.786      0.597     -5.359      5.451      0.135
   433        130  K_L0                91   402   402     0     0     0     0      2.235      0.925    -13.275     13.503      0.498
   434        421  (D0)               -91   403     0   449   450     0     0     13.990      9.612    -81.359     83.131      1.865
   435        211  pi+                 91   403     0     0     0     0     0      1.104      0.782     -6.664      6.801      0.140
   436         22  gamma               91   410     0     0     0     0     0     -0.076     -0.066     -8.424      8.424      0.000
   437         22  gamma               91   410     0     0     0     0     0     -0.006      0.047     -8.943      8.943      0.000
   438         11  e-                  91   425     0     0     0     0     0      1.805     -2.138      1.514      3.182      0.001
   439        -12  nu_ebar             91   425     0     0     0     0     0      1.045     -1.279      1.075      1.971      0.000
   440        313  (K*0)              -91   425     0   451   452     0     0      1.593     -3.665      1.875      4.508      0.915
   441         22  gamma               91   426     0     0     0     0     0      0.185     -0.196      0.118      0.294      0.000
   442         22  gamma               91   426     0     0     0     0     0      0.182     -0.445      0.254      0.543      0.000
   443         22  gamma               91   428     0     0     0     0     0      0.104     -0.254      0.129      0.303      0.000
   444         22  gamma               91   428     0     0     0     0     0      0.158     -0.879      0.254      0.929      0.000
   445       -321  K-                  91   431     0     0     0     0     0      2.969      2.542    -23.291     23.622      0.494
   446        313  (K*0)              -91   431     0   453   454     0     0      7.100      4.582    -42.248     43.094      0.887
   447         22  gamma               91   432     0     0     0     0     0      0.020      0.044     -0.370      0.373      0.000
   448         22  gamma               91   432     0     0     0     0     0      0.766      0.553     -4.989      5.077      0.000
   449       -323  (K*-)              -91   434     0   455   456     0     0      7.106      5.340    -41.436     42.388      0.905
   450        213  (rho+)             -91   434     0   457   458     0     0      6.884      4.272    -39.923     40.744      0.731
   451        321  K+                  91   440     0     0     0     0     0      0.611     -1.172      0.535      1.509      0.494
   452       -211  pi-                 91   440     0     0     0     0     0      0.982     -2.493      1.340      2.999      0.140
   453        321  K+                  91   446     0     0     0     0     0      6.795      4.286    -39.953     40.756      0.494
   454       -211  pi-                 91   446     0     0     0     0     0      0.305      0.296     -2.295      2.338      0.140
   455       -311  (Kbar0)            -91   449     0   459   459     0     0      5.735      4.582    -34.631     35.404      0.498
   456       -211  pi-                 91   449     0     0     0     0     0      1.371      0.758     -6.804      6.984      0.140
   457        211  pi+                 91   450     0     0     0     0     0      5.412      3.081    -31.310     31.924      0.140
   458        111  (pi0)              -91   450     0   460   461     0     0      1.473      1.191     -8.613      8.820      0.135
   459        310  K_S0                91   455   455     0     0     0     0      5.735      4.582    -34.631     35.404      0.498
   460         22  gamma               91   458     0     0     0     0     0      0.034      0.006     -0.131      0.135      0.000
   461         22  gamma               91   458     0     0     0     0     0      1.439      1.185     -8.482      8.684      0.000
                                   Charge sum:  2.000           Momentum sum:      0.000      0.000     -0.000  13000.000  13000.000

 --------  End PYTHIA Event Listing  -----------------------------------------------------------------------------------------------
#--------------------------------------------------------------------------
#                     FastJet release 3.4.0 [fjcore]
#                 M. Cacciari, G.P. Salam and G. Soyez                  
#     A software package for jet finding and analysis at colliders      
#                           http://fastjet.fr                           
#	                                                                      
# Please cite EPJC72(2012)1896 [arXiv:1111.6097] if you use this package
# for scientific work and optionally PLB641(2006)57 [hep-ph/0512210].   
#                                                                       
# FastJet is provided without warranty under the GNU GPL v2 or higher.  
# It uses T. Chan's closest pair algorithm, S. Fortune's Voronoi code
# and 3rd party plugin jet algorithms. See COPYING file for details.
#--------------------------------------------------------------------------
 PYTHIA Warning in SimpleSpaceShower::pT2nextQCD: weight above unity  
 PYTHIA Warning in SimpleSpaceShower::pT2nextQCD: small daughter PDF  
 PYTHIA Warning in SimpleTimeShower::findMEcorr: ME weight above PS one  
 PYTHIA Warning in SimpleTimeShower::pTnext: negative dipole mass.  
 PYTHIA Error in BeamRemnants::setKinematics: kinematics construction failed  

 Pythia::next(): 1000 events have been generated 
 PYTHIA Warning in ColConfig::collect: negative-energy parton encountered  
 PYTHIA Warning in StringFragmentation::fragmentToJunction: bad convergence junction rest frame  
 PYTHIA Warning in MultipartonInteractions::pTnext: weight above unity  
 PYTHIA Error in SimpleSpaceShower::pT2nearThreshold: stuck in loop  

 Pythia::next(): 2000 events have been generated 

 Pythia::next(): 3000 events have been generated 
 PYTHIA Error in StringFragmentation::fragment: stuck in joining  
 PYTHIA Error in Pythia::next: hadronLevel failed; try again  

 Pythia::next(): 4000 events have been generated 

 Pythia::next(): 5000 events have been generated 
 PYTHIA Warning in Pythia::check: not quite matched particle energy/momentum/mass  

 Pythia::next(): 6000 events have been generated 

 Pythia::next(): 7000 events have been generated 
 PYTHIA Error in Pythia::check: unmatched particle energy/momentum/mass  
 PYTHIA Error in Pythia::next: check of event revealed problems  

 Pythia::next(): 8000 events have been generated 

 Pythia::next(): 9000 events have been generated 
 PYTHIA Warning in TauDecays::decay: maximum decay weight exceeded in tau decay  

 *-------  PYTHIA Event and Cross Section Statistics  -------------------------------------------------------------*
 |                                                                                                                 |
 | Subprocess                                    Code |            Number of events       |      sigma +- delta    |
 |                                                    |       Tried   Selected   Accepted |     (estimated) (mb)   |
 |                                                    |                                   |                        |
 |-----------------------------------------------------------------------------------------------------------------|
 |                                                    |                                   |                        |
 | Les Houches User Process(es)                  9999 |       10000      10000      10000 |   8.276e-08  0.000e+00 |
 |    ... whereof user classification code     322200 |       10000      10000      10000 |                        | 
 |                                                    |                                   |                        |
 | sum                                                |       10000      10000      10000 |   8.276e-08  0.000e+00 |
 |                                                                                                                 |
 *-------  End PYTHIA Event and Cross Section Statistics ----------------------------------------------------------*

 *-------  PYTHIA Error and Warning Messages Statistics  ----------------------------------------------------------* 
 |                                                                                                                 | 
 |  times   message                                                                                                | 
 |                                                                                                                 | 
 |      7   Error in BeamRemnants::setKinematics: kinematics construction failed                                   | 
 |      2   Error in Pythia::check: unmatched particle energy/momentum/mass                                        | 
 |      1   Error in Pythia::next: check of event revealed problems                                                | 
 |      5   Error in Pythia::next: hadronLevel failed; try again                                                   | 
 |      6   Error in SimpleSpaceShower::pT2nearThreshold: stuck in loop                                            | 
 |      5   Error in StringFragmentation::fragment: stuck in joining                                               | 
 |      2   Warning in ColConfig::collect: negative-energy parton encountered                                      | 
 |      8   Warning in MultipartonInteractions::pTnext: weight above unity                                         | 
 |      5   Warning in Pythia::check: not quite matched particle energy/momentum/mass                              | 
 |   3495   Warning in SimpleSpaceShower::pT2nextQCD: small daughter PDF                                           | 
 |   3528   Warning in SimpleSpaceShower::pT2nextQCD: weight above unity                                           | 
 |    105   Warning in SimpleTimeShower::findMEcorr: ME weight above PS one                                        | 
 |     23   Warning in SimpleTimeShower::pTnext: negative dipole mass.                                             | 
 |     18   Warning in StringFragmentation::fragmentToJunction: bad convergence junction rest frame                | 
 |      1   Warning in TauDecays::decay: maximum decay weight exceeded in tau decay                                | 
 |      2   Warning in TimeShower::init: pTmin too low                                                             | 
 |                                                                                                                 | 
 *-------  End PYTHIA Error and Warning Messages Statistics  ------------------------------------------------------* 
Using LHE File: /nfs/dust/cms/user/amoroso/powheg/POWHEG-BOX-V2/ttJ_MiNNLOPS_v1.0_beta1/decay-ll/pwgevents-0911.lhe
less then 10000 events in LHE, using all LHE events
np.shape(P0) = (10000, 3, 9)
np.shape(nJets) = (10000, 2)
np.shape(jets_4vectors) = (10000, 20, 6)
