Configured CUDA from: /cvmfs/sft.cern.ch/lcg/releases/cuda/12.4-4899e/x86_64-el9-gcc11-opt

 *------------------------------------------------------------------------------------* 
 |                                                                                    | 
 |  *------------------------------------------------------------------------------*  | 
 |  |                                                                              |  | 
 |  |                                                                              |  | 
 |  |   PPP   Y   Y  TTTTT  H   H  III    A      Welcome to the Lund Monte Carlo!  |  | 
 |  |   P  P   Y Y     T    H   H   I    A A     This is PYTHIA version 8.309      |  | 
 |  |   PPP     Y      T    HHHHH   I   AAAAA    Last date of change: 16 Feb 2023  |  | 
 |  |   P       Y      T    H   H   I   A   A                                      |  | 
 |  |   P       Y      T    H   H  III  A   A    Now is 03 Sep 2024 at 19:05:12    |  | 
 |  |                                                                              |  | 
 |  |   Program documentation and an archive of historic versions is found on:     |  | 
 |  |                                                                              |  | 
 |  |                               https://pythia.org/                            |  | 
 |  |                                                                              |  | 
 |  |   PYTHIA is authored by a collaboration consisting of:                       |  | 
 |  |                                                                              |  | 
 |  |   Christian Bierlich, Nishita Desai, Leif Gellersen, Ilkka Helenius, Philip  |  | 
 |  |   Ilten, Leif Lonnblad, Stephen Mrenna, Stefan Prestel, Christian Preuss,    |  | 
 |  |   Torbjorn Sjostrand, Peter Skands, Marius Utheim and Rob Verheyen.          |  | 
 |  |                                                                              |  | 
 |  |   The complete list of authors, including contact information and            |  | 
 |  |   affiliations, can be found on https://pythia.org/.                         |  | 
 |  |   Problems or bugs should be reported on email at authors@pythia.org.        |  | 
 |  |                                                                              |  | 
 |  |   The main program reference is C. Bierlich et al,                           |  | 
 |  |   'A comprehensive guide to the physics and usage of Pythia 8.3',            |  | 
 |  |   SciPost Phys. Codebases 8-r8.3 (2022) [arXiv:2203.11601 [hep-ph]]          |  | 
 |  |                                                                              |  | 
 |  |   PYTHIA is released under the GNU General Public Licence version 2 or later.|  | 
 |  |   Please respect the MCnet Guidelines for Event Generator Authors and Users. |  | 
 |  |                                                                              |  | 
 |  |   Disclaimer: this program comes without any guarantees.                     |  | 
 |  |   Beware of errors and use common sense when interpreting results.           |  | 
 |  |                                                                              |  | 
 |  |   Copyright (C) 2023 Torbjorn Sjostrand                                      |  | 
 |  |                                                                              |  | 
 |  |                                                                              |  | 
 |  *------------------------------------------------------------------------------*  | 
 |                                                                                    | 
 *------------------------------------------------------------------------------------* 


 *-------  PYTHIA Process Initialization  --------------------------*
 |                                                                  |
 | We collide p+ with p+ at a CM energy of 1.300e+04 GeV            |
 |                                                                  |
 |------------------------------------------------------------------|
 |                                                    |             |
 | Subprocess                                    Code |   Estimated |
 |                                                    |    max (mb) |
 |                                                    |             |
 |------------------------------------------------------------------|
 |                                                    |             |
 | Les Houches User Process(es)                  9999 |   1.000e-09 |
 |                                                                  |
 *-------  End PYTHIA Process Initialization -----------------------*
 PYTHIA Warning in TimeShower::init: pTmin too low , raised to 0.611

 *-------  PYTHIA Multiparton Interactions Initialization  ---------* 
 |                                                                  | 
 |                   sigmaNonDiffractive =    55.51 mb              | 
 |                                                                  | 
 |    pT0 =  1.44 gives sigmaInteraction =   397.84 mb: accepted    | 
 |                                                                  | 
 *-------  End PYTHIA Multiparton Interactions Initialization  -----* 

 *-------  PYTHIA Flag + Mode + Parm + Word + FVec + MVec + PVec + WVec Settings (changes only)  ------------------* 
 |                                                                                                                 | 
 | Name                                          |                      Now |      Default         Min         Max | 
 |                                               |                          |                                      | 
 | Beams:frameType                               |                        4 |            1           1           5 | 
 | Beams:LHEF                                    | /nfs/dust/cms/user/amoroso/powheg/POWHEG-BOX-V2/ttJ_MiNNLOPS_v1.0_beta1/decay-ll/pwgevents-0476.lhe |         void | 
 | ColourReconnection:range                      |                  5.17600 |      1.80000         0.0    10.00000 | 
 | Main:timesAllowErrors                         |                      500 |           10           0             | 
 | MultipartonInteractions:alphaSorder           |                        2 |            1           0           3 | 
 | MultipartonInteractions:alphaSvalue           |                  0.11800 |      0.13000   0.0600000     0.25000 | 
 | MultipartonInteractions:bProfile              |                        2 |            3           0           4 | 
 | MultipartonInteractions:coreFraction          |                  0.63000 |      0.50000         0.0     1.00000 | 
 | MultipartonInteractions:coreRadius            |                  0.76340 |      0.40000     0.10000     1.00000 | 
 | MultipartonInteractions:ecmPow                |                0.0334400 |      0.21500         0.0     0.50000 | 
 | MultipartonInteractions:pT0Ref                |                  1.41000 |      2.28000     0.50000    10.00000 | 
 | ParticleDecays:limitTau                       |                       on |          off                         | 
 | PartonLevel:FSR                               |                      off |           on                         | 
 | PDF:pSet                                      |                       20 |           13                         | 
 | Random:seed                                   |                      476 |           -1               900000000 | 
 | Random:setSeed                                |                       on |          off                         | 
 | SigmaProcess:alphaSorder                      |                        2 |            1           0           3 | 
 | SigmaProcess:alphaSvalue                      |                  0.11800 |      0.13000   0.0600000     0.25000 | 
 | SigmaTotal:mode                               |                        0 |            1           0           4 | 
 | SigmaTotal:sigmaEl                            |                 21.89000 |     25.00000         0.0             | 
 | SigmaTotal:sigmaTot                           |                100.30900 |    100.00000         0.0             | 
 | SigmaTotal:zeroAXB                            |                      off |           on                         | 
 | SpaceShower:alphaSorder                       |                        2 |            1           0           3 | 
 | SpaceShower:alphaSvalue                       |                  0.11800 |      0.13650   0.0600000     0.25000 | 
 | SpaceShower:dipoleRecoil                      |                       on |          off                         | 
 | SpaceShower:pTmaxMatch                        |                        1 |            0           0           2 | 
 | TimeShower:alphaSorder                        |                        2 |            1           0           3 | 
 | TimeShower:alphaSvalue                        |                  0.11800 |      0.13650   0.0600000     0.25000 | 
 |                                                                                                                 | 
 *-------  End PYTHIA Flag + Mode + Parm + Word + FVec + MVec + PVec + WVec Settings  -----------------------------* 

 --------  PYTHIA Particle Data Table (changed only)  ------------------------------------------------------------------------------
 
      id   name            antiName         spn chg col      m0        mWidth      mMin       mMax       tau0    res dec ext vis wid
             no onMode   bRatio   meMode     products 

       6  t                tbar               2   2   1  173.00000    1.36916   86.00000    0.00000  1.44122e-13   1   1   0   1   0
              0     1   0.0000664    0       24        1 
              1     1   0.0017361    0       24        3 
              2     1   0.9981975    0       24        5 
              3     1   0.0000000    0       37        5 

 --------  End PYTHIA Particle Data Table  -----------------------------------------------------------------------------------------


 --------  LHA event information and listing  ---------------------------------------------------------------------- 

    process =   322200    weight =   1.0325e+02     scale =   5.4594e+00 (GeV) 
                        alpha_em =  -1.0000e+00    alpha_strong =   2.3147e-01

    Participating Particles 
    no        id stat     mothers     colours      p_x        p_y        p_z         e          m        tau    spin 
     1        21   -1     0     0   514   513      0.000      0.000     36.646     36.646      0.000   0.000   9.000
     2         2   -1     0     0   511     0      0.000      0.000  -2832.282   2832.282      0.000   0.000   9.000
     3         6    2     1     2   511     0     31.031     15.674   -278.237    329.297    172.662   0.000   9.000
     4        -6    2     1     2     0   513    -39.364    -16.549  -1416.255   1427.389    172.736   0.000   9.000
     5         2    1     1     2   512     0      9.402     -4.479  -1105.319   1105.368      0.000   0.000   9.000
     6        21    1     1     2   514   512     -1.070      5.354      4.175      6.873      0.000   0.000   9.000
     7         5    1     3     3   511     0     -0.470     68.852   -148.965    164.181      4.920   0.000  -1.000
     8        24    2     3     3     0     0     31.501    -53.178   -129.272    165.116     82.047   0.000   9.000
     9        -5    1     4     4     0   513    -83.331    -17.625   -801.280    805.810      4.920   0.000   1.000
    10       -24    2     4     4     0     0     43.968      1.076   -614.975    621.580     78.947   0.000   9.000
    11       -11    1     8     8     0     0     16.696    -11.791   -117.975    119.732      0.001   0.000   1.000
    12        12    1     8     8     0     0     14.805    -41.387    -11.298     45.384      0.000   0.000  -1.000
    13        11    1    10    10     0     0     34.076     -5.129   -605.668    606.647      0.001   0.000  -1.000
    14       -12    1    10    10     0     0      9.892      6.205     -9.307     14.933      0.000   0.000   1.000

 --------  End LHA event information and listing  ------------------------------------------------------------------ 

 --------  PYTHIA Info Listing  ---------------------------------------- 
 
 Beam A: id =   2212, pz =  6.500e+03, e =  6.500e+03, m =  9.383e-01.
 Beam B: id =   2212, pz = -6.500e+03, e =  6.500e+03, m =  9.383e-01.

 In 1: id =   21, x =  5.638e-03, pdf =  0.000e+00 at Q2 =  2.980e+01.
 In 2: id =    2, x =  4.357e-01, pdf =  0.000e+00 at same Q2.

 Process Les Houches User Process(es) with code 9999 is 2 -> 4.
 Subprocess user process 322200 with code 322200 is 2 -> 4.
     alphaEM =  7.577e-03,  alphaS =  2.315e-01    at Q2 =  2.980e+01.

 Impact parameter b =  9.334e-01 gives enhancement factor =  7.425e-01.
 Max pT scale for MPI =  1.300e+04, ISR =  5.459e+00, FSR =  5.459e+00.
 Number of MPI =     8, ISR =     4, FSRproc =     0, FSRreson =     0.

 --------  End PYTHIA Info Listing  ------------------------------------

 --------  PYTHIA Event Listing  (hard process)  -----------------------------------------------------------------------------------
 
    no         id  name            status     mothers   daughters     colours      p_x        p_y        p_z         e          m 
     0         90  (system)           -11     0     0     0     0     0     0      0.000      0.000      0.000  13000.000  13000.000
     1       2212  (p+)               -12     0     0     3     0     0     0      0.000      0.000   6500.000   6500.000      0.938
     2       2212  (p+)               -12     0     0     4     0     0     0      0.000      0.000  -6500.000   6500.000      0.938
     3         21  (g)                -21     1     0     5     8   514   513      0.000      0.000     36.646     36.646      0.000
     4          2  (u)                -21     2     0     5     8   511     0      0.000      0.000  -2832.282   2832.282      0.000
     5          6  (t)                -22     3     4     9    10   511     0     31.031     15.674   -278.237    329.297    172.662
     6         -6  (tbar)             -22     3     4    11    12     0   513    -39.364    -16.549  -1416.255   1427.389    172.736
     7          2  u                   23     3     4     0     0   512     0      9.402     -4.479  -1105.319   1105.368      0.000
     8         21  g                   23     3     4     0     0   514   512     -1.070      5.354      4.175      6.873      0.000
     9          5  b                   23     5     0     0     0   511     0     -0.470     68.852   -148.965    164.181      4.920
    10         24  (W+)               -22     5     0    13    14     0     0     31.501    -53.178   -129.272    165.116     82.047
    11         -5  bbar                23     6     0     0     0     0   513    -83.331    -17.625   -801.280    805.810      4.920
    12        -24  (W-)               -22     6     0    15    16     0     0     43.968      1.076   -614.975    621.580     78.947
    13        -11  e+                  23    10     0     0     0     0     0     16.696    -11.791   -117.975    119.732      0.001
    14         12  nu_e                23    10     0     0     0     0     0     14.805    -41.387    -11.298     45.384      0.000
    15         11  e-                  23    12     0     0     0     0     0     34.076     -5.129   -605.668    606.647      0.001
    16        -12  nu_ebar             23    12     0     0     0     0     0      9.892      6.205     -9.307     14.933      0.000
                                   Charge sum:  0.667           Momentum sum:      0.000     -0.000  -2795.636   2868.928    644.332

 --------  End PYTHIA Event Listing  -----------------------------------------------------------------------------------------------

 --------  PYTHIA Event Listing  (complete event)  ---------------------------------------------------------------------------------
 
    no         id  name            status     mothers   daughters     colours      p_x        p_y        p_z         e          m 
     0         90  (system)           -11     0     0     0     0     0     0      0.000      0.000      0.000  13000.000  13000.000
     1       2212  (p+)               -12     0     0    59     0     0     0      0.000      0.000   6500.000   6500.000      0.938
     2       2212  (p+)               -12     0     0    60     0     0     0      0.000      0.000  -6500.000   6500.000      0.938
     3         21  (g)                -21    13     0     5     8   514   513      0.000      0.000     36.646     36.646      0.000
     4          2  (u)                -21    14    14     5     8   511     0      0.000      0.000  -2832.282   2832.282      0.000
     5          6  (t)                -22     3     4    15    15   511     0     31.031     15.674   -278.237    329.297    172.662
     6         -6  (tbar)             -22     3     4    16    16     0   513    -39.364    -16.549  -1416.255   1427.389    172.736
     7          2  (u)                -23     3     4    17    17   512     0      9.402     -4.479  -1105.319   1105.368      0.000
     8         21  (g)                -23     3     4    18    18   514   512     -1.070      5.354      4.175      6.873      0.000
     9         21  (g)                -31    49    49    11    12   516   515      0.000      0.000   1445.248   1445.248      0.000
    10         21  (g)                -31    50     0    11    12   515   517      0.000      0.000     -0.018      0.018      0.000
    11         21  (g)                -33     9    10    51    51   518   517      1.196     -1.501     54.616     54.650      0.000
    12         21  (g)                -33     9    10    52    52   516   518     -1.196      1.501   1390.615   1390.616      0.000
    13          3  (s)                -41    59    59    19     3   514     0      0.000     -0.000    167.990    167.990      0.000
    14          2  (u)                -42    60    60     4     4   511     0      0.000      0.000  -2832.282   2832.282      0.000
    15          6  (t)                -44     5     5    61    61   511     0     31.031     15.674   -278.237    329.297    172.662
    16         -6  (tbar)             -44     6     6    62    62     0   513    -39.364    -16.549  -1416.255   1427.389    172.736
    17          2  (u)                -44     7     7    63    63   512     0      9.402     -4.479  -1105.319   1105.368      0.000
    18         21  (g)                -44     8     8    64    64   514   512     -2.734      5.721      6.143      8.829      0.000
    19          3  (s)                -43    13     0    65    65   513     0      1.665     -0.367    129.377    129.389      0.500
    20         21  (g)                -31    71    71    22    23   519   520      0.000      0.000     32.600     32.600      0.000
    21         -2  (ubar)             -31    72    72    22    23     0   519      0.000      0.000     -2.144      2.144      0.000
    22         21  (g)                -33    20    21    73    73   521   520      0.966      0.914     32.366     32.394      0.000
    23         -2  (ubar)             -33    20    21    74    74     0   521     -0.966     -0.914     -1.910      2.351      0.330
    24          1  (d)                -31    28    28    26    27   522     0      0.000      0.000      1.508      1.508      0.000
    25         21  (g)                -31    29     0    26    27   523   524      0.000      0.000    -32.180     32.180      0.000
    26          1  (d)                -33    24    25    30    30   523     0     -1.090      0.289      1.267      1.728      0.330
    27         21  (g)                -33    24    25    31    31   522   524      1.090     -0.289    -31.939     31.959      0.000
    28          1  (d)                -42    75    75    24    24   522     0      0.000      0.000      1.508      1.508      0.000
    29         21  (g)                -41    76    76    32    25   525   524      0.000     -0.000   -125.044    125.044      0.000
    30          1  (d)                -44    26    26    77    77   523     0     -1.090      0.289      1.267      1.728      0.330
    31         21  (g)                -44    27    27    78    78   522   524      0.725     -1.103    -66.725     66.738      0.000
    32         21  (g)                -43    29     0    79    79   525   523      0.365      0.814    -58.078     58.085      0.000
    33         21  (g)                -31    54     0    35    36   526   527      0.000      0.000     40.583     40.583      0.000
    34         21  (g)                -31    55    55    35    36   528   529      0.000      0.000     -0.088      0.088      0.000
    35         21  (g)                -33    33    34    56    56   526   529      0.376      0.701      1.803      1.971      0.000
    36         21  (g)                -33    33    34    57    57   528   527     -0.376     -0.701     38.692     38.700      0.000
    37         21  (g)                -31    85    85    39    40   530   531      0.000      0.000    315.334    315.334      0.000
    38         21  (g)                -31    86    86    39    40   532   530      0.000      0.000     -0.066      0.066      0.000
    39         21  (g)                -33    37    38    87    87   532   533     -0.544      0.302      1.418      1.548      0.000
    40         21  (g)                -33    37    38    88    88   533   531      0.544     -0.302    313.850    313.851      0.000
    41          2  (u)                -31    89    89    43    44   534     0      0.000      0.000   2066.353   2066.353      0.000
    42         21  (g)                -31    90    90    43    44   535   534      0.000      0.000     -0.000      0.000      0.000
    43          2  (u)                -33    41    42    91    91   536     0     -0.221     -0.291   1961.934   1961.935      0.330
    44         21  (g)                -33    41    42    92    92   535   536      0.221      0.291    104.418    104.419      0.000
    45          1  (d)                -31    93    93    47    48   537     0      0.000      0.000    164.323    164.323      0.000
    46         21  (g)                -31    94    94    47    48   538   537      0.000      0.000     -0.155      0.155      0.000
    47          1  (d)                -33    45    46    95    95   539     0      0.036     -0.368    164.101    164.102      0.330
    48         21  (g)                -33    45    46    96    96   538   539     -0.036      0.368      0.066      0.376      0.000
    49         21  (g)                -42    66    66     9     9   516   515     -0.000      0.000   1445.248   1445.248      0.000
    50         21  (g)                -41    67    67    53    10   515   540      0.000     -0.000     -0.024      0.024      0.000
    51         21  (g)                -44    11    11    68    68   518   517      1.428     -1.761     75.813     75.847      0.000
    52         21  (g)                -44    12    12    69    69   516   518     -1.187      1.491   1363.972   1363.973      0.000
    53         21  (g)                -43    50     0    70    70   517   540     -0.241      0.270      5.440      5.452      0.000
    54         21  (g)                -41    80    80    58    33   541   527      0.000      0.000     41.400     41.400      0.000
    55         21  (g)                -42    81    81    34    34   528   529      0.000      0.000     -0.088      0.088      0.000
    56         21  (g)                -44    35    35    82    82   526   529      0.285      0.776      2.387      2.526      0.000
    57         21  (g)                -44    36    36    83    83   528   527     -0.376     -0.701     38.692     38.700      0.000
    58         21  (g)                -43    54     0    84    84   541   526      0.092     -0.076      0.234      0.262      0.000
    59          3  (s)                -61     1     0    13    13   517     0     -1.295      2.192    167.980    167.999      0.000
    60          2  (u)                -61     2     0    14    14   520     0      1.226     -2.361  -2832.272   2832.273      0.000
    61          6  (t)                -62    15    15   102   103   511     0     30.966     15.754   -278.220    329.280    172.662
    62         -6  (tbar)             -62    16    16   104   105     0   538    -38.791    -17.661  -1416.296   1427.427    172.736
    63          2  (u)                -62    17    17   129   129   512     0      9.881     -5.400  -1105.246   1105.303      0.000
    64         21  (g)                -62    18    18   131   131   514   522     -2.792      5.817      6.092      8.874      0.000
    65          3  (s)                -62    19    19   110     0   513     0      0.667      1.321    129.378    129.388      0.500
    66         21  (g)                -61     1     0    49    49   540   540     -0.271      0.778   1438.816   1438.816      0.000
    67         21  (g)                -61     2     0    50    50   515   515     -1.474     -0.288     23.679     23.727      0.000
    68         21  (g)                -62    51    51   203   203   518   533      0.363     -1.945     59.434     59.467      0.000
    69         21  (g)                -62    52    52   201   201   516   535     -1.489      2.231   1385.879   1385.881      0.000
    70         21  (g)                -62    53    53   134   134   517   526     -0.618      0.203     17.182     17.195      0.000
    71         21  (g)                -61     1     0    20    20   519   520      0.019     -2.491     32.597     32.692      0.000
    72         -2  (ubar)             -61     2     0    21    21     0   519      0.377      0.899     -1.994      2.220      0.000
    73         21  (g)                -62    22    22   204   204   521   518      0.987     -1.575     32.677     32.729      0.000
    74         -2  (ubar)             -62    23    23   116   116     0   520     -0.590     -0.018     -2.074      2.182      0.330
    75          1  (d)                -61     1     0    28    28   520     0      0.544     -0.593      1.398      1.613      0.000
    76         21  (g)                -61     2     0    29    29   519   520     -0.380      1.131   -124.959    124.965      0.000
    77          1  (d)                -62    30    30   180   180   519     0     -0.550     -0.300      1.414      1.582      0.330
    78         21  (g)                -62    31    31   130   130   522   512      0.524     -0.499    -67.035     67.038      0.000
    79         21  (g)                -62    32    32   115   115   520   511      0.190      1.337    -57.942     57.958      0.000
    80         21  (g)                -61     1     0    54    54   529   529      0.526      1.412     46.420     46.445      0.000
    81         21  (g)                -61     2     0    55    55   527   527      0.159      0.683      1.286      1.465      0.000
    82         21  (g)                -62    56    56   133   133   526   532      0.480      1.505      7.192      7.364      0.000
    83         21  (g)                -62    57    57   110     0   528   513      0.087      0.553     40.253     40.256      0.000
    84         21  (g)                -62    58    58   111     0   541   521      0.118      0.037      0.262      0.289      0.000
    85         21  (g)                -61     1     0    37    37   530   530      0.047      0.016    314.927    314.927      0.000
    86         21  (g)                -61     2     0    38    38   531   531     -0.218     -0.369      0.634      0.765      0.000
    87         21  (g)                -62    39    39   132   132   532   514     -0.760     -0.065      2.165      2.296      0.000
    88         21  (g)                -62    40    40   202   202   533   516      0.589     -0.288    313.395    313.396      0.000
    89          2  (u)                -61     1     0    41    41   534     0     -0.043      0.054   2069.325   2069.325      0.000
    90         21  (g)                -61     2     0    42    42   536   534     -0.054      0.020      2.397      2.398      0.000
    91          2  (u)                -62    43    43   179   179   536     0     -0.267     -0.238   1973.711   1973.711      0.330
    92         21  (g)                -62    44    44   200   200   535   528      0.169      0.312     98.011     98.012      0.000
    93          1  (d)                -61     1     0    45    45   536     0      0.341     -1.266    166.509    166.514      0.000
    94         21  (g)                -61     2     0    46    46   539   536     -0.029     -0.519      0.281      0.591      0.000
    95          1  (d)                -62    47    47   161   161   539     0      0.378     -1.638    166.901    166.910      0.330
    96         21  (g)                -62    48    48   111     0   538   541     -0.066     -0.147     -0.111      0.196      0.000
    97          2  (u)                -63     1     0   112   113   542     0     -0.730     -0.379   1619.487   1619.487      0.330
    98         -3  (sbar)             -63     1     0   112   113     0   542      0.360      0.138    317.980    317.981      0.500
    99         -1  (dbar)             -63     1     0   135   135     0   517      0.501      0.139    295.654    295.655      0.330
   100       2101  (ud_0)             -63     2     0   162   162     0   539      0.373      0.231  -3050.808   3050.808      0.579
   101          2  (u)                -63     2     0   181   181   534     0      0.021      0.573   -489.335    489.335      0.330
   102          5  (b)                -23    61     0   114   114   511     0     -0.502     68.892   -148.956    164.191      4.920
   103         24  (W+)               -22    61     0   106   107     0     0     31.468    -53.138   -129.264    165.090     82.047
   104         -5  (bbar)             -23    62     0   206   206     0   538    -83.008    -18.253   -801.303    805.813      4.920
   105        -24  (W-)               -22    62     0   108   109     0     0     44.217      0.591   -614.993    621.614     78.947
   106        -11  e+                  23   103     0     0     0     0     0     16.672    -11.762   -117.968    119.720      0.001
   107         12  nu_e                23   103     0     0     0     0     0     14.796    -41.375    -11.295     45.370      0.000
   108         11  e-                  23   105     0     0     0     0     0     34.319     -5.602   -605.685    606.682      0.001
   109        -12  nu_ebar             23   105     0     0     0     0     0      9.898      6.193     -9.308     14.932      0.000
   110          3  (s)                -73    65    83   199   199   528     0      0.754      1.874    169.631    169.644      0.663
   111         21  (g)                -73    84    96   205   205   538   521      0.052     -0.111      0.151      0.485      0.444
   112        211  pi+                 82    97    98     0     0     0     0      0.149     -0.676    956.550    956.550      0.140
   113        313  (K*0)              -82    97    98   228   229     0     0     -0.518      0.435    980.917    980.917      0.858
   114          5  (b)                -71   102   102   117   128   511     0     -0.502     68.892   -148.956    164.191      4.920
   115         21  (g)                -71    79    79   117   128   520   511      0.190      1.337    -57.942     57.958      0.000
   116         -2  (ubar)             -71    74    74   117   128     0   520     -0.590     -0.018     -2.074      2.182      0.330
   117       -511  (Bbar0)            -83   114   116   286   288     0     0     -0.251     55.457   -119.757    132.080      5.280
   118        223  (omega)            -83   114   116   289   291     0     0      0.065      1.627     -5.707      5.986      0.782
   119       -211  pi-                 83   114   116     0     0     0     0     -0.205      3.999     -7.943      8.896      0.140
   120        211  pi+                 83   114   116     0     0     0     0     -0.443      3.607     -8.754      9.480      0.140
   121       3212  (Sigma0)           -83   114   116   292   293     0     0      0.374      1.899     -5.748      6.182      1.193
   122      -3212  (Sigmabar0)        -83   114   116   294   295     0     0      0.115      2.011     -5.982      6.423      1.193
   123       -211  pi-                 84   114   116     0     0     0     0     -0.103      0.023     -1.429      1.439      0.140
   124        321  K+                  84   114   116     0     0     0     0      0.084      0.327    -17.860     17.870      0.494
   125       -321  K-                  84   114   116     0     0     0     0     -0.353      0.800     -7.151      7.221      0.494
   126        323  (K*+)              -84   114   116   230   231     0     0      0.362      0.359    -19.565     19.593      0.904
   127       -311  (Kbar0)            -84   114   116   232   232     0     0     -0.290     -0.069     -8.197      8.217      0.498
   128       -211  pi-                 84   114   116     0     0     0     0     -0.257      0.172     -0.881      0.944      0.140
   129          2  (u)                -71    63    63   136   160   512     0      9.881     -5.400  -1105.246   1105.303      0.000
   130         21  (g)                -71    78    78   136   160   522   512      0.524     -0.499    -67.035     67.038      0.000
   131         21  (g)                -71    64    64   136   160   514   522     -2.792      5.817      6.092      8.874      0.000
   132         21  (g)                -71    87    87   136   160   532   514     -0.760     -0.065      2.165      2.296      0.000
   133         21  (g)                -71    82    82   136   160   526   532      0.480      1.505      7.192      7.364      0.000
   134         21  (g)                -71    70    70   136   160   517   526     -0.618      0.203     17.182     17.195      0.000
   135         -1  (dbar)             -71    99    99   136   160     0   517      0.501      0.139    295.654    295.655      0.330
   136        211  pi+                 83   129   135     0     0     0     0      0.417     -0.197    -48.197     48.199      0.140
   137        111  (pi0)              -83   129   135   296   297     0     0      0.489     -0.669    -71.247     71.252      0.135
   138       -211  pi-                 83   129   135     0     0     0     0      0.480     -0.344    -47.681     47.685      0.140
   139        211  pi+                 83   129   135     0     0     0     0      2.338     -0.801   -209.772    209.787      0.140
   140       -213  (rho-)             -83   129   135   233   234     0     0      3.860     -2.143   -495.843    495.864      1.092
   141       2224  (Delta++)          -83   129   135   235   236     0     0      2.746     -1.937   -262.005    262.029      1.149
   142       -211  pi-                 83   129   135     0     0     0     0     -0.463      0.478     -9.363      9.388      0.140
   143      -2114  (Deltabar0)        -83   129   135   237   238     0     0      0.751     -0.686    -14.192     14.329      1.694
   144        113  (rho0)             -83   129   135   239   240     0     0     -0.365      0.204     -6.290      6.446      1.350
   145        111  (pi0)              -83   129   135   298   299     0     0      0.188      0.762     -4.216      4.290      0.135
   146       -213  (rho-)             -83   129   135   241   242     0     0      0.132     -0.176     -0.875      1.319      0.962
   147        323  (K*+)              -83   129   135   243   244     0     0     -0.243     -0.032     -1.580      1.898      1.022
   148       -321  K-                  83   129   135     0     0     0     0     -0.633      0.547     -0.159      0.984      0.494
   149        211  pi+                 84   129   135     0     0     0     0     -0.444      1.827      2.142      2.853      0.140
   150       -211  pi-                 84   129   135     0     0     0     0     -0.384     -0.175      0.283      0.527      0.140
   151        111  (pi0)              -84   129   135   300   301     0     0     -0.002      0.186      0.218      0.316      0.135
   152       3212  (Sigma0)           -84   129   135   302   303     0     0     -1.280      2.629      3.405      4.644      1.193
   153      -3112  Sigmabar+           84   129   135     0     0     0     0     -0.180      1.231      4.024      4.378      1.197
   154        111  (pi0)              -84   129   135   304   305     0     0     -0.476     -0.244      4.230      4.266      0.135
   155       2112  n0                  84   129   135     0     0     0     0      0.331      0.659      9.973     10.045      0.940
   156      -2212  pbar-               84   129   135     0     0     0     0     -0.342      0.215      9.675      9.729      0.938
   157        321  K+                  84   129   135     0     0     0     0      0.045     -0.193     34.431     34.435      0.494
   158       -311  (Kbar0)            -84   129   135   245   245     0     0     -0.199      0.699     46.167     46.175      0.498
   159       -213  (rho-)             -84   129   135   246   247     0     0      0.448      0.412    149.737    149.742      1.106
   160        211  pi+                 84   129   135     0     0     0     0      0.002     -0.549     63.141     63.143      0.140
   161          1  (d)                -71    95    95   163   178   539     0      0.378     -1.638    166.901    166.910      0.330
   162       2101  (ud_0)             -71   100   100   163   178     0   539      0.373      0.231  -3050.808   3050.808      0.579
   163        111  (pi0)              -83   161   162   306   307     0     0      0.379     -0.176     29.258     29.261      0.135
   164        113  (rho0)             -83   161   162   248   249     0     0     -0.237     -1.134     83.681     83.692      0.743
   165       2112  n0                  83   161   162     0     0     0     0      0.166     -0.103     15.158     15.188      0.940
   166        213  (rho+)             -83   161   162   250   251     0     0     -0.060     -0.213     14.352     14.410      1.265
   167      -2214  (Deltabar-)        -83   161   162   252   253     0     0      0.027      0.163     20.111     20.152      1.268
   168       -211  pi-                 83   161   162     0     0     0     0     -0.298     -0.364      1.683      1.753      0.140
   169        323  (K*+)              -83   161   162   254   255     0     0      0.423      0.076      0.479      1.064      0.848
   170       -313  (K*bar0)           -83   161   162   256   257     0     0     -0.482      0.522      0.632      1.290      0.872
   171       2112  n0                  83   161   162     0     0     0     0      0.464     -0.585      0.075      1.203      0.940
   172      -2212  pbar-               84   161   162     0     0     0     0     -0.017      0.181     -1.432      1.722      0.938
   173        213  (rho+)             -84   161   162   258   259     0     0     -0.118      0.146     -9.276      9.309      0.761
   174       -213  (rho-)             -84   161   162   260   261     0     0      0.302     -0.154     -8.110      8.153      0.763
   175        223  (omega)            -84   161   162   308   310     0     0     -0.218     -0.493   -482.311    482.312      0.785
   176        111  (pi0)              -84   161   162   311   312     0     0     -0.194      0.337   -531.382    531.382      0.135
   177        221  (eta)              -84   161   162   313   315     0     0      0.169      0.446   -248.170    248.171      0.548
   178       2212  p+                  84   161   162     0     0     0     0      0.445     -0.055  -1768.655   1768.656      0.938
   179          2  (u)                -71    91    91   182   198   536     0     -0.267     -0.238   1973.711   1973.711      0.330
   180          1  (d)                -71    77    77   182   198   519     0     -0.550     -0.300      1.414      1.582      0.330
   181          2  (u)                -71   101   101   182   198   534     0      0.021      0.573   -489.335    489.335      0.330
   182        113  (rho0)             -86   179   181   262   263     0     0      0.033     -0.098    856.260    856.261      0.735
   183        111  (pi0)              -86   179   181   316   317     0     0     -0.398      0.204    621.397    621.397      0.135
   184        113  (rho0)             -86   179   181   264   265     0     0      0.182     -0.392    408.725    408.726      0.764
   185        331  (eta')             -86   179   181   318   319     0     0     -0.635     -0.057     59.275     59.287      0.957
   186       2212  p+                  86   179   181     0     0     0     0      0.617      0.189     13.159     13.208      0.938
   187      -2112  nbar0               86   179   181     0     0     0     0     -0.276     -0.126      9.620      9.671      0.940
   188        113  (rho0)             -86   179   181   266   267     0     0     -0.350     -0.288      1.829      2.072      0.861
   189        111  (pi0)              -86   179   181   320   321     0     0      0.034      0.095      0.935      0.950      0.135
   190       2212  p+                  83   179   181     0     0     0     0     -0.095     -0.291   -126.469    126.473      0.938
   191      -2212  pbar-               83   179   181     0     0     0     0      0.011      0.740   -212.741    212.744      0.938
   192        211  pi+                 83   179   181     0     0     0     0      0.314     -0.403    -31.069     31.074      0.140
   193       -211  pi-                 83   179   181     0     0     0     0     -0.475      0.623    -84.606     84.609      0.140
   194        213  (rho+)             -84   179   181   268   269     0     0     -0.183     -0.368    -31.724     31.740      0.930
   195       -211  pi-                 84   179   181     0     0     0     0      0.303      0.320     -1.211      1.296      0.140
   196        213  (rho+)             -84   179   181   270   271     0     0      0.266      0.011     -0.772      0.994      0.567
   197       2112  n0                  88   179   181     0     0     0     0      0.282     -0.019      0.167      0.995      0.940
   198       -213  (rho-)             -84   179   181   272   273     0     0     -0.427     -0.103      3.015      3.132      0.724
   199          3  (s)                -71   110   110   207   227   528     0      0.754      1.874    169.631    169.644      0.663
   200         21  (g)                -71    92    92   207   227   535   528      0.169      0.312     98.011     98.012      0.000
   201         21  (g)                -71    69    69   207   227   516   535     -1.489      2.231   1385.879   1385.881      0.000
   202         21  (g)                -71    88    88   207   227   533   516      0.589     -0.288    313.395    313.396      0.000
   203         21  (g)                -71    68    68   207   227   518   533      0.363     -1.945     59.434     59.467      0.000
   204         21  (g)                -71    73    73   207   227   521   518      0.987     -1.575     32.677     32.729      0.000
   205         21  (g)                -71   111   111   207   227   538   521      0.052     -0.111      0.151      0.485      0.444
   206         -5  (bbar)             -71   104   104   207   227     0   538    -83.008    -18.253   -801.303    805.813      4.920
   207       -321  K-                  83   199   206     0     0     0     0      0.171      0.358     86.330     86.332      0.494
   208        111  (pi0)              -83   199   206   322   323     0     0      0.041      2.028    187.633    187.644      0.135
   209        211  pi+                 83   199   206     0     0     0     0      0.183      0.099    361.923    361.923      0.140
   210       -211  pi-                 83   199   206     0     0     0     0     -0.154      0.211     71.393     71.393      0.140
   211        113  (rho0)             -83   199   206   274   275     0     0     -0.047      0.093    321.123    321.123      0.742
   212       2212  p+                  83   199   206     0     0     0     0      0.041      0.506    201.921    201.924      0.938
   213      -2112  nbar0               83   199   206     0     0     0     0     -0.803      0.393    504.822    504.823      0.940
   214       -211  pi-                 83   199   206     0     0     0     0      0.419     -0.212    186.749    186.750      0.140
   215        221  (eta)              -83   199   206   324   326     0     0     -0.031      0.221     28.311     28.317      0.548
   216        211  pi+                 83   199   206     0     0     0     0      0.139     -0.706     48.868     48.873      0.140
   217       -213  (rho-)             -84   199   206   276   277     0     0      0.783     -1.047     32.529     32.563      0.704
   218        223  (omega)            -84   199   206   327   329     0     0      0.478     -1.018     11.238     11.321      0.780
   219        221  (eta)              -84   199   206   330   332     0     0      0.213     -0.051     10.735     10.751      0.548
   220        223  (omega)            -84   199   206   333   335     0     0      0.324     -0.095      2.789      2.913      0.770
   221        211  pi+                 84   199   206     0     0     0     0     -0.665     -0.321      1.277      1.482      0.140
   222       2112  n0                  84   199   206     0     0     0     0     -0.251     -0.341      1.094      1.503      0.940
   223      -2114  (Deltabar0)        -84   199   206   278   279     0     0      0.114      0.146     -2.314      2.612      1.197
   224        223  (omega)            -84   199   206   336   338     0     0     -1.503     -0.007    -14.851     14.948      0.789
   225       -213  (rho-)             -84   199   206   280   281     0     0      0.145     -0.516     -4.573      4.669      0.776
   226        111  (pi0)              -84   199   206   339   340     0     0     -3.795     -0.598    -29.879     30.125      0.135
   227        521  (B+)               -84   199   206   341   343     0     0    -77.386    -16.898   -749.243    753.436      5.279
   228        311  (K0)               -91   113     0   282   282     0     0     -0.218      0.117    714.560    714.560      0.498
   229        111  (pi0)              -91   113     0   344   345     0     0     -0.300      0.318    266.357    266.357      0.135
   230        311  (K0)               -91   126     0   283   283     0     0      0.522      0.154    -13.098     13.118      0.498
   231        211  pi+                 91   126     0     0     0     0     0     -0.161      0.206     -6.467      6.474      0.140
   232        130  K_L0                91   127   127     0     0     0     0     -0.290     -0.069     -8.197      8.217      0.498
   233       -211  pi-                 91   140     0     0     0     0     0      3.281     -1.451   -420.580    420.595      0.140
   234        111  (pi0)              -91   140     0   346   347     0     0      0.579     -0.693    -75.263     75.269      0.135
   235       2212  p+                  91   141     0     0     0     0     0      2.605     -1.795   -239.010    239.033      0.938
   236        211  pi+                 91   141     0     0     0     0     0      0.141     -0.142    -22.995     22.996      0.140
   237      -2112  nbar0               91   143     0     0     0     0     0      0.203     -0.935     -8.763      8.865      0.940
   238        111  (pi0)              -91   143     0   348   349     0     0      0.549      0.249     -5.429      5.464      0.135
   239        211  pi+                 91   144     0     0     0     0     0     -0.436      0.721     -4.345      4.428      0.140
   240       -211  pi-                 91   144     0     0     0     0     0      0.071     -0.517     -1.944      2.018      0.140
   241       -211  pi-                 91   146     0     0     0     0     0      0.502     -0.200     -0.338      0.653      0.140
   242        111  (pi0)              -91   146     0   350   351     0     0     -0.370      0.023     -0.537      0.666      0.135
   243        311  (K0)               -91   147     0   284   284     0     0     -0.473     -0.071     -1.430      1.588      0.498
   244        211  pi+                 91   147     0     0     0     0     0      0.229      0.039     -0.150      0.310      0.140
   245        310  (K_S0)             -91   158   158   352   353     0     0     -0.199      0.699     46.167     46.175      0.498
   246       -211  pi-                 91   159     0     0     0     0     0      0.186     -0.330     74.213     74.214      0.140
   247        111  (pi0)              -91   159     0   354   355     0     0      0.263      0.742     75.524     75.528      0.135
   248        211  pi+                 91   164     0     0     0     0     0      0.009     -1.036     71.524     71.531      0.140
   249       -211  pi-                 91   164     0     0     0     0     0     -0.246     -0.098     12.157     12.161      0.140
   250        211  pi+                 91   166     0     0     0     0     0     -0.530      0.118     10.220     10.235      0.140
   251        111  (pi0)              -91   166     0   356   357     0     0      0.470     -0.332      4.133      4.175      0.135
   252      -2212  pbar-               91   167     0     0     0     0     0     -0.164     -0.061     14.757     14.788      0.938
   253        111  (pi0)              -91   167     0   358   359     0     0      0.191      0.224      5.354      5.364      0.135
   254        311  (K0)               -91   169     0   285   285     0     0      0.285      0.228      0.122      0.629      0.498
   255        211  pi+                 91   169     0     0     0     0     0      0.138     -0.152      0.357      0.435      0.140
   256       -321  K-                  91   170     0     0     0     0     0     -0.588      0.361      0.620      1.051      0.494
   257        211  pi+                 91   170     0     0     0     0     0      0.107      0.161      0.011      0.239      0.140
   258        211  pi+                 91   173     0     0     0     0     0      0.201     -0.137     -2.034      2.054      0.140
   259        111  (pi0)              -91   173     0   360   361     0     0     -0.319      0.283     -7.242      7.256      0.135
   260       -211  pi-                 91   174     0     0     0     0     0      0.033      0.052     -6.514      6.516      0.140
   261        111  (pi0)              -91   174     0   362   363     0     0      0.268     -0.206     -1.596      1.637      0.135
   262        211  pi+                 91   182     0     0     0     0     0      0.261      0.165    525.482    525.482      0.140
   263       -211  pi-                 91   182     0     0     0     0     0     -0.228     -0.263    330.779    330.779      0.140
   264        211  pi+                 91   184     0     0     0     0     0     -0.085     -0.111     27.070     27.070      0.140
   265       -211  pi-                 91   184     0     0     0     0     0      0.267     -0.281    381.655    381.655      0.140
   266        211  pi+                 91   188     0     0     0     0     0     -0.370     -0.057      0.254      0.474      0.140
   267       -211  pi-                 91   188     0     0     0     0     0      0.021     -0.231      1.575      1.598      0.140
   268        211  pi+                 91   194     0     0     0     0     0      0.164     -0.558    -18.738     18.748      0.140
   269        111  (pi0)              -91   194     0   364   365     0     0     -0.347      0.190    -12.986     12.992      0.135
   270        211  pi+                 91   196     0     0     0     0     0      0.211     -0.155     -0.148      0.332      0.140
   271        111  (pi0)              -91   196     0   366   367     0     0      0.055      0.166     -0.624      0.662      0.135
   272       -211  pi-                 91   198     0     0     0     0     0      0.017     -0.003      0.087      0.165      0.140
   273        111  (pi0)              -91   198     0   368   369     0     0     -0.444     -0.100      2.928      2.966      0.135
   274        211  pi+                 91   211     0     0     0     0     0     -0.116      0.044    304.758    304.758      0.140
   275       -211  pi-                 91   211     0     0     0     0     0      0.069      0.049     16.364     16.365      0.140
   276       -211  pi-                 91   217     0     0     0     0     0      0.472     -0.827     27.800     27.817      0.140
   277        111  (pi0)              -91   217     0   370   371     0     0      0.310     -0.220      4.729      4.746      0.135
   278      -2112  nbar0               91   223     0     0     0     0     0     -0.104      0.107     -1.813      2.047      0.940
   279        111  (pi0)              -91   223     0   372   373     0     0      0.218      0.039     -0.501      0.565      0.135
   280       -211  pi-                 91   225     0     0     0     0     0      0.024     -0.498     -4.352      4.383      0.140
   281        111  (pi0)              -91   225     0   374   375     0     0      0.121     -0.017     -0.221      0.286      0.135
   282        130  K_L0                91   228   228     0     0     0     0     -0.218      0.117    714.560    714.560      0.498
   283        310  K_S0                91   230   230     0     0     0     0      0.522      0.154    -13.098     13.118      0.498
   284        130  K_L0                91   243   243     0     0     0     0     -0.473     -0.071     -1.430      1.588      0.498
   285        310  K_S0                91   254   254     0     0     0     0      0.285      0.228      0.122      0.629      0.498
   286        -14  nu_mubar            91   117     0     0     0     0     0     -0.511     10.244    -19.928     22.412      0.000
   287         13  mu-                 91   117     0     0     0     0     0      0.519     28.092    -64.618     70.463      0.106
   288        413  (D*+)              -91   117     0   376   377     0     0     -0.259     17.121    -35.211     39.205      2.010
   289        211  pi+                 91   118     0     0     0     0     0     -0.183      0.788     -2.891      3.006      0.140
   290       -211  pi-                 91   118     0     0     0     0     0      0.217      0.636     -2.413      2.508      0.140
   291        111  (pi0)              -91   118     0   378   379     0     0      0.032      0.203     -0.402      0.472      0.135
   292       3122  Lambda0             91   121     0     0     0     0     0      0.349      1.646     -5.074      5.461      1.116
   293         22  gamma               91   121     0     0     0     0     0      0.025      0.253     -0.675      0.721      0.000
   294      -3122  Lambdabar0          91   122     0     0     0     0     0      0.091      1.774     -5.234      5.639      1.116
   295         22  gamma               91   122     0     0     0     0     0      0.024      0.237     -0.748      0.785      0.000
   296         22  gamma               91   137     0     0     0     0     0      0.251     -0.448    -41.596     41.599      0.000
   297         22  gamma               91   137     0     0     0     0     0      0.237     -0.221    -29.651     29.653      0.000
   298         22  gamma               91   145     0     0     0     0     0      0.060      0.095     -0.452      0.466      0.000
   299         22  gamma               91   145     0     0     0     0     0      0.128      0.667     -3.763      3.824      0.000
   300         22  gamma               91   151     0     0     0     0     0      0.064      0.068      0.100      0.137      0.000
   301         22  gamma               91   151     0     0     0     0     0     -0.067      0.118      0.117      0.179      0.000
   302       3122  Lambda0             91   152     0     0     0     0     0     -1.299      2.524      3.264      4.468      1.116
   303         22  gamma               91   152     0     0     0     0     0      0.019      0.105      0.141      0.177      0.000
   304         22  gamma               91   154     0     0     0     0     0     -0.016     -0.050      0.378      0.382      0.000
   305         22  gamma               91   154     0     0     0     0     0     -0.460     -0.194      3.852      3.884      0.000
   306         22  gamma               91   163     0     0     0     0     0      0.021      0.005      0.484      0.484      0.000
   307         22  gamma               91   163     0     0     0     0     0      0.357     -0.181     28.774     28.777      0.000
   308        211  pi+                 91   175     0     0     0     0     0      0.041     -0.144    -60.785     60.785      0.140
   309       -211  pi-                 91   175     0     0     0     0     0      0.031      0.083   -125.942    125.942      0.140
   310        111  (pi0)              -91   175     0   380   381     0     0     -0.289     -0.432   -295.585    295.585      0.135
   311         22  gamma               91   176     0     0     0     0     0     -0.109      0.251   -430.000    430.000      0.000
   312         22  gamma               91   176     0     0     0     0     0     -0.085      0.086   -101.382    101.382      0.000
   313        111  (pi0)              -91   177     0   382   383     0     0      0.098      0.183   -155.556    155.556      0.135
   314        111  (pi0)              -91   177     0   384   385     0     0      0.001      0.076    -43.232     43.232      0.135
   315        111  (pi0)              -91   177     0   386   387     0     0      0.070      0.187    -49.383     49.383      0.135
   316         22  gamma               91   183     0     0     0     0     0     -0.255      0.181    360.206    360.207      0.000
   317         22  gamma               91   183     0     0     0     0     0     -0.143      0.024    261.190    261.190      0.000
   318        113  (rho0)             -91   185     0   388   389     0     0     -0.586     -0.172     57.153     57.160      0.697
   319         22  gamma               91   185     0     0     0     0     0     -0.049      0.114      2.123      2.126      0.000
   320         22  gamma               91   189     0     0     0     0     0      0.080      0.035      0.377      0.387      0.000
   321         22  gamma               91   189     0     0     0     0     0     -0.046      0.059      0.557      0.562      0.000
   322         22  gamma               91   208     0     0     0     0     0     -0.035      0.408     40.883     40.885      0.000
   323         22  gamma               91   208     0     0     0     0     0      0.077      1.620    146.750    146.759      0.000
   324        111  (pi0)              -91   215     0   390   391     0     0     -0.001      0.042     12.113     12.113      0.135
   325        111  (pi0)              -91   215     0   392   393     0     0      0.103      0.094      5.703      5.707      0.135
   326        111  (pi0)              -91   215     0   394   395     0     0     -0.133      0.084     10.495     10.497      0.135
   327        211  pi+                 91   218     0     0     0     0     0      0.096     -0.146      0.812      0.842      0.140
   328       -211  pi-                 91   218     0     0     0     0     0      0.217     -0.442      7.091      7.110      0.140
   329        111  (pi0)              -91   218     0   396   397     0     0      0.164     -0.429      3.335      3.369      0.135
   330        211  pi+                 91   219     0     0     0     0     0      0.035     -0.004      1.512      1.519      0.140
   331       -211  pi-                 91   219     0     0     0     0     0      0.226     -0.055      5.717      5.724      0.140
   332        111  (pi0)              -91   219     0   398   399     0     0     -0.048      0.008      3.506      3.509      0.135
   333        211  pi+                 91   220     0     0     0     0     0      0.279      0.053      1.320      1.357      0.140
   334       -211  pi-                 91   220     0     0     0     0     0     -0.040     -0.141      1.326      1.342      0.140
   335        111  (pi0)              -91   220     0   400   401     0     0      0.084     -0.007      0.143      0.214      0.135
   336        211  pi+                 91   224     0     0     0     0     0     -0.391      0.121     -3.415      3.442      0.140
   337       -211  pi-                 91   224     0     0     0     0     0     -1.025     -0.244     -9.670      9.728      0.140
   338        111  (pi0)              -91   224     0   402   403     0     0     -0.086      0.117     -1.766      1.777      0.135
   339         22  gamma               91   226     0     0     0     0     0     -1.891     -0.349    -15.296     15.416      0.000
   340         22  gamma               91   226     0     0     0     0     0     -1.904     -0.248    -14.583     14.709      0.000
   341         22  gamma               91   227     0     0     0     0     0    -57.537    -12.067   -559.619    562.698      0.000
   342        111  (pi0)              -91   227     0   404   405     0     0     -6.090     -2.661    -59.703     60.072      0.135
   343        321  K+                  91   227     0     0     0     0     0    -13.759     -2.170   -129.920    130.666      0.494
   344         22  gamma               91   229     0     0     0     0     0     -0.041      0.003     44.181     44.181      0.000
   345         22  gamma               91   229     0     0     0     0     0     -0.259      0.314    222.176    222.176      0.000
   346         22  gamma               91   234     0     0     0     0     0      0.516     -0.671    -69.843     69.848      0.000
   347         22  gamma               91   234     0     0     0     0     0      0.063     -0.022     -5.421      5.421      0.000
   348         22  gamma               91   238     0     0     0     0     0      0.351      0.218     -3.939      3.961      0.000
   349         22  gamma               91   238     0     0     0     0     0      0.197      0.030     -1.490      1.503      0.000
   350         22  gamma               91   242     0     0     0     0     0     -0.057      0.032     -0.179      0.191      0.000
   351         22  gamma               91   242     0     0     0     0     0     -0.313     -0.009     -0.358      0.476      0.000
   352        111  (pi0)              -91   245     0   406   407     0     0     -0.163      0.110      7.846      7.850      0.135
   353        111  (pi0)              -91   245     0   408   409     0     0     -0.036      0.589     38.320     38.325      0.135
   354         22  gamma               91   247     0     0     0     0     0      0.238      0.711     68.385     68.390      0.000
   355         22  gamma               91   247     0     0     0     0     0      0.025      0.031      7.138      7.138      0.000
   356         22  gamma               91   251     0     0     0     0     0      0.206     -0.226      2.051      2.073      0.000
   357         22  gamma               91   251     0     0     0     0     0      0.264     -0.105      2.082      2.101      0.000
   358         22  gamma               91   253     0     0     0     0     0      0.012     -0.004      0.041      0.043      0.000
   359         22  gamma               91   253     0     0     0     0     0      0.179      0.228      5.313      5.320      0.000
   360         22  gamma               91   259     0     0     0     0     0     -0.128      0.034     -1.948      1.952      0.000
   361         22  gamma               91   259     0     0     0     0     0     -0.191      0.249     -5.295      5.304      0.000
   362         22  gamma               91   261     0     0     0     0     0      0.106     -0.163     -0.940      0.960      0.000
   363         22  gamma               91   261     0     0     0     0     0      0.162     -0.043     -0.656      0.677      0.000
   364         22  gamma               91   269     0     0     0     0     0     -0.003      0.007     -0.030      0.031      0.000
   365         22  gamma               91   269     0     0     0     0     0     -0.344      0.183    -12.955     12.961      0.000
   366         22  gamma               91   271     0     0     0     0     0      0.032      0.185     -0.574      0.604      0.000
   367         22  gamma               91   271     0     0     0     0     0      0.023     -0.019     -0.051      0.059      0.000
   368         22  gamma               91   273     0     0     0     0     0     -0.062     -0.066      0.522      0.530      0.000
   369         22  gamma               91   273     0     0     0     0     0     -0.383     -0.033      2.406      2.437      0.000
   370         22  gamma               91   277     0     0     0     0     0      0.076     -0.101      2.189      2.192      0.000
   371         22  gamma               91   277     0     0     0     0     0      0.234     -0.119      2.540      2.553      0.000
   372         22  gamma               91   279     0     0     0     0     0      0.051      0.071     -0.199      0.217      0.000
   373         22  gamma               91   279     0     0     0     0     0      0.167     -0.032     -0.303      0.347      0.000
   374         22  gamma               91   281     0     0     0     0     0      0.003      0.016      0.014      0.021      0.000
   375         22  gamma               91   281     0     0     0     0     0      0.119     -0.033     -0.235      0.265      0.000
   376        421  (D0)               -91   288     0   410   414     0     0     -0.258     16.092    -33.150     36.897      1.865
   377        211  pi+                 91   288     0     0     0     0     0     -0.001      1.030     -2.060      2.308      0.140
   378         22  gamma               91   291     0     0     0     0     0      0.060      0.203     -0.314      0.379      0.000
   379         22  gamma               91   291     0     0     0     0     0     -0.028     -0.000     -0.089      0.093      0.000
   380         22  gamma               91   310     0     0     0     0     0     -0.297     -0.396   -283.488    283.488      0.000
   381         22  gamma               91   310     0     0     0     0     0      0.008     -0.036    -12.097     12.097      0.000
   382         22  gamma               91   313     0     0     0     0     0      0.118      0.084   -100.082    100.082      0.000
   383         22  gamma               91   313     0     0     0     0     0     -0.020      0.099    -55.473     55.474      0.000
   384         22  gamma               91   314     0     0     0     0     0      0.060      0.018    -11.610     11.610      0.000
   385         22  gamma               91   314     0     0     0     0     0     -0.059      0.058    -31.622     31.622      0.000
   386         22  gamma               91   315     0     0     0     0     0     -0.003     -0.018     -7.309      7.309      0.000
   387         22  gamma               91   315     0     0     0     0     0      0.073      0.205    -42.073     42.074      0.000
   388        211  pi+                 91   318     0     0     0     0     0     -0.139     -0.350     32.072     32.075      0.140
   389       -211  pi-                 91   318     0     0     0     0     0     -0.446      0.178     25.080     25.085      0.140
   390         22  gamma               91   324     0     0     0     0     0      0.021      0.079      4.763      4.764      0.000
   391         22  gamma               91   324     0     0     0     0     0     -0.022     -0.037      7.350      7.350      0.000
   392         22  gamma               91   325     0     0     0     0     0      0.120      0.110      4.279      4.282      0.000
   393         22  gamma               91   325     0     0     0     0     0     -0.017     -0.016      1.424      1.425      0.000
   394         22  gamma               91   326     0     0     0     0     0     -0.153      0.067      7.162      7.164      0.000
   395         22  gamma               91   326     0     0     0     0     0      0.020      0.017      3.333      3.333      0.000
   396         22  gamma               91   329     0     0     0     0     0      0.162     -0.377      2.582      2.614      0.000
   397         22  gamma               91   329     0     0     0     0     0      0.002     -0.052      0.753      0.755      0.000
   398         22  gamma               91   332     0     0     0     0     0     -0.044     -0.059      1.458      1.460      0.000
   399         22  gamma               91   332     0     0     0     0     0     -0.004      0.067      2.048      2.049      0.000
   400         22  gamma               91   335     0     0     0     0     0      0.001     -0.050      0.009      0.051      0.000
   401         22  gamma               91   335     0     0     0     0     0      0.084      0.042      0.133      0.163      0.000
   402         22  gamma               91   338     0     0     0     0     0      0.017      0.089     -0.750      0.756      0.000
   403         22  gamma               91   338     0     0     0     0     0     -0.104      0.028     -1.015      1.021      0.000
   404         22  gamma               91   342     0     0     0     0     0     -5.099     -2.280    -50.037     50.348      0.000
   405         22  gamma               91   342     0     0     0     0     0     -0.991     -0.381     -9.666      9.724      0.000
   406         22  gamma               91   352     0     0     0     0     0     -0.033      0.098      4.210      4.212      0.000
   407         22  gamma               91   352     0     0     0     0     0     -0.130      0.012      3.636      3.638      0.000
   408         22  gamma               91   353     0     0     0     0     0      0.001      0.023      0.494      0.494      0.000
   409         22  gamma               91   353     0     0     0     0     0     -0.037      0.566     37.827     37.831      0.000
   410        311  (K0)               -91   376     0   415   415     0     0     -0.311      5.911    -12.104     13.483      0.498
   411        211  pi+                 91   376     0     0     0     0     0      0.360      4.595     -9.132     10.230      0.140
   412       -211  pi-                 91   376     0     0     0     0     0     -0.072      2.549     -4.838      5.471      0.140
   413        111  (pi0)              -91   376     0   416   417     0     0      0.034      1.299     -3.070      3.336      0.135
   414        111  (pi0)              -91   376     0   418   419     0     0     -0.269      1.738     -4.006      4.377      0.135
   415        310  (K_S0)             -91   410   410   420   421     0     0     -0.311      5.911    -12.104     13.483      0.498
   416         22  gamma               91   413     0     0     0     0     0     -0.040      0.660     -1.464      1.607      0.000
   417         22  gamma               91   413     0     0     0     0     0      0.074      0.639     -1.605      1.730      0.000
   418         22  gamma               91   414     0     0     0     0     0     -0.177      0.802     -1.973      2.137      0.000
   419         22  gamma               91   414     0     0     0     0     0     -0.092      0.936     -2.033      2.240      0.000
   420        211  pi+                 91   415     0     0     0     0     0      0.010      3.361     -7.035      7.798      0.140
   421       -211  pi-                 91   415     0     0     0     0     0     -0.322      2.551     -5.069      5.685      0.140
                                   Charge sum:  2.000           Momentum sum:      0.000     -0.000     -0.000  13000.000  13000.000

 --------  End PYTHIA Event Listing  -----------------------------------------------------------------------------------------------
#--------------------------------------------------------------------------
#                     FastJet release 3.4.0 [fjcore]
#                 M. Cacciari, G.P. Salam and G. Soyez                  
#     A software package for jet finding and analysis at colliders      
#                           http://fastjet.fr                           
#	                                                                      
# Please cite EPJC72(2012)1896 [arXiv:1111.6097] if you use this package
# for scientific work and optionally PLB641(2006)57 [hep-ph/0512210].   
#                                                                       
# FastJet is provided without warranty under the GNU GPL v2 or higher.  
# It uses T. Chan's closest pair algorithm, S. Fortune's Voronoi code
# and 3rd party plugin jet algorithms. See COPYING file for details.
#--------------------------------------------------------------------------
 PYTHIA Warning in SimpleSpaceShower::pT2nextQCD: weight above unity  
 PYTHIA Warning in StringFragmentation::fragmentToJunction: bad convergence junction rest frame  
 PYTHIA Warning in SimpleSpaceShower::pT2nextQCD: small daughter PDF  
 PYTHIA Error in BeamRemnants::setKinematics: kinematics construction failed  

 Pythia::next(): 1000 events have been generated 

 Pythia::next(): 2000 events have been generated 

 Pythia::next(): 3000 events have been generated 

 Pythia::next(): 4000 events have been generated 

 Pythia::next(): 5000 events have been generated 
 PYTHIA Error in SimpleSpaceShower::pT2nearThreshold: stuck in loop  
 PYTHIA Warning in ColConfig::collect: negative-energy parton encountered  
 PYTHIA Error in StringFragmentation::fragment: stuck in joining  
 PYTHIA Error in Pythia::next: hadronLevel failed; try again  
 PYTHIA Warning in Pythia::check: not quite matched particle energy/momentum/mass  

 Pythia::next(): 6000 events have been generated 

 Pythia::next(): 7000 events have been generated 
 PYTHIA Error in Pythia::check: unmatched particle energy/momentum/mass  
 PYTHIA Error in Pythia::next: check of event revealed problems  
 PYTHIA Warning in Pythia::check: energy-momentum not quite conserved  

 Pythia::next(): 8000 events have been generated 

 Pythia::next(): 9000 events have been generated 
 PYTHIA Warning in MultipartonInteractions::pTnext: weight above unity  

 *-------  PYTHIA Event and Cross Section Statistics  -------------------------------------------------------------*
 |                                                                                                                 |
 | Subprocess                                    Code |            Number of events       |      sigma +- delta    |
 |                                                    |       Tried   Selected   Accepted |     (estimated) (mb)   |
 |                                                    |                                   |                        |
 |-----------------------------------------------------------------------------------------------------------------|
 |                                                    |                                   |                        |
 | Les Houches User Process(es)                  9999 |       10000      10000      10000 |   8.350e-08  0.000e+00 |
 |    ... whereof user classification code     322200 |       10000      10000      10000 |                        | 
 |                                                    |                                   |                        |
 | sum                                                |       10000      10000      10000 |   8.350e-08  0.000e+00 |
 |                                                                                                                 |
 *-------  End PYTHIA Event and Cross Section Statistics ----------------------------------------------------------*

 *-------  PYTHIA Error and Warning Messages Statistics  ----------------------------------------------------------* 
 |                                                                                                                 | 
 |  times   message                                                                                                | 
 |                                                                                                                 | 
 |      8   Error in BeamRemnants::setKinematics: kinematics construction failed                                   | 
 |      1   Error in Pythia::check: unmatched particle energy/momentum/mass                                        | 
 |      1   Error in Pythia::next: check of event revealed problems                                                | 
 |      2   Error in Pythia::next: hadronLevel failed; try again                                                   | 
 |     17   Error in SimpleSpaceShower::pT2nearThreshold: stuck in loop                                            | 
 |      2   Error in StringFragmentation::fragment: stuck in joining                                               | 
 |      1   Warning in ColConfig::collect: negative-energy parton encountered                                      | 
 |      1   Warning in MultipartonInteractions::pTnext: weight above unity                                         | 
 |      1   Warning in Pythia::check: energy-momentum not quite conserved                                          | 
 |      4   Warning in Pythia::check: not quite matched particle energy/momentum/mass                              | 
 |   1696   Warning in SimpleSpaceShower::pT2nextQCD: small daughter PDF                                           | 
 |   4423   Warning in SimpleSpaceShower::pT2nextQCD: weight above unity                                           | 
 |     44   Warning in StringFragmentation::fragmentToJunction: bad convergence junction rest frame                | 
 |      2   Warning in TimeShower::init: pTmin too low                                                             | 
 |                                                                                                                 | 
 *-------  End PYTHIA Error and Warning Messages Statistics  ------------------------------------------------------* 
Using LHE File: /nfs/dust/cms/user/amoroso/powheg/POWHEG-BOX-V2/ttJ_MiNNLOPS_v1.0_beta1/decay-ll/pwgevents-0476.lhe
less then 10000 events in LHE, using all LHE events
np.shape(P0) = (10000, 3, 9)
np.shape(nJets) = (10000, 2)
np.shape(jets_4vectors) = (10000, 20, 6)
