Configured CUDA from: /cvmfs/sft.cern.ch/lcg/releases/cuda/12.4-4899e/x86_64-el9-gcc11-opt

 *------------------------------------------------------------------------------------* 
 |                                                                                    | 
 |  *------------------------------------------------------------------------------*  | 
 |  |                                                                              |  | 
 |  |                                                                              |  | 
 |  |   PPP   Y   Y  TTTTT  H   H  III    A      Welcome to the Lund Monte Carlo!  |  | 
 |  |   P  P   Y Y     T    H   H   I    A A     This is PYTHIA version 8.309      |  | 
 |  |   PPP     Y      T    HHHHH   I   AAAAA    Last date of change: 16 Feb 2023  |  | 
 |  |   P       Y      T    H   H   I   A   A                                      |  | 
 |  |   P       Y      T    H   H  III  A   A    Now is 03 Sep 2024 at 19:06:08    |  | 
 |  |                                                                              |  | 
 |  |   Program documentation and an archive of historic versions is found on:     |  | 
 |  |                                                                              |  | 
 |  |                               https://pythia.org/                            |  | 
 |  |                                                                              |  | 
 |  |   PYTHIA is authored by a collaboration consisting of:                       |  | 
 |  |                                                                              |  | 
 |  |   Christian Bierlich, Nishita Desai, Leif Gellersen, Ilkka Helenius, Philip  |  | 
 |  |   Ilten, Leif Lonnblad, Stephen Mrenna, Stefan Prestel, Christian Preuss,    |  | 
 |  |   Torbjorn Sjostrand, Peter Skands, Marius Utheim and Rob Verheyen.          |  | 
 |  |                                                                              |  | 
 |  |   The complete list of authors, including contact information and            |  | 
 |  |   affiliations, can be found on https://pythia.org/.                         |  | 
 |  |   Problems or bugs should be reported on email at authors@pythia.org.        |  | 
 |  |                                                                              |  | 
 |  |   The main program reference is C. Bierlich et al,                           |  | 
 |  |   'A comprehensive guide to the physics and usage of Pythia 8.3',            |  | 
 |  |   SciPost Phys. Codebases 8-r8.3 (2022) [arXiv:2203.11601 [hep-ph]]          |  | 
 |  |                                                                              |  | 
 |  |   PYTHIA is released under the GNU General Public Licence version 2 or later.|  | 
 |  |   Please respect the MCnet Guidelines for Event Generator Authors and Users. |  | 
 |  |                                                                              |  | 
 |  |   Disclaimer: this program comes without any guarantees.                     |  | 
 |  |   Beware of errors and use common sense when interpreting results.           |  | 
 |  |                                                                              |  | 
 |  |   Copyright (C) 2023 Torbjorn Sjostrand                                      |  | 
 |  |                                                                              |  | 
 |  |                                                                              |  | 
 |  *------------------------------------------------------------------------------*  | 
 |                                                                                    | 
 *------------------------------------------------------------------------------------* 


 *-------  PYTHIA Process Initialization  --------------------------*
 |                                                                  |
 | We collide p+ with p+ at a CM energy of 1.300e+04 GeV            |
 |                                                                  |
 |------------------------------------------------------------------|
 |                                                    |             |
 | Subprocess                                    Code |   Estimated |
 |                                                    |    max (mb) |
 |                                                    |             |
 |------------------------------------------------------------------|
 |                                                    |             |
 | Les Houches User Process(es)                  9999 |   1.000e-09 |
 |                                                                  |
 *-------  End PYTHIA Process Initialization -----------------------*
 PYTHIA Warning in TimeShower::init: pTmin too low , raised to 0.611

 *-------  PYTHIA Multiparton Interactions Initialization  ---------* 
 |                                                                  | 
 |                   sigmaNonDiffractive =    55.51 mb              | 
 |                                                                  | 
 |    pT0 =  1.44 gives sigmaInteraction =   398.79 mb: accepted    | 
 |                                                                  | 
 *-------  End PYTHIA Multiparton Interactions Initialization  -----* 

 *-------  PYTHIA Flag + Mode + Parm + Word + FVec + MVec + PVec + WVec Settings (changes only)  ------------------* 
 |                                                                                                                 | 
 | Name                                          |                      Now |      Default         Min         Max | 
 |                                               |                          |                                      | 
 | Beams:frameType                               |                        4 |            1           1           5 | 
 | Beams:LHEF                                    | /nfs/dust/cms/user/amoroso/powheg/POWHEG-BOX-V2/ttJ_MiNNLOPS_v1.0_beta1/decay-ll/pwgevents-0891.lhe |         void | 
 | ColourReconnection:range                      |                  5.17600 |      1.80000         0.0    10.00000 | 
 | Main:timesAllowErrors                         |                      500 |           10           0             | 
 | MultipartonInteractions:alphaSorder           |                        2 |            1           0           3 | 
 | MultipartonInteractions:alphaSvalue           |                  0.11800 |      0.13000   0.0600000     0.25000 | 
 | MultipartonInteractions:bProfile              |                        2 |            3           0           4 | 
 | MultipartonInteractions:coreFraction          |                  0.63000 |      0.50000         0.0     1.00000 | 
 | MultipartonInteractions:coreRadius            |                  0.76340 |      0.40000     0.10000     1.00000 | 
 | MultipartonInteractions:ecmPow                |                0.0334400 |      0.21500         0.0     0.50000 | 
 | MultipartonInteractions:pT0Ref                |                  1.41000 |      2.28000     0.50000    10.00000 | 
 | ParticleDecays:limitTau                       |                       on |          off                         | 
 | PartonLevel:FSR                               |                      off |           on                         | 
 | PDF:pSet                                      |                       20 |           13                         | 
 | Random:seed                                   |                      891 |           -1               900000000 | 
 | Random:setSeed                                |                       on |          off                         | 
 | SigmaProcess:alphaSorder                      |                        2 |            1           0           3 | 
 | SigmaProcess:alphaSvalue                      |                  0.11800 |      0.13000   0.0600000     0.25000 | 
 | SigmaTotal:mode                               |                        0 |            1           0           4 | 
 | SigmaTotal:sigmaEl                            |                 21.89000 |     25.00000         0.0             | 
 | SigmaTotal:sigmaTot                           |                100.30900 |    100.00000         0.0             | 
 | SigmaTotal:zeroAXB                            |                      off |           on                         | 
 | SpaceShower:alphaSorder                       |                        2 |            1           0           3 | 
 | SpaceShower:alphaSvalue                       |                  0.11800 |      0.13650   0.0600000     0.25000 | 
 | SpaceShower:dipoleRecoil                      |                       on |          off                         | 
 | SpaceShower:pTmaxMatch                        |                        1 |            0           0           2 | 
 | TimeShower:alphaSorder                        |                        2 |            1           0           3 | 
 | TimeShower:alphaSvalue                        |                  0.11800 |      0.13650   0.0600000     0.25000 | 
 |                                                                                                                 | 
 *-------  End PYTHIA Flag + Mode + Parm + Word + FVec + MVec + PVec + WVec Settings  -----------------------------* 

 --------  PYTHIA Particle Data Table (changed only)  ------------------------------------------------------------------------------
 
      id   name            antiName         spn chg col      m0        mWidth      mMin       mMax       tau0    res dec ext vis wid
             no onMode   bRatio   meMode     products 

       6  t                tbar               2   2   1  173.00000    1.36916   86.00000    0.00000  1.44122e-13   1   1   0   1   0
              0     1   0.0000664    0       24        1 
              1     1   0.0017361    0       24        3 
              2     1   0.9981975    0       24        5 
              3     1   0.0000000    0       37        5 

 --------  End PYTHIA Particle Data Table  -----------------------------------------------------------------------------------------

 PYTHIA Warning in SimpleSpaceShower::pT2nextQCD: weight above unity  

 --------  LHA event information and listing  ---------------------------------------------------------------------- 

    process =   322200    weight =   1.0325e+02     scale =   8.0544e+00 (GeV) 
                        alpha_em =  -1.0000e+00    alpha_strong =   2.0703e-01

    Participating Particles 
    no        id stat     mothers     colours      p_x        p_y        p_z         e          m        tau    spin 
     1        -2   -1     0     0     0   513      0.000      0.000     21.317     21.317      0.000   0.000   9.000
     2         2   -1     0     0   514     0      0.000      0.000  -3596.335   3596.335      0.000   0.000   9.000
     3         6    2     1     2   511     0     59.135    -75.335  -1221.678   1237.330    171.221   0.000   9.000
     4        -6    2     1     2     0   513    -86.413     63.087   -759.414    786.101    172.621   0.000   9.000
     5        21    1     1     2   512   511     20.007      8.782   -986.850    987.091      0.000   0.000   9.000
     6        21    1     1     2   514   512      7.271      3.466   -607.076    607.129      0.000   0.000   9.000
     7         5    1     3     3   511     0     81.809     -5.104   -377.663    386.487      4.920   0.000  -1.000
     8        24    2     3     3     0     0    -22.674    -70.231   -844.015    850.843     78.270   0.000   9.000
     9        -5    1     4     4     0   513     -1.819     60.546   -478.358    482.203      4.920   0.000   1.000
    10       -24    2     4     4     0     0    -84.594      2.542   -281.056    303.898     78.734   0.000   9.000
    11       -11    1     8     8     0     0     -9.646    -42.225   -761.594    762.824      0.001   0.000   1.000
    12        12    1     8     8     0     0    -13.027    -28.006    -82.421     88.019      0.000   0.000  -1.000
    13        11    1    10    10     0     0    -27.964      5.362    -15.626     32.479      0.001   0.000  -1.000
    14       -12    1    10    10     0     0    -56.630     -2.820   -265.430    271.419      0.000   0.000   1.000

 --------  End LHA event information and listing  ------------------------------------------------------------------ 

 --------  PYTHIA Info Listing  ---------------------------------------- 
 
 Beam A: id =   2212, pz =  6.500e+03, e =  6.500e+03, m =  9.383e-01.
 Beam B: id =   2212, pz = -6.500e+03, e =  6.500e+03, m =  9.383e-01.

 In 1: id =   -2, x =  3.280e-03, pdf =  0.000e+00 at Q2 =  6.487e+01.
 In 2: id =    2, x =  5.533e-01, pdf =  0.000e+00 at same Q2.

 Process Les Houches User Process(es) with code 9999 is 2 -> 4.
 Subprocess user process 322200 with code 322200 is 2 -> 4.
     alphaEM =  7.609e-03,  alphaS =  2.070e-01    at Q2 =  6.487e+01.

 Impact parameter b =  6.391e-01 gives enhancement factor =  1.863e+00.
 Max pT scale for MPI =  1.300e+04, ISR =  8.054e+00, FSR =  8.054e+00.
 Number of MPI =     6, ISR =     3, FSRproc =     0, FSRreson =     0.

 --------  End PYTHIA Info Listing  ------------------------------------

 --------  PYTHIA Event Listing  (hard process)  -----------------------------------------------------------------------------------
 
    no         id  name            status     mothers   daughters     colours      p_x        p_y        p_z         e          m 
     0         90  (system)           -11     0     0     0     0     0     0      0.000      0.000      0.000  13000.000  13000.000
     1       2212  (p+)               -12     0     0     3     0     0     0      0.000      0.000   6500.000   6500.000      0.938
     2       2212  (p+)               -12     0     0     4     0     0     0      0.000      0.000  -6500.000   6500.000      0.938
     3         -2  (ubar)             -21     1     0     5     8     0   513      0.000      0.000     21.317     21.317      0.000
     4          2  (u)                -21     2     0     5     8   514     0      0.000      0.000  -3596.335   3596.335      0.000
     5          6  (t)                -22     3     4     9    10   511     0     59.135    -75.335  -1221.678   1237.330    171.221
     6         -6  (tbar)             -22     3     4    11    12     0   513    -86.413     63.087   -759.414    786.101    172.621
     7         21  g                   23     3     4     0     0   512   511     20.007      8.782   -986.850    987.091      0.000
     8         21  g                   23     3     4     0     0   514   512      7.271      3.466   -607.076    607.129      0.000
     9          5  b                   23     5     0     0     0   511     0     81.809     -5.104   -377.663    386.487      4.920
    10         24  (W+)               -22     5     0    13    14     0     0    -22.674    -70.231   -844.015    850.843     78.270
    11         -5  bbar                23     6     0     0     0     0   513     -1.819     60.546   -478.358    482.203      4.920
    12        -24  (W-)               -22     6     0    15    16     0     0    -84.594      2.542   -281.056    303.898     78.734
    13        -11  e+                  23    10     0     0     0     0     0     -9.646    -42.225   -761.594    762.824      0.001
    14         12  nu_e                23    10     0     0     0     0     0    -13.027    -28.006    -82.421     88.019      0.000
    15         11  e-                  23    12     0     0     0     0     0    -27.964      5.362    -15.626     32.479      0.001
    16        -12  nu_ebar             23    12     0     0     0     0     0    -56.630     -2.820   -265.430    271.419      0.000
                                   Charge sum:  0.000           Momentum sum:     -0.000     -0.000  -3575.018   3617.652    553.765

 --------  End PYTHIA Event Listing  -----------------------------------------------------------------------------------------------

 --------  PYTHIA Event Listing  (complete event)  ---------------------------------------------------------------------------------
 
    no         id  name            status     mothers   daughters     colours      p_x        p_y        p_z         e          m 
     0         90  (system)           -11     0     0     0     0     0     0      0.000      0.000      0.000  13000.000  13000.000
     1       2212  (p+)               -12     0     0    47     0     0     0      0.000      0.000   6500.000   6500.000      0.938
     2       2212  (p+)               -12     0     0    48     0     0     0      0.000      0.000  -6500.000   6500.000      0.938
     3         -2  (ubar)             -21    47    47     5     8     0   513      0.000      0.000     21.317     21.317      0.000
     4          2  (u)                -21    48    48     5     8   514     0      0.000      0.000  -3596.335   3596.335      0.000
     5          6  (t)                -22     3     4    49    49   511     0     59.135    -75.335  -1221.678   1237.330    171.221
     6         -6  (tbar)             -22     3     4    50    50     0   513    -86.413     63.087   -759.414    786.101    172.621
     7         21  (g)                -23     3     4    51    51   512   511     20.007      8.782   -986.850    987.091      0.000
     8         21  (g)                -23     3     4    52    52   514   512      7.271      3.466   -607.076    607.129      0.000
     9         -3  (sbar)             -31    53    53    11    12     0   515      0.000      0.000    158.454    158.454      0.000
    10         21  (g)                -31    54    54    11    12   515   516      0.000      0.000    -82.134     82.134      0.000
    11         -3  (sbar)             -33     9    10    55    55     0   517     -4.205     -0.777    158.369    158.427      0.500
    12         21  (g)                -33     9    10    56    56   517   516      4.205      0.777    -82.049     82.161      0.000
    13         21  (g)                -31    57    57    15    16   518   519      0.000      0.000    294.482    294.482      0.000
    14         21  (g)                -31    58    58    15    16   520   521      0.000      0.000     -4.206      4.206      0.000
    15         21  (g)                -33    13    14    59    59   518   521      0.828     -1.997     -3.924      4.480      0.000
    16         21  (g)                -33    13    14    60    60   520   519     -0.828      1.997    294.200    294.208      0.000
    17         21  (g)                -31    21    21    19    20   523   522      0.000      0.000      2.695      2.695      0.000
    18         21  (g)                -31    22     0    19    20   524   523      0.000      0.000    -10.317     10.317      0.000
    19         21  (g)                -33    17    18    23    23   525   522      0.268     -1.576      2.389      2.874      0.000
    20         21  (g)                -33    17    18    24    24   524   525     -0.268      1.576    -10.011     10.137      0.000
    21         21  (g)                -42    30    30    17    17   523   522      0.000      0.000      2.695      2.695      0.000
    22         21  (g)                -41    31     0    25    18   524   526     -0.000      0.000    -35.636     35.636      0.000
    23         21  (g)                -44    19    19    32    32   525   522      0.268     -1.576      2.389      2.874      0.000
    24         21  (g)                -44    20    20    33    33   524   525     -0.410     -0.190     -1.224      1.304      0.000
    25         21  (g)                -43    22     0    34    34   523   526      0.141      1.766    -34.107     34.153      0.000
    26          2  (u)                -31    68    68    28    29   527     0      0.000      0.000     61.332     61.332      0.000
    27         21  (g)                -31    69    69    28    29   528   527      0.000      0.000     -6.487      6.487      0.000
    28          2  (u)                -33    26    27    70    70   529     0      0.764      1.213     61.244     61.262      0.330
    29         21  (g)                -33    26    27    71    71   528   529     -0.764     -1.213     -6.399      6.557      0.000
    30         21  (g)                -42    36     0    21    21   523   522      0.000      0.000      2.695      2.695      0.000
    31         21  (g)                -41    37    37    35    22   530   526     -0.000      0.000   -845.947    845.947      0.000
    32         21  (g)                -44    23    23    38    38   525   522      0.268     -1.576      2.389      2.874      0.000
    33         21  (g)                -44    24    24    39    39   524   525     -0.410     -0.190     -1.224      1.304      0.000
    34         21  (g)                -44    25    25    40    40   523   526     -1.039      2.463    -79.832     79.877      0.000
    35         21  (g)                -43    31     0    41    41   530   524      1.181     -0.697   -764.585    764.586      0.000
    36         21  (g)                -41    61    61    42    30   531   522      0.000     -0.000    119.731    119.731      0.000
    37         21  (g)                -42    62    62    31    31   530   526     -0.000      0.000   -845.947    845.947      0.000
    38         21  (g)                -44    32    32    63    63   525   522      0.010     -0.523      0.044      0.525      0.000
    39         21  (g)                -44    33    33    64    64   524   525     -0.410     -0.190     -1.224      1.304      0.000
    40         21  (g)                -44    34    34    65    65   523   526     -1.039      2.463    -79.832     79.877      0.000
    41         21  (g)                -44    35    35    66    66   530   524      1.181     -0.697   -764.585    764.586      0.000
    42         21  (g)                -43    36     0    67    67   531   523      0.258     -1.053    119.381    119.386      0.000
    43         -1  (dbar)             -31    72    72    45    46     0   532      0.000      0.000      0.490      0.490      0.000
    44         21  (g)                -31    73    73    45    46   532   533      0.000      0.000     -2.011      2.011      0.000
    45         -1  (dbar)             -33    43    44    74    74     0   534     -0.469      0.079      0.276      0.641      0.330
    46         21  (g)                -33    43    44    75    75   534   533      0.469     -0.079     -1.798      1.860      0.000
    47         -2  (ubar)             -61     1     0     3     3     0   513      1.265      0.332     21.297     21.337      0.000
    48          2  (u)                -61     2     0     4     4   530     0     -2.582     -0.962  -3596.327   3596.328      0.000
    49          6  (t)                -62     5     5    83    84   511     0     58.716    -75.542  -1222.861   1238.491    171.221
    50         -6  (tbar)             -62     6     6    85    86     0   524    -86.174     63.089   -757.331    784.063    172.621
    51         21  (g)                -62     7     7   113   113   512   523     19.305      8.520   -987.518    987.743      0.000
    52         21  (g)                -62     8     8   114   114   514   512      6.836      3.304   -607.320    607.368      0.000
    53         -3  (sbar)             -61     1     0     9     9     0   515     -2.143      1.089    158.436    158.454      0.000
    54         21  (g)                -61     2     0    10    10   515   516      1.245     -1.289    -82.116     82.136      0.000
    55         -3  (sbar)             -62    11    11   101   101     0   516     -6.347      0.311    158.300    158.428      0.500
    56         21  (g)                -62    12    12   110   110   517   511      5.448     -0.510    -81.980     82.162      0.000
    57         21  (g)                -61     1     0    13    13   521   521      0.312      0.947    294.462    294.464      0.000
    58         21  (g)                -61     2     0    14    14   519   519     -0.744      2.177     -3.895      4.524      0.000
    59         21  (g)                -62    15    15    91     0   518   528      0.085      0.176     -4.201      4.205      0.000
    60         21  (g)                -62    16    16   153   153   520   531     -0.517      2.947    294.767    294.783      0.000
    61         21  (g)                -61     1     0    36    36   526   526      1.002      2.469    119.716    119.746      0.000
    62         21  (g)                -61     2     0    37    37   522   522      2.033     -1.209   -845.941    845.945      0.000
    63         21  (g)                -62    38    38   154   154   525   520      0.013     -0.517      0.050      0.520      0.000
    64         21  (g)                -62    39    39   156   156   524   534     -0.407     -0.191     -1.220      1.300      0.000
    65         21  (g)                -62    40    40   112   112   523   518     -0.847      2.349    -79.856     79.895      0.000
    66         21  (g)                -62    41    41   115   115   530   514      3.018     -1.790   -764.576    764.584      0.000
    67         21  (g)                -62    42    42   152   152   531   513      1.258      1.409    119.377    119.392      0.000
    68          2  (u)                -61     1     0    26    26   515     0      2.062     -1.072     61.317     61.361      0.000
    69         21  (g)                -61     2     0    27    27   516   515      1.023      1.991     -6.293      6.679      0.000
    70          2  (u)                -62    28    28   100   100   516     0      2.831      0.142     61.473     61.539      0.330
    71         21  (g)                -62    29    29    91     0   528   517      0.254      0.777     -6.449      6.500      0.000
    72         -1  (dbar)             -61     1     0    43    43     0   515      0.374     -0.493      0.118      0.630      0.000
    73         21  (g)                -61     2     0    44    44   515   530     -1.293     -1.421     -2.346      3.032      0.000
    74         -1  (dbar)             -62    45    45   116   116     0   530     -0.087     -0.417      0.294      0.614      0.330
    75         21  (g)                -62    46    46   155   155   534   525     -0.833     -1.498     -2.522      3.049      0.000
    76       2203  (uu_1)             -63     1     0    97    97     0   535     -0.835     -0.850   3098.808   3098.808      0.771
    77          1  (d)                -63     1     0   151   151   513     0     -0.417     -0.587    345.271    345.272      0.330
    78          2  (u)                -63     1     0    92    92   537     0     -0.482     -0.903   1266.948   1266.948      0.330
    79          3  (s)                -63     1     0   178   178   515     0     -1.025     -0.405    328.669    328.672      0.500
    80         -2  (ubar)             -63     1     0    93    93     0   537      0.114     -0.281    564.145    564.145      0.330
    81          1  (d)                -63     1     0    96    96   535     0     -0.227     -0.245    239.625    239.625      0.330
    82       2101  (ud_0)             -63     2     0   179   179     0   515      0.319      0.713  -1961.894   1961.894      0.579
    83          5  (b)                -23    49     0   109   109   511     0     81.678     -5.168   -378.033    386.822      4.920
    84         24  (W+)               -22    49     0    87    88     0     0    -22.962    -70.373   -844.829    851.670     78.270
    85         -5  (bbar)             -23    50     0   157   157     0   524     -1.673     60.547   -477.080    480.935      4.920
    86        -24  (W-)               -22    50     0    89    90     0     0    -84.502      2.542   -280.250    303.128     78.734
    87        -11  e+                  23    84     0     0     0     0     0     -9.905    -42.353   -762.323    763.563      0.001
    88         12  nu_e                23    84     0     0     0     0     0    -13.057    -28.021    -82.506     88.107      0.000
    89         11  e-                  23    86     0     0     0     0     0    -27.954      5.362    -15.539     32.429      0.001
    90        -12  nu_ebar             23    86     0     0     0     0     0    -56.547     -2.819   -264.711    270.698      0.000
    91         21  (g)                -73    59    71   111   111   518   517      0.339      0.953    -10.649     10.706      0.419
    92          2  (u)                -71    78    78    94    95   537     0     -0.482     -0.903   1266.948   1266.948      0.330
    93         -2  (ubar)             -71    80    80    94    95     0   537      0.114     -0.281    564.145    564.145      0.330
    94        111  (pi0)              -82    92    93   260   261     0     0     -0.032     -0.631    616.530    616.530      0.135
    95        221  (eta)              -82    92    93   262   263     0     0     -0.336     -0.553   1214.563   1214.563      0.548
    96          1  (d)                -71    81    81    98    99   535     0     -0.227     -0.245    239.625    239.625      0.330
    97       2203  (uu_1)             -71    76    76    98    99     0   535     -0.835     -0.850   3098.808   3098.808      0.771
    98       -211  pi-                 82    96    97     0     0     0     0     -0.475     -0.656   1137.719   1137.719      0.140
    99       2224  (Delta++)          -82    96    97   200   201     0     0     -0.588     -0.438   2200.714   2200.714      1.269
   100          2  (u)                -71    70    70   102   108   516     0      2.831      0.142     61.473     61.539      0.330
   101         -3  (sbar)             -71    55    55   102   108     0   516     -6.347      0.311    158.300    158.428      0.500
   102        111  (pi0)              -83   100   101   264   265     0     0      0.739     -0.080     15.909     15.927      0.135
   103        211  pi+                 83   100   101     0     0     0     0      0.378      0.254      8.081      8.095      0.140
   104        111  (pi0)              -83   100   101   266   267     0     0      1.147      0.016     25.760     25.786      0.135
   105       2112  n0                  84   100   101     0     0     0     0     -1.143      0.361     43.868     43.894      0.940
   106      -2212  pbar-               84   100   101     0     0     0     0     -1.206      0.135     32.297     32.334      0.938
   107        113  (rho0)             -84   100   101   202   203     0     0     -2.037     -0.333     55.531     55.576      0.867
   108        321  K+                  84   100   101     0     0     0     0     -1.394      0.098     38.326     38.355      0.494
   109          5  (b)                -71    83    83   117   150   511     0     81.678     -5.168   -378.033    386.822      4.920
   110         21  (g)                -71    56    56   117   150   517   511      5.448     -0.510    -81.980     82.162      0.000
   111         21  (g)                -71    91    91   117   150   518   517      0.339      0.953    -10.649     10.706      0.419
   112         21  (g)                -71    65    65   117   150   523   518     -0.847      2.349    -79.856     79.895      0.000
   113         21  (g)                -71    51    51   117   150   512   523     19.305      8.520   -987.518    987.743      0.000
   114         21  (g)                -71    52    52   117   150   514   512      6.836      3.304   -607.320    607.368      0.000
   115         21  (g)                -71    66    66   117   150   530   514      3.018     -1.790   -764.576    764.584      0.000
   116         -1  (dbar)             -71    74    74   117   150     0   530     -0.087     -0.417      0.294      0.614      0.330
   117       -513  (B*bar0)           -83   109   116   268   269     0     0     77.680     -4.863   -361.436    369.759      5.325
   118       -211  pi-                 83   109   116     0     0     0     0      0.592     -0.028     -2.093      2.179      0.140
   119        211  pi+                 83   109   116     0     0     0     0      1.805     -0.312     -7.564      7.784      0.140
   120       -211  pi-                 83   109   116     0     0     0     0      2.314     -0.179    -20.325     20.457      0.140
   121        323  (K*+)              -83   109   116   204   205     0     0      1.050      0.346    -16.412     16.472      0.873
   122       -323  (K*-)              -83   109   116   206   207     0     0      0.762     -0.110    -12.694     12.762      1.068
   123        211  pi+                 83   109   116     0     0     0     0      1.025      0.345    -14.332     14.373      0.140
   124       -211  pi-                 83   109   116     0     0     0     0     -0.064     -0.104     -1.861      1.870      0.140
   125        321  K+                  83   109   116     0     0     0     0      1.135      0.086    -37.792     37.813      0.494
   126       -323  (K*-)              -83   109   116   208   209     0     0      0.621      0.910    -26.582     26.620      0.899
   127       2214  (Delta+)           -83   109   116   210   211     0     0      0.779      1.030    -46.820     46.877      1.902
   128       -213  (rho-)             -83   109   116   212   213     0     0     -0.132      0.230    -29.802     29.809      0.553
   129      -2114  (Deltabar0)        -83   109   116   214   215     0     0      3.029      1.930   -177.063    177.106      1.506
   130        211  pi+                 83   109   116     0     0     0     0      2.390      1.108   -108.061    108.093      0.140
   131        111  (pi0)              -83   109   116   270   271     0     0      0.588      0.305    -34.503     34.510      0.135
   132        111  (pi0)              -83   109   116   272   273     0     0      0.209     -0.016    -21.620     21.621      0.135
   133       -213  (rho-)             -83   109   116   216   217     0     0      2.688      1.099   -135.853    135.887      0.836
   134        213  (rho+)             -83   109   116   218   219     0     0      6.283      2.495   -333.407    333.477      0.865
   135        113  (rho0)             -84   109   116   220   221     0     0      2.247      1.407   -150.882    150.907      0.681
   136       -213  (rho-)             -84   109   116   222   223     0     0      3.367      1.788   -267.882    267.912      1.250
   137       2214  (Delta+)           -84   109   116   224   225     0     0      2.947      0.794   -239.569    239.592      1.263
   138        223  (omega)            -84   109   116   274   276     0     0      1.673      0.813   -199.203    199.213      0.786
   139      -2114  (Deltabar0)        -84   109   116   226   227     0     0      1.618     -1.102   -348.797    348.805      1.256
   140       -211  pi-                 84   109   116     0     0     0     0      0.431      0.234    -79.932     79.933      0.140
   141        221  (eta)              -84   109   116   277   279     0     0     -0.070     -0.501   -128.259    128.261      0.548
   142        221  (eta)              -84   109   116   280   282     0     0      0.485      0.182    -51.021     51.026      0.548
   143        211  pi+                 84   109   116     0     0     0     0      0.127     -0.178     -3.003      3.014      0.140
   144       -211  pi-                 84   109   116     0     0     0     0     -0.088      0.178     -7.828      7.832      0.140
   145        211  pi+                 84   109   116     0     0     0     0      0.034     -0.381    -17.164     17.169      0.140
   146        311  (K0)               -84   109   116   228   228     0     0      0.229      0.393    -14.228     14.244      0.498
   147       3224  (Sigma*+)          -84   109   116   229   230     0     0     -0.259     -0.501    -10.084     10.192      1.368
   148        111  (pi0)              -84   109   116   283   284     0     0      0.194     -0.064     -0.041      0.249      0.135
   149      -2224  (Deltabar--)       -84   109   116   231   232     0     0      0.002     -0.231     -2.429      2.743      1.254
   150        213  (rho+)             -84   109   116   233   234     0     0      0.000      0.139     -1.094      1.329      0.743
   151          1  (d)                -71    77    77   158   177   513     0     -0.417     -0.587    345.271    345.272      0.330
   152         21  (g)                -71    67    67   158   177   531   513      1.258      1.409    119.377    119.392      0.000
   153         21  (g)                -71    60    60   158   177   520   531     -0.517      2.947    294.767    294.783      0.000
   154         21  (g)                -71    63    63   158   177   525   520      0.013     -0.517      0.050      0.520      0.000
   155         21  (g)                -71    75    75   158   177   534   525     -0.833     -1.498     -2.522      3.049      0.000
   156         21  (g)                -71    64    64   158   177   524   534     -0.407     -0.191     -1.220      1.300      0.000
   157         -5  (bbar)             -71    85    85   158   177     0   524     -1.673     60.547   -477.080    480.935      4.920
   158       -213  (rho-)             -83   151   157   235   236     0     0     -0.455     -0.155    350.240    350.243      1.448
   159        211  pi+                 83   151   157     0     0     0     0      0.429      0.074     26.064     26.068      0.140
   160       -213  (rho-)             -83   151   157   237   238     0     0      0.572      1.671    171.086    171.097      0.738
   161        213  (rho+)             -83   151   157   239   240     0     0     -0.258      1.268     97.562     97.576      1.075
   162        111  (pi0)              -83   151   157   285   286     0     0      0.140      0.440     20.834     20.840      0.135
   163        111  (pi0)              -83   151   157   287   288     0     0     -0.260      0.037     64.724     64.725      0.135
   164        223  (omega)            -83   151   157   289   291     0     0     -0.006     -0.311     12.438     12.469      0.817
   165        221  (eta)              -83   151   157   292   293     0     0     -0.004      0.586      6.749      6.796      0.548
   166        113  (rho0)             -83   151   157   241   242     0     0      0.024      0.088      4.281      4.336      0.682
   167       -211  pi-                 83   151   157     0     0     0     0      0.552     -0.167      2.410      2.482      0.140
   168        213  (rho+)             -83   151   157   243   244     0     0     -0.225     -0.157      1.613      1.825      0.807
   169       -211  pi-                 84   151   157     0     0     0     0     -0.286     -0.049      0.056      0.327      0.140
   170        113  (rho0)             -84   151   157   245   246     0     0     -0.078     -0.295      0.003      0.793      0.731
   171        111  (pi0)              -84   151   157   294   295     0     0      0.119      0.167      0.730      0.771      0.135
   172        221  (eta)              -84   151   157   296   298     0     0     -0.387     -0.224     -1.492      1.651      0.548
   173        211  pi+                 84   151   157     0     0     0     0     -0.424     -0.536     -0.546      0.886      0.140
   174        221  (eta)              -84   151   157   299   301     0     0      0.251      0.296     -1.802      1.923      0.548
   175        311  (K0)               -84   151   157   247   247     0     0     -0.378     -0.595     -1.038      1.350      0.498
   176        221  (eta)              -84   151   157   302   303     0     0     -0.283      1.243    -12.489     12.565      0.548
   177        533  (B*_s0)            -84   151   157   304   305     0     0     -1.618     58.728   -462.782    466.528      5.415
   178          3  (s)                -71    79    79   180   199   515     0     -1.025     -0.405    328.669    328.672      0.500
   179       2101  (ud_0)             -71    82    82   180   199     0   515      0.319      0.713  -1961.894   1961.894      0.579
   180       -321  K-                  83   178   179     0     0     0     0     -0.298     -0.355     93.192     93.194      0.494
   181        213  (rho+)             -83   178   179   248   249     0     0     -0.406     -0.287     89.033     89.038      0.705
   182       -211  pi-                 83   178   179     0     0     0     0      0.000      0.311     42.341     42.343      0.140
   183        211  pi+                 83   178   179     0     0     0     0     -0.022      0.250     11.155     11.158      0.140
   184       -211  pi-                 83   178   179     0     0     0     0     -0.002     -0.364     33.348     33.350      0.140
   185        111  (pi0)              -83   178   179   306   307     0     0     -0.342     -0.578     46.513     46.518      0.135
   186        211  pi+                 83   178   179     0     0     0     0     -0.009      0.630      2.976      3.045      0.140
   187       -213  (rho-)             -83   178   179   250   251     0     0      0.350      0.094      1.084      1.384      0.781
   188        111  (pi0)              -83   178   179   308   309     0     0     -0.317     -0.282      6.371      6.387      0.135
   189        323  (K*+)              -84   178   179   252   253     0     0      0.286      0.510      2.170      2.420      0.899
   190       -311  (Kbar0)            -84   178   179   254   254     0     0     -0.455     -0.222     -1.479      1.641      0.498
   191       -211  pi-                 84   178   179     0     0     0     0      0.318      0.072     -2.325      2.352      0.140
   192        113  (rho0)             -84   178   179   255   256     0     0     -0.207     -0.431    -10.783     10.831      0.900
   193        221  (eta)              -84   178   179   310   311     0     0      0.132      0.896    -21.749     21.775      0.548
   194        211  pi+                 84   178   179     0     0     0     0     -0.134     -0.832     -9.125      9.165      0.140
   195        111  (pi0)              -84   178   179   312   313     0     0      0.325      0.566    -47.385     47.390      0.135
   196       3114  (Sigma*-)          -84   178   179   257   258     0     0     -0.549     -0.429   -181.196    181.203      1.368
   197        221  (eta)              -84   178   179   314   315     0     0      0.364      0.042    -93.252     93.254      0.548
   198      -3212  (Sigmabar0)        -84   178   179   316   317     0     0     -0.384      0.255   -251.435    251.439      1.193
   199       2212  p+                  84   178   179     0     0     0     0      0.643      0.462  -1342.678   1342.679      0.938
   200       2212  p+                  91    99     0     0     0     0     0     -0.497     -0.343   2105.160   2105.160      0.938
   201        211  pi+                 91    99     0     0     0     0     0     -0.090     -0.096     95.554     95.554      0.140
   202        211  pi+                 91   107     0     0     0     0     0     -1.445     -0.518     32.763     32.800      0.140
   203       -211  pi-                 91   107     0     0     0     0     0     -0.592      0.185     22.768     22.776      0.140
   204        321  K+                  91   121     0     0     0     0     0      0.809      0.320     -9.049      9.104      0.494
   205        111  (pi0)              -91   121     0   318   319     0     0      0.242      0.026     -7.363      7.368      0.135
   206       -321  K-                  91   122     0     0     0     0     0      0.736      0.150     -6.595      6.656      0.494
   207        111  (pi0)              -91   122     0   320   321     0     0      0.025     -0.260     -6.098      6.106      0.135
   208       -311  (Kbar0)            -91   126     0   259   259     0     0      0.194      0.429     -9.171      9.196      0.498
   209       -211  pi-                 91   126     0     0     0     0     0      0.427      0.480    -17.412     17.424      0.140
   210       2112  n0                  91   127     0     0     0     0     0      0.095      0.568    -38.193     38.209      0.940
   211        211  pi+                 91   127     0     0     0     0     0      0.684      0.462     -8.627      8.668      0.140
   212       -211  pi-                 91   128     0     0     0     0     0     -0.059      0.319    -25.761     25.763      0.140
   213        111  (pi0)              -91   128     0   322   323     0     0     -0.073     -0.089     -4.042      4.046      0.135
   214      -2212  pbar-               91   129     0     0     0     0     0      2.184      0.899   -108.913    108.942      0.938
   215        211  pi+                 91   129     0     0     0     0     0      0.844      1.030    -68.151     68.164      0.140
   216       -211  pi-                 91   133     0     0     0     0     0      0.901      0.010    -35.648     35.660      0.140
   217        111  (pi0)              -91   133     0   324   325     0     0      1.787      1.089   -100.205    100.227      0.135
   218        211  pi+                 91   134     0     0     0     0     0      5.286      1.942   -263.333    263.393      0.140
   219        111  (pi0)              -91   134     0   326   327     0     0      0.997      0.553    -70.075     70.084      0.135
   220        211  pi+                 91   135     0     0     0     0     0      0.314      0.108    -31.295     31.297      0.140
   221       -211  pi-                 91   135     0     0     0     0     0      1.933      1.299   -119.587    119.610      0.140
   222       -211  pi-                 91   136     0     0     0     0     0      1.316      0.057    -88.330     88.340      0.140
   223        111  (pi0)              -91   136     0   328   329     0     0      2.051      1.731   -179.552    179.572      0.135
   224       2112  n0                  91   137     0     0     0     0     0      1.832      0.486   -140.697    140.712      0.940
   225        211  pi+                 91   137     0     0     0     0     0      1.115      0.308    -98.873     98.880      0.140
   226      -2112  nbar0               91   139     0     0     0     0     0      1.018     -0.951   -268.259    268.264      0.940
   227        111  (pi0)              -91   139     0   330   331     0     0      0.601     -0.150    -80.539     80.541      0.135
   228        310  (K_S0)             -91   146   146   332   333     0     0      0.229      0.393    -14.228     14.244      0.498
   229       3222  Sigma+              91   147     0     0     0     0     0     -0.299     -0.422     -9.411      9.500      1.189
   230        111  (pi0)              -91   147     0   334   335     0     0      0.040     -0.079     -0.673      0.692      0.135
   231      -2212  pbar-               91   149     0     0     0     0     0     -0.122      0.015     -1.602      1.860      0.938
   232       -211  pi-                 91   149     0     0     0     0     0      0.124     -0.246     -0.828      0.883      0.140
   233        211  pi+                 91   150     0     0     0     0     0     -0.191     -0.157     -0.807      0.856      0.140
   234        111  (pi0)              -91   150     0   336   337     0     0      0.191      0.295     -0.286      0.473      0.135
   235       -211  pi-                 91   158     0     0     0     0     0      0.023      0.602    150.596    150.597      0.140
   236        111  (pi0)              -91   158     0   338   339     0     0     -0.477     -0.758    199.644    199.646      0.135
   237       -211  pi-                 91   160     0     0     0     0     0      0.538      0.749     66.271     66.277      0.140
   238        111  (pi0)              -91   160     0   340   341     0     0      0.035      0.922    104.816    104.820      0.135
   239        211  pi+                 91   161     0     0     0     0     0      0.345      0.143     22.835     22.839      0.140
   240        111  (pi0)              -91   161     0   342   343     0     0     -0.603      1.124     74.726     74.737      0.135
   241        211  pi+                 91   166     0     0     0     0     0      0.071     -0.264      1.939      1.963      0.140
   242       -211  pi-                 91   166     0     0     0     0     0     -0.047      0.352      2.342      2.373      0.140
   243        211  pi+                 91   168     0     0     0     0     0     -0.206      0.145      0.151      0.325      0.140
   244        111  (pi0)              -91   168     0   344   345     0     0     -0.020     -0.302      1.462      1.500      0.135
   245        211  pi+                 91   170     0     0     0     0     0     -0.150     -0.034     -0.299      0.364      0.140
   246       -211  pi-                 91   170     0     0     0     0     0      0.072     -0.261      0.302      0.429      0.140
   247        130  K_L0                91   175   175     0     0     0     0     -0.378     -0.595     -1.038      1.350      0.498
   248        211  pi+                 91   181     0     0     0     0     0     -0.291     -0.045     76.176     76.176      0.140
   249        111  (pi0)              -91   181     0   346   347     0     0     -0.114     -0.241     12.858     12.861      0.135
   250       -211  pi-                 91   187     0     0     0     0     0      0.574      0.099      0.793      0.993      0.140
   251        111  (pi0)              -91   187     0   348   349     0     0     -0.223     -0.005      0.291      0.391      0.135
   252        321  K+                  91   189     0     0     0     0     0      0.484      0.312      1.603      1.773      0.494
   253        111  (pi0)              -91   189     0   350   351     0     0     -0.199      0.197      0.567      0.647      0.135
   254        130  K_L0                91   190   190     0     0     0     0     -0.455     -0.222     -1.479      1.641      0.498
   255        211  pi+                 91   192     0     0     0     0     0     -0.183     -0.547     -3.839      3.885      0.140
   256       -211  pi-                 91   192     0     0     0     0     0     -0.024      0.116     -6.943      6.946      0.140
   257       3122  Lambda0             91   196     0     0     0     0     0     -0.633     -0.470   -159.064    159.070      1.116
   258       -211  pi-                 91   196     0     0     0     0     0      0.084      0.041    -22.132     22.133      0.140
   259        130  K_L0                91   208   208     0     0     0     0      0.194      0.429     -9.171      9.196      0.498
   260         22  gamma               91    94     0     0     0     0     0     -0.065     -0.284    323.017    323.018      0.000
   261         22  gamma               91    94     0     0     0     0     0      0.033     -0.347    293.513    293.513      0.000
   262         22  gamma               91    95     0     0     0     0     0     -0.361     -0.486   1196.544   1196.545      0.000
   263         22  gamma               91    95     0     0     0     0     0      0.025     -0.067     18.018     18.018      0.000
   264         22  gamma               91   102     0     0     0     0     0      0.049     -0.042      1.324      1.325      0.000
   265         22  gamma               91   102     0     0     0     0     0      0.690     -0.038     14.585     14.602      0.000
   266         22  gamma               91   104     0     0     0     0     0      0.659     -0.048     15.519     15.533      0.000
   267         22  gamma               91   104     0     0     0     0     0      0.488      0.064     10.241     10.253      0.000
   268       -511  (Bbar0)            -91   117     0   352   353     0     0     77.102     -4.826   -358.958    367.215      5.280
   269         22  gamma               91   117     0     0     0     0     0      0.578     -0.037     -2.477      2.544      0.000
   270         22  gamma               91   131     0     0     0     0     0      0.350      0.123    -21.188     21.191      0.000
   271         22  gamma               91   131     0     0     0     0     0      0.239      0.182    -13.315     13.319      0.000
   272         22  gamma               91   132     0     0     0     0     0      0.134      0.053    -11.034     11.035      0.000
   273         22  gamma               91   132     0     0     0     0     0      0.075     -0.070    -10.586     10.586      0.000
   274        211  pi+                 91   138     0     0     0     0     0      1.211      0.660   -133.806    133.813      0.140
   275       -211  pi-                 91   138     0     0     0     0     0      0.190      0.198    -25.008     25.010      0.140
   276        111  (pi0)              -91   138     0   354   355     0     0      0.272     -0.044    -40.388     40.389      0.135
   277        211  pi+                 91   141     0     0     0     0     0      0.068     -0.251    -46.920     46.921      0.140
   278       -211  pi-                 91   141     0     0     0     0     0      0.025     -0.100    -22.566     22.567      0.140
   279        111  (pi0)              -91   141     0   356   357     0     0     -0.162     -0.149    -58.773     58.773      0.135
   280        211  pi+                 91   142     0     0     0     0     0      0.247      0.088    -16.197     16.199      0.140
   281       -211  pi-                 91   142     0     0     0     0     0      0.297      0.112    -22.356     22.359      0.140
   282         22  gamma               91   142     0     0     0     0     0     -0.059     -0.018    -12.468     12.468      0.000
   283         22  gamma               91   148     0     0     0     0     0      0.112     -0.081     -0.076      0.157      0.000
   284         22  gamma               91   148     0     0     0     0     0      0.083      0.017      0.034      0.091      0.000
   285         22  gamma               91   162     0     0     0     0     0      0.153      0.394     17.013     17.018      0.000
   286         22  gamma               91   162     0     0     0     0     0     -0.013      0.046      3.821      3.822      0.000
   287         22  gamma               91   163     0     0     0     0     0     -0.091      0.015     10.525     10.525      0.000
   288         22  gamma               91   163     0     0     0     0     0     -0.168      0.022     54.199     54.199      0.000
   289        211  pi+                 91   164     0     0     0     0     0     -0.130     -0.174      2.233      2.248      0.140
   290       -211  pi-                 91   164     0     0     0     0     0      0.286     -0.153      5.903      5.913      0.140
   291        111  (pi0)              -91   164     0   358   359     0     0     -0.162      0.017      4.302      4.308      0.135
   292         22  gamma               91   165     0     0     0     0     0     -0.165      0.584      5.994      6.025      0.000
   293         22  gamma               91   165     0     0     0     0     0      0.161      0.003      0.755      0.772      0.000
   294         22  gamma               91   171     0     0     0     0     0     -0.030      0.022      0.127      0.132      0.000
   295         22  gamma               91   171     0     0     0     0     0      0.149      0.145      0.604      0.639      0.000
   296        111  (pi0)              -91   172     0   360   361     0     0     -0.190     -0.192     -0.936      0.984      0.135
   297        111  (pi0)              -91   172     0   362   363     0     0     -0.152      0.044     -0.327      0.387      0.135
   298        111  (pi0)              -91   172     0   364   365     0     0     -0.045     -0.075     -0.229      0.280      0.135
   299        211  pi+                 91   174     0     0     0     0     0      0.141      0.013     -0.664      0.693      0.140
   300       -211  pi-                 91   174     0     0     0     0     0      0.120      0.265     -0.893      0.949      0.140
   301        111  (pi0)              -91   174     0   366   367     0     0     -0.010      0.018     -0.245      0.281      0.135
   302         22  gamma               91   176     0     0     0     0     0      0.098      0.047     -1.827      1.830      0.000
   303         22  gamma               91   176     0     0     0     0     0     -0.381      1.196    -10.662     10.735      0.000
   304        531  (B_s0)             -91   177     0   368   370     0     0     -1.613     58.536   -460.955    464.691      5.367
   305         22  gamma               91   177     0     0     0     0     0     -0.005      0.191     -1.827      1.837      0.000
   306         22  gamma               91   185     0     0     0     0     0     -0.204     -0.301     29.406     29.408      0.000
   307         22  gamma               91   185     0     0     0     0     0     -0.137     -0.277     17.107     17.110      0.000
   308         22  gamma               91   188     0     0     0     0     0     -0.061     -0.040      2.017      2.018      0.000
   309         22  gamma               91   188     0     0     0     0     0     -0.256     -0.242      4.354      4.369      0.000
   310         22  gamma               91   193     0     0     0     0     0      0.262      0.580    -17.662     17.673      0.000
   311         22  gamma               91   193     0     0     0     0     0     -0.130      0.317     -4.087      4.102      0.000
   312         22  gamma               91   195     0     0     0     0     0      0.134      0.124    -11.267     11.269      0.000
   313         22  gamma               91   195     0     0     0     0     0      0.191      0.442    -36.118     36.121      0.000
   314         22  gamma               91   197     0     0     0     0     0      0.366     -0.043    -90.985     90.986      0.000
   315         22  gamma               91   197     0     0     0     0     0     -0.001      0.085     -2.267      2.268      0.000
   316      -3122  Lambdabar0          91   198     0     0     0     0     0     -0.418      0.241   -229.572    229.575      1.116
   317         22  gamma               91   198     0     0     0     0     0      0.035      0.014    -21.863     21.863      0.000
   318         22  gamma               91   205     0     0     0     0     0      0.147      0.080     -4.113      4.117      0.000
   319         22  gamma               91   205     0     0     0     0     0      0.095     -0.055     -3.249      3.251      0.000
   320         22  gamma               91   207     0     0     0     0     0      0.060     -0.222     -5.531      5.536      0.000
   321         22  gamma               91   207     0     0     0     0     0     -0.034     -0.038     -0.567      0.570      0.000
   322         22  gamma               91   213     0     0     0     0     0     -0.090     -0.008     -2.577      2.578      0.000
   323         22  gamma               91   213     0     0     0     0     0      0.016     -0.081     -1.465      1.467      0.000
   324         22  gamma               91   217     0     0     0     0     0      1.195      0.720    -63.703     63.718      0.000
   325         22  gamma               91   217     0     0     0     0     0      0.592      0.369    -36.502     36.509      0.000
   326         22  gamma               91   219     0     0     0     0     0      0.274      0.117    -15.319     15.322      0.000
   327         22  gamma               91   219     0     0     0     0     0      0.723      0.436    -54.756     54.762      0.000
   328         22  gamma               91   223     0     0     0     0     0      1.209      1.001   -100.629    100.641      0.000
   329         22  gamma               91   223     0     0     0     0     0      0.842      0.730    -78.923     78.931      0.000
   330         22  gamma               91   227     0     0     0     0     0      0.031      0.020     -3.230      3.230      0.000
   331         22  gamma               91   227     0     0     0     0     0      0.570     -0.170    -77.309     77.311      0.000
   332        211  pi+                 91   228     0     0     0     0     0      0.005      0.166     -9.765      9.767      0.140
   333       -211  pi-                 91   228     0     0     0     0     0      0.224      0.227     -4.463      4.477      0.140
   334         22  gamma               91   230     0     0     0     0     0      0.025      0.009     -0.468      0.469      0.000
   335         22  gamma               91   230     0     0     0     0     0      0.014     -0.087     -0.205      0.224      0.000
   336         22  gamma               91   234     0     0     0     0     0      0.181      0.219     -0.162      0.327      0.000
   337         22  gamma               91   234     0     0     0     0     0      0.010      0.076     -0.124      0.146      0.000
   338         22  gamma               91   236     0     0     0     0     0     -0.191     -0.416     94.237     94.238      0.000
   339         22  gamma               91   236     0     0     0     0     0     -0.286     -0.342    105.407    105.408      0.000
   340         22  gamma               91   238     0     0     0     0     0      0.063      0.219     23.586     23.587      0.000
   341         22  gamma               91   238     0     0     0     0     0     -0.028      0.703     81.229     81.232      0.000
   342         22  gamma               91   240     0     0     0     0     0      0.002      0.039      1.694      1.695      0.000
   343         22  gamma               91   240     0     0     0     0     0     -0.605      1.086     73.032     73.042      0.000
   344         22  gamma               91   244     0     0     0     0     0     -0.053     -0.051      0.232      0.244      0.000
   345         22  gamma               91   244     0     0     0     0     0      0.033     -0.251      1.230      1.256      0.000
   346         22  gamma               91   249     0     0     0     0     0     -0.126     -0.203      8.660      8.663      0.000
   347         22  gamma               91   249     0     0     0     0     0      0.011     -0.038      4.198      4.198      0.000
   348         22  gamma               91   251     0     0     0     0     0     -0.025     -0.042      0.107      0.117      0.000
   349         22  gamma               91   251     0     0     0     0     0     -0.199      0.037      0.184      0.274      0.000
   350         22  gamma               91   253     0     0     0     0     0     -0.151      0.201      0.396      0.469      0.000
   351         22  gamma               91   253     0     0     0     0     0     -0.048     -0.004      0.171      0.178      0.000
   352      20433  (D*_1s+)           -92   268     0   371   372     0     0     51.779     -3.174   -247.201    252.598      2.465
   353       -411  (D-)               -92   268     0   373   374     0     0     25.323     -1.652   -111.757    114.617      1.870
   354         22  gamma               91   276     0     0     0     0     0      0.268     -0.055    -40.100     40.101      0.000
   355         22  gamma               91   276     0     0     0     0     0      0.004      0.011     -0.288      0.288      0.000
   356         22  gamma               91   279     0     0     0     0     0     -0.075      0.007    -22.389     22.389      0.000
   357         22  gamma               91   279     0     0     0     0     0     -0.088     -0.157    -36.383     36.384      0.000
   358         22  gamma               91   291     0     0     0     0     0     -0.178      0.028      3.245      3.250      0.000
   359         22  gamma               91   291     0     0     0     0     0      0.016     -0.012      1.057      1.057      0.000
   360         22  gamma               91   296     0     0     0     0     0     -0.196     -0.164     -0.909      0.944      0.000
   361         22  gamma               91   296     0     0     0     0     0      0.006     -0.028     -0.028      0.040      0.000
   362         22  gamma               91   297     0     0     0     0     0     -0.149      0.056     -0.181      0.241      0.000
   363         22  gamma               91   297     0     0     0     0     0     -0.003     -0.012     -0.146      0.147      0.000
   364         22  gamma               91   298     0     0     0     0     0     -0.072      0.007     -0.120      0.141      0.000
   365         22  gamma               91   298     0     0     0     0     0      0.028     -0.082     -0.109      0.139      0.000
   366         22  gamma               91   301     0     0     0     0     0     -0.049      0.027     -0.034      0.066      0.000
   367         22  gamma               91   301     0     0     0     0     0      0.040     -0.009     -0.211      0.215      0.000
   368       -431  (D_s-)             -91   304     0   375   376     0     0     -1.130     29.849   -222.942    224.943      1.968
   369        323  (K*+)              -91   304     0   377   378     0     0     -0.216      5.145    -45.234     45.536      0.941
   370       -311  (Kbar0)            -91   304     0   379   379     0     0     -0.267     23.542   -192.778    194.211      0.498
   371        433  (D*_s+)            -91   352     0   380   381     0     0     50.998     -3.054   -243.344    248.658      2.112
   372        111  (pi0)              -91   352     0   382   383     0     0      0.781     -0.121     -3.857      3.939      0.135
   373       -323  (K*-)              -91   353     0   384   385     0     0     19.712     -1.697    -86.399     88.641      1.003
   374       -311  (Kbar0)            -91   353     0   386   386     0     0      5.611      0.045    -25.358     25.976      0.498
   375        221  (eta)              -91   368     0   387   389     0     0     -0.009     11.371    -87.140     87.880      0.548
   376       -213  (rho-)             -91   368     0   390   391     0     0     -1.121     18.479   -135.803    137.063      1.092
   377        311  (K0)               -91   369     0   392   392     0     0      0.038      2.289    -22.391     22.513      0.498
   378        211  pi+                 91   369     0     0     0     0     0     -0.254      2.856    -22.843     23.023      0.140
   379        310  (K_S0)             -91   370   370   393   394     0     0     -0.267     23.542   -192.778    194.211      0.498
   380        431  (D_s+)             -91   371     0   395   396     0     0     48.686     -2.801   -232.595    237.661      1.968
   381         22  gamma               91   371     0     0     0     0     0      2.312     -0.253    -10.749     10.998      0.000
   382         22  gamma               91   372     0     0     0     0     0      0.324     -0.108     -1.826      1.858      0.000
   383         22  gamma               91   372     0     0     0     0     0      0.456     -0.013     -2.031      2.082      0.000
   384       -321  K-                  91   373     0     0     0     0     0     14.670     -1.215    -62.745     64.451      0.494
   385        111  (pi0)              -91   373     0   397   398     0     0      5.042     -0.482    -23.654     24.190      0.135
   386        310  K_S0                91   374   374     0     0     0     0      5.611      0.045    -25.358     25.976      0.498
   387        211  pi+                 91   375     0     0     0     0     0     -0.039      6.454    -49.457     49.877      0.140
   388       -211  pi-                 91   375     0     0     0     0     0      0.008      2.961    -23.381     23.568      0.140
   389        111  (pi0)              -91   375     0   399   400     0     0      0.022      1.955    -14.302     14.435      0.135
   390       -211  pi-                 91   376     0     0     0     0     0     -0.656      9.026    -62.563     63.214      0.140
   391        111  (pi0)              -91   376     0   401   402     0     0     -0.465      9.453    -73.240     73.849      0.135
   392        130  K_L0                91   377   377     0     0     0     0      0.038      2.289    -22.391     22.513      0.498
   393        111  (pi0)              -91   379     0   403   404     0     0      0.050      7.899    -63.595     64.084      0.135
   394        111  (pi0)              -91   379     0   405   406     0     0     -0.317     15.643   -129.183    130.127      0.135
   395        -15  (tau+)             -91   380     0   407   409     0     0     48.363     -2.779   -230.687    235.725      1.777
   396         16  nu_tau              91   380     0     0     0     0     0      0.323     -0.022     -1.908      1.936      0.000
   397         22  gamma               91   385     0     0     0     0     0      0.418     -0.073     -1.900      1.947      0.000
   398         22  gamma               91   385     0     0     0     0     0      4.624     -0.409    -21.754     22.243      0.000
   399         22  gamma               91   389     0     0     0     0     0      0.037      1.098     -8.495      8.565      0.000
   400         22  gamma               91   389     0     0     0     0     0     -0.015      0.856     -5.807      5.870      0.000
   401         22  gamma               91   391     0     0     0     0     0     -0.337      7.050    -55.065     55.516      0.000
   402         22  gamma               91   391     0     0     0     0     0     -0.129      2.403    -18.175     18.334      0.000
   403         22  gamma               91   393     0     0     0     0     0     -0.044      3.645    -29.293     29.519      0.000
   404         22  gamma               91   393     0     0     0     0     0      0.094      4.254    -34.302     34.565      0.000
   405         22  gamma               91   394     0     0     0     0     0     -0.269     14.772   -122.015    122.906      0.000
   406         22  gamma               91   394     0     0     0     0     0     -0.048      0.870     -7.168      7.221      0.000
   407        -16  nu_taubar           91   395     0     0     0     0     0     16.505     -0.729    -76.398     78.164      0.000
   408        -11  e+                  91   395     0     0     0     0     0     22.560     -1.854   -110.968    113.253      0.001
   409         12  nu_e                91   395     0     0     0     0     0      9.298     -0.195    -43.321     44.308      0.000
                                   Charge sum:  2.000           Momentum sum:     -0.000     -0.000     -0.000  13000.000  13000.000

 --------  End PYTHIA Event Listing  -----------------------------------------------------------------------------------------------
#--------------------------------------------------------------------------
#                     FastJet release 3.4.0 [fjcore]
#                 M. Cacciari, G.P. Salam and G. Soyez                  
#     A software package for jet finding and analysis at colliders      
#                           http://fastjet.fr                           
#	                                                                      
# Please cite EPJC72(2012)1896 [arXiv:1111.6097] if you use this package
# for scientific work and optionally PLB641(2006)57 [hep-ph/0512210].   
#                                                                       
# FastJet is provided without warranty under the GNU GPL v2 or higher.  
# It uses T. Chan's closest pair algorithm, S. Fortune's Voronoi code
# and 3rd party plugin jet algorithms. See COPYING file for details.
#--------------------------------------------------------------------------
 PYTHIA Warning in SimpleSpaceShower::pT2nextQCD: small daughter PDF  
 PYTHIA Warning in ColConfig::collect: negative-energy parton encountered  
 PYTHIA Error in StringFragmentation::fragment: stuck in joining  
 PYTHIA Error in Pythia::next: hadronLevel failed; try again  
 PYTHIA Error in BeamRemnants::setKinematics: kinematics construction failed  
 PYTHIA Warning in MultipartonInteractions::pTnext: weight above unity  
 PYTHIA Warning in StringFragmentation::fragmentToJunction: bad convergence junction rest frame  

 Pythia::next(): 1000 events have been generated 
 PYTHIA Warning in Pythia::check: not quite matched particle energy/momentum/mass  
 PYTHIA Error in Pythia::check: unmatched particle energy/momentum/mass  
 PYTHIA Error in Pythia::next: check of event revealed problems  

 Pythia::next(): 2000 events have been generated 
 PYTHIA Warning in HadronWidths::pickMasses: angular momentum and running widths not used  

 Pythia::next(): 3000 events have been generated 

 Pythia::next(): 4000 events have been generated 
 PYTHIA Error in SimpleSpaceShower::pT2nearThreshold: xPDF = 0  

 Pythia::next(): 5000 events have been generated 

 Pythia::next(): 6000 events have been generated 

 Pythia::next(): 7000 events have been generated 
 PYTHIA Error in SimpleSpaceShower::pT2nearThreshold: stuck in loop  

 Pythia::next(): 8000 events have been generated 

 Pythia::next(): 9000 events have been generated 

 *-------  PYTHIA Event and Cross Section Statistics  -------------------------------------------------------------*
 |                                                                                                                 |
 | Subprocess                                    Code |            Number of events       |      sigma +- delta    |
 |                                                    |       Tried   Selected   Accepted |     (estimated) (mb)   |
 |                                                    |                                   |                        |
 |-----------------------------------------------------------------------------------------------------------------|
 |                                                    |                                   |                        |
 | Les Houches User Process(es)                  9999 |       10000      10000      10000 |   8.472e-08  0.000e+00 |
 |    ... whereof user classification code     322200 |       10000      10000      10000 |                        | 
 |                                                    |                                   |                        |
 | sum                                                |       10000      10000      10000 |   8.472e-08  0.000e+00 |
 |                                                                                                                 |
 *-------  End PYTHIA Event and Cross Section Statistics ----------------------------------------------------------*

 *-------  PYTHIA Error and Warning Messages Statistics  ----------------------------------------------------------* 
 |                                                                                                                 | 
 |  times   message                                                                                                | 
 |                                                                                                                 | 
 |      4   Error in BeamRemnants::setKinematics: kinematics construction failed                                   | 
 |      6   Error in Pythia::check: unmatched particle energy/momentum/mass                                        | 
 |      2   Error in Pythia::next: check of event revealed problems                                                | 
 |      7   Error in Pythia::next: hadronLevel failed; try again                                                   | 
 |      9   Error in SimpleSpaceShower::pT2nearThreshold: stuck in loop                                            | 
 |      7   Error in SimpleSpaceShower::pT2nearThreshold: xPDF = 0                                                 | 
 |      7   Error in StringFragmentation::fragment: stuck in joining                                               | 
 |      2   Warning in ColConfig::collect: negative-energy parton encountered                                      | 
 |      1   Warning in HadronWidths::pickMasses: angular momentum and running widths not used                      | 
 |      3   Warning in MultipartonInteractions::pTnext: weight above unity                                         | 
 |      1   Warning in Pythia::check: not quite matched particle energy/momentum/mass                              | 
 |   1757   Warning in SimpleSpaceShower::pT2nextQCD: small daughter PDF                                           | 
 |   4472   Warning in SimpleSpaceShower::pT2nextQCD: weight above unity                                           | 
 |     52   Warning in StringFragmentation::fragmentToJunction: bad convergence junction rest frame                | 
 |      2   Warning in TimeShower::init: pTmin too low                                                             | 
 |                                                                                                                 | 
 *-------  End PYTHIA Error and Warning Messages Statistics  ------------------------------------------------------* 
Using LHE File: /nfs/dust/cms/user/amoroso/powheg/POWHEG-BOX-V2/ttJ_MiNNLOPS_v1.0_beta1/decay-ll/pwgevents-0891.lhe
less then 10000 events in LHE, using all LHE events
np.shape(P0) = (10000, 3, 9)
np.shape(nJets) = (10000, 2)
np.shape(jets_4vectors) = (10000, 20, 6)
