Configured CUDA from: /cvmfs/sft.cern.ch/lcg/releases/cuda/12.4-4899e/x86_64-el9-gcc11-opt

 *------------------------------------------------------------------------------------* 
 |                                                                                    | 
 |  *------------------------------------------------------------------------------*  | 
 |  |                                                                              |  | 
 |  |                                                                              |  | 
 |  |   PPP   Y   Y  TTTTT  H   H  III    A      Welcome to the Lund Monte Carlo!  |  | 
 |  |   P  P   Y Y     T    H   H   I    A A     This is PYTHIA version 8.309      |  | 
 |  |   PPP     Y      T    HHHHH   I   AAAAA    Last date of change: 16 Feb 2023  |  | 
 |  |   P       Y      T    H   H   I   A   A                                      |  | 
 |  |   P       Y      T    H   H  III  A   A    Now is 03 Sep 2024 at 19:06:05    |  | 
 |  |                                                                              |  | 
 |  |   Program documentation and an archive of historic versions is found on:     |  | 
 |  |                                                                              |  | 
 |  |                               https://pythia.org/                            |  | 
 |  |                                                                              |  | 
 |  |   PYTHIA is authored by a collaboration consisting of:                       |  | 
 |  |                                                                              |  | 
 |  |   Christian Bierlich, Nishita Desai, Leif Gellersen, Ilkka Helenius, Philip  |  | 
 |  |   Ilten, Leif Lonnblad, Stephen Mrenna, Stefan Prestel, Christian Preuss,    |  | 
 |  |   Torbjorn Sjostrand, Peter Skands, Marius Utheim and Rob Verheyen.          |  | 
 |  |                                                                              |  | 
 |  |   The complete list of authors, including contact information and            |  | 
 |  |   affiliations, can be found on https://pythia.org/.                         |  | 
 |  |   Problems or bugs should be reported on email at authors@pythia.org.        |  | 
 |  |                                                                              |  | 
 |  |   The main program reference is C. Bierlich et al,                           |  | 
 |  |   'A comprehensive guide to the physics and usage of Pythia 8.3',            |  | 
 |  |   SciPost Phys. Codebases 8-r8.3 (2022) [arXiv:2203.11601 [hep-ph]]          |  | 
 |  |                                                                              |  | 
 |  |   PYTHIA is released under the GNU General Public Licence version 2 or later.|  | 
 |  |   Please respect the MCnet Guidelines for Event Generator Authors and Users. |  | 
 |  |                                                                              |  | 
 |  |   Disclaimer: this program comes without any guarantees.                     |  | 
 |  |   Beware of errors and use common sense when interpreting results.           |  | 
 |  |                                                                              |  | 
 |  |   Copyright (C) 2023 Torbjorn Sjostrand                                      |  | 
 |  |                                                                              |  | 
 |  |                                                                              |  | 
 |  *------------------------------------------------------------------------------*  | 
 |                                                                                    | 
 *------------------------------------------------------------------------------------* 


 *-------  PYTHIA Process Initialization  --------------------------*
 |                                                                  |
 | We collide p+ with p+ at a CM energy of 1.300e+04 GeV            |
 |                                                                  |
 |------------------------------------------------------------------|
 |                                                    |             |
 | Subprocess                                    Code |   Estimated |
 |                                                    |    max (mb) |
 |                                                    |             |
 |------------------------------------------------------------------|
 |                                                    |             |
 | Les Houches User Process(es)                  9999 |   1.000e-09 |
 |                                                                  |
 *-------  End PYTHIA Process Initialization -----------------------*
 PYTHIA Warning in TimeShower::init: pTmin too low , raised to 0.611

 *-------  PYTHIA Multiparton Interactions Initialization  ---------* 
 |                                                                  | 
 |                   sigmaNonDiffractive =    55.51 mb              | 
 |                                                                  | 
 |    pT0 =  1.44 gives sigmaInteraction =   396.88 mb: accepted    | 
 |                                                                  | 
 *-------  End PYTHIA Multiparton Interactions Initialization  -----* 

 *-------  PYTHIA Flag + Mode + Parm + Word + FVec + MVec + PVec + WVec Settings (changes only)  ------------------* 
 |                                                                                                                 | 
 | Name                                          |                      Now |      Default         Min         Max | 
 |                                               |                          |                                      | 
 | Beams:frameType                               |                        4 |            1           1           5 | 
 | Beams:LHEF                                    | /nfs/dust/cms/user/amoroso/powheg/POWHEG-BOX-V2/ttJ_MiNNLOPS_v1.0_beta1/decay-ll/pwgevents-0880.lhe |         void | 
 | ColourReconnection:range                      |                  5.17600 |      1.80000         0.0    10.00000 | 
 | Main:timesAllowErrors                         |                      500 |           10           0             | 
 | MultipartonInteractions:alphaSorder           |                        2 |            1           0           3 | 
 | MultipartonInteractions:alphaSvalue           |                  0.11800 |      0.13000   0.0600000     0.25000 | 
 | MultipartonInteractions:bProfile              |                        2 |            3           0           4 | 
 | MultipartonInteractions:coreFraction          |                  0.63000 |      0.50000         0.0     1.00000 | 
 | MultipartonInteractions:coreRadius            |                  0.76340 |      0.40000     0.10000     1.00000 | 
 | MultipartonInteractions:ecmPow                |                0.0334400 |      0.21500         0.0     0.50000 | 
 | MultipartonInteractions:pT0Ref                |                  1.41000 |      2.28000     0.50000    10.00000 | 
 | ParticleDecays:limitTau                       |                       on |          off                         | 
 | PartonLevel:FSR                               |                      off |           on                         | 
 | PDF:pSet                                      |                       20 |           13                         | 
 | Random:seed                                   |                      880 |           -1               900000000 | 
 | Random:setSeed                                |                       on |          off                         | 
 | SigmaProcess:alphaSorder                      |                        2 |            1           0           3 | 
 | SigmaProcess:alphaSvalue                      |                  0.11800 |      0.13000   0.0600000     0.25000 | 
 | SigmaTotal:mode                               |                        0 |            1           0           4 | 
 | SigmaTotal:sigmaEl                            |                 21.89000 |     25.00000         0.0             | 
 | SigmaTotal:sigmaTot                           |                100.30900 |    100.00000         0.0             | 
 | SigmaTotal:zeroAXB                            |                      off |           on                         | 
 | SpaceShower:alphaSorder                       |                        2 |            1           0           3 | 
 | SpaceShower:alphaSvalue                       |                  0.11800 |      0.13650   0.0600000     0.25000 | 
 | SpaceShower:dipoleRecoil                      |                       on |          off                         | 
 | SpaceShower:pTmaxMatch                        |                        1 |            0           0           2 | 
 | TimeShower:alphaSorder                        |                        2 |            1           0           3 | 
 | TimeShower:alphaSvalue                        |                  0.11800 |      0.13650   0.0600000     0.25000 | 
 |                                                                                                                 | 
 *-------  End PYTHIA Flag + Mode + Parm + Word + FVec + MVec + PVec + WVec Settings  -----------------------------* 

 --------  PYTHIA Particle Data Table (changed only)  ------------------------------------------------------------------------------
 
      id   name            antiName         spn chg col      m0        mWidth      mMin       mMax       tau0    res dec ext vis wid
             no onMode   bRatio   meMode     products 

       6  t                tbar               2   2   1  173.00000    1.36916   86.00000    0.00000  1.44122e-13   1   1   0   1   0
              0     1   0.0000664    0       24        1 
              1     1   0.0017361    0       24        3 
              2     1   0.9981975    0       24        5 
              3     1   0.0000000    0       37        5 

 --------  End PYTHIA Particle Data Table  -----------------------------------------------------------------------------------------


 --------  LHA event information and listing  ---------------------------------------------------------------------- 

    process =   322200    weight =   1.0325e+02     scale =   2.8476e+01 (GeV) 
                        alpha_em =  -1.0000e+00    alpha_strong =   1.5463e-01

    Participating Particles 
    no        id stat     mothers     colours      p_x        p_y        p_z         e          m        tau    spin 
     1         2   -1     0     0   511     0      0.000      0.000    841.043    841.043      0.000   0.000   9.000
     2        21   -1     0     0   512   513      0.000      0.000   -240.723    240.723      0.000   0.000   9.000
     3         6    2     1     2   511     0   -132.323     89.741   -131.467    269.635    172.791   0.000   9.000
     4        -6    2     1     2     0   513    106.788    -62.403    280.096    352.158    173.965   0.000   9.000
     5         2    1     1     2   514     0      5.688    -11.090    415.105    415.292      0.000   0.000   9.000
     6        21    1     1     2   512   514     19.846    -16.248     36.586     44.681      0.000   0.000   9.000
     7         5    1     3     3   511     0    -96.140    -12.770    -78.411    124.814      4.920   0.000  -1.000
     8        24    2     3     3     0     0    -36.182    102.511    -53.056    144.821     79.627   0.000   9.000
     9        -5    1     4     4     0   513     89.103     19.954    160.069    184.347      4.920   0.000   1.000
    10       -24    2     4     4     0     0     17.685    -82.357    120.027    167.811     81.601   0.000   9.000
    11       -13    1     8     8     0     0     -1.406     27.083    -55.451     61.728      0.106   0.000   1.000
    12        14    1     8     8     0     0    -34.776     75.428      2.395     83.093      0.000   0.000  -1.000
    13        11    1    10    10     0     0    -27.854    -22.534     66.441     75.485      0.001   0.000  -1.000
    14       -12    1    10    10     0     0     45.539    -59.823     53.586     92.326      0.000   0.000   1.000

 --------  End LHA event information and listing  ------------------------------------------------------------------ 

 --------  PYTHIA Info Listing  ---------------------------------------- 
 
 Beam A: id =   2212, pz =  6.500e+03, e =  6.500e+03, m =  9.383e-01.
 Beam B: id =   2212, pz = -6.500e+03, e =  6.500e+03, m =  9.383e-01.

 In 1: id =    2, x =  1.294e-01, pdf =  0.000e+00 at Q2 =  8.109e+02.
 In 2: id =   21, x =  3.703e-02, pdf =  0.000e+00 at same Q2.

 Process Les Houches User Process(es) with code 9999 is 2 -> 4.
 Subprocess user process 322200 with code 322200 is 2 -> 4.
     alphaEM =  7.716e-03,  alphaS =  1.546e-01    at Q2 =  8.109e+02.

 Impact parameter b =  1.083e+00 gives enhancement factor =  4.141e-01.
 Max pT scale for MPI =  1.300e+04, ISR =  2.848e+01, FSR =  2.848e+01.
 Number of MPI =     1, ISR =     6, FSRproc =     0, FSRreson =     0.

 --------  End PYTHIA Info Listing  ------------------------------------

 --------  PYTHIA Event Listing  (hard process)  -----------------------------------------------------------------------------------
 
    no         id  name            status     mothers   daughters     colours      p_x        p_y        p_z         e          m 
     0         90  (system)           -11     0     0     0     0     0     0      0.000      0.000      0.000  13000.000  13000.000
     1       2212  (p+)               -12     0     0     3     0     0     0      0.000      0.000   6500.000   6500.000      0.938
     2       2212  (p+)               -12     0     0     4     0     0     0      0.000      0.000  -6500.000   6500.000      0.938
     3          2  (u)                -21     1     0     5     8   511     0      0.000      0.000    841.043    841.043      0.000
     4         21  (g)                -21     2     0     5     8   512   513      0.000      0.000   -240.723    240.723      0.000
     5          6  (t)                -22     3     4     9    10   511     0   -132.323     89.741   -131.467    269.635    172.791
     6         -6  (tbar)             -22     3     4    11    12     0   513    106.788    -62.403    280.096    352.158    173.965
     7          2  u                   23     3     4     0     0   514     0      5.688    -11.090    415.105    415.292      0.000
     8         21  g                   23     3     4     0     0   512   514     19.846    -16.248     36.586     44.681      0.000
     9          5  b                   23     5     0     0     0   511     0    -96.140    -12.770    -78.411    124.814      4.920
    10         24  (W+)               -22     5     0    13    14     0     0    -36.182    102.511    -53.056    144.821     79.627
    11         -5  bbar                23     6     0     0     0     0   513     89.103     19.954    160.069    184.347      4.920
    12        -24  (W-)               -22     6     0    15    16     0     0     17.685    -82.357    120.027    167.811     81.601
    13        -13  mu+                 23    10     0     0     0     0     0     -1.406     27.083    -55.451     61.728      0.106
    14         14  nu_mu               23    10     0     0     0     0     0    -34.776     75.428      2.395     83.093      0.000
    15         11  e-                  23    12     0     0     0     0     0    -27.854    -22.534     66.441     75.485      0.001
    16        -12  nu_ebar             23    12     0     0     0     0     0     45.539    -59.823     53.586     92.326      0.000
                                   Charge sum:  0.667           Momentum sum:      0.000      0.000    600.320   1081.767    899.908

 --------  End PYTHIA Event Listing  -----------------------------------------------------------------------------------------------

 --------  PYTHIA Event Listing  (complete event)  ---------------------------------------------------------------------------------
 
    no         id  name            status     mothers   daughters     colours      p_x        p_y        p_z         e          m 
     0         90  (system)           -11     0     0     0     0     0     0      0.000      0.000      0.000  13000.000  13000.000
     1       2212  (p+)               -12     0     0    66     0     0     0      0.000      0.000   6500.000   6500.000      0.938
     2       2212  (p+)               -12     0     0    67     0     0     0      0.000      0.000  -6500.000   6500.000      0.938
     3          2  (u)                -21     9     9     5     8   511     0      0.000      0.000    841.043    841.043      0.000
     4         21  (g)                -21    10     0     5     8   512   513      0.000      0.000   -240.723    240.723      0.000
     5          6  (t)                -22     3     4    11    11   511     0   -132.323     89.741   -131.467    269.635    172.791
     6         -6  (tbar)             -22     3     4    12    12     0   513    106.788    -62.403    280.096    352.158    173.965
     7          2  (u)                -23     3     4    13    13   514     0      5.688    -11.090    415.105    415.292      0.000
     8         21  (g)                -23     3     4    14    14   512   514     19.846    -16.248     36.586     44.681      0.000
     9          2  (u)                -42    16     0     3     3   511     0      0.000      0.000    841.043    841.043      0.000
    10         21  (g)                -41    17    17    15     4   512   515      0.000     -0.000   -250.466    250.466      0.000
    11          6  (t)                -44     5     5    18    18   511     0   -132.323     89.741   -131.467    269.635    172.791
    12         -6  (tbar)             -44     6     6    19    19     0   513    106.788    -62.403    280.096    352.158    173.965
    13          2  (u)                -44     7     7    20    20   514     0      5.688    -11.090    415.105    415.292      0.000
    14         21  (g)                -44     8     8    21    21   512   514     24.476    -24.462     11.593     36.495      0.000
    15         21  (g)                -43    10     0    22    22   513   515     -4.629      8.214     15.250     17.929      0.000
    16          2  (u)                -41    24    24    23     9   516     0     -0.000     -0.000    914.413    914.413      0.000
    17         21  (g)                -42    25     0    10    10   512   515      0.000     -0.000   -250.466    250.466      0.000
    18          6  (t)                -44    11    11    26    26   511     0   -145.782    108.911   -119.020    277.735    172.791
    19         -6  (tbar)             -44    12    12    27    27     0   513    106.788    -62.403    280.096    352.158    173.965
    20          2  (u)                -44    13    13    28    28   514     0      5.688    -11.090    415.105    415.292      0.000
    21         21  (g)                -44    14    14    29    29   512   514     24.476    -24.462     11.593     36.495      0.000
    22         21  (g)                -44    15    15    30    30   513   515     -4.629      8.214     15.250     17.929      0.000
    23         21  (g)                -43    16     0    31    31   516   511     13.460    -19.170     60.922     65.270      0.000
    24          2  (u)                -42    33    33    16    16   516     0     -0.000     -0.000    914.413    914.413      0.000
    25         21  (g)                -41    34     0    32    17   517   515      0.000     -0.000   -257.516    257.516      0.000
    26          6  (t)                -44    18    18    35    35   511     0   -145.782    108.911   -119.020    277.735    172.791
    27         -6  (tbar)             -44    19    19    36    36     0   513    106.788    -62.403    280.096    352.158    173.965
    28          2  (u)                -44    20    20    37    37   514     0      5.688    -11.090    415.105    415.292      0.000
    29         21  (g)                -44    21    21    38    38   512   514     24.476    -24.462     11.593     36.495      0.000
    30         21  (g)                -44    22    22    39    39   513   515     -2.502     14.721      9.913     17.923      0.000
    31         21  (g)                -44    23    23    40    40   516   511     13.460    -19.170     60.922     65.270      0.000
    32         21  (g)                -43    25     0    41    41   517   512     -2.127     -6.507     -1.713      7.057      0.000
    33          2  (u)                -42    43    43    24    24   516     0     -0.000     -0.000    914.413    914.413      0.000
    34         21  (g)                -41    44     0    42    25   517   518      0.000      0.000   -312.376    312.376      0.000
    35          6  (t)                -44    26    26    45    45   511     0   -145.782    108.911   -119.020    277.735    172.791
    36         -6  (tbar)             -44    27    27    46    46     0   513    106.788    -62.403    280.096    352.158    173.965
    37          2  (u)                -44    28    28    47    47   514     0      5.688    -11.090    415.105    415.292      0.000
    38         21  (g)                -44    29    29    48    48   512   514     24.476    -24.462     11.593     36.495      0.000
    39         21  (g)                -44    30    30    49    49   513   515     -2.502     14.721      9.913     17.923      0.000
    40         21  (g)                -44    31    31    50    50   516   511     13.460    -19.170     60.922     65.270      0.000
    41         21  (g)                -44    32    32    51    51   517   512     -1.526    -13.019    -15.379     20.207      0.000
    42         21  (g)                -43    34     0    52    52   515   518     -0.601      6.512    -41.194     41.709      0.000
    43          2  (u)                -42    54     0    33    33   516     0     -0.000     -0.000    914.413    914.413      0.000
    44         21  (g)                -41    55    55    53    34   519   518     -0.000      0.000  -1885.679   1885.679      0.000
    45          6  (t)                -44    35    35    56    56   511     0   -145.782    108.911   -119.020    277.735    172.791
    46         -6  (tbar)             -44    36    36    57    57     0   513    106.788    -62.403    280.096    352.158    173.965
    47          2  (u)                -44    37    37    58    58   514     0      5.688    -11.090    415.105    415.292      0.000
    48         21  (g)                -44    38    38    59    59   512   514     24.476    -24.462     11.593     36.495      0.000
    49         21  (g)                -44    39    39    60    60   513   515     -2.502     14.721      9.913     17.923      0.000
    50         21  (g)                -44    40    40    61    61   516   511     13.460    -19.170     60.922     65.270      0.000
    51         21  (g)                -44    41    41    62    62   517   512     -1.526    -13.019    -15.379     20.207      0.000
    52         21  (g)                -44    42    42    63    63   515   518     -3.173      7.635    -66.329     66.842      0.000
    53         21  (g)                -43    44     0    64    64   519   517      2.571     -1.123  -1548.168   1548.170      0.000
    54          2  (u)                -41    66    66    65    43   520     0      0.000     -0.000   1140.892   1140.892      0.000
    55         21  (g)                -42    67    67    44    44   519   518     -0.000      0.000  -1885.679   1885.679      0.000
    56          6  (t)                -44    45    45    68    68   511     0   -145.782    108.911   -119.020    277.735    172.791
    57         -6  (tbar)             -44    46    46    69    69     0   513    106.788    -62.403    280.096    352.158    173.965
    58          2  (u)                -44    47    47    70    70   514     0      5.688    -11.090    415.105    415.292      0.000
    59         21  (g)                -44    48    48    71    71   512   514     24.476    -24.462     11.593     36.495      0.000
    60         21  (g)                -44    49    49    72    72   513   515     -2.502     14.721      9.913     17.923      0.000
    61         21  (g)                -44    50    50    73    73   516   511     11.086    -17.909     49.028     53.360      0.000
    62         21  (g)                -44    51    51    74    74   517   512     -1.526    -13.019    -15.379     20.207      0.000
    63         21  (g)                -44    52    52    75    75   515   518     -3.173      7.635    -66.329     66.842      0.000
    64         21  (g)                -44    53    53    76    76   519   517      2.571     -1.123  -1548.168   1548.170      0.000
    65         21  (g)                -43    54     0    77    77   520   516      2.374     -1.262    238.374    238.389      0.000
    66          2  (u)                -61     1     0    54    54   520     0     -0.640      0.245   1140.892   1140.892      0.000
    67         21  (g)                -61     2     0    55    55   519   518     -0.649     -0.560  -1885.679   1885.679      0.000
    68          6  (t)                -62    56    56    81    82   511     0   -145.895    108.869   -119.063    277.796    172.791
    69         -6  (tbar)             -62    57    57    83    84     0   513    106.598    -62.345    280.123    352.112    173.965
    70          2  (u)                -62    58    58   147   147   514     0      5.455    -11.001    415.109    415.290      0.000
    71         21  (g)                -62    59    59   148   148   512   514     24.458    -24.460     11.602     36.484      0.000
    72         21  (g)                -62    60    60    91    91   513   515     -2.511     14.723      9.909     17.923      0.000
    73         21  (g)                -62    61    61   119   119   516   511     11.056    -17.898     49.033     53.356      0.000
    74         21  (g)                -62    62    62   149   149   517   512     -1.533    -13.023    -15.376     20.208      0.000
    75         21  (g)                -62    63    63    90    90   515   518     -3.196      7.615    -66.331     66.843      0.000
    76         21  (g)                -62    64    64   150   150   519   517      2.039     -1.583  -1548.167   1548.169      0.000
    77         21  (g)                -62    65    65   120   120   520   516      2.240     -1.210    238.374    238.388      0.000
    78       2103  (ud_1)             -63     1     0   121   121     0   520      0.640     -0.245   5359.108   5359.108      0.771
    79       2101  (ud_0)             -63     2     0   151   151     0   519      0.288      0.153  -2896.508   2896.508      0.579
    80          2  (u)                -63     2     0    89    89   518     0      0.360      0.407  -1717.813   1717.813      0.330
    81          5  (b)                -23    68     0   118   118   511     0   -102.352     -4.015    -72.734    125.724      4.920
    82         24  (W+)               -22    68     0    85    86     0     0    -43.543    112.885    -46.329    152.072     79.627
    83         -5  (bbar)             -23    69     0    92    92     0   513     89.004     19.984    160.083    184.315      4.920
    84        -24  (W-)               -22    69     0    87    88     0     0     17.594    -82.329    120.040    167.798     81.601
    85        -13  mu+                 23    82     0     0     0     0     0     -4.461     31.388    -52.660     61.467      0.106
    86         14  nu_mu               23    82     0     0     0     0     0    -39.083     81.497      6.331     90.605      0.000
    87         11  e-                  23    84     0     0     0     0     0    -27.895    -22.521     66.447     75.502      0.001
    88        -12  nu_ebar             23    84     0     0     0     0     0     45.489    -59.808     53.593     92.296      0.000
    89          2  (u)                -71    80    80    93   117   518     0      0.360      0.407  -1717.813   1717.813      0.330
    90         21  (g)                -71    75    75    93   117   515   518     -3.196      7.615    -66.331     66.843      0.000
    91         21  (g)                -71    72    72    93   117   513   515     -2.511     14.723      9.909     17.923      0.000
    92         -5  (bbar)             -71    83    83    93   117     0   513     89.004     19.984    160.083    184.315      4.920
    93        211  pi+                 83    89    92     0     0     0     0      0.116      0.387   -401.995    401.995      0.140
    94       -211  pi-                 83    89    92     0     0     0     0     -0.109     -0.293   -264.907    264.907      0.140
    95        211  pi+                 83    89    92     0     0     0     0      0.665      0.574   -637.894    637.894      0.140
    96       -213  (rho-)             -83    89    92   182   183     0     0     -0.166      0.054   -214.985    214.987      0.712
    97        111  (pi0)              -83    89    92   230   231     0     0     -0.325     -0.460    -74.254     74.256      0.135
    98        211  pi+                 83    89    92     0     0     0     0      0.123      0.347    -89.109     89.110      0.140
    99        221  (eta)              -83    89    92   232   233     0     0     -0.208     -0.290    -17.101     17.113      0.548
   100        311  (K0)               -83    89    92   184   184     0     0     -0.415      1.041    -17.502     17.545      0.498
   101       -321  K-                  83    89    92     0     0     0     0      0.151      0.236     -4.597      4.632      0.494
   102        213  (rho+)             -83    89    92   185   186     0     0     -1.206      2.740    -28.158     28.329      0.824
   103       -211  pi-                 83    89    92     0     0     0     0      0.045     -0.090     -0.592      0.616      0.140
   104        111  (pi0)              -83    89    92   234   235     0     0     -1.299      3.425    -28.158     28.396      0.135
   105        211  pi+                 84    89    92     0     0     0     0     -0.215     -0.147     -1.276      1.310      0.140
   106       -211  pi-                 84    89    92     0     0     0     0      0.212      0.274     -0.437      0.575      0.140
   107        221  (eta)              -84    89    92   236   238     0     0     -0.171      0.048     -2.636      2.698      0.548
   108        111  (pi0)              -84    89    92   239   240     0     0     -0.078      1.219      0.266      1.257      0.135
   109        111  (pi0)              -84    89    92   241   242     0     0     -0.234      0.612      0.007      0.670      0.135
   110        211  pi+                 84    89    92     0     0     0     0     -0.667      1.616      1.789      2.505      0.140
   111        311  (K0)               -84    89    92   187   187     0     0     -0.509      4.274      2.611      5.059      0.498
   112       3114  (Sigma*-)          -84    89    92   188   189     0     0     -0.707      5.349      4.029      6.878      1.402
   113        211  pi+                 84    89    92     0     0     0     0      0.380      0.415     -0.078      0.585      0.140
   114      -2112  nbar0               84    89    92     0     0     0     0      0.186      0.539      1.216      1.639      0.940
   115        223  (omega)            -84    89    92   243   245     0     0      0.670      0.893      1.828      2.280      0.783
   116       -213  (rho-)             -84    89    92   190   191     0     0      2.567      0.377      3.897      4.762      0.874
   117        523  (B*+)              -84    89    92   246   247     0     0     84.852     19.586    153.884    176.896      5.325
   118          5  (b)                -71    81    81   122   146   511     0   -102.352     -4.015    -72.734    125.724      4.920
   119         21  (g)                -71    73    73   122   146   516   511     11.056    -17.898     49.033     53.356      0.000
   120         21  (g)                -71    77    77   122   146   520   516      2.240     -1.210    238.374    238.388      0.000
   121       2103  (ud_1)             -71    78    78   122   146     0   520      0.640     -0.245   5359.108   5359.108      0.771
   122       -511  (Bbar0)            -83   118   121   248   250     0     0    -90.353     -3.541    -64.599    111.252      5.280
   123        311  (K0)               -83   118   121   192   192     0     0     -2.770     -0.696     -1.195      3.136      0.498
   124       -313  (K*bar0)           -83   118   121   193   194     0     0     -4.717      0.376     -3.648      6.077      1.112
   125        311  (K0)               -83   118   121   195   195     0     0     -1.897     -0.372     -1.245      2.353      0.498
   126       -311  (Kbar0)            -83   118   121   196   196     0     0     -0.933      0.199     -0.073      1.078      0.498
   127       -211  pi-                 83   118   121     0     0     0     0     -0.827      0.066     -0.936      1.259      0.140
   128        223  (omega)            -83   118   121   251   253     0     0     -0.453     -0.508      0.383      1.115      0.796
   129        111  (pi0)              -83   118   121   254   255     0     0     -0.045      0.033     -0.193      0.242      0.135
   130       2212  p+                  83   118   121     0     0     0     0      0.214     -0.474      1.128      1.556      0.938
   131      -2212  pbar-               84   118   121     0     0     0     0      1.527     -2.087      5.202      5.884      0.938
   132        221  (eta)              -84   118   121   256   257     0     0      1.543     -3.124     10.210     10.802      0.548
   133        221  (eta)              -84   118   121   258   259     0     0      1.447     -2.300      6.216      6.806      0.548
   134        211  pi+                 84   118   121     0     0     0     0      0.991     -0.861      1.804      2.235      0.140
   135        311  (K0)               -84   118   121   197   197     0     0      2.491     -4.693     13.224     14.260      0.498
   136       -321  K-                  84   118   121     0     0     0     0      1.538     -2.176      5.451      6.088      0.494
   137        213  (rho+)             -84   118   121   198   199     0     0      0.689     -1.204      6.777      6.982      0.947
   138        111  (pi0)              -84   118   121   260   261     0     0     -0.161     -0.025      0.809      0.836      0.135
   139       2112  n0                  84   118   121     0     0     0     0      0.164     -0.349      5.195      5.293      0.940
   140        113  (rho0)             -84   118   121   200   201     0     0      0.627     -0.072     22.087     22.112      0.856
   141      -2214  (Deltabar-)        -84   118   121   202   203     0     0      0.562     -0.466    101.283    101.293      1.200
   142        113  (rho0)             -84   118   121   204   205     0     0     -0.044     -0.080     65.791     65.797      0.818
   143        223  (omega)            -84   118   121   262   264     0     0      0.816     -0.573    161.863    161.868      0.786
   144        113  (rho0)             -84   118   121   206   207     0     0     -0.174     -0.476    909.150    909.151      1.276
   145        211  pi+                 84   118   121     0     0     0     0      0.850      0.423    290.742    290.743      0.140
   146       2114  (Delta0)           -84   118   121   208   209     0     0      0.500     -0.390   4038.354   4038.355      1.274
   147          2  (u)                -71    70    70   152   181   514     0      5.455    -11.001    415.109    415.290      0.000
   148         21  (g)                -71    71    71   152   181   512   514     24.458    -24.460     11.602     36.484      0.000
   149         21  (g)                -71    74    74   152   181   517   512     -1.533    -13.023    -15.376     20.208      0.000
   150         21  (g)                -71    76    76   152   181   519   517      2.039     -1.583  -1548.167   1548.169      0.000
   151       2101  (ud_0)             -71    79    79   152   181     0   519      0.288      0.153  -2896.508   2896.508      0.579
   152        213  (rho+)             -83   147   151   210   211     0     0      1.532     -3.798    151.699    151.758      1.056
   153       2112  n0                  83   147   151     0     0     0     0      1.608     -1.879     68.940     68.991      0.940
   154       -211  pi-                 83   147   151     0     0     0     0      0.809     -0.738     35.638     35.655      0.140
   155      -2114  (Deltabar0)        -83   147   151   212   213     0     0      0.875     -3.511    105.671    105.740      1.172
   156        111  (pi0)              -83   147   151   265   266     0     0      0.400     -0.493     34.882     34.888      0.135
   157        111  (pi0)              -83   147   151   267   268     0     0      0.282     -0.501      4.463      4.501      0.135
   158        211  pi+                 83   147   151     0     0     0     0     -0.164      0.033      2.210      2.221      0.140
   159        113  (rho0)             -83   147   151   214   215     0     0      0.313      0.099     10.305     10.342      0.804
   160       3212  (Sigma0)           -83   147   151   269   270     0     0      0.812     -1.185      1.689      2.518      1.193
   161      -3322  Xibar0              83   147   151     0     0     0     0      8.441     -8.950      3.970     12.994      1.315
   162       -313  (K*bar0)           -83   147   151   216   217     0     0      2.591     -2.302      1.444      3.916      1.110
   163       2112  n0                  83   147   151     0     0     0     0     11.221    -10.351      4.990     16.088      0.940
   164      -2112  nbar0               83   147   151     0     0     0     0      0.650     -2.081     -0.082      2.376      0.940
   165        313  (K*0)              -83   147   151   218   219     0     0      0.470     -1.125     -0.411      1.560      0.883
   166       -321  K-                  83   147   151     0     0     0     0     -0.487     -2.772     -3.688      4.666      0.494
   167        331  (eta')             -83   147   151   271   273     0     0     -0.723     -1.807     -2.320      3.176      0.958
   168        211  pi+                 83   147   151     0     0     0     0      0.041     -3.144     -4.191      5.241      0.140
   169       -213  (rho-)             -83   147   151   220   221     0     0     -0.147     -2.006     -3.141      3.899      1.138
   170       2212  p+                  83   147   151     0     0     0     0     -0.145     -1.320     -2.470      2.957      0.938
   171        213  (rho+)             -83   147   151   222   223     0     0     -0.052     -0.105     -2.020      2.141      0.701
   172      -2224  (Deltabar--)       -83   147   151   224   225     0     0      0.283     -0.997    -13.960     14.053      1.237
   173        111  (pi0)              -84   147   151   274   275     0     0     -0.254      0.347    -27.462     27.466      0.135
   174        211  pi+                 84   147   151     0     0     0     0      0.119     -0.102    -15.281     15.282      0.140
   175       -213  (rho-)             -84   147   151   226   227     0     0     -0.082      0.211    -54.664     54.670      0.750
   176       2212  p+                  84   147   151     0     0     0     0      0.338     -0.023   -163.156    163.159      0.938
   177      -2112  nbar0               84   147   151     0     0     0     0      0.259     -0.134   -145.412    145.415      0.940
   178       -213  (rho-)             -84   147   151   228   229     0     0      0.348     -0.527   -462.041    462.042      0.823
   179        221  (eta)              -84   147   151   276   278     0     0      0.104     -0.199   -246.841    246.842      0.548
   180        111  (pi0)              -84   147   151   279   280     0     0      0.952     -0.431   -586.735    586.736      0.135
   181       2212  p+                  84   147   151     0     0     0     0      0.313     -0.124  -2725.367   2725.367      0.938
   182       -211  pi-                 91    96     0     0     0     0     0     -0.069      0.355   -108.413    108.414      0.140
   183        111  (pi0)              -91    96     0   281   282     0     0     -0.097     -0.301   -106.572    106.573      0.135
   184        310  K_S0                91   100   100     0     0     0     0     -0.415      1.041    -17.502     17.545      0.498
   185        211  pi+                 91   102     0     0     0     0     0     -0.022      0.840     -6.769      6.822      0.140
   186        111  (pi0)              -91   102     0   283   284     0     0     -1.185      1.900    -21.390     21.507      0.135
   187        310  (K_S0)             -91   111   111   285   286     0     0     -0.509      4.274      2.611      5.059      0.498
   188       3122  Lambda0             91   112     0     0     0     0     0     -0.555      3.549      2.791      4.684      1.116
   189       -211  pi-                 91   112     0     0     0     0     0     -0.152      1.800      1.238      2.195      0.140
   190       -211  pi-                 91   116     0     0     0     0     0      0.802     -0.053      0.665      1.052      0.140
   191        111  (pi0)              -91   116     0   287   288     0     0      1.765      0.430      3.232      3.710      0.135
   192        310  K_S0                91   123   123     0     0     0     0     -2.770     -0.696     -1.195      3.136      0.498
   193       -321  K-                  91   124     0     0     0     0     0     -1.974      0.324     -1.124      2.347      0.494
   194        211  pi+                 91   124     0     0     0     0     0     -2.743      0.052     -2.524      3.730      0.140
   195        130  K_L0                91   125   125     0     0     0     0     -1.897     -0.372     -1.245      2.353      0.498
   196        130  K_L0                91   126   126     0     0     0     0     -0.933      0.199     -0.073      1.078      0.498
   197        310  K_S0                91   135   135     0     0     0     0      2.491     -4.693     13.224     14.260      0.498
   198        211  pi+                 91   137     0     0     0     0     0      0.658     -0.342      2.300      2.421      0.140
   199        111  (pi0)              -91   137     0   289   290     0     0      0.031     -0.863      4.477      4.561      0.135
   200        211  pi+                 91   140     0     0     0     0     0      0.678      0.173     18.661     18.675      0.140
   201       -211  pi-                 91   140     0     0     0     0     0     -0.052     -0.245      3.426      3.438      0.140
   202      -2112  nbar0               91   141     0     0     0     0     0      0.393     -0.560     80.734     80.743      0.940
   203       -211  pi-                 91   141     0     0     0     0     0      0.169      0.093     20.549     20.550      0.140
   204        211  pi+                 91   142     0     0     0     0     0     -0.156     -0.373     47.498     47.500      0.140
   205       -211  pi-                 91   142     0     0     0     0     0      0.112      0.293     18.293     18.296      0.140
   206        211  pi+                 91   144     0     0     0     0     0      0.004      0.200     39.992     39.993      0.140
   207       -211  pi-                 91   144     0     0     0     0     0     -0.178     -0.677    869.158    869.158      0.140
   208       2212  p+                  91   146     0     0     0     0     0      0.391     -0.434   2550.308   2550.309      0.938
   209       -211  pi-                 91   146     0     0     0     0     0      0.108      0.044   1488.046   1488.046      0.140
   210        211  pi+                 91   152     0     0     0     0     0      0.113     -1.531     50.610     50.633      0.140
   211        111  (pi0)              -91   152     0   291   292     0     0      1.420     -2.266    101.089    101.125      0.135
   212      -2212  pbar-               91   155     0     0     0     0     0      0.559     -2.430     71.758     71.807      0.938
   213        211  pi+                 91   155     0     0     0     0     0      0.316     -1.081     33.914     33.933      0.140
   214        211  pi+                 91   159     0     0     0     0     0      0.086      0.149      0.732      0.765      0.140
   215       -211  pi-                 91   159     0     0     0     0     0      0.227     -0.050      9.573      9.577      0.140
   216       -321  K-                  91   162     0     0     0     0     0      1.430     -1.365      0.368      2.071      0.494
   217        211  pi+                 91   162     0     0     0     0     0      1.161     -0.938      1.076      1.845      0.140
   218        321  K+                  91   165     0     0     0     0     0      0.213     -1.067     -0.407      1.263      0.494
   219       -211  pi-                 91   165     0     0     0     0     0      0.257     -0.058     -0.003      0.298      0.140
   220       -211  pi-                 91   169     0     0     0     0     0      0.428     -0.488     -0.697      0.962      0.140
   221        111  (pi0)              -91   169     0   293   294     0     0     -0.574     -1.518     -2.444      2.937      0.135
   222        211  pi+                 91   171     0     0     0     0     0      0.191      0.184     -0.695      0.757      0.140
   223        111  (pi0)              -91   171     0   295   296     0     0     -0.243     -0.290     -1.325      1.385      0.135
   224      -2212  pbar-               91   172     0     0     0     0     0      0.270     -0.785    -12.987     13.047      0.938
   225       -211  pi-                 91   172     0     0     0     0     0      0.013     -0.212     -0.973      1.006      0.140
   226       -211  pi-                 91   175     0     0     0     0     0     -0.033      0.238    -52.474     52.475      0.140
   227        111  (pi0)              -91   175     0   297   298     0     0     -0.049     -0.028     -2.190      2.195      0.135
   228       -211  pi-                 91   178     0     0     0     0     0      0.174     -0.133    -36.457     36.458      0.140
   229        111  (pi0)              -91   178     0   299   300     0     0      0.174     -0.394   -425.584    425.584      0.135
   230         22  gamma               91    97     0     0     0     0     0     -0.035     -0.057     -4.524      4.524      0.000
   231         22  gamma               91    97     0     0     0     0     0     -0.290     -0.403    -69.730     69.732      0.000
   232         22  gamma               91    99     0     0     0     0     0      0.140      0.036     -6.726      6.728      0.000
   233         22  gamma               91    99     0     0     0     0     0     -0.348     -0.325    -10.375     10.386      0.000
   234         22  gamma               91   104     0     0     0     0     0     -1.287      3.332    -27.430     27.661      0.000
   235         22  gamma               91   104     0     0     0     0     0     -0.013      0.093     -0.729      0.735      0.000
   236        211  pi+                 91   107     0     0     0     0     0      0.002     -0.053     -1.282      1.291      0.140
   237       -211  pi-                 91   107     0     0     0     0     0     -0.036     -0.014     -0.741      0.755      0.140
   238        111  (pi0)              -91   107     0   301   302     0     0     -0.136      0.115     -0.613      0.652      0.135
   239         22  gamma               91   108     0     0     0     0     0     -0.080      1.140      0.214      1.163      0.000
   240         22  gamma               91   108     0     0     0     0     0      0.001      0.078      0.052      0.094      0.000
   241         22  gamma               91   109     0     0     0     0     0     -0.147      0.201     -0.001      0.249      0.000
   242         22  gamma               91   109     0     0     0     0     0     -0.088      0.412      0.008      0.421      0.000
   243        211  pi+                 91   115     0     0     0     0     0      0.255      0.144      0.449      0.554      0.140
   244       -211  pi-                 91   115     0     0     0     0     0      0.189      0.347      0.224      0.475      0.140
   245        111  (pi0)              -91   115     0   303   304     0     0      0.226      0.402      1.156      1.252      0.135
   246        521  (B+)               -91   117     0   305   307     0     0     84.105     19.400    152.611    175.408      5.279
   247         22  gamma               91   117     0     0     0     0     0      0.747      0.187      1.273      1.488      0.000
   248        -12  nu_ebar             91   122     0     0     0     0     0     -0.980     -0.234     -0.425      1.093      0.000
   249         11  e-                  91   122     0     0     0     0     0    -27.017     -0.328    -21.207     34.348      0.001
   250        413  (D*+)              -91   122     0   308   309     0     0    -62.356     -2.979    -42.967     75.811      2.010
   251        211  pi+                 91   128     0     0     0     0     0     -0.102      0.024      0.332      0.375      0.140
   252       -211  pi-                 91   128     0     0     0     0     0     -0.084     -0.343     -0.014      0.380      0.140
   253        111  (pi0)              -91   128     0   310   311     0     0     -0.267     -0.189      0.065      0.360      0.135
   254         22  gamma               91   129     0     0     0     0     0     -0.091      0.032     -0.151      0.180      0.000
   255         22  gamma               91   129     0     0     0     0     0      0.046      0.000     -0.042      0.062      0.000
   256         22  gamma               91   132     0     0     0     0     0      1.400     -2.609      8.062      8.589      0.000
   257         22  gamma               91   132     0     0     0     0     0      0.143     -0.515      2.148      2.213      0.000
   258         22  gamma               91   133     0     0     0     0     0      1.122     -2.043      4.895      5.421      0.000
   259         22  gamma               91   133     0     0     0     0     0      0.325     -0.257      1.322      1.385      0.000
   260         22  gamma               91   138     0     0     0     0     0     -0.182     -0.016      0.640      0.666      0.000
   261         22  gamma               91   138     0     0     0     0     0      0.021     -0.010      0.169      0.171      0.000
   262        211  pi+                 91   143     0     0     0     0     0      0.235      0.037     29.229     29.230      0.140
   263       -211  pi-                 91   143     0     0     0     0     0      0.332     -0.603     90.895     90.898      0.140
   264        111  (pi0)              -91   143     0   312   313     0     0      0.250     -0.007     41.739     41.740      0.135
   265         22  gamma               91   156     0     0     0     0     0      0.180     -0.267     14.328     14.332      0.000
   266         22  gamma               91   156     0     0     0     0     0      0.219     -0.226     20.554     20.556      0.000
   267         22  gamma               91   157     0     0     0     0     0      0.089     -0.071      0.649      0.659      0.000
   268         22  gamma               91   157     0     0     0     0     0      0.194     -0.430      3.813      3.842      0.000
   269       3122  Lambda0             91   160     0     0     0     0     0      0.697     -1.075      1.467      2.245      1.116
   270         22  gamma               91   160     0     0     0     0     0      0.114     -0.110      0.222      0.273      0.000
   271        211  pi+                 91   167     0     0     0     0     0      0.014     -0.223     -0.236      0.354      0.140
   272       -211  pi-                 91   167     0     0     0     0     0     -0.296     -0.670     -0.915      1.180      0.140
   273        221  (eta)              -91   167     0   314   316     0     0     -0.441     -0.913     -1.169      1.641      0.548
   274         22  gamma               91   173     0     0     0     0     0     -0.241      0.353    -27.115     27.118      0.000
   275         22  gamma               91   173     0     0     0     0     0     -0.014     -0.006     -0.347      0.348      0.000
   276        111  (pi0)              -91   179     0   317   318     0     0      0.015     -0.170    -57.893     57.893      0.135
   277        111  (pi0)              -91   179     0   319   320     0     0      0.034     -0.050   -140.419    140.419      0.135
   278        111  (pi0)              -91   179     0   321   322     0     0      0.055      0.021    -48.530     48.530      0.135
   279         22  gamma               91   180     0     0     0     0     0      0.754     -0.397   -466.853    466.854      0.000
   280         22  gamma               91   180     0     0     0     0     0      0.198     -0.034   -119.882    119.882      0.000
   281         22  gamma               91   183     0     0     0     0     0     -0.021     -0.036    -34.960     34.960      0.000
   282         22  gamma               91   183     0     0     0     0     0     -0.076     -0.265    -71.612     71.613      0.000
   283         22  gamma               91   186     0     0     0     0     0     -0.153      0.315     -3.043      3.064      0.000
   284         22  gamma               91   186     0     0     0     0     0     -1.031      1.585    -18.346     18.443      0.000
   285        111  (pi0)              -91   187     0   323   324     0     0     -0.215      1.816      1.352      2.278      0.135
   286        111  (pi0)              -91   187     0   325   326     0     0     -0.293      2.458      1.259      2.781      0.135
   287         22  gamma               91   191     0     0     0     0     0      1.537      0.363      2.894      3.297      0.000
   288         22  gamma               91   191     0     0     0     0     0      0.227      0.067      0.338      0.413      0.000
   289         22  gamma               91   199     0     0     0     0     0     -0.020     -0.748      3.820      3.893      0.000
   290         22  gamma               91   199     0     0     0     0     0      0.051     -0.114      0.657      0.669      0.000
   291         22  gamma               91   211     0     0     0     0     0      0.366     -0.603     24.511     24.521      0.000
   292         22  gamma               91   211     0     0     0     0     0      1.054     -1.663     76.579     76.604      0.000
   293         22  gamma               91   221     0     0     0     0     0     -0.171     -0.624     -0.926      1.130      0.000
   294         22  gamma               91   221     0     0     0     0     0     -0.403     -0.894     -1.518      1.807      0.000
   295         22  gamma               91   223     0     0     0     0     0     -0.104     -0.035     -0.305      0.324      0.000
   296         22  gamma               91   223     0     0     0     0     0     -0.139     -0.254     -1.020      1.060      0.000
   297         22  gamma               91   227     0     0     0     0     0     -0.064     -0.019     -0.458      0.463      0.000
   298         22  gamma               91   227     0     0     0     0     0      0.015     -0.009     -1.732      1.732      0.000
   299         22  gamma               91   229     0     0     0     0     0      0.071     -0.100   -179.479    179.479      0.000
   300         22  gamma               91   229     0     0     0     0     0      0.103     -0.294   -246.105    246.105      0.000
   301         22  gamma               91   238     0     0     0     0     0     -0.043      0.062     -0.457      0.463      0.000
   302         22  gamma               91   238     0     0     0     0     0     -0.093      0.053     -0.156      0.189      0.000
   303         22  gamma               91   245     0     0     0     0     0      0.106      0.296      0.855      0.911      0.000
   304         22  gamma               91   245     0     0     0     0     0      0.120      0.106      0.301      0.341      0.000
   305       -411  (D-)               -91   246     0   327   328     0     0     23.073      4.309     41.649     47.844      1.870
   306        411  (D+)               -91   246     0   329   331     0     0     41.203     10.262     73.831     85.191      1.870
   307        321  K+                  91   246     0     0     0     0     0     19.829      4.828     37.132     42.373      0.494
   308        411  (D+)               -91   250     0   332   334     0     0    -58.388     -2.758    -40.253     70.997      1.870
   309        111  (pi0)              -91   250     0   335   336     0     0     -3.968     -0.221     -2.714      4.814      0.135
   310         22  gamma               91   253     0     0     0     0     0     -0.107     -0.042     -0.035      0.120      0.000
   311         22  gamma               91   253     0     0     0     0     0     -0.159     -0.147      0.100      0.239      0.000
   312         22  gamma               91   264     0     0     0     0     0      0.125     -0.070     19.048     19.048      0.000
   313         22  gamma               91   264     0     0     0     0     0      0.125      0.062     22.691     22.692      0.000
   314        111  (pi0)              -91   273     0   337   338     0     0     -0.179     -0.267     -0.340      0.487      0.135
   315        111  (pi0)              -91   273     0   339   340     0     0     -0.224     -0.345     -0.288      0.520      0.135
   316        111  (pi0)              -91   273     0   341   342     0     0     -0.038     -0.301     -0.541      0.634      0.135
   317         22  gamma               91   276     0     0     0     0     0      0.014     -0.116    -18.283     18.283      0.000
   318         22  gamma               91   276     0     0     0     0     0      0.001     -0.054    -39.610     39.610      0.000
   319         22  gamma               91   277     0     0     0     0     0     -0.049      0.000    -55.066     55.066      0.000
   320         22  gamma               91   277     0     0     0     0     0      0.084     -0.050    -85.353     85.353      0.000
   321         22  gamma               91   278     0     0     0     0     0      0.065     -0.046    -24.408     24.408      0.000
   322         22  gamma               91   278     0     0     0     0     0     -0.010      0.067    -24.122     24.122      0.000
   323         22  gamma               91   285     0     0     0     0     0     -0.081      1.198      0.857      1.475      0.000
   324         22  gamma               91   285     0     0     0     0     0     -0.134      0.619      0.495      0.803      0.000
   325         22  gamma               91   286     0     0     0     0     0     -0.155      0.875      0.407      0.977      0.000
   326         22  gamma               91   286     0     0     0     0     0     -0.138      1.583      0.852      1.803      0.000
   327     -20213  (a_1(1260)-)       -91   305     0   343   344     0     0     12.772      2.621     23.705     27.078      1.161
   328       -311  (Kbar0)            -91   305     0   345   345     0     0     10.302      1.688     17.944     20.766      0.498
   329        311  (K0)               -91   306     0   346   346     0     0      6.392      1.637     11.140     12.956      0.498
   330        221  (eta)              -91   306     0   347   349     0     0     15.295      4.210     27.712     31.937      0.548
   331        211  pi+                 91   306     0     0     0     0     0     19.516      4.415     34.979     40.298      0.140
   332        311  (K0)               -91   308     0   350   350     0     0    -20.601     -0.726    -14.613     25.273      0.498
   333        211  pi+                 91   308     0     0     0     0     0     -9.742     -0.858     -6.835     11.932      0.140
   334        113  (rho0)             -91   308     0   351   352     0     0    -28.045     -1.173    -18.805     33.792      0.599
   335         22  gamma               91   309     0     0     0     0     0     -0.595      0.008     -0.377      0.705      0.000
   336         22  gamma               91   309     0     0     0     0     0     -3.373     -0.229     -2.337      4.110      0.000
   337         22  gamma               91   314     0     0     0     0     0     -0.060     -0.006     -0.042      0.073      0.000
   338         22  gamma               91   314     0     0     0     0     0     -0.119     -0.261     -0.298      0.414      0.000
   339         22  gamma               91   315     0     0     0     0     0     -0.015     -0.117     -0.044      0.126      0.000
   340         22  gamma               91   315     0     0     0     0     0     -0.209     -0.228     -0.244      0.394      0.000
   341         22  gamma               91   316     0     0     0     0     0     -0.047     -0.057     -0.059      0.094      0.000
   342         22  gamma               91   316     0     0     0     0     0      0.008     -0.243     -0.482      0.540      0.000
   343       -211  pi-                 91   327     0     0     0     0     0      3.004      0.873      6.032      6.796      0.140
   344        113  (rho0)             -91   327     0   353   354     0     0      9.768      1.748     17.673     20.282      0.761
   345        130  K_L0                91   328   328     0     0     0     0     10.302      1.688     17.944     20.766      0.498
   346        310  (K_S0)             -91   329   329   355   356     0     0      6.392      1.637     11.140     12.956      0.498
   347        211  pi+                 91   330     0     0     0     0     0      5.896      1.783     10.880     12.504      0.140
   348       -211  pi-                 91   330     0     0     0     0     0      5.537      1.402      9.944     11.468      0.140
   349        111  (pi0)              -91   330     0   357   358     0     0      3.862      1.025      6.888      7.965      0.135
   350        310  K_S0                91   332   332     0     0     0     0    -20.601     -0.726    -14.613     25.273      0.498
   351        211  pi+                 91   334     0     0     0     0     0    -24.975     -0.920    -16.740     30.081      0.140
   352       -211  pi-                 91   334     0     0     0     0     0     -3.070     -0.253     -2.065      3.711      0.140
   353        211  pi+                 91   344     0     0     0     0     0      8.502      1.329     15.063     17.348      0.140
   354       -211  pi-                 91   344     0     0     0     0     0      1.266      0.419      2.610      2.934      0.140
   355        211  pi+                 91   346     0     0     0     0     0      3.719      0.743      6.376      7.420      0.140
   356       -211  pi-                 91   346     0     0     0     0     0      2.673      0.894      4.764      5.537      0.140
   357         22  gamma               91   349     0     0     0     0     0      2.579      0.709      4.727      5.431      0.000
   358         22  gamma               91   349     0     0     0     0     0      1.283      0.316      2.162      2.534      0.000
                                   Charge sum:  2.000           Momentum sum:      0.000      0.000     -0.000  13000.000  13000.000

 --------  End PYTHIA Event Listing  -----------------------------------------------------------------------------------------------
#--------------------------------------------------------------------------
#                     FastJet release 3.4.0 [fjcore]
#                 M. Cacciari, G.P. Salam and G. Soyez                  
#     A software package for jet finding and analysis at colliders      
#                           http://fastjet.fr                           
#	                                                                      
# Please cite EPJC72(2012)1896 [arXiv:1111.6097] if you use this package
# for scientific work and optionally PLB641(2006)57 [hep-ph/0512210].   
#                                                                       
# FastJet is provided without warranty under the GNU GPL v2 or higher.  
# It uses T. Chan's closest pair algorithm, S. Fortune's Voronoi code
# and 3rd party plugin jet algorithms. See COPYING file for details.
#--------------------------------------------------------------------------
 PYTHIA Warning in SimpleSpaceShower::pT2nextQCD: weight above unity  
 PYTHIA Error in SimpleSpaceShower::pT2nearThreshold: stuck in loop  
 PYTHIA Warning in StringFragmentation::fragmentToJunction: bad convergence junction rest frame  
 PYTHIA Warning in SimpleSpaceShower::pT2nextQCD: small daughter PDF  
 PYTHIA Error in StringFragmentation::fragmentToJunction: caught in junction flavour loop  
 PYTHIA Error in Pythia::next: hadronLevel failed; try again  
 PYTHIA Error in StringFragmentation::fragment: stuck in joining  
 PYTHIA Error in BeamRemnants::setKinematics: kinematics construction failed  
 PYTHIA Warning in Pythia::check: not quite matched particle energy/momentum/mass  

 Pythia::next(): 1000 events have been generated 
 PYTHIA Warning in ColConfig::collect: negative-energy parton encountered  
 PYTHIA Error in Pythia::check: unmatched particle energy/momentum/mass  
 PYTHIA Error in Pythia::next: check of event revealed problems  

 Pythia::next(): 2000 events have been generated 

 Pythia::next(): 3000 events have been generated 

 Pythia::next(): 4000 events have been generated 

 Pythia::next(): 5000 events have been generated 

 Pythia::next(): 6000 events have been generated 

 Pythia::next(): 7000 events have been generated 

 Pythia::next(): 8000 events have been generated 

 Pythia::next(): 9000 events have been generated 
 PYTHIA Warning in TauDecays::decay: unknown correlated tau production, assuming from unpolarized photon  

 *-------  PYTHIA Event and Cross Section Statistics  -------------------------------------------------------------*
 |                                                                                                                 |
 | Subprocess                                    Code |            Number of events       |      sigma +- delta    |
 |                                                    |       Tried   Selected   Accepted |     (estimated) (mb)   |
 |                                                    |                                   |                        |
 |-----------------------------------------------------------------------------------------------------------------|
 |                                                    |                                   |                        |
 | Les Houches User Process(es)                  9999 |       10000      10000      10000 |   8.222e-08  0.000e+00 |
 |    ... whereof user classification code     322200 |       10000      10000      10000 |                        | 
 |                                                    |                                   |                        |
 | sum                                                |       10000      10000      10000 |   8.222e-08  0.000e+00 |
 |                                                                                                                 |
 *-------  End PYTHIA Event and Cross Section Statistics ----------------------------------------------------------*

 *-------  PYTHIA Error and Warning Messages Statistics  ----------------------------------------------------------* 
 |                                                                                                                 | 
 |  times   message                                                                                                | 
 |                                                                                                                 | 
 |      6   Error in BeamRemnants::setKinematics: kinematics construction failed                                   | 
 |     29   Error in Pythia::check: unmatched particle energy/momentum/mass                                        | 
 |      4   Error in Pythia::next: check of event revealed problems                                                | 
 |      8   Error in Pythia::next: hadronLevel failed; try again                                                   | 
 |      5   Error in SimpleSpaceShower::pT2nearThreshold: stuck in loop                                            | 
 |      6   Error in StringFragmentation::fragment: stuck in joining                                               | 
 |      2   Error in StringFragmentation::fragmentToJunction: caught in junction flavour loop                      | 
 |      6   Warning in ColConfig::collect: negative-energy parton encountered                                      | 
 |      2   Warning in Pythia::check: not quite matched particle energy/momentum/mass                              | 
 |   2015   Warning in SimpleSpaceShower::pT2nextQCD: small daughter PDF                                           | 
 |   4397   Warning in SimpleSpaceShower::pT2nextQCD: weight above unity                                           | 
 |     36   Warning in StringFragmentation::fragmentToJunction: bad convergence junction rest frame                | 
 |      1   Warning in TauDecays::decay: unknown correlated tau production, assuming from unpolarized photon       | 
 |      2   Warning in TimeShower::init: pTmin too low                                                             | 
 |                                                                                                                 | 
 *-------  End PYTHIA Error and Warning Messages Statistics  ------------------------------------------------------* 
Using LHE File: /nfs/dust/cms/user/amoroso/powheg/POWHEG-BOX-V2/ttJ_MiNNLOPS_v1.0_beta1/decay-ll/pwgevents-0880.lhe
less then 10000 events in LHE, using all LHE events
np.shape(P0) = (10000, 3, 9)
np.shape(nJets) = (10000, 2)
np.shape(jets_4vectors) = (10000, 20, 6)
